WARNING: the default behaviour of PostFitShapesFromWorkspace is to use the covariance matrix sampling method for the post-fit uncertainty. The option --sampling is deprecated and will be removed in future versions of CombineHarvester
[SetFlag] Changing value of flag "workspaces-use-clone" from 0 to 1
[#1] INFO:ObjectHandling -- RooWorkspace::import(w) importing dataset ch1
[#1] INFO:ObjectHandling -- RooWorkspace::import(w) importing dataset ch2
[#1] INFO:ObjectHandling -- RooWorkspace::import(w) importing dataset ch3
[#1] INFO:ObjectHandling -- RooWorkspace::import(w) importing dataset ch4
[SetFlag] Changing value of flag "workspaces-use-clone" from 0 to 1
>> Doing prefit: TotalBkg
>> Doing prefit: TotalSig
>> Doing prefit: TotalProcs
>> Doing prefit: ch1,Convs
>> Doing prefit: ch1,Rares
>> Doing prefit: ch1,TTW_max_eta_bin0
>> Doing prefit: ch1,TTW_max_eta_bin1
>> Doing prefit: ch1,TTW_max_eta_bin2
>> Doing prefit: ch1,TTW_max_eta_bin3
>> Doing prefit: ch1,TTW_ooa
>> Doing prefit: ch1,TTZ
>> Doing prefit: ch1,VVV
>> Doing prefit: ch1,WZ
>> Doing prefit: ch1,ZZ
>> Doing prefit: ch1,data_fakes
>> Doing prefit: ch1,data_flips
>> Doing prefit: ch1,tHW
>> Doing prefit: ch1,tHq
>> Doing prefit: ch1,tZq
>> Doing prefit: ch1,ttH
>> Doing prefit: ch1,ttVV
>> Doing prefit: ch1,TotalBkg
>> Doing prefit: ch1,TotalSig
>> Doing prefit: ch1,TotalProcs
>> Doing prefit: ch2,Convs
>> Doing prefit: ch2,Rares
>> Doing prefit: ch2,TTW_max_eta_bin0
>> Doing prefit: ch2,TTW_max_eta_bin1
>> Doing prefit: ch2,TTW_max_eta_bin2
>> Doing prefit: ch2,TTW_max_eta_bin3
>> Doing prefit: ch2,TTW_ooa
>> Doing prefit: ch2,TTZ
>> Doing prefit: ch2,VVV
>> Doing prefit: ch2,WZ
>> Doing prefit: ch2,ZZ
>> Doing prefit: ch2,data_fakes
>> Doing prefit: ch2,data_flips
>> Doing prefit: ch2,tHW
>> Doing prefit: ch2,tHq
>> Doing prefit: ch2,tZq
>> Doing prefit: ch2,ttH
>> Doing prefit: ch2,ttVV
>> Doing prefit: ch2,TotalBkg
>> Doing prefit: ch2,TotalSig
>> Doing prefit: ch2,TotalProcs
>> Doing prefit: ch3,Convs
>> Doing prefit: ch3,Rares
>> Doing prefit: ch3,TTW_max_eta_bin0
>> Doing prefit: ch3,TTW_max_eta_bin1
>> Doing prefit: ch3,TTW_max_eta_bin2
>> Doing prefit: ch3,TTW_max_eta_bin3
>> Doing prefit: ch3,TTW_ooa
>> Doing prefit: ch3,TTZ
>> Doing prefit: ch3,VVV
>> Doing prefit: ch3,WZ
>> Doing prefit: ch3,ZZ
>> Doing prefit: ch3,data_fakes
>> Doing prefit: ch3,data_flips
>> Doing prefit: ch3,tHW
>> Doing prefit: ch3,tHq
>> Doing prefit: ch3,tZq
>> Doing prefit: ch3,ttH
>> Doing prefit: ch3,ttVV
>> Doing prefit: ch3,TotalBkg
>> Doing prefit: ch3,TotalSig
>> Doing prefit: ch3,TotalProcs
>> Doing prefit: ch4,Convs
>> Doing prefit: ch4,Rares
>> Doing prefit: ch4,TTW_max_eta_bin0
>> Doing prefit: ch4,TTW_max_eta_bin1
>> Doing prefit: ch4,TTW_max_eta_bin2
>> Doing prefit: ch4,TTW_max_eta_bin3
>> Doing prefit: ch4,TTW_ooa
>> Doing prefit: ch4,TTZ
>> Doing prefit: ch4,VVV
>> Doing prefit: ch4,WZ
>> Doing prefit: ch4,ZZ
>> Doing prefit: ch4,data_fakes
>> Doing prefit: ch4,data_flips
>> Doing prefit: ch4,tHW
>> Doing prefit: ch4,tHq
>> Doing prefit: ch4,tZq
>> Doing prefit: ch4,ttH
>> Doing prefit: ch4,ttVV
>> Doing prefit: ch4,TotalBkg
>> Doing prefit: ch4,TotalSig
>> Doing prefit: ch4,TotalProcs
Bin                       Total relative bkg uncert. (prefit)
----------------------------------------------------------
ch1                       0.13704   
ch2                       0.12779   
ch3                       0.12814   
ch4                       0.11490   
>> Doing postfit: TotalBkg
>> Doing postfit: TotalSig
>> Doing postfit: TotalProcs
>> Doing postfit: ch1,Convs
>> Doing postfit: ch1,Rares
>> Doing postfit: ch1,TTW_max_eta_bin0
>> Doing postfit: ch1,TTW_max_eta_bin1
>> Doing postfit: ch1,TTW_max_eta_bin2
>> Doing postfit: ch1,TTW_max_eta_bin3
>> Doing postfit: ch1,TTW_ooa
>> Doing postfit: ch1,TTZ
>> Doing postfit: ch1,VVV
>> Doing postfit: ch1,WZ
>> Doing postfit: ch1,ZZ
>> Doing postfit: ch1,data_fakes
>> Doing postfit: ch1,data_flips
>> Doing postfit: ch1,tHW
>> Doing postfit: ch1,tHq
>> Doing postfit: ch1,tZq
>> Doing postfit: ch1,ttH
>> Doing postfit: ch1,ttVV
>> Doing postfit: ch1,TotalBkg
>> Doing postfit: ch1,TotalSig
>> Doing postfit: ch1,TotalProcs
>> Doing postfit: ch2,Convs
>> Doing postfit: ch2,Rares
>> Doing postfit: ch2,TTW_max_eta_bin0
>> Doing postfit: ch2,TTW_max_eta_bin1
>> Doing postfit: ch2,TTW_max_eta_bin2
>> Doing postfit: ch2,TTW_max_eta_bin3
>> Doing postfit: ch2,TTW_ooa
>> Doing postfit: ch2,TTZ
>> Doing postfit: ch2,VVV
>> Doing postfit: ch2,WZ
>> Doing postfit: ch2,ZZ
>> Doing postfit: ch2,data_fakes
>> Doing postfit: ch2,data_flips
>> Doing postfit: ch2,tHW
>> Doing postfit: ch2,tHq
>> Doing postfit: ch2,tZq
>> Doing postfit: ch2,ttH
>> Doing postfit: ch2,ttVV
>> Doing postfit: ch2,TotalBkg
>> Doing postfit: ch2,TotalSig
>> Doing postfit: ch2,TotalProcs
>> Doing postfit: ch3,Convs
>> Doing postfit: ch3,Rares
>> Doing postfit: ch3,TTW_max_eta_bin0
>> Doing postfit: ch3,TTW_max_eta_bin1
>> Doing postfit: ch3,TTW_max_eta_bin2
>> Doing postfit: ch3,TTW_max_eta_bin3
>> Doing postfit: ch3,TTW_ooa
>> Doing postfit: ch3,TTZ
>> Doing postfit: ch3,VVV
>> Doing postfit: ch3,WZ
>> Doing postfit: ch3,ZZ
>> Doing postfit: ch3,data_fakes
>> Doing postfit: ch3,data_flips
>> Doing postfit: ch3,tHW
>> Doing postfit: ch3,tHq
>> Doing postfit: ch3,tZq
>> Doing postfit: ch3,ttH
>> Doing postfit: ch3,ttVV
>> Doing postfit: ch3,TotalBkg
>> Doing postfit: ch3,TotalSig
>> Doing postfit: ch3,TotalProcs
>> Doing postfit: ch4,Convs
>> Doing postfit: ch4,Rares
>> Doing postfit: ch4,TTW_max_eta_bin0
>> Doing postfit: ch4,TTW_max_eta_bin1
>> Doing postfit: ch4,TTW_max_eta_bin2
>> Doing postfit: ch4,TTW_max_eta_bin3
>> Doing postfit: ch4,TTW_ooa
>> Doing postfit: ch4,TTZ
>> Doing postfit: ch4,VVV
>> Doing postfit: ch4,WZ
>> Doing postfit: ch4,ZZ
>> Doing postfit: ch4,data_fakes
>> Doing postfit: ch4,data_flips
>> Doing postfit: ch4,tHW
>> Doing postfit: ch4,tHq
>> Doing postfit: ch4,tZq
>> Doing postfit: ch4,ttH
>> Doing postfit: ch4,ttVV
>> Doing postfit: ch4,TotalBkg
>> Doing postfit: ch4,TotalSig
>> Doing postfit: ch4,TotalProcs

Bin                       Total relative bkg uncert. (postfit)
----------------------------------------------------------
ch1                       0.09378   
ch2                       0.08775   
ch3                       0.08136   
ch4                       0.07402   

Bin                       Process              Scale factor
----------------------------------------------------------
ch1                       Convs                1.10210   
ch1                       Rares                1.18985   
ch1                       TTW_max_eta_bin0     1.00860   
ch1                       TTW_max_eta_bin1     1.02065   
ch1                       TTW_max_eta_bin2     1.01111   
ch1                       TTW_max_eta_bin3     1.04656   
ch1                       TTW_ooa              1.03295   
ch1                       TTZ                  1.18992   
ch1                       VVV                  1.27962   
ch1                       WZ                   0.83569   
ch1                       ZZ                   1.15306   
ch1                       data_fakes           1.23078   
ch1                       data_flips           0.92956   
ch1                       tHW                  1.01358   
ch1                       tHq                  1.02524   
ch1                       tZq                  1.09546   
ch1                       ttH                  1.01938   
ch1                       ttVV                 1.03018   
ch2                       Convs                1.05942   
ch2                       Rares                1.12711   
ch2                       TTW_max_eta_bin0     0.96830   
ch2                       TTW_max_eta_bin1     0.98443   
ch2                       TTW_max_eta_bin2     0.98742   
ch2                       TTW_max_eta_bin3     1.02081   
ch2                       TTW_ooa              1.02444   
ch2                       TTZ                  1.08829   
ch2                       VVV                  1.21079   
ch2                       WZ                   0.82073   
ch2                       ZZ                   1.11195   
ch2                       data_fakes           1.21546   
ch2                       data_flips           0.92956   
ch2                       tHW                  1.01576   
ch2                       tHq                  1.02119   
ch2                       tZq                  1.08965   
ch2                       ttH                  1.02800   
ch2                       ttVV                 1.01498   
ch3                       Convs                1.16058   
ch3                       Rares                1.24477   
ch3                       TTW_max_eta_bin0     0.98850   
ch3                       TTW_max_eta_bin1     0.98960   
ch3                       TTW_max_eta_bin2     0.99973   
ch3                       TTW_max_eta_bin3     1.01226   
ch3                       TTW_ooa              1.01736   
ch3                       TTZ                  1.15086   
ch3                       VVV                  1.39177   
ch3                       WZ                   0.93218   
ch3                       ZZ                   1.30368   
ch3                       data_fakes           1.22779   
ch3                       data_flips           0.92956   
ch3                       tHW                  1.00353   
ch3                       tHq                  1.01223   
ch3                       tZq                  1.07536   
ch3                       ttH                  1.02489   
ch3                       ttVV                 1.01473   
ch4                       Convs                1.06218   
ch4                       Rares                1.15681   
ch4                       TTW_max_eta_bin0     1.04409   
ch4                       TTW_max_eta_bin1     1.08045   
ch4                       TTW_max_eta_bin2     1.06291   
ch4                       TTW_max_eta_bin3     1.06848   
ch4                       TTW_ooa              1.04226   
ch4                       TTZ                  1.20260   
ch4                       VVV                  1.24539   
ch4                       WZ                   0.82890   
ch4                       ZZ                   1.12754   
ch4                       data_fakes           1.18854   
ch4                       data_flips           0.92956   
ch4                       tHW                  1.03259   
ch4                       tHq                  1.03173   
ch4                       tZq                  1.09526   
ch4                       ttH                  1.05511   
ch4                       ttVV                 1.04595   
