/mnt_pool/c3_users/user/cvico/WorkSpace/ttw-differential/cmssw-aug2024/CMSSW_10_4_0/src/CMGTools/TTHAnalysis/python/plotter/cards/cards/22Aug/unblinded/cr_nonprompt/jet2_eta
WARNING: the default behaviour of PostFitShapesFromWorkspace is to use the covariance matrix sampling method for the post-fit uncertainty. The option --sampling is deprecated and will be removed in future versions of CombineHarvester
[SetFlag] Changing value of flag "workspaces-use-clone" from 0 to 1
[#1] INFO:ObjectHandling -- RooWorkspace::import(w) importing dataset ch1
[#1] INFO:ObjectHandling -- RooWorkspace::import(w) importing dataset ch2
[#1] INFO:ObjectHandling -- RooWorkspace::import(w) importing dataset ch3
[#1] INFO:ObjectHandling -- RooWorkspace::import(w) importing dataset ch4
[SetFlag] Changing value of flag "workspaces-use-clone" from 0 to 1
>> Doing prefit: TotalBkg
>> Doing prefit: TotalSig
>> Doing prefit: TotalProcs
>> Doing prefit: ch1,Convs
>> Doing prefit: ch1,Rares
>> Doing prefit: ch1,TTW_jet2_eta_bin0
>> Doing prefit: ch1,TTW_jet2_eta_bin1
>> Doing prefit: ch1,TTW_jet2_eta_bin2
>> Doing prefit: ch1,TTW_jet2_eta_bin3
>> Doing prefit: ch1,TTW_ooa
>> Doing prefit: ch1,TTZ
>> Doing prefit: ch1,VVV
>> Doing prefit: ch1,WZ
>> Doing prefit: ch1,ZZ
>> Doing prefit: ch1,data_fakes
>> Doing prefit: ch1,data_flips
>> Doing prefit: ch1,tHW
>> Doing prefit: ch1,tHq
>> Doing prefit: ch1,tZq
>> Doing prefit: ch1,ttH
>> Doing prefit: ch1,ttVV
>> Doing prefit: ch1,TotalBkg
>> Doing prefit: ch1,TotalSig
>> Doing prefit: ch1,TotalProcs
>> Doing prefit: ch2,Convs
>> Doing prefit: ch2,Rares
>> Doing prefit: ch2,TTW_jet2_eta_bin0
>> Doing prefit: ch2,TTW_jet2_eta_bin1
>> Doing prefit: ch2,TTW_jet2_eta_bin2
>> Doing prefit: ch2,TTW_jet2_eta_bin3
>> Doing prefit: ch2,TTW_ooa
>> Doing prefit: ch2,TTZ
>> Doing prefit: ch2,VVV
>> Doing prefit: ch2,WZ
>> Doing prefit: ch2,ZZ
>> Doing prefit: ch2,data_fakes
>> Doing prefit: ch2,data_flips
>> Doing prefit: ch2,tHW
>> Doing prefit: ch2,tHq
>> Doing prefit: ch2,tZq
>> Doing prefit: ch2,ttH
>> Doing prefit: ch2,ttVV
>> Doing prefit: ch2,TotalBkg
>> Doing prefit: ch2,TotalSig
>> Doing prefit: ch2,TotalProcs
>> Doing prefit: ch3,Convs
>> Doing prefit: ch3,Rares
>> Doing prefit: ch3,TTW_jet2_eta_bin0
>> Doing prefit: ch3,TTW_jet2_eta_bin1
>> Doing prefit: ch3,TTW_jet2_eta_bin2
>> Doing prefit: ch3,TTW_jet2_eta_bin3
>> Doing prefit: ch3,TTW_ooa
>> Doing prefit: ch3,TTZ
>> Doing prefit: ch3,VVV
>> Doing prefit: ch3,WZ
>> Doing prefit: ch3,ZZ
>> Doing prefit: ch3,data_fakes
>> Doing prefit: ch3,data_flips
>> Doing prefit: ch3,tHW
>> Doing prefit: ch3,tHq
>> Doing prefit: ch3,tZq
>> Doing prefit: ch3,ttH
>> Doing prefit: ch3,ttVV
>> Doing prefit: ch3,TotalBkg
>> Doing prefit: ch3,TotalSig
>> Doing prefit: ch3,TotalProcs
>> Doing prefit: ch4,Convs
>> Doing prefit: ch4,Rares
>> Doing prefit: ch4,TTW_jet2_eta_bin0
>> Doing prefit: ch4,TTW_jet2_eta_bin1
>> Doing prefit: ch4,TTW_jet2_eta_bin2
>> Doing prefit: ch4,TTW_jet2_eta_bin3
>> Doing prefit: ch4,TTW_ooa
>> Doing prefit: ch4,TTZ
>> Doing prefit: ch4,VVV
>> Doing prefit: ch4,WZ
>> Doing prefit: ch4,ZZ
>> Doing prefit: ch4,data_fakes
>> Doing prefit: ch4,data_flips
>> Doing prefit: ch4,tHW
>> Doing prefit: ch4,tHq
>> Doing prefit: ch4,tZq
>> Doing prefit: ch4,ttH
>> Doing prefit: ch4,ttVV
>> Doing prefit: ch4,TotalBkg
>> Doing prefit: ch4,TotalSig
>> Doing prefit: ch4,TotalProcs
Bin                       Total relative bkg uncert. (prefit)
----------------------------------------------------------
ch1                       0.14612   
ch2                       0.14921   
ch3                       0.13826   
ch4                       0.15103   
>> Doing postfit: TotalBkg
>> Doing postfit: TotalSig
>> Doing postfit: TotalProcs
>> Doing postfit: ch1,Convs
>> Doing postfit: ch1,Rares
>> Doing postfit: ch1,TTW_jet2_eta_bin0
>> Doing postfit: ch1,TTW_jet2_eta_bin1
>> Doing postfit: ch1,TTW_jet2_eta_bin2
>> Doing postfit: ch1,TTW_jet2_eta_bin3
>> Doing postfit: ch1,TTW_ooa
>> Doing postfit: ch1,TTZ
>> Doing postfit: ch1,VVV
>> Doing postfit: ch1,WZ
>> Doing postfit: ch1,ZZ
>> Doing postfit: ch1,data_fakes
>> Doing postfit: ch1,data_flips
>> Doing postfit: ch1,tHW
>> Doing postfit: ch1,tHq
>> Doing postfit: ch1,tZq
>> Doing postfit: ch1,ttH
>> Doing postfit: ch1,ttVV
>> Doing postfit: ch1,TotalBkg
>> Doing postfit: ch1,TotalSig
>> Doing postfit: ch1,TotalProcs
>> Doing postfit: ch2,Convs
>> Doing postfit: ch2,Rares
>> Doing postfit: ch2,TTW_jet2_eta_bin0
>> Doing postfit: ch2,TTW_jet2_eta_bin1
>> Doing postfit: ch2,TTW_jet2_eta_bin2
>> Doing postfit: ch2,TTW_jet2_eta_bin3
>> Doing postfit: ch2,TTW_ooa
>> Doing postfit: ch2,TTZ
>> Doing postfit: ch2,VVV
>> Doing postfit: ch2,WZ
>> Doing postfit: ch2,ZZ
>> Doing postfit: ch2,data_fakes
>> Doing postfit: ch2,data_flips
>> Doing postfit: ch2,tHW
>> Doing postfit: ch2,tHq
>> Doing postfit: ch2,tZq
>> Doing postfit: ch2,ttH
>> Doing postfit: ch2,ttVV
>> Doing postfit: ch2,TotalBkg
>> Doing postfit: ch2,TotalSig
>> Doing postfit: ch2,TotalProcs
>> Doing postfit: ch3,Convs
>> Doing postfit: ch3,Rares
>> Doing postfit: ch3,TTW_jet2_eta_bin0
>> Doing postfit: ch3,TTW_jet2_eta_bin1
>> Doing postfit: ch3,TTW_jet2_eta_bin2
>> Doing postfit: ch3,TTW_jet2_eta_bin3
>> Doing postfit: ch3,TTW_ooa
>> Doing postfit: ch3,TTZ
>> Doing postfit: ch3,VVV
>> Doing postfit: ch3,WZ
>> Doing postfit: ch3,ZZ
>> Doing postfit: ch3,data_fakes
>> Doing postfit: ch3,data_flips
>> Doing postfit: ch3,tHW
>> Doing postfit: ch3,tHq
>> Doing postfit: ch3,tZq
>> Doing postfit: ch3,ttH
>> Doing postfit: ch3,ttVV
>> Doing postfit: ch3,TotalBkg
>> Doing postfit: ch3,TotalSig
>> Doing postfit: ch3,TotalProcs
>> Doing postfit: ch4,Convs
>> Doing postfit: ch4,Rares
>> Doing postfit: ch4,TTW_jet2_eta_bin0
>> Doing postfit: ch4,TTW_jet2_eta_bin1
>> Doing postfit: ch4,TTW_jet2_eta_bin2
>> Doing postfit: ch4,TTW_jet2_eta_bin3
>> Doing postfit: ch4,TTW_ooa
>> Doing postfit: ch4,TTZ
>> Doing postfit: ch4,VVV
>> Doing postfit: ch4,WZ
>> Doing postfit: ch4,ZZ
>> Doing postfit: ch4,data_fakes
>> Doing postfit: ch4,data_flips
>> Doing postfit: ch4,tHW
>> Doing postfit: ch4,tHq
>> Doing postfit: ch4,tZq
>> Doing postfit: ch4,ttH
>> Doing postfit: ch4,ttVV
>> Doing postfit: ch4,TotalBkg
>> Doing postfit: ch4,TotalSig
>> Doing postfit: ch4,TotalProcs

Bin                       Total relative bkg uncert. (postfit)
----------------------------------------------------------
ch1                       0.12531   
ch2                       0.10908   
ch3                       0.08964   
ch4                       0.10278   

Bin                       Process              Scale factor
----------------------------------------------------------
ch1                       Convs                1.06521   
ch1                       Rares                1.62905   
ch1                       TTW_jet2_eta_bin0    0.79663   
ch1                       TTW_jet2_eta_bin1    1.23174   
ch1                       TTW_jet2_eta_bin2    0.97256   
ch1                       TTW_jet2_eta_bin3    1.33807   
ch1                       TTW_ooa              1.03474   
ch1                       TTZ                  1.13768   
ch1                       VVV                  1.29893   
ch1                       WZ                   1.05212   
ch1                       ZZ                   1.37523   
ch1                       data_fakes           1.48654   
ch1                       data_flips           0.99442   
ch1                       tHW                  1.07333   
ch1                       tHq                  1.04520   
ch1                       tZq                  1.13398   
ch1                       ttH                  1.00431   
ch1                       ttVV                 1.00512   
ch2                       Convs                1.08293   
ch2                       Rares                1.49690   
ch2                       TTW_jet2_eta_bin0    0.80574   
ch2                       TTW_jet2_eta_bin1    1.15704   
ch2                       TTW_jet2_eta_bin2    0.93125   
ch2                       TTW_jet2_eta_bin3    1.40248   
ch2                       TTW_ooa              1.00789   
ch2                       TTZ                  1.14935   
ch2                       VVV                  1.22796   
ch2                       WZ                   0.85384   
ch2                       ZZ                   1.11426   
ch2                       data_fakes           1.41220   
ch2                       data_flips           0.99456   
ch2                       tHW                  1.04399   
ch2                       tHq                  1.01887   
ch2                       tZq                  1.09111   
ch2                       ttH                  0.97145   
ch2                       ttVV                 0.99805   
ch3                       Convs                0.78557   
ch3                       Rares                1.26861   
ch3                       TTW_jet2_eta_bin0    0.81660   
ch3                       TTW_jet2_eta_bin1    1.26298   
ch3                       TTW_jet2_eta_bin2    0.95756   
ch3                       TTW_jet2_eta_bin3    1.32269   
ch3                       TTW_ooa              1.02269   
ch3                       TTZ                  1.14065   
ch3                       VVV                  1.21754   
ch3                       WZ                   0.77656   
ch3                       ZZ                   1.14528   
ch3                       data_fakes           1.39192   
ch3                       data_flips           0.99403   
ch3                       tHW                  1.00573   
ch3                       tHq                  0.96942   
ch3                       tZq                  1.07021   
ch3                       ttH                  1.00396   
ch3                       ttVV                 1.01530   
ch4                       Convs                0.88478   
ch4                       Rares                1.18235   
ch4                       TTW_jet2_eta_bin0    0.78238   
ch4                       TTW_jet2_eta_bin1    1.31545   
ch4                       TTW_jet2_eta_bin2    0.91970   
ch4                       TTW_jet2_eta_bin3    1.36680   
ch4                       TTW_ooa              1.02167   
ch4                       TTZ                  1.08337   
ch4                       VVV                  1.19136   
ch4                       WZ                   0.80187   
ch4                       ZZ                   1.18134   
ch4                       data_fakes           1.44618   
ch4                       data_flips           0.99382   
ch4                       tHW                  0.97598   
ch4                       tHq                  1.04541   
ch4                       tZq                  1.06551   
ch4                       ttH                  1.02787   
ch4                       ttVV                 1.02745   
