/mnt_pool/c3_users/user/cvico/WorkSpace/ttw-differential/cmssw-aug2024/CMSSW_10_4_0/src/CMGTools/TTHAnalysis/python/plotter
CMS_lumi.py
CMS_lumi.pyc
HT_cambio.png
HT_cmd.txt
HT_minusminus_cmd.txt
HT_plusplus_cmd.txt
TH1Keys.cc
__init__.py
__init__.pyc
__pycache__
bin2Dto1Dlib.cc
bin2Dto1Dlib_cc.d
bin2Dto1Dlib_cc.so
bin2Dto1Dlib_cc_ACLiC_dict_rdict.pcm
cards
chargeFlips
cosa
cov_lep1_pt.png
cr_nonprompt
cutsFile.py
cutsFile.pyc
dR_ll_2016APV_cmd.txt
dR_ll_2016_cmd.txt
dR_ll_2017_cmd.txt
dR_ll_2018_cmd.txt
dR_ll_all_cmd.txt
dR_ll_minusminus_cmd.txt
dR_ll_plusplus_cmd.txt
debug_drll.txt
deta_llss_minusminus_cmd.txt
deta_llss_plusplus_cmd.txt
diff-2lss-studies
dps-ww
eventDumper.py
eventDumper.pyc
fakeRate.cc
fakeRate.py
fakeRate.pyc
fakeRate_cc.d
fakeRate_cc.so
fakeRate_cc_ACLiC_dict_rdict.pcm
figuresOfMerit.py
figuresOfMerit.pyc
fitDiagnosticsNoasimov_nominal_dR_ll_2lss.root
fit_results.json
functions.cc
functions_cc.d
functions_cc.so
functions_cc_ACLiC_dict_rdict.pcm
getXSecMcM.py
getXSecMcM.pyc
goftests.py
higgsCombineNoasimov_nominal_dR_ll_2lss.FitDiagnostics.mH125.root
higgsCombine_initialFit_dR_ll_2lss.MultiDimFit.mH125.root
histoWithNuisances.py
histoWithNuisances.pyc
jet1_eta_minusminus_cmd.txt
jet1_eta_plusplus_cmd.txt
jet1_pt_minusminus_cmd.txt
jet1_pt_plusplus_cmd.txt
jet2_eta_minusminus_cmd.txt
jet2_eta_plusplus_cmd.txt
jet2_pt_minusminus_cmd.txt
jet2_pt_plusplus_cmd.txt
joincards.py
joincards.pyc
lep1_eta_minusminus_cmd.txt
lep1_eta_plusplus_cmd.txt
lep1_pt_minusminus_cmd.txt
lep1_pt_plusplus_cmd.txt
lep2_eta_cr_nonprompt_cmd.txt
lep2_eta_minusminus_cmd.txt
lep2_eta_plusplus_cmd.txt
lep2_pt_cr_nonprompt_cmd.txt
lep2_pt_minusminus_cmd.txt
lep2_pt_plusplus_cmd.txt
lepton-efficiency
lepton-validation
makeCountingCards.py
makeCountingCards.pyc
makeFakeRate.py
makeFakeRate.pyc
makeShapeCards.py
makeShapeCards.pyc
makeShapeCardsNew.py
makeShapeCardsNew.pyc
makeShapeCardsNewScan.py
makeShapeCardsNewScan.pyc
makeShapeCardsNew_unfolding.py
makeShapeCardsNew_unfolding.pyc
makeShapeCardsNew_unfolding_3bins.py
makeShapeCardsNew_unfolding_3bins.pyc
makeShapeCardsSusy.py
makeShapeCardsSusy.pyc
make_cards_bias_test.py
make_cards_bias_test.pyc
make_fits_bias_test.py
make_fits_bias_test.pyc
max_eta_minusminus_cmd.txt
max_eta_plusplus_cmd.txt
mcAnalysis.py
mcAnalysis.pyc
mcCorrections.cc
mcCorrections.py
mcCorrections.pyc
mcCorrections.txt
mcCorrections_cc.d
mcCorrections_cc.so
mcCorrections_cc_ACLiC_dict_rdict.pcm
mcDump.py
mcDump.pyc
mcEfficiencies.py
mcEfficiencies.pyc
mcNtuple.py
mcNtuple.pyc
mcPlots.py
mcPlots.pyc
mca-CSA14.txt
mca-Phys14.txt
mergePlots.py
mergePlots.pyc
mindr_lep1_jet25_minusminus_cmd.txt
mindr_lep1_jet25_plusplus_cmd.txt
mll_minusminus_cmd.txt
mll_plusplus_cmd.txt
nbjets_medium_minusminus_cmd.txt
nbjets_medium_plusplus_cmd.txt
nbjets_minusminus_cmd.txt
nbjets_plusplus_cmd.txt
njets_7bins_minusminus_cmd.txt
njets_7bins_plusplus_cmd.txt
njets_minusminus_cmd.txt
njets_plusplus_cmd.txt
object-studies
pickEvents.py
pickEvents.pyc
plot_configs.py
plot_configs.pyc
plot_gof.py
plot_gof.pyc
plot_postfit.py
plot_postfit.pyc
plot_postfit_fromOtherTool.py
plot_variations.py
plot_variations.pyc
plots
postFitPlots.py
postFitPlots.pyc
projections.py
projections.pyc
pt3l_cmd.txt
pull_consistency.py
rocCurves.py
rocCurves.pyc
run_diff_3l.sh
signal_strenght_njets
signal_strenghts.json
simpleOptimizer.py
simpleOptimizer.pyc
skimFTrees.py
skimFTrees.pyc
skimFTreesNew.py
skimFTreesNew.pyc
skimTrees.py
skimTrees.pyc
skimTreesNew.py
skimTreesNew.pyc
skimTreesWithPrescales.py
skimTreesWithPrescales.pyc
slurm-67172.out
slurm-69823.out
slurm-76000.out
slurm-76517.out
slurm-76518.out
slurm-76525.out
slurm-76526.out
smearer.cc
smearer.h
smearer_cc.d
smearer_cc.so
smearer_cc_ACLiC_dict_rdict.pcm
sparks.py
sparks.pyc
splitSMSTrees.py
splitSMSTrees.pyc
standard-candles
sum_2lss_pt_minusminus_cmd.txt
sum_2lss_pt_plusplus_cmd.txt
susy-DiJet
susy-edge
susy-ewkino
susy-interface
susy-mT2
susy-multilepton
susy-sos
susy-stopSoftB
sync-ghent
sync-ghent-bkp
sync-preul
sync_ghent.sh
sync_preul.sh
tdrstyle.cc
text
tree2yield.py
tree2yield.pyc
ttH-multilepton
ttW_multilepton
unblinded_plots
uncertaintyFile.py
uncertaintyFile.pyc
wps.txt
wps_bestfit.txt
wps_withPlots.txt
write_mcas_bias_test.py
write_mcas_bias_test.pyc
xsec_HT.dat
xsec_dR_ll.dat
xsec_deta_llss.dat
xsec_jet1_eta.dat
xsec_jet1_pt.dat
xsec_jet2_eta.dat
xsec_jet2_pt.dat
xsec_lep1_eta.dat
xsec_lep1_pt.dat
xsec_lep2_eta.dat
xsec_lep2_pt.dat
xsec_max_eta.dat
xsec_mindr_lep1_jet25.dat
xsec_mll.dat
xsec_nbjets.dat
xsec_nbjets_medium.dat
xsec_njets.dat
xsec_njets_7bins.dat
xsec_sum_2lss_pt.dat
xsecs.txt
Loading FR_mu_i02 from file /nfs/fanae/user/cvico/WorkSpace/ttw-differential/cmssw-aug2024/CMSSW_10_4_0/src/CMGTools/TTHAnalysis/data//fakerate/fr_2018_recorrected.root to FR_mva085_mu_data_comb_recorrected
Loading FR_el_i02 from file /nfs/fanae/user/cvico/WorkSpace/ttw-differential/cmssw-aug2024/CMSSW_10_4_0/src/CMGTools/TTHAnalysis/data//fakerate/fr_2018_recorrected.root to FR_mva090_el_data_comb_NC_recorrected
Loading QF_el_4 from file /nfs/fanae/user/cvico/WorkSpace/ttw-differential/cmssw-aug2024/CMSSW_10_4_0/src/CMGTools/TTHAnalysis/data//fakerate/fliprates_frommc_UL18_recorrected.root to chargeMisId
Loading FR_el_i52 from file /nfs/fanae/user/cvico/WorkSpace/ttw-differential/cmssw-aug2024/CMSSW_10_4_0/src/CMGTools/TTHAnalysis/data//fakerate/fr_2018_recorrected.root to FR_mva090_el_data_comb_NC_recorrected_be1
Loading FR_el_i62 from file /nfs/fanae/user/cvico/WorkSpace/ttw-differential/cmssw-aug2024/CMSSW_10_4_0/src/CMGTools/TTHAnalysis/data//fakerate/fr_2018_recorrected.root to FR_mva090_el_data_comb_NC_recorrected_be2
Loading FR_mu_i32 from file /nfs/fanae/user/cvico/WorkSpace/ttw-differential/cmssw-aug2024/CMSSW_10_4_0/src/CMGTools/TTHAnalysis/data//fakerate/fr_2018_recorrected.root to FR_mva085_mu_data_comb_recorrected_pt1
Loading FR_mu_i42 from file /nfs/fanae/user/cvico/WorkSpace/ttw-differential/cmssw-aug2024/CMSSW_10_4_0/src/CMGTools/TTHAnalysis/data//fakerate/fr_2018_recorrected.root to FR_mva085_mu_data_comb_recorrected_pt2
Loading FR_el_i72 from file /nfs/fanae/user/cvico/WorkSpace/ttw-differential/cmssw-aug2024/CMSSW_10_4_0/src/CMGTools/TTHAnalysis/data//fakerate/fr_2018_recorrected.root to FR_mva090_el_data_comb_NC_recorrected
Loading FR_el_i32 from file /nfs/fanae/user/cvico/WorkSpace/ttw-differential/cmssw-aug2024/CMSSW_10_4_0/src/CMGTools/TTHAnalysis/data//fakerate/fr_2018_recorrected.root to FR_mva090_el_data_comb_NC_recorrected_pt1
Loading FR_el_i42 from file /nfs/fanae/user/cvico/WorkSpace/ttw-differential/cmssw-aug2024/CMSSW_10_4_0/src/CMGTools/TTHAnalysis/data//fakerate/fr_2018_recorrected.root to FR_mva090_el_data_comb_NC_recorrected_pt2
Loading FR_mu_i72 from file /nfs/fanae/user/cvico/WorkSpace/ttw-differential/cmssw-aug2024/CMSSW_10_4_0/src/CMGTools/TTHAnalysis/data//fakerate/fr_2018_recorrected.root to FR_mva085_mu_data_comb_recorrected
Loading FR_mu_i12 from file /nfs/fanae/user/cvico/WorkSpace/ttw-differential/cmssw-aug2024/CMSSW_10_4_0/src/CMGTools/TTHAnalysis/data//fakerate/fr_2018_recorrected.root to FR_mva085_mu_data_comb_recorrected_up
Loading FR_mu_i22 from file /nfs/fanae/user/cvico/WorkSpace/ttw-differential/cmssw-aug2024/CMSSW_10_4_0/src/CMGTools/TTHAnalysis/data//fakerate/fr_2018_recorrected.root to FR_mva085_mu_data_comb_recorrected_down
Loading FR_el_i12 from file /nfs/fanae/user/cvico/WorkSpace/ttw-differential/cmssw-aug2024/CMSSW_10_4_0/src/CMGTools/TTHAnalysis/data//fakerate/fr_2018_recorrected.root to FR_mva090_el_data_comb_NC_recorrected_up
Loading FR_el_i22 from file /nfs/fanae/user/cvico/WorkSpace/ttw-differential/cmssw-aug2024/CMSSW_10_4_0/src/CMGTools/TTHAnalysis/data//fakerate/fr_2018_recorrected.root to FR_mva090_el_data_comb_NC_recorrected_down
Loading FR_mu_i52 from file /nfs/fanae/user/cvico/WorkSpace/ttw-differential/cmssw-aug2024/CMSSW_10_4_0/src/CMGTools/TTHAnalysis/data//fakerate/fr_2018_recorrected.root to FR_mva085_mu_data_comb_recorrected_be1
Loading FR_mu_i62 from file /nfs/fanae/user/cvico/WorkSpace/ttw-differential/cmssw-aug2024/CMSSW_10_4_0/src/CMGTools/TTHAnalysis/data//fakerate/fr_2018_recorrected.root to FR_mva085_mu_data_comb_recorrected_be2
Loading FR_el_i52 from file /nfs/fanae/user/cvico/WorkSpace/ttw-differential/cmssw-aug2024/CMSSW_10_4_0/src/CMGTools/TTHAnalysis/data//fakerate/fr_2018_recorrected.root to FR_mva090_el_data_comb_NC_recorrected_be1
Loading FR_el_i62 from file /nfs/fanae/user/cvico/WorkSpace/ttw-differential/cmssw-aug2024/CMSSW_10_4_0/src/CMGTools/TTHAnalysis/data//fakerate/fr_2018_recorrected.root to FR_mva090_el_data_comb_NC_recorrected_be2
Loading FR_mu_i32 from file /nfs/fanae/user/cvico/WorkSpace/ttw-differential/cmssw-aug2024/CMSSW_10_4_0/src/CMGTools/TTHAnalysis/data//fakerate/fr_2018_recorrected.root to FR_mva085_mu_data_comb_recorrected_pt1
Loading FR_mu_i42 from file /nfs/fanae/user/cvico/WorkSpace/ttw-differential/cmssw-aug2024/CMSSW_10_4_0/src/CMGTools/TTHAnalysis/data//fakerate/fr_2018_recorrected.root to FR_mva085_mu_data_comb_recorrected_pt2
Loading FR_el_i72 from file /nfs/fanae/user/cvico/WorkSpace/ttw-differential/cmssw-aug2024/CMSSW_10_4_0/src/CMGTools/TTHAnalysis/data//fakerate/fr_2018_recorrected.root to FR_mva090_el_data_comb_NC_recorrected
Loading FR_el_i32 from file /nfs/fanae/user/cvico/WorkSpace/ttw-differential/cmssw-aug2024/CMSSW_10_4_0/src/CMGTools/TTHAnalysis/data//fakerate/fr_2018_recorrected.root to FR_mva090_el_data_comb_NC_recorrected_pt1
Loading FR_el_i42 from file /nfs/fanae/user/cvico/WorkSpace/ttw-differential/cmssw-aug2024/CMSSW_10_4_0/src/CMGTools/TTHAnalysis/data//fakerate/fr_2018_recorrected.root to FR_mva090_el_data_comb_NC_recorrected_pt2
Loading FR_mu_i72 from file /nfs/fanae/user/cvico/WorkSpace/ttw-differential/cmssw-aug2024/CMSSW_10_4_0/src/CMGTools/TTHAnalysis/data//fakerate/fr_2018_recorrected.root to FR_mva085_mu_data_comb_recorrected
Loading FR_mu_i12 from file /nfs/fanae/user/cvico/WorkSpace/ttw-differential/cmssw-aug2024/CMSSW_10_4_0/src/CMGTools/TTHAnalysis/data//fakerate/fr_2018_recorrected.root to FR_mva085_mu_data_comb_recorrected_up
Loading FR_mu_i22 from file /nfs/fanae/user/cvico/WorkSpace/ttw-differential/cmssw-aug2024/CMSSW_10_4_0/src/CMGTools/TTHAnalysis/data//fakerate/fr_2018_recorrected.root to FR_mva085_mu_data_comb_recorrected_down
Loading FR_el_i12 from file /nfs/fanae/user/cvico/WorkSpace/ttw-differential/cmssw-aug2024/CMSSW_10_4_0/src/CMGTools/TTHAnalysis/data//fakerate/fr_2018_recorrected.root to FR_mva090_el_data_comb_NC_recorrected_up
Loading FR_el_i22 from file /nfs/fanae/user/cvico/WorkSpace/ttw-differential/cmssw-aug2024/CMSSW_10_4_0/src/CMGTools/TTHAnalysis/data//fakerate/fr_2018_recorrected.root to FR_mva090_el_data_comb_NC_recorrected_down
Loading FR_mu_i52 from file /nfs/fanae/user/cvico/WorkSpace/ttw-differential/cmssw-aug2024/CMSSW_10_4_0/src/CMGTools/TTHAnalysis/data//fakerate/fr_2018_recorrected.root to FR_mva085_mu_data_comb_recorrected_be1
Loading FR_mu_i62 from file /nfs/fanae/user/cvico/WorkSpace/ttw-differential/cmssw-aug2024/CMSSW_10_4_0/src/CMGTools/TTHAnalysis/data//fakerate/fr_2018_recorrected.root to FR_mva085_mu_data_comb_recorrected_be2
Loading FR_el_i52 from file /nfs/fanae/user/cvico/WorkSpace/ttw-differential/cmssw-aug2024/CMSSW_10_4_0/src/CMGTools/TTHAnalysis/data//fakerate/fr_2018_recorrected.root to FR_mva090_el_data_comb_NC_recorrected_be1
Loading FR_el_i62 from file /nfs/fanae/user/cvico/WorkSpace/ttw-differential/cmssw-aug2024/CMSSW_10_4_0/src/CMGTools/TTHAnalysis/data//fakerate/fr_2018_recorrected.root to FR_mva090_el_data_comb_NC_recorrected_be2
Loading FR_mu_i32 from file /nfs/fanae/user/cvico/WorkSpace/ttw-differential/cmssw-aug2024/CMSSW_10_4_0/src/CMGTools/TTHAnalysis/data//fakerate/fr_2018_recorrected.root to FR_mva085_mu_data_comb_recorrected_pt1
Loading FR_mu_i42 from file /nfs/fanae/user/cvico/WorkSpace/ttw-differential/cmssw-aug2024/CMSSW_10_4_0/src/CMGTools/TTHAnalysis/data//fakerate/fr_2018_recorrected.root to FR_mva085_mu_data_comb_recorrected_pt2
Loading FR_el_i72 from file /nfs/fanae/user/cvico/WorkSpace/ttw-differential/cmssw-aug2024/CMSSW_10_4_0/src/CMGTools/TTHAnalysis/data//fakerate/fr_2018_recorrected.root to FR_mva090_el_data_comb_NC_recorrected
Loading FR_el_i32 from file /nfs/fanae/user/cvico/WorkSpace/ttw-differential/cmssw-aug2024/CMSSW_10_4_0/src/CMGTools/TTHAnalysis/data//fakerate/fr_2018_recorrected.root to FR_mva090_el_data_comb_NC_recorrected_pt1
Loading FR_el_i42 from file /nfs/fanae/user/cvico/WorkSpace/ttw-differential/cmssw-aug2024/CMSSW_10_4_0/src/CMGTools/TTHAnalysis/data//fakerate/fr_2018_recorrected.root to FR_mva090_el_data_comb_NC_recorrected_pt2
Loading FR_mu_i72 from file /nfs/fanae/user/cvico/WorkSpace/ttw-differential/cmssw-aug2024/CMSSW_10_4_0/src/CMGTools/TTHAnalysis/data//fakerate/fr_2018_recorrected.root to FR_mva085_mu_data_comb_recorrected
Loading FR_mu_i12 from file /nfs/fanae/user/cvico/WorkSpace/ttw-differential/cmssw-aug2024/CMSSW_10_4_0/src/CMGTools/TTHAnalysis/data//fakerate/fr_2018_recorrected.root to FR_mva085_mu_data_comb_recorrected_up
Loading FR_mu_i22 from file /nfs/fanae/user/cvico/WorkSpace/ttw-differential/cmssw-aug2024/CMSSW_10_4_0/src/CMGTools/TTHAnalysis/data//fakerate/fr_2018_recorrected.root to FR_mva085_mu_data_comb_recorrected_down
Loading FR_el_i12 from file /nfs/fanae/user/cvico/WorkSpace/ttw-differential/cmssw-aug2024/CMSSW_10_4_0/src/CMGTools/TTHAnalysis/data//fakerate/fr_2018_recorrected.root to FR_mva090_el_data_comb_NC_recorrected_up
Loading FR_el_i22 from file /nfs/fanae/user/cvico/WorkSpace/ttw-differential/cmssw-aug2024/CMSSW_10_4_0/src/CMGTools/TTHAnalysis/data//fakerate/fr_2018_recorrected.root to FR_mva090_el_data_comb_NC_recorrected_down
Loading FR_mu_i52 from file /nfs/fanae/user/cvico/WorkSpace/ttw-differential/cmssw-aug2024/CMSSW_10_4_0/src/CMGTools/TTHAnalysis/data//fakerate/fr_2018_recorrected.root to FR_mva085_mu_data_comb_recorrected_be1
Loading FR_mu_i62 from file /nfs/fanae/user/cvico/WorkSpace/ttw-differential/cmssw-aug2024/CMSSW_10_4_0/src/CMGTools/TTHAnalysis/data//fakerate/fr_2018_recorrected.root to FR_mva085_mu_data_comb_recorrected_be2
Loading FR_mu_i72 from file /nfs/fanae/user/cvico/WorkSpace/ttw-differential/cmssw-aug2024/CMSSW_10_4_0/src/CMGTools/TTHAnalysis/data//fakerate/fr_2018_recorrected.root to FR_mva085_mu_data_comb_recorrected
Loading FR_mu_i12 from file /nfs/fanae/user/cvico/WorkSpace/ttw-differential/cmssw-aug2024/CMSSW_10_4_0/src/CMGTools/TTHAnalysis/data//fakerate/fr_2018_recorrected.root to FR_mva085_mu_data_comb_recorrected_up
Loading FR_mu_i22 from file /nfs/fanae/user/cvico/WorkSpace/ttw-differential/cmssw-aug2024/CMSSW_10_4_0/src/CMGTools/TTHAnalysis/data//fakerate/fr_2018_recorrected.root to FR_mva085_mu_data_comb_recorrected_down
Loading FR_mu_i52 from file /nfs/fanae/user/cvico/WorkSpace/ttw-differential/cmssw-aug2024/CMSSW_10_4_0/src/CMGTools/TTHAnalysis/data//fakerate/fr_2018_recorrected.root to FR_mva085_mu_data_comb_recorrected_be1
Loading FR_mu_i62 from file /nfs/fanae/user/cvico/WorkSpace/ttw-differential/cmssw-aug2024/CMSSW_10_4_0/src/CMGTools/TTHAnalysis/data//fakerate/fr_2018_recorrected.root to FR_mva085_mu_data_comb_recorrected_be2
Loading FR_mu_i32 from file /nfs/fanae/user/cvico/WorkSpace/ttw-differential/cmssw-aug2024/CMSSW_10_4_0/src/CMGTools/TTHAnalysis/data//fakerate/fr_2018_recorrected.root to FR_mva085_mu_data_comb_recorrected_pt1
Loading FR_mu_i42 from file /nfs/fanae/user/cvico/WorkSpace/ttw-differential/cmssw-aug2024/CMSSW_10_4_0/src/CMGTools/TTHAnalysis/data//fakerate/fr_2018_recorrected.root to FR_mva085_mu_data_comb_recorrected_pt2
Loading FR_el_i72 from file /nfs/fanae/user/cvico/WorkSpace/ttw-differential/cmssw-aug2024/CMSSW_10_4_0/src/CMGTools/TTHAnalysis/data//fakerate/fr_2018_recorrected.root to FR_mva090_el_data_comb_NC_recorrected
Loading FR_el_i52 from file /nfs/fanae/user/cvico/WorkSpace/ttw-differential/cmssw-aug2024/CMSSW_10_4_0/src/CMGTools/TTHAnalysis/data//fakerate/fr_2018_recorrected.root to FR_mva090_el_data_comb_NC_recorrected_be1
Loading FR_el_i62 from file /nfs/fanae/user/cvico/WorkSpace/ttw-differential/cmssw-aug2024/CMSSW_10_4_0/src/CMGTools/TTHAnalysis/data//fakerate/fr_2018_recorrected.root to FR_mva090_el_data_comb_NC_recorrected_be2
Loading FR_el_i32 from file /nfs/fanae/user/cvico/WorkSpace/ttw-differential/cmssw-aug2024/CMSSW_10_4_0/src/CMGTools/TTHAnalysis/data//fakerate/fr_2018_recorrected.root to FR_mva090_el_data_comb_NC_recorrected_pt1
Loading FR_el_i42 from file /nfs/fanae/user/cvico/WorkSpace/ttw-differential/cmssw-aug2024/CMSSW_10_4_0/src/CMGTools/TTHAnalysis/data//fakerate/fr_2018_recorrected.root to FR_mva090_el_data_comb_NC_recorrected_pt2
Loading FR_el_i12 from file /nfs/fanae/user/cvico/WorkSpace/ttw-differential/cmssw-aug2024/CMSSW_10_4_0/src/CMGTools/TTHAnalysis/data//fakerate/fr_2018_recorrected.root to FR_mva090_el_data_comb_NC_recorrected_up
Loading FR_el_i22 from file /nfs/fanae/user/cvico/WorkSpace/ttw-differential/cmssw-aug2024/CMSSW_10_4_0/src/CMGTools/TTHAnalysis/data//fakerate/fr_2018_recorrected.root to FR_mva090_el_data_comb_NC_recorrected_down
Loading FR_mu_i72 from file /nfs/fanae/user/cvico/WorkSpace/ttw-differential/cmssw-aug2024/CMSSW_10_4_0/src/CMGTools/TTHAnalysis/data//fakerate/fr_2018_recorrected.root to FR_mva085_mu_data_comb_recorrected
Loading FR_mu_i12 from file /nfs/fanae/user/cvico/WorkSpace/ttw-differential/cmssw-aug2024/CMSSW_10_4_0/src/CMGTools/TTHAnalysis/data//fakerate/fr_2018_recorrected.root to FR_mva085_mu_data_comb_recorrected_up
Loading FR_mu_i22 from file /nfs/fanae/user/cvico/WorkSpace/ttw-differential/cmssw-aug2024/CMSSW_10_4_0/src/CMGTools/TTHAnalysis/data//fakerate/fr_2018_recorrected.root to FR_mva085_mu_data_comb_recorrected_down
Loading FR_mu_i52 from file /nfs/fanae/user/cvico/WorkSpace/ttw-differential/cmssw-aug2024/CMSSW_10_4_0/src/CMGTools/TTHAnalysis/data//fakerate/fr_2018_recorrected.root to FR_mva085_mu_data_comb_recorrected_be1
Loading FR_mu_i62 from file /nfs/fanae/user/cvico/WorkSpace/ttw-differential/cmssw-aug2024/CMSSW_10_4_0/src/CMGTools/TTHAnalysis/data//fakerate/fr_2018_recorrected.root to FR_mva085_mu_data_comb_recorrected_be2
Loading FR_mu_i32 from file /nfs/fanae/user/cvico/WorkSpace/ttw-differential/cmssw-aug2024/CMSSW_10_4_0/src/CMGTools/TTHAnalysis/data//fakerate/fr_2018_recorrected.root to FR_mva085_mu_data_comb_recorrected_pt1
Loading FR_mu_i42 from file /nfs/fanae/user/cvico/WorkSpace/ttw-differential/cmssw-aug2024/CMSSW_10_4_0/src/CMGTools/TTHAnalysis/data//fakerate/fr_2018_recorrected.root to FR_mva085_mu_data_comb_recorrected_pt2
Loading FR_el_i72 from file /nfs/fanae/user/cvico/WorkSpace/ttw-differential/cmssw-aug2024/CMSSW_10_4_0/src/CMGTools/TTHAnalysis/data//fakerate/fr_2018_recorrected.root to FR_mva090_el_data_comb_NC_recorrected
Loading FR_el_i52 from file /nfs/fanae/user/cvico/WorkSpace/ttw-differential/cmssw-aug2024/CMSSW_10_4_0/src/CMGTools/TTHAnalysis/data//fakerate/fr_2018_recorrected.root to FR_mva090_el_data_comb_NC_recorrected_be1
Loading FR_el_i62 from file /nfs/fanae/user/cvico/WorkSpace/ttw-differential/cmssw-aug2024/CMSSW_10_4_0/src/CMGTools/TTHAnalysis/data//fakerate/fr_2018_recorrected.root to FR_mva090_el_data_comb_NC_recorrected_be2
Loading FR_el_i32 from file /nfs/fanae/user/cvico/WorkSpace/ttw-differential/cmssw-aug2024/CMSSW_10_4_0/src/CMGTools/TTHAnalysis/data//fakerate/fr_2018_recorrected.root to FR_mva090_el_data_comb_NC_recorrected_pt1
Loading FR_el_i42 from file /nfs/fanae/user/cvico/WorkSpace/ttw-differential/cmssw-aug2024/CMSSW_10_4_0/src/CMGTools/TTHAnalysis/data//fakerate/fr_2018_recorrected.root to FR_mva090_el_data_comb_NC_recorrected_pt2
Loading FR_el_i12 from file /nfs/fanae/user/cvico/WorkSpace/ttw-differential/cmssw-aug2024/CMSSW_10_4_0/src/CMGTools/TTHAnalysis/data//fakerate/fr_2018_recorrected.root to FR_mva090_el_data_comb_NC_recorrected_up
Loading FR_el_i22 from file /nfs/fanae/user/cvico/WorkSpace/ttw-differential/cmssw-aug2024/CMSSW_10_4_0/src/CMGTools/TTHAnalysis/data//fakerate/fr_2018_recorrected.root to FR_mva090_el_data_comb_NC_recorrected_down
Loading FR_mu_i72 from file /nfs/fanae/user/cvico/WorkSpace/ttw-differential/cmssw-aug2024/CMSSW_10_4_0/src/CMGTools/TTHAnalysis/data//fakerate/fr_2018_recorrected.root to FR_mva085_mu_data_comb_recorrected
Loading FR_mu_i12 from file /nfs/fanae/user/cvico/WorkSpace/ttw-differential/cmssw-aug2024/CMSSW_10_4_0/src/CMGTools/TTHAnalysis/data//fakerate/fr_2018_recorrected.root to FR_mva085_mu_data_comb_recorrected_up
Loading FR_mu_i22 from file /nfs/fanae/user/cvico/WorkSpace/ttw-differential/cmssw-aug2024/CMSSW_10_4_0/src/CMGTools/TTHAnalysis/data//fakerate/fr_2018_recorrected.root to FR_mva085_mu_data_comb_recorrected_down
Loading FR_mu_i52 from file /nfs/fanae/user/cvico/WorkSpace/ttw-differential/cmssw-aug2024/CMSSW_10_4_0/src/CMGTools/TTHAnalysis/data//fakerate/fr_2018_recorrected.root to FR_mva085_mu_data_comb_recorrected_be1
Loading FR_mu_i62 from file /nfs/fanae/user/cvico/WorkSpace/ttw-differential/cmssw-aug2024/CMSSW_10_4_0/src/CMGTools/TTHAnalysis/data//fakerate/fr_2018_recorrected.root to FR_mva085_mu_data_comb_recorrected_be2
Loading FR_el_i12 from file /nfs/fanae/user/cvico/WorkSpace/ttw-differential/cmssw-aug2024/CMSSW_10_4_0/src/CMGTools/TTHAnalysis/data//fakerate/fr_2018_recorrected.root to FR_mva090_el_data_comb_NC_recorrected_up
Loading FR_el_i22 from file /nfs/fanae/user/cvico/WorkSpace/ttw-differential/cmssw-aug2024/CMSSW_10_4_0/src/CMGTools/TTHAnalysis/data//fakerate/fr_2018_recorrected.root to FR_mva090_el_data_comb_NC_recorrected_down
Loading FR_el_i72 from file /nfs/fanae/user/cvico/WorkSpace/ttw-differential/cmssw-aug2024/CMSSW_10_4_0/src/CMGTools/TTHAnalysis/data//fakerate/fr_2018_recorrected.root to FR_mva090_el_data_comb_NC_recorrected
Loading FR_el_i52 from file /nfs/fanae/user/cvico/WorkSpace/ttw-differential/cmssw-aug2024/CMSSW_10_4_0/src/CMGTools/TTHAnalysis/data//fakerate/fr_2018_recorrected.root to FR_mva090_el_data_comb_NC_recorrected_be1
Loading FR_el_i62 from file /nfs/fanae/user/cvico/WorkSpace/ttw-differential/cmssw-aug2024/CMSSW_10_4_0/src/CMGTools/TTHAnalysis/data//fakerate/fr_2018_recorrected.root to FR_mva090_el_data_comb_NC_recorrected_be2
Loading FR_el_i32 from file /nfs/fanae/user/cvico/WorkSpace/ttw-differential/cmssw-aug2024/CMSSW_10_4_0/src/CMGTools/TTHAnalysis/data//fakerate/fr_2018_recorrected.root to FR_mva090_el_data_comb_NC_recorrected_pt1
Loading FR_el_i42 from file /nfs/fanae/user/cvico/WorkSpace/ttw-differential/cmssw-aug2024/CMSSW_10_4_0/src/CMGTools/TTHAnalysis/data//fakerate/fr_2018_recorrected.root to FR_mva090_el_data_comb_NC_recorrected_pt2
Loading FR_mu_i32 from file /nfs/fanae/user/cvico/WorkSpace/ttw-differential/cmssw-aug2024/CMSSW_10_4_0/src/CMGTools/TTHAnalysis/data//fakerate/fr_2018_recorrected.root to FR_mva085_mu_data_comb_recorrected_pt1
Loading FR_mu_i42 from file /nfs/fanae/user/cvico/WorkSpace/ttw-differential/cmssw-aug2024/CMSSW_10_4_0/src/CMGTools/TTHAnalysis/data//fakerate/fr_2018_recorrected.root to FR_mva085_mu_data_comb_recorrected_pt2
Loading FR_mu_i72 from file /nfs/fanae/user/cvico/WorkSpace/ttw-differential/cmssw-aug2024/CMSSW_10_4_0/src/CMGTools/TTHAnalysis/data//fakerate/fr_2018_recorrected.root to FR_mva085_mu_data_comb_recorrected
Loading FR_mu_i12 from file /nfs/fanae/user/cvico/WorkSpace/ttw-differential/cmssw-aug2024/CMSSW_10_4_0/src/CMGTools/TTHAnalysis/data//fakerate/fr_2018_recorrected.root to FR_mva085_mu_data_comb_recorrected_up
Loading FR_mu_i22 from file /nfs/fanae/user/cvico/WorkSpace/ttw-differential/cmssw-aug2024/CMSSW_10_4_0/src/CMGTools/TTHAnalysis/data//fakerate/fr_2018_recorrected.root to FR_mva085_mu_data_comb_recorrected_down
Loading FR_mu_i52 from file /nfs/fanae/user/cvico/WorkSpace/ttw-differential/cmssw-aug2024/CMSSW_10_4_0/src/CMGTools/TTHAnalysis/data//fakerate/fr_2018_recorrected.root to FR_mva085_mu_data_comb_recorrected_be1
Loading FR_mu_i62 from file /nfs/fanae/user/cvico/WorkSpace/ttw-differential/cmssw-aug2024/CMSSW_10_4_0/src/CMGTools/TTHAnalysis/data//fakerate/fr_2018_recorrected.root to FR_mva085_mu_data_comb_recorrected_be2
Loading FR_mu_i32 from file /nfs/fanae/user/cvico/WorkSpace/ttw-differential/cmssw-aug2024/CMSSW_10_4_0/src/CMGTools/TTHAnalysis/data//fakerate/fr_2018_recorrected.root to FR_mva085_mu_data_comb_recorrected_pt1
Loading FR_mu_i42 from file /nfs/fanae/user/cvico/WorkSpace/ttw-differential/cmssw-aug2024/CMSSW_10_4_0/src/CMGTools/TTHAnalysis/data//fakerate/fr_2018_recorrected.root to FR_mva085_mu_data_comb_recorrected_pt2
Loading FR_el_i72 from file /nfs/fanae/user/cvico/WorkSpace/ttw-differential/cmssw-aug2024/CMSSW_10_4_0/src/CMGTools/TTHAnalysis/data//fakerate/fr_2018_recorrected.root to FR_mva090_el_data_comb_NC_recorrected
Loading FR_el_i52 from file /nfs/fanae/user/cvico/WorkSpace/ttw-differential/cmssw-aug2024/CMSSW_10_4_0/src/CMGTools/TTHAnalysis/data//fakerate/fr_2018_recorrected.root to FR_mva090_el_data_comb_NC_recorrected_be1
Loading FR_el_i62 from file /nfs/fanae/user/cvico/WorkSpace/ttw-differential/cmssw-aug2024/CMSSW_10_4_0/src/CMGTools/TTHAnalysis/data//fakerate/fr_2018_recorrected.root to FR_mva090_el_data_comb_NC_recorrected_be2
Loading FR_el_i32 from file /nfs/fanae/user/cvico/WorkSpace/ttw-differential/cmssw-aug2024/CMSSW_10_4_0/src/CMGTools/TTHAnalysis/data//fakerate/fr_2018_recorrected.root to FR_mva090_el_data_comb_NC_recorrected_pt1
Loading FR_el_i42 from file /nfs/fanae/user/cvico/WorkSpace/ttw-differential/cmssw-aug2024/CMSSW_10_4_0/src/CMGTools/TTHAnalysis/data//fakerate/fr_2018_recorrected.root to FR_mva090_el_data_comb_NC_recorrected_pt2
Loading FR_el_i12 from file /nfs/fanae/user/cvico/WorkSpace/ttw-differential/cmssw-aug2024/CMSSW_10_4_0/src/CMGTools/TTHAnalysis/data//fakerate/fr_2018_recorrected.root to FR_mva090_el_data_comb_NC_recorrected_up
Loading FR_el_i22 from file /nfs/fanae/user/cvico/WorkSpace/ttw-differential/cmssw-aug2024/CMSSW_10_4_0/src/CMGTools/TTHAnalysis/data//fakerate/fr_2018_recorrected.root to FR_mva090_el_data_comb_NC_recorrected_down
Loading FR_mu_i72 from file /nfs/fanae/user/cvico/WorkSpace/ttw-differential/cmssw-aug2024/CMSSW_10_4_0/src/CMGTools/TTHAnalysis/data//fakerate/fr_2018_recorrected.root to FR_mva085_mu_data_comb_recorrected
Loading FR_mu_i12 from file /nfs/fanae/user/cvico/WorkSpace/ttw-differential/cmssw-aug2024/CMSSW_10_4_0/src/CMGTools/TTHAnalysis/data//fakerate/fr_2018_recorrected.root to FR_mva085_mu_data_comb_recorrected_up
Loading FR_mu_i22 from file /nfs/fanae/user/cvico/WorkSpace/ttw-differential/cmssw-aug2024/CMSSW_10_4_0/src/CMGTools/TTHAnalysis/data//fakerate/fr_2018_recorrected.root to FR_mva085_mu_data_comb_recorrected_down
Loading FR_mu_i52 from file /nfs/fanae/user/cvico/WorkSpace/ttw-differential/cmssw-aug2024/CMSSW_10_4_0/src/CMGTools/TTHAnalysis/data//fakerate/fr_2018_recorrected.root to FR_mva085_mu_data_comb_recorrected_be1
Loading FR_mu_i62 from file /nfs/fanae/user/cvico/WorkSpace/ttw-differential/cmssw-aug2024/CMSSW_10_4_0/src/CMGTools/TTHAnalysis/data//fakerate/fr_2018_recorrected.root to FR_mva085_mu_data_comb_recorrected_be2
Loading FR_mu_i32 from file /nfs/fanae/user/cvico/WorkSpace/ttw-differential/cmssw-aug2024/CMSSW_10_4_0/src/CMGTools/TTHAnalysis/data//fakerate/fr_2018_recorrected.root to FR_mva085_mu_data_comb_recorrected_pt1
Loading FR_mu_i42 from file /nfs/fanae/user/cvico/WorkSpace/ttw-differential/cmssw-aug2024/CMSSW_10_4_0/src/CMGTools/TTHAnalysis/data//fakerate/fr_2018_recorrected.root to FR_mva085_mu_data_comb_recorrected_pt2
Loading FR_el_i72 from file /nfs/fanae/user/cvico/WorkSpace/ttw-differential/cmssw-aug2024/CMSSW_10_4_0/src/CMGTools/TTHAnalysis/data//fakerate/fr_2018_recorrected.root to FR_mva090_el_data_comb_NC_recorrected
Loading FR_el_i52 from file /nfs/fanae/user/cvico/WorkSpace/ttw-differential/cmssw-aug2024/CMSSW_10_4_0/src/CMGTools/TTHAnalysis/data//fakerate/fr_2018_recorrected.root to FR_mva090_el_data_comb_NC_recorrected_be1
Loading FR_el_i62 from file /nfs/fanae/user/cvico/WorkSpace/ttw-differential/cmssw-aug2024/CMSSW_10_4_0/src/CMGTools/TTHAnalysis/data//fakerate/fr_2018_recorrected.root to FR_mva090_el_data_comb_NC_recorrected_be2
Loading FR_el_i32 from file /nfs/fanae/user/cvico/WorkSpace/ttw-differential/cmssw-aug2024/CMSSW_10_4_0/src/CMGTools/TTHAnalysis/data//fakerate/fr_2018_recorrected.root to FR_mva090_el_data_comb_NC_recorrected_pt1
Loading FR_el_i42 from file /nfs/fanae/user/cvico/WorkSpace/ttw-differential/cmssw-aug2024/CMSSW_10_4_0/src/CMGTools/TTHAnalysis/data//fakerate/fr_2018_recorrected.root to FR_mva090_el_data_comb_NC_recorrected_pt2
Loading FR_el_i12 from file /nfs/fanae/user/cvico/WorkSpace/ttw-differential/cmssw-aug2024/CMSSW_10_4_0/src/CMGTools/TTHAnalysis/data//fakerate/fr_2018_recorrected.root to FR_mva090_el_data_comb_NC_recorrected_up
Loading FR_el_i22 from file /nfs/fanae/user/cvico/WorkSpace/ttw-differential/cmssw-aug2024/CMSSW_10_4_0/src/CMGTools/TTHAnalysis/data//fakerate/fr_2018_recorrected.root to FR_mva090_el_data_comb_NC_recorrected_down
Loading FR_mu_i72 from file /nfs/fanae/user/cvico/WorkSpace/ttw-differential/cmssw-aug2024/CMSSW_10_4_0/src/CMGTools/TTHAnalysis/data//fakerate/fr_2018_recorrected.root to FR_mva085_mu_data_comb_recorrected
Loading FR_mu_i12 from file /nfs/fanae/user/cvico/WorkSpace/ttw-differential/cmssw-aug2024/CMSSW_10_4_0/src/CMGTools/TTHAnalysis/data//fakerate/fr_2018_recorrected.root to FR_mva085_mu_data_comb_recorrected_up
Loading FR_mu_i22 from file /nfs/fanae/user/cvico/WorkSpace/ttw-differential/cmssw-aug2024/CMSSW_10_4_0/src/CMGTools/TTHAnalysis/data//fakerate/fr_2018_recorrected.root to FR_mva085_mu_data_comb_recorrected_down
Loading FR_mu_i52 from file /nfs/fanae/user/cvico/WorkSpace/ttw-differential/cmssw-aug2024/CMSSW_10_4_0/src/CMGTools/TTHAnalysis/data//fakerate/fr_2018_recorrected.root to FR_mva085_mu_data_comb_recorrected_be1
Loading FR_mu_i62 from file /nfs/fanae/user/cvico/WorkSpace/ttw-differential/cmssw-aug2024/CMSSW_10_4_0/src/CMGTools/TTHAnalysis/data//fakerate/fr_2018_recorrected.root to FR_mva085_mu_data_comb_recorrected_be2
Loading FR_mu_i32 from file /nfs/fanae/user/cvico/WorkSpace/ttw-differential/cmssw-aug2024/CMSSW_10_4_0/src/CMGTools/TTHAnalysis/data//fakerate/fr_2018_recorrected.root to FR_mva085_mu_data_comb_recorrected_pt1
Loading FR_mu_i42 from file /nfs/fanae/user/cvico/WorkSpace/ttw-differential/cmssw-aug2024/CMSSW_10_4_0/src/CMGTools/TTHAnalysis/data//fakerate/fr_2018_recorrected.root to FR_mva085_mu_data_comb_recorrected_pt2
Loading FR_el_i72 from file /nfs/fanae/user/cvico/WorkSpace/ttw-differential/cmssw-aug2024/CMSSW_10_4_0/src/CMGTools/TTHAnalysis/data//fakerate/fr_2018_recorrected.root to FR_mva090_el_data_comb_NC_recorrected
Loading FR_el_i52 from file /nfs/fanae/user/cvico/WorkSpace/ttw-differential/cmssw-aug2024/CMSSW_10_4_0/src/CMGTools/TTHAnalysis/data//fakerate/fr_2018_recorrected.root to FR_mva090_el_data_comb_NC_recorrected_be1
Loading FR_el_i62 from file /nfs/fanae/user/cvico/WorkSpace/ttw-differential/cmssw-aug2024/CMSSW_10_4_0/src/CMGTools/TTHAnalysis/data//fakerate/fr_2018_recorrected.root to FR_mva090_el_data_comb_NC_recorrected_be2
Loading FR_el_i32 from file /nfs/fanae/user/cvico/WorkSpace/ttw-differential/cmssw-aug2024/CMSSW_10_4_0/src/CMGTools/TTHAnalysis/data//fakerate/fr_2018_recorrected.root to FR_mva090_el_data_comb_NC_recorrected_pt1
Loading FR_el_i42 from file /nfs/fanae/user/cvico/WorkSpace/ttw-differential/cmssw-aug2024/CMSSW_10_4_0/src/CMGTools/TTHAnalysis/data//fakerate/fr_2018_recorrected.root to FR_mva090_el_data_comb_NC_recorrected_pt2
Loading FR_el_i12 from file /nfs/fanae/user/cvico/WorkSpace/ttw-differential/cmssw-aug2024/CMSSW_10_4_0/src/CMGTools/TTHAnalysis/data//fakerate/fr_2018_recorrected.root to FR_mva090_el_data_comb_NC_recorrected_up
Loading FR_el_i22 from file /nfs/fanae/user/cvico/WorkSpace/ttw-differential/cmssw-aug2024/CMSSW_10_4_0/src/CMGTools/TTHAnalysis/data//fakerate/fr_2018_recorrected.root to FR_mva090_el_data_comb_NC_recorrected_down
Loading FR_mu_i72 from file /nfs/fanae/user/cvico/WorkSpace/ttw-differential/cmssw-aug2024/CMSSW_10_4_0/src/CMGTools/TTHAnalysis/data//fakerate/fr_2018_recorrected.root to FR_mva085_mu_data_comb_recorrected
Loading FR_mu_i12 from file /nfs/fanae/user/cvico/WorkSpace/ttw-differential/cmssw-aug2024/CMSSW_10_4_0/src/CMGTools/TTHAnalysis/data//fakerate/fr_2018_recorrected.root to FR_mva085_mu_data_comb_recorrected_up
Loading FR_mu_i22 from file /nfs/fanae/user/cvico/WorkSpace/ttw-differential/cmssw-aug2024/CMSSW_10_4_0/src/CMGTools/TTHAnalysis/data//fakerate/fr_2018_recorrected.root to FR_mva085_mu_data_comb_recorrected_down
Loading FR_mu_i52 from file /nfs/fanae/user/cvico/WorkSpace/ttw-differential/cmssw-aug2024/CMSSW_10_4_0/src/CMGTools/TTHAnalysis/data//fakerate/fr_2018_recorrected.root to FR_mva085_mu_data_comb_recorrected_be1
Loading FR_mu_i62 from file /nfs/fanae/user/cvico/WorkSpace/ttw-differential/cmssw-aug2024/CMSSW_10_4_0/src/CMGTools/TTHAnalysis/data//fakerate/fr_2018_recorrected.root to FR_mva085_mu_data_comb_recorrected_be2
Loading FR_mu_i32 from file /nfs/fanae/user/cvico/WorkSpace/ttw-differential/cmssw-aug2024/CMSSW_10_4_0/src/CMGTools/TTHAnalysis/data//fakerate/fr_2018_recorrected.root to FR_mva085_mu_data_comb_recorrected_pt1
Loading FR_mu_i42 from file /nfs/fanae/user/cvico/WorkSpace/ttw-differential/cmssw-aug2024/CMSSW_10_4_0/src/CMGTools/TTHAnalysis/data//fakerate/fr_2018_recorrected.root to FR_mva085_mu_data_comb_recorrected_pt2
Loading FR_el_i72 from file /nfs/fanae/user/cvico/WorkSpace/ttw-differential/cmssw-aug2024/CMSSW_10_4_0/src/CMGTools/TTHAnalysis/data//fakerate/fr_2018_recorrected.root to FR_mva090_el_data_comb_NC_recorrected
Loading FR_el_i52 from file /nfs/fanae/user/cvico/WorkSpace/ttw-differential/cmssw-aug2024/CMSSW_10_4_0/src/CMGTools/TTHAnalysis/data//fakerate/fr_2018_recorrected.root to FR_mva090_el_data_comb_NC_recorrected_be1
Loading FR_el_i62 from file /nfs/fanae/user/cvico/WorkSpace/ttw-differential/cmssw-aug2024/CMSSW_10_4_0/src/CMGTools/TTHAnalysis/data//fakerate/fr_2018_recorrected.root to FR_mva090_el_data_comb_NC_recorrected_be2
Loading FR_el_i32 from file /nfs/fanae/user/cvico/WorkSpace/ttw-differential/cmssw-aug2024/CMSSW_10_4_0/src/CMGTools/TTHAnalysis/data//fakerate/fr_2018_recorrected.root to FR_mva090_el_data_comb_NC_recorrected_pt1
Loading FR_el_i42 from file /nfs/fanae/user/cvico/WorkSpace/ttw-differential/cmssw-aug2024/CMSSW_10_4_0/src/CMGTools/TTHAnalysis/data//fakerate/fr_2018_recorrected.root to FR_mva090_el_data_comb_NC_recorrected_pt2
Loading FR_el_i12 from file /nfs/fanae/user/cvico/WorkSpace/ttw-differential/cmssw-aug2024/CMSSW_10_4_0/src/CMGTools/TTHAnalysis/data//fakerate/fr_2018_recorrected.root to FR_mva090_el_data_comb_NC_recorrected_up
Loading FR_el_i22 from file /nfs/fanae/user/cvico/WorkSpace/ttw-differential/cmssw-aug2024/CMSSW_10_4_0/src/CMGTools/TTHAnalysis/data//fakerate/fr_2018_recorrected.root to FR_mva090_el_data_comb_NC_recorrected_down
Loading FR_mu_i72 from file /nfs/fanae/user/cvico/WorkSpace/ttw-differential/cmssw-aug2024/CMSSW_10_4_0/src/CMGTools/TTHAnalysis/data//fakerate/fr_2018_recorrected.root to FR_mva085_mu_data_comb_recorrected
Loading FR_mu_i12 from file /nfs/fanae/user/cvico/WorkSpace/ttw-differential/cmssw-aug2024/CMSSW_10_4_0/src/CMGTools/TTHAnalysis/data//fakerate/fr_2018_recorrected.root to FR_mva085_mu_data_comb_recorrected_up
Loading FR_mu_i22 from file /nfs/fanae/user/cvico/WorkSpace/ttw-differential/cmssw-aug2024/CMSSW_10_4_0/src/CMGTools/TTHAnalysis/data//fakerate/fr_2018_recorrected.root to FR_mva085_mu_data_comb_recorrected_down
Loading FR_mu_i52 from file /nfs/fanae/user/cvico/WorkSpace/ttw-differential/cmssw-aug2024/CMSSW_10_4_0/src/CMGTools/TTHAnalysis/data//fakerate/fr_2018_recorrected.root to FR_mva085_mu_data_comb_recorrected_be1
Loading FR_mu_i62 from file /nfs/fanae/user/cvico/WorkSpace/ttw-differential/cmssw-aug2024/CMSSW_10_4_0/src/CMGTools/TTHAnalysis/data//fakerate/fr_2018_recorrected.root to FR_mva085_mu_data_comb_recorrected_be2
Loading FR_mu_i32 from file /nfs/fanae/user/cvico/WorkSpace/ttw-differential/cmssw-aug2024/CMSSW_10_4_0/src/CMGTools/TTHAnalysis/data//fakerate/fr_2018_recorrected.root to FR_mva085_mu_data_comb_recorrected_pt1
Loading FR_mu_i42 from file /nfs/fanae/user/cvico/WorkSpace/ttw-differential/cmssw-aug2024/CMSSW_10_4_0/src/CMGTools/TTHAnalysis/data//fakerate/fr_2018_recorrected.root to FR_mva085_mu_data_comb_recorrected_pt2
Loading FR_el_i72 from file /nfs/fanae/user/cvico/WorkSpace/ttw-differential/cmssw-aug2024/CMSSW_10_4_0/src/CMGTools/TTHAnalysis/data//fakerate/fr_2018_recorrected.root to FR_mva090_el_data_comb_NC_recorrected
Loading FR_el_i52 from file /nfs/fanae/user/cvico/WorkSpace/ttw-differential/cmssw-aug2024/CMSSW_10_4_0/src/CMGTools/TTHAnalysis/data//fakerate/fr_2018_recorrected.root to FR_mva090_el_data_comb_NC_recorrected_be1
Loading FR_el_i62 from file /nfs/fanae/user/cvico/WorkSpace/ttw-differential/cmssw-aug2024/CMSSW_10_4_0/src/CMGTools/TTHAnalysis/data//fakerate/fr_2018_recorrected.root to FR_mva090_el_data_comb_NC_recorrected_be2
Loading FR_el_i32 from file /nfs/fanae/user/cvico/WorkSpace/ttw-differential/cmssw-aug2024/CMSSW_10_4_0/src/CMGTools/TTHAnalysis/data//fakerate/fr_2018_recorrected.root to FR_mva090_el_data_comb_NC_recorrected_pt1
Loading FR_el_i42 from file /nfs/fanae/user/cvico/WorkSpace/ttw-differential/cmssw-aug2024/CMSSW_10_4_0/src/CMGTools/TTHAnalysis/data//fakerate/fr_2018_recorrected.root to FR_mva090_el_data_comb_NC_recorrected_pt2
Loading FR_el_i12 from file /nfs/fanae/user/cvico/WorkSpace/ttw-differential/cmssw-aug2024/CMSSW_10_4_0/src/CMGTools/TTHAnalysis/data//fakerate/fr_2018_recorrected.root to FR_mva090_el_data_comb_NC_recorrected_up
Loading FR_el_i22 from file /nfs/fanae/user/cvico/WorkSpace/ttw-differential/cmssw-aug2024/CMSSW_10_4_0/src/CMGTools/TTHAnalysis/data//fakerate/fr_2018_recorrected.root to FR_mva090_el_data_comb_NC_recorrected_down
Loading FR_mu_i72 from file /nfs/fanae/user/cvico/WorkSpace/ttw-differential/cmssw-aug2024/CMSSW_10_4_0/src/CMGTools/TTHAnalysis/data//fakerate/fr_2018_recorrected.root to FR_mva085_mu_data_comb_recorrected
Loading FR_mu_i12 from file /nfs/fanae/user/cvico/WorkSpace/ttw-differential/cmssw-aug2024/CMSSW_10_4_0/src/CMGTools/TTHAnalysis/data//fakerate/fr_2018_recorrected.root to FR_mva085_mu_data_comb_recorrected_up
Loading FR_mu_i22 from file /nfs/fanae/user/cvico/WorkSpace/ttw-differential/cmssw-aug2024/CMSSW_10_4_0/src/CMGTools/TTHAnalysis/data//fakerate/fr_2018_recorrected.root to FR_mva085_mu_data_comb_recorrected_down
Loading FR_mu_i52 from file /nfs/fanae/user/cvico/WorkSpace/ttw-differential/cmssw-aug2024/CMSSW_10_4_0/src/CMGTools/TTHAnalysis/data//fakerate/fr_2018_recorrected.root to FR_mva085_mu_data_comb_recorrected_be1
Loading FR_mu_i62 from file /nfs/fanae/user/cvico/WorkSpace/ttw-differential/cmssw-aug2024/CMSSW_10_4_0/src/CMGTools/TTHAnalysis/data//fakerate/fr_2018_recorrected.root to FR_mva085_mu_data_comb_recorrected_be2
Loading FR_mu_i32 from file /nfs/fanae/user/cvico/WorkSpace/ttw-differential/cmssw-aug2024/CMSSW_10_4_0/src/CMGTools/TTHAnalysis/data//fakerate/fr_2018_recorrected.root to FR_mva085_mu_data_comb_recorrected_pt1
Loading FR_mu_i42 from file /nfs/fanae/user/cvico/WorkSpace/ttw-differential/cmssw-aug2024/CMSSW_10_4_0/src/CMGTools/TTHAnalysis/data//fakerate/fr_2018_recorrected.root to FR_mva085_mu_data_comb_recorrected_pt2
Loading FR_el_i72 from file /nfs/fanae/user/cvico/WorkSpace/ttw-differential/cmssw-aug2024/CMSSW_10_4_0/src/CMGTools/TTHAnalysis/data//fakerate/fr_2018_recorrected.root to FR_mva090_el_data_comb_NC_recorrected
Loading FR_el_i52 from file /nfs/fanae/user/cvico/WorkSpace/ttw-differential/cmssw-aug2024/CMSSW_10_4_0/src/CMGTools/TTHAnalysis/data//fakerate/fr_2018_recorrected.root to FR_mva090_el_data_comb_NC_recorrected_be1
Loading FR_el_i62 from file /nfs/fanae/user/cvico/WorkSpace/ttw-differential/cmssw-aug2024/CMSSW_10_4_0/src/CMGTools/TTHAnalysis/data//fakerate/fr_2018_recorrected.root to FR_mva090_el_data_comb_NC_recorrected_be2
Loading FR_el_i32 from file /nfs/fanae/user/cvico/WorkSpace/ttw-differential/cmssw-aug2024/CMSSW_10_4_0/src/CMGTools/TTHAnalysis/data//fakerate/fr_2018_recorrected.root to FR_mva090_el_data_comb_NC_recorrected_pt1
Loading FR_el_i42 from file /nfs/fanae/user/cvico/WorkSpace/ttw-differential/cmssw-aug2024/CMSSW_10_4_0/src/CMGTools/TTHAnalysis/data//fakerate/fr_2018_recorrected.root to FR_mva090_el_data_comb_NC_recorrected_pt2
Loading FR_el_i12 from file /nfs/fanae/user/cvico/WorkSpace/ttw-differential/cmssw-aug2024/CMSSW_10_4_0/src/CMGTools/TTHAnalysis/data//fakerate/fr_2018_recorrected.root to FR_mva090_el_data_comb_NC_recorrected_up
Loading FR_el_i22 from file /nfs/fanae/user/cvico/WorkSpace/ttw-differential/cmssw-aug2024/CMSSW_10_4_0/src/CMGTools/TTHAnalysis/data//fakerate/fr_2018_recorrected.root to FR_mva090_el_data_comb_NC_recorrected_down
Loading FR_mu_i72 from file /nfs/fanae/user/cvico/WorkSpace/ttw-differential/cmssw-aug2024/CMSSW_10_4_0/src/CMGTools/TTHAnalysis/data//fakerate/fr_2018_recorrected.root to FR_mva085_mu_data_comb_recorrected
Loading FR_mu_i12 from file /nfs/fanae/user/cvico/WorkSpace/ttw-differential/cmssw-aug2024/CMSSW_10_4_0/src/CMGTools/TTHAnalysis/data//fakerate/fr_2018_recorrected.root to FR_mva085_mu_data_comb_recorrected_up
Loading FR_mu_i22 from file /nfs/fanae/user/cvico/WorkSpace/ttw-differential/cmssw-aug2024/CMSSW_10_4_0/src/CMGTools/TTHAnalysis/data//fakerate/fr_2018_recorrected.root to FR_mva085_mu_data_comb_recorrected_down
Loading FR_mu_i52 from file /nfs/fanae/user/cvico/WorkSpace/ttw-differential/cmssw-aug2024/CMSSW_10_4_0/src/CMGTools/TTHAnalysis/data//fakerate/fr_2018_recorrected.root to FR_mva085_mu_data_comb_recorrected_be1
Loading FR_mu_i62 from file /nfs/fanae/user/cvico/WorkSpace/ttw-differential/cmssw-aug2024/CMSSW_10_4_0/src/CMGTools/TTHAnalysis/data//fakerate/fr_2018_recorrected.root to FR_mva085_mu_data_comb_recorrected_be2
Loading FR_mu_i32 from file /nfs/fanae/user/cvico/WorkSpace/ttw-differential/cmssw-aug2024/CMSSW_10_4_0/src/CMGTools/TTHAnalysis/data//fakerate/fr_2018_recorrected.root to FR_mva085_mu_data_comb_recorrected_pt1
Loading FR_mu_i42 from file /nfs/fanae/user/cvico/WorkSpace/ttw-differential/cmssw-aug2024/CMSSW_10_4_0/src/CMGTools/TTHAnalysis/data//fakerate/fr_2018_recorrected.root to FR_mva085_mu_data_comb_recorrected_pt2
Loading FR_el_i72 from file /nfs/fanae/user/cvico/WorkSpace/ttw-differential/cmssw-aug2024/CMSSW_10_4_0/src/CMGTools/TTHAnalysis/data//fakerate/fr_2018_recorrected.root to FR_mva090_el_data_comb_NC_recorrected
Loading FR_el_i52 from file /nfs/fanae/user/cvico/WorkSpace/ttw-differential/cmssw-aug2024/CMSSW_10_4_0/src/CMGTools/TTHAnalysis/data//fakerate/fr_2018_recorrected.root to FR_mva090_el_data_comb_NC_recorrected_be1
Loading FR_el_i62 from file /nfs/fanae/user/cvico/WorkSpace/ttw-differential/cmssw-aug2024/CMSSW_10_4_0/src/CMGTools/TTHAnalysis/data//fakerate/fr_2018_recorrected.root to FR_mva090_el_data_comb_NC_recorrected_be2
Loading FR_el_i32 from file /nfs/fanae/user/cvico/WorkSpace/ttw-differential/cmssw-aug2024/CMSSW_10_4_0/src/CMGTools/TTHAnalysis/data//fakerate/fr_2018_recorrected.root to FR_mva090_el_data_comb_NC_recorrected_pt1
Loading FR_el_i42 from file /nfs/fanae/user/cvico/WorkSpace/ttw-differential/cmssw-aug2024/CMSSW_10_4_0/src/CMGTools/TTHAnalysis/data//fakerate/fr_2018_recorrected.root to FR_mva090_el_data_comb_NC_recorrected_pt2
Loading FR_el_i12 from file /nfs/fanae/user/cvico/WorkSpace/ttw-differential/cmssw-aug2024/CMSSW_10_4_0/src/CMGTools/TTHAnalysis/data//fakerate/fr_2018_recorrected.root to FR_mva090_el_data_comb_NC_recorrected_up
Loading FR_el_i22 from file /nfs/fanae/user/cvico/WorkSpace/ttw-differential/cmssw-aug2024/CMSSW_10_4_0/src/CMGTools/TTHAnalysis/data//fakerate/fr_2018_recorrected.root to FR_mva090_el_data_comb_NC_recorrected_down
Loading FR_mu_i72 from file /nfs/fanae/user/cvico/WorkSpace/ttw-differential/cmssw-aug2024/CMSSW_10_4_0/src/CMGTools/TTHAnalysis/data//fakerate/fr_2018_recorrected.root to FR_mva085_mu_data_comb_recorrected
Loading FR_mu_i12 from file /nfs/fanae/user/cvico/WorkSpace/ttw-differential/cmssw-aug2024/CMSSW_10_4_0/src/CMGTools/TTHAnalysis/data//fakerate/fr_2018_recorrected.root to FR_mva085_mu_data_comb_recorrected_up
Loading FR_mu_i22 from file /nfs/fanae/user/cvico/WorkSpace/ttw-differential/cmssw-aug2024/CMSSW_10_4_0/src/CMGTools/TTHAnalysis/data//fakerate/fr_2018_recorrected.root to FR_mva085_mu_data_comb_recorrected_down
Loading FR_mu_i52 from file /nfs/fanae/user/cvico/WorkSpace/ttw-differential/cmssw-aug2024/CMSSW_10_4_0/src/CMGTools/TTHAnalysis/data//fakerate/fr_2018_recorrected.root to FR_mva085_mu_data_comb_recorrected_be1
Loading FR_mu_i62 from file /nfs/fanae/user/cvico/WorkSpace/ttw-differential/cmssw-aug2024/CMSSW_10_4_0/src/CMGTools/TTHAnalysis/data//fakerate/fr_2018_recorrected.root to FR_mva085_mu_data_comb_recorrected_be2
Loading FR_mu_i32 from file /nfs/fanae/user/cvico/WorkSpace/ttw-differential/cmssw-aug2024/CMSSW_10_4_0/src/CMGTools/TTHAnalysis/data//fakerate/fr_2018_recorrected.root to FR_mva085_mu_data_comb_recorrected_pt1
Loading FR_mu_i42 from file /nfs/fanae/user/cvico/WorkSpace/ttw-differential/cmssw-aug2024/CMSSW_10_4_0/src/CMGTools/TTHAnalysis/data//fakerate/fr_2018_recorrected.root to FR_mva085_mu_data_comb_recorrected_pt2
Loading FR_el_i72 from file /nfs/fanae/user/cvico/WorkSpace/ttw-differential/cmssw-aug2024/CMSSW_10_4_0/src/CMGTools/TTHAnalysis/data//fakerate/fr_2018_recorrected.root to FR_mva090_el_data_comb_NC_recorrected
Loading FR_el_i52 from file /nfs/fanae/user/cvico/WorkSpace/ttw-differential/cmssw-aug2024/CMSSW_10_4_0/src/CMGTools/TTHAnalysis/data//fakerate/fr_2018_recorrected.root to FR_mva090_el_data_comb_NC_recorrected_be1
Loading FR_el_i62 from file /nfs/fanae/user/cvico/WorkSpace/ttw-differential/cmssw-aug2024/CMSSW_10_4_0/src/CMGTools/TTHAnalysis/data//fakerate/fr_2018_recorrected.root to FR_mva090_el_data_comb_NC_recorrected_be2
Loading FR_el_i32 from file /nfs/fanae/user/cvico/WorkSpace/ttw-differential/cmssw-aug2024/CMSSW_10_4_0/src/CMGTools/TTHAnalysis/data//fakerate/fr_2018_recorrected.root to FR_mva090_el_data_comb_NC_recorrected_pt1
Loading FR_el_i42 from file /nfs/fanae/user/cvico/WorkSpace/ttw-differential/cmssw-aug2024/CMSSW_10_4_0/src/CMGTools/TTHAnalysis/data//fakerate/fr_2018_recorrected.root to FR_mva090_el_data_comb_NC_recorrected_pt2
Loading FR_el_i12 from file /nfs/fanae/user/cvico/WorkSpace/ttw-differential/cmssw-aug2024/CMSSW_10_4_0/src/CMGTools/TTHAnalysis/data//fakerate/fr_2018_recorrected.root to FR_mva090_el_data_comb_NC_recorrected_up
Loading FR_el_i22 from file /nfs/fanae/user/cvico/WorkSpace/ttw-differential/cmssw-aug2024/CMSSW_10_4_0/src/CMGTools/TTHAnalysis/data//fakerate/fr_2018_recorrected.root to FR_mva090_el_data_comb_NC_recorrected_down
Warning: big shift in template for ttW_2lss_0tau_njets_7bins_2018_positive_mm TTW_njets_7bins_bin4 CMS_res_j_endcap1_2018 0 in bin 1: variation = 0.00332366
Warning: big shift in template for ttW_2lss_0tau_njets_7bins_2018_positive_mm TTW_njets_7bins_bin4 CMS_res_j_endcap1_2018 1 in bin 1: variation = 300.873
Warning: big shift in template for ttW_2lss_0tau_njets_7bins_2018_positive_mm Rares CMS_scale_j_FlavorPureGluon 1 in bin 1: variation = 13.9149
Warning: big shift in template for ttW_2lss_0tau_njets_7bins_2018_positive_mm TTW_njets_7bins_bin4 CMS_scale_j_RelativeSample_2018 0 in bin 1: variation = 0.0033318
Warning: big shift in template for ttW_2lss_0tau_njets_7bins_2018_positive_mm TTW_njets_7bins_bin4 CMS_scale_j_RelativeSample_2018 1 in bin 1: variation = 300.138
Warning: big shift in template for ttW_2lss_0tau_njets_7bins_2018_positive_mm TTW_njets_7bins_bin4 CMS_ttWl_btag_LF 0 in bin 1: variation = 15.75
Warning: big shift in template for ttW_2lss_0tau_njets_7bins_2018_positive_mm TTW_njets_7bins_bin4 CMS_ttWl_pileup 0 in bin 1: variation = 0.0328195
Warning: big shift in template for ttW_2lss_0tau_njets_7bins_2018_positive_mm TTW_njets_7bins_bin4 CMS_ttWl_pileup 1 in bin 1: variation = 30.4697
Warning: big shift in template for ttW_2lss_0tau_njets_7bins_2018_positive_mm TTW_njets_7bins_bin4 CMS_ttWl_thu_shape_ttW_muR 0 in bin 1: variation = 42.345
Warning: big shift in template for ttW_2lss_0tau_njets_7bins_2018_positive_mm TTW_njets_7bins_bin4 ISR_ttW 0 in bin 1: variation = 0.0105689
Warning: big shift in template for ttW_2lss_0tau_njets_7bins_2018_positive_mm TTW_njets_7bins_bin4 ISR_ttW 1 in bin 1: variation = 94.6168
Wrote to cards/cards/22Aug/unblinded/2lss/njets_7bins/ttW_2lss_0tau_njets_7bins_2018_positive_mm.txt and cards/cards/22Aug/unblinded/2lss/njets_7bins/ttW_2lss_0tau_njets_7bins_2018_positive_mm.root 
