WARNING: the default behaviour of PostFitShapesFromWorkspace is to use the covariance matrix sampling method for the post-fit uncertainty. The option --sampling is deprecated and will be removed in future versions of CombineHarvester
[SetFlag] Changing value of flag "workspaces-use-clone" from 0 to 1
[#1] INFO:ObjectHandling -- RooWorkspace::import(w) importing dataset ch1
[#1] INFO:ObjectHandling -- RooWorkspace::import(w) importing dataset ch10
[#1] INFO:ObjectHandling -- RooWorkspace::import(w) importing dataset ch11
[#1] INFO:ObjectHandling -- RooWorkspace::import(w) importing dataset ch12
[#1] INFO:ObjectHandling -- RooWorkspace::import(w) importing dataset ch2
[#1] INFO:ObjectHandling -- RooWorkspace::import(w) importing dataset ch3
[#1] INFO:ObjectHandling -- RooWorkspace::import(w) importing dataset ch4
[#1] INFO:ObjectHandling -- RooWorkspace::import(w) importing dataset ch5
[#1] INFO:ObjectHandling -- RooWorkspace::import(w) importing dataset ch6
[#1] INFO:ObjectHandling -- RooWorkspace::import(w) importing dataset ch7
[#1] INFO:ObjectHandling -- RooWorkspace::import(w) importing dataset ch8
[#1] INFO:ObjectHandling -- RooWorkspace::import(w) importing dataset ch9
[SetFlag] Changing value of flag "workspaces-use-clone" from 0 to 1
>> Doing prefit: TotalBkg
>> Doing prefit: TotalSig
>> Doing prefit: TotalProcs
>> Doing prefit: ch1,Convs
>> Doing prefit: ch1,Rares
>> Doing prefit: ch1,TTW_lep1_eta_bin0
>> Doing prefit: ch1,TTW_lep1_eta_bin1
>> Doing prefit: ch1,TTW_lep1_eta_bin2
>> Doing prefit: ch1,TTW_lep1_eta_bin3
>> Doing prefit: ch1,TTW_ooa
>> Doing prefit: ch1,TTZ
>> Doing prefit: ch1,VVV
>> Doing prefit: ch1,WZ
>> Doing prefit: ch1,ZZ
>> Doing prefit: ch1,data_fakes
>> Doing prefit: ch1,data_flips
>> Doing prefit: ch1,tHW
>> Doing prefit: ch1,tHq
>> Doing prefit: ch1,tZq
>> Doing prefit: ch1,ttH
>> Doing prefit: ch1,ttVV
>> Doing prefit: ch1,TotalBkg
>> Doing prefit: ch1,TotalSig
>> Doing prefit: ch1,TotalProcs
>> Doing prefit: ch10,Convs
>> Doing prefit: ch10,Rares
>> Doing prefit: ch10,TTW_lep1_eta_bin0
>> Doing prefit: ch10,TTW_lep1_eta_bin1
>> Doing prefit: ch10,TTW_lep1_eta_bin2
>> Doing prefit: ch10,TTW_lep1_eta_bin3
>> Doing prefit: ch10,TTW_ooa
>> Doing prefit: ch10,TTZ
>> Doing prefit: ch10,VVV
>> Doing prefit: ch10,WZ
>> Doing prefit: ch10,ZZ
>> Doing prefit: ch10,data_fakes
>> Doing prefit: ch10,data_flips
>> Doing prefit: ch10,tHW
>> Doing prefit: ch10,tHq
>> Doing prefit: ch10,tZq
>> Doing prefit: ch10,ttH
>> Doing prefit: ch10,ttVV
>> Doing prefit: ch10,TotalBkg
>> Doing prefit: ch10,TotalSig
>> Doing prefit: ch10,TotalProcs
>> Doing prefit: ch11,Rares
>> Doing prefit: ch11,TTW_lep1_eta_bin0
>> Doing prefit: ch11,TTW_lep1_eta_bin1
>> Doing prefit: ch11,TTW_lep1_eta_bin2
>> Doing prefit: ch11,TTW_lep1_eta_bin3
>> Doing prefit: ch11,TTW_ooa
>> Doing prefit: ch11,TTZ
>> Doing prefit: ch11,VVV
>> Doing prefit: ch11,WZ
>> Doing prefit: ch11,ZZ
>> Doing prefit: ch11,data_fakes
>> Doing prefit: ch11,tHW
>> Doing prefit: ch11,tHq
>> Doing prefit: ch11,tZq
>> Doing prefit: ch11,ttH
>> Doing prefit: ch11,ttVV
>> Doing prefit: ch11,TotalBkg
>> Doing prefit: ch11,TotalSig
>> Doing prefit: ch11,TotalProcs
>> Doing prefit: ch12,Rares
>> Doing prefit: ch12,TTW_lep1_eta_bin0
>> Doing prefit: ch12,TTW_lep1_eta_bin1
>> Doing prefit: ch12,TTW_lep1_eta_bin2
>> Doing prefit: ch12,TTW_lep1_eta_bin3
>> Doing prefit: ch12,TTW_ooa
>> Doing prefit: ch12,TTZ
>> Doing prefit: ch12,VVV
>> Doing prefit: ch12,WZ
>> Doing prefit: ch12,ZZ
>> Doing prefit: ch12,data_fakes
>> Doing prefit: ch12,tHW
>> Doing prefit: ch12,tHq
>> Doing prefit: ch12,tZq
>> Doing prefit: ch12,ttH
>> Doing prefit: ch12,ttVV
>> Doing prefit: ch12,TotalBkg
>> Doing prefit: ch12,TotalSig
>> Doing prefit: ch12,TotalProcs
>> Doing prefit: ch2,Convs
>> Doing prefit: ch2,Rares
>> Doing prefit: ch2,TTW_lep1_eta_bin0
>> Doing prefit: ch2,TTW_lep1_eta_bin1
>> Doing prefit: ch2,TTW_lep1_eta_bin2
>> Doing prefit: ch2,TTW_lep1_eta_bin3
>> Doing prefit: ch2,TTW_ooa
>> Doing prefit: ch2,TTZ
>> Doing prefit: ch2,VVV
>> Doing prefit: ch2,WZ
>> Doing prefit: ch2,ZZ
>> Doing prefit: ch2,data_fakes
>> Doing prefit: ch2,data_flips
>> Doing prefit: ch2,tHW
>> Doing prefit: ch2,tHq
>> Doing prefit: ch2,tZq
>> Doing prefit: ch2,ttH
>> Doing prefit: ch2,ttVV
>> Doing prefit: ch2,TotalBkg
>> Doing prefit: ch2,TotalSig
>> Doing prefit: ch2,TotalProcs
>> Doing prefit: ch3,Convs
>> Doing prefit: ch3,Rares
>> Doing prefit: ch3,TTW_lep1_eta_bin0
>> Doing prefit: ch3,TTW_lep1_eta_bin1
>> Doing prefit: ch3,TTW_lep1_eta_bin2
>> Doing prefit: ch3,TTW_lep1_eta_bin3
>> Doing prefit: ch3,TTW_ooa
>> Doing prefit: ch3,TTZ
>> Doing prefit: ch3,VVV
>> Doing prefit: ch3,WZ
>> Doing prefit: ch3,ZZ
>> Doing prefit: ch3,data_fakes
>> Doing prefit: ch3,data_flips
>> Doing prefit: ch3,tHW
>> Doing prefit: ch3,tHq
>> Doing prefit: ch3,tZq
>> Doing prefit: ch3,ttH
>> Doing prefit: ch3,ttVV
>> Doing prefit: ch3,TotalBkg
>> Doing prefit: ch3,TotalSig
>> Doing prefit: ch3,TotalProcs
>> Doing prefit: ch4,Convs
>> Doing prefit: ch4,Rares
>> Doing prefit: ch4,TTW_lep1_eta_bin0
>> Doing prefit: ch4,TTW_lep1_eta_bin1
>> Doing prefit: ch4,TTW_lep1_eta_bin2
>> Doing prefit: ch4,TTW_lep1_eta_bin3
>> Doing prefit: ch4,TTW_ooa
>> Doing prefit: ch4,TTZ
>> Doing prefit: ch4,VVV
>> Doing prefit: ch4,WZ
>> Doing prefit: ch4,ZZ
>> Doing prefit: ch4,data_fakes
>> Doing prefit: ch4,data_flips
>> Doing prefit: ch4,tHW
>> Doing prefit: ch4,tHq
>> Doing prefit: ch4,tZq
>> Doing prefit: ch4,ttH
>> Doing prefit: ch4,ttVV
>> Doing prefit: ch4,TotalBkg
>> Doing prefit: ch4,TotalSig
>> Doing prefit: ch4,TotalProcs
>> Doing prefit: ch5,Rares
>> Doing prefit: ch5,TTW_lep1_eta_bin0
>> Doing prefit: ch5,TTW_lep1_eta_bin1
>> Doing prefit: ch5,TTW_lep1_eta_bin2
>> Doing prefit: ch5,TTW_lep1_eta_bin3
>> Doing prefit: ch5,TTW_ooa
>> Doing prefit: ch5,TTZ
>> Doing prefit: ch5,VVV
>> Doing prefit: ch5,WZ
>> Doing prefit: ch5,ZZ
>> Doing prefit: ch5,data_fakes
>> Doing prefit: ch5,tHW
>> Doing prefit: ch5,tHq
>> Doing prefit: ch5,tZq
>> Doing prefit: ch5,ttH
>> Doing prefit: ch5,ttVV
>> Doing prefit: ch5,TotalBkg
>> Doing prefit: ch5,TotalSig
>> Doing prefit: ch5,TotalProcs
>> Doing prefit: ch6,Convs
>> Doing prefit: ch6,Rares
>> Doing prefit: ch6,TTW_lep1_eta_bin0
>> Doing prefit: ch6,TTW_lep1_eta_bin1
>> Doing prefit: ch6,TTW_lep1_eta_bin2
>> Doing prefit: ch6,TTW_lep1_eta_bin3
>> Doing prefit: ch6,TTW_ooa
>> Doing prefit: ch6,TTZ
>> Doing prefit: ch6,VVV
>> Doing prefit: ch6,WZ
>> Doing prefit: ch6,ZZ
>> Doing prefit: ch6,data_fakes
>> Doing prefit: ch6,data_flips
>> Doing prefit: ch6,tHW
>> Doing prefit: ch6,tHq
>> Doing prefit: ch6,tZq
>> Doing prefit: ch6,ttH
>> Doing prefit: ch6,ttVV
>> Doing prefit: ch6,TotalBkg
>> Doing prefit: ch6,TotalSig
>> Doing prefit: ch6,TotalProcs
>> Doing prefit: ch7,Convs
>> Doing prefit: ch7,Rares
>> Doing prefit: ch7,TTW_lep1_eta_bin0
>> Doing prefit: ch7,TTW_lep1_eta_bin1
>> Doing prefit: ch7,TTW_lep1_eta_bin2
>> Doing prefit: ch7,TTW_lep1_eta_bin3
>> Doing prefit: ch7,TTW_ooa
>> Doing prefit: ch7,TTZ
>> Doing prefit: ch7,VVV
>> Doing prefit: ch7,WZ
>> Doing prefit: ch7,ZZ
>> Doing prefit: ch7,data_fakes
>> Doing prefit: ch7,data_flips
>> Doing prefit: ch7,tHW
>> Doing prefit: ch7,tHq
>> Doing prefit: ch7,tZq
>> Doing prefit: ch7,ttH
>> Doing prefit: ch7,ttVV
>> Doing prefit: ch7,TotalBkg
>> Doing prefit: ch7,TotalSig
>> Doing prefit: ch7,TotalProcs
>> Doing prefit: ch8,Rares
>> Doing prefit: ch8,TTW_lep1_eta_bin0
>> Doing prefit: ch8,TTW_lep1_eta_bin1
>> Doing prefit: ch8,TTW_lep1_eta_bin2
>> Doing prefit: ch8,TTW_lep1_eta_bin3
>> Doing prefit: ch8,TTW_ooa
>> Doing prefit: ch8,TTZ
>> Doing prefit: ch8,VVV
>> Doing prefit: ch8,WZ
>> Doing prefit: ch8,ZZ
>> Doing prefit: ch8,data_fakes
>> Doing prefit: ch8,tHW
>> Doing prefit: ch8,tHq
>> Doing prefit: ch8,tZq
>> Doing prefit: ch8,ttH
>> Doing prefit: ch8,ttVV
>> Doing prefit: ch8,TotalBkg
>> Doing prefit: ch8,TotalSig
>> Doing prefit: ch8,TotalProcs
>> Doing prefit: ch9,Convs
>> Doing prefit: ch9,Rares
>> Doing prefit: ch9,TTW_lep1_eta_bin0
>> Doing prefit: ch9,TTW_lep1_eta_bin1
>> Doing prefit: ch9,TTW_lep1_eta_bin2
>> Doing prefit: ch9,TTW_lep1_eta_bin3
>> Doing prefit: ch9,TTW_ooa
>> Doing prefit: ch9,TTZ
>> Doing prefit: ch9,VVV
>> Doing prefit: ch9,WZ
>> Doing prefit: ch9,ZZ
>> Doing prefit: ch9,data_fakes
>> Doing prefit: ch9,data_flips
>> Doing prefit: ch9,tHW
>> Doing prefit: ch9,tHq
>> Doing prefit: ch9,tZq
>> Doing prefit: ch9,ttH
>> Doing prefit: ch9,ttVV
>> Doing prefit: ch9,TotalBkg
>> Doing prefit: ch9,TotalSig
>> Doing prefit: ch9,TotalProcs
Bin                       Total relative bkg uncert. (prefit)
----------------------------------------------------------
ch1                       0.15051   
ch10                      0.14978   
ch11                      0.12265   
ch12                      0.14121   
ch2                       0.10353   
ch3                       0.13200   
ch4                       0.11950   
ch5                       0.20794   
ch6                       0.14717   
ch7                       0.12509   
ch8                       0.17522   
ch9                       0.11718   
>> Doing postfit: TotalBkg
>> Doing postfit: TotalSig
>> Doing postfit: TotalProcs
>> Doing postfit: ch1,Convs
>> Doing postfit: ch1,Rares
>> Doing postfit: ch1,TTW_lep1_eta_bin0
>> Doing postfit: ch1,TTW_lep1_eta_bin1
>> Doing postfit: ch1,TTW_lep1_eta_bin2
>> Doing postfit: ch1,TTW_lep1_eta_bin3
>> Doing postfit: ch1,TTW_ooa
>> Doing postfit: ch1,TTZ
>> Doing postfit: ch1,VVV
>> Doing postfit: ch1,WZ
>> Doing postfit: ch1,ZZ
>> Doing postfit: ch1,data_fakes
>> Doing postfit: ch1,data_flips
>> Doing postfit: ch1,tHW
>> Doing postfit: ch1,tHq
>> Doing postfit: ch1,tZq
>> Doing postfit: ch1,ttH
>> Doing postfit: ch1,ttVV
>> Doing postfit: ch1,TotalBkg
>> Doing postfit: ch1,TotalSig
>> Doing postfit: ch1,TotalProcs
>> Doing postfit: ch10,Convs
>> Doing postfit: ch10,Rares
>> Doing postfit: ch10,TTW_lep1_eta_bin0
>> Doing postfit: ch10,TTW_lep1_eta_bin1
>> Doing postfit: ch10,TTW_lep1_eta_bin2
>> Doing postfit: ch10,TTW_lep1_eta_bin3
>> Doing postfit: ch10,TTW_ooa
>> Doing postfit: ch10,TTZ
>> Doing postfit: ch10,VVV
>> Doing postfit: ch10,WZ
>> Doing postfit: ch10,ZZ
>> Doing postfit: ch10,data_fakes
>> Doing postfit: ch10,data_flips
>> Doing postfit: ch10,tHW
>> Doing postfit: ch10,tHq
>> Doing postfit: ch10,tZq
>> Doing postfit: ch10,ttH
>> Doing postfit: ch10,ttVV
>> Doing postfit: ch10,TotalBkg
>> Doing postfit: ch10,TotalSig
>> Doing postfit: ch10,TotalProcs
>> Doing postfit: ch11,Rares
>> Doing postfit: ch11,TTW_lep1_eta_bin0
>> Doing postfit: ch11,TTW_lep1_eta_bin1
>> Doing postfit: ch11,TTW_lep1_eta_bin2
>> Doing postfit: ch11,TTW_lep1_eta_bin3
>> Doing postfit: ch11,TTW_ooa
>> Doing postfit: ch11,TTZ
>> Doing postfit: ch11,VVV
>> Doing postfit: ch11,WZ
>> Doing postfit: ch11,ZZ
>> Doing postfit: ch11,data_fakes
>> Doing postfit: ch11,tHW
>> Doing postfit: ch11,tHq
>> Doing postfit: ch11,tZq
>> Doing postfit: ch11,ttH
>> Doing postfit: ch11,ttVV
>> Doing postfit: ch11,TotalBkg
>> Doing postfit: ch11,TotalSig
>> Doing postfit: ch11,TotalProcs
>> Doing postfit: ch12,Rares
>> Doing postfit: ch12,TTW_lep1_eta_bin0
>> Doing postfit: ch12,TTW_lep1_eta_bin1
>> Doing postfit: ch12,TTW_lep1_eta_bin2
>> Doing postfit: ch12,TTW_lep1_eta_bin3
>> Doing postfit: ch12,TTW_ooa
>> Doing postfit: ch12,TTZ
>> Doing postfit: ch12,VVV
>> Doing postfit: ch12,WZ
>> Doing postfit: ch12,ZZ
>> Doing postfit: ch12,data_fakes
>> Doing postfit: ch12,tHW
>> Doing postfit: ch12,tHq
>> Doing postfit: ch12,tZq
>> Doing postfit: ch12,ttH
>> Doing postfit: ch12,ttVV
>> Doing postfit: ch12,TotalBkg
>> Doing postfit: ch12,TotalSig
>> Doing postfit: ch12,TotalProcs
>> Doing postfit: ch2,Convs
>> Doing postfit: ch2,Rares
>> Doing postfit: ch2,TTW_lep1_eta_bin0
>> Doing postfit: ch2,TTW_lep1_eta_bin1
>> Doing postfit: ch2,TTW_lep1_eta_bin2
>> Doing postfit: ch2,TTW_lep1_eta_bin3
>> Doing postfit: ch2,TTW_ooa
>> Doing postfit: ch2,TTZ
>> Doing postfit: ch2,VVV
>> Doing postfit: ch2,WZ
>> Doing postfit: ch2,ZZ
>> Doing postfit: ch2,data_fakes
>> Doing postfit: ch2,data_flips
>> Doing postfit: ch2,tHW
>> Doing postfit: ch2,tHq
>> Doing postfit: ch2,tZq
>> Doing postfit: ch2,ttH
>> Doing postfit: ch2,ttVV
>> Doing postfit: ch2,TotalBkg
>> Doing postfit: ch2,TotalSig
>> Doing postfit: ch2,TotalProcs
>> Doing postfit: ch3,Convs
>> Doing postfit: ch3,Rares
>> Doing postfit: ch3,TTW_lep1_eta_bin0
>> Doing postfit: ch3,TTW_lep1_eta_bin1
>> Doing postfit: ch3,TTW_lep1_eta_bin2
>> Doing postfit: ch3,TTW_lep1_eta_bin3
>> Doing postfit: ch3,TTW_ooa
>> Doing postfit: ch3,TTZ
>> Doing postfit: ch3,VVV
>> Doing postfit: ch3,WZ
>> Doing postfit: ch3,ZZ
>> Doing postfit: ch3,data_fakes
>> Doing postfit: ch3,data_flips
>> Doing postfit: ch3,tHW
>> Doing postfit: ch3,tHq
>> Doing postfit: ch3,tZq
>> Doing postfit: ch3,ttH
>> Doing postfit: ch3,ttVV
>> Doing postfit: ch3,TotalBkg
>> Doing postfit: ch3,TotalSig
>> Doing postfit: ch3,TotalProcs
>> Doing postfit: ch4,Convs
>> Doing postfit: ch4,Rares
>> Doing postfit: ch4,TTW_lep1_eta_bin0
>> Doing postfit: ch4,TTW_lep1_eta_bin1
>> Doing postfit: ch4,TTW_lep1_eta_bin2
>> Doing postfit: ch4,TTW_lep1_eta_bin3
>> Doing postfit: ch4,TTW_ooa
>> Doing postfit: ch4,TTZ
>> Doing postfit: ch4,VVV
>> Doing postfit: ch4,WZ
>> Doing postfit: ch4,ZZ
>> Doing postfit: ch4,data_fakes
>> Doing postfit: ch4,data_flips
>> Doing postfit: ch4,tHW
>> Doing postfit: ch4,tHq
>> Doing postfit: ch4,tZq
>> Doing postfit: ch4,ttH
>> Doing postfit: ch4,ttVV
>> Doing postfit: ch4,TotalBkg
>> Doing postfit: ch4,TotalSig
>> Doing postfit: ch4,TotalProcs
>> Doing postfit: ch5,Rares
>> Doing postfit: ch5,TTW_lep1_eta_bin0
>> Doing postfit: ch5,TTW_lep1_eta_bin1
>> Doing postfit: ch5,TTW_lep1_eta_bin2
>> Doing postfit: ch5,TTW_lep1_eta_bin3
>> Doing postfit: ch5,TTW_ooa
>> Doing postfit: ch5,TTZ
>> Doing postfit: ch5,VVV
>> Doing postfit: ch5,WZ
>> Doing postfit: ch5,ZZ
>> Doing postfit: ch5,data_fakes
>> Doing postfit: ch5,tHW
>> Doing postfit: ch5,tHq
>> Doing postfit: ch5,tZq
>> Doing postfit: ch5,ttH
>> Doing postfit: ch5,ttVV
>> Doing postfit: ch5,TotalBkg
>> Doing postfit: ch5,TotalSig
>> Doing postfit: ch5,TotalProcs
>> Doing postfit: ch6,Convs
>> Doing postfit: ch6,Rares
>> Doing postfit: ch6,TTW_lep1_eta_bin0
>> Doing postfit: ch6,TTW_lep1_eta_bin1
>> Doing postfit: ch6,TTW_lep1_eta_bin2
>> Doing postfit: ch6,TTW_lep1_eta_bin3
>> Doing postfit: ch6,TTW_ooa
>> Doing postfit: ch6,TTZ
>> Doing postfit: ch6,VVV
>> Doing postfit: ch6,WZ
>> Doing postfit: ch6,ZZ
>> Doing postfit: ch6,data_fakes
>> Doing postfit: ch6,data_flips
>> Doing postfit: ch6,tHW
>> Doing postfit: ch6,tHq
>> Doing postfit: ch6,tZq
>> Doing postfit: ch6,ttH
>> Doing postfit: ch6,ttVV
>> Doing postfit: ch6,TotalBkg
>> Doing postfit: ch6,TotalSig
>> Doing postfit: ch6,TotalProcs
>> Doing postfit: ch7,Convs
>> Doing postfit: ch7,Rares
>> Doing postfit: ch7,TTW_lep1_eta_bin0
>> Doing postfit: ch7,TTW_lep1_eta_bin1
>> Doing postfit: ch7,TTW_lep1_eta_bin2
>> Doing postfit: ch7,TTW_lep1_eta_bin3
>> Doing postfit: ch7,TTW_ooa
>> Doing postfit: ch7,TTZ
>> Doing postfit: ch7,VVV
>> Doing postfit: ch7,WZ
>> Doing postfit: ch7,ZZ
>> Doing postfit: ch7,data_fakes
>> Doing postfit: ch7,data_flips
>> Doing postfit: ch7,tHW
>> Doing postfit: ch7,tHq
>> Doing postfit: ch7,tZq
>> Doing postfit: ch7,ttH
>> Doing postfit: ch7,ttVV
>> Doing postfit: ch7,TotalBkg
>> Doing postfit: ch7,TotalSig
>> Doing postfit: ch7,TotalProcs
>> Doing postfit: ch8,Rares
>> Doing postfit: ch8,TTW_lep1_eta_bin0
>> Doing postfit: ch8,TTW_lep1_eta_bin1
>> Doing postfit: ch8,TTW_lep1_eta_bin2
>> Doing postfit: ch8,TTW_lep1_eta_bin3
>> Doing postfit: ch8,TTW_ooa
>> Doing postfit: ch8,TTZ
>> Doing postfit: ch8,VVV
>> Doing postfit: ch8,WZ
>> Doing postfit: ch8,ZZ
>> Doing postfit: ch8,data_fakes
>> Doing postfit: ch8,tHW
>> Doing postfit: ch8,tHq
>> Doing postfit: ch8,tZq
>> Doing postfit: ch8,ttH
>> Doing postfit: ch8,ttVV
>> Doing postfit: ch8,TotalBkg
>> Doing postfit: ch8,TotalSig
>> Doing postfit: ch8,TotalProcs
>> Doing postfit: ch9,Convs
>> Doing postfit: ch9,Rares
>> Doing postfit: ch9,TTW_lep1_eta_bin0
>> Doing postfit: ch9,TTW_lep1_eta_bin1
>> Doing postfit: ch9,TTW_lep1_eta_bin2
>> Doing postfit: ch9,TTW_lep1_eta_bin3
>> Doing postfit: ch9,TTW_ooa
>> Doing postfit: ch9,TTZ
>> Doing postfit: ch9,VVV
>> Doing postfit: ch9,WZ
>> Doing postfit: ch9,ZZ
>> Doing postfit: ch9,data_fakes
>> Doing postfit: ch9,data_flips
>> Doing postfit: ch9,tHW
>> Doing postfit: ch9,tHq
>> Doing postfit: ch9,tZq
>> Doing postfit: ch9,ttH
>> Doing postfit: ch9,ttVV
>> Doing postfit: ch9,TotalBkg
>> Doing postfit: ch9,TotalSig
>> Doing postfit: ch9,TotalProcs

Bin                       Total relative bkg uncert. (postfit)
----------------------------------------------------------
ch1                       0.10789   
ch10                      0.09146   
ch11                      0.06863   
ch12                      0.08510   
ch2                       0.07073   
ch3                       0.08673   
ch4                       0.08204   
ch5                       0.11319   
ch6                       0.10005   
ch7                       0.08397   
ch8                       0.09399   
ch9                       0.06930   

Bin                       Process              Scale factor
----------------------------------------------------------
ch1                       Convs                1.06188   
ch1                       Rares                1.38505   
ch1                       TTW_lep1_eta_bin0    1.04160   
ch1                       TTW_lep1_eta_bin1    1.19373   
ch1                       TTW_lep1_eta_bin2    1.62076   
ch1                       TTW_lep1_eta_bin3    1.66200   
ch1                       TTW_ooa              1.08844   
ch1                       TTZ                  1.17609   
ch1                       VVV                  1.67939   
ch1                       WZ                   0.86265   
ch1                       ZZ                   1.42866   
ch1                       data_fakes           1.55395   
ch1                       data_flips           0.87999   
ch1                       tHW                  1.07606   
ch1                       tHq                  1.06889   
ch1                       tZq                  1.26091   
ch1                       ttH                  1.07681   
ch1                       ttVV                 1.09292   
ch10                      Convs                1.04666   
ch10                      Rares                1.47473   
ch10                      TTW_lep1_eta_bin0    1.01299   
ch10                      TTW_lep1_eta_bin1    1.17409   
ch10                      TTW_lep1_eta_bin2    1.62824   
ch10                      TTW_lep1_eta_bin3    1.64842   
ch10                      TTW_ooa              1.06070   
ch10                      TTZ                  1.26527   
ch10                      VVV                  1.93979   
ch10                      WZ                   1.03342   
ch10                      ZZ                   1.07835   
ch10                      data_fakes           1.61776   
ch10                      data_flips           0.87972   
ch10                      tHW                  1.07740   
ch10                      tHq                  1.05858   
ch10                      tZq                  1.12859   
ch10                      ttH                  1.05399   
ch10                      ttVV                 1.06614   
ch11                      Rares                1.14252   
ch11                      TTW_lep1_eta_bin0    0.97625   
ch11                      TTW_lep1_eta_bin1    1.10615   
ch11                      TTW_lep1_eta_bin2    1.53522   
ch11                      TTW_lep1_eta_bin3    1.54520   
ch11                      TTW_ooa              1.01501   
ch11                      TTZ                  1.09486   
ch11                      VVV                  1.54080   
ch11                      WZ                   1.04192   
ch11                      ZZ                   0.90528   
ch11                      data_fakes           0.98267   
ch11                      tHW                  0.99958   
ch11                      tHq                  0.99907   
ch11                      tZq                  1.10202   
ch11                      ttH                  1.01854   
ch11                      ttVV                 1.01416   
ch12                      Rares                1.32469   
ch12                      TTW_lep1_eta_bin0    0.96843   
ch12                      TTW_lep1_eta_bin1    1.13205   
ch12                      TTW_lep1_eta_bin2    1.57276   
ch12                      TTW_lep1_eta_bin3    1.55983   
ch12                      TTW_ooa              1.03223   
ch12                      TTZ                  1.11405   
ch12                      VVV                  1.77090   
ch12                      WZ                   0.98752   
ch12                      ZZ                   1.42524   
ch12                      data_fakes           0.98032   
ch12                      tHW                  0.98703   
ch12                      tHq                  1.01758   
ch12                      tZq                  1.06418   
ch12                      ttH                  1.01564   
ch12                      ttVV                 1.01808   
ch2                       Convs                1.04331   
ch2                       Rares                1.33561   
ch2                       TTW_lep1_eta_bin0    1.00535   
ch2                       TTW_lep1_eta_bin1    1.15364   
ch2                       TTW_lep1_eta_bin2    1.59760   
ch2                       TTW_lep1_eta_bin3    1.61859   
ch2                       TTW_ooa              1.05420   
ch2                       TTZ                  1.11836   
ch2                       VVV                  1.56021   
ch2                       WZ                   0.93336   
ch2                       ZZ                   1.25231   
ch2                       data_fakes           1.21229   
ch2                       data_flips           0.87977   
ch2                       tHW                  1.01433   
ch2                       tHq                  1.03443   
ch2                       tZq                  1.06289   
ch2                       ttH                  1.04344   
ch2                       ttVV                 1.04987   
ch3                       Convs                1.03341   
ch3                       Rares                1.42216   
ch3                       TTW_lep1_eta_bin0    1.03390   
ch3                       TTW_lep1_eta_bin1    1.21269   
ch3                       TTW_lep1_eta_bin2    1.64665   
ch3                       TTW_lep1_eta_bin3    1.74847   
ch3                       TTW_ooa              1.10068   
ch3                       TTZ                  1.23238   
ch3                       VVV                  2.07757   
ch3                       WZ                   1.33343   
ch3                       ZZ                   1.48529   
ch3                       data_fakes           1.47071   
ch3                       data_flips           0.87961   
ch3                       tHW                  1.12742   
ch3                       tHq                  1.08457   
ch3                       tZq                  1.34055   
ch3                       ttH                  1.06963   
ch3                       ttVV                 1.08177   
ch4                       Convs                0.97061   
ch4                       Rares                1.29375   
ch4                       TTW_lep1_eta_bin0    1.00875   
ch4                       TTW_lep1_eta_bin1    1.18479   
ch4                       TTW_lep1_eta_bin2    1.63246   
ch4                       TTW_lep1_eta_bin3    1.64793   
ch4                       TTW_ooa              1.12034   
ch4                       TTZ                  1.13434   
ch4                       VVV                  1.93690   
ch4                       WZ                   1.72432   
ch4                       ZZ                   1.45348   
ch4                       data_fakes           1.10927   
ch4                       data_flips           0.87915   
ch4                       tHW                  1.07161   
ch4                       tHq                  1.09046   
ch4                       tZq                  1.23231   
ch4                       ttH                  1.06312   
ch4                       ttVV                 1.07975   
ch5                       Rares                1.34808   
ch5                       TTW_lep1_eta_bin0    0.99070   
ch5                       TTW_lep1_eta_bin1    1.13211   
ch5                       TTW_lep1_eta_bin2    1.59300   
ch5                       TTW_lep1_eta_bin3    1.59029   
ch5                       TTW_ooa              1.08031   
ch5                       TTZ                  1.17003   
ch5                       VVV                  1.81601   
ch5                       WZ                   1.24680   
ch5                       ZZ                   1.32475   
ch5                       data_fakes           0.98886   
ch5                       tHW                  1.05166   
ch5                       tHq                  1.06509   
ch5                       tZq                  1.34006   
ch5                       ttH                  1.03810   
ch5                       ttVV                 1.05317   
ch6                       Convs                1.05988   
ch6                       Rares                1.36098   
ch6                       TTW_lep1_eta_bin0    1.02663   
ch6                       TTW_lep1_eta_bin1    1.19558   
ch6                       TTW_lep1_eta_bin2    1.65358   
ch6                       TTW_lep1_eta_bin3    1.68522   
ch6                       TTW_ooa              1.13522   
ch6                       TTZ                  1.12645   
ch6                       VVV                  1.40833   
ch6                       WZ                   1.01566   
ch6                       ZZ                   1.12918   
ch6                       data_fakes           1.57160   
ch6                       data_flips           0.87997   
ch6                       tHW                  1.03926   
ch6                       tHq                  1.09011   
ch6                       tZq                  1.15111   
ch6                       ttH                  1.07878   
ch6                       ttVV                 1.07790   
ch7                       Convs                1.07792   
ch7                       Rares                1.36321   
ch7                       TTW_lep1_eta_bin0    1.00441   
ch7                       TTW_lep1_eta_bin1    1.17441   
ch7                       TTW_lep1_eta_bin2    1.60826   
ch7                       TTW_lep1_eta_bin3    1.63283   
ch7                       TTW_ooa              1.06900   
ch7                       TTZ                  1.10376   
ch7                       VVV                  1.72245   
ch7                       WZ                   1.00161   
ch7                       ZZ                   1.42960   
ch7                       data_fakes           1.16329   
ch7                       data_flips           0.87950   
ch7                       tHW                  1.03110   
ch7                       tHq                  1.03242   
ch7                       tZq                  1.16615   
ch7                       ttH                  1.05957   
ch7                       ttVV                 1.05446   
ch8                       Rares                1.28488   
ch8                       TTW_lep1_eta_bin0    0.98556   
ch8                       TTW_lep1_eta_bin1    1.13540   
ch8                       TTW_lep1_eta_bin2    1.56669   
ch8                       TTW_lep1_eta_bin3    1.56891   
ch8                       TTW_ooa              1.01839   
ch8                       TTZ                  1.11651   
ch8                       VVV                  1.58419   
ch8                       WZ                   0.95323   
ch8                       ZZ                   1.17569   
ch8                       data_fakes           0.93902   
ch8                       tHW                  1.01493   
ch8                       tHq                  1.07617   
ch8                       tZq                  1.11985   
ch8                       ttH                  1.02350   
ch8                       ttVV                 1.02852   
ch9                       Convs                1.04152   
ch9                       Rares                1.50850   
ch9                       TTW_lep1_eta_bin0    0.99497   
ch9                       TTW_lep1_eta_bin1    1.14956   
ch9                       TTW_lep1_eta_bin2    1.58088   
ch9                       TTW_lep1_eta_bin3    1.60167   
ch9                       TTW_ooa              1.03994   
ch9                       TTZ                  1.15466   
ch9                       VVV                  1.62415   
ch9                       WZ                   0.90310   
ch9                       ZZ                   1.18100   
ch9                       data_fakes           1.22452   
ch9                       data_flips           0.87964   
ch9                       tHW                  1.03377   
ch9                       tHq                  1.03397   
ch9                       tZq                  1.09258   
ch9                       ttH                  1.03581   
ch9                       ttVV                 1.04184   
