WARNING: the default behaviour of PostFitShapesFromWorkspace is to use the covariance matrix sampling method for the post-fit uncertainty. The option --sampling is deprecated and will be removed in future versions of CombineHarvester
[SetFlag] Changing value of flag "workspaces-use-clone" from 0 to 1
[#1] INFO:ObjectHandling -- RooWorkspace::import(w) importing dataset ch1
[#1] INFO:ObjectHandling -- RooWorkspace::import(w) importing dataset ch10
[#1] INFO:ObjectHandling -- RooWorkspace::import(w) importing dataset ch11
[#1] INFO:ObjectHandling -- RooWorkspace::import(w) importing dataset ch12
[#1] INFO:ObjectHandling -- RooWorkspace::import(w) importing dataset ch13
[#1] INFO:ObjectHandling -- RooWorkspace::import(w) importing dataset ch14
[#1] INFO:ObjectHandling -- RooWorkspace::import(w) importing dataset ch15
[#1] INFO:ObjectHandling -- RooWorkspace::import(w) importing dataset ch16
[#1] INFO:ObjectHandling -- RooWorkspace::import(w) importing dataset ch17
[#1] INFO:ObjectHandling -- RooWorkspace::import(w) importing dataset ch18
[#1] INFO:ObjectHandling -- RooWorkspace::import(w) importing dataset ch19
[#1] INFO:ObjectHandling -- RooWorkspace::import(w) importing dataset ch2
[#1] INFO:ObjectHandling -- RooWorkspace::import(w) importing dataset ch20
[#1] INFO:ObjectHandling -- RooWorkspace::import(w) importing dataset ch21
[#1] INFO:ObjectHandling -- RooWorkspace::import(w) importing dataset ch22
[#1] INFO:ObjectHandling -- RooWorkspace::import(w) importing dataset ch23
[#1] INFO:ObjectHandling -- RooWorkspace::import(w) importing dataset ch24
[#1] INFO:ObjectHandling -- RooWorkspace::import(w) importing dataset ch3
[#1] INFO:ObjectHandling -- RooWorkspace::import(w) importing dataset ch4
[#1] INFO:ObjectHandling -- RooWorkspace::import(w) importing dataset ch5
[#1] INFO:ObjectHandling -- RooWorkspace::import(w) importing dataset ch6
[#1] INFO:ObjectHandling -- RooWorkspace::import(w) importing dataset ch7
[#1] INFO:ObjectHandling -- RooWorkspace::import(w) importing dataset ch8
[#1] INFO:ObjectHandling -- RooWorkspace::import(w) importing dataset ch9
[SetFlag] Changing value of flag "workspaces-use-clone" from 0 to 1
>> Doing prefit: TotalBkg
>> Doing prefit: TotalSig
>> Doing prefit: TotalProcs
>> Doing prefit: ch1,Convs
>> Doing prefit: ch1,Rares
>> Doing prefit: ch1,TTW_lep1_eta_bin0
>> Doing prefit: ch1,TTW_lep1_eta_bin1
>> Doing prefit: ch1,TTW_lep1_eta_bin2
>> Doing prefit: ch1,TTW_lep1_eta_bin3
>> Doing prefit: ch1,TTW_ooa
>> Doing prefit: ch1,TTZ
>> Doing prefit: ch1,VVV
>> Doing prefit: ch1,WZ
>> Doing prefit: ch1,ZZ
>> Doing prefit: ch1,data_fakes
>> Doing prefit: ch1,data_flips
>> Doing prefit: ch1,tHW
>> Doing prefit: ch1,tHq
>> Doing prefit: ch1,tZq
>> Doing prefit: ch1,ttH
>> Doing prefit: ch1,ttVV
>> Doing prefit: ch1,TotalBkg
>> Doing prefit: ch1,TotalSig
>> Doing prefit: ch1,TotalProcs
>> Doing prefit: ch10,Convs
>> Doing prefit: ch10,Rares
>> Doing prefit: ch10,TTW_lep1_eta_bin0
>> Doing prefit: ch10,TTW_lep1_eta_bin1
>> Doing prefit: ch10,TTW_lep1_eta_bin2
>> Doing prefit: ch10,TTW_lep1_eta_bin3
>> Doing prefit: ch10,TTW_ooa
>> Doing prefit: ch10,TTZ
>> Doing prefit: ch10,VVV
>> Doing prefit: ch10,WZ
>> Doing prefit: ch10,ZZ
>> Doing prefit: ch10,data_fakes
>> Doing prefit: ch10,data_flips
>> Doing prefit: ch10,tHW
>> Doing prefit: ch10,tHq
>> Doing prefit: ch10,tZq
>> Doing prefit: ch10,ttH
>> Doing prefit: ch10,ttVV
>> Doing prefit: ch10,TotalBkg
>> Doing prefit: ch10,TotalSig
>> Doing prefit: ch10,TotalProcs
>> Doing prefit: ch11,Convs
>> Doing prefit: ch11,Rares
>> Doing prefit: ch11,TTW_lep1_eta_bin0
>> Doing prefit: ch11,TTW_lep1_eta_bin1
>> Doing prefit: ch11,TTW_lep1_eta_bin2
>> Doing prefit: ch11,TTW_lep1_eta_bin3
>> Doing prefit: ch11,TTW_ooa
>> Doing prefit: ch11,TTZ
>> Doing prefit: ch11,VVV
>> Doing prefit: ch11,WZ
>> Doing prefit: ch11,ZZ
>> Doing prefit: ch11,data_fakes
>> Doing prefit: ch11,data_flips
>> Doing prefit: ch11,tHW
>> Doing prefit: ch11,tHq
>> Doing prefit: ch11,tZq
>> Doing prefit: ch11,ttH
>> Doing prefit: ch11,ttVV
>> Doing prefit: ch11,TotalBkg
>> Doing prefit: ch11,TotalSig
>> Doing prefit: ch11,TotalProcs
>> Doing prefit: ch12,Rares
>> Doing prefit: ch12,TTW_lep1_eta_bin0
>> Doing prefit: ch12,TTW_lep1_eta_bin1
>> Doing prefit: ch12,TTW_lep1_eta_bin2
>> Doing prefit: ch12,TTW_lep1_eta_bin3
>> Doing prefit: ch12,TTW_ooa
>> Doing prefit: ch12,TTZ
>> Doing prefit: ch12,VVV
>> Doing prefit: ch12,WZ
>> Doing prefit: ch12,ZZ
>> Doing prefit: ch12,data_fakes
>> Doing prefit: ch12,tHW
>> Doing prefit: ch12,tHq
>> Doing prefit: ch12,tZq
>> Doing prefit: ch12,ttH
>> Doing prefit: ch12,ttVV
>> Doing prefit: ch12,TotalBkg
>> Doing prefit: ch12,TotalSig
>> Doing prefit: ch12,TotalProcs
>> Doing prefit: ch13,Convs
>> Doing prefit: ch13,Rares
>> Doing prefit: ch13,TTW_lep1_eta_bin0
>> Doing prefit: ch13,TTW_lep1_eta_bin1
>> Doing prefit: ch13,TTW_lep1_eta_bin2
>> Doing prefit: ch13,TTW_lep1_eta_bin3
>> Doing prefit: ch13,TTW_ooa
>> Doing prefit: ch13,TTZ
>> Doing prefit: ch13,VVV
>> Doing prefit: ch13,WZ
>> Doing prefit: ch13,ZZ
>> Doing prefit: ch13,data_fakes
>> Doing prefit: ch13,data_flips
>> Doing prefit: ch13,tHW
>> Doing prefit: ch13,tHq
>> Doing prefit: ch13,tZq
>> Doing prefit: ch13,ttH
>> Doing prefit: ch13,ttVV
>> Doing prefit: ch13,TotalBkg
>> Doing prefit: ch13,TotalSig
>> Doing prefit: ch13,TotalProcs
>> Doing prefit: ch14,Convs
>> Doing prefit: ch14,Rares
>> Doing prefit: ch14,TTW_lep1_eta_bin0
>> Doing prefit: ch14,TTW_lep1_eta_bin1
>> Doing prefit: ch14,TTW_lep1_eta_bin2
>> Doing prefit: ch14,TTW_lep1_eta_bin3
>> Doing prefit: ch14,TTW_ooa
>> Doing prefit: ch14,TTZ
>> Doing prefit: ch14,VVV
>> Doing prefit: ch14,WZ
>> Doing prefit: ch14,ZZ
>> Doing prefit: ch14,data_fakes
>> Doing prefit: ch14,data_flips
>> Doing prefit: ch14,tHW
>> Doing prefit: ch14,tHq
>> Doing prefit: ch14,tZq
>> Doing prefit: ch14,ttH
>> Doing prefit: ch14,ttVV
>> Doing prefit: ch14,TotalBkg
>> Doing prefit: ch14,TotalSig
>> Doing prefit: ch14,TotalProcs
>> Doing prefit: ch15,Rares
>> Doing prefit: ch15,TTW_lep1_eta_bin0
>> Doing prefit: ch15,TTW_lep1_eta_bin1
>> Doing prefit: ch15,TTW_lep1_eta_bin2
>> Doing prefit: ch15,TTW_lep1_eta_bin3
>> Doing prefit: ch15,TTW_ooa
>> Doing prefit: ch15,TTZ
>> Doing prefit: ch15,VVV
>> Doing prefit: ch15,WZ
>> Doing prefit: ch15,ZZ
>> Doing prefit: ch15,data_fakes
>> Doing prefit: ch15,tHW
>> Doing prefit: ch15,tHq
>> Doing prefit: ch15,tZq
>> Doing prefit: ch15,ttH
>> Doing prefit: ch15,ttVV
>> Doing prefit: ch15,TotalBkg
>> Doing prefit: ch15,TotalSig
>> Doing prefit: ch15,TotalProcs
>> Doing prefit: ch16,Convs
>> Doing prefit: ch16,Rares
>> Doing prefit: ch16,TTW_lep1_eta_bin0
>> Doing prefit: ch16,TTW_lep1_eta_bin1
>> Doing prefit: ch16,TTW_lep1_eta_bin2
>> Doing prefit: ch16,TTW_lep1_eta_bin3
>> Doing prefit: ch16,TTW_ooa
>> Doing prefit: ch16,TTZ
>> Doing prefit: ch16,VVV
>> Doing prefit: ch16,WZ
>> Doing prefit: ch16,ZZ
>> Doing prefit: ch16,data_fakes
>> Doing prefit: ch16,data_flips
>> Doing prefit: ch16,tHW
>> Doing prefit: ch16,tHq
>> Doing prefit: ch16,tZq
>> Doing prefit: ch16,ttH
>> Doing prefit: ch16,ttVV
>> Doing prefit: ch16,TotalBkg
>> Doing prefit: ch16,TotalSig
>> Doing prefit: ch16,TotalProcs
>> Doing prefit: ch17,Convs
>> Doing prefit: ch17,Rares
>> Doing prefit: ch17,TTW_lep1_eta_bin0
>> Doing prefit: ch17,TTW_lep1_eta_bin1
>> Doing prefit: ch17,TTW_lep1_eta_bin2
>> Doing prefit: ch17,TTW_lep1_eta_bin3
>> Doing prefit: ch17,TTW_ooa
>> Doing prefit: ch17,TTZ
>> Doing prefit: ch17,VVV
>> Doing prefit: ch17,WZ
>> Doing prefit: ch17,ZZ
>> Doing prefit: ch17,data_fakes
>> Doing prefit: ch17,data_flips
>> Doing prefit: ch17,tHW
>> Doing prefit: ch17,tHq
>> Doing prefit: ch17,tZq
>> Doing prefit: ch17,ttH
>> Doing prefit: ch17,ttVV
>> Doing prefit: ch17,TotalBkg
>> Doing prefit: ch17,TotalSig
>> Doing prefit: ch17,TotalProcs
>> Doing prefit: ch18,Rares
>> Doing prefit: ch18,TTW_lep1_eta_bin0
>> Doing prefit: ch18,TTW_lep1_eta_bin1
>> Doing prefit: ch18,TTW_lep1_eta_bin2
>> Doing prefit: ch18,TTW_lep1_eta_bin3
>> Doing prefit: ch18,TTW_ooa
>> Doing prefit: ch18,TTZ
>> Doing prefit: ch18,VVV
>> Doing prefit: ch18,WZ
>> Doing prefit: ch18,ZZ
>> Doing prefit: ch18,data_fakes
>> Doing prefit: ch18,tHW
>> Doing prefit: ch18,tHq
>> Doing prefit: ch18,tZq
>> Doing prefit: ch18,ttH
>> Doing prefit: ch18,ttVV
>> Doing prefit: ch18,TotalBkg
>> Doing prefit: ch18,TotalSig
>> Doing prefit: ch18,TotalProcs
>> Doing prefit: ch19,Convs
>> Doing prefit: ch19,Rares
>> Doing prefit: ch19,TTW_lep1_eta_bin0
>> Doing prefit: ch19,TTW_lep1_eta_bin1
>> Doing prefit: ch19,TTW_lep1_eta_bin2
>> Doing prefit: ch19,TTW_lep1_eta_bin3
>> Doing prefit: ch19,TTW_ooa
>> Doing prefit: ch19,TTZ
>> Doing prefit: ch19,VVV
>> Doing prefit: ch19,WZ
>> Doing prefit: ch19,ZZ
>> Doing prefit: ch19,data_fakes
>> Doing prefit: ch19,data_flips
>> Doing prefit: ch19,tHW
>> Doing prefit: ch19,tHq
>> Doing prefit: ch19,tZq
>> Doing prefit: ch19,ttH
>> Doing prefit: ch19,ttVV
>> Doing prefit: ch19,TotalBkg
>> Doing prefit: ch19,TotalSig
>> Doing prefit: ch19,TotalProcs
>> Doing prefit: ch2,Convs
>> Doing prefit: ch2,Rares
>> Doing prefit: ch2,TTW_lep1_eta_bin0
>> Doing prefit: ch2,TTW_lep1_eta_bin1
>> Doing prefit: ch2,TTW_lep1_eta_bin2
>> Doing prefit: ch2,TTW_lep1_eta_bin3
>> Doing prefit: ch2,TTW_ooa
>> Doing prefit: ch2,TTZ
>> Doing prefit: ch2,VVV
>> Doing prefit: ch2,WZ
>> Doing prefit: ch2,ZZ
>> Doing prefit: ch2,data_fakes
>> Doing prefit: ch2,data_flips
>> Doing prefit: ch2,tHW
>> Doing prefit: ch2,tHq
>> Doing prefit: ch2,tZq
>> Doing prefit: ch2,ttH
>> Doing prefit: ch2,ttVV
>> Doing prefit: ch2,TotalBkg
>> Doing prefit: ch2,TotalSig
>> Doing prefit: ch2,TotalProcs
>> Doing prefit: ch20,Convs
>> Doing prefit: ch20,Rares
>> Doing prefit: ch20,TTW_lep1_eta_bin0
>> Doing prefit: ch20,TTW_lep1_eta_bin1
>> Doing prefit: ch20,TTW_lep1_eta_bin2
>> Doing prefit: ch20,TTW_lep1_eta_bin3
>> Doing prefit: ch20,TTW_ooa
>> Doing prefit: ch20,TTZ
>> Doing prefit: ch20,VVV
>> Doing prefit: ch20,WZ
>> Doing prefit: ch20,ZZ
>> Doing prefit: ch20,data_fakes
>> Doing prefit: ch20,data_flips
>> Doing prefit: ch20,tHW
>> Doing prefit: ch20,tHq
>> Doing prefit: ch20,tZq
>> Doing prefit: ch20,ttH
>> Doing prefit: ch20,ttVV
>> Doing prefit: ch20,TotalBkg
>> Doing prefit: ch20,TotalSig
>> Doing prefit: ch20,TotalProcs
>> Doing prefit: ch21,Rares
>> Doing prefit: ch21,TTW_lep1_eta_bin0
>> Doing prefit: ch21,TTW_lep1_eta_bin1
>> Doing prefit: ch21,TTW_lep1_eta_bin2
>> Doing prefit: ch21,TTW_lep1_eta_bin3
>> Doing prefit: ch21,TTW_ooa
>> Doing prefit: ch21,TTZ
>> Doing prefit: ch21,VVV
>> Doing prefit: ch21,WZ
>> Doing prefit: ch21,ZZ
>> Doing prefit: ch21,data_fakes
>> Doing prefit: ch21,tHW
>> Doing prefit: ch21,tHq
>> Doing prefit: ch21,tZq
>> Doing prefit: ch21,ttH
>> Doing prefit: ch21,ttVV
>> Doing prefit: ch21,TotalBkg
>> Doing prefit: ch21,TotalSig
>> Doing prefit: ch21,TotalProcs
>> Doing prefit: ch22,Convs
>> Doing prefit: ch22,Rares
>> Doing prefit: ch22,TTW_lep1_eta_bin0
>> Doing prefit: ch22,TTW_lep1_eta_bin1
>> Doing prefit: ch22,TTW_lep1_eta_bin2
>> Doing prefit: ch22,TTW_lep1_eta_bin3
>> Doing prefit: ch22,TTW_ooa
>> Doing prefit: ch22,TTZ
>> Doing prefit: ch22,VVV
>> Doing prefit: ch22,WZ
>> Doing prefit: ch22,ZZ
>> Doing prefit: ch22,data_fakes
>> Doing prefit: ch22,data_flips
>> Doing prefit: ch22,tHW
>> Doing prefit: ch22,tHq
>> Doing prefit: ch22,tZq
>> Doing prefit: ch22,ttH
>> Doing prefit: ch22,ttVV
>> Doing prefit: ch22,TotalBkg
>> Doing prefit: ch22,TotalSig
>> Doing prefit: ch22,TotalProcs
>> Doing prefit: ch23,Convs
>> Doing prefit: ch23,Rares
>> Doing prefit: ch23,TTW_lep1_eta_bin0
>> Doing prefit: ch23,TTW_lep1_eta_bin1
>> Doing prefit: ch23,TTW_lep1_eta_bin2
>> Doing prefit: ch23,TTW_lep1_eta_bin3
>> Doing prefit: ch23,TTW_ooa
>> Doing prefit: ch23,TTZ
>> Doing prefit: ch23,VVV
>> Doing prefit: ch23,WZ
>> Doing prefit: ch23,ZZ
>> Doing prefit: ch23,data_fakes
>> Doing prefit: ch23,data_flips
>> Doing prefit: ch23,tHW
>> Doing prefit: ch23,tHq
>> Doing prefit: ch23,tZq
>> Doing prefit: ch23,ttH
>> Doing prefit: ch23,ttVV
>> Doing prefit: ch23,TotalBkg
>> Doing prefit: ch23,TotalSig
>> Doing prefit: ch23,TotalProcs
>> Doing prefit: ch24,Rares
>> Doing prefit: ch24,TTW_lep1_eta_bin0
>> Doing prefit: ch24,TTW_lep1_eta_bin1
>> Doing prefit: ch24,TTW_lep1_eta_bin2
>> Doing prefit: ch24,TTW_lep1_eta_bin3
>> Doing prefit: ch24,TTW_ooa
>> Doing prefit: ch24,TTZ
>> Doing prefit: ch24,VVV
>> Doing prefit: ch24,WZ
>> Doing prefit: ch24,ZZ
>> Doing prefit: ch24,data_fakes
>> Doing prefit: ch24,tHW
>> Doing prefit: ch24,tHq
>> Doing prefit: ch24,tZq
>> Doing prefit: ch24,ttH
>> Doing prefit: ch24,ttVV
>> Doing prefit: ch24,TotalBkg
>> Doing prefit: ch24,TotalSig
>> Doing prefit: ch24,TotalProcs
>> Doing prefit: ch3,Rares
>> Doing prefit: ch3,TTW_lep1_eta_bin0
>> Doing prefit: ch3,TTW_lep1_eta_bin1
>> Doing prefit: ch3,TTW_lep1_eta_bin2
>> Doing prefit: ch3,TTW_lep1_eta_bin3
>> Doing prefit: ch3,TTW_ooa
>> Doing prefit: ch3,TTZ
>> Doing prefit: ch3,VVV
>> Doing prefit: ch3,WZ
>> Doing prefit: ch3,ZZ
>> Doing prefit: ch3,data_fakes
>> Doing prefit: ch3,tHW
>> Doing prefit: ch3,tHq
>> Doing prefit: ch3,tZq
>> Doing prefit: ch3,ttH
>> Doing prefit: ch3,ttVV
>> Doing prefit: ch3,TotalBkg
>> Doing prefit: ch3,TotalSig
>> Doing prefit: ch3,TotalProcs
>> Doing prefit: ch4,Convs
>> Doing prefit: ch4,Rares
>> Doing prefit: ch4,TTW_lep1_eta_bin0
>> Doing prefit: ch4,TTW_lep1_eta_bin1
>> Doing prefit: ch4,TTW_lep1_eta_bin2
>> Doing prefit: ch4,TTW_lep1_eta_bin3
>> Doing prefit: ch4,TTW_ooa
>> Doing prefit: ch4,TTZ
>> Doing prefit: ch4,VVV
>> Doing prefit: ch4,WZ
>> Doing prefit: ch4,ZZ
>> Doing prefit: ch4,data_fakes
>> Doing prefit: ch4,data_flips
>> Doing prefit: ch4,tHW
>> Doing prefit: ch4,tHq
>> Doing prefit: ch4,tZq
>> Doing prefit: ch4,ttH
>> Doing prefit: ch4,ttVV
>> Doing prefit: ch4,TotalBkg
>> Doing prefit: ch4,TotalSig
>> Doing prefit: ch4,TotalProcs
>> Doing prefit: ch5,Convs
>> Doing prefit: ch5,Rares
>> Doing prefit: ch5,TTW_lep1_eta_bin0
>> Doing prefit: ch5,TTW_lep1_eta_bin1
>> Doing prefit: ch5,TTW_lep1_eta_bin2
>> Doing prefit: ch5,TTW_lep1_eta_bin3
>> Doing prefit: ch5,TTW_ooa
>> Doing prefit: ch5,TTZ
>> Doing prefit: ch5,VVV
>> Doing prefit: ch5,WZ
>> Doing prefit: ch5,ZZ
>> Doing prefit: ch5,data_fakes
>> Doing prefit: ch5,data_flips
>> Doing prefit: ch5,tHW
>> Doing prefit: ch5,tHq
>> Doing prefit: ch5,tZq
>> Doing prefit: ch5,ttH
>> Doing prefit: ch5,ttVV
>> Doing prefit: ch5,TotalBkg
>> Doing prefit: ch5,TotalSig
>> Doing prefit: ch5,TotalProcs
>> Doing prefit: ch6,Rares
>> Doing prefit: ch6,TTW_lep1_eta_bin0
>> Doing prefit: ch6,TTW_lep1_eta_bin1
>> Doing prefit: ch6,TTW_lep1_eta_bin2
>> Doing prefit: ch6,TTW_lep1_eta_bin3
>> Doing prefit: ch6,TTW_ooa
>> Doing prefit: ch6,TTZ
>> Doing prefit: ch6,VVV
>> Doing prefit: ch6,WZ
>> Doing prefit: ch6,ZZ
>> Doing prefit: ch6,data_fakes
>> Doing prefit: ch6,tHW
>> Doing prefit: ch6,tHq
>> Doing prefit: ch6,tZq
>> Doing prefit: ch6,ttH
>> Doing prefit: ch6,ttVV
>> Doing prefit: ch6,TotalBkg
>> Doing prefit: ch6,TotalSig
>> Doing prefit: ch6,TotalProcs
>> Doing prefit: ch7,Convs
>> Doing prefit: ch7,Rares
>> Doing prefit: ch7,TTW_lep1_eta_bin0
>> Doing prefit: ch7,TTW_lep1_eta_bin1
>> Doing prefit: ch7,TTW_lep1_eta_bin2
>> Doing prefit: ch7,TTW_lep1_eta_bin3
>> Doing prefit: ch7,TTW_ooa
>> Doing prefit: ch7,TTZ
>> Doing prefit: ch7,VVV
>> Doing prefit: ch7,WZ
>> Doing prefit: ch7,ZZ
>> Doing prefit: ch7,data_fakes
>> Doing prefit: ch7,data_flips
>> Doing prefit: ch7,tHW
>> Doing prefit: ch7,tHq
>> Doing prefit: ch7,tZq
>> Doing prefit: ch7,ttH
>> Doing prefit: ch7,ttVV
>> Doing prefit: ch7,TotalBkg
>> Doing prefit: ch7,TotalSig
>> Doing prefit: ch7,TotalProcs
>> Doing prefit: ch8,Convs
>> Doing prefit: ch8,Rares
>> Doing prefit: ch8,TTW_lep1_eta_bin0
>> Doing prefit: ch8,TTW_lep1_eta_bin1
>> Doing prefit: ch8,TTW_lep1_eta_bin2
>> Doing prefit: ch8,TTW_lep1_eta_bin3
>> Doing prefit: ch8,TTW_ooa
>> Doing prefit: ch8,TTZ
>> Doing prefit: ch8,VVV
>> Doing prefit: ch8,WZ
>> Doing prefit: ch8,ZZ
>> Doing prefit: ch8,data_fakes
>> Doing prefit: ch8,data_flips
>> Doing prefit: ch8,tHW
>> Doing prefit: ch8,tHq
>> Doing prefit: ch8,tZq
>> Doing prefit: ch8,ttH
>> Doing prefit: ch8,ttVV
>> Doing prefit: ch8,TotalBkg
>> Doing prefit: ch8,TotalSig
>> Doing prefit: ch8,TotalProcs
>> Doing prefit: ch9,Rares
>> Doing prefit: ch9,TTW_lep1_eta_bin0
>> Doing prefit: ch9,TTW_lep1_eta_bin1
>> Doing prefit: ch9,TTW_lep1_eta_bin2
>> Doing prefit: ch9,TTW_lep1_eta_bin3
>> Doing prefit: ch9,TTW_ooa
>> Doing prefit: ch9,TTZ
>> Doing prefit: ch9,VVV
>> Doing prefit: ch9,WZ
>> Doing prefit: ch9,ZZ
>> Doing prefit: ch9,data_fakes
>> Doing prefit: ch9,tHW
>> Doing prefit: ch9,tHq
>> Doing prefit: ch9,tZq
>> Doing prefit: ch9,ttH
>> Doing prefit: ch9,ttVV
>> Doing prefit: ch9,TotalBkg
>> Doing prefit: ch9,TotalSig
>> Doing prefit: ch9,TotalProcs
Bin                       Total relative bkg uncert. (prefit)
----------------------------------------------------------
ch1                       0.15051   
ch10                      0.18754   
ch11                      0.11551   
ch12                      0.15344   
ch13                      0.14717   
ch14                      0.12509   
ch15                      0.17522   
ch16                      0.15068   
ch17                      0.12488   
ch18                      0.15603   
ch19                      0.14978   
ch2                       0.10353   
ch20                      0.11718   
ch21                      0.12265   
ch22                      0.16199   
ch23                      0.10695   
ch24                      0.14587   
ch3                       0.14121   
ch4                       0.13334   
ch5                       0.11836   
ch6                       0.14569   
ch7                       0.13200   
ch8                       0.11950   
ch9                       0.20794   
>> Doing postfit: TotalBkg
>> Doing postfit: TotalSig
>> Doing postfit: TotalProcs
>> Doing postfit: ch1,Convs
>> Doing postfit: ch1,Rares
>> Doing postfit: ch1,TTW_lep1_eta_bin0
>> Doing postfit: ch1,TTW_lep1_eta_bin1
>> Doing postfit: ch1,TTW_lep1_eta_bin2
>> Doing postfit: ch1,TTW_lep1_eta_bin3
>> Doing postfit: ch1,TTW_ooa
>> Doing postfit: ch1,TTZ
>> Doing postfit: ch1,VVV
>> Doing postfit: ch1,WZ
>> Doing postfit: ch1,ZZ
>> Doing postfit: ch1,data_fakes
>> Doing postfit: ch1,data_flips
>> Doing postfit: ch1,tHW
>> Doing postfit: ch1,tHq
>> Doing postfit: ch1,tZq
>> Doing postfit: ch1,ttH
>> Doing postfit: ch1,ttVV
>> Doing postfit: ch1,TotalBkg
>> Doing postfit: ch1,TotalSig
>> Doing postfit: ch1,TotalProcs
>> Doing postfit: ch10,Convs
>> Doing postfit: ch10,Rares
>> Doing postfit: ch10,TTW_lep1_eta_bin0
>> Doing postfit: ch10,TTW_lep1_eta_bin1
>> Doing postfit: ch10,TTW_lep1_eta_bin2
>> Doing postfit: ch10,TTW_lep1_eta_bin3
>> Doing postfit: ch10,TTW_ooa
>> Doing postfit: ch10,TTZ
>> Doing postfit: ch10,VVV
>> Doing postfit: ch10,WZ
>> Doing postfit: ch10,ZZ
>> Doing postfit: ch10,data_fakes
>> Doing postfit: ch10,data_flips
>> Doing postfit: ch10,tHW
>> Doing postfit: ch10,tHq
>> Doing postfit: ch10,tZq
>> Doing postfit: ch10,ttH
>> Doing postfit: ch10,ttVV
>> Doing postfit: ch10,TotalBkg
>> Doing postfit: ch10,TotalSig
>> Doing postfit: ch10,TotalProcs
>> Doing postfit: ch11,Convs
>> Doing postfit: ch11,Rares
>> Doing postfit: ch11,TTW_lep1_eta_bin0
>> Doing postfit: ch11,TTW_lep1_eta_bin1
>> Doing postfit: ch11,TTW_lep1_eta_bin2
>> Doing postfit: ch11,TTW_lep1_eta_bin3
>> Doing postfit: ch11,TTW_ooa
>> Doing postfit: ch11,TTZ
>> Doing postfit: ch11,VVV
>> Doing postfit: ch11,WZ
>> Doing postfit: ch11,ZZ
>> Doing postfit: ch11,data_fakes
>> Doing postfit: ch11,data_flips
>> Doing postfit: ch11,tHW
>> Doing postfit: ch11,tHq
>> Doing postfit: ch11,tZq
>> Doing postfit: ch11,ttH
>> Doing postfit: ch11,ttVV
>> Doing postfit: ch11,TotalBkg
>> Doing postfit: ch11,TotalSig
>> Doing postfit: ch11,TotalProcs
>> Doing postfit: ch12,Rares
>> Doing postfit: ch12,TTW_lep1_eta_bin0
>> Doing postfit: ch12,TTW_lep1_eta_bin1
>> Doing postfit: ch12,TTW_lep1_eta_bin2
>> Doing postfit: ch12,TTW_lep1_eta_bin3
>> Doing postfit: ch12,TTW_ooa
>> Doing postfit: ch12,TTZ
>> Doing postfit: ch12,VVV
>> Doing postfit: ch12,WZ
>> Doing postfit: ch12,ZZ
>> Doing postfit: ch12,data_fakes
>> Doing postfit: ch12,tHW
>> Doing postfit: ch12,tHq
>> Doing postfit: ch12,tZq
>> Doing postfit: ch12,ttH
>> Doing postfit: ch12,ttVV
>> Doing postfit: ch12,TotalBkg
>> Doing postfit: ch12,TotalSig
>> Doing postfit: ch12,TotalProcs
>> Doing postfit: ch13,Convs
>> Doing postfit: ch13,Rares
>> Doing postfit: ch13,TTW_lep1_eta_bin0
>> Doing postfit: ch13,TTW_lep1_eta_bin1
>> Doing postfit: ch13,TTW_lep1_eta_bin2
>> Doing postfit: ch13,TTW_lep1_eta_bin3
>> Doing postfit: ch13,TTW_ooa
>> Doing postfit: ch13,TTZ
>> Doing postfit: ch13,VVV
>> Doing postfit: ch13,WZ
>> Doing postfit: ch13,ZZ
>> Doing postfit: ch13,data_fakes
>> Doing postfit: ch13,data_flips
>> Doing postfit: ch13,tHW
>> Doing postfit: ch13,tHq
>> Doing postfit: ch13,tZq
>> Doing postfit: ch13,ttH
>> Doing postfit: ch13,ttVV
>> Doing postfit: ch13,TotalBkg
>> Doing postfit: ch13,TotalSig
>> Doing postfit: ch13,TotalProcs
>> Doing postfit: ch14,Convs
>> Doing postfit: ch14,Rares
>> Doing postfit: ch14,TTW_lep1_eta_bin0
>> Doing postfit: ch14,TTW_lep1_eta_bin1
>> Doing postfit: ch14,TTW_lep1_eta_bin2
>> Doing postfit: ch14,TTW_lep1_eta_bin3
>> Doing postfit: ch14,TTW_ooa
>> Doing postfit: ch14,TTZ
>> Doing postfit: ch14,VVV
>> Doing postfit: ch14,WZ
>> Doing postfit: ch14,ZZ
>> Doing postfit: ch14,data_fakes
>> Doing postfit: ch14,data_flips
>> Doing postfit: ch14,tHW
>> Doing postfit: ch14,tHq
>> Doing postfit: ch14,tZq
>> Doing postfit: ch14,ttH
>> Doing postfit: ch14,ttVV
>> Doing postfit: ch14,TotalBkg
>> Doing postfit: ch14,TotalSig
>> Doing postfit: ch14,TotalProcs
>> Doing postfit: ch15,Rares
>> Doing postfit: ch15,TTW_lep1_eta_bin0
>> Doing postfit: ch15,TTW_lep1_eta_bin1
>> Doing postfit: ch15,TTW_lep1_eta_bin2
>> Doing postfit: ch15,TTW_lep1_eta_bin3
>> Doing postfit: ch15,TTW_ooa
>> Doing postfit: ch15,TTZ
>> Doing postfit: ch15,VVV
>> Doing postfit: ch15,WZ
>> Doing postfit: ch15,ZZ
>> Doing postfit: ch15,data_fakes
>> Doing postfit: ch15,tHW
>> Doing postfit: ch15,tHq
>> Doing postfit: ch15,tZq
>> Doing postfit: ch15,ttH
>> Doing postfit: ch15,ttVV
>> Doing postfit: ch15,TotalBkg
>> Doing postfit: ch15,TotalSig
>> Doing postfit: ch15,TotalProcs
>> Doing postfit: ch16,Convs
>> Doing postfit: ch16,Rares
>> Doing postfit: ch16,TTW_lep1_eta_bin0
>> Doing postfit: ch16,TTW_lep1_eta_bin1
>> Doing postfit: ch16,TTW_lep1_eta_bin2
>> Doing postfit: ch16,TTW_lep1_eta_bin3
>> Doing postfit: ch16,TTW_ooa
>> Doing postfit: ch16,TTZ
>> Doing postfit: ch16,VVV
>> Doing postfit: ch16,WZ
>> Doing postfit: ch16,ZZ
>> Doing postfit: ch16,data_fakes
>> Doing postfit: ch16,data_flips
>> Doing postfit: ch16,tHW
>> Doing postfit: ch16,tHq
>> Doing postfit: ch16,tZq
>> Doing postfit: ch16,ttH
>> Doing postfit: ch16,ttVV
>> Doing postfit: ch16,TotalBkg
>> Doing postfit: ch16,TotalSig
>> Doing postfit: ch16,TotalProcs
>> Doing postfit: ch17,Convs
>> Doing postfit: ch17,Rares
>> Doing postfit: ch17,TTW_lep1_eta_bin0
>> Doing postfit: ch17,TTW_lep1_eta_bin1
>> Doing postfit: ch17,TTW_lep1_eta_bin2
>> Doing postfit: ch17,TTW_lep1_eta_bin3
>> Doing postfit: ch17,TTW_ooa
>> Doing postfit: ch17,TTZ
>> Doing postfit: ch17,VVV
>> Doing postfit: ch17,WZ
>> Doing postfit: ch17,ZZ
>> Doing postfit: ch17,data_fakes
>> Doing postfit: ch17,data_flips
>> Doing postfit: ch17,tHW
>> Doing postfit: ch17,tHq
>> Doing postfit: ch17,tZq
>> Doing postfit: ch17,ttH
>> Doing postfit: ch17,ttVV
>> Doing postfit: ch17,TotalBkg
>> Doing postfit: ch17,TotalSig
>> Doing postfit: ch17,TotalProcs
>> Doing postfit: ch18,Rares
>> Doing postfit: ch18,TTW_lep1_eta_bin0
>> Doing postfit: ch18,TTW_lep1_eta_bin1
>> Doing postfit: ch18,TTW_lep1_eta_bin2
>> Doing postfit: ch18,TTW_lep1_eta_bin3
>> Doing postfit: ch18,TTW_ooa
>> Doing postfit: ch18,TTZ
>> Doing postfit: ch18,VVV
>> Doing postfit: ch18,WZ
>> Doing postfit: ch18,ZZ
>> Doing postfit: ch18,data_fakes
>> Doing postfit: ch18,tHW
>> Doing postfit: ch18,tHq
>> Doing postfit: ch18,tZq
>> Doing postfit: ch18,ttH
>> Doing postfit: ch18,ttVV
>> Doing postfit: ch18,TotalBkg
>> Doing postfit: ch18,TotalSig
>> Doing postfit: ch18,TotalProcs
>> Doing postfit: ch19,Convs
>> Doing postfit: ch19,Rares
>> Doing postfit: ch19,TTW_lep1_eta_bin0
>> Doing postfit: ch19,TTW_lep1_eta_bin1
>> Doing postfit: ch19,TTW_lep1_eta_bin2
>> Doing postfit: ch19,TTW_lep1_eta_bin3
>> Doing postfit: ch19,TTW_ooa
>> Doing postfit: ch19,TTZ
>> Doing postfit: ch19,VVV
>> Doing postfit: ch19,WZ
>> Doing postfit: ch19,ZZ
>> Doing postfit: ch19,data_fakes
>> Doing postfit: ch19,data_flips
>> Doing postfit: ch19,tHW
>> Doing postfit: ch19,tHq
>> Doing postfit: ch19,tZq
>> Doing postfit: ch19,ttH
>> Doing postfit: ch19,ttVV
>> Doing postfit: ch19,TotalBkg
>> Doing postfit: ch19,TotalSig
>> Doing postfit: ch19,TotalProcs
>> Doing postfit: ch2,Convs
>> Doing postfit: ch2,Rares
>> Doing postfit: ch2,TTW_lep1_eta_bin0
>> Doing postfit: ch2,TTW_lep1_eta_bin1
>> Doing postfit: ch2,TTW_lep1_eta_bin2
>> Doing postfit: ch2,TTW_lep1_eta_bin3
>> Doing postfit: ch2,TTW_ooa
>> Doing postfit: ch2,TTZ
>> Doing postfit: ch2,VVV
>> Doing postfit: ch2,WZ
>> Doing postfit: ch2,ZZ
>> Doing postfit: ch2,data_fakes
>> Doing postfit: ch2,data_flips
>> Doing postfit: ch2,tHW
>> Doing postfit: ch2,tHq
>> Doing postfit: ch2,tZq
>> Doing postfit: ch2,ttH
>> Doing postfit: ch2,ttVV
>> Doing postfit: ch2,TotalBkg
>> Doing postfit: ch2,TotalSig
>> Doing postfit: ch2,TotalProcs
>> Doing postfit: ch20,Convs
>> Doing postfit: ch20,Rares
>> Doing postfit: ch20,TTW_lep1_eta_bin0
>> Doing postfit: ch20,TTW_lep1_eta_bin1
>> Doing postfit: ch20,TTW_lep1_eta_bin2
>> Doing postfit: ch20,TTW_lep1_eta_bin3
>> Doing postfit: ch20,TTW_ooa
>> Doing postfit: ch20,TTZ
>> Doing postfit: ch20,VVV
>> Doing postfit: ch20,WZ
>> Doing postfit: ch20,ZZ
>> Doing postfit: ch20,data_fakes
>> Doing postfit: ch20,data_flips
>> Doing postfit: ch20,tHW
>> Doing postfit: ch20,tHq
>> Doing postfit: ch20,tZq
>> Doing postfit: ch20,ttH
>> Doing postfit: ch20,ttVV
>> Doing postfit: ch20,TotalBkg
>> Doing postfit: ch20,TotalSig
>> Doing postfit: ch20,TotalProcs
>> Doing postfit: ch21,Rares
>> Doing postfit: ch21,TTW_lep1_eta_bin0
>> Doing postfit: ch21,TTW_lep1_eta_bin1
>> Doing postfit: ch21,TTW_lep1_eta_bin2
>> Doing postfit: ch21,TTW_lep1_eta_bin3
>> Doing postfit: ch21,TTW_ooa
>> Doing postfit: ch21,TTZ
>> Doing postfit: ch21,VVV
>> Doing postfit: ch21,WZ
>> Doing postfit: ch21,ZZ
>> Doing postfit: ch21,data_fakes
>> Doing postfit: ch21,tHW
>> Doing postfit: ch21,tHq
>> Doing postfit: ch21,tZq
>> Doing postfit: ch21,ttH
>> Doing postfit: ch21,ttVV
>> Doing postfit: ch21,TotalBkg
>> Doing postfit: ch21,TotalSig
>> Doing postfit: ch21,TotalProcs
>> Doing postfit: ch22,Convs
>> Doing postfit: ch22,Rares
>> Doing postfit: ch22,TTW_lep1_eta_bin0
>> Doing postfit: ch22,TTW_lep1_eta_bin1
>> Doing postfit: ch22,TTW_lep1_eta_bin2
>> Doing postfit: ch22,TTW_lep1_eta_bin3
>> Doing postfit: ch22,TTW_ooa
>> Doing postfit: ch22,TTZ
>> Doing postfit: ch22,VVV
>> Doing postfit: ch22,WZ
>> Doing postfit: ch22,ZZ
>> Doing postfit: ch22,data_fakes
>> Doing postfit: ch22,data_flips
>> Doing postfit: ch22,tHW
>> Doing postfit: ch22,tHq
>> Doing postfit: ch22,tZq
>> Doing postfit: ch22,ttH
>> Doing postfit: ch22,ttVV
>> Doing postfit: ch22,TotalBkg
>> Doing postfit: ch22,TotalSig
>> Doing postfit: ch22,TotalProcs
>> Doing postfit: ch23,Convs
>> Doing postfit: ch23,Rares
>> Doing postfit: ch23,TTW_lep1_eta_bin0
>> Doing postfit: ch23,TTW_lep1_eta_bin1
>> Doing postfit: ch23,TTW_lep1_eta_bin2
>> Doing postfit: ch23,TTW_lep1_eta_bin3
>> Doing postfit: ch23,TTW_ooa
>> Doing postfit: ch23,TTZ
>> Doing postfit: ch23,VVV
>> Doing postfit: ch23,WZ
>> Doing postfit: ch23,ZZ
>> Doing postfit: ch23,data_fakes
>> Doing postfit: ch23,data_flips
>> Doing postfit: ch23,tHW
>> Doing postfit: ch23,tHq
>> Doing postfit: ch23,tZq
>> Doing postfit: ch23,ttH
>> Doing postfit: ch23,ttVV
>> Doing postfit: ch23,TotalBkg
>> Doing postfit: ch23,TotalSig
>> Doing postfit: ch23,TotalProcs
>> Doing postfit: ch24,Rares
>> Doing postfit: ch24,TTW_lep1_eta_bin0
>> Doing postfit: ch24,TTW_lep1_eta_bin1
>> Doing postfit: ch24,TTW_lep1_eta_bin2
>> Doing postfit: ch24,TTW_lep1_eta_bin3
>> Doing postfit: ch24,TTW_ooa
>> Doing postfit: ch24,TTZ
>> Doing postfit: ch24,VVV
>> Doing postfit: ch24,WZ
>> Doing postfit: ch24,ZZ
>> Doing postfit: ch24,data_fakes
>> Doing postfit: ch24,tHW
>> Doing postfit: ch24,tHq
>> Doing postfit: ch24,tZq
>> Doing postfit: ch24,ttH
>> Doing postfit: ch24,ttVV
>> Doing postfit: ch24,TotalBkg
>> Doing postfit: ch24,TotalSig
>> Doing postfit: ch24,TotalProcs
>> Doing postfit: ch3,Rares
>> Doing postfit: ch3,TTW_lep1_eta_bin0
>> Doing postfit: ch3,TTW_lep1_eta_bin1
>> Doing postfit: ch3,TTW_lep1_eta_bin2
>> Doing postfit: ch3,TTW_lep1_eta_bin3
>> Doing postfit: ch3,TTW_ooa
>> Doing postfit: ch3,TTZ
>> Doing postfit: ch3,VVV
>> Doing postfit: ch3,WZ
>> Doing postfit: ch3,ZZ
>> Doing postfit: ch3,data_fakes
>> Doing postfit: ch3,tHW
>> Doing postfit: ch3,tHq
>> Doing postfit: ch3,tZq
>> Doing postfit: ch3,ttH
>> Doing postfit: ch3,ttVV
>> Doing postfit: ch3,TotalBkg
>> Doing postfit: ch3,TotalSig
>> Doing postfit: ch3,TotalProcs
>> Doing postfit: ch4,Convs
>> Doing postfit: ch4,Rares
>> Doing postfit: ch4,TTW_lep1_eta_bin0
>> Doing postfit: ch4,TTW_lep1_eta_bin1
>> Doing postfit: ch4,TTW_lep1_eta_bin2
>> Doing postfit: ch4,TTW_lep1_eta_bin3
>> Doing postfit: ch4,TTW_ooa
>> Doing postfit: ch4,TTZ
>> Doing postfit: ch4,VVV
>> Doing postfit: ch4,WZ
>> Doing postfit: ch4,ZZ
>> Doing postfit: ch4,data_fakes
>> Doing postfit: ch4,data_flips
>> Doing postfit: ch4,tHW
>> Doing postfit: ch4,tHq
>> Doing postfit: ch4,tZq
>> Doing postfit: ch4,ttH
>> Doing postfit: ch4,ttVV
>> Doing postfit: ch4,TotalBkg
>> Doing postfit: ch4,TotalSig
>> Doing postfit: ch4,TotalProcs
>> Doing postfit: ch5,Convs
>> Doing postfit: ch5,Rares
>> Doing postfit: ch5,TTW_lep1_eta_bin0
>> Doing postfit: ch5,TTW_lep1_eta_bin1
>> Doing postfit: ch5,TTW_lep1_eta_bin2
>> Doing postfit: ch5,TTW_lep1_eta_bin3
>> Doing postfit: ch5,TTW_ooa
>> Doing postfit: ch5,TTZ
>> Doing postfit: ch5,VVV
>> Doing postfit: ch5,WZ
>> Doing postfit: ch5,ZZ
>> Doing postfit: ch5,data_fakes
>> Doing postfit: ch5,data_flips
>> Doing postfit: ch5,tHW
>> Doing postfit: ch5,tHq
>> Doing postfit: ch5,tZq
>> Doing postfit: ch5,ttH
>> Doing postfit: ch5,ttVV
>> Doing postfit: ch5,TotalBkg
>> Doing postfit: ch5,TotalSig
>> Doing postfit: ch5,TotalProcs
>> Doing postfit: ch6,Rares
>> Doing postfit: ch6,TTW_lep1_eta_bin0
>> Doing postfit: ch6,TTW_lep1_eta_bin1
>> Doing postfit: ch6,TTW_lep1_eta_bin2
>> Doing postfit: ch6,TTW_lep1_eta_bin3
>> Doing postfit: ch6,TTW_ooa
>> Doing postfit: ch6,TTZ
>> Doing postfit: ch6,VVV
>> Doing postfit: ch6,WZ
>> Doing postfit: ch6,ZZ
>> Doing postfit: ch6,data_fakes
>> Doing postfit: ch6,tHW
>> Doing postfit: ch6,tHq
>> Doing postfit: ch6,tZq
>> Doing postfit: ch6,ttH
>> Doing postfit: ch6,ttVV
>> Doing postfit: ch6,TotalBkg
>> Doing postfit: ch6,TotalSig
>> Doing postfit: ch6,TotalProcs
>> Doing postfit: ch7,Convs
>> Doing postfit: ch7,Rares
>> Doing postfit: ch7,TTW_lep1_eta_bin0
>> Doing postfit: ch7,TTW_lep1_eta_bin1
>> Doing postfit: ch7,TTW_lep1_eta_bin2
>> Doing postfit: ch7,TTW_lep1_eta_bin3
>> Doing postfit: ch7,TTW_ooa
>> Doing postfit: ch7,TTZ
>> Doing postfit: ch7,VVV
>> Doing postfit: ch7,WZ
>> Doing postfit: ch7,ZZ
>> Doing postfit: ch7,data_fakes
>> Doing postfit: ch7,data_flips
>> Doing postfit: ch7,tHW
>> Doing postfit: ch7,tHq
>> Doing postfit: ch7,tZq
>> Doing postfit: ch7,ttH
>> Doing postfit: ch7,ttVV
>> Doing postfit: ch7,TotalBkg
>> Doing postfit: ch7,TotalSig
>> Doing postfit: ch7,TotalProcs
>> Doing postfit: ch8,Convs
>> Doing postfit: ch8,Rares
>> Doing postfit: ch8,TTW_lep1_eta_bin0
>> Doing postfit: ch8,TTW_lep1_eta_bin1
>> Doing postfit: ch8,TTW_lep1_eta_bin2
>> Doing postfit: ch8,TTW_lep1_eta_bin3
>> Doing postfit: ch8,TTW_ooa
>> Doing postfit: ch8,TTZ
>> Doing postfit: ch8,VVV
>> Doing postfit: ch8,WZ
>> Doing postfit: ch8,ZZ
>> Doing postfit: ch8,data_fakes
>> Doing postfit: ch8,data_flips
>> Doing postfit: ch8,tHW
>> Doing postfit: ch8,tHq
>> Doing postfit: ch8,tZq
>> Doing postfit: ch8,ttH
>> Doing postfit: ch8,ttVV
>> Doing postfit: ch8,TotalBkg
>> Doing postfit: ch8,TotalSig
>> Doing postfit: ch8,TotalProcs
>> Doing postfit: ch9,Rares
>> Doing postfit: ch9,TTW_lep1_eta_bin0
>> Doing postfit: ch9,TTW_lep1_eta_bin1
>> Doing postfit: ch9,TTW_lep1_eta_bin2
>> Doing postfit: ch9,TTW_lep1_eta_bin3
>> Doing postfit: ch9,TTW_ooa
>> Doing postfit: ch9,TTZ
>> Doing postfit: ch9,VVV
>> Doing postfit: ch9,WZ
>> Doing postfit: ch9,ZZ
>> Doing postfit: ch9,data_fakes
>> Doing postfit: ch9,tHW
>> Doing postfit: ch9,tHq
>> Doing postfit: ch9,tZq
>> Doing postfit: ch9,ttH
>> Doing postfit: ch9,ttVV
>> Doing postfit: ch9,TotalBkg
>> Doing postfit: ch9,TotalSig
>> Doing postfit: ch9,TotalProcs

Bin                       Total relative bkg uncert. (postfit)
----------------------------------------------------------
ch1                       0.10374   
ch10                      0.12650   
ch11                      0.07960   
ch12                      0.41636   
ch13                      0.10199   
ch14                      0.07931   
ch15                      0.09778   
ch16                      0.10173   
ch17                      0.08163   
ch18                      0.08270   
ch19                      0.09168   
ch2                       0.06554   
ch20                      0.07506   
ch21                      0.07489   
ch22                      0.09305   
ch23                      0.06601   
ch24                      0.07591   
ch3                       0.09110   
ch4                       0.09722   
ch5                       0.07952   
ch6                       0.09156   
ch7                       0.09058   
ch8                       0.07822   
ch9                       0.11433   

Bin                       Process              Scale factor
----------------------------------------------------------
ch1                       Convs                1.06188   
ch1                       Rares                1.38505   
ch1                       TTW_lep1_eta_bin0    1.04160   
ch1                       TTW_lep1_eta_bin1    1.19373   
ch1                       TTW_lep1_eta_bin2    1.62076   
ch1                       TTW_lep1_eta_bin3    1.66200   
ch1                       TTW_ooa              1.08844   
ch1                       TTZ                  1.17609   
ch1                       VVV                  1.67939   
ch1                       WZ                   0.86265   
ch1                       ZZ                   1.42866   
ch1                       data_fakes           1.55395   
ch1                       data_flips           0.87999   
ch1                       tHW                  1.07606   
ch1                       tHq                  1.06889   
ch1                       tZq                  1.26091   
ch1                       ttH                  1.07681   
ch1                       ttVV                 1.09292   
ch10                      Convs                1.04132   
ch10                      Rares                1.45613   
ch10                      TTW_lep1_eta_bin0    1.06061   
ch10                      TTW_lep1_eta_bin1    1.22250   
ch10                      TTW_lep1_eta_bin2    1.74077   
ch10                      TTW_lep1_eta_bin3    1.69399   
ch10                      TTW_ooa              1.15527   
ch10                      TTZ                  1.15328   
ch10                      VVV                  2.11858   
ch10                      WZ                   1.22900   
ch10                      ZZ                   2.07452   
ch10                      data_fakes           1.85813   
ch10                      data_flips           0.88011   
ch10                      tHW                  1.13728   
ch10                      tHq                  1.16679   
ch10                      tZq                  1.40112   
ch10                      ttH                  1.08416   
ch10                      ttVV                 1.09440   
ch11                      Convs                0.98839   
ch11                      Rares                1.44702   
ch11                      TTW_lep1_eta_bin0    1.02007   
ch11                      TTW_lep1_eta_bin1    1.18117   
ch11                      TTW_lep1_eta_bin2    1.63669   
ch11                      TTW_lep1_eta_bin3    1.66083   
ch11                      TTW_ooa              1.15061   
ch11                      TTZ                  1.13096   
ch11                      VVV                  2.03667   
ch11                      WZ                   1.15714   
ch11                      ZZ                   1.46631   
ch11                      data_fakes           1.24735   
ch11                      data_flips           0.87959   
ch11                      tHW                  1.10499   
ch11                      tHq                  1.08665   
ch11                      tZq                  1.17654   
ch11                      ttH                  1.06499   
ch11                      ttVV                 1.06542   
ch12                      Rares                1.29699   
ch12                      TTW_lep1_eta_bin0    0.98451   
ch12                      TTW_lep1_eta_bin1    1.16966   
ch12                      TTW_lep1_eta_bin2    1.57842   
ch12                      TTW_lep1_eta_bin3    1.56972   
ch12                      TTW_ooa              1.10207   
ch12                      TTZ                  1.13451   
ch12                      VVV                  98.01906  
ch12                      WZ                   1.01296   
ch12                      ZZ                   1.73480   
ch12                      data_fakes           0.97628   
ch12                      tHW                  1.04462   
ch12                      tHq                  1.08222   
ch12                      tZq                  1.16588   
ch12                      ttH                  1.04996   
ch12                      ttVV                 1.02844   
ch13                      Convs                1.00941   
ch13                      Rares                1.13608   
ch13                      TTW_lep1_eta_bin0    1.02560   
ch13                      TTW_lep1_eta_bin1    1.19228   
ch13                      TTW_lep1_eta_bin2    1.64936   
ch13                      TTW_lep1_eta_bin3    1.68211   
ch13                      TTW_ooa              1.13310   
ch13                      TTZ                  1.01032   
ch13                      VVV                  1.34481   
ch13                      WZ                   0.97986   
ch13                      ZZ                   1.11755   
ch13                      data_fakes           1.46637   
ch13                      data_flips           0.87961   
ch13                      tHW                  1.03914   
ch13                      tHq                  1.08889   
ch13                      tZq                  1.14917   
ch13                      ttH                  1.07511   
ch13                      ttVV                 1.07773   
ch14                      Convs                1.03682   
ch14                      Rares                1.38822   
ch14                      TTW_lep1_eta_bin0    1.00403   
ch14                      TTW_lep1_eta_bin1    1.17408   
ch14                      TTW_lep1_eta_bin2    1.61048   
ch14                      TTW_lep1_eta_bin3    1.63115   
ch14                      TTW_ooa              1.06887   
ch14                      TTZ                  1.11333   
ch14                      VVV                  1.71563   
ch14                      WZ                   1.00030   
ch14                      ZZ                   1.43251   
ch14                      data_fakes           1.15520   
ch14                      data_flips           0.87941   
ch14                      tHW                  1.03108   
ch14                      tHq                  1.03243   
ch14                      tZq                  1.16594   
ch14                      ttH                  1.05932   
ch14                      ttVV                 1.05445   
ch15                      Rares                1.29016   
ch15                      TTW_lep1_eta_bin0    0.98616   
ch15                      TTW_lep1_eta_bin1    1.13560   
ch15                      TTW_lep1_eta_bin2    1.56900   
ch15                      TTW_lep1_eta_bin3    1.56486   
ch15                      TTW_ooa              1.01837   
ch15                      TTZ                  1.11663   
ch15                      VVV                  1.58939   
ch15                      WZ                   0.94983   
ch15                      ZZ                   1.15307   
ch15                      data_fakes           0.94117   
ch15                      tHW                  1.01496   
ch15                      tHq                  1.07649   
ch15                      tZq                  1.11987   
ch15                      ttH                  1.02395   
ch15                      ttVV                 1.02854   
ch16                      Convs                1.06199   
ch16                      Rares                1.39107   
ch16                      TTW_lep1_eta_bin0    1.03598   
ch16                      TTW_lep1_eta_bin1    1.19388   
ch16                      TTW_lep1_eta_bin2    1.64765   
ch16                      TTW_lep1_eta_bin3    1.68046   
ch16                      TTW_ooa              1.10542   
ch16                      TTZ                  1.13913   
ch16                      VVV                  1.66447   
ch16                      WZ                   1.02810   
ch16                      ZZ                   1.30561   
ch16                      data_fakes           1.47974   
ch16                      data_flips           0.87940   
ch16                      tHW                  1.05653   
ch16                      tHq                  1.03759   
ch16                      tZq                  1.17545   
ch16                      ttH                  1.06829   
ch16                      ttVV                 1.08103   
ch17                      Convs                0.92504   
ch17                      Rares                1.42844   
ch17                      TTW_lep1_eta_bin0    1.00694   
ch17                      TTW_lep1_eta_bin1    1.16657   
ch17                      TTW_lep1_eta_bin2    1.61385   
ch17                      TTW_lep1_eta_bin3    1.62659   
ch17                      TTW_ooa              1.06374   
ch17                      TTZ                  1.13321   
ch17                      VVV                  1.79072   
ch17                      WZ                   0.99345   
ch17                      ZZ                   1.17850   
ch17                      data_fakes           1.15515   
ch17                      data_flips           0.87964   
ch17                      tHW                  1.04190   
ch17                      tHq                  1.04979   
ch17                      tZq                  1.10482   
ch17                      ttH                  1.05278   
ch17                      ttVV                 1.05661   
ch18                      Rares                1.30733   
ch18                      TTW_lep1_eta_bin0    0.98209   
ch18                      TTW_lep1_eta_bin1    1.13902   
ch18                      TTW_lep1_eta_bin2    1.56971   
ch18                      TTW_lep1_eta_bin3    1.58212   
ch18                      TTW_ooa              1.03294   
ch18                      TTZ                  1.11437   
ch18                      VVV                  1.68120   
ch18                      WZ                   0.93405   
ch18                      ZZ                   0.94264   
ch18                      data_fakes           0.97157   
ch18                      tHW                  1.02476   
ch18                      tHq                  1.01317   
ch18                      tZq                  1.12271   
ch18                      ttH                  1.02686   
ch18                      ttVV                 1.02949   
ch19                      Convs                1.00391   
ch19                      Rares                1.64817   
ch19                      TTW_lep1_eta_bin0    1.01175   
ch19                      TTW_lep1_eta_bin1    1.17214   
ch19                      TTW_lep1_eta_bin2    1.62527   
ch19                      TTW_lep1_eta_bin3    1.65378   
ch19                      TTW_ooa              1.06013   
ch19                      TTZ                  1.11047   
ch19                      VVV                  1.89342   
ch19                      WZ                   1.01873   
ch19                      ZZ                   1.07652   
ch19                      data_fakes           1.57997   
ch19                      data_flips           0.88000   
ch19                      tHW                  1.07583   
ch19                      tHq                  1.05853   
ch19                      tZq                  1.12746   
ch19                      ttH                  1.05118   
ch19                      ttVV                 1.06605   
ch2                       Convs                1.04331   
ch2                       Rares                1.33561   
ch2                       TTW_lep1_eta_bin0    1.00535   
ch2                       TTW_lep1_eta_bin1    1.15364   
ch2                       TTW_lep1_eta_bin2    1.59760   
ch2                       TTW_lep1_eta_bin3    1.61859   
ch2                       TTW_ooa              1.05420   
ch2                       TTZ                  1.11836   
ch2                       VVV                  1.56021   
ch2                       WZ                   0.93336   
ch2                       ZZ                   1.25231   
ch2                       data_fakes           1.21229   
ch2                       data_flips           0.87977   
ch2                       tHW                  1.01433   
ch2                       tHq                  1.03443   
ch2                       tZq                  1.06289   
ch2                       ttH                  1.04344   
ch2                       ttVV                 1.04987   
ch20                      Convs                1.06251   
ch20                      Rares                1.50437   
ch20                      TTW_lep1_eta_bin0    0.99542   
ch20                      TTW_lep1_eta_bin1    1.14945   
ch20                      TTW_lep1_eta_bin2    1.58105   
ch20                      TTW_lep1_eta_bin3    1.60200   
ch20                      TTW_ooa              1.04011   
ch20                      TTZ                  1.14157   
ch20                      VVV                  1.62738   
ch20                      WZ                   0.90936   
ch20                      ZZ                   1.18493   
ch20                      data_fakes           1.23694   
ch20                      data_flips           0.87972   
ch20                      tHW                  1.03379   
ch20                      tHq                  1.03398   
ch20                      tZq                  1.09285   
ch20                      ttH                  1.03626   
ch20                      ttVV                 1.04186   
ch21                      Rares                1.14567   
ch21                      TTW_lep1_eta_bin0    0.97633   
ch21                      TTW_lep1_eta_bin1    1.10532   
ch21                      TTW_lep1_eta_bin2    1.52951   
ch21                      TTW_lep1_eta_bin3    1.54510   
ch21                      TTW_ooa              1.01427   
ch21                      TTZ                  1.11594   
ch21                      VVV                  1.52095   
ch21                      WZ                   1.02132   
ch21                      ZZ                   0.91040   
ch21                      data_fakes           0.95595   
ch21                      tHW                  0.99946   
ch21                      tHq                  0.99895   
ch21                      tZq                  1.10089   
ch21                      ttH                  1.01672   
ch21                      ttVV                 1.01409   
ch22                      Convs                1.03310   
ch22                      Rares                1.39397   
ch22                      TTW_lep1_eta_bin0    1.01314   
ch22                      TTW_lep1_eta_bin1    1.16632   
ch22                      TTW_lep1_eta_bin2    1.60025   
ch22                      TTW_lep1_eta_bin3    1.63828   
ch22                      TTW_ooa              1.09329   
ch22                      TTZ                  1.16296   
ch22                      VVV                  1.44841   
ch22                      WZ                   0.89795   
ch22                      ZZ                   1.10060   
ch22                      data_fakes           1.61941   
ch22                      data_flips           0.87971   
ch22                      tHW                  1.03487   
ch22                      tHq                  1.07256   
ch22                      tZq                  1.16147   
ch22                      ttH                  1.03723   
ch22                      ttVV                 1.06805   
ch23                      Convs                1.02686   
ch23                      Rares                1.26142   
ch23                      TTW_lep1_eta_bin0    0.98603   
ch23                      TTW_lep1_eta_bin1    1.15232   
ch23                      TTW_lep1_eta_bin2    1.58025   
ch23                      TTW_lep1_eta_bin3    1.59962   
ch23                      TTW_ooa              1.04839   
ch23                      TTZ                  1.11841   
ch23                      VVV                  1.67438   
ch23                      WZ                   0.97876   
ch23                      ZZ                   1.20548   
ch23                      data_fakes           1.16392   
ch23                      data_flips           0.87963   
ch23                      tHW                  1.03207   
ch23                      tHq                  1.03480   
ch23                      tZq                  1.08752   
ch23                      ttH                  1.03147   
ch23                      ttVV                 1.04285   
ch24                      Rares                1.42859   
ch24                      TTW_lep1_eta_bin0    0.95891   
ch24                      TTW_lep1_eta_bin1    1.11824   
ch24                      TTW_lep1_eta_bin2    1.54663   
ch24                      TTW_lep1_eta_bin3    1.55227   
ch24                      TTW_ooa              1.00510   
ch24                      TTZ                  1.09975   
ch24                      VVV                  1.65641   
ch24                      WZ                   0.98222   
ch24                      ZZ                   1.25967   
ch24                      data_fakes           0.96549   
ch24                      tHW                  1.00395   
ch24                      tHq                  1.01821   
ch24                      tZq                  1.14167   
ch24                      ttH                  1.01222   
ch24                      ttVV                 1.01022   
ch3                       Rares                1.35769   
ch3                       TTW_lep1_eta_bin0    0.96808   
ch3                       TTW_lep1_eta_bin1    1.13132   
ch3                       TTW_lep1_eta_bin2    1.58326   
ch3                       TTW_lep1_eta_bin3    1.56242   
ch3                       TTW_ooa              1.03311   
ch3                       TTZ                  1.05701   
ch3                       VVV                  1.77190   
ch3                       WZ                   0.98787   
ch3                       ZZ                   1.42468   
ch3                       data_fakes           0.99398   
ch3                       tHW                  0.98696   
ch3                       tHq                  1.01773   
ch3                       tZq                  1.06545   
ch3                       ttH                  1.01714   
ch3                       ttVV                 1.01818   
ch4                       Convs                0.98619   
ch4                       Rares                1.37208   
ch4                       TTW_lep1_eta_bin0    1.03678   
ch4                       TTW_lep1_eta_bin1    1.21772   
ch4                       TTW_lep1_eta_bin2    1.60271   
ch4                       TTW_lep1_eta_bin3    1.65396   
ch4                       TTW_ooa              1.13534   
ch4                       TTZ                  1.13211   
ch4                       VVV                  1.72800   
ch4                       WZ                   0.95999   
ch4                       ZZ                   1.48517   
ch4                       data_fakes           1.38903   
ch4                       data_flips           0.87835   
ch4                       tHW                  1.06748   
ch4                       tHq                  1.09907   
ch4                       tZq                  1.16770   
ch4                       ttH                  1.06901   
ch4                       ttVV                 1.08733   
ch5                       Convs                0.97124   
ch5                       Rares                1.34159   
ch5                       TTW_lep1_eta_bin0    0.99157   
ch5                       TTW_lep1_eta_bin1    1.16852   
ch5                       TTW_lep1_eta_bin2    1.60673   
ch5                       TTW_lep1_eta_bin3    1.62593   
ch5                       TTW_ooa              1.07802   
ch5                       TTZ                  1.20997   
ch5                       VVV                  1.70433   
ch5                       WZ                   0.98055   
ch5                       ZZ                   1.20031   
ch5                       data_fakes           1.21976   
ch5                       data_flips           0.87976   
ch5                       tHW                  1.02115   
ch5                       tHq                  1.02871   
ch5                       tZq                  1.15255   
ch5                       ttH                  1.03937   
ch5                       ttVV                 1.04743   
ch6                       Rares                1.55516   
ch6                       TTW_lep1_eta_bin0    0.96758   
ch6                       TTW_lep1_eta_bin1    1.12559   
ch6                       TTW_lep1_eta_bin2    1.57567   
ch6                       TTW_lep1_eta_bin3    1.55006   
ch6                       TTW_ooa              1.01603   
ch6                       TTZ                  1.10580   
ch6                       VVV                  1.25826   
ch6                       WZ                   0.94642   
ch6                       ZZ                   1.50169   
ch6                       data_fakes           0.98266   
ch6                       tHW                  1.00234   
ch6                       tHq                  1.01249   
ch6                       tZq                  1.03662   
ch6                       ttH                  1.00718   
ch6                       ttVV                 1.01326   
ch7                       Convs                1.04231   
ch7                       Rares                1.42191   
ch7                       TTW_lep1_eta_bin0    1.03009   
ch7                       TTW_lep1_eta_bin1    1.21311   
ch7                       TTW_lep1_eta_bin2    1.62633   
ch7                       TTW_lep1_eta_bin3    1.74686   
ch7                       TTW_ooa              1.09789   
ch7                       TTZ                  1.19297   
ch7                       VVV                  1.94577   
ch7                       WZ                   1.31492   
ch7                       ZZ                   1.48036   
ch7                       data_fakes           1.35749   
ch7                       data_flips           0.87883   
ch7                       tHW                  1.12721   
ch7                       tHq                  1.08427   
ch7                       tZq                  1.33463   
ch7                       ttH                  1.06437   
ch7                       ttVV                 1.08142   
ch8                       Convs                0.99687   
ch8                       Rares                1.44725   
ch8                       TTW_lep1_eta_bin0    1.00811   
ch8                       TTW_lep1_eta_bin1    1.18396   
ch8                       TTW_lep1_eta_bin2    1.62877   
ch8                       TTW_lep1_eta_bin3    1.65084   
ch8                       TTW_ooa              1.11986   
ch8                       TTZ                  1.13162   
ch8                       VVV                  1.90619   
ch8                       WZ                   1.71808   
ch8                       ZZ                   1.45369   
ch8                       data_fakes           1.08937   
ch8                       data_flips           0.87928   
ch8                       tHW                  1.07155   
ch8                       tHq                  1.09042   
ch8                       tZq                  1.23154   
ch8                       ttH                  1.06208   
ch8                       ttVV                 1.07969   
ch9                       Rares                1.36380   
ch9                       TTW_lep1_eta_bin0    0.98778   
ch9                       TTW_lep1_eta_bin1    1.13383   
ch9                       TTW_lep1_eta_bin2    1.59731   
ch9                       TTW_lep1_eta_bin3    1.59019   
ch9                       TTW_ooa              1.08017   
ch9                       TTZ                  1.15263   
ch9                       VVV                  1.78834   
ch9                       WZ                   1.23823   
ch9                       ZZ                   1.32634   
ch9                       data_fakes           0.98332   
ch9                       tHW                  1.05159   
ch9                       tHq                  1.06502   
ch9                       tZq                  1.34070   
ch9                       ttH                  1.03712   
ch9                       ttVV                 1.05312   
