WARNING: the default behaviour of PostFitShapesFromWorkspace is to use the covariance matrix sampling method for the post-fit uncertainty. The option --sampling is deprecated and will be removed in future versions of CombineHarvester
[SetFlag] Changing value of flag "workspaces-use-clone" from 0 to 1
[#1] INFO:ObjectHandling -- RooWorkspace::import(w) importing dataset ch1
[#1] INFO:ObjectHandling -- RooWorkspace::import(w) importing dataset ch10
[#1] INFO:ObjectHandling -- RooWorkspace::import(w) importing dataset ch11
[#1] INFO:ObjectHandling -- RooWorkspace::import(w) importing dataset ch12
[#1] INFO:ObjectHandling -- RooWorkspace::import(w) importing dataset ch13
[#1] INFO:ObjectHandling -- RooWorkspace::import(w) importing dataset ch14
[#1] INFO:ObjectHandling -- RooWorkspace::import(w) importing dataset ch15
[#1] INFO:ObjectHandling -- RooWorkspace::import(w) importing dataset ch16
[#1] INFO:ObjectHandling -- RooWorkspace::import(w) importing dataset ch17
[#1] INFO:ObjectHandling -- RooWorkspace::import(w) importing dataset ch18
[#1] INFO:ObjectHandling -- RooWorkspace::import(w) importing dataset ch19
[#1] INFO:ObjectHandling -- RooWorkspace::import(w) importing dataset ch2
[#1] INFO:ObjectHandling -- RooWorkspace::import(w) importing dataset ch20
[#1] INFO:ObjectHandling -- RooWorkspace::import(w) importing dataset ch21
[#1] INFO:ObjectHandling -- RooWorkspace::import(w) importing dataset ch22
[#1] INFO:ObjectHandling -- RooWorkspace::import(w) importing dataset ch23
[#1] INFO:ObjectHandling -- RooWorkspace::import(w) importing dataset ch24
[#1] INFO:ObjectHandling -- RooWorkspace::import(w) importing dataset ch3
[#1] INFO:ObjectHandling -- RooWorkspace::import(w) importing dataset ch4
[#1] INFO:ObjectHandling -- RooWorkspace::import(w) importing dataset ch5
[#1] INFO:ObjectHandling -- RooWorkspace::import(w) importing dataset ch6
[#1] INFO:ObjectHandling -- RooWorkspace::import(w) importing dataset ch7
[#1] INFO:ObjectHandling -- RooWorkspace::import(w) importing dataset ch8
[#1] INFO:ObjectHandling -- RooWorkspace::import(w) importing dataset ch9
[SetFlag] Changing value of flag "workspaces-use-clone" from 0 to 1
>> Doing prefit: TotalBkg
>> Doing prefit: TotalSig
>> Doing prefit: TotalProcs
>> Doing prefit: ch1,Convs
>> Doing prefit: ch1,Rares
>> Doing prefit: ch1,TTW_dR_ll_bin0
>> Doing prefit: ch1,TTW_dR_ll_bin1
>> Doing prefit: ch1,TTW_dR_ll_bin2
>> Doing prefit: ch1,TTW_dR_ll_bin3
>> Doing prefit: ch1,TTW_ooa
>> Doing prefit: ch1,TTZ
>> Doing prefit: ch1,VVV
>> Doing prefit: ch1,WZ
>> Doing prefit: ch1,ZZ
>> Doing prefit: ch1,data_fakes
>> Doing prefit: ch1,data_flips
>> Doing prefit: ch1,tHW
>> Doing prefit: ch1,tHq
>> Doing prefit: ch1,tZq
>> Doing prefit: ch1,ttH
>> Doing prefit: ch1,ttVV
>> Doing prefit: ch1,TotalBkg
>> Doing prefit: ch1,TotalSig
>> Doing prefit: ch1,TotalProcs
>> Doing prefit: ch10,Rares
>> Doing prefit: ch10,TTW_dR_ll_bin0
>> Doing prefit: ch10,TTW_dR_ll_bin1
>> Doing prefit: ch10,TTW_dR_ll_bin2
>> Doing prefit: ch10,TTW_dR_ll_bin3
>> Doing prefit: ch10,TTW_ooa
>> Doing prefit: ch10,TTZ
>> Doing prefit: ch10,VVV
>> Doing prefit: ch10,WZ
>> Doing prefit: ch10,ZZ
>> Doing prefit: ch10,data_fakes
>> Doing prefit: ch10,tHW
>> Doing prefit: ch10,tHq
>> Doing prefit: ch10,tZq
>> Doing prefit: ch10,ttH
>> Doing prefit: ch10,ttVV
>> Doing prefit: ch10,TotalBkg
>> Doing prefit: ch10,TotalSig
>> Doing prefit: ch10,TotalProcs
>> Doing prefit: ch11,Convs
>> Doing prefit: ch11,Rares
>> Doing prefit: ch11,TTW_dR_ll_bin0
>> Doing prefit: ch11,TTW_dR_ll_bin1
>> Doing prefit: ch11,TTW_dR_ll_bin2
>> Doing prefit: ch11,TTW_dR_ll_bin3
>> Doing prefit: ch11,TTW_ooa
>> Doing prefit: ch11,TTZ
>> Doing prefit: ch11,VVV
>> Doing prefit: ch11,WZ
>> Doing prefit: ch11,ZZ
>> Doing prefit: ch11,data_fakes
>> Doing prefit: ch11,data_flips
>> Doing prefit: ch11,tHW
>> Doing prefit: ch11,tHq
>> Doing prefit: ch11,tZq
>> Doing prefit: ch11,ttH
>> Doing prefit: ch11,ttVV
>> Doing prefit: ch11,TotalBkg
>> Doing prefit: ch11,TotalSig
>> Doing prefit: ch11,TotalProcs
>> Doing prefit: ch12,Convs
>> Doing prefit: ch12,Rares
>> Doing prefit: ch12,TTW_dR_ll_bin0
>> Doing prefit: ch12,TTW_dR_ll_bin1
>> Doing prefit: ch12,TTW_dR_ll_bin2
>> Doing prefit: ch12,TTW_dR_ll_bin3
>> Doing prefit: ch12,TTW_ooa
>> Doing prefit: ch12,TTZ
>> Doing prefit: ch12,VVV
>> Doing prefit: ch12,WZ
>> Doing prefit: ch12,ZZ
>> Doing prefit: ch12,data_fakes
>> Doing prefit: ch12,data_flips
>> Doing prefit: ch12,tHW
>> Doing prefit: ch12,tHq
>> Doing prefit: ch12,tZq
>> Doing prefit: ch12,ttH
>> Doing prefit: ch12,ttVV
>> Doing prefit: ch12,TotalBkg
>> Doing prefit: ch12,TotalSig
>> Doing prefit: ch12,TotalProcs
>> Doing prefit: ch13,Rares
>> Doing prefit: ch13,TTW_dR_ll_bin0
>> Doing prefit: ch13,TTW_dR_ll_bin1
>> Doing prefit: ch13,TTW_dR_ll_bin2
>> Doing prefit: ch13,TTW_dR_ll_bin3
>> Doing prefit: ch13,TTW_ooa
>> Doing prefit: ch13,TTZ
>> Doing prefit: ch13,VVV
>> Doing prefit: ch13,WZ
>> Doing prefit: ch13,ZZ
>> Doing prefit: ch13,data_fakes
>> Doing prefit: ch13,tHW
>> Doing prefit: ch13,tHq
>> Doing prefit: ch13,tZq
>> Doing prefit: ch13,ttH
>> Doing prefit: ch13,ttVV
>> Doing prefit: ch13,TotalBkg
>> Doing prefit: ch13,TotalSig
>> Doing prefit: ch13,TotalProcs
>> Doing prefit: ch14,Convs
>> Doing prefit: ch14,Rares
>> Doing prefit: ch14,TTW_dR_ll_bin0
>> Doing prefit: ch14,TTW_dR_ll_bin1
>> Doing prefit: ch14,TTW_dR_ll_bin2
>> Doing prefit: ch14,TTW_dR_ll_bin3
>> Doing prefit: ch14,TTW_ooa
>> Doing prefit: ch14,TTZ
>> Doing prefit: ch14,VVV
>> Doing prefit: ch14,WZ
>> Doing prefit: ch14,ZZ
>> Doing prefit: ch14,data_fakes
>> Doing prefit: ch14,data_flips
>> Doing prefit: ch14,tHW
>> Doing prefit: ch14,tHq
>> Doing prefit: ch14,tZq
>> Doing prefit: ch14,ttH
>> Doing prefit: ch14,ttVV
>> Doing prefit: ch14,TotalBkg
>> Doing prefit: ch14,TotalSig
>> Doing prefit: ch14,TotalProcs
>> Doing prefit: ch15,Convs
>> Doing prefit: ch15,Rares
>> Doing prefit: ch15,TTW_dR_ll_bin0
>> Doing prefit: ch15,TTW_dR_ll_bin1
>> Doing prefit: ch15,TTW_dR_ll_bin2
>> Doing prefit: ch15,TTW_dR_ll_bin3
>> Doing prefit: ch15,TTW_ooa
>> Doing prefit: ch15,TTZ
>> Doing prefit: ch15,VVV
>> Doing prefit: ch15,WZ
>> Doing prefit: ch15,ZZ
>> Doing prefit: ch15,data_fakes
>> Doing prefit: ch15,data_flips
>> Doing prefit: ch15,tHW
>> Doing prefit: ch15,tHq
>> Doing prefit: ch15,tZq
>> Doing prefit: ch15,ttH
>> Doing prefit: ch15,ttVV
>> Doing prefit: ch15,TotalBkg
>> Doing prefit: ch15,TotalSig
>> Doing prefit: ch15,TotalProcs
>> Doing prefit: ch16,Rares
>> Doing prefit: ch16,TTW_dR_ll_bin0
>> Doing prefit: ch16,TTW_dR_ll_bin1
>> Doing prefit: ch16,TTW_dR_ll_bin2
>> Doing prefit: ch16,TTW_dR_ll_bin3
>> Doing prefit: ch16,TTW_ooa
>> Doing prefit: ch16,TTZ
>> Doing prefit: ch16,VVV
>> Doing prefit: ch16,WZ
>> Doing prefit: ch16,ZZ
>> Doing prefit: ch16,data_fakes
>> Doing prefit: ch16,tHW
>> Doing prefit: ch16,tHq
>> Doing prefit: ch16,tZq
>> Doing prefit: ch16,ttH
>> Doing prefit: ch16,ttVV
>> Doing prefit: ch16,TotalBkg
>> Doing prefit: ch16,TotalSig
>> Doing prefit: ch16,TotalProcs
>> Doing prefit: ch17,Convs
>> Doing prefit: ch17,Rares
>> Doing prefit: ch17,TTW_dR_ll_bin0
>> Doing prefit: ch17,TTW_dR_ll_bin1
>> Doing prefit: ch17,TTW_dR_ll_bin2
>> Doing prefit: ch17,TTW_dR_ll_bin3
>> Doing prefit: ch17,TTW_ooa
>> Doing prefit: ch17,TTZ
>> Doing prefit: ch17,VVV
>> Doing prefit: ch17,WZ
>> Doing prefit: ch17,ZZ
>> Doing prefit: ch17,data_fakes
>> Doing prefit: ch17,data_flips
>> Doing prefit: ch17,tHW
>> Doing prefit: ch17,tHq
>> Doing prefit: ch17,tZq
>> Doing prefit: ch17,ttH
>> Doing prefit: ch17,ttVV
>> Doing prefit: ch17,TotalBkg
>> Doing prefit: ch17,TotalSig
>> Doing prefit: ch17,TotalProcs
>> Doing prefit: ch18,Convs
>> Doing prefit: ch18,Rares
>> Doing prefit: ch18,TTW_dR_ll_bin0
>> Doing prefit: ch18,TTW_dR_ll_bin1
>> Doing prefit: ch18,TTW_dR_ll_bin2
>> Doing prefit: ch18,TTW_dR_ll_bin3
>> Doing prefit: ch18,TTW_ooa
>> Doing prefit: ch18,TTZ
>> Doing prefit: ch18,VVV
>> Doing prefit: ch18,WZ
>> Doing prefit: ch18,ZZ
>> Doing prefit: ch18,data_fakes
>> Doing prefit: ch18,data_flips
>> Doing prefit: ch18,tHW
>> Doing prefit: ch18,tHq
>> Doing prefit: ch18,tZq
>> Doing prefit: ch18,ttH
>> Doing prefit: ch18,ttVV
>> Doing prefit: ch18,TotalBkg
>> Doing prefit: ch18,TotalSig
>> Doing prefit: ch18,TotalProcs
>> Doing prefit: ch19,Rares
>> Doing prefit: ch19,TTW_dR_ll_bin0
>> Doing prefit: ch19,TTW_dR_ll_bin1
>> Doing prefit: ch19,TTW_dR_ll_bin2
>> Doing prefit: ch19,TTW_dR_ll_bin3
>> Doing prefit: ch19,TTW_ooa
>> Doing prefit: ch19,TTZ
>> Doing prefit: ch19,VVV
>> Doing prefit: ch19,WZ
>> Doing prefit: ch19,ZZ
>> Doing prefit: ch19,data_fakes
>> Doing prefit: ch19,tHW
>> Doing prefit: ch19,tHq
>> Doing prefit: ch19,tZq
>> Doing prefit: ch19,ttH
>> Doing prefit: ch19,ttVV
>> Doing prefit: ch19,TotalBkg
>> Doing prefit: ch19,TotalSig
>> Doing prefit: ch19,TotalProcs
>> Doing prefit: ch2,Convs
>> Doing prefit: ch2,Rares
>> Doing prefit: ch2,TTW_dR_ll_bin0
>> Doing prefit: ch2,TTW_dR_ll_bin1
>> Doing prefit: ch2,TTW_dR_ll_bin2
>> Doing prefit: ch2,TTW_dR_ll_bin3
>> Doing prefit: ch2,TTW_ooa
>> Doing prefit: ch2,TTZ
>> Doing prefit: ch2,VVV
>> Doing prefit: ch2,WZ
>> Doing prefit: ch2,ZZ
>> Doing prefit: ch2,data_fakes
>> Doing prefit: ch2,data_flips
>> Doing prefit: ch2,tHW
>> Doing prefit: ch2,tHq
>> Doing prefit: ch2,tZq
>> Doing prefit: ch2,ttH
>> Doing prefit: ch2,ttVV
>> Doing prefit: ch2,TotalBkg
>> Doing prefit: ch2,TotalSig
>> Doing prefit: ch2,TotalProcs
>> Doing prefit: ch20,Convs
>> Doing prefit: ch20,Rares
>> Doing prefit: ch20,TTW_dR_ll_bin0
>> Doing prefit: ch20,TTW_dR_ll_bin1
>> Doing prefit: ch20,TTW_dR_ll_bin2
>> Doing prefit: ch20,TTW_dR_ll_bin3
>> Doing prefit: ch20,TTW_ooa
>> Doing prefit: ch20,TTZ
>> Doing prefit: ch20,VVV
>> Doing prefit: ch20,WZ
>> Doing prefit: ch20,ZZ
>> Doing prefit: ch20,data_fakes
>> Doing prefit: ch20,data_flips
>> Doing prefit: ch20,tHW
>> Doing prefit: ch20,tHq
>> Doing prefit: ch20,tZq
>> Doing prefit: ch20,ttH
>> Doing prefit: ch20,ttVV
>> Doing prefit: ch20,TotalBkg
>> Doing prefit: ch20,TotalSig
>> Doing prefit: ch20,TotalProcs
>> Doing prefit: ch21,Rares
>> Doing prefit: ch21,TTW_dR_ll_bin0
>> Doing prefit: ch21,TTW_dR_ll_bin1
>> Doing prefit: ch21,TTW_dR_ll_bin2
>> Doing prefit: ch21,TTW_dR_ll_bin3
>> Doing prefit: ch21,TTW_ooa
>> Doing prefit: ch21,TTZ
>> Doing prefit: ch21,VVV
>> Doing prefit: ch21,WZ
>> Doing prefit: ch21,data_fakes
>> Doing prefit: ch21,tHW
>> Doing prefit: ch21,tHq
>> Doing prefit: ch21,tZq
>> Doing prefit: ch21,ttH
>> Doing prefit: ch21,ttVV
>> Doing prefit: ch21,TotalBkg
>> Doing prefit: ch21,TotalSig
>> Doing prefit: ch21,TotalProcs
>> Doing prefit: ch22,Convs
>> Doing prefit: ch22,Rares
>> Doing prefit: ch22,TTW_dR_ll_bin0
>> Doing prefit: ch22,TTW_dR_ll_bin1
>> Doing prefit: ch22,TTW_dR_ll_bin2
>> Doing prefit: ch22,TTW_dR_ll_bin3
>> Doing prefit: ch22,TTW_ooa
>> Doing prefit: ch22,TTZ
>> Doing prefit: ch22,VVV
>> Doing prefit: ch22,WZ
>> Doing prefit: ch22,ZZ
>> Doing prefit: ch22,data_fakes
>> Doing prefit: ch22,data_flips
>> Doing prefit: ch22,tHW
>> Doing prefit: ch22,tHq
>> Doing prefit: ch22,tZq
>> Doing prefit: ch22,ttH
>> Doing prefit: ch22,ttVV
>> Doing prefit: ch22,TotalBkg
>> Doing prefit: ch22,TotalSig
>> Doing prefit: ch22,TotalProcs
>> Doing prefit: ch23,Convs
>> Doing prefit: ch23,Rares
>> Doing prefit: ch23,TTW_dR_ll_bin0
>> Doing prefit: ch23,TTW_dR_ll_bin1
>> Doing prefit: ch23,TTW_dR_ll_bin2
>> Doing prefit: ch23,TTW_dR_ll_bin3
>> Doing prefit: ch23,TTW_ooa
>> Doing prefit: ch23,TTZ
>> Doing prefit: ch23,VVV
>> Doing prefit: ch23,WZ
>> Doing prefit: ch23,ZZ
>> Doing prefit: ch23,data_fakes
>> Doing prefit: ch23,data_flips
>> Doing prefit: ch23,tHW
>> Doing prefit: ch23,tHq
>> Doing prefit: ch23,tZq
>> Doing prefit: ch23,ttH
>> Doing prefit: ch23,ttVV
>> Doing prefit: ch23,TotalBkg
>> Doing prefit: ch23,TotalSig
>> Doing prefit: ch23,TotalProcs
>> Doing prefit: ch24,Rares
>> Doing prefit: ch24,TTW_dR_ll_bin0
>> Doing prefit: ch24,TTW_dR_ll_bin1
>> Doing prefit: ch24,TTW_dR_ll_bin2
>> Doing prefit: ch24,TTW_dR_ll_bin3
>> Doing prefit: ch24,TTW_ooa
>> Doing prefit: ch24,TTZ
>> Doing prefit: ch24,VVV
>> Doing prefit: ch24,WZ
>> Doing prefit: ch24,ZZ
>> Doing prefit: ch24,data_fakes
>> Doing prefit: ch24,tHW
>> Doing prefit: ch24,tHq
>> Doing prefit: ch24,tZq
>> Doing prefit: ch24,ttH
>> Doing prefit: ch24,ttVV
>> Doing prefit: ch24,TotalBkg
>> Doing prefit: ch24,TotalSig
>> Doing prefit: ch24,TotalProcs
>> Doing prefit: ch3,Convs
>> Doing prefit: ch3,Rares
>> Doing prefit: ch3,TTW_dR_ll_bin0
>> Doing prefit: ch3,TTW_dR_ll_bin1
>> Doing prefit: ch3,TTW_dR_ll_bin2
>> Doing prefit: ch3,TTW_dR_ll_bin3
>> Doing prefit: ch3,TTW_ooa
>> Doing prefit: ch3,TTZ
>> Doing prefit: ch3,VVV
>> Doing prefit: ch3,WZ
>> Doing prefit: ch3,ZZ
>> Doing prefit: ch3,data_fakes
>> Doing prefit: ch3,data_flips
>> Doing prefit: ch3,tHW
>> Doing prefit: ch3,tHq
>> Doing prefit: ch3,tZq
>> Doing prefit: ch3,ttH
>> Doing prefit: ch3,ttVV
>> Doing prefit: ch3,TotalBkg
>> Doing prefit: ch3,TotalSig
>> Doing prefit: ch3,TotalProcs
>> Doing prefit: ch4,Rares
>> Doing prefit: ch4,TTW_dR_ll_bin0
>> Doing prefit: ch4,TTW_dR_ll_bin1
>> Doing prefit: ch4,TTW_dR_ll_bin2
>> Doing prefit: ch4,TTW_dR_ll_bin3
>> Doing prefit: ch4,TTW_ooa
>> Doing prefit: ch4,TTZ
>> Doing prefit: ch4,VVV
>> Doing prefit: ch4,WZ
>> Doing prefit: ch4,ZZ
>> Doing prefit: ch4,data_fakes
>> Doing prefit: ch4,tHW
>> Doing prefit: ch4,tHq
>> Doing prefit: ch4,tZq
>> Doing prefit: ch4,ttH
>> Doing prefit: ch4,ttVV
>> Doing prefit: ch4,TotalBkg
>> Doing prefit: ch4,TotalSig
>> Doing prefit: ch4,TotalProcs
>> Doing prefit: ch5,Convs
>> Doing prefit: ch5,Rares
>> Doing prefit: ch5,TTW_dR_ll_bin0
>> Doing prefit: ch5,TTW_dR_ll_bin1
>> Doing prefit: ch5,TTW_dR_ll_bin2
>> Doing prefit: ch5,TTW_dR_ll_bin3
>> Doing prefit: ch5,TTW_ooa
>> Doing prefit: ch5,TTZ
>> Doing prefit: ch5,VVV
>> Doing prefit: ch5,WZ
>> Doing prefit: ch5,ZZ
>> Doing prefit: ch5,data_fakes
>> Doing prefit: ch5,data_flips
>> Doing prefit: ch5,tHW
>> Doing prefit: ch5,tHq
>> Doing prefit: ch5,tZq
>> Doing prefit: ch5,ttH
>> Doing prefit: ch5,ttVV
>> Doing prefit: ch5,TotalBkg
>> Doing prefit: ch5,TotalSig
>> Doing prefit: ch5,TotalProcs
>> Doing prefit: ch6,Convs
>> Doing prefit: ch6,Rares
>> Doing prefit: ch6,TTW_dR_ll_bin0
>> Doing prefit: ch6,TTW_dR_ll_bin1
>> Doing prefit: ch6,TTW_dR_ll_bin2
>> Doing prefit: ch6,TTW_dR_ll_bin3
>> Doing prefit: ch6,TTW_ooa
>> Doing prefit: ch6,TTZ
>> Doing prefit: ch6,VVV
>> Doing prefit: ch6,WZ
>> Doing prefit: ch6,ZZ
>> Doing prefit: ch6,data_fakes
>> Doing prefit: ch6,data_flips
>> Doing prefit: ch6,tHW
>> Doing prefit: ch6,tHq
>> Doing prefit: ch6,tZq
>> Doing prefit: ch6,ttH
>> Doing prefit: ch6,ttVV
>> Doing prefit: ch6,TotalBkg
>> Doing prefit: ch6,TotalSig
>> Doing prefit: ch6,TotalProcs
>> Doing prefit: ch7,Rares
>> Doing prefit: ch7,TTW_dR_ll_bin0
>> Doing prefit: ch7,TTW_dR_ll_bin1
>> Doing prefit: ch7,TTW_dR_ll_bin2
>> Doing prefit: ch7,TTW_dR_ll_bin3
>> Doing prefit: ch7,TTW_ooa
>> Doing prefit: ch7,TTZ
>> Doing prefit: ch7,VVV
>> Doing prefit: ch7,WZ
>> Doing prefit: ch7,ZZ
>> Doing prefit: ch7,data_fakes
>> Doing prefit: ch7,tHW
>> Doing prefit: ch7,tHq
>> Doing prefit: ch7,tZq
>> Doing prefit: ch7,ttH
>> Doing prefit: ch7,ttVV
>> Doing prefit: ch7,TotalBkg
>> Doing prefit: ch7,TotalSig
>> Doing prefit: ch7,TotalProcs
>> Doing prefit: ch8,Convs
>> Doing prefit: ch8,Rares
>> Doing prefit: ch8,TTW_dR_ll_bin0
>> Doing prefit: ch8,TTW_dR_ll_bin1
>> Doing prefit: ch8,TTW_dR_ll_bin2
>> Doing prefit: ch8,TTW_dR_ll_bin3
>> Doing prefit: ch8,TTW_ooa
>> Doing prefit: ch8,TTZ
>> Doing prefit: ch8,VVV
>> Doing prefit: ch8,WZ
>> Doing prefit: ch8,ZZ
>> Doing prefit: ch8,data_fakes
>> Doing prefit: ch8,data_flips
>> Doing prefit: ch8,tHW
>> Doing prefit: ch8,tHq
>> Doing prefit: ch8,tZq
>> Doing prefit: ch8,ttH
>> Doing prefit: ch8,ttVV
>> Doing prefit: ch8,TotalBkg
>> Doing prefit: ch8,TotalSig
>> Doing prefit: ch8,TotalProcs
>> Doing prefit: ch9,Convs
>> Doing prefit: ch9,Rares
>> Doing prefit: ch9,TTW_dR_ll_bin0
>> Doing prefit: ch9,TTW_dR_ll_bin1
>> Doing prefit: ch9,TTW_dR_ll_bin2
>> Doing prefit: ch9,TTW_dR_ll_bin3
>> Doing prefit: ch9,TTW_ooa
>> Doing prefit: ch9,TTZ
>> Doing prefit: ch9,VVV
>> Doing prefit: ch9,WZ
>> Doing prefit: ch9,ZZ
>> Doing prefit: ch9,data_fakes
>> Doing prefit: ch9,data_flips
>> Doing prefit: ch9,tHW
>> Doing prefit: ch9,tHq
>> Doing prefit: ch9,tZq
>> Doing prefit: ch9,ttH
>> Doing prefit: ch9,ttVV
>> Doing prefit: ch9,TotalBkg
>> Doing prefit: ch9,TotalSig
>> Doing prefit: ch9,TotalProcs
Bin                       Total relative bkg uncert. (prefit)
----------------------------------------------------------
ch1                       0.18438   
ch10                      0.20836   
ch11                      0.11715   
ch12                      0.11575   
ch13                      0.15279   
ch14                      0.14659   
ch15                      0.12527   
ch16                      0.17550   
ch17                      0.15162   
ch18                      0.12476   
ch19                      0.15599   
ch2                       0.15096   
ch20                      0.15110   
ch21                      0.12264   
ch22                      0.16111   
ch23                      0.10728   
ch24                      0.14571   
ch3                       0.10421   
ch4                       0.14125   
ch5                       0.13390   
ch6                       0.11889   
ch7                       0.14516   
ch8                       0.13232   
ch9                       0.11904   
>> Doing postfit: TotalBkg
>> Doing postfit: TotalSig
>> Doing postfit: TotalProcs
>> Doing postfit: ch1,Convs
>> Doing postfit: ch1,Rares
>> Doing postfit: ch1,TTW_dR_ll_bin0
>> Doing postfit: ch1,TTW_dR_ll_bin1
>> Doing postfit: ch1,TTW_dR_ll_bin2
>> Doing postfit: ch1,TTW_dR_ll_bin3
>> Doing postfit: ch1,TTW_ooa
>> Doing postfit: ch1,TTZ
>> Doing postfit: ch1,VVV
>> Doing postfit: ch1,WZ
>> Doing postfit: ch1,ZZ
>> Doing postfit: ch1,data_fakes
>> Doing postfit: ch1,data_flips
>> Doing postfit: ch1,tHW
>> Doing postfit: ch1,tHq
>> Doing postfit: ch1,tZq
>> Doing postfit: ch1,ttH
>> Doing postfit: ch1,ttVV
>> Doing postfit: ch1,TotalBkg
>> Doing postfit: ch1,TotalSig
>> Doing postfit: ch1,TotalProcs
>> Doing postfit: ch10,Rares
>> Doing postfit: ch10,TTW_dR_ll_bin0
>> Doing postfit: ch10,TTW_dR_ll_bin1
>> Doing postfit: ch10,TTW_dR_ll_bin2
>> Doing postfit: ch10,TTW_dR_ll_bin3
>> Doing postfit: ch10,TTW_ooa
>> Doing postfit: ch10,TTZ
>> Doing postfit: ch10,VVV
>> Doing postfit: ch10,WZ
>> Doing postfit: ch10,ZZ
>> Doing postfit: ch10,data_fakes
>> Doing postfit: ch10,tHW
>> Doing postfit: ch10,tHq
>> Doing postfit: ch10,tZq
>> Doing postfit: ch10,ttH
>> Doing postfit: ch10,ttVV
>> Doing postfit: ch10,TotalBkg
>> Doing postfit: ch10,TotalSig
>> Doing postfit: ch10,TotalProcs
>> Doing postfit: ch11,Convs
>> Doing postfit: ch11,Rares
>> Doing postfit: ch11,TTW_dR_ll_bin0
>> Doing postfit: ch11,TTW_dR_ll_bin1
>> Doing postfit: ch11,TTW_dR_ll_bin2
>> Doing postfit: ch11,TTW_dR_ll_bin3
>> Doing postfit: ch11,TTW_ooa
>> Doing postfit: ch11,TTZ
>> Doing postfit: ch11,VVV
>> Doing postfit: ch11,WZ
>> Doing postfit: ch11,ZZ
>> Doing postfit: ch11,data_fakes
>> Doing postfit: ch11,data_flips
>> Doing postfit: ch11,tHW
>> Doing postfit: ch11,tHq
>> Doing postfit: ch11,tZq
>> Doing postfit: ch11,ttH
>> Doing postfit: ch11,ttVV
>> Doing postfit: ch11,TotalBkg
>> Doing postfit: ch11,TotalSig
>> Doing postfit: ch11,TotalProcs
>> Doing postfit: ch12,Convs
>> Doing postfit: ch12,Rares
>> Doing postfit: ch12,TTW_dR_ll_bin0
>> Doing postfit: ch12,TTW_dR_ll_bin1
>> Doing postfit: ch12,TTW_dR_ll_bin2
>> Doing postfit: ch12,TTW_dR_ll_bin3
>> Doing postfit: ch12,TTW_ooa
>> Doing postfit: ch12,TTZ
>> Doing postfit: ch12,VVV
>> Doing postfit: ch12,WZ
>> Doing postfit: ch12,ZZ
>> Doing postfit: ch12,data_fakes
>> Doing postfit: ch12,data_flips
>> Doing postfit: ch12,tHW
>> Doing postfit: ch12,tHq
>> Doing postfit: ch12,tZq
>> Doing postfit: ch12,ttH
>> Doing postfit: ch12,ttVV
>> Doing postfit: ch12,TotalBkg
>> Doing postfit: ch12,TotalSig
>> Doing postfit: ch12,TotalProcs
>> Doing postfit: ch13,Rares
>> Doing postfit: ch13,TTW_dR_ll_bin0
>> Doing postfit: ch13,TTW_dR_ll_bin1
>> Doing postfit: ch13,TTW_dR_ll_bin2
>> Doing postfit: ch13,TTW_dR_ll_bin3
>> Doing postfit: ch13,TTW_ooa
>> Doing postfit: ch13,TTZ
>> Doing postfit: ch13,VVV
>> Doing postfit: ch13,WZ
>> Doing postfit: ch13,ZZ
>> Doing postfit: ch13,data_fakes
>> Doing postfit: ch13,tHW
>> Doing postfit: ch13,tHq
>> Doing postfit: ch13,tZq
>> Doing postfit: ch13,ttH
>> Doing postfit: ch13,ttVV
>> Doing postfit: ch13,TotalBkg
>> Doing postfit: ch13,TotalSig
>> Doing postfit: ch13,TotalProcs
>> Doing postfit: ch14,Convs
>> Doing postfit: ch14,Rares
>> Doing postfit: ch14,TTW_dR_ll_bin0
>> Doing postfit: ch14,TTW_dR_ll_bin1
>> Doing postfit: ch14,TTW_dR_ll_bin2
>> Doing postfit: ch14,TTW_dR_ll_bin3
>> Doing postfit: ch14,TTW_ooa
>> Doing postfit: ch14,TTZ
>> Doing postfit: ch14,VVV
>> Doing postfit: ch14,WZ
>> Doing postfit: ch14,ZZ
>> Doing postfit: ch14,data_fakes
>> Doing postfit: ch14,data_flips
>> Doing postfit: ch14,tHW
>> Doing postfit: ch14,tHq
>> Doing postfit: ch14,tZq
>> Doing postfit: ch14,ttH
>> Doing postfit: ch14,ttVV
>> Doing postfit: ch14,TotalBkg
>> Doing postfit: ch14,TotalSig
>> Doing postfit: ch14,TotalProcs
>> Doing postfit: ch15,Convs
>> Doing postfit: ch15,Rares
>> Doing postfit: ch15,TTW_dR_ll_bin0
>> Doing postfit: ch15,TTW_dR_ll_bin1
>> Doing postfit: ch15,TTW_dR_ll_bin2
>> Doing postfit: ch15,TTW_dR_ll_bin3
>> Doing postfit: ch15,TTW_ooa
>> Doing postfit: ch15,TTZ
>> Doing postfit: ch15,VVV
>> Doing postfit: ch15,WZ
>> Doing postfit: ch15,ZZ
>> Doing postfit: ch15,data_fakes
>> Doing postfit: ch15,data_flips
>> Doing postfit: ch15,tHW
>> Doing postfit: ch15,tHq
>> Doing postfit: ch15,tZq
>> Doing postfit: ch15,ttH
>> Doing postfit: ch15,ttVV
>> Doing postfit: ch15,TotalBkg
>> Doing postfit: ch15,TotalSig
>> Doing postfit: ch15,TotalProcs
>> Doing postfit: ch16,Rares
>> Doing postfit: ch16,TTW_dR_ll_bin0
>> Doing postfit: ch16,TTW_dR_ll_bin1
>> Doing postfit: ch16,TTW_dR_ll_bin2
>> Doing postfit: ch16,TTW_dR_ll_bin3
>> Doing postfit: ch16,TTW_ooa
>> Doing postfit: ch16,TTZ
>> Doing postfit: ch16,VVV
>> Doing postfit: ch16,WZ
>> Doing postfit: ch16,ZZ
>> Doing postfit: ch16,data_fakes
>> Doing postfit: ch16,tHW
>> Doing postfit: ch16,tHq
>> Doing postfit: ch16,tZq
>> Doing postfit: ch16,ttH
>> Doing postfit: ch16,ttVV
>> Doing postfit: ch16,TotalBkg
>> Doing postfit: ch16,TotalSig
>> Doing postfit: ch16,TotalProcs
>> Doing postfit: ch17,Convs
>> Doing postfit: ch17,Rares
>> Doing postfit: ch17,TTW_dR_ll_bin0
>> Doing postfit: ch17,TTW_dR_ll_bin1
>> Doing postfit: ch17,TTW_dR_ll_bin2
>> Doing postfit: ch17,TTW_dR_ll_bin3
>> Doing postfit: ch17,TTW_ooa
>> Doing postfit: ch17,TTZ
>> Doing postfit: ch17,VVV
>> Doing postfit: ch17,WZ
>> Doing postfit: ch17,ZZ
>> Doing postfit: ch17,data_fakes
>> Doing postfit: ch17,data_flips
>> Doing postfit: ch17,tHW
>> Doing postfit: ch17,tHq
>> Doing postfit: ch17,tZq
>> Doing postfit: ch17,ttH
>> Doing postfit: ch17,ttVV
>> Doing postfit: ch17,TotalBkg
>> Doing postfit: ch17,TotalSig
>> Doing postfit: ch17,TotalProcs
>> Doing postfit: ch18,Convs
>> Doing postfit: ch18,Rares
>> Doing postfit: ch18,TTW_dR_ll_bin0
>> Doing postfit: ch18,TTW_dR_ll_bin1
>> Doing postfit: ch18,TTW_dR_ll_bin2
>> Doing postfit: ch18,TTW_dR_ll_bin3
>> Doing postfit: ch18,TTW_ooa
>> Doing postfit: ch18,TTZ
>> Doing postfit: ch18,VVV
>> Doing postfit: ch18,WZ
>> Doing postfit: ch18,ZZ
>> Doing postfit: ch18,data_fakes
>> Doing postfit: ch18,data_flips
>> Doing postfit: ch18,tHW
>> Doing postfit: ch18,tHq
>> Doing postfit: ch18,tZq
>> Doing postfit: ch18,ttH
>> Doing postfit: ch18,ttVV
>> Doing postfit: ch18,TotalBkg
>> Doing postfit: ch18,TotalSig
>> Doing postfit: ch18,TotalProcs
>> Doing postfit: ch19,Rares
>> Doing postfit: ch19,TTW_dR_ll_bin0
>> Doing postfit: ch19,TTW_dR_ll_bin1
>> Doing postfit: ch19,TTW_dR_ll_bin2
>> Doing postfit: ch19,TTW_dR_ll_bin3
>> Doing postfit: ch19,TTW_ooa
>> Doing postfit: ch19,TTZ
>> Doing postfit: ch19,VVV
>> Doing postfit: ch19,WZ
>> Doing postfit: ch19,ZZ
>> Doing postfit: ch19,data_fakes
>> Doing postfit: ch19,tHW
>> Doing postfit: ch19,tHq
>> Doing postfit: ch19,tZq
>> Doing postfit: ch19,ttH
>> Doing postfit: ch19,ttVV
>> Doing postfit: ch19,TotalBkg
>> Doing postfit: ch19,TotalSig
>> Doing postfit: ch19,TotalProcs
>> Doing postfit: ch2,Convs
>> Doing postfit: ch2,Rares
>> Doing postfit: ch2,TTW_dR_ll_bin0
>> Doing postfit: ch2,TTW_dR_ll_bin1
>> Doing postfit: ch2,TTW_dR_ll_bin2
>> Doing postfit: ch2,TTW_dR_ll_bin3
>> Doing postfit: ch2,TTW_ooa
>> Doing postfit: ch2,TTZ
>> Doing postfit: ch2,VVV
>> Doing postfit: ch2,WZ
>> Doing postfit: ch2,ZZ
>> Doing postfit: ch2,data_fakes
>> Doing postfit: ch2,data_flips
>> Doing postfit: ch2,tHW
>> Doing postfit: ch2,tHq
>> Doing postfit: ch2,tZq
>> Doing postfit: ch2,ttH
>> Doing postfit: ch2,ttVV
>> Doing postfit: ch2,TotalBkg
>> Doing postfit: ch2,TotalSig
>> Doing postfit: ch2,TotalProcs
>> Doing postfit: ch20,Convs
>> Doing postfit: ch20,Rares
>> Doing postfit: ch20,TTW_dR_ll_bin0
>> Doing postfit: ch20,TTW_dR_ll_bin1
>> Doing postfit: ch20,TTW_dR_ll_bin2
>> Doing postfit: ch20,TTW_dR_ll_bin3
>> Doing postfit: ch20,TTW_ooa
>> Doing postfit: ch20,TTZ
>> Doing postfit: ch20,VVV
>> Doing postfit: ch20,WZ
>> Doing postfit: ch20,ZZ
>> Doing postfit: ch20,data_fakes
>> Doing postfit: ch20,data_flips
>> Doing postfit: ch20,tHW
>> Doing postfit: ch20,tHq
>> Doing postfit: ch20,tZq
>> Doing postfit: ch20,ttH
>> Doing postfit: ch20,ttVV
>> Doing postfit: ch20,TotalBkg
>> Doing postfit: ch20,TotalSig
>> Doing postfit: ch20,TotalProcs
>> Doing postfit: ch21,Rares
>> Doing postfit: ch21,TTW_dR_ll_bin0
>> Doing postfit: ch21,TTW_dR_ll_bin1
>> Doing postfit: ch21,TTW_dR_ll_bin2
>> Doing postfit: ch21,TTW_dR_ll_bin3
>> Doing postfit: ch21,TTW_ooa
>> Doing postfit: ch21,TTZ
>> Doing postfit: ch21,VVV
>> Doing postfit: ch21,WZ
>> Doing postfit: ch21,data_fakes
>> Doing postfit: ch21,tHW
>> Doing postfit: ch21,tHq
>> Doing postfit: ch21,tZq
>> Doing postfit: ch21,ttH
>> Doing postfit: ch21,ttVV
>> Doing postfit: ch21,TotalBkg
>> Doing postfit: ch21,TotalSig
>> Doing postfit: ch21,TotalProcs
>> Doing postfit: ch22,Convs
>> Doing postfit: ch22,Rares
>> Doing postfit: ch22,TTW_dR_ll_bin0
>> Doing postfit: ch22,TTW_dR_ll_bin1
>> Doing postfit: ch22,TTW_dR_ll_bin2
>> Doing postfit: ch22,TTW_dR_ll_bin3
>> Doing postfit: ch22,TTW_ooa
>> Doing postfit: ch22,TTZ
>> Doing postfit: ch22,VVV
>> Doing postfit: ch22,WZ
>> Doing postfit: ch22,ZZ
>> Doing postfit: ch22,data_fakes
>> Doing postfit: ch22,data_flips
>> Doing postfit: ch22,tHW
>> Doing postfit: ch22,tHq
>> Doing postfit: ch22,tZq
>> Doing postfit: ch22,ttH
>> Doing postfit: ch22,ttVV
>> Doing postfit: ch22,TotalBkg
>> Doing postfit: ch22,TotalSig
>> Doing postfit: ch22,TotalProcs
>> Doing postfit: ch23,Convs
>> Doing postfit: ch23,Rares
>> Doing postfit: ch23,TTW_dR_ll_bin0
>> Doing postfit: ch23,TTW_dR_ll_bin1
>> Doing postfit: ch23,TTW_dR_ll_bin2
>> Doing postfit: ch23,TTW_dR_ll_bin3
>> Doing postfit: ch23,TTW_ooa
>> Doing postfit: ch23,TTZ
>> Doing postfit: ch23,VVV
>> Doing postfit: ch23,WZ
>> Doing postfit: ch23,ZZ
>> Doing postfit: ch23,data_fakes
>> Doing postfit: ch23,data_flips
>> Doing postfit: ch23,tHW
>> Doing postfit: ch23,tHq
>> Doing postfit: ch23,tZq
>> Doing postfit: ch23,ttH
>> Doing postfit: ch23,ttVV
>> Doing postfit: ch23,TotalBkg
>> Doing postfit: ch23,TotalSig
>> Doing postfit: ch23,TotalProcs
>> Doing postfit: ch24,Rares
>> Doing postfit: ch24,TTW_dR_ll_bin0
>> Doing postfit: ch24,TTW_dR_ll_bin1
>> Doing postfit: ch24,TTW_dR_ll_bin2
>> Doing postfit: ch24,TTW_dR_ll_bin3
>> Doing postfit: ch24,TTW_ooa
>> Doing postfit: ch24,TTZ
>> Doing postfit: ch24,VVV
>> Doing postfit: ch24,WZ
>> Doing postfit: ch24,ZZ
>> Doing postfit: ch24,data_fakes
>> Doing postfit: ch24,tHW
>> Doing postfit: ch24,tHq
>> Doing postfit: ch24,tZq
>> Doing postfit: ch24,ttH
>> Doing postfit: ch24,ttVV
>> Doing postfit: ch24,TotalBkg
>> Doing postfit: ch24,TotalSig
>> Doing postfit: ch24,TotalProcs
>> Doing postfit: ch3,Convs
>> Doing postfit: ch3,Rares
>> Doing postfit: ch3,TTW_dR_ll_bin0
>> Doing postfit: ch3,TTW_dR_ll_bin1
>> Doing postfit: ch3,TTW_dR_ll_bin2
>> Doing postfit: ch3,TTW_dR_ll_bin3
>> Doing postfit: ch3,TTW_ooa
>> Doing postfit: ch3,TTZ
>> Doing postfit: ch3,VVV
>> Doing postfit: ch3,WZ
>> Doing postfit: ch3,ZZ
>> Doing postfit: ch3,data_fakes
>> Doing postfit: ch3,data_flips
>> Doing postfit: ch3,tHW
>> Doing postfit: ch3,tHq
>> Doing postfit: ch3,tZq
>> Doing postfit: ch3,ttH
>> Doing postfit: ch3,ttVV
>> Doing postfit: ch3,TotalBkg
>> Doing postfit: ch3,TotalSig
>> Doing postfit: ch3,TotalProcs
>> Doing postfit: ch4,Rares
>> Doing postfit: ch4,TTW_dR_ll_bin0
>> Doing postfit: ch4,TTW_dR_ll_bin1
>> Doing postfit: ch4,TTW_dR_ll_bin2
>> Doing postfit: ch4,TTW_dR_ll_bin3
>> Doing postfit: ch4,TTW_ooa
>> Doing postfit: ch4,TTZ
>> Doing postfit: ch4,VVV
>> Doing postfit: ch4,WZ
>> Doing postfit: ch4,ZZ
>> Doing postfit: ch4,data_fakes
>> Doing postfit: ch4,tHW
>> Doing postfit: ch4,tHq
>> Doing postfit: ch4,tZq
>> Doing postfit: ch4,ttH
>> Doing postfit: ch4,ttVV
>> Doing postfit: ch4,TotalBkg
>> Doing postfit: ch4,TotalSig
>> Doing postfit: ch4,TotalProcs
>> Doing postfit: ch5,Convs
>> Doing postfit: ch5,Rares
>> Doing postfit: ch5,TTW_dR_ll_bin0
>> Doing postfit: ch5,TTW_dR_ll_bin1
>> Doing postfit: ch5,TTW_dR_ll_bin2
>> Doing postfit: ch5,TTW_dR_ll_bin3
>> Doing postfit: ch5,TTW_ooa
>> Doing postfit: ch5,TTZ
>> Doing postfit: ch5,VVV
>> Doing postfit: ch5,WZ
>> Doing postfit: ch5,ZZ
>> Doing postfit: ch5,data_fakes
>> Doing postfit: ch5,data_flips
>> Doing postfit: ch5,tHW
>> Doing postfit: ch5,tHq
>> Doing postfit: ch5,tZq
>> Doing postfit: ch5,ttH
>> Doing postfit: ch5,ttVV
>> Doing postfit: ch5,TotalBkg
>> Doing postfit: ch5,TotalSig
>> Doing postfit: ch5,TotalProcs
>> Doing postfit: ch6,Convs
>> Doing postfit: ch6,Rares
>> Doing postfit: ch6,TTW_dR_ll_bin0
>> Doing postfit: ch6,TTW_dR_ll_bin1
>> Doing postfit: ch6,TTW_dR_ll_bin2
>> Doing postfit: ch6,TTW_dR_ll_bin3
>> Doing postfit: ch6,TTW_ooa
>> Doing postfit: ch6,TTZ
>> Doing postfit: ch6,VVV
>> Doing postfit: ch6,WZ
>> Doing postfit: ch6,ZZ
>> Doing postfit: ch6,data_fakes
>> Doing postfit: ch6,data_flips
>> Doing postfit: ch6,tHW
>> Doing postfit: ch6,tHq
>> Doing postfit: ch6,tZq
>> Doing postfit: ch6,ttH
>> Doing postfit: ch6,ttVV
>> Doing postfit: ch6,TotalBkg
>> Doing postfit: ch6,TotalSig
>> Doing postfit: ch6,TotalProcs
>> Doing postfit: ch7,Rares
>> Doing postfit: ch7,TTW_dR_ll_bin0
>> Doing postfit: ch7,TTW_dR_ll_bin1
>> Doing postfit: ch7,TTW_dR_ll_bin2
>> Doing postfit: ch7,TTW_dR_ll_bin3
>> Doing postfit: ch7,TTW_ooa
>> Doing postfit: ch7,TTZ
>> Doing postfit: ch7,VVV
>> Doing postfit: ch7,WZ
>> Doing postfit: ch7,ZZ
>> Doing postfit: ch7,data_fakes
>> Doing postfit: ch7,tHW
>> Doing postfit: ch7,tHq
>> Doing postfit: ch7,tZq
>> Doing postfit: ch7,ttH
>> Doing postfit: ch7,ttVV
>> Doing postfit: ch7,TotalBkg
>> Doing postfit: ch7,TotalSig
>> Doing postfit: ch7,TotalProcs
>> Doing postfit: ch8,Convs
>> Doing postfit: ch8,Rares
>> Doing postfit: ch8,TTW_dR_ll_bin0
>> Doing postfit: ch8,TTW_dR_ll_bin1
>> Doing postfit: ch8,TTW_dR_ll_bin2
>> Doing postfit: ch8,TTW_dR_ll_bin3
>> Doing postfit: ch8,TTW_ooa
>> Doing postfit: ch8,TTZ
>> Doing postfit: ch8,VVV
>> Doing postfit: ch8,WZ
>> Doing postfit: ch8,ZZ
>> Doing postfit: ch8,data_fakes
>> Doing postfit: ch8,data_flips
>> Doing postfit: ch8,tHW
>> Doing postfit: ch8,tHq
>> Doing postfit: ch8,tZq
>> Doing postfit: ch8,ttH
>> Doing postfit: ch8,ttVV
>> Doing postfit: ch8,TotalBkg
>> Doing postfit: ch8,TotalSig
>> Doing postfit: ch8,TotalProcs
>> Doing postfit: ch9,Convs
>> Doing postfit: ch9,Rares
>> Doing postfit: ch9,TTW_dR_ll_bin0
>> Doing postfit: ch9,TTW_dR_ll_bin1
>> Doing postfit: ch9,TTW_dR_ll_bin2
>> Doing postfit: ch9,TTW_dR_ll_bin3
>> Doing postfit: ch9,TTW_ooa
>> Doing postfit: ch9,TTZ
>> Doing postfit: ch9,VVV
>> Doing postfit: ch9,WZ
>> Doing postfit: ch9,ZZ
>> Doing postfit: ch9,data_fakes
>> Doing postfit: ch9,data_flips
>> Doing postfit: ch9,tHW
>> Doing postfit: ch9,tHq
>> Doing postfit: ch9,tZq
>> Doing postfit: ch9,ttH
>> Doing postfit: ch9,ttVV
>> Doing postfit: ch9,TotalBkg
>> Doing postfit: ch9,TotalSig
>> Doing postfit: ch9,TotalProcs

Bin                       Total relative bkg uncert. (postfit)
----------------------------------------------------------
ch1                       0.10801   
ch10                      0.12626   
ch11                      0.07176   
ch12                      0.07532   
ch13                      0.09169   
ch14                      0.10025   
ch15                      0.07943   
ch16                      0.10057   
ch17                      0.09764   
ch18                      0.08233   
ch19                      0.09629   
ch2                       0.10143   
ch20                      0.08828   
ch21                      0.07625   
ch22                      0.08809   
ch23                      0.06773   
ch24                      0.07757   
ch3                       0.07681   
ch4                       0.09053   
ch5                       0.09692   
ch6                       0.08287   
ch7                       0.09371   
ch8                       0.09245   
ch9                       0.08594   

Bin                       Process              Scale factor
----------------------------------------------------------
ch1                       Convs                1.24258   
ch1                       Rares                1.24159   
ch1                       TTW_dR_ll_bin0       1.30843   
ch1                       TTW_dR_ll_bin1       1.31036   
ch1                       TTW_dR_ll_bin2       1.16285   
ch1                       TTW_dR_ll_bin3       1.61113   
ch1                       TTW_ooa              1.07678   
ch1                       TTZ                  1.28168   
ch1                       VVV                  1.41090   
ch1                       WZ                   1.25236   
ch1                       ZZ                   1.77714   
ch1                       data_fakes           1.47648   
ch1                       data_flips           1.02659   
ch1                       tHW                  1.07409   
ch1                       tHq                  1.12690   
ch1                       tZq                  1.12723   
ch1                       ttH                  1.07304   
ch1                       ttVV                 1.08420   
ch10                      Rares                1.20712   
ch10                      TTW_dR_ll_bin0       1.24644   
ch10                      TTW_dR_ll_bin1       1.24913   
ch10                      TTW_dR_ll_bin2       1.09752   
ch10                      TTW_dR_ll_bin3       1.48599   
ch10                      TTW_ooa              1.03833   
ch10                      TTZ                  1.15398   
ch10                      VVV                  1.29516   
ch10                      WZ                   1.23529   
ch10                      ZZ                   1.52373   
ch10                      data_fakes           1.08424   
ch10                      tHW                  1.01362   
ch10                      tHq                  1.01402   
ch10                      tZq                  1.28392   
ch10                      ttH                  1.03262   
ch10                      ttVV                 1.01343   
ch11                      Convs                1.21437   
ch11                      Rares                1.19895   
ch11                      TTW_dR_ll_bin0       1.25822   
ch11                      TTW_dR_ll_bin1       1.24554   
ch11                      TTW_dR_ll_bin2       1.08744   
ch11                      TTW_dR_ll_bin3       1.49986   
ch11                      TTW_ooa              0.97271   
ch11                      TTZ                  1.13575   
ch11                      VVV                  1.22650   
ch11                      WZ                   0.98814   
ch11                      ZZ                   1.23517   
ch11                      data_fakes           1.22504   
ch11                      data_flips           1.02588   
ch11                      tHW                  1.00561   
ch11                      tHq                  0.97730   
ch11                      tZq                  1.04275   
ch11                      ttH                  1.02027   
ch11                      ttVV                 1.01323   
ch12                      Convs                1.12199   
ch12                      Rares                1.25024   
ch12                      TTW_dR_ll_bin0       1.28324   
ch12                      TTW_dR_ll_bin1       1.26533   
ch12                      TTW_dR_ll_bin2       1.12413   
ch12                      TTW_dR_ll_bin3       1.68067   
ch12                      TTW_ooa              1.04715   
ch12                      TTZ                  1.16763   
ch12                      VVV                  1.28285   
ch12                      WZ                   1.20888   
ch12                      ZZ                   1.53912   
ch12                      data_fakes           1.15319   
ch12                      data_flips           1.02573   
ch12                      tHW                  1.05663   
ch12                      tHq                  1.00909   
ch12                      tZq                  1.09462   
ch12                      ttH                  1.03573   
ch12                      ttVV                 1.04226   
ch13                      Rares                1.23236   
ch13                      TTW_dR_ll_bin0       1.24994   
ch13                      TTW_dR_ll_bin1       1.23630   
ch13                      TTW_dR_ll_bin2       1.09444   
ch13                      TTW_dR_ll_bin3       1.51851   
ch13                      TTW_ooa              1.03355   
ch13                      TTZ                  1.14982   
ch13                      VVV                  1.28806   
ch13                      WZ                   1.12529   
ch13                      ZZ                   1.65073   
ch13                      data_fakes           1.04031   
ch13                      tHW                  1.02348   
ch13                      tHq                  1.02910   
ch13                      tZq                  1.07883   
ch13                      ttH                  1.00023   
ch13                      ttVV                 1.00474   
ch14                      Convs                1.14161   
ch14                      Rares                1.44856   
ch14                      TTW_dR_ll_bin0       1.31039   
ch14                      TTW_dR_ll_bin1       1.28567   
ch14                      TTW_dR_ll_bin2       1.15030   
ch14                      TTW_dR_ll_bin3       1.58608   
ch14                      TTW_ooa              1.06413   
ch14                      TTZ                  1.19768   
ch14                      VVV                  1.24379   
ch14                      WZ                   0.99730   
ch14                      ZZ                   1.42039   
ch14                      data_fakes           1.38321   
ch14                      data_flips           1.02590   
ch14                      tHW                  1.02829   
ch14                      tHq                  1.04514   
ch14                      tZq                  1.10575   
ch14                      ttH                  1.06566   
ch14                      ttVV                 1.05005   
ch15                      Convs                1.37753   
ch15                      Rares                1.25777   
ch15                      TTW_dR_ll_bin0       1.27469   
ch15                      TTW_dR_ll_bin1       1.26959   
ch15                      TTW_dR_ll_bin2       1.11575   
ch15                      TTW_dR_ll_bin3       1.53370   
ch15                      TTW_ooa              1.02943   
ch15                      TTZ                  1.16077   
ch15                      VVV                  1.20547   
ch15                      WZ                   0.98201   
ch15                      ZZ                   1.44113   
ch15                      data_fakes           1.25010   
ch15                      data_flips           1.02597   
ch15                      tHW                  1.01310   
ch15                      tHq                  1.00451   
ch15                      tZq                  1.07394   
ch15                      ttH                  1.03846   
ch15                      ttVV                 1.02880   
ch16                      Rares                1.15745   
ch16                      TTW_dR_ll_bin0       1.23474   
ch16                      TTW_dR_ll_bin1       1.23420   
ch16                      TTW_dR_ll_bin2       1.08756   
ch16                      TTW_dR_ll_bin3       1.50566   
ch16                      TTW_ooa              0.98375   
ch16                      TTZ                  1.13316   
ch16                      VVV                  1.16808   
ch16                      WZ                   0.96717   
ch16                      ZZ                   1.33839   
ch16                      data_fakes           1.09734   
ch16                      tHW                  0.98384   
ch16                      tHq                  1.02117   
ch16                      tZq                  1.02442   
ch16                      ttH                  1.00568   
ch16                      ttVV                 1.00133   
ch17                      Convs                1.29303   
ch17                      Rares                1.19889   
ch17                      TTW_dR_ll_bin0       1.29088   
ch17                      TTW_dR_ll_bin1       1.28853   
ch17                      TTW_dR_ll_bin2       1.13070   
ch17                      TTW_dR_ll_bin3       1.57903   
ch17                      TTW_ooa              1.06155   
ch17                      TTZ                  1.13170   
ch17                      VVV                  1.24622   
ch17                      WZ                   0.95490   
ch17                      ZZ                   1.04328   
ch17                      data_fakes           1.26753   
ch17                      data_flips           1.02581   
ch17                      tHW                  1.03914   
ch17                      tHq                  1.05269   
ch17                      tZq                  1.13402   
ch17                      ttH                  1.06021   
ch17                      ttVV                 1.05240   
ch18                      Convs                1.23401   
ch18                      Rares                1.23878   
ch18                      TTW_dR_ll_bin0       1.27718   
ch18                      TTW_dR_ll_bin1       1.27049   
ch18                      TTW_dR_ll_bin2       1.11145   
ch18                      TTW_dR_ll_bin3       1.53699   
ch18                      TTW_ooa              1.01828   
ch18                      TTZ                  1.16196   
ch18                      VVV                  1.20618   
ch18                      WZ                   1.01341   
ch18                      ZZ                   1.33500   
ch18                      data_fakes           1.23688   
ch18                      data_flips           1.02594   
ch18                      tHW                  1.02124   
ch18                      tHq                  1.01972   
ch18                      tZq                  1.07547   
ch18                      ttH                  1.03034   
ch18                      ttVV                 1.02869   
ch19                      Rares                1.15558   
ch19                      TTW_dR_ll_bin0       1.24013   
ch19                      TTW_dR_ll_bin1       1.23490   
ch19                      TTW_dR_ll_bin2       1.08811   
ch19                      TTW_dR_ll_bin3       1.51000   
ch19                      TTW_ooa              0.99342   
ch19                      TTZ                  1.14031   
ch19                      VVV                  1.19017   
ch19                      WZ                   1.04142   
ch19                      ZZ                   0.95826   
ch19                      data_fakes           1.15986   
ch19                      tHW                  0.98777   
ch19                      tHq                  0.99457   
ch19                      tZq                  1.12726   
ch19                      ttH                  1.00291   
ch19                      ttVV                 1.00348   
ch2                       Convs                1.26664   
ch2                       Rares                1.24317   
ch2                       TTW_dR_ll_bin0       1.30040   
ch2                       TTW_dR_ll_bin1       1.29638   
ch2                       TTW_dR_ll_bin2       1.13239   
ch2                       TTW_dR_ll_bin3       1.50356   
ch2                       TTW_ooa              1.11570   
ch2                       TTZ                  1.22693   
ch2                       VVV                  1.23474   
ch2                       WZ                   0.92620   
ch2                       ZZ                   1.28714   
ch2                       data_fakes           1.28955   
ch2                       data_flips           1.02622   
ch2                       tHW                  1.04544   
ch2                       tHq                  1.04602   
ch2                       tZq                  1.06060   
ch2                       ttH                  1.06970   
ch2                       ttVV                 1.05620   
ch20                      Convs                1.19600   
ch20                      Rares                1.23785   
ch20                      TTW_dR_ll_bin0       1.27630   
ch20                      TTW_dR_ll_bin1       1.28321   
ch20                      TTW_dR_ll_bin2       1.11358   
ch20                      TTW_dR_ll_bin3       1.54921   
ch20                      TTW_ooa              0.99956   
ch20                      TTZ                  1.11888   
ch20                      VVV                  1.25635   
ch20                      WZ                   0.96778   
ch20                      ZZ                   1.45916   
ch20                      data_fakes           1.39324   
ch20                      data_flips           1.02579   
ch20                      tHW                  1.03685   
ch20                      tHq                  1.00119   
ch20                      tZq                  1.08198   
ch20                      ttH                  1.02507   
ch20                      ttVV                 1.04321   
ch21                      Rares                1.07095   
ch21                      TTW_dR_ll_bin0       1.21965   
ch21                      TTW_dR_ll_bin1       1.22204   
ch21                      TTW_dR_ll_bin2       1.06971   
ch21                      TTW_dR_ll_bin3       1.47346   
ch21                      TTW_ooa              0.94620   
ch21                      TTZ                  1.06852   
ch21                      VVV                  1.20252   
ch21                      WZ                   0.97276   
ch21                      data_fakes           1.03898   
ch21                      tHW                  0.98052   
ch21                      tHq                  0.95084   
ch21                      tZq                  1.04176   
ch21                      ttH                  0.99342   
ch21                      ttVV                 0.98590   
ch22                      Convs                1.17500   
ch22                      Rares                0.75934   
ch22                      TTW_dR_ll_bin0       1.29622   
ch22                      TTW_dR_ll_bin1       1.27776   
ch22                      TTW_dR_ll_bin2       1.11839   
ch22                      TTW_dR_ll_bin3       1.53491   
ch22                      TTW_ooa              1.01251   
ch22                      TTZ                  1.14123   
ch22                      VVV                  1.24287   
ch22                      WZ                   0.86029   
ch22                      ZZ                   1.16603   
ch22                      data_fakes           1.38161   
ch22                      data_flips           1.02564   
ch22                      tHW                  0.97899   
ch22                      tHq                  1.01909   
ch22                      tZq                  1.10294   
ch22                      ttH                  1.03305   
ch22                      ttVV                 1.03859   
ch23                      Convs                1.17009   
ch23                      Rares                1.09983   
ch23                      TTW_dR_ll_bin0       1.24722   
ch23                      TTW_dR_ll_bin1       1.24875   
ch23                      TTW_dR_ll_bin2       1.08990   
ch23                      TTW_dR_ll_bin3       1.51202   
ch23                      TTW_ooa              0.98994   
ch23                      TTZ                  1.15795   
ch23                      VVV                  1.23264   
ch23                      WZ                   0.96678   
ch23                      ZZ                   1.36862   
ch23                      data_fakes           1.18276   
ch23                      data_flips           1.02587   
ch23                      tHW                  1.00534   
ch23                      tHq                  0.99205   
ch23                      tZq                  1.01753   
ch23                      ttH                  1.00301   
ch23                      ttVV                 1.01392   
ch24                      Rares                1.23202   
ch24                      TTW_dR_ll_bin0       1.21575   
ch24                      TTW_dR_ll_bin1       1.21407   
ch24                      TTW_dR_ll_bin2       1.06447   
ch24                      TTW_dR_ll_bin3       1.45527   
ch24                      TTW_ooa              0.94968   
ch24                      TTZ                  1.12003   
ch24                      VVV                  1.20256   
ch24                      WZ                   0.98305   
ch24                      ZZ                   0.94095   
ch24                      data_fakes           1.07430   
ch24                      tHW                  0.97313   
ch24                      tHq                  0.96375   
ch24                      tZq                  1.08036   
ch24                      ttH                  0.98918   
ch24                      ttVV                 0.97990   
ch3                       Convs                1.21977   
ch3                       Rares                1.00320   
ch3                       TTW_dR_ll_bin0       1.26177   
ch3                       TTW_dR_ll_bin1       1.27091   
ch3                       TTW_dR_ll_bin2       1.10666   
ch3                       TTW_dR_ll_bin3       1.53122   
ch3                       TTW_ooa              1.01699   
ch3                       TTZ                  1.11888   
ch3                       VVV                  1.19718   
ch3                       WZ                   0.96192   
ch3                       ZZ                   1.25351   
ch3                       data_fakes           1.15383   
ch3                       data_flips           1.02565   
ch3                       tHW                  1.01564   
ch3                       tHq                  1.03105   
ch3                       tZq                  1.04154   
ch3                       ttH                  1.02136   
ch3                       ttVV                 1.02327   
ch4                       Rares                1.17323   
ch4                       TTW_dR_ll_bin0       1.24109   
ch4                       TTW_dR_ll_bin1       1.21319   
ch4                       TTW_dR_ll_bin2       1.07320   
ch4                       TTW_dR_ll_bin3       1.51765   
ch4                       TTW_ooa              1.03439   
ch4                       TTZ                  1.15421   
ch4                       VVV                  1.18076   
ch4                       WZ                   0.94359   
ch4                       ZZ                   1.42033   
ch4                       data_fakes           1.09992   
ch4                       tHW                  0.96941   
ch4                       tHq                  1.01171   
ch4                       tZq                  1.01076   
ch4                       ttH                  1.00471   
ch4                       ttVV                 0.98359   
ch5                       Convs                1.34303   
ch5                       Rares                1.26870   
ch5                       TTW_dR_ll_bin0       1.32311   
ch5                       TTW_dR_ll_bin1       1.29949   
ch5                       TTW_dR_ll_bin2       1.14078   
ch5                       TTW_dR_ll_bin3       1.57405   
ch5                       TTW_ooa              1.08497   
ch5                       TTZ                  1.21390   
ch5                       VVV                  1.25271   
ch5                       WZ                   1.05696   
ch5                       ZZ                   1.27556   
ch5                       data_fakes           1.33120   
ch5                       data_flips           1.02651   
ch5                       tHW                  1.05182   
ch5                       tHq                  1.05264   
ch5                       tZq                  1.09244   
ch5                       ttH                  1.05598   
ch5                       ttVV                 1.05947   
ch6                       Convs                1.28442   
ch6                       Rares                1.21118   
ch6                       TTW_dR_ll_bin0       1.27498   
ch6                       TTW_dR_ll_bin1       1.26656   
ch6                       TTW_dR_ll_bin2       1.10378   
ch6                       TTW_dR_ll_bin3       1.55019   
ch6                       TTW_ooa              1.03785   
ch6                       TTZ                  1.15746   
ch6                       VVV                  1.21092   
ch6                       WZ                   0.99922   
ch6                       ZZ                   1.31031   
ch6                       data_fakes           1.24126   
ch6                       data_flips           1.02607   
ch6                       tHW                  1.00408   
ch6                       tHq                  1.02156   
ch6                       tZq                  1.08018   
ch6                       ttH                  1.01351   
ch6                       ttVV                 1.01892   
ch7                       Rares                1.33314   
ch7                       TTW_dR_ll_bin0       1.23619   
ch7                       TTW_dR_ll_bin1       1.22842   
ch7                       TTW_dR_ll_bin2       1.06831   
ch7                       TTW_dR_ll_bin3       1.47831   
ch7                       TTW_ooa              0.98221   
ch7                       TTZ                  1.14869   
ch7                       VVV                  1.15538   
ch7                       WZ                   0.93657   
ch7                       ZZ                   1.46982   
ch7                       data_fakes           1.13207   
ch7                       tHW                  0.98067   
ch7                       tHq                  0.98457   
ch7                       tZq                  1.03080   
ch7                       ttH                  0.99666   
ch7                       ttVV                 0.99022   
ch8                       Convs                1.23541   
ch8                       Rares                1.25688   
ch8                       TTW_dR_ll_bin0       1.32490   
ch8                       TTW_dR_ll_bin1       1.31078   
ch8                       TTW_dR_ll_bin2       1.13324   
ch8                       TTW_dR_ll_bin3       1.62846   
ch8                       TTW_ooa              1.07762   
ch8                       TTZ                  1.28655   
ch8                       VVV                  1.43401   
ch8                       WZ                   1.26332   
ch8                       ZZ                   1.44438   
ch8                       data_fakes           1.26456   
ch8                       data_flips           1.02645   
ch8                       tHW                  1.06740   
ch8                       tHq                  1.05132   
ch8                       tZq                  1.30132   
ch8                       ttH                  1.07323   
ch8                       ttVV                 1.06047   
ch9                       Convs                1.16542   
ch9                       Rares                1.21679   
ch9                       TTW_dR_ll_bin0       1.29206   
ch9                       TTW_dR_ll_bin1       1.27177   
ch9                       TTW_dR_ll_bin2       1.12860   
ch9                       TTW_dR_ll_bin3       1.58745   
ch9                       TTW_ooa              1.04230   
ch9                       TTZ                  1.20725   
ch9                       VVV                  1.30576   
ch9                       WZ                   1.36914   
ch9                       ZZ                   1.46010   
ch9                       data_fakes           1.21143   
ch9                       data_flips           1.02625   
ch9                       tHW                  1.03188   
ch9                       tHq                  1.04428   
ch9                       tZq                  1.14064   
ch9                       ttH                  1.05062   
ch9                       ttVV                 1.02866   
