WARNING: the default behaviour of PostFitShapesFromWorkspace is to use the covariance matrix sampling method for the post-fit uncertainty. The option --sampling is deprecated and will be removed in future versions of CombineHarvester
[SetFlag] Changing value of flag "workspaces-use-clone" from 0 to 1
[#1] INFO:ObjectHandling -- RooWorkspace::import(w) importing dataset ch1
[#1] INFO:ObjectHandling -- RooWorkspace::import(w) importing dataset ch10
[#1] INFO:ObjectHandling -- RooWorkspace::import(w) importing dataset ch11
[#1] INFO:ObjectHandling -- RooWorkspace::import(w) importing dataset ch12
[#1] INFO:ObjectHandling -- RooWorkspace::import(w) importing dataset ch2
[#1] INFO:ObjectHandling -- RooWorkspace::import(w) importing dataset ch3
[#1] INFO:ObjectHandling -- RooWorkspace::import(w) importing dataset ch4
[#1] INFO:ObjectHandling -- RooWorkspace::import(w) importing dataset ch5
[#1] INFO:ObjectHandling -- RooWorkspace::import(w) importing dataset ch6
[#1] INFO:ObjectHandling -- RooWorkspace::import(w) importing dataset ch7
[#1] INFO:ObjectHandling -- RooWorkspace::import(w) importing dataset ch8
[#1] INFO:ObjectHandling -- RooWorkspace::import(w) importing dataset ch9
[SetFlag] Changing value of flag "workspaces-use-clone" from 0 to 1
>> Doing prefit: TotalBkg
>> Doing prefit: TotalSig
>> Doing prefit: TotalProcs
>> Doing prefit: ch1,Convs
>> Doing prefit: ch1,Rares
>> Doing prefit: ch1,TTW_HT_bin0
>> Doing prefit: ch1,TTW_HT_bin1
>> Doing prefit: ch1,TTW_HT_bin2
>> Doing prefit: ch1,TTW_HT_bin3
>> Doing prefit: ch1,TTW_ooa
>> Doing prefit: ch1,TTZ
>> Doing prefit: ch1,VVV
>> Doing prefit: ch1,WZ
>> Doing prefit: ch1,ZZ
>> Doing prefit: ch1,data_fakes
>> Doing prefit: ch1,data_flips
>> Doing prefit: ch1,tHW
>> Doing prefit: ch1,tHq
>> Doing prefit: ch1,tZq
>> Doing prefit: ch1,ttH
>> Doing prefit: ch1,ttVV
>> Doing prefit: ch1,TotalBkg
>> Doing prefit: ch1,TotalSig
>> Doing prefit: ch1,TotalProcs
>> Doing prefit: ch10,Convs
>> Doing prefit: ch10,Rares
>> Doing prefit: ch10,TTW_HT_bin0
>> Doing prefit: ch10,TTW_HT_bin1
>> Doing prefit: ch10,TTW_HT_bin2
>> Doing prefit: ch10,TTW_HT_bin3
>> Doing prefit: ch10,TTW_ooa
>> Doing prefit: ch10,TTZ
>> Doing prefit: ch10,VVV
>> Doing prefit: ch10,WZ
>> Doing prefit: ch10,ZZ
>> Doing prefit: ch10,data_fakes
>> Doing prefit: ch10,data_flips
>> Doing prefit: ch10,tHW
>> Doing prefit: ch10,tHq
>> Doing prefit: ch10,tZq
>> Doing prefit: ch10,ttH
>> Doing prefit: ch10,ttVV
>> Doing prefit: ch10,TotalBkg
>> Doing prefit: ch10,TotalSig
>> Doing prefit: ch10,TotalProcs
>> Doing prefit: ch11,Convs
>> Doing prefit: ch11,Rares
>> Doing prefit: ch11,TTW_HT_bin0
>> Doing prefit: ch11,TTW_HT_bin1
>> Doing prefit: ch11,TTW_HT_bin2
>> Doing prefit: ch11,TTW_HT_bin3
>> Doing prefit: ch11,TTW_ooa
>> Doing prefit: ch11,TTZ
>> Doing prefit: ch11,VVV
>> Doing prefit: ch11,WZ
>> Doing prefit: ch11,ZZ
>> Doing prefit: ch11,data_fakes
>> Doing prefit: ch11,data_flips
>> Doing prefit: ch11,tHW
>> Doing prefit: ch11,tHq
>> Doing prefit: ch11,tZq
>> Doing prefit: ch11,ttH
>> Doing prefit: ch11,ttVV
>> Doing prefit: ch11,TotalBkg
>> Doing prefit: ch11,TotalSig
>> Doing prefit: ch11,TotalProcs
>> Doing prefit: ch12,Rares
>> Doing prefit: ch12,TTW_HT_bin0
>> Doing prefit: ch12,TTW_HT_bin1
>> Doing prefit: ch12,TTW_HT_bin2
>> Doing prefit: ch12,TTW_HT_bin3
>> Doing prefit: ch12,TTW_ooa
>> Doing prefit: ch12,TTZ
>> Doing prefit: ch12,VVV
>> Doing prefit: ch12,WZ
>> Doing prefit: ch12,ZZ
>> Doing prefit: ch12,data_fakes
>> Doing prefit: ch12,tHW
>> Doing prefit: ch12,tHq
>> Doing prefit: ch12,tZq
>> Doing prefit: ch12,ttH
>> Doing prefit: ch12,ttVV
>> Doing prefit: ch12,TotalBkg
>> Doing prefit: ch12,TotalSig
>> Doing prefit: ch12,TotalProcs
>> Doing prefit: ch2,Convs
>> Doing prefit: ch2,Rares
>> Doing prefit: ch2,TTW_HT_bin0
>> Doing prefit: ch2,TTW_HT_bin1
>> Doing prefit: ch2,TTW_HT_bin2
>> Doing prefit: ch2,TTW_HT_bin3
>> Doing prefit: ch2,TTW_ooa
>> Doing prefit: ch2,TTZ
>> Doing prefit: ch2,VVV
>> Doing prefit: ch2,WZ
>> Doing prefit: ch2,ZZ
>> Doing prefit: ch2,data_fakes
>> Doing prefit: ch2,data_flips
>> Doing prefit: ch2,tHW
>> Doing prefit: ch2,tHq
>> Doing prefit: ch2,tZq
>> Doing prefit: ch2,ttH
>> Doing prefit: ch2,ttVV
>> Doing prefit: ch2,TotalBkg
>> Doing prefit: ch2,TotalSig
>> Doing prefit: ch2,TotalProcs
>> Doing prefit: ch3,Rares
>> Doing prefit: ch3,TTW_HT_bin0
>> Doing prefit: ch3,TTW_HT_bin1
>> Doing prefit: ch3,TTW_HT_bin2
>> Doing prefit: ch3,TTW_HT_bin3
>> Doing prefit: ch3,TTW_ooa
>> Doing prefit: ch3,TTZ
>> Doing prefit: ch3,VVV
>> Doing prefit: ch3,WZ
>> Doing prefit: ch3,ZZ
>> Doing prefit: ch3,data_fakes
>> Doing prefit: ch3,tHW
>> Doing prefit: ch3,tHq
>> Doing prefit: ch3,tZq
>> Doing prefit: ch3,ttH
>> Doing prefit: ch3,ttVV
>> Doing prefit: ch3,TotalBkg
>> Doing prefit: ch3,TotalSig
>> Doing prefit: ch3,TotalProcs
>> Doing prefit: ch4,Convs
>> Doing prefit: ch4,Rares
>> Doing prefit: ch4,TTW_HT_bin0
>> Doing prefit: ch4,TTW_HT_bin1
>> Doing prefit: ch4,TTW_HT_bin2
>> Doing prefit: ch4,TTW_HT_bin3
>> Doing prefit: ch4,TTW_ooa
>> Doing prefit: ch4,TTZ
>> Doing prefit: ch4,VVV
>> Doing prefit: ch4,WZ
>> Doing prefit: ch4,ZZ
>> Doing prefit: ch4,data_fakes
>> Doing prefit: ch4,data_flips
>> Doing prefit: ch4,tHW
>> Doing prefit: ch4,tHq
>> Doing prefit: ch4,tZq
>> Doing prefit: ch4,ttH
>> Doing prefit: ch4,ttVV
>> Doing prefit: ch4,TotalBkg
>> Doing prefit: ch4,TotalSig
>> Doing prefit: ch4,TotalProcs
>> Doing prefit: ch5,Convs
>> Doing prefit: ch5,Rares
>> Doing prefit: ch5,TTW_HT_bin0
>> Doing prefit: ch5,TTW_HT_bin1
>> Doing prefit: ch5,TTW_HT_bin2
>> Doing prefit: ch5,TTW_HT_bin3
>> Doing prefit: ch5,TTW_ooa
>> Doing prefit: ch5,TTZ
>> Doing prefit: ch5,VVV
>> Doing prefit: ch5,WZ
>> Doing prefit: ch5,ZZ
>> Doing prefit: ch5,data_fakes
>> Doing prefit: ch5,data_flips
>> Doing prefit: ch5,tHW
>> Doing prefit: ch5,tHq
>> Doing prefit: ch5,tZq
>> Doing prefit: ch5,ttH
>> Doing prefit: ch5,ttVV
>> Doing prefit: ch5,TotalBkg
>> Doing prefit: ch5,TotalSig
>> Doing prefit: ch5,TotalProcs
>> Doing prefit: ch6,Rares
>> Doing prefit: ch6,TTW_HT_bin0
>> Doing prefit: ch6,TTW_HT_bin1
>> Doing prefit: ch6,TTW_HT_bin2
>> Doing prefit: ch6,TTW_HT_bin3
>> Doing prefit: ch6,TTW_ooa
>> Doing prefit: ch6,TTZ
>> Doing prefit: ch6,VVV
>> Doing prefit: ch6,WZ
>> Doing prefit: ch6,ZZ
>> Doing prefit: ch6,data_fakes
>> Doing prefit: ch6,tHW
>> Doing prefit: ch6,tHq
>> Doing prefit: ch6,tZq
>> Doing prefit: ch6,ttH
>> Doing prefit: ch6,ttVV
>> Doing prefit: ch6,TotalBkg
>> Doing prefit: ch6,TotalSig
>> Doing prefit: ch6,TotalProcs
>> Doing prefit: ch7,Convs
>> Doing prefit: ch7,Rares
>> Doing prefit: ch7,TTW_HT_bin0
>> Doing prefit: ch7,TTW_HT_bin1
>> Doing prefit: ch7,TTW_HT_bin2
>> Doing prefit: ch7,TTW_HT_bin3
>> Doing prefit: ch7,TTW_ooa
>> Doing prefit: ch7,TTZ
>> Doing prefit: ch7,VVV
>> Doing prefit: ch7,WZ
>> Doing prefit: ch7,ZZ
>> Doing prefit: ch7,data_fakes
>> Doing prefit: ch7,data_flips
>> Doing prefit: ch7,tHW
>> Doing prefit: ch7,tHq
>> Doing prefit: ch7,tZq
>> Doing prefit: ch7,ttH
>> Doing prefit: ch7,ttVV
>> Doing prefit: ch7,TotalBkg
>> Doing prefit: ch7,TotalSig
>> Doing prefit: ch7,TotalProcs
>> Doing prefit: ch8,Convs
>> Doing prefit: ch8,Rares
>> Doing prefit: ch8,TTW_HT_bin0
>> Doing prefit: ch8,TTW_HT_bin1
>> Doing prefit: ch8,TTW_HT_bin2
>> Doing prefit: ch8,TTW_HT_bin3
>> Doing prefit: ch8,TTW_ooa
>> Doing prefit: ch8,TTZ
>> Doing prefit: ch8,VVV
>> Doing prefit: ch8,WZ
>> Doing prefit: ch8,ZZ
>> Doing prefit: ch8,data_fakes
>> Doing prefit: ch8,data_flips
>> Doing prefit: ch8,tHW
>> Doing prefit: ch8,tHq
>> Doing prefit: ch8,tZq
>> Doing prefit: ch8,ttH
>> Doing prefit: ch8,ttVV
>> Doing prefit: ch8,TotalBkg
>> Doing prefit: ch8,TotalSig
>> Doing prefit: ch8,TotalProcs
>> Doing prefit: ch9,Rares
>> Doing prefit: ch9,TTW_HT_bin0
>> Doing prefit: ch9,TTW_HT_bin1
>> Doing prefit: ch9,TTW_HT_bin2
>> Doing prefit: ch9,TTW_HT_bin3
>> Doing prefit: ch9,TTW_ooa
>> Doing prefit: ch9,TTZ
>> Doing prefit: ch9,VVV
>> Doing prefit: ch9,WZ
>> Doing prefit: ch9,ZZ
>> Doing prefit: ch9,data_fakes
>> Doing prefit: ch9,tHW
>> Doing prefit: ch9,tHq
>> Doing prefit: ch9,tZq
>> Doing prefit: ch9,ttH
>> Doing prefit: ch9,ttVV
>> Doing prefit: ch9,TotalBkg
>> Doing prefit: ch9,TotalSig
>> Doing prefit: ch9,TotalProcs
Bin                       Total relative bkg uncert. (prefit)
----------------------------------------------------------
ch1                       0.13132   
ch10                      0.16367   
ch11                      0.10767   
ch12                      0.14564   
ch2                       0.11844   
ch3                       0.14539   
ch4                       0.18809   
ch5                       0.11568   
ch6                       0.15274   
ch7                       0.14832   
ch8                       0.12479   
ch9                       0.15628   
>> Doing postfit: TotalBkg
>> Doing postfit: TotalSig
>> Doing postfit: TotalProcs
>> Doing postfit: ch1,Convs
>> Doing postfit: ch1,Rares
>> Doing postfit: ch1,TTW_HT_bin0
>> Doing postfit: ch1,TTW_HT_bin1
>> Doing postfit: ch1,TTW_HT_bin2
>> Doing postfit: ch1,TTW_HT_bin3
>> Doing postfit: ch1,TTW_ooa
>> Doing postfit: ch1,TTZ
>> Doing postfit: ch1,VVV
>> Doing postfit: ch1,WZ
>> Doing postfit: ch1,ZZ
>> Doing postfit: ch1,data_fakes
>> Doing postfit: ch1,data_flips
>> Doing postfit: ch1,tHW
>> Doing postfit: ch1,tHq
>> Doing postfit: ch1,tZq
>> Doing postfit: ch1,ttH
>> Doing postfit: ch1,ttVV
>> Doing postfit: ch1,TotalBkg
>> Doing postfit: ch1,TotalSig
>> Doing postfit: ch1,TotalProcs
>> Doing postfit: ch10,Convs
>> Doing postfit: ch10,Rares
>> Doing postfit: ch10,TTW_HT_bin0
>> Doing postfit: ch10,TTW_HT_bin1
>> Doing postfit: ch10,TTW_HT_bin2
>> Doing postfit: ch10,TTW_HT_bin3
>> Doing postfit: ch10,TTW_ooa
>> Doing postfit: ch10,TTZ
>> Doing postfit: ch10,VVV
>> Doing postfit: ch10,WZ
>> Doing postfit: ch10,ZZ
>> Doing postfit: ch10,data_fakes
>> Doing postfit: ch10,data_flips
>> Doing postfit: ch10,tHW
>> Doing postfit: ch10,tHq
>> Doing postfit: ch10,tZq
>> Doing postfit: ch10,ttH
>> Doing postfit: ch10,ttVV
>> Doing postfit: ch10,TotalBkg
>> Doing postfit: ch10,TotalSig
>> Doing postfit: ch10,TotalProcs
>> Doing postfit: ch11,Convs
>> Doing postfit: ch11,Rares
>> Doing postfit: ch11,TTW_HT_bin0
>> Doing postfit: ch11,TTW_HT_bin1
>> Doing postfit: ch11,TTW_HT_bin2
>> Doing postfit: ch11,TTW_HT_bin3
>> Doing postfit: ch11,TTW_ooa
>> Doing postfit: ch11,TTZ
>> Doing postfit: ch11,VVV
>> Doing postfit: ch11,WZ
>> Doing postfit: ch11,ZZ
>> Doing postfit: ch11,data_fakes
>> Doing postfit: ch11,data_flips
>> Doing postfit: ch11,tHW
>> Doing postfit: ch11,tHq
>> Doing postfit: ch11,tZq
>> Doing postfit: ch11,ttH
>> Doing postfit: ch11,ttVV
>> Doing postfit: ch11,TotalBkg
>> Doing postfit: ch11,TotalSig
>> Doing postfit: ch11,TotalProcs
>> Doing postfit: ch12,Rares
>> Doing postfit: ch12,TTW_HT_bin0
>> Doing postfit: ch12,TTW_HT_bin1
>> Doing postfit: ch12,TTW_HT_bin2
>> Doing postfit: ch12,TTW_HT_bin3
>> Doing postfit: ch12,TTW_ooa
>> Doing postfit: ch12,TTZ
>> Doing postfit: ch12,VVV
>> Doing postfit: ch12,WZ
>> Doing postfit: ch12,ZZ
>> Doing postfit: ch12,data_fakes
>> Doing postfit: ch12,tHW
>> Doing postfit: ch12,tHq
>> Doing postfit: ch12,tZq
>> Doing postfit: ch12,ttH
>> Doing postfit: ch12,ttVV
>> Doing postfit: ch12,TotalBkg
>> Doing postfit: ch12,TotalSig
>> Doing postfit: ch12,TotalProcs
>> Doing postfit: ch2,Convs
>> Doing postfit: ch2,Rares
>> Doing postfit: ch2,TTW_HT_bin0
>> Doing postfit: ch2,TTW_HT_bin1
>> Doing postfit: ch2,TTW_HT_bin2
>> Doing postfit: ch2,TTW_HT_bin3
>> Doing postfit: ch2,TTW_ooa
>> Doing postfit: ch2,TTZ
>> Doing postfit: ch2,VVV
>> Doing postfit: ch2,WZ
>> Doing postfit: ch2,ZZ
>> Doing postfit: ch2,data_fakes
>> Doing postfit: ch2,data_flips
>> Doing postfit: ch2,tHW
>> Doing postfit: ch2,tHq
>> Doing postfit: ch2,tZq
>> Doing postfit: ch2,ttH
>> Doing postfit: ch2,ttVV
>> Doing postfit: ch2,TotalBkg
>> Doing postfit: ch2,TotalSig
>> Doing postfit: ch2,TotalProcs
>> Doing postfit: ch3,Rares
>> Doing postfit: ch3,TTW_HT_bin0
>> Doing postfit: ch3,TTW_HT_bin1
>> Doing postfit: ch3,TTW_HT_bin2
>> Doing postfit: ch3,TTW_HT_bin3
>> Doing postfit: ch3,TTW_ooa
>> Doing postfit: ch3,TTZ
>> Doing postfit: ch3,VVV
>> Doing postfit: ch3,WZ
>> Doing postfit: ch3,ZZ
>> Doing postfit: ch3,data_fakes
>> Doing postfit: ch3,tHW
>> Doing postfit: ch3,tHq
>> Doing postfit: ch3,tZq
>> Doing postfit: ch3,ttH
>> Doing postfit: ch3,ttVV
>> Doing postfit: ch3,TotalBkg
>> Doing postfit: ch3,TotalSig
>> Doing postfit: ch3,TotalProcs
>> Doing postfit: ch4,Convs
>> Doing postfit: ch4,Rares
>> Doing postfit: ch4,TTW_HT_bin0
>> Doing postfit: ch4,TTW_HT_bin1
>> Doing postfit: ch4,TTW_HT_bin2
>> Doing postfit: ch4,TTW_HT_bin3
>> Doing postfit: ch4,TTW_ooa
>> Doing postfit: ch4,TTZ
>> Doing postfit: ch4,VVV
>> Doing postfit: ch4,WZ
>> Doing postfit: ch4,ZZ
>> Doing postfit: ch4,data_fakes
>> Doing postfit: ch4,data_flips
>> Doing postfit: ch4,tHW
>> Doing postfit: ch4,tHq
>> Doing postfit: ch4,tZq
>> Doing postfit: ch4,ttH
>> Doing postfit: ch4,ttVV
>> Doing postfit: ch4,TotalBkg
>> Doing postfit: ch4,TotalSig
>> Doing postfit: ch4,TotalProcs
>> Doing postfit: ch5,Convs
>> Doing postfit: ch5,Rares
>> Doing postfit: ch5,TTW_HT_bin0
>> Doing postfit: ch5,TTW_HT_bin1
>> Doing postfit: ch5,TTW_HT_bin2
>> Doing postfit: ch5,TTW_HT_bin3
>> Doing postfit: ch5,TTW_ooa
>> Doing postfit: ch5,TTZ
>> Doing postfit: ch5,VVV
>> Doing postfit: ch5,WZ
>> Doing postfit: ch5,ZZ
>> Doing postfit: ch5,data_fakes
>> Doing postfit: ch5,data_flips
>> Doing postfit: ch5,tHW
>> Doing postfit: ch5,tHq
>> Doing postfit: ch5,tZq
>> Doing postfit: ch5,ttH
>> Doing postfit: ch5,ttVV
>> Doing postfit: ch5,TotalBkg
>> Doing postfit: ch5,TotalSig
>> Doing postfit: ch5,TotalProcs
>> Doing postfit: ch6,Rares
>> Doing postfit: ch6,TTW_HT_bin0
>> Doing postfit: ch6,TTW_HT_bin1
>> Doing postfit: ch6,TTW_HT_bin2
>> Doing postfit: ch6,TTW_HT_bin3
>> Doing postfit: ch6,TTW_ooa
>> Doing postfit: ch6,TTZ
>> Doing postfit: ch6,VVV
>> Doing postfit: ch6,WZ
>> Doing postfit: ch6,ZZ
>> Doing postfit: ch6,data_fakes
>> Doing postfit: ch6,tHW
>> Doing postfit: ch6,tHq
>> Doing postfit: ch6,tZq
>> Doing postfit: ch6,ttH
>> Doing postfit: ch6,ttVV
>> Doing postfit: ch6,TotalBkg
>> Doing postfit: ch6,TotalSig
>> Doing postfit: ch6,TotalProcs
>> Doing postfit: ch7,Convs
>> Doing postfit: ch7,Rares
>> Doing postfit: ch7,TTW_HT_bin0
>> Doing postfit: ch7,TTW_HT_bin1
>> Doing postfit: ch7,TTW_HT_bin2
>> Doing postfit: ch7,TTW_HT_bin3
>> Doing postfit: ch7,TTW_ooa
>> Doing postfit: ch7,TTZ
>> Doing postfit: ch7,VVV
>> Doing postfit: ch7,WZ
>> Doing postfit: ch7,ZZ
>> Doing postfit: ch7,data_fakes
>> Doing postfit: ch7,data_flips
>> Doing postfit: ch7,tHW
>> Doing postfit: ch7,tHq
>> Doing postfit: ch7,tZq
>> Doing postfit: ch7,ttH
>> Doing postfit: ch7,ttVV
>> Doing postfit: ch7,TotalBkg
>> Doing postfit: ch7,TotalSig
>> Doing postfit: ch7,TotalProcs
>> Doing postfit: ch8,Convs
>> Doing postfit: ch8,Rares
>> Doing postfit: ch8,TTW_HT_bin0
>> Doing postfit: ch8,TTW_HT_bin1
>> Doing postfit: ch8,TTW_HT_bin2
>> Doing postfit: ch8,TTW_HT_bin3
>> Doing postfit: ch8,TTW_ooa
>> Doing postfit: ch8,TTZ
>> Doing postfit: ch8,VVV
>> Doing postfit: ch8,WZ
>> Doing postfit: ch8,ZZ
>> Doing postfit: ch8,data_fakes
>> Doing postfit: ch8,data_flips
>> Doing postfit: ch8,tHW
>> Doing postfit: ch8,tHq
>> Doing postfit: ch8,tZq
>> Doing postfit: ch8,ttH
>> Doing postfit: ch8,ttVV
>> Doing postfit: ch8,TotalBkg
>> Doing postfit: ch8,TotalSig
>> Doing postfit: ch8,TotalProcs
>> Doing postfit: ch9,Rares
>> Doing postfit: ch9,TTW_HT_bin0
>> Doing postfit: ch9,TTW_HT_bin1
>> Doing postfit: ch9,TTW_HT_bin2
>> Doing postfit: ch9,TTW_HT_bin3
>> Doing postfit: ch9,TTW_ooa
>> Doing postfit: ch9,TTZ
>> Doing postfit: ch9,VVV
>> Doing postfit: ch9,WZ
>> Doing postfit: ch9,ZZ
>> Doing postfit: ch9,data_fakes
>> Doing postfit: ch9,tHW
>> Doing postfit: ch9,tHq
>> Doing postfit: ch9,tZq
>> Doing postfit: ch9,ttH
>> Doing postfit: ch9,ttVV
>> Doing postfit: ch9,TotalBkg
>> Doing postfit: ch9,TotalSig
>> Doing postfit: ch9,TotalProcs

Bin                       Total relative bkg uncert. (postfit)
----------------------------------------------------------
ch1                       0.09489   
ch10                      0.09344   
ch11                      0.06476   
ch12                      0.07073   
ch2                       0.07714   
ch3                       0.08995   
ch4                       0.11618   
ch5                       0.08033   
ch6                       0.48672   
ch7                       0.09294   
ch8                       0.07717   
ch9                       0.09082   

Bin                       Process              Scale factor
----------------------------------------------------------
ch1                       Convs                0.94771   
ch1                       Rares                1.08880   
ch1                       TTW_HT_bin0          0.75856   
ch1                       TTW_HT_bin1          1.49125   
ch1                       TTW_HT_bin2          1.23402   
ch1                       TTW_HT_bin3          1.92229   
ch1                       TTW_ooa              1.08298   
ch1                       TTZ                  1.11207   
ch1                       VVV                  1.70674   
ch1                       WZ                   0.93281   
ch1                       ZZ                   1.27244   
ch1                       data_fakes           1.23472   
ch1                       data_flips           1.06268   
ch1                       tHW                  1.06720   
ch1                       tHq                  1.09439   
ch1                       tZq                  1.21215   
ch1                       ttH                  1.05114   
ch1                       ttVV                 1.07283   
ch10                      Convs                0.98545   
ch10                      Rares                1.07137   
ch10                      TTW_HT_bin0          0.76356   
ch10                      TTW_HT_bin1          1.49770   
ch10                      TTW_HT_bin2          1.20739   
ch10                      TTW_HT_bin3          1.99716   
ch10                      TTW_ooa              1.13233   
ch10                      TTZ                  1.09483   
ch10                      VVV                  1.55040   
ch10                      WZ                   0.95007   
ch10                      ZZ                   1.06907   
ch10                      data_fakes           1.36840   
ch10                      data_flips           1.06351   
ch10                      tHW                  1.04055   
ch10                      tHq                  1.05890   
ch10                      tZq                  1.13364   
ch10                      ttH                  1.04370   
ch10                      ttVV                 1.06179   
ch11                      Convs                0.90979   
ch11                      Rares                1.13020   
ch11                      TTW_HT_bin0          0.75580   
ch11                      TTW_HT_bin1          1.48155   
ch11                      TTW_HT_bin2          1.16121   
ch11                      TTW_HT_bin3          1.92735   
ch11                      TTW_ooa              1.02742   
ch11                      TTZ                  1.12054   
ch11                      VVV                  1.81397   
ch11                      WZ                   1.02518   
ch11                      ZZ                   1.27747   
ch11                      data_fakes           1.15737   
ch11                      data_flips           1.06382   
ch11                      tHW                  1.02135   
ch11                      tHq                  1.02597   
ch11                      tZq                  1.10667   
ch11                      ttH                  1.01976   
ch11                      ttVV                 1.03561   
ch12                      Rares                1.08920   
ch12                      TTW_HT_bin0          0.72550   
ch12                      TTW_HT_bin1          1.47180   
ch12                      TTW_HT_bin2          1.10407   
ch12                      TTW_HT_bin3          1.83903   
ch12                      TTW_ooa              0.99791   
ch12                      TTZ                  1.13764   
ch12                      VVV                  1.77287   
ch12                      WZ                   1.00103   
ch12                      ZZ                   1.30201   
ch12                      data_fakes           1.02648   
ch12                      tHW                  0.99411   
ch12                      tHq                  1.00633   
ch12                      tZq                  1.09675   
ch12                      ttH                  0.98199   
ch12                      ttVV                 1.00213   
ch2                       Convs                1.22482   
ch2                       Rares                1.12558   
ch2                       TTW_HT_bin0          0.74643   
ch2                       TTW_HT_bin1          1.47709   
ch2                       TTW_HT_bin2          1.15489   
ch2                       TTW_HT_bin3          1.88976   
ch2                       TTW_ooa              1.04810   
ch2                       TTZ                  1.05632   
ch2                       VVV                  1.76569   
ch2                       WZ                   0.95144   
ch2                       ZZ                   1.21032   
ch2                       data_fakes           1.18676   
ch2                       data_flips           1.06420   
ch2                       tHW                  1.01557   
ch2                       tHq                  1.03736   
ch2                       tZq                  1.19146   
ch2                       ttH                  1.00990   
ch2                       ttVV                 1.03740   
ch3                       Rares                1.25416   
ch3                       TTW_HT_bin0          0.72829   
ch3                       TTW_HT_bin1          1.40610   
ch3                       TTW_HT_bin2          1.14464   
ch3                       TTW_HT_bin3          1.91447   
ch3                       TTW_ooa              0.97572   
ch3                       TTZ                  1.11345   
ch3                       VVV                  1.75298   
ch3                       WZ                   0.89256   
ch3                       ZZ                   1.46499   
ch3                       data_fakes           1.03336   
ch3                       tHW                  0.99130   
ch3                       tHq                  0.99909   
ch3                       tZq                  0.96088   
ch3                       ttH                  0.96857   
ch3                       ttVV                 1.00498   
ch4                       Convs                0.99770   
ch4                       Rares                1.15664   
ch4                       TTW_HT_bin0          0.83306   
ch4                       TTW_HT_bin1          1.51678   
ch4                       TTW_HT_bin2          1.20183   
ch4                       TTW_HT_bin3          2.16129   
ch4                       TTW_ooa              1.22582   
ch4                       TTZ                  1.09231   
ch4                       VVV                  1.85481   
ch4                       WZ                   1.27712   
ch4                       ZZ                   2.29923   
ch4                       data_fakes           1.37446   
ch4                       data_flips           1.06318   
ch4                       tHW                  1.14004   
ch4                       tHq                  1.16138   
ch4                       tZq                  1.45581   
ch4                       ttH                  1.00391   
ch4                       ttVV                 1.08051   
ch5                       Convs                0.99035   
ch5                       Rares                1.17613   
ch5                       TTW_HT_bin0          0.77749   
ch5                       TTW_HT_bin1          1.50461   
ch5                       TTW_HT_bin2          1.19904   
ch5                       TTW_HT_bin3          1.98818   
ch5                       TTW_ooa              1.15536   
ch5                       TTZ                  1.10856   
ch5                       VVV                  2.27901   
ch5                       WZ                   1.20894   
ch5                       ZZ                   1.60561   
ch5                       data_fakes           1.13853   
ch5                       data_flips           1.06366   
ch5                       tHW                  1.10533   
ch5                       tHq                  1.08068   
ch5                       tZq                  1.23978   
ch5                       ttH                  1.01185   
ch5                       ttVV                 1.05287   
ch6                       Rares                1.14565   
ch6                       TTW_HT_bin0          0.75518   
ch6                       TTW_HT_bin1          1.48342   
ch6                       TTW_HT_bin2          1.14473   
ch6                       TTW_HT_bin3          1.82800   
ch6                       TTW_ooa              1.09392   
ch6                       TTZ                  1.19175   
ch6                       VVV                  162.22906 
ch6                       WZ                   1.11247   
ch6                       ZZ                   1.70792   
ch6                       data_fakes           1.04368   
ch6                       tHW                  1.03723   
ch6                       tHq                  1.06374   
ch6                       tZq                  1.10731   
ch6                       ttH                  1.05578   
ch6                       ttVV                 1.02108   
ch7                       Convs                0.85017   
ch7                       Rares                1.22063   
ch7                       TTW_HT_bin0          0.79446   
ch7                       TTW_HT_bin1          1.58384   
ch7                       TTW_HT_bin2          1.26919   
ch7                       TTW_HT_bin3          2.02814   
ch7                       TTW_ooa              1.11601   
ch7                       TTZ                  1.11659   
ch7                       VVV                  1.80922   
ch7                       WZ                   1.00221   
ch7                       ZZ                   1.17185   
ch7                       data_fakes           1.28109   
ch7                       data_flips           1.06362   
ch7                       tHW                  1.05748   
ch7                       tHq                  1.07174   
ch7                       tZq                  1.13220   
ch7                       ttH                  1.06379   
ch7                       ttVV                 1.08133   
ch8                       Convs                0.98108   
ch8                       Rares                1.17827   
ch8                       TTW_HT_bin0          0.76785   
ch8                       TTW_HT_bin1          1.50746   
ch8                       TTW_HT_bin2          1.16977   
ch8                       TTW_HT_bin3          1.97454   
ch8                       TTW_ooa              1.03996   
ch8                       TTZ                  1.18149   
ch8                       VVV                  1.81342   
ch8                       WZ                   0.99031   
ch8                       ZZ                   1.29890   
ch8                       data_fakes           1.13706   
ch8                       data_flips           1.06376   
ch8                       tHW                  1.03183   
ch8                       tHq                  1.05083   
ch8                       tZq                  1.08322   
ch8                       ttH                  1.02071   
ch8                       ttVV                 1.05323   
ch9                       Rares                1.08766   
ch9                       TTW_HT_bin0          0.72909   
ch9                       TTW_HT_bin1          1.48587   
ch9                       TTW_HT_bin2          1.15026   
ch9                       TTW_HT_bin3          1.91717   
ch9                       TTW_ooa              1.01869   
ch9                       TTZ                  1.16527   
ch9                       VVV                  1.73346   
ch9                       WZ                   0.94319   
ch9                       ZZ                   0.90516   
ch9                       data_fakes           1.00519   
ch9                       tHW                  1.00809   
ch9                       tHq                  1.01031   
ch9                       tZq                  1.12258   
ch9                       ttH                  1.01798   
ch9                       ttVV                 1.02655   
