/mnt_pool/c3_users/user/cvico/WorkSpace/ttw-differential/postfit-plots/counting/3l/pt3l
WARNING: the default behaviour of PostFitShapesFromWorkspace is to use the covariance matrix sampling method for the post-fit uncertainty. The option --sampling is deprecated and will be removed in future versions of CombineHarvester
[SetFlag] Changing value of flag "workspaces-use-clone" from 0 to 1
[#1] INFO:ObjectHandling -- RooWorkspace::import(w) importing dataset ch1
[#1] INFO:ObjectHandling -- RooWorkspace::import(w) importing dataset ch10
[#1] INFO:ObjectHandling -- RooWorkspace::import(w) importing dataset ch11
[#1] INFO:ObjectHandling -- RooWorkspace::import(w) importing dataset ch12
[#1] INFO:ObjectHandling -- RooWorkspace::import(w) importing dataset ch13
[#1] INFO:ObjectHandling -- RooWorkspace::import(w) importing dataset ch14
[#1] INFO:ObjectHandling -- RooWorkspace::import(w) importing dataset ch15
[#1] INFO:ObjectHandling -- RooWorkspace::import(w) importing dataset ch16
[#1] INFO:ObjectHandling -- RooWorkspace::import(w) importing dataset ch17
[#1] INFO:ObjectHandling -- RooWorkspace::import(w) importing dataset ch18
[#1] INFO:ObjectHandling -- RooWorkspace::import(w) importing dataset ch19
[#1] INFO:ObjectHandling -- RooWorkspace::import(w) importing dataset ch2
[#1] INFO:ObjectHandling -- RooWorkspace::import(w) importing dataset ch20
[#1] INFO:ObjectHandling -- RooWorkspace::import(w) importing dataset ch21
[#1] INFO:ObjectHandling -- RooWorkspace::import(w) importing dataset ch22
[#1] INFO:ObjectHandling -- RooWorkspace::import(w) importing dataset ch23
[#1] INFO:ObjectHandling -- RooWorkspace::import(w) importing dataset ch24
[#1] INFO:ObjectHandling -- RooWorkspace::import(w) importing dataset ch25
[#1] INFO:ObjectHandling -- RooWorkspace::import(w) importing dataset ch26
[#1] INFO:ObjectHandling -- RooWorkspace::import(w) importing dataset ch27
[#1] INFO:ObjectHandling -- RooWorkspace::import(w) importing dataset ch28
[#1] INFO:ObjectHandling -- RooWorkspace::import(w) importing dataset ch29
[#1] INFO:ObjectHandling -- RooWorkspace::import(w) importing dataset ch3
[#1] INFO:ObjectHandling -- RooWorkspace::import(w) importing dataset ch30
[#1] INFO:ObjectHandling -- RooWorkspace::import(w) importing dataset ch31
[#1] INFO:ObjectHandling -- RooWorkspace::import(w) importing dataset ch32
[#1] INFO:ObjectHandling -- RooWorkspace::import(w) importing dataset ch33
[#1] INFO:ObjectHandling -- RooWorkspace::import(w) importing dataset ch34
[#1] INFO:ObjectHandling -- RooWorkspace::import(w) importing dataset ch35
[#1] INFO:ObjectHandling -- RooWorkspace::import(w) importing dataset ch36
[#1] INFO:ObjectHandling -- RooWorkspace::import(w) importing dataset ch4
[#1] INFO:ObjectHandling -- RooWorkspace::import(w) importing dataset ch5
[#1] INFO:ObjectHandling -- RooWorkspace::import(w) importing dataset ch6
[#1] INFO:ObjectHandling -- RooWorkspace::import(w) importing dataset ch7
[#1] INFO:ObjectHandling -- RooWorkspace::import(w) importing dataset ch8
[#1] INFO:ObjectHandling -- RooWorkspace::import(w) importing dataset ch9
[SetFlag] Changing value of flag "workspaces-use-clone" from 0 to 1
>> Doing prefit: TotalBkg
>> Doing prefit: TotalSig
>> Doing prefit: TotalProcs
Info in <TH1F::Add>: Attempt to add histograms with different number of bins - trying to use TH1::Merge
Error in <Merge>: Cannot merge histograms - limits are inconsistent:
 first: x_data_obs (8, 0.000000, 800.000000), second: x_data_obs (12, 0.500000, 12.500000)
Info in <TH1F::Add>: Attempt to add histograms with different number of bins - trying to use TH1::Merge
Error in <Merge>: Cannot merge histograms - limits are inconsistent:
 first: x_data_obs (8, 0.000000, 800.000000), second: x_data_obs (12, 0.500000, 12.500000)
Info in <TH1F::Add>: Attempt to add histograms with different number of bins - trying to use TH1::Merge
Error in <Merge>: Cannot merge histograms - limits are inconsistent:
 first: x_data_obs (8, 0.000000, 800.000000), second: x_data_obs (12, 0.500000, 12.500000)
Info in <TH1F::Add>: Attempt to add histograms with different number of bins - trying to use TH1::Merge
Error in <Merge>: Cannot merge histograms - limits are inconsistent:
 first: x_data_obs (8, 0.000000, 800.000000), second: x_data_obs (12, 0.500000, 12.500000)
Info in <TH1F::Add>: Attempt to add histograms with different number of bins - trying to use TH1::Merge
Error in <Merge>: Cannot merge histograms - limits are inconsistent:
 first: x_data_obs (8, 0.000000, 800.000000), second: x_data_obs (12, 0.500000, 12.500000)
Info in <TH1F::Add>: Attempt to add histograms with different number of bins - trying to use TH1::Merge
Error in <Merge>: Cannot merge histograms - limits are inconsistent:
 first: x_data_obs (8, 0.000000, 800.000000), second: x_data_obs (12, 0.500000, 12.500000)
Info in <TH1F::Add>: Attempt to add histograms with different number of bins - trying to use TH1::Merge
Error in <Merge>: Cannot merge histograms - limits are inconsistent:
 first: x_data_obs (8, 0.000000, 800.000000), second: x_data_obs (12, 0.500000, 12.500000)
Info in <TH1F::Add>: Attempt to add histograms with different number of bins - trying to use TH1::Merge
Error in <Merge>: Cannot merge histograms - limits are inconsistent:
 first: x_data_obs (8, 0.000000, 800.000000), second: x_data_obs (12, 0.500000, 12.500000)
Info in <TH1F::Add>: Attempt to add histograms with different number of bins - trying to use TH1::Merge
Error in <Merge>: Cannot merge histograms - limits are inconsistent:
 first: x_data_obs (8, 0.000000, 800.000000), second: x_data_obs (12, 0.500000, 12.500000)
Info in <TH1F::Add>: Attempt to add histograms with different number of bins - trying to use TH1::Merge
Error in <Merge>: Cannot merge histograms - limits are inconsistent:
 first: x_data_obs (8, 0.000000, 800.000000), second: x_data_obs (12, 0.500000, 12.500000)
Info in <TH1F::Add>: Attempt to add histograms with different number of bins - trying to use TH1::Merge
Error in <Merge>: Cannot merge histograms - limits are inconsistent:
 first: x_data_obs (8, 0.000000, 800.000000), second: x_data_obs (12, 0.500000, 12.500000)
Info in <TH1F::Add>: Attempt to add histograms with different number of bins - trying to use TH1::Merge
Error in <Merge>: Cannot merge histograms - limits are inconsistent:
 first: x_data_obs (8, 0.000000, 800.000000), second: x_data_obs (12, 0.500000, 12.500000)
Info in <TH1F::Add>: Attempt to add histograms with different number of bins - trying to use TH1::Merge
Error in <Merge>: Cannot merge histograms - limits are inconsistent:
 first: x_data_obs (8, 0.000000, 800.000000), second: x_data_obs (12, 0.500000, 12.500000)
Info in <TH1F::Add>: Attempt to add histograms with different number of bins - trying to use TH1::Merge
Error in <Merge>: Cannot merge histograms - limits are inconsistent:
 first: x_data_obs (8, 0.000000, 800.000000), second: x_data_obs (12, 0.500000, 12.500000)
Info in <TH1F::Add>: Attempt to add histograms with different number of bins - trying to use TH1::Merge
Error in <Merge>: Cannot merge histograms - limits are inconsistent:
 first: x_data_obs (8, 0.000000, 800.000000), second: x_data_obs (12, 0.500000, 12.500000)
Info in <TH1F::Add>: Attempt to add histograms with different number of bins - trying to use TH1::Merge
Error in <Merge>: Cannot merge histograms - limits are inconsistent:
 first: x_data_obs (8, 0.000000, 800.000000), second: x_data_obs (12, 0.500000, 12.500000)
Info in <TH1F::Add>: Attempt to add histograms with different number of bins - trying to use TH1::Merge
Error in <Merge>: Cannot merge histograms - limits are inconsistent:
 first: x_data_obs (8, 0.000000, 800.000000), second: x_data_obs (4, 0.500000, 4.500000)
Info in <TH1F::Add>: Attempt to add histograms with different number of bins - trying to use TH1::Merge
Error in <Merge>: Cannot merge histograms - limits are inconsistent:
 first: x_data_obs (8, 0.000000, 800.000000), second: x_data_obs (4, 0.500000, 4.500000)
Info in <TH1F::Add>: Attempt to add histograms with different number of bins - trying to use TH1::Merge
Error in <Merge>: Cannot merge histograms - limits are inconsistent:
 first: x_data_obs (8, 0.000000, 800.000000), second: x_data_obs (4, 0.500000, 4.500000)
Info in <TH1F::Add>: Attempt to add histograms with different number of bins - trying to use TH1::Merge
Error in <Merge>: Cannot merge histograms - limits are inconsistent:
 first: x_data_obs (8, 0.000000, 800.000000), second: x_data_obs (4, 0.500000, 4.500000)
>> Doing prefit: ch1,Convs
>> Doing prefit: ch1,Rares
>> Doing prefit: ch1,TTW_ooa
>> Doing prefit: ch1,TTW_pt3l_bin0
>> Doing prefit: ch1,TTW_pt3l_bin1
>> Doing prefit: ch1,TTW_pt3l_bin2
>> Doing prefit: ch1,TTW_pt3l_bin3
>> Doing prefit: ch1,TTZ
>> Doing prefit: ch1,WZ
>> Doing prefit: ch1,ZZ
>> Doing prefit: ch1,data_fakes
>> Doing prefit: ch1,tHW
>> Doing prefit: ch1,tHq
>> Doing prefit: ch1,tZq
>> Doing prefit: ch1,ttH
>> Doing prefit: ch1,ttVV
>> Doing prefit: ch1,TotalBkg
>> Doing prefit: ch1,TotalSig
>> Doing prefit: ch1,TotalProcs
>> Doing prefit: ch10,Convs
>> Doing prefit: ch10,Rares
>> Doing prefit: ch10,TTW_ooa
>> Doing prefit: ch10,TTW_pt3l_bin0
>> Doing prefit: ch10,TTW_pt3l_bin1
>> Doing prefit: ch10,TTW_pt3l_bin2
>> Doing prefit: ch10,TTW_pt3l_bin3
>> Doing prefit: ch10,TTZ
>> Doing prefit: ch10,VVV
>> Doing prefit: ch10,WZ
>> Doing prefit: ch10,ZZ
>> Doing prefit: ch10,data_fakes
>> Doing prefit: ch10,tHW
>> Doing prefit: ch10,tHq
>> Doing prefit: ch10,tZq
>> Doing prefit: ch10,ttH
>> Doing prefit: ch10,ttVV
>> Doing prefit: ch10,TotalBkg
>> Doing prefit: ch10,TotalSig
>> Doing prefit: ch10,TotalProcs
>> Doing prefit: ch11,Rares
>> Doing prefit: ch11,TTW_ooa
>> Doing prefit: ch11,TTW_pt3l_bin0
>> Doing prefit: ch11,TTW_pt3l_bin1
>> Doing prefit: ch11,TTW_pt3l_bin2
>> Doing prefit: ch11,TTW_pt3l_bin3
>> Doing prefit: ch11,TTZ
>> Doing prefit: ch11,VVV
>> Doing prefit: ch11,WZ
>> Doing prefit: ch11,ZZ
>> Doing prefit: ch11,data_fakes
>> Doing prefit: ch11,tHW
>> Doing prefit: ch11,tHq
>> Doing prefit: ch11,tZq
>> Doing prefit: ch11,ttH
>> Doing prefit: ch11,ttVV
>> Doing prefit: ch11,TotalBkg
>> Doing prefit: ch11,TotalSig
>> Doing prefit: ch11,TotalProcs
>> Doing prefit: ch12,Convs
>> Doing prefit: ch12,Rares
>> Doing prefit: ch12,TTW_ooa
>> Doing prefit: ch12,TTW_pt3l_bin0
>> Doing prefit: ch12,TTW_pt3l_bin1
>> Doing prefit: ch12,TTW_pt3l_bin2
>> Doing prefit: ch12,TTW_pt3l_bin3
>> Doing prefit: ch12,TTZ
>> Doing prefit: ch12,VVV
>> Doing prefit: ch12,WZ
>> Doing prefit: ch12,ZZ
>> Doing prefit: ch12,data_fakes
>> Doing prefit: ch12,tHW
>> Doing prefit: ch12,tHq
>> Doing prefit: ch12,tZq
>> Doing prefit: ch12,ttH
>> Doing prefit: ch12,ttVV
>> Doing prefit: ch12,TotalBkg
>> Doing prefit: ch12,TotalSig
>> Doing prefit: ch12,TotalProcs
>> Doing prefit: ch13,Rares
>> Doing prefit: ch13,TTW_ooa
>> Doing prefit: ch13,TTW_pt3l_bin0
>> Doing prefit: ch13,TTW_pt3l_bin1
>> Doing prefit: ch13,TTW_pt3l_bin2
>> Doing prefit: ch13,TTW_pt3l_bin3
>> Doing prefit: ch13,TTZ
>> Doing prefit: ch13,VVV
>> Doing prefit: ch13,WZ
>> Doing prefit: ch13,ZZ
>> Doing prefit: ch13,data_fakes
>> Doing prefit: ch13,tHW
>> Doing prefit: ch13,tHq
>> Doing prefit: ch13,tZq
>> Doing prefit: ch13,ttH
>> Doing prefit: ch13,ttVV
>> Doing prefit: ch13,TotalBkg
>> Doing prefit: ch13,TotalSig
>> Doing prefit: ch13,TotalProcs
>> Doing prefit: ch14,Convs
>> Doing prefit: ch14,Rares
>> Doing prefit: ch14,TTW_ooa
>> Doing prefit: ch14,TTW_pt3l_bin0
>> Doing prefit: ch14,TTW_pt3l_bin1
>> Doing prefit: ch14,TTW_pt3l_bin2
>> Doing prefit: ch14,TTW_pt3l_bin3
>> Doing prefit: ch14,TTZ
>> Doing prefit: ch14,VVV
>> Doing prefit: ch14,WZ
>> Doing prefit: ch14,ZZ
>> Doing prefit: ch14,data_fakes
>> Doing prefit: ch14,tHW
>> Doing prefit: ch14,tHq
>> Doing prefit: ch14,tZq
>> Doing prefit: ch14,ttH
>> Doing prefit: ch14,ttVV
>> Doing prefit: ch14,TotalBkg
>> Doing prefit: ch14,TotalSig
>> Doing prefit: ch14,TotalProcs
>> Doing prefit: ch15,Convs
>> Doing prefit: ch15,Rares
>> Doing prefit: ch15,TTW_ooa
>> Doing prefit: ch15,TTW_pt3l_bin0
>> Doing prefit: ch15,TTW_pt3l_bin1
>> Doing prefit: ch15,TTW_pt3l_bin2
>> Doing prefit: ch15,TTW_pt3l_bin3
>> Doing prefit: ch15,TTZ
>> Doing prefit: ch15,VVV
>> Doing prefit: ch15,WZ
>> Doing prefit: ch15,ZZ
>> Doing prefit: ch15,data_fakes
>> Doing prefit: ch15,tHW
>> Doing prefit: ch15,tHq
>> Doing prefit: ch15,tZq
>> Doing prefit: ch15,ttH
>> Doing prefit: ch15,ttVV
>> Doing prefit: ch15,TotalBkg
>> Doing prefit: ch15,TotalSig
>> Doing prefit: ch15,TotalProcs
>> Doing prefit: ch16,Convs
>> Doing prefit: ch16,Rares
>> Doing prefit: ch16,TTW_ooa
>> Doing prefit: ch16,TTW_pt3l_bin0
>> Doing prefit: ch16,TTW_pt3l_bin1
>> Doing prefit: ch16,TTW_pt3l_bin2
>> Doing prefit: ch16,TTW_pt3l_bin3
>> Doing prefit: ch16,TTZ
>> Doing prefit: ch16,VVV
>> Doing prefit: ch16,WZ
>> Doing prefit: ch16,ZZ
>> Doing prefit: ch16,data_fakes
>> Doing prefit: ch16,tHW
>> Doing prefit: ch16,tHq
>> Doing prefit: ch16,tZq
>> Doing prefit: ch16,ttH
>> Doing prefit: ch16,ttVV
>> Doing prefit: ch16,TotalBkg
>> Doing prefit: ch16,TotalSig
>> Doing prefit: ch16,TotalProcs
>> Doing prefit: ch17,Convs
>> Doing prefit: ch17,Rares
>> Doing prefit: ch17,TTW_inclusive
>> Doing prefit: ch17,TTZ
>> Doing prefit: ch17,VVV
>> Doing prefit: ch17,WZ
>> Doing prefit: ch17,ZZ
>> Doing prefit: ch17,data_fakes
>> Doing prefit: ch17,tHq
>> Doing prefit: ch17,tZq
>> Doing prefit: ch17,ttH
>> Doing prefit: ch17,ttVV
>> Doing prefit: ch17,TotalBkg
>> Doing prefit: ch17,TotalSig
>> Doing prefit: ch17,TotalProcs
>> Doing prefit: ch18,Rares
>> Doing prefit: ch18,TTW_inclusive
>> Doing prefit: ch18,TTZ
>> Doing prefit: ch18,VVV
>> Doing prefit: ch18,WZ
>> Doing prefit: ch18,ZZ
>> Doing prefit: ch18,data_fakes
>> Doing prefit: ch18,tHW
>> Doing prefit: ch18,tHq
>> Doing prefit: ch18,tZq
>> Doing prefit: ch18,ttH
>> Doing prefit: ch18,ttVV
>> Doing prefit: ch18,TotalBkg
>> Doing prefit: ch18,TotalSig
>> Doing prefit: ch18,TotalProcs
>> Doing prefit: ch19,Convs
>> Doing prefit: ch19,Rares
>> Doing prefit: ch19,TTW_inclusive
>> Doing prefit: ch19,TTZ
>> Doing prefit: ch19,VVV
>> Doing prefit: ch19,WZ
>> Doing prefit: ch19,ZZ
>> Doing prefit: ch19,data_fakes
>> Doing prefit: ch19,tHW
>> Doing prefit: ch19,tHq
>> Doing prefit: ch19,tZq
>> Doing prefit: ch19,ttH
>> Doing prefit: ch19,ttVV
>> Doing prefit: ch19,TotalBkg
>> Doing prefit: ch19,TotalSig
>> Doing prefit: ch19,TotalProcs
>> Doing prefit: ch2,Rares
>> Doing prefit: ch2,TTW_ooa
>> Doing prefit: ch2,TTW_pt3l_bin0
>> Doing prefit: ch2,TTW_pt3l_bin1
>> Doing prefit: ch2,TTW_pt3l_bin2
>> Doing prefit: ch2,TTW_pt3l_bin3
>> Doing prefit: ch2,TTZ
>> Doing prefit: ch2,VVV
>> Doing prefit: ch2,WZ
>> Doing prefit: ch2,ZZ
>> Doing prefit: ch2,data_fakes
>> Doing prefit: ch2,tHW
>> Doing prefit: ch2,tHq
>> Doing prefit: ch2,tZq
>> Doing prefit: ch2,ttH
>> Doing prefit: ch2,ttVV
>> Doing prefit: ch2,TotalBkg
>> Doing prefit: ch2,TotalSig
>> Doing prefit: ch2,TotalProcs
>> Doing prefit: ch20,Rares
>> Doing prefit: ch20,TTW_inclusive
>> Doing prefit: ch20,TTZ
>> Doing prefit: ch20,VVV
>> Doing prefit: ch20,WZ
>> Doing prefit: ch20,ZZ
>> Doing prefit: ch20,data_fakes
>> Doing prefit: ch20,tHW
>> Doing prefit: ch20,tHq
>> Doing prefit: ch20,tZq
>> Doing prefit: ch20,ttH
>> Doing prefit: ch20,ttVV
>> Doing prefit: ch20,TotalBkg
>> Doing prefit: ch20,TotalSig
>> Doing prefit: ch20,TotalProcs
>> Doing prefit: ch21,Convs
>> Doing prefit: ch21,Rares
>> Doing prefit: ch21,TTW_inclusive
>> Doing prefit: ch21,TTZ
>> Doing prefit: ch21,VVV
>> Doing prefit: ch21,WZ
>> Doing prefit: ch21,ZZ
>> Doing prefit: ch21,data_fakes
>> Doing prefit: ch21,tHq
>> Doing prefit: ch21,tZq
>> Doing prefit: ch21,ttH
>> Doing prefit: ch21,ttVV
>> Doing prefit: ch21,TotalBkg
>> Doing prefit: ch21,TotalSig
>> Doing prefit: ch21,TotalProcs
>> Doing prefit: ch22,Convs
>> Doing prefit: ch22,Rares
>> Doing prefit: ch22,TTW_inclusive
>> Doing prefit: ch22,TTZ
>> Doing prefit: ch22,VVV
>> Doing prefit: ch22,WZ
>> Doing prefit: ch22,ZZ
>> Doing prefit: ch22,data_fakes
>> Doing prefit: ch22,tHW
>> Doing prefit: ch22,tHq
>> Doing prefit: ch22,tZq
>> Doing prefit: ch22,ttH
>> Doing prefit: ch22,ttVV
>> Doing prefit: ch22,TotalBkg
>> Doing prefit: ch22,TotalSig
>> Doing prefit: ch22,TotalProcs
>> Doing prefit: ch23,Convs
>> Doing prefit: ch23,Rares
>> Doing prefit: ch23,TTW_inclusive
>> Doing prefit: ch23,TTZ
>> Doing prefit: ch23,VVV
>> Doing prefit: ch23,WZ
>> Doing prefit: ch23,ZZ
>> Doing prefit: ch23,data_fakes
>> Doing prefit: ch23,tHW
>> Doing prefit: ch23,tHq
>> Doing prefit: ch23,tZq
>> Doing prefit: ch23,ttH
>> Doing prefit: ch23,ttVV
>> Doing prefit: ch23,TotalBkg
>> Doing prefit: ch23,TotalSig
>> Doing prefit: ch23,TotalProcs
>> Doing prefit: ch24,Rares
>> Doing prefit: ch24,TTW_inclusive
>> Doing prefit: ch24,TTZ
>> Doing prefit: ch24,VVV
>> Doing prefit: ch24,WZ
>> Doing prefit: ch24,ZZ
>> Doing prefit: ch24,data_fakes
>> Doing prefit: ch24,tHW
>> Doing prefit: ch24,tHq
>> Doing prefit: ch24,tZq
>> Doing prefit: ch24,ttH
>> Doing prefit: ch24,ttVV
>> Doing prefit: ch24,TotalBkg
>> Doing prefit: ch24,TotalSig
>> Doing prefit: ch24,TotalProcs
>> Doing prefit: ch25,Convs
>> Doing prefit: ch25,Rares
>> Doing prefit: ch25,TTW_inclusive
>> Doing prefit: ch25,TTZ
>> Doing prefit: ch25,VVV
>> Doing prefit: ch25,WZ
>> Doing prefit: ch25,ZZ
>> Doing prefit: ch25,data_fakes
>> Doing prefit: ch25,tHW
>> Doing prefit: ch25,tHq
>> Doing prefit: ch25,tZq
>> Doing prefit: ch25,ttH
>> Doing prefit: ch25,ttVV
>> Doing prefit: ch25,TotalBkg
>> Doing prefit: ch25,TotalSig
>> Doing prefit: ch25,TotalProcs
>> Doing prefit: ch26,Convs
>> Doing prefit: ch26,Rares
>> Doing prefit: ch26,TTW_inclusive
>> Doing prefit: ch26,TTZ
>> Doing prefit: ch26,VVV
>> Doing prefit: ch26,WZ
>> Doing prefit: ch26,ZZ
>> Doing prefit: ch26,data_fakes
>> Doing prefit: ch26,tHW
>> Doing prefit: ch26,tHq
>> Doing prefit: ch26,tZq
>> Doing prefit: ch26,ttH
>> Doing prefit: ch26,ttVV
>> Doing prefit: ch26,TotalBkg
>> Doing prefit: ch26,TotalSig
>> Doing prefit: ch26,TotalProcs
>> Doing prefit: ch27,Convs
>> Doing prefit: ch27,Rares
>> Doing prefit: ch27,TTW_inclusive
>> Doing prefit: ch27,TTZ
>> Doing prefit: ch27,VVV
>> Doing prefit: ch27,WZ
>> Doing prefit: ch27,ZZ
>> Doing prefit: ch27,data_fakes
>> Doing prefit: ch27,tHW
>> Doing prefit: ch27,tHq
>> Doing prefit: ch27,tZq
>> Doing prefit: ch27,ttH
>> Doing prefit: ch27,ttVV
>> Doing prefit: ch27,TotalBkg
>> Doing prefit: ch27,TotalSig
>> Doing prefit: ch27,TotalProcs
>> Doing prefit: ch28,Rares
>> Doing prefit: ch28,TTW_inclusive
>> Doing prefit: ch28,TTZ
>> Doing prefit: ch28,VVV
>> Doing prefit: ch28,WZ
>> Doing prefit: ch28,ZZ
>> Doing prefit: ch28,data_fakes
>> Doing prefit: ch28,tHW
>> Doing prefit: ch28,tHq
>> Doing prefit: ch28,tZq
>> Doing prefit: ch28,ttH
>> Doing prefit: ch28,ttVV
>> Doing prefit: ch28,TotalBkg
>> Doing prefit: ch28,TotalSig
>> Doing prefit: ch28,TotalProcs
>> Doing prefit: ch29,Convs
>> Doing prefit: ch29,Rares
>> Doing prefit: ch29,TTW_inclusive
>> Doing prefit: ch29,TTZ
>> Doing prefit: ch29,VVV
>> Doing prefit: ch29,WZ
>> Doing prefit: ch29,ZZ
>> Doing prefit: ch29,data_fakes
>> Doing prefit: ch29,tHW
>> Doing prefit: ch29,tHq
>> Doing prefit: ch29,tZq
>> Doing prefit: ch29,ttH
>> Doing prefit: ch29,ttVV
>> Doing prefit: ch29,TotalBkg
>> Doing prefit: ch29,TotalSig
>> Doing prefit: ch29,TotalProcs
>> Doing prefit: ch3,Convs
>> Doing prefit: ch3,Rares
>> Doing prefit: ch3,TTW_ooa
>> Doing prefit: ch3,TTW_pt3l_bin0
>> Doing prefit: ch3,TTW_pt3l_bin1
>> Doing prefit: ch3,TTW_pt3l_bin2
>> Doing prefit: ch3,TTW_pt3l_bin3
>> Doing prefit: ch3,TTZ
>> Doing prefit: ch3,VVV
>> Doing prefit: ch3,WZ
>> Doing prefit: ch3,ZZ
>> Doing prefit: ch3,data_fakes
>> Doing prefit: ch3,tHW
>> Doing prefit: ch3,tHq
>> Doing prefit: ch3,tZq
>> Doing prefit: ch3,ttH
>> Doing prefit: ch3,ttVV
>> Doing prefit: ch3,TotalBkg
>> Doing prefit: ch3,TotalSig
>> Doing prefit: ch3,TotalProcs
>> Doing prefit: ch30,Convs
>> Doing prefit: ch30,Rares
>> Doing prefit: ch30,TTW_inclusive
>> Doing prefit: ch30,TTZ
>> Doing prefit: ch30,VVV
>> Doing prefit: ch30,WZ
>> Doing prefit: ch30,ZZ
>> Doing prefit: ch30,data_fakes
>> Doing prefit: ch30,tHW
>> Doing prefit: ch30,tHq
>> Doing prefit: ch30,tZq
>> Doing prefit: ch30,ttH
>> Doing prefit: ch30,ttVV
>> Doing prefit: ch30,TotalBkg
>> Doing prefit: ch30,TotalSig
>> Doing prefit: ch30,TotalProcs
>> Doing prefit: ch31,Convs
>> Doing prefit: ch31,Rares
>> Doing prefit: ch31,TTW_inclusive
>> Doing prefit: ch31,TTZ
>> Doing prefit: ch31,VVV
>> Doing prefit: ch31,WZ
>> Doing prefit: ch31,ZZ
>> Doing prefit: ch31,data_fakes
>> Doing prefit: ch31,tHW
>> Doing prefit: ch31,tHq
>> Doing prefit: ch31,tZq
>> Doing prefit: ch31,ttH
>> Doing prefit: ch31,ttVV
>> Doing prefit: ch31,TotalBkg
>> Doing prefit: ch31,TotalSig
>> Doing prefit: ch31,TotalProcs
>> Doing prefit: ch32,Rares
>> Doing prefit: ch32,TTW_inclusive
>> Doing prefit: ch32,TTZ
>> Doing prefit: ch32,VVV
>> Doing prefit: ch32,WZ
>> Doing prefit: ch32,ZZ
>> Doing prefit: ch32,data_fakes
>> Doing prefit: ch32,tHW
>> Doing prefit: ch32,tHq
>> Doing prefit: ch32,tZq
>> Doing prefit: ch32,ttH
>> Doing prefit: ch32,ttVV
>> Doing prefit: ch32,TotalBkg
>> Doing prefit: ch32,TotalSig
>> Doing prefit: ch32,TotalProcs
>> Doing prefit: ch33,MC_fakes
>> Doing prefit: ch33,Rares
>> Doing prefit: ch33,TTZ
>> Doing prefit: ch33,WZ
>> Doing prefit: ch33,ZZ
>> Doing prefit: ch33,ttH
>> Doing prefit: ch33,TotalBkg
>> Doing prefit: ch33,TotalSig
>> Doing prefit: ch33,TotalProcs
>> Doing prefit: ch34,Convs
>> Doing prefit: ch34,MC_fakes
>> Doing prefit: ch34,Rares
>> Doing prefit: ch34,TTZ
>> Doing prefit: ch34,WZ
>> Doing prefit: ch34,ZZ
>> Doing prefit: ch34,ttH
>> Doing prefit: ch34,TotalBkg
>> Doing prefit: ch34,TotalSig
>> Doing prefit: ch34,TotalProcs
>> Doing prefit: ch35,Convs
>> Doing prefit: ch35,MC_fakes
>> Doing prefit: ch35,Rares
>> Doing prefit: ch35,TTWW
>> Doing prefit: ch35,TTZ
>> Doing prefit: ch35,WZ
>> Doing prefit: ch35,ZZ
>> Doing prefit: ch35,ttH
>> Doing prefit: ch35,TotalBkg
>> Doing prefit: ch35,TotalSig
>> Doing prefit: ch35,TotalProcs
>> Doing prefit: ch36,Convs
>> Doing prefit: ch36,MC_fakes
>> Doing prefit: ch36,Rares
>> Doing prefit: ch36,TTWW
>> Doing prefit: ch36,TTZ
>> Doing prefit: ch36,WZ
>> Doing prefit: ch36,ZZ
>> Doing prefit: ch36,tHW
>> Doing prefit: ch36,ttH
>> Doing prefit: ch36,TotalBkg
>> Doing prefit: ch36,TotalSig
>> Doing prefit: ch36,TotalProcs
>> Doing prefit: ch4,Rares
>> Doing prefit: ch4,TTW_ooa
>> Doing prefit: ch4,TTW_pt3l_bin0
>> Doing prefit: ch4,TTW_pt3l_bin1
>> Doing prefit: ch4,TTW_pt3l_bin2
>> Doing prefit: ch4,TTW_pt3l_bin3
>> Doing prefit: ch4,TTZ
>> Doing prefit: ch4,VVV
>> Doing prefit: ch4,WZ
>> Doing prefit: ch4,ZZ
>> Doing prefit: ch4,data_fakes
>> Doing prefit: ch4,tHW
>> Doing prefit: ch4,tHq
>> Doing prefit: ch4,tZq
>> Doing prefit: ch4,ttH
>> Doing prefit: ch4,ttVV
>> Doing prefit: ch4,TotalBkg
>> Doing prefit: ch4,TotalSig
>> Doing prefit: ch4,TotalProcs
>> Doing prefit: ch5,Convs
>> Doing prefit: ch5,Rares
>> Doing prefit: ch5,TTW_ooa
>> Doing prefit: ch5,TTW_pt3l_bin0
>> Doing prefit: ch5,TTW_pt3l_bin1
>> Doing prefit: ch5,TTW_pt3l_bin2
>> Doing prefit: ch5,TTW_pt3l_bin3
>> Doing prefit: ch5,TTZ
>> Doing prefit: ch5,WZ
>> Doing prefit: ch5,ZZ
>> Doing prefit: ch5,data_fakes
>> Doing prefit: ch5,tZq
>> Doing prefit: ch5,ttH
>> Doing prefit: ch5,ttVV
>> Doing prefit: ch5,TotalBkg
>> Doing prefit: ch5,TotalSig
>> Doing prefit: ch5,TotalProcs
>> Doing prefit: ch6,Convs
>> Doing prefit: ch6,Rares
>> Doing prefit: ch6,TTW_ooa
>> Doing prefit: ch6,TTW_pt3l_bin0
>> Doing prefit: ch6,TTW_pt3l_bin1
>> Doing prefit: ch6,TTW_pt3l_bin2
>> Doing prefit: ch6,TTW_pt3l_bin3
>> Doing prefit: ch6,TTZ
>> Doing prefit: ch6,WZ
>> Doing prefit: ch6,ZZ
>> Doing prefit: ch6,data_fakes
>> Doing prefit: ch6,tZq
>> Doing prefit: ch6,ttH
>> Doing prefit: ch6,ttVV
>> Doing prefit: ch6,TotalBkg
>> Doing prefit: ch6,TotalSig
>> Doing prefit: ch6,TotalProcs
>> Doing prefit: ch7,Convs
>> Doing prefit: ch7,Rares
>> Doing prefit: ch7,TTW_ooa
>> Doing prefit: ch7,TTW_pt3l_bin0
>> Doing prefit: ch7,TTW_pt3l_bin1
>> Doing prefit: ch7,TTW_pt3l_bin2
>> Doing prefit: ch7,TTW_pt3l_bin3
>> Doing prefit: ch7,TTZ
>> Doing prefit: ch7,VVV
>> Doing prefit: ch7,WZ
>> Doing prefit: ch7,ZZ
>> Doing prefit: ch7,data_fakes
>> Doing prefit: ch7,tHW
>> Doing prefit: ch7,tHq
>> Doing prefit: ch7,tZq
>> Doing prefit: ch7,ttH
>> Doing prefit: ch7,ttVV
>> Doing prefit: ch7,TotalBkg
>> Doing prefit: ch7,TotalSig
>> Doing prefit: ch7,TotalProcs
>> Doing prefit: ch8,Convs
>> Doing prefit: ch8,Rares
>> Doing prefit: ch8,TTW_ooa
>> Doing prefit: ch8,TTW_pt3l_bin0
>> Doing prefit: ch8,TTW_pt3l_bin1
>> Doing prefit: ch8,TTW_pt3l_bin2
>> Doing prefit: ch8,TTW_pt3l_bin3
>> Doing prefit: ch8,TTZ
>> Doing prefit: ch8,VVV
>> Doing prefit: ch8,WZ
>> Doing prefit: ch8,ZZ
>> Doing prefit: ch8,data_fakes
>> Doing prefit: ch8,tHW
>> Doing prefit: ch8,tHq
>> Doing prefit: ch8,tZq
>> Doing prefit: ch8,ttH
>> Doing prefit: ch8,ttVV
>> Doing prefit: ch8,TotalBkg
>> Doing prefit: ch8,TotalSig
>> Doing prefit: ch8,TotalProcs
>> Doing prefit: ch9,Convs
>> Doing prefit: ch9,Rares
>> Doing prefit: ch9,TTW_ooa
>> Doing prefit: ch9,TTW_pt3l_bin0
>> Doing prefit: ch9,TTW_pt3l_bin1
>> Doing prefit: ch9,TTW_pt3l_bin2
>> Doing prefit: ch9,TTW_pt3l_bin3
>> Doing prefit: ch9,TTZ
>> Doing prefit: ch9,VVV
>> Doing prefit: ch9,WZ
>> Doing prefit: ch9,ZZ
>> Doing prefit: ch9,data_fakes
>> Doing prefit: ch9,tHW
>> Doing prefit: ch9,tHq
>> Doing prefit: ch9,tZq
>> Doing prefit: ch9,ttH
>> Doing prefit: ch9,ttVV
>> Doing prefit: ch9,TotalBkg
>> Doing prefit: ch9,TotalSig
>> Doing prefit: ch9,TotalProcs
Bin                       Total relative bkg uncert. (prefit)
----------------------------------------------------------
ch1                       0.13546   
ch10                      0.12730   
ch11                      0.12713   
ch12                      0.13520   
ch13                      0.11623   
ch14                      0.11181   
ch15                      0.11092   
ch16                      0.14100   
ch17                      0.17141   
ch18                      0.15950   
ch19                      0.15218   
ch2                       0.13149   
ch20                      0.15210   
ch21                      0.16433   
ch22                      0.15370   
ch23                      0.14967   
ch24                      0.14932   
ch25                      0.16386   
ch26                      0.15532   
ch27                      0.15306   
ch28                      0.15213   
ch29                      0.16964   
ch3                       0.10105   
ch30                      0.15828   
ch31                      0.15478   
ch32                      0.15291   
ch33                      0.11007   
ch34                      0.11217   
ch35                      0.11281   
ch36                      0.11255   
ch4                       0.11862   
ch5                       0.17314   
ch6                       0.16263   
ch7                       0.13986   
ch8                       0.13944   
ch9                       0.12988   
>> Doing postfit: TotalBkg
>> Doing postfit: TotalSig
>> Doing postfit: TotalProcs
Info in <TH1F::Add>: Attempt to add histograms with different number of bins - trying to use TH1::Merge
Error in <Merge>: Cannot merge histograms - limits are inconsistent:
 first: x_data_obs (8, 0.000000, 800.000000), second: x_data_obs (12, 0.500000, 12.500000)
Info in <TH1F::Add>: Attempt to add histograms with different number of bins - trying to use TH1::Merge
Error in <Merge>: Cannot merge histograms - limits are inconsistent:
 first: x_data_obs (8, 0.000000, 800.000000), second: x_data_obs (12, 0.500000, 12.500000)
Info in <TH1F::Add>: Attempt to add histograms with different number of bins - trying to use TH1::Merge
Error in <Merge>: Cannot merge histograms - limits are inconsistent:
 first: x_data_obs (8, 0.000000, 800.000000), second: x_data_obs (12, 0.500000, 12.500000)
Info in <TH1F::Add>: Attempt to add histograms with different number of bins - trying to use TH1::Merge
Error in <Merge>: Cannot merge histograms - limits are inconsistent:
 first: x_data_obs (8, 0.000000, 800.000000), second: x_data_obs (12, 0.500000, 12.500000)
Info in <TH1F::Add>: Attempt to add histograms with different number of bins - trying to use TH1::Merge
Error in <Merge>: Cannot merge histograms - limits are inconsistent:
 first: x_data_obs (8, 0.000000, 800.000000), second: x_data_obs (12, 0.500000, 12.500000)
Info in <TH1F::Add>: Attempt to add histograms with different number of bins - trying to use TH1::Merge
Error in <Merge>: Cannot merge histograms - limits are inconsistent:
 first: x_data_obs (8, 0.000000, 800.000000), second: x_data_obs (12, 0.500000, 12.500000)
Info in <TH1F::Add>: Attempt to add histograms with different number of bins - trying to use TH1::Merge
Error in <Merge>: Cannot merge histograms - limits are inconsistent:
 first: x_data_obs (8, 0.000000, 800.000000), second: x_data_obs (12, 0.500000, 12.500000)
Info in <TH1F::Add>: Attempt to add histograms with different number of bins - trying to use TH1::Merge
Error in <Merge>: Cannot merge histograms - limits are inconsistent:
 first: x_data_obs (8, 0.000000, 800.000000), second: x_data_obs (12, 0.500000, 12.500000)
Info in <TH1F::Add>: Attempt to add histograms with different number of bins - trying to use TH1::Merge
Error in <Merge>: Cannot merge histograms - limits are inconsistent:
 first: x_data_obs (8, 0.000000, 800.000000), second: x_data_obs (12, 0.500000, 12.500000)
Info in <TH1F::Add>: Attempt to add histograms with different number of bins - trying to use TH1::Merge
Error in <Merge>: Cannot merge histograms - limits are inconsistent:
 first: x_data_obs (8, 0.000000, 800.000000), second: x_data_obs (12, 0.500000, 12.500000)
Info in <TH1F::Add>: Attempt to add histograms with different number of bins - trying to use TH1::Merge
Error in <Merge>: Cannot merge histograms - limits are inconsistent:
 first: x_data_obs (8, 0.000000, 800.000000), second: x_data_obs (12, 0.500000, 12.500000)
Info in <TH1F::Add>: Attempt to add histograms with different number of bins - trying to use TH1::Merge
Error in <Merge>: Cannot merge histograms - limits are inconsistent:
 first: x_data_obs (8, 0.000000, 800.000000), second: x_data_obs (12, 0.500000, 12.500000)
Info in <TH1F::Add>: Attempt to add histograms with different number of bins - trying to use TH1::Merge
Error in <Merge>: Cannot merge histograms - limits are inconsistent:
 first: x_data_obs (8, 0.000000, 800.000000), second: x_data_obs (12, 0.500000, 12.500000)
Info in <TH1F::Add>: Attempt to add histograms with different number of bins - trying to use TH1::Merge
Error in <Merge>: Cannot merge histograms - limits are inconsistent:
 first: x_data_obs (8, 0.000000, 800.000000), second: x_data_obs (12, 0.500000, 12.500000)
Info in <TH1F::Add>: Attempt to add histograms with different number of bins - trying to use TH1::Merge
Error in <Merge>: Cannot merge histograms - limits are inconsistent:
 first: x_data_obs (8, 0.000000, 800.000000), second: x_data_obs (12, 0.500000, 12.500000)
Info in <TH1F::Add>: Attempt to add histograms with different number of bins - trying to use TH1::Merge
Error in <Merge>: Cannot merge histograms - limits are inconsistent:
 first: x_data_obs (8, 0.000000, 800.000000), second: x_data_obs (12, 0.500000, 12.500000)
Info in <TH1F::Add>: Attempt to add histograms with different number of bins - trying to use TH1::Merge
Error in <Merge>: Cannot merge histograms - limits are inconsistent:
 first: x_data_obs (8, 0.000000, 800.000000), second: x_data_obs (4, 0.500000, 4.500000)
Info in <TH1F::Add>: Attempt to add histograms with different number of bins - trying to use TH1::Merge
Error in <Merge>: Cannot merge histograms - limits are inconsistent:
 first: x_data_obs (8, 0.000000, 800.000000), second: x_data_obs (4, 0.500000, 4.500000)
Info in <TH1F::Add>: Attempt to add histograms with different number of bins - trying to use TH1::Merge
Error in <Merge>: Cannot merge histograms - limits are inconsistent:
 first: x_data_obs (8, 0.000000, 800.000000), second: x_data_obs (4, 0.500000, 4.500000)
Info in <TH1F::Add>: Attempt to add histograms with different number of bins - trying to use TH1::Merge
Error in <Merge>: Cannot merge histograms - limits are inconsistent:
 first: x_data_obs (8, 0.000000, 800.000000), second: x_data_obs (4, 0.500000, 4.500000)
>> Doing postfit: ch1,Convs
>> Doing postfit: ch1,Rares
>> Doing postfit: ch1,TTW_ooa
>> Doing postfit: ch1,TTW_pt3l_bin0
>> Doing postfit: ch1,TTW_pt3l_bin1
>> Doing postfit: ch1,TTW_pt3l_bin2
>> Doing postfit: ch1,TTW_pt3l_bin3
>> Doing postfit: ch1,TTZ
>> Doing postfit: ch1,WZ
>> Doing postfit: ch1,ZZ
>> Doing postfit: ch1,data_fakes
>> Doing postfit: ch1,tHW
>> Doing postfit: ch1,tHq
>> Doing postfit: ch1,tZq
>> Doing postfit: ch1,ttH
>> Doing postfit: ch1,ttVV
>> Doing postfit: ch1,TotalBkg
>> Doing postfit: ch1,TotalSig
>> Doing postfit: ch1,TotalProcs
>> Doing postfit: ch10,Convs
>> Doing postfit: ch10,Rares
>> Doing postfit: ch10,TTW_ooa
>> Doing postfit: ch10,TTW_pt3l_bin0
>> Doing postfit: ch10,TTW_pt3l_bin1
>> Doing postfit: ch10,TTW_pt3l_bin2
>> Doing postfit: ch10,TTW_pt3l_bin3
>> Doing postfit: ch10,TTZ
>> Doing postfit: ch10,VVV
>> Doing postfit: ch10,WZ
>> Doing postfit: ch10,ZZ
>> Doing postfit: ch10,data_fakes
>> Doing postfit: ch10,tHW
>> Doing postfit: ch10,tHq
>> Doing postfit: ch10,tZq
>> Doing postfit: ch10,ttH
>> Doing postfit: ch10,ttVV
>> Doing postfit: ch10,TotalBkg
>> Doing postfit: ch10,TotalSig
>> Doing postfit: ch10,TotalProcs
>> Doing postfit: ch11,Rares
>> Doing postfit: ch11,TTW_ooa
>> Doing postfit: ch11,TTW_pt3l_bin0
>> Doing postfit: ch11,TTW_pt3l_bin1
>> Doing postfit: ch11,TTW_pt3l_bin2
>> Doing postfit: ch11,TTW_pt3l_bin3
>> Doing postfit: ch11,TTZ
>> Doing postfit: ch11,VVV
>> Doing postfit: ch11,WZ
>> Doing postfit: ch11,ZZ
>> Doing postfit: ch11,data_fakes
>> Doing postfit: ch11,tHW
>> Doing postfit: ch11,tHq
>> Doing postfit: ch11,tZq
>> Doing postfit: ch11,ttH
>> Doing postfit: ch11,ttVV
>> Doing postfit: ch11,TotalBkg
>> Doing postfit: ch11,TotalSig
>> Doing postfit: ch11,TotalProcs
>> Doing postfit: ch12,Convs
>> Doing postfit: ch12,Rares
>> Doing postfit: ch12,TTW_ooa
>> Doing postfit: ch12,TTW_pt3l_bin0
>> Doing postfit: ch12,TTW_pt3l_bin1
>> Doing postfit: ch12,TTW_pt3l_bin2
>> Doing postfit: ch12,TTW_pt3l_bin3
>> Doing postfit: ch12,TTZ
>> Doing postfit: ch12,VVV
>> Doing postfit: ch12,WZ
>> Doing postfit: ch12,ZZ
>> Doing postfit: ch12,data_fakes
>> Doing postfit: ch12,tHW
>> Doing postfit: ch12,tHq
>> Doing postfit: ch12,tZq
>> Doing postfit: ch12,ttH
>> Doing postfit: ch12,ttVV
>> Doing postfit: ch12,TotalBkg
>> Doing postfit: ch12,TotalSig
>> Doing postfit: ch12,TotalProcs
>> Doing postfit: ch13,Rares
>> Doing postfit: ch13,TTW_ooa
>> Doing postfit: ch13,TTW_pt3l_bin0
>> Doing postfit: ch13,TTW_pt3l_bin1
>> Doing postfit: ch13,TTW_pt3l_bin2
>> Doing postfit: ch13,TTW_pt3l_bin3
>> Doing postfit: ch13,TTZ
>> Doing postfit: ch13,VVV
>> Doing postfit: ch13,WZ
>> Doing postfit: ch13,ZZ
>> Doing postfit: ch13,data_fakes
>> Doing postfit: ch13,tHW
>> Doing postfit: ch13,tHq
>> Doing postfit: ch13,tZq
>> Doing postfit: ch13,ttH
>> Doing postfit: ch13,ttVV
>> Doing postfit: ch13,TotalBkg
>> Doing postfit: ch13,TotalSig
>> Doing postfit: ch13,TotalProcs
>> Doing postfit: ch14,Convs
>> Doing postfit: ch14,Rares
>> Doing postfit: ch14,TTW_ooa
>> Doing postfit: ch14,TTW_pt3l_bin0
>> Doing postfit: ch14,TTW_pt3l_bin1
>> Doing postfit: ch14,TTW_pt3l_bin2
>> Doing postfit: ch14,TTW_pt3l_bin3
>> Doing postfit: ch14,TTZ
>> Doing postfit: ch14,VVV
>> Doing postfit: ch14,WZ
>> Doing postfit: ch14,ZZ
>> Doing postfit: ch14,data_fakes
>> Doing postfit: ch14,tHW
>> Doing postfit: ch14,tHq
>> Doing postfit: ch14,tZq
>> Doing postfit: ch14,ttH
>> Doing postfit: ch14,ttVV
>> Doing postfit: ch14,TotalBkg
>> Doing postfit: ch14,TotalSig
>> Doing postfit: ch14,TotalProcs
>> Doing postfit: ch15,Convs
>> Doing postfit: ch15,Rares
>> Doing postfit: ch15,TTW_ooa
>> Doing postfit: ch15,TTW_pt3l_bin0
>> Doing postfit: ch15,TTW_pt3l_bin1
>> Doing postfit: ch15,TTW_pt3l_bin2
>> Doing postfit: ch15,TTW_pt3l_bin3
>> Doing postfit: ch15,TTZ
>> Doing postfit: ch15,VVV
>> Doing postfit: ch15,WZ
>> Doing postfit: ch15,ZZ
>> Doing postfit: ch15,data_fakes
>> Doing postfit: ch15,tHW
>> Doing postfit: ch15,tHq
>> Doing postfit: ch15,tZq
>> Doing postfit: ch15,ttH
>> Doing postfit: ch15,ttVV
>> Doing postfit: ch15,TotalBkg
>> Doing postfit: ch15,TotalSig
>> Doing postfit: ch15,TotalProcs
>> Doing postfit: ch16,Convs
>> Doing postfit: ch16,Rares
>> Doing postfit: ch16,TTW_ooa
>> Doing postfit: ch16,TTW_pt3l_bin0
>> Doing postfit: ch16,TTW_pt3l_bin1
>> Doing postfit: ch16,TTW_pt3l_bin2
>> Doing postfit: ch16,TTW_pt3l_bin3
>> Doing postfit: ch16,TTZ
>> Doing postfit: ch16,VVV
>> Doing postfit: ch16,WZ
>> Doing postfit: ch16,ZZ
>> Doing postfit: ch16,data_fakes
>> Doing postfit: ch16,tHW
>> Doing postfit: ch16,tHq
>> Doing postfit: ch16,tZq
>> Doing postfit: ch16,ttH
>> Doing postfit: ch16,ttVV
>> Doing postfit: ch16,TotalBkg
>> Doing postfit: ch16,TotalSig
>> Doing postfit: ch16,TotalProcs
>> Doing postfit: ch17,Convs
>> Doing postfit: ch17,Rares
>> Doing postfit: ch17,TTW_inclusive
>> Doing postfit: ch17,TTZ
>> Doing postfit: ch17,VVV
>> Doing postfit: ch17,WZ
>> Doing postfit: ch17,ZZ
>> Doing postfit: ch17,data_fakes
>> Doing postfit: ch17,tHq
>> Doing postfit: ch17,tZq
>> Doing postfit: ch17,ttH
>> Doing postfit: ch17,ttVV
>> Doing postfit: ch17,TotalBkg
>> Doing postfit: ch17,TotalSig
>> Doing postfit: ch17,TotalProcs
>> Doing postfit: ch18,Rares
>> Doing postfit: ch18,TTW_inclusive
>> Doing postfit: ch18,TTZ
>> Doing postfit: ch18,VVV
>> Doing postfit: ch18,WZ
>> Doing postfit: ch18,ZZ
>> Doing postfit: ch18,data_fakes
>> Doing postfit: ch18,tHW
>> Doing postfit: ch18,tHq
>> Doing postfit: ch18,tZq
>> Doing postfit: ch18,ttH
>> Doing postfit: ch18,ttVV
>> Doing postfit: ch18,TotalBkg
>> Doing postfit: ch18,TotalSig
>> Doing postfit: ch18,TotalProcs
>> Doing postfit: ch19,Convs
>> Doing postfit: ch19,Rares
>> Doing postfit: ch19,TTW_inclusive
>> Doing postfit: ch19,TTZ
>> Doing postfit: ch19,VVV
>> Doing postfit: ch19,WZ
>> Doing postfit: ch19,ZZ
>> Doing postfit: ch19,data_fakes
>> Doing postfit: ch19,tHW
>> Doing postfit: ch19,tHq
>> Doing postfit: ch19,tZq
>> Doing postfit: ch19,ttH
>> Doing postfit: ch19,ttVV
>> Doing postfit: ch19,TotalBkg
>> Doing postfit: ch19,TotalSig
>> Doing postfit: ch19,TotalProcs
>> Doing postfit: ch2,Rares
>> Doing postfit: ch2,TTW_ooa
>> Doing postfit: ch2,TTW_pt3l_bin0
>> Doing postfit: ch2,TTW_pt3l_bin1
>> Doing postfit: ch2,TTW_pt3l_bin2
>> Doing postfit: ch2,TTW_pt3l_bin3
>> Doing postfit: ch2,TTZ
>> Doing postfit: ch2,VVV
>> Doing postfit: ch2,WZ
>> Doing postfit: ch2,ZZ
>> Doing postfit: ch2,data_fakes
>> Doing postfit: ch2,tHW
>> Doing postfit: ch2,tHq
>> Doing postfit: ch2,tZq
>> Doing postfit: ch2,ttH
>> Doing postfit: ch2,ttVV
>> Doing postfit: ch2,TotalBkg
>> Doing postfit: ch2,TotalSig
>> Doing postfit: ch2,TotalProcs
>> Doing postfit: ch20,Rares
>> Doing postfit: ch20,TTW_inclusive
>> Doing postfit: ch20,TTZ
>> Doing postfit: ch20,VVV
>> Doing postfit: ch20,WZ
>> Doing postfit: ch20,ZZ
>> Doing postfit: ch20,data_fakes
>> Doing postfit: ch20,tHW
>> Doing postfit: ch20,tHq
>> Doing postfit: ch20,tZq
>> Doing postfit: ch20,ttH
>> Doing postfit: ch20,ttVV
>> Doing postfit: ch20,TotalBkg
>> Doing postfit: ch20,TotalSig
>> Doing postfit: ch20,TotalProcs
>> Doing postfit: ch21,Convs
>> Doing postfit: ch21,Rares
>> Doing postfit: ch21,TTW_inclusive
>> Doing postfit: ch21,TTZ
>> Doing postfit: ch21,VVV
>> Doing postfit: ch21,WZ
>> Doing postfit: ch21,ZZ
>> Doing postfit: ch21,data_fakes
>> Doing postfit: ch21,tHq
>> Doing postfit: ch21,tZq
>> Doing postfit: ch21,ttH
>> Doing postfit: ch21,ttVV
>> Doing postfit: ch21,TotalBkg
>> Doing postfit: ch21,TotalSig
>> Doing postfit: ch21,TotalProcs
>> Doing postfit: ch22,Convs
>> Doing postfit: ch22,Rares
>> Doing postfit: ch22,TTW_inclusive
>> Doing postfit: ch22,TTZ
>> Doing postfit: ch22,VVV
>> Doing postfit: ch22,WZ
>> Doing postfit: ch22,ZZ
>> Doing postfit: ch22,data_fakes
>> Doing postfit: ch22,tHW
>> Doing postfit: ch22,tHq
>> Doing postfit: ch22,tZq
>> Doing postfit: ch22,ttH
>> Doing postfit: ch22,ttVV
>> Doing postfit: ch22,TotalBkg
>> Doing postfit: ch22,TotalSig
>> Doing postfit: ch22,TotalProcs
>> Doing postfit: ch23,Convs
>> Doing postfit: ch23,Rares
>> Doing postfit: ch23,TTW_inclusive
>> Doing postfit: ch23,TTZ
>> Doing postfit: ch23,VVV
>> Doing postfit: ch23,WZ
>> Doing postfit: ch23,ZZ
>> Doing postfit: ch23,data_fakes
>> Doing postfit: ch23,tHW
>> Doing postfit: ch23,tHq
>> Doing postfit: ch23,tZq
>> Doing postfit: ch23,ttH
>> Doing postfit: ch23,ttVV
>> Doing postfit: ch23,TotalBkg
>> Doing postfit: ch23,TotalSig
>> Doing postfit: ch23,TotalProcs
>> Doing postfit: ch24,Rares
>> Doing postfit: ch24,TTW_inclusive
>> Doing postfit: ch24,TTZ
>> Doing postfit: ch24,VVV
>> Doing postfit: ch24,WZ
>> Doing postfit: ch24,ZZ
>> Doing postfit: ch24,data_fakes
>> Doing postfit: ch24,tHW
>> Doing postfit: ch24,tHq
>> Doing postfit: ch24,tZq
>> Doing postfit: ch24,ttH
>> Doing postfit: ch24,ttVV
>> Doing postfit: ch24,TotalBkg
>> Doing postfit: ch24,TotalSig
>> Doing postfit: ch24,TotalProcs
>> Doing postfit: ch25,Convs
>> Doing postfit: ch25,Rares
>> Doing postfit: ch25,TTW_inclusive
>> Doing postfit: ch25,TTZ
>> Doing postfit: ch25,VVV
>> Doing postfit: ch25,WZ
>> Doing postfit: ch25,ZZ
>> Doing postfit: ch25,data_fakes
>> Doing postfit: ch25,tHW
>> Doing postfit: ch25,tHq
>> Doing postfit: ch25,tZq
>> Doing postfit: ch25,ttH
>> Doing postfit: ch25,ttVV
>> Doing postfit: ch25,TotalBkg
>> Doing postfit: ch25,TotalSig
>> Doing postfit: ch25,TotalProcs
>> Doing postfit: ch26,Convs
>> Doing postfit: ch26,Rares
>> Doing postfit: ch26,TTW_inclusive
>> Doing postfit: ch26,TTZ
>> Doing postfit: ch26,VVV
>> Doing postfit: ch26,WZ
>> Doing postfit: ch26,ZZ
>> Doing postfit: ch26,data_fakes
>> Doing postfit: ch26,tHW
>> Doing postfit: ch26,tHq
>> Doing postfit: ch26,tZq
>> Doing postfit: ch26,ttH
>> Doing postfit: ch26,ttVV
>> Doing postfit: ch26,TotalBkg
>> Doing postfit: ch26,TotalSig
>> Doing postfit: ch26,TotalProcs
>> Doing postfit: ch27,Convs
>> Doing postfit: ch27,Rares
>> Doing postfit: ch27,TTW_inclusive
>> Doing postfit: ch27,TTZ
>> Doing postfit: ch27,VVV
>> Doing postfit: ch27,WZ
>> Doing postfit: ch27,ZZ
>> Doing postfit: ch27,data_fakes
>> Doing postfit: ch27,tHW
>> Doing postfit: ch27,tHq
>> Doing postfit: ch27,tZq
>> Doing postfit: ch27,ttH
>> Doing postfit: ch27,ttVV
>> Doing postfit: ch27,TotalBkg
>> Doing postfit: ch27,TotalSig
>> Doing postfit: ch27,TotalProcs
>> Doing postfit: ch28,Rares
>> Doing postfit: ch28,TTW_inclusive
>> Doing postfit: ch28,TTZ
>> Doing postfit: ch28,VVV
>> Doing postfit: ch28,WZ
>> Doing postfit: ch28,ZZ
>> Doing postfit: ch28,data_fakes
>> Doing postfit: ch28,tHW
>> Doing postfit: ch28,tHq
>> Doing postfit: ch28,tZq
>> Doing postfit: ch28,ttH
>> Doing postfit: ch28,ttVV
>> Doing postfit: ch28,TotalBkg
>> Doing postfit: ch28,TotalSig
>> Doing postfit: ch28,TotalProcs
>> Doing postfit: ch29,Convs
>> Doing postfit: ch29,Rares
>> Doing postfit: ch29,TTW_inclusive
>> Doing postfit: ch29,TTZ
>> Doing postfit: ch29,VVV
>> Doing postfit: ch29,WZ
>> Doing postfit: ch29,ZZ
>> Doing postfit: ch29,data_fakes
>> Doing postfit: ch29,tHW
>> Doing postfit: ch29,tHq
>> Doing postfit: ch29,tZq
>> Doing postfit: ch29,ttH
>> Doing postfit: ch29,ttVV
>> Doing postfit: ch29,TotalBkg
>> Doing postfit: ch29,TotalSig
>> Doing postfit: ch29,TotalProcs
>> Doing postfit: ch3,Convs
>> Doing postfit: ch3,Rares
>> Doing postfit: ch3,TTW_ooa
>> Doing postfit: ch3,TTW_pt3l_bin0
>> Doing postfit: ch3,TTW_pt3l_bin1
>> Doing postfit: ch3,TTW_pt3l_bin2
>> Doing postfit: ch3,TTW_pt3l_bin3
>> Doing postfit: ch3,TTZ
>> Doing postfit: ch3,VVV
>> Doing postfit: ch3,WZ
>> Doing postfit: ch3,ZZ
>> Doing postfit: ch3,data_fakes
>> Doing postfit: ch3,tHW
>> Doing postfit: ch3,tHq
>> Doing postfit: ch3,tZq
>> Doing postfit: ch3,ttH
>> Doing postfit: ch3,ttVV
>> Doing postfit: ch3,TotalBkg
>> Doing postfit: ch3,TotalSig
>> Doing postfit: ch3,TotalProcs
>> Doing postfit: ch30,Convs
>> Doing postfit: ch30,Rares
>> Doing postfit: ch30,TTW_inclusive
>> Doing postfit: ch30,TTZ
>> Doing postfit: ch30,VVV
>> Doing postfit: ch30,WZ
>> Doing postfit: ch30,ZZ
>> Doing postfit: ch30,data_fakes
>> Doing postfit: ch30,tHW
>> Doing postfit: ch30,tHq
>> Doing postfit: ch30,tZq
>> Doing postfit: ch30,ttH
>> Doing postfit: ch30,ttVV
>> Doing postfit: ch30,TotalBkg
>> Doing postfit: ch30,TotalSig
>> Doing postfit: ch30,TotalProcs
>> Doing postfit: ch31,Convs
>> Doing postfit: ch31,Rares
>> Doing postfit: ch31,TTW_inclusive
>> Doing postfit: ch31,TTZ
>> Doing postfit: ch31,VVV
>> Doing postfit: ch31,WZ
>> Doing postfit: ch31,ZZ
>> Doing postfit: ch31,data_fakes
>> Doing postfit: ch31,tHW
>> Doing postfit: ch31,tHq
>> Doing postfit: ch31,tZq
>> Doing postfit: ch31,ttH
>> Doing postfit: ch31,ttVV
>> Doing postfit: ch31,TotalBkg
>> Doing postfit: ch31,TotalSig
>> Doing postfit: ch31,TotalProcs
>> Doing postfit: ch32,Rares
>> Doing postfit: ch32,TTW_inclusive
>> Doing postfit: ch32,TTZ
>> Doing postfit: ch32,VVV
>> Doing postfit: ch32,WZ
>> Doing postfit: ch32,ZZ
>> Doing postfit: ch32,data_fakes
>> Doing postfit: ch32,tHW
>> Doing postfit: ch32,tHq
>> Doing postfit: ch32,tZq
>> Doing postfit: ch32,ttH
>> Doing postfit: ch32,ttVV
>> Doing postfit: ch32,TotalBkg
>> Doing postfit: ch32,TotalSig
>> Doing postfit: ch32,TotalProcs
>> Doing postfit: ch33,MC_fakes
>> Doing postfit: ch33,Rares
>> Doing postfit: ch33,TTZ
>> Doing postfit: ch33,WZ
>> Doing postfit: ch33,ZZ
>> Doing postfit: ch33,ttH
>> Doing postfit: ch33,TotalBkg
>> Doing postfit: ch33,TotalSig
>> Doing postfit: ch33,TotalProcs
>> Doing postfit: ch34,Convs
>> Doing postfit: ch34,MC_fakes
>> Doing postfit: ch34,Rares
>> Doing postfit: ch34,TTZ
>> Doing postfit: ch34,WZ
>> Doing postfit: ch34,ZZ
>> Doing postfit: ch34,ttH
>> Doing postfit: ch34,TotalBkg
>> Doing postfit: ch34,TotalSig
>> Doing postfit: ch34,TotalProcs
>> Doing postfit: ch35,Convs
>> Doing postfit: ch35,MC_fakes
>> Doing postfit: ch35,Rares
>> Doing postfit: ch35,TTWW
>> Doing postfit: ch35,TTZ
>> Doing postfit: ch35,WZ
>> Doing postfit: ch35,ZZ
>> Doing postfit: ch35,ttH
>> Doing postfit: ch35,TotalBkg
>> Doing postfit: ch35,TotalSig
>> Doing postfit: ch35,TotalProcs
>> Doing postfit: ch36,Convs
>> Doing postfit: ch36,MC_fakes
>> Doing postfit: ch36,Rares
>> Doing postfit: ch36,TTWW
>> Doing postfit: ch36,TTZ
>> Doing postfit: ch36,WZ
>> Doing postfit: ch36,ZZ
>> Doing postfit: ch36,tHW
>> Doing postfit: ch36,ttH
>> Doing postfit: ch36,TotalBkg
>> Doing postfit: ch36,TotalSig
>> Doing postfit: ch36,TotalProcs
>> Doing postfit: ch4,Rares
>> Doing postfit: ch4,TTW_ooa
>> Doing postfit: ch4,TTW_pt3l_bin0
>> Doing postfit: ch4,TTW_pt3l_bin1
>> Doing postfit: ch4,TTW_pt3l_bin2
>> Doing postfit: ch4,TTW_pt3l_bin3
>> Doing postfit: ch4,TTZ
>> Doing postfit: ch4,VVV
>> Doing postfit: ch4,WZ
>> Doing postfit: ch4,ZZ
>> Doing postfit: ch4,data_fakes
>> Doing postfit: ch4,tHW
>> Doing postfit: ch4,tHq
>> Doing postfit: ch4,tZq
>> Doing postfit: ch4,ttH
>> Doing postfit: ch4,ttVV
>> Doing postfit: ch4,TotalBkg
>> Doing postfit: ch4,TotalSig
>> Doing postfit: ch4,TotalProcs
>> Doing postfit: ch5,Convs
>> Doing postfit: ch5,Rares
>> Doing postfit: ch5,TTW_ooa
>> Doing postfit: ch5,TTW_pt3l_bin0
>> Doing postfit: ch5,TTW_pt3l_bin1
>> Doing postfit: ch5,TTW_pt3l_bin2
>> Doing postfit: ch5,TTW_pt3l_bin3
>> Doing postfit: ch5,TTZ
>> Doing postfit: ch5,WZ
>> Doing postfit: ch5,ZZ
>> Doing postfit: ch5,data_fakes
>> Doing postfit: ch5,tZq
>> Doing postfit: ch5,ttH
>> Doing postfit: ch5,ttVV
>> Doing postfit: ch5,TotalBkg
>> Doing postfit: ch5,TotalSig
>> Doing postfit: ch5,TotalProcs
>> Doing postfit: ch6,Convs
>> Doing postfit: ch6,Rares
>> Doing postfit: ch6,TTW_ooa
>> Doing postfit: ch6,TTW_pt3l_bin0
>> Doing postfit: ch6,TTW_pt3l_bin1
>> Doing postfit: ch6,TTW_pt3l_bin2
>> Doing postfit: ch6,TTW_pt3l_bin3
>> Doing postfit: ch6,TTZ
>> Doing postfit: ch6,WZ
>> Doing postfit: ch6,ZZ
>> Doing postfit: ch6,data_fakes
>> Doing postfit: ch6,tZq
>> Doing postfit: ch6,ttH
>> Doing postfit: ch6,ttVV
>> Doing postfit: ch6,TotalBkg
>> Doing postfit: ch6,TotalSig
>> Doing postfit: ch6,TotalProcs
>> Doing postfit: ch7,Convs
>> Doing postfit: ch7,Rares
>> Doing postfit: ch7,TTW_ooa
>> Doing postfit: ch7,TTW_pt3l_bin0
>> Doing postfit: ch7,TTW_pt3l_bin1
>> Doing postfit: ch7,TTW_pt3l_bin2
>> Doing postfit: ch7,TTW_pt3l_bin3
>> Doing postfit: ch7,TTZ
>> Doing postfit: ch7,VVV
>> Doing postfit: ch7,WZ
>> Doing postfit: ch7,ZZ
>> Doing postfit: ch7,data_fakes
>> Doing postfit: ch7,tHW
>> Doing postfit: ch7,tHq
>> Doing postfit: ch7,tZq
>> Doing postfit: ch7,ttH
>> Doing postfit: ch7,ttVV
>> Doing postfit: ch7,TotalBkg
>> Doing postfit: ch7,TotalSig
>> Doing postfit: ch7,TotalProcs
>> Doing postfit: ch8,Convs
>> Doing postfit: ch8,Rares
>> Doing postfit: ch8,TTW_ooa
>> Doing postfit: ch8,TTW_pt3l_bin0
>> Doing postfit: ch8,TTW_pt3l_bin1
>> Doing postfit: ch8,TTW_pt3l_bin2
>> Doing postfit: ch8,TTW_pt3l_bin3
>> Doing postfit: ch8,TTZ
>> Doing postfit: ch8,VVV
>> Doing postfit: ch8,WZ
>> Doing postfit: ch8,ZZ
>> Doing postfit: ch8,data_fakes
>> Doing postfit: ch8,tHW
>> Doing postfit: ch8,tHq
>> Doing postfit: ch8,tZq
>> Doing postfit: ch8,ttH
>> Doing postfit: ch8,ttVV
>> Doing postfit: ch8,TotalBkg
>> Doing postfit: ch8,TotalSig
>> Doing postfit: ch8,TotalProcs
>> Doing postfit: ch9,Convs
>> Doing postfit: ch9,Rares
>> Doing postfit: ch9,TTW_ooa
>> Doing postfit: ch9,TTW_pt3l_bin0
>> Doing postfit: ch9,TTW_pt3l_bin1
>> Doing postfit: ch9,TTW_pt3l_bin2
>> Doing postfit: ch9,TTW_pt3l_bin3
>> Doing postfit: ch9,TTZ
>> Doing postfit: ch9,VVV
>> Doing postfit: ch9,WZ
>> Doing postfit: ch9,ZZ
>> Doing postfit: ch9,data_fakes
>> Doing postfit: ch9,tHW
>> Doing postfit: ch9,tHq
>> Doing postfit: ch9,tZq
>> Doing postfit: ch9,ttH
>> Doing postfit: ch9,ttVV
>> Doing postfit: ch9,TotalBkg
>> Doing postfit: ch9,TotalSig
>> Doing postfit: ch9,TotalProcs

Bin                       Total relative bkg uncert. (postfit)
----------------------------------------------------------
ch1                       0.13733   
ch10                      0.09925   
ch11                      0.08139   
ch12                      0.13733   
ch13                      0.05542   
ch14                      0.07787   
ch15                      0.07496   
ch16                      0.10704   
ch17                      0.03618   
ch18                      0.03162   
ch19                      0.02998   
ch2                       0.08786   
ch20                      0.02611   
ch21                      0.03271   
ch22                      0.02805   
ch23                      0.02952   
ch24                      0.02665   
ch25                      0.03167   
ch26                      0.02563   
ch27                      0.02601   
ch28                      0.02376   
ch29                      0.02835   
ch3                       0.08605   
ch30                      0.02349   
ch31                      0.02254   
ch32                      0.02049   
ch33                      0.03450   
ch34                      0.03510   
ch35                      0.03457   
ch36                      0.03426   
ch4                       0.06799   
ch5                       0.17947   
ch6                       0.14805   
ch7                       0.12214   
ch8                       0.12621   
ch9                       0.09654   

Bin                       Process              Scale factor
----------------------------------------------------------
ch1                       Convs                1.21712   
ch1                       Rares                1.13605   
ch1                       TTW_ooa              1.05142   
ch1                       TTW_pt3l_bin0        0.42514   
ch1                       TTW_pt3l_bin1        1.61802   
ch1                       TTW_pt3l_bin2        0.52254   
ch1                       TTW_pt3l_bin3        2.31075   
ch1                       TTZ                  1.28430   
ch1                       WZ                   1.28691   
ch1                       ZZ                   1.41309   
ch1                       data_fakes           2.15637   
ch1                       tHW                  1.07337   
ch1                       tHq                  1.07771   
ch1                       tZq                  1.11718   
ch1                       ttH                  1.03495   
ch1                       ttVV                 1.05092   
ch10                      Convs                1.10564   
ch10                      Rares                1.26241   
ch10                      TTW_ooa              1.17253   
ch10                      TTW_pt3l_bin0        0.41619   
ch10                      TTW_pt3l_bin1        1.74250   
ch10                      TTW_pt3l_bin2        0.56990   
ch10                      TTW_pt3l_bin3        1.86810   
ch10                      TTZ                  1.17607   
ch10                      VVV                  1.31934   
ch10                      WZ                   1.09989   
ch10                      ZZ                   1.42671   
ch10                      data_fakes           1.23631   
ch10                      tHW                  1.07339   
ch10                      tHq                  1.07462   
ch10                      tZq                  1.19208   
ch10                      ttH                  1.09729   
ch10                      ttVV                 1.07874   
ch11                      Rares                1.12445   
ch11                      TTW_ooa              1.02660   
ch11                      TTW_pt3l_bin0        0.40854   
ch11                      TTW_pt3l_bin1        1.57437   
ch11                      TTW_pt3l_bin2        0.51264   
ch11                      TTW_pt3l_bin3        2.33566   
ch11                      TTZ                  1.14301   
ch11                      VVV                  1.27400   
ch11                      WZ                   1.03173   
ch11                      ZZ                   1.30731   
ch11                      data_fakes           0.87171   
ch11                      tHW                  1.03748   
ch11                      tHq                  1.02241   
ch11                      tZq                  1.04938   
ch11                      ttH                  1.03113   
ch11                      ttVV                 1.02661   
ch12                      Convs                0.58069   
ch12                      Rares                1.19580   
ch12                      TTW_ooa              1.15251   
ch12                      TTW_pt3l_bin0        0.45210   
ch12                      TTW_pt3l_bin1        1.58820   
ch12                      TTW_pt3l_bin2        0.57376   
ch12                      TTW_pt3l_bin3        2.42461   
ch12                      TTZ                  1.29652   
ch12                      VVV                  1.34380   
ch12                      WZ                   1.07098   
ch12                      ZZ                   1.29236   
ch12                      data_fakes           2.35169   
ch12                      tHW                  1.10090   
ch12                      tHq                  1.11749   
ch12                      tZq                  1.11548   
ch12                      ttH                  1.00162   
ch12                      ttVV                 1.09843   
ch13                      Rares                1.06206   
ch13                      TTW_ooa              0.92509   
ch13                      TTW_pt3l_bin0        0.39099   
ch13                      TTW_pt3l_bin1        1.57502   
ch13                      TTW_pt3l_bin2        0.50685   
ch13                      TTW_pt3l_bin3        2.02036   
ch13                      TTZ                  1.13526   
ch13                      VVV                  1.26652   
ch13                      WZ                   0.90645   
ch13                      ZZ                   1.20034   
ch13                      data_fakes           0.90519   
ch13                      tHW                  0.98771   
ch13                      tHq                  0.94960   
ch13                      tZq                  1.07885   
ch13                      ttH                  0.91676   
ch13                      ttVV                 0.97405   
ch14                      Convs                1.22974   
ch14                      Rares                1.16139   
ch14                      TTW_ooa              0.93039   
ch14                      TTW_pt3l_bin0        0.40732   
ch14                      TTW_pt3l_bin1        1.60482   
ch14                      TTW_pt3l_bin2        0.50522   
ch14                      TTW_pt3l_bin3        2.11360   
ch14                      TTZ                  1.15249   
ch14                      VVV                  2.13470   
ch14                      WZ                   0.92405   
ch14                      ZZ                   1.28581   
ch14                      data_fakes           1.18125   
ch14                      tHW                  1.03192   
ch14                      tHq                  1.03632   
ch14                      tZq                  1.10017   
ch14                      ttH                  0.96473   
ch14                      ttVV                 1.03137   
ch15                      Convs                1.17137   
ch15                      Rares                0.97720   
ch15                      TTW_ooa              1.00957   
ch15                      TTW_pt3l_bin0        0.40023   
ch15                      TTW_pt3l_bin1        1.55527   
ch15                      TTW_pt3l_bin2        0.50412   
ch15                      TTW_pt3l_bin3        1.95507   
ch15                      TTZ                  1.27727   
ch15                      VVV                  1.23809   
ch15                      WZ                   0.87570   
ch15                      ZZ                   1.19341   
ch15                      data_fakes           1.00809   
ch15                      tHW                  0.99794   
ch15                      tHq                  1.00252   
ch15                      tZq                  1.04928   
ch15                      ttH                  0.96425   
ch15                      ttVV                 1.00320   
ch16                      Convs                1.13308   
ch16                      Rares                1.14032   
ch16                      TTW_ooa              1.20744   
ch16                      TTW_pt3l_bin0        0.41193   
ch16                      TTW_pt3l_bin1        1.57662   
ch16                      TTW_pt3l_bin2        0.54836   
ch16                      TTW_pt3l_bin3        2.57579   
ch16                      TTZ                  1.25506   
ch16                      VVV                  1.28474   
ch16                      WZ                   1.03407   
ch16                      ZZ                   1.56894   
ch16                      data_fakes           2.25392   
ch16                      tHW                  1.04499   
ch16                      tHq                  1.06629   
ch16                      tZq                  1.23968   
ch16                      ttH                  1.07646   
ch16                      ttVV                 1.05206   
ch17                      Convs                0.86401   
ch17                      Rares                1.18674   
ch17                      TTW_inclusive        1.06109   
ch17                      TTZ                  1.25844   
ch17                      VVV                  1.35748   
ch17                      WZ                   0.94989   
ch17                      ZZ                   1.26970   
ch17                      data_fakes           1.29526   
ch17                      tHq                  1.06991   
ch17                      tZq                  1.19663   
ch17                      ttH                  1.06575   
ch17                      ttVV                 1.08456   
ch18                      Rares                1.13125   
ch18                      TTW_inclusive        1.02467   
ch18                      TTZ                  1.24516   
ch18                      VVV                  1.31116   
ch18                      WZ                   0.92370   
ch18                      ZZ                   1.22289   
ch18                      data_fakes           0.66251   
ch18                      tHW                  1.04947   
ch18                      tHq                  1.08187   
ch18                      tZq                  1.08810   
ch18                      ttH                  1.07465   
ch18                      ttVV                 1.05191   
ch19                      Convs                1.20741   
ch19                      Rares                1.11150   
ch19                      TTW_inclusive        0.95756   
ch19                      TTZ                  1.20924   
ch19                      VVV                  1.27948   
ch19                      WZ                   0.90187   
ch19                      ZZ                   1.20611   
ch19                      data_fakes           1.55555   
ch19                      tHW                  1.04431   
ch19                      tHq                  1.02401   
ch19                      tZq                  1.08708   
ch19                      ttH                  1.13434   
ch19                      ttVV                 1.02831   
ch2                       Rares                1.09336   
ch2                       TTW_ooa              1.07507   
ch2                       TTW_pt3l_bin0        0.38589   
ch2                       TTW_pt3l_bin1        1.46163   
ch2                       TTW_pt3l_bin2        0.49257   
ch2                       TTW_pt3l_bin3        2.05090   
ch2                       TTZ                  1.14171   
ch2                       VVV                  1.29532   
ch2                       WZ                   1.20270   
ch2                       ZZ                   1.35717   
ch2                       data_fakes           0.71482   
ch2                       tHW                  1.03296   
ch2                       tHq                  1.01294   
ch2                       tZq                  1.13993   
ch2                       ttH                  1.04368   
ch2                       ttVV                 1.00109   
ch20                      Rares                1.08607   
ch20                      TTW_inclusive        0.93260   
ch20                      TTZ                  1.15964   
ch20                      VVV                  1.24167   
ch20                      WZ                   0.87386   
ch20                      ZZ                   1.17221   
ch20                      data_fakes           0.69863   
ch20                      tHW                  1.02593   
ch20                      tHq                  1.00639   
ch20                      tZq                  1.07301   
ch20                      ttH                  1.06297   
ch20                      ttVV                 0.99710   
ch21                      Convs                1.10362   
ch21                      Rares                1.12428   
ch21                      TTW_inclusive        0.94757   
ch21                      TTZ                  1.21887   
ch21                      VVV                  1.31928   
ch21                      WZ                   0.92107   
ch21                      ZZ                   1.24563   
ch21                      data_fakes           1.49521   
ch21                      tHq                  1.05940   
ch21                      tZq                  1.12534   
ch21                      ttH                  1.17980   
ch21                      ttVV                 1.06818   
ch22                      Convs                1.14250   
ch22                      Rares                1.12508   
ch22                      TTW_inclusive        0.99793   
ch22                      TTZ                  1.21769   
ch22                      VVV                  1.29034   
ch22                      WZ                   0.89662   
ch22                      ZZ                   1.19438   
ch22                      data_fakes           0.72041   
ch22                      tHW                  1.05424   
ch22                      tHq                  1.02845   
ch22                      tZq                  1.10647   
ch22                      ttH                  1.14602   
ch22                      ttVV                 1.03593   
ch23                      Convs                1.17099   
ch23                      Rares                1.11447   
ch23                      TTW_inclusive        1.02493   
ch23                      TTZ                  1.17830   
ch23                      VVV                  1.25810   
ch23                      WZ                   0.88028   
ch23                      ZZ                   1.19590   
ch23                      data_fakes           1.49784   
ch23                      tHW                  1.01332   
ch23                      tHq                  1.01932   
ch23                      tZq                  1.07513   
ch23                      ttH                  1.06876   
ch23                      ttVV                 1.01921   
ch24                      Rares                1.05784   
ch24                      TTW_inclusive        0.97687   
ch24                      TTZ                  1.19081   
ch24                      VVV                  1.23372   
ch24                      WZ                   0.85829   
ch24                      ZZ                   1.15626   
ch24                      data_fakes           0.75116   
ch24                      tHW                  1.00606   
ch24                      tHq                  0.99592   
ch24                      tZq                  1.08027   
ch24                      ttH                  1.04284   
ch24                      ttVV                 1.00049   
ch25                      Convs                1.27862   
ch25                      Rares                1.18740   
ch25                      TTW_inclusive        1.12125   
ch25                      TTZ                  1.29847   
ch25                      VVV                  1.37799   
ch25                      WZ                   0.97463   
ch25                      ZZ                   1.30337   
ch25                      data_fakes           1.78286   
ch25                      tHW                  1.09720   
ch25                      tHq                  1.07438   
ch25                      tZq                  1.22374   
ch25                      ttH                  1.11167   
ch25                      ttVV                 1.10714   
ch26                      Convs                1.16983   
ch26                      Rares                1.15979   
ch26                      TTW_inclusive        1.07653   
ch26                      TTZ                  1.26782   
ch26                      VVV                  1.33920   
ch26                      WZ                   0.94864   
ch26                      ZZ                   1.28301   
ch26                      data_fakes           0.87416   
ch26                      tHW                  1.08143   
ch26                      tHq                  1.08119   
ch26                      tZq                  1.16075   
ch26                      ttH                  1.01794   
ch26                      ttVV                 1.07291   
ch27                      Convs                1.30450   
ch27                      Rares                1.14118   
ch27                      TTW_inclusive        1.07198   
ch27                      TTZ                  1.23662   
ch27                      VVV                  1.31436   
ch27                      WZ                   0.92779   
ch27                      ZZ                   1.25405   
ch27                      data_fakes           1.55157   
ch27                      tHW                  1.07263   
ch27                      tHq                  1.05160   
ch27                      tZq                  1.12730   
ch27                      ttH                  1.08058   
ch27                      ttVV                 1.05247   
ch28                      Rares                1.13429   
ch28                      TTW_inclusive        0.98351   
ch28                      TTZ                  1.21134   
ch28                      VVV                  1.27788   
ch28                      WZ                   0.90353   
ch28                      ZZ                   1.21436   
ch28                      data_fakes           0.73290   
ch28                      tHW                  1.02567   
ch28                      tHq                  1.03323   
ch28                      tZq                  1.10008   
ch28                      ttH                  1.04597   
ch28                      ttVV                 1.02925   
ch29                      Convs                0.61232   
ch29                      Rares                1.16319   
ch29                      TTW_inclusive        1.08782   
ch29                      TTZ                  1.24391   
ch29                      VVV                  1.32084   
ch29                      WZ                   0.92330   
ch29                      ZZ                   1.23056   
ch29                      data_fakes           1.73945   
ch29                      tHW                  1.06661   
ch29                      tHq                  1.11175   
ch29                      tZq                  1.14137   
ch29                      ttH                  1.04557   
ch29                      ttVV                 1.06851   
ch3                       Convs                1.07673   
ch3                       Rares                1.11988   
ch3                       TTW_ooa              0.95693   
ch3                       TTW_pt3l_bin0        0.39863   
ch3                       TTW_pt3l_bin1        1.59767   
ch3                       TTW_pt3l_bin2        0.50647   
ch3                       TTW_pt3l_bin3        3.06159   
ch3                       TTZ                  1.11637   
ch3                       VVV                  1.32677   
ch3                       WZ                   1.16843   
ch3                       ZZ                   1.48455   
ch3                       data_fakes           1.12196   
ch3                       tHW                  1.06321   
ch3                       tHq                  1.04484   
ch3                       tZq                  1.06813   
ch3                       ttH                  0.96763   
ch3                       ttVV                 1.02695   
ch30                      Convs                1.19327   
ch30                      Rares                1.11355   
ch30                      TTW_inclusive        1.03790   
ch30                      TTZ                  1.21772   
ch30                      VVV                  1.28703   
ch30                      WZ                   0.89758   
ch30                      ZZ                   1.18893   
ch30                      data_fakes           0.81379   
ch30                      tHW                  1.04444   
ch30                      tHq                  1.02917   
ch30                      tZq                  1.10109   
ch30                      ttH                  1.07901   
ch30                      ttVV                 1.03284   
ch31                      Convs                0.97614   
ch31                      Rares                1.10218   
ch31                      TTW_inclusive        0.98077   
ch31                      TTZ                  1.17785   
ch31                      VVV                  1.26091   
ch31                      WZ                   0.88311   
ch31                      ZZ                   1.17745   
ch31                      data_fakes           1.47961   
ch31                      tHW                  0.99485   
ch31                      tHq                  1.01165   
ch31                      tZq                  1.08224   
ch31                      ttH                  1.04360   
ch31                      ttVV                 1.01416   
ch32                      Rares                1.05824   
ch32                      TTW_inclusive        0.97059   
ch32                      TTZ                  1.15258   
ch32                      VVV                  1.21428   
ch32                      WZ                   0.85927   
ch32                      ZZ                   1.14306   
ch32                      data_fakes           0.81169   
ch32                      tHW                  0.97410   
ch32                      tHq                  0.98560   
ch32                      tZq                  1.05489   
ch32                      ttH                  0.97286   
ch32                      ttVV                 0.98936   
ch33                      MC_fakes             1.00116   
ch33                      Rares                1.09112   
ch33                      TTZ                  1.17528   
ch33                      WZ                   0.77543   
ch33                      ZZ                   1.07359   
ch33                      ttH                  0.91272   
ch34                      Convs                1.19219   
ch34                      MC_fakes             0.99976   
ch34                      Rares                1.11006   
ch34                      TTZ                  1.18057   
ch34                      WZ                   0.71396   
ch34                      ZZ                   1.07911   
ch34                      ttH                  1.06870   
ch35                      Convs                1.18454   
ch35                      MC_fakes             0.99957   
ch35                      Rares                1.12416   
ch35                      TTWW                 0.99994   
ch35                      TTZ                  1.22434   
ch35                      WZ                   0.78766   
ch35                      ZZ                   1.10846   
ch35                      ttH                  0.93864   
ch36                      Convs                1.19393   
ch36                      MC_fakes             0.99771   
ch36                      Rares                1.11739   
ch36                      TTWW                 0.99992   
ch36                      TTZ                  1.18025   
ch36                      WZ                   0.80755   
ch36                      ZZ                   1.07294   
ch36                      tHW                  0.99870   
ch36                      ttH                  1.02830   
ch4                       Rares                1.07723   
ch4                       TTW_ooa              1.17552   
ch4                       TTW_pt3l_bin0        0.39989   
ch4                       TTW_pt3l_bin1        1.54108   
ch4                       TTW_pt3l_bin2        0.54234   
ch4                       TTW_pt3l_bin3        2.15518   
ch4                       TTZ                  1.12747   
ch4                       VVV                  1.20965   
ch4                       WZ                   0.97607   
ch4                       ZZ                   1.32361   
ch4                       data_fakes           0.86407   
ch4                       tHW                  0.98168   
ch4                       tHq                  0.98678   
ch4                       tZq                  1.13897   
ch4                       ttH                  0.90333   
ch4                       ttVV                 0.99167   
ch5                       Convs                1.15982   
ch5                       Rares                1.16997   
ch5                       TTW_ooa              1.00673   
ch5                       TTW_pt3l_bin0        0.40071   
ch5                       TTW_pt3l_bin1        1.62557   
ch5                       TTW_pt3l_bin2        0.47293   
ch5                       TTW_pt3l_bin3        1.79150   
ch5                       TTZ                  1.40928   
ch5                       WZ                   1.14291   
ch5                       ZZ                   1.48981   
ch5                       data_fakes           1.59605   
ch5                       tZq                  1.05220   
ch5                       ttH                  0.99025   
ch5                       ttVV                 1.07412   
ch6                       Convs                1.37473   
ch6                       Rares                1.17341   
ch6                       TTW_ooa              1.02477   
ch6                       TTW_pt3l_bin0        0.45428   
ch6                       TTW_pt3l_bin1        1.75613   
ch6                       TTW_pt3l_bin2        0.46011   
ch6                       TTW_pt3l_bin3        2.25750   
ch6                       TTZ                  1.22118   
ch6                       WZ                   1.00880   
ch6                       ZZ                   1.27320   
ch6                       data_fakes           1.92447   
ch6                       tZq                  1.22943   
ch6                       ttH                  1.17204   
ch6                       ttVV                 1.10177   
ch7                       Convs                1.08343   
ch7                       Rares                1.09577   
ch7                       TTW_ooa              1.01218   
ch7                       TTW_pt3l_bin0        0.38675   
ch7                       TTW_pt3l_bin1        1.58477   
ch7                       TTW_pt3l_bin2        0.51658   
ch7                       TTW_pt3l_bin3        1.85213   
ch7                       TTZ                  1.67766   
ch7                       VVV                  1.25681   
ch7                       WZ                   0.95659   
ch7                       ZZ                   1.26054   
ch7                       data_fakes           1.06550   
ch7                       tHW                  1.01747   
ch7                       tHq                  1.02245   
ch7                       tZq                  1.12977   
ch7                       ttH                  1.03347   
ch7                       ttVV                 1.02234   
ch8                       Convs                1.18730   
ch8                       Rares                1.16853   
ch8                       TTW_ooa              1.11348   
ch8                       TTW_pt3l_bin0        0.38641   
ch8                       TTW_pt3l_bin1        1.73561   
ch8                       TTW_pt3l_bin2        0.51249   
ch8                       TTW_pt3l_bin3        2.23348   
ch8                       TTZ                  1.53445   
ch8                       VVV                  1.29888   
ch8                       WZ                   1.02811   
ch8                       ZZ                   1.34755   
ch8                       data_fakes           1.68406   
ch8                       tHW                  1.05911   
ch8                       tHq                  1.01772   
ch8                       tZq                  1.04428   
ch8                       ttH                  1.05532   
ch8                       ttVV                 1.05528   
ch9                       Convs                0.51729   
ch9                       Rares                1.13904   
ch9                       TTW_ooa              0.97913   
ch9                       TTW_pt3l_bin0        0.41022   
ch9                       TTW_pt3l_bin1        1.65009   
ch9                       TTW_pt3l_bin2        0.52747   
ch9                       TTW_pt3l_bin3        1.90270   
ch9                       TTZ                  1.30364   
ch9                       VVV                  1.40110   
ch9                       WZ                   1.02696   
ch9                       ZZ                   1.32157   
ch9                       data_fakes           1.11045   
ch9                       tHW                  1.05284   
ch9                       tHq                  1.08973   
ch9                       tZq                  1.11976   
ch9                       ttH                  1.00820   
ch9                       ttVV                 1.04805   
