WARNING: the default behaviour of PostFitShapesFromWorkspace is to use the covariance matrix sampling method for the post-fit uncertainty. The option --sampling is deprecated and will be removed in future versions of CombineHarvester
[SetFlag] Changing value of flag "workspaces-use-clone" from 0 to 1
[#1] INFO:ObjectHandling -- RooWorkspace::import(w) importing dataset ch1
[#1] INFO:ObjectHandling -- RooWorkspace::import(w) importing dataset ch10
[#1] INFO:ObjectHandling -- RooWorkspace::import(w) importing dataset ch11
[#1] INFO:ObjectHandling -- RooWorkspace::import(w) importing dataset ch12
[#1] INFO:ObjectHandling -- RooWorkspace::import(w) importing dataset ch2
[#1] INFO:ObjectHandling -- RooWorkspace::import(w) importing dataset ch3
[#1] INFO:ObjectHandling -- RooWorkspace::import(w) importing dataset ch4
[#1] INFO:ObjectHandling -- RooWorkspace::import(w) importing dataset ch5
[#1] INFO:ObjectHandling -- RooWorkspace::import(w) importing dataset ch6
[#1] INFO:ObjectHandling -- RooWorkspace::import(w) importing dataset ch7
[#1] INFO:ObjectHandling -- RooWorkspace::import(w) importing dataset ch8
[#1] INFO:ObjectHandling -- RooWorkspace::import(w) importing dataset ch9
[SetFlag] Changing value of flag "workspaces-use-clone" from 0 to 1
>> Doing prefit: TotalBkg
>> Doing prefit: TotalSig
>> Doing prefit: TotalProcs
>> Doing prefit: ch1,Convs
>> Doing prefit: ch1,Rares
>> Doing prefit: ch1,TTW_jet2_pt_bin0
>> Doing prefit: ch1,TTW_jet2_pt_bin1
>> Doing prefit: ch1,TTW_jet2_pt_bin2
>> Doing prefit: ch1,TTW_ooa
>> Doing prefit: ch1,TTZ
>> Doing prefit: ch1,VVV
>> Doing prefit: ch1,WZ
>> Doing prefit: ch1,ZZ
>> Doing prefit: ch1,data_fakes
>> Doing prefit: ch1,data_flips
>> Doing prefit: ch1,tHW
>> Doing prefit: ch1,tHq
>> Doing prefit: ch1,tZq
>> Doing prefit: ch1,ttH
>> Doing prefit: ch1,ttVV
>> Doing prefit: ch1,TotalBkg
>> Doing prefit: ch1,TotalSig
>> Doing prefit: ch1,TotalProcs
>> Doing prefit: ch10,Convs
>> Doing prefit: ch10,Rares
>> Doing prefit: ch10,TTW_jet2_pt_bin0
>> Doing prefit: ch10,TTW_jet2_pt_bin1
>> Doing prefit: ch10,TTW_jet2_pt_bin2
>> Doing prefit: ch10,TTW_ooa
>> Doing prefit: ch10,TTZ
>> Doing prefit: ch10,VVV
>> Doing prefit: ch10,WZ
>> Doing prefit: ch10,ZZ
>> Doing prefit: ch10,data_fakes
>> Doing prefit: ch10,data_flips
>> Doing prefit: ch10,tHW
>> Doing prefit: ch10,tHq
>> Doing prefit: ch10,tZq
>> Doing prefit: ch10,ttH
>> Doing prefit: ch10,ttVV
>> Doing prefit: ch10,TotalBkg
>> Doing prefit: ch10,TotalSig
>> Doing prefit: ch10,TotalProcs
>> Doing prefit: ch11,Rares
>> Doing prefit: ch11,TTW_jet2_pt_bin0
>> Doing prefit: ch11,TTW_jet2_pt_bin1
>> Doing prefit: ch11,TTW_jet2_pt_bin2
>> Doing prefit: ch11,TTW_ooa
>> Doing prefit: ch11,TTZ
>> Doing prefit: ch11,VVV
>> Doing prefit: ch11,WZ
>> Doing prefit: ch11,ZZ
>> Doing prefit: ch11,data_fakes
>> Doing prefit: ch11,tHW
>> Doing prefit: ch11,tHq
>> Doing prefit: ch11,tZq
>> Doing prefit: ch11,ttH
>> Doing prefit: ch11,ttVV
>> Doing prefit: ch11,TotalBkg
>> Doing prefit: ch11,TotalSig
>> Doing prefit: ch11,TotalProcs
>> Doing prefit: ch12,Convs
>> Doing prefit: ch12,Rares
>> Doing prefit: ch12,TTW_jet2_pt_bin0
>> Doing prefit: ch12,TTW_jet2_pt_bin1
>> Doing prefit: ch12,TTW_jet2_pt_bin2
>> Doing prefit: ch12,TTW_ooa
>> Doing prefit: ch12,TTZ
>> Doing prefit: ch12,VVV
>> Doing prefit: ch12,WZ
>> Doing prefit: ch12,ZZ
>> Doing prefit: ch12,data_fakes
>> Doing prefit: ch12,data_flips
>> Doing prefit: ch12,tHW
>> Doing prefit: ch12,tHq
>> Doing prefit: ch12,tZq
>> Doing prefit: ch12,ttH
>> Doing prefit: ch12,ttVV
>> Doing prefit: ch12,TotalBkg
>> Doing prefit: ch12,TotalSig
>> Doing prefit: ch12,TotalProcs
>> Doing prefit: ch2,Convs
>> Doing prefit: ch2,Rares
>> Doing prefit: ch2,TTW_jet2_pt_bin0
>> Doing prefit: ch2,TTW_jet2_pt_bin1
>> Doing prefit: ch2,TTW_jet2_pt_bin2
>> Doing prefit: ch2,TTW_ooa
>> Doing prefit: ch2,TTZ
>> Doing prefit: ch2,VVV
>> Doing prefit: ch2,WZ
>> Doing prefit: ch2,ZZ
>> Doing prefit: ch2,data_fakes
>> Doing prefit: ch2,data_flips
>> Doing prefit: ch2,tHW
>> Doing prefit: ch2,tHq
>> Doing prefit: ch2,tZq
>> Doing prefit: ch2,ttH
>> Doing prefit: ch2,ttVV
>> Doing prefit: ch2,TotalBkg
>> Doing prefit: ch2,TotalSig
>> Doing prefit: ch2,TotalProcs
>> Doing prefit: ch3,Rares
>> Doing prefit: ch3,TTW_jet2_pt_bin0
>> Doing prefit: ch3,TTW_jet2_pt_bin1
>> Doing prefit: ch3,TTW_jet2_pt_bin2
>> Doing prefit: ch3,TTW_ooa
>> Doing prefit: ch3,TTZ
>> Doing prefit: ch3,VVV
>> Doing prefit: ch3,WZ
>> Doing prefit: ch3,ZZ
>> Doing prefit: ch3,data_fakes
>> Doing prefit: ch3,tHW
>> Doing prefit: ch3,tHq
>> Doing prefit: ch3,tZq
>> Doing prefit: ch3,ttH
>> Doing prefit: ch3,ttVV
>> Doing prefit: ch3,TotalBkg
>> Doing prefit: ch3,TotalSig
>> Doing prefit: ch3,TotalProcs
>> Doing prefit: ch4,Convs
>> Doing prefit: ch4,Rares
>> Doing prefit: ch4,TTW_jet2_pt_bin0
>> Doing prefit: ch4,TTW_jet2_pt_bin1
>> Doing prefit: ch4,TTW_jet2_pt_bin2
>> Doing prefit: ch4,TTW_ooa
>> Doing prefit: ch4,TTZ
>> Doing prefit: ch4,VVV
>> Doing prefit: ch4,WZ
>> Doing prefit: ch4,ZZ
>> Doing prefit: ch4,data_fakes
>> Doing prefit: ch4,data_flips
>> Doing prefit: ch4,tHW
>> Doing prefit: ch4,tHq
>> Doing prefit: ch4,tZq
>> Doing prefit: ch4,ttH
>> Doing prefit: ch4,ttVV
>> Doing prefit: ch4,TotalBkg
>> Doing prefit: ch4,TotalSig
>> Doing prefit: ch4,TotalProcs
>> Doing prefit: ch5,Rares
>> Doing prefit: ch5,TTW_jet2_pt_bin0
>> Doing prefit: ch5,TTW_jet2_pt_bin1
>> Doing prefit: ch5,TTW_jet2_pt_bin2
>> Doing prefit: ch5,TTW_ooa
>> Doing prefit: ch5,TTZ
>> Doing prefit: ch5,VVV
>> Doing prefit: ch5,WZ
>> Doing prefit: ch5,ZZ
>> Doing prefit: ch5,data_fakes
>> Doing prefit: ch5,tHW
>> Doing prefit: ch5,tHq
>> Doing prefit: ch5,tZq
>> Doing prefit: ch5,ttH
>> Doing prefit: ch5,ttVV
>> Doing prefit: ch5,TotalBkg
>> Doing prefit: ch5,TotalSig
>> Doing prefit: ch5,TotalProcs
>> Doing prefit: ch6,Convs
>> Doing prefit: ch6,Rares
>> Doing prefit: ch6,TTW_jet2_pt_bin0
>> Doing prefit: ch6,TTW_jet2_pt_bin1
>> Doing prefit: ch6,TTW_jet2_pt_bin2
>> Doing prefit: ch6,TTW_ooa
>> Doing prefit: ch6,TTZ
>> Doing prefit: ch6,VVV
>> Doing prefit: ch6,WZ
>> Doing prefit: ch6,ZZ
>> Doing prefit: ch6,data_fakes
>> Doing prefit: ch6,data_flips
>> Doing prefit: ch6,tHW
>> Doing prefit: ch6,tHq
>> Doing prefit: ch6,tZq
>> Doing prefit: ch6,ttH
>> Doing prefit: ch6,ttVV
>> Doing prefit: ch6,TotalBkg
>> Doing prefit: ch6,TotalSig
>> Doing prefit: ch6,TotalProcs
>> Doing prefit: ch7,Convs
>> Doing prefit: ch7,Rares
>> Doing prefit: ch7,TTW_jet2_pt_bin0
>> Doing prefit: ch7,TTW_jet2_pt_bin1
>> Doing prefit: ch7,TTW_jet2_pt_bin2
>> Doing prefit: ch7,TTW_ooa
>> Doing prefit: ch7,TTZ
>> Doing prefit: ch7,VVV
>> Doing prefit: ch7,WZ
>> Doing prefit: ch7,ZZ
>> Doing prefit: ch7,data_fakes
>> Doing prefit: ch7,data_flips
>> Doing prefit: ch7,tHW
>> Doing prefit: ch7,tHq
>> Doing prefit: ch7,tZq
>> Doing prefit: ch7,ttH
>> Doing prefit: ch7,ttVV
>> Doing prefit: ch7,TotalBkg
>> Doing prefit: ch7,TotalSig
>> Doing prefit: ch7,TotalProcs
>> Doing prefit: ch8,Convs
>> Doing prefit: ch8,Rares
>> Doing prefit: ch8,TTW_jet2_pt_bin0
>> Doing prefit: ch8,TTW_jet2_pt_bin1
>> Doing prefit: ch8,TTW_jet2_pt_bin2
>> Doing prefit: ch8,TTW_ooa
>> Doing prefit: ch8,TTZ
>> Doing prefit: ch8,VVV
>> Doing prefit: ch8,WZ
>> Doing prefit: ch8,ZZ
>> Doing prefit: ch8,data_fakes
>> Doing prefit: ch8,data_flips
>> Doing prefit: ch8,tHW
>> Doing prefit: ch8,tHq
>> Doing prefit: ch8,tZq
>> Doing prefit: ch8,ttH
>> Doing prefit: ch8,ttVV
>> Doing prefit: ch8,TotalBkg
>> Doing prefit: ch8,TotalSig
>> Doing prefit: ch8,TotalProcs
>> Doing prefit: ch9,Rares
>> Doing prefit: ch9,TTW_jet2_pt_bin0
>> Doing prefit: ch9,TTW_jet2_pt_bin1
>> Doing prefit: ch9,TTW_jet2_pt_bin2
>> Doing prefit: ch9,TTW_ooa
>> Doing prefit: ch9,TTZ
>> Doing prefit: ch9,VVV
>> Doing prefit: ch9,WZ
>> Doing prefit: ch9,ZZ
>> Doing prefit: ch9,data_fakes
>> Doing prefit: ch9,tHW
>> Doing prefit: ch9,tHq
>> Doing prefit: ch9,tZq
>> Doing prefit: ch9,ttH
>> Doing prefit: ch9,ttVV
>> Doing prefit: ch9,TotalBkg
>> Doing prefit: ch9,TotalSig
>> Doing prefit: ch9,TotalProcs
Bin                       Total relative bkg uncert. (prefit)
----------------------------------------------------------
ch1                       0.13389   
ch10                      0.16139   
ch11                      0.14579   
ch12                      0.10773   
ch2                       0.11854   
ch3                       0.14553   
ch4                       0.18809   
ch5                       0.15333   
ch6                       0.11583   
ch7                       0.15100   
ch8                       0.12489   
ch9                       0.15633   
>> Doing postfit: TotalBkg
>> Doing postfit: TotalSig
>> Doing postfit: TotalProcs
>> Doing postfit: ch1,Convs
>> Doing postfit: ch1,Rares
>> Doing postfit: ch1,TTW_jet2_pt_bin0
>> Doing postfit: ch1,TTW_jet2_pt_bin1
>> Doing postfit: ch1,TTW_jet2_pt_bin2
>> Doing postfit: ch1,TTW_ooa
>> Doing postfit: ch1,TTZ
>> Doing postfit: ch1,VVV
>> Doing postfit: ch1,WZ
>> Doing postfit: ch1,ZZ
>> Doing postfit: ch1,data_fakes
>> Doing postfit: ch1,data_flips
>> Doing postfit: ch1,tHW
>> Doing postfit: ch1,tHq
>> Doing postfit: ch1,tZq
>> Doing postfit: ch1,ttH
>> Doing postfit: ch1,ttVV
>> Doing postfit: ch1,TotalBkg
>> Doing postfit: ch1,TotalSig
>> Doing postfit: ch1,TotalProcs
>> Doing postfit: ch10,Convs
>> Doing postfit: ch10,Rares
>> Doing postfit: ch10,TTW_jet2_pt_bin0
>> Doing postfit: ch10,TTW_jet2_pt_bin1
>> Doing postfit: ch10,TTW_jet2_pt_bin2
>> Doing postfit: ch10,TTW_ooa
>> Doing postfit: ch10,TTZ
>> Doing postfit: ch10,VVV
>> Doing postfit: ch10,WZ
>> Doing postfit: ch10,ZZ
>> Doing postfit: ch10,data_fakes
>> Doing postfit: ch10,data_flips
>> Doing postfit: ch10,tHW
>> Doing postfit: ch10,tHq
>> Doing postfit: ch10,tZq
>> Doing postfit: ch10,ttH
>> Doing postfit: ch10,ttVV
>> Doing postfit: ch10,TotalBkg
>> Doing postfit: ch10,TotalSig
>> Doing postfit: ch10,TotalProcs
>> Doing postfit: ch11,Rares
>> Doing postfit: ch11,TTW_jet2_pt_bin0
>> Doing postfit: ch11,TTW_jet2_pt_bin1
>> Doing postfit: ch11,TTW_jet2_pt_bin2
>> Doing postfit: ch11,TTW_ooa
>> Doing postfit: ch11,TTZ
>> Doing postfit: ch11,VVV
>> Doing postfit: ch11,WZ
>> Doing postfit: ch11,ZZ
>> Doing postfit: ch11,data_fakes
>> Doing postfit: ch11,tHW
>> Doing postfit: ch11,tHq
>> Doing postfit: ch11,tZq
>> Doing postfit: ch11,ttH
>> Doing postfit: ch11,ttVV
>> Doing postfit: ch11,TotalBkg
>> Doing postfit: ch11,TotalSig
>> Doing postfit: ch11,TotalProcs
>> Doing postfit: ch12,Convs
>> Doing postfit: ch12,Rares
>> Doing postfit: ch12,TTW_jet2_pt_bin0
>> Doing postfit: ch12,TTW_jet2_pt_bin1
>> Doing postfit: ch12,TTW_jet2_pt_bin2
>> Doing postfit: ch12,TTW_ooa
>> Doing postfit: ch12,TTZ
>> Doing postfit: ch12,VVV
>> Doing postfit: ch12,WZ
>> Doing postfit: ch12,ZZ
>> Doing postfit: ch12,data_fakes
>> Doing postfit: ch12,data_flips
>> Doing postfit: ch12,tHW
>> Doing postfit: ch12,tHq
>> Doing postfit: ch12,tZq
>> Doing postfit: ch12,ttH
>> Doing postfit: ch12,ttVV
>> Doing postfit: ch12,TotalBkg
>> Doing postfit: ch12,TotalSig
>> Doing postfit: ch12,TotalProcs
>> Doing postfit: ch2,Convs
>> Doing postfit: ch2,Rares
>> Doing postfit: ch2,TTW_jet2_pt_bin0
>> Doing postfit: ch2,TTW_jet2_pt_bin1
>> Doing postfit: ch2,TTW_jet2_pt_bin2
>> Doing postfit: ch2,TTW_ooa
>> Doing postfit: ch2,TTZ
>> Doing postfit: ch2,VVV
>> Doing postfit: ch2,WZ
>> Doing postfit: ch2,ZZ
>> Doing postfit: ch2,data_fakes
>> Doing postfit: ch2,data_flips
>> Doing postfit: ch2,tHW
>> Doing postfit: ch2,tHq
>> Doing postfit: ch2,tZq
>> Doing postfit: ch2,ttH
>> Doing postfit: ch2,ttVV
>> Doing postfit: ch2,TotalBkg
>> Doing postfit: ch2,TotalSig
>> Doing postfit: ch2,TotalProcs
>> Doing postfit: ch3,Rares
>> Doing postfit: ch3,TTW_jet2_pt_bin0
>> Doing postfit: ch3,TTW_jet2_pt_bin1
>> Doing postfit: ch3,TTW_jet2_pt_bin2
>> Doing postfit: ch3,TTW_ooa
>> Doing postfit: ch3,TTZ
>> Doing postfit: ch3,VVV
>> Doing postfit: ch3,WZ
>> Doing postfit: ch3,ZZ
>> Doing postfit: ch3,data_fakes
>> Doing postfit: ch3,tHW
>> Doing postfit: ch3,tHq
>> Doing postfit: ch3,tZq
>> Doing postfit: ch3,ttH
>> Doing postfit: ch3,ttVV
>> Doing postfit: ch3,TotalBkg
>> Doing postfit: ch3,TotalSig
>> Doing postfit: ch3,TotalProcs
>> Doing postfit: ch4,Convs
>> Doing postfit: ch4,Rares
>> Doing postfit: ch4,TTW_jet2_pt_bin0
>> Doing postfit: ch4,TTW_jet2_pt_bin1
>> Doing postfit: ch4,TTW_jet2_pt_bin2
>> Doing postfit: ch4,TTW_ooa
>> Doing postfit: ch4,TTZ
>> Doing postfit: ch4,VVV
>> Doing postfit: ch4,WZ
>> Doing postfit: ch4,ZZ
>> Doing postfit: ch4,data_fakes
>> Doing postfit: ch4,data_flips
>> Doing postfit: ch4,tHW
>> Doing postfit: ch4,tHq
>> Doing postfit: ch4,tZq
>> Doing postfit: ch4,ttH
>> Doing postfit: ch4,ttVV
>> Doing postfit: ch4,TotalBkg
>> Doing postfit: ch4,TotalSig
>> Doing postfit: ch4,TotalProcs
>> Doing postfit: ch5,Rares
>> Doing postfit: ch5,TTW_jet2_pt_bin0
>> Doing postfit: ch5,TTW_jet2_pt_bin1
>> Doing postfit: ch5,TTW_jet2_pt_bin2
>> Doing postfit: ch5,TTW_ooa
>> Doing postfit: ch5,TTZ
>> Doing postfit: ch5,VVV
>> Doing postfit: ch5,WZ
>> Doing postfit: ch5,ZZ
>> Doing postfit: ch5,data_fakes
>> Doing postfit: ch5,tHW
>> Doing postfit: ch5,tHq
>> Doing postfit: ch5,tZq
>> Doing postfit: ch5,ttH
>> Doing postfit: ch5,ttVV
>> Doing postfit: ch5,TotalBkg
>> Doing postfit: ch5,TotalSig
>> Doing postfit: ch5,TotalProcs
>> Doing postfit: ch6,Convs
>> Doing postfit: ch6,Rares
>> Doing postfit: ch6,TTW_jet2_pt_bin0
>> Doing postfit: ch6,TTW_jet2_pt_bin1
>> Doing postfit: ch6,TTW_jet2_pt_bin2
>> Doing postfit: ch6,TTW_ooa
>> Doing postfit: ch6,TTZ
>> Doing postfit: ch6,VVV
>> Doing postfit: ch6,WZ
>> Doing postfit: ch6,ZZ
>> Doing postfit: ch6,data_fakes
>> Doing postfit: ch6,data_flips
>> Doing postfit: ch6,tHW
>> Doing postfit: ch6,tHq
>> Doing postfit: ch6,tZq
>> Doing postfit: ch6,ttH
>> Doing postfit: ch6,ttVV
>> Doing postfit: ch6,TotalBkg
>> Doing postfit: ch6,TotalSig
>> Doing postfit: ch6,TotalProcs
>> Doing postfit: ch7,Convs
>> Doing postfit: ch7,Rares
>> Doing postfit: ch7,TTW_jet2_pt_bin0
>> Doing postfit: ch7,TTW_jet2_pt_bin1
>> Doing postfit: ch7,TTW_jet2_pt_bin2
>> Doing postfit: ch7,TTW_ooa
>> Doing postfit: ch7,TTZ
>> Doing postfit: ch7,VVV
>> Doing postfit: ch7,WZ
>> Doing postfit: ch7,ZZ
>> Doing postfit: ch7,data_fakes
>> Doing postfit: ch7,data_flips
>> Doing postfit: ch7,tHW
>> Doing postfit: ch7,tHq
>> Doing postfit: ch7,tZq
>> Doing postfit: ch7,ttH
>> Doing postfit: ch7,ttVV
>> Doing postfit: ch7,TotalBkg
>> Doing postfit: ch7,TotalSig
>> Doing postfit: ch7,TotalProcs
>> Doing postfit: ch8,Convs
>> Doing postfit: ch8,Rares
>> Doing postfit: ch8,TTW_jet2_pt_bin0
>> Doing postfit: ch8,TTW_jet2_pt_bin1
>> Doing postfit: ch8,TTW_jet2_pt_bin2
>> Doing postfit: ch8,TTW_ooa
>> Doing postfit: ch8,TTZ
>> Doing postfit: ch8,VVV
>> Doing postfit: ch8,WZ
>> Doing postfit: ch8,ZZ
>> Doing postfit: ch8,data_fakes
>> Doing postfit: ch8,data_flips
>> Doing postfit: ch8,tHW
>> Doing postfit: ch8,tHq
>> Doing postfit: ch8,tZq
>> Doing postfit: ch8,ttH
>> Doing postfit: ch8,ttVV
>> Doing postfit: ch8,TotalBkg
>> Doing postfit: ch8,TotalSig
>> Doing postfit: ch8,TotalProcs
>> Doing postfit: ch9,Rares
>> Doing postfit: ch9,TTW_jet2_pt_bin0
>> Doing postfit: ch9,TTW_jet2_pt_bin1
>> Doing postfit: ch9,TTW_jet2_pt_bin2
>> Doing postfit: ch9,TTW_ooa
>> Doing postfit: ch9,TTZ
>> Doing postfit: ch9,VVV
>> Doing postfit: ch9,WZ
>> Doing postfit: ch9,ZZ
>> Doing postfit: ch9,data_fakes
>> Doing postfit: ch9,tHW
>> Doing postfit: ch9,tHq
>> Doing postfit: ch9,tZq
>> Doing postfit: ch9,ttH
>> Doing postfit: ch9,ttVV
>> Doing postfit: ch9,TotalBkg
>> Doing postfit: ch9,TotalSig
>> Doing postfit: ch9,TotalProcs

Bin                       Total relative bkg uncert. (postfit)
----------------------------------------------------------
ch1                       0.09325   
ch10                      0.09104   
ch11                      0.07164   
ch12                      0.06282   
ch2                       0.07377   
ch3                       0.08083   
ch4                       0.11071   
ch5                       0.51616   
ch6                       0.07507   
ch7                       0.09429   
ch8                       0.07558   
ch9                       0.08420   

Bin                       Process              Scale factor
----------------------------------------------------------
ch1                       Convs                1.06468   
ch1                       Rares                1.23905   
ch1                       TTW_jet2_pt_bin0     1.23435   
ch1                       TTW_jet2_pt_bin1     1.57152   
ch1                       TTW_jet2_pt_bin2     1.70369   
ch1                       TTW_ooa              1.16698   
ch1                       TTZ                  1.09478   
ch1                       VVV                  1.62650   
ch1                       WZ                   0.94496   
ch1                       ZZ                   1.32563   
ch1                       data_fakes           1.28365   
ch1                       data_flips           0.96726   
ch1                       tHW                  1.06716   
ch1                       tHq                  1.11366   
ch1                       tZq                  1.17081   
ch1                       ttH                  1.07285   
ch1                       ttVV                 1.08502   
ch10                      Convs                1.16231   
ch10                      Rares                1.32675   
ch10                      TTW_jet2_pt_bin0     1.19997   
ch10                      TTW_jet2_pt_bin1     1.54125   
ch10                      TTW_jet2_pt_bin2     1.69432   
ch10                      TTW_ooa              1.10306   
ch10                      TTZ                  1.21337   
ch10                      VVV                  1.27398   
ch10                      WZ                   0.99476   
ch10                      ZZ                   1.02754   
ch10                      data_fakes           1.35611   
ch10                      data_flips           0.96734   
ch10                      tHW                  1.03867   
ch10                      tHq                  1.07948   
ch10                      tZq                  1.18871   
ch10                      ttH                  1.03976   
ch10                      ttVV                 1.07844   
ch11                      Rares                1.30172   
ch11                      TTW_jet2_pt_bin0     1.14042   
ch11                      TTW_jet2_pt_bin1     1.46166   
ch11                      TTW_jet2_pt_bin2     1.58954   
ch11                      TTW_ooa              1.00980   
ch11                      TTZ                  1.12576   
ch11                      VVV                  1.58317   
ch11                      WZ                   1.04320   
ch11                      ZZ                   1.05070   
ch11                      data_fakes           0.98464   
ch11                      tHW                  1.00423   
ch11                      tHq                  1.03162   
ch11                      tZq                  1.19388   
ch11                      ttH                  1.01264   
ch11                      ttVV                 1.00904   
ch12                      Convs                1.05715   
ch12                      Rares                1.20718   
ch12                      TTW_jet2_pt_bin0     1.17677   
ch12                      TTW_jet2_pt_bin1     1.50577   
ch12                      TTW_jet2_pt_bin2     1.62715   
ch12                      TTW_ooa              1.06141   
ch12                      TTZ                  1.19118   
ch12                      VVV                  1.60727   
ch12                      WZ                   0.97916   
ch12                      ZZ                   1.20591   
ch12                      data_fakes           1.11369   
ch12                      data_flips           0.96727   
ch12                      tHW                  1.03091   
ch12                      tHq                  1.04411   
ch12                      tZq                  1.09171   
ch12                      ttH                  1.02925   
ch12                      ttVV                 1.04664   
ch2                       Convs                1.28770   
ch2                       Rares                1.23703   
ch2                       TTW_jet2_pt_bin0     1.18724   
ch2                       TTW_jet2_pt_bin1     1.52865   
ch2                       TTW_jet2_pt_bin2     1.64272   
ch2                       TTW_ooa              1.09382   
ch2                       TTZ                  1.14827   
ch2                       VVV                  1.62748   
ch2                       WZ                   0.95329   
ch2                       ZZ                   1.16657   
ch2                       data_fakes           1.12461   
ch2                       data_flips           0.96743   
ch2                       tHW                  1.02590   
ch2                       tHq                  1.03822   
ch2                       tZq                  1.15928   
ch2                       ttH                  1.03103   
ch2                       ttVV                 1.05095   
ch3                       Rares                1.40667   
ch3                       TTW_jet2_pt_bin0     1.14659   
ch3                       TTW_jet2_pt_bin1     1.45533   
ch3                       TTW_jet2_pt_bin2     1.57484   
ch3                       TTW_ooa              1.03511   
ch3                       TTZ                  1.14715   
ch3                       VVV                  1.21858   
ch3                       WZ                   0.95764   
ch3                       ZZ                   1.53665   
ch3                       data_fakes           0.97433   
ch3                       tHW                  0.99879   
ch3                       tHq                  1.01175   
ch3                       tZq                  1.04304   
ch3                       ttH                  1.01204   
ch3                       ttVV                 1.00828   
ch4                       Convs                1.07254   
ch4                       Rares                1.29462   
ch4                       TTW_jet2_pt_bin0     1.25999   
ch4                       TTW_jet2_pt_bin1     1.61972   
ch4                       TTW_jet2_pt_bin2     1.80690   
ch4                       TTW_ooa              1.16522   
ch4                       TTZ                  1.16958   
ch4                       VVV                  1.88702   
ch4                       WZ                   1.20184   
ch4                       ZZ                   2.22087   
ch4                       data_fakes           1.30972   
ch4                       data_flips           0.96643   
ch4                       tHW                  1.15415   
ch4                       tHq                  1.17926   
ch4                       tZq                  1.39952   
ch4                       ttH                  1.10978   
ch4                       ttVV                 1.09677   
ch5                       Rares                1.14022   
ch5                       TTW_jet2_pt_bin0     1.17430   
ch5                       TTW_jet2_pt_bin1     1.48440   
ch5                       TTW_jet2_pt_bin2     1.66284   
ch5                       TTW_ooa              1.11189   
ch5                       TTZ                  1.15925   
ch5                       VVV                  140.10316 
ch5                       WZ                   1.04418   
ch5                       ZZ                   1.75049   
ch5                       data_fakes           0.98230   
ch5                       tHW                  1.03911   
ch5                       tHq                  1.08409   
ch5                       tZq                  1.17063   
ch5                       ttH                  1.03374   
ch5                       ttVV                 1.02285   
ch6                       Convs                1.09218   
ch6                       Rares                1.25904   
ch6                       TTW_jet2_pt_bin0     1.22653   
ch6                       TTW_jet2_pt_bin1     1.53948   
ch6                       TTW_jet2_pt_bin2     1.66550   
ch6                       TTW_ooa              1.16596   
ch6                       TTZ                  1.16495   
ch6                       VVV                  1.93743   
ch6                       WZ                   1.13805   
ch6                       ZZ                   1.48722   
ch6                       data_fakes           1.13556   
ch6                       data_flips           0.96741   
ch6                       tHW                  1.11856   
ch6                       tHq                  1.09213   
ch6                       tZq                  1.18155   
ch6                       ttH                  1.05870   
ch6                       ttVV                 1.06228   
ch7                       Convs                0.94424   
ch7                       Rares                1.33092   
ch7                       TTW_jet2_pt_bin0     1.22758   
ch7                       TTW_jet2_pt_bin1     1.56833   
ch7                       TTW_jet2_pt_bin2     1.67021   
ch7                       TTW_ooa              1.12111   
ch7                       TTZ                  1.26570   
ch7                       VVV                  1.60811   
ch7                       WZ                   1.05116   
ch7                       ZZ                   1.53773   
ch7                       data_fakes           1.28256   
ch7                       data_flips           0.96711   
ch7                       tHW                  1.06643   
ch7                       tHq                  1.05831   
ch7                       tZq                  1.23728   
ch7                       ttH                  1.08125   
ch7                       ttVV                 1.08648   
ch8                       Convs                1.14501   
ch8                       Rares                1.26629   
ch8                       TTW_jet2_pt_bin0     1.20077   
ch8                       TTW_jet2_pt_bin1     1.52304   
ch8                       TTW_jet2_pt_bin2     1.64868   
ch8                       TTW_ooa              1.08340   
ch8                       TTZ                  1.23027   
ch8                       VVV                  1.89546   
ch8                       WZ                   1.00675   
ch8                       ZZ                   1.37698   
ch8                       data_fakes           1.06911   
ch8                       data_flips           0.96719   
ch8                       tHW                  1.04070   
ch8                       tHq                  1.06421   
ch8                       tZq                  1.11877   
ch8                       ttH                  1.06271   
ch8                       ttVV                 1.05945   
ch9                       Rares                1.14115   
ch9                       TTW_jet2_pt_bin0     1.16383   
ch9                       TTW_jet2_pt_bin1     1.49815   
ch9                       TTW_jet2_pt_bin2     1.58908   
ch9                       TTW_ooa              1.04872   
ch9                       TTZ                  1.14217   
ch9                       VVV                  1.62497   
ch9                       WZ                   0.96242   
ch9                       ZZ                   0.88087   
ch9                       data_fakes           0.93304   
ch9                       tHW                  1.04784   
ch9                       tHq                  1.01155   
ch9                       tZq                  1.15042   
ch9                       ttH                  1.03082   
ch9                       ttVV                 1.03186   
