WARNING: the default behaviour of PostFitShapesFromWorkspace is to use the covariance matrix sampling method for the post-fit uncertainty. The option --sampling is deprecated and will be removed in future versions of CombineHarvester
[SetFlag] Changing value of flag "workspaces-use-clone" from 0 to 1
[#1] INFO:ObjectHandling -- RooWorkspace::import(w) importing dataset ch1
[#1] INFO:ObjectHandling -- RooWorkspace::import(w) importing dataset ch10
[#1] INFO:ObjectHandling -- RooWorkspace::import(w) importing dataset ch11
[#1] INFO:ObjectHandling -- RooWorkspace::import(w) importing dataset ch12
[#1] INFO:ObjectHandling -- RooWorkspace::import(w) importing dataset ch13
[#1] INFO:ObjectHandling -- RooWorkspace::import(w) importing dataset ch14
[#1] INFO:ObjectHandling -- RooWorkspace::import(w) importing dataset ch15
[#1] INFO:ObjectHandling -- RooWorkspace::import(w) importing dataset ch16
[#1] INFO:ObjectHandling -- RooWorkspace::import(w) importing dataset ch17
[#1] INFO:ObjectHandling -- RooWorkspace::import(w) importing dataset ch18
[#1] INFO:ObjectHandling -- RooWorkspace::import(w) importing dataset ch19
[#1] INFO:ObjectHandling -- RooWorkspace::import(w) importing dataset ch2
[#1] INFO:ObjectHandling -- RooWorkspace::import(w) importing dataset ch20
[#1] INFO:ObjectHandling -- RooWorkspace::import(w) importing dataset ch21
[#1] INFO:ObjectHandling -- RooWorkspace::import(w) importing dataset ch22
[#1] INFO:ObjectHandling -- RooWorkspace::import(w) importing dataset ch23
[#1] INFO:ObjectHandling -- RooWorkspace::import(w) importing dataset ch24
[#1] INFO:ObjectHandling -- RooWorkspace::import(w) importing dataset ch3
[#1] INFO:ObjectHandling -- RooWorkspace::import(w) importing dataset ch4
[#1] INFO:ObjectHandling -- RooWorkspace::import(w) importing dataset ch5
[#1] INFO:ObjectHandling -- RooWorkspace::import(w) importing dataset ch6
[#1] INFO:ObjectHandling -- RooWorkspace::import(w) importing dataset ch7
[#1] INFO:ObjectHandling -- RooWorkspace::import(w) importing dataset ch8
[#1] INFO:ObjectHandling -- RooWorkspace::import(w) importing dataset ch9
[SetFlag] Changing value of flag "workspaces-use-clone" from 0 to 1
>> Doing prefit: TotalBkg
>> Doing prefit: TotalSig
>> Doing prefit: TotalProcs
>> Doing prefit: ch1,Convs
>> Doing prefit: ch1,Rares
>> Doing prefit: ch1,TTW_njets_7bins_bin0
>> Doing prefit: ch1,TTW_njets_7bins_bin1
>> Doing prefit: ch1,TTW_njets_7bins_bin2
>> Doing prefit: ch1,TTW_njets_7bins_bin3
>> Doing prefit: ch1,TTW_njets_7bins_bin4
>> Doing prefit: ch1,TTW_ooa
>> Doing prefit: ch1,TTZ
>> Doing prefit: ch1,VVV
>> Doing prefit: ch1,WZ
>> Doing prefit: ch1,ZZ
>> Doing prefit: ch1,data_fakes
>> Doing prefit: ch1,data_flips
>> Doing prefit: ch1,tHW
>> Doing prefit: ch1,tHq
>> Doing prefit: ch1,tZq
>> Doing prefit: ch1,ttH
>> Doing prefit: ch1,ttVV
>> Doing prefit: ch1,TotalBkg
>> Doing prefit: ch1,TotalSig
>> Doing prefit: ch1,TotalProcs
>> Doing prefit: ch10,Convs
>> Doing prefit: ch10,Rares
>> Doing prefit: ch10,TTW_njets_7bins_bin0
>> Doing prefit: ch10,TTW_njets_7bins_bin1
>> Doing prefit: ch10,TTW_njets_7bins_bin2
>> Doing prefit: ch10,TTW_njets_7bins_bin3
>> Doing prefit: ch10,TTW_njets_7bins_bin4
>> Doing prefit: ch10,TTW_ooa
>> Doing prefit: ch10,TTZ
>> Doing prefit: ch10,VVV
>> Doing prefit: ch10,WZ
>> Doing prefit: ch10,ZZ
>> Doing prefit: ch10,data_fakes
>> Doing prefit: ch10,data_flips
>> Doing prefit: ch10,tHW
>> Doing prefit: ch10,tHq
>> Doing prefit: ch10,tZq
>> Doing prefit: ch10,ttH
>> Doing prefit: ch10,ttVV
>> Doing prefit: ch10,TotalBkg
>> Doing prefit: ch10,TotalSig
>> Doing prefit: ch10,TotalProcs
>> Doing prefit: ch11,Convs
>> Doing prefit: ch11,Rares
>> Doing prefit: ch11,TTW_njets_7bins_bin0
>> Doing prefit: ch11,TTW_njets_7bins_bin1
>> Doing prefit: ch11,TTW_njets_7bins_bin2
>> Doing prefit: ch11,TTW_njets_7bins_bin3
>> Doing prefit: ch11,TTW_njets_7bins_bin4
>> Doing prefit: ch11,TTW_ooa
>> Doing prefit: ch11,TTZ
>> Doing prefit: ch11,VVV
>> Doing prefit: ch11,WZ
>> Doing prefit: ch11,ZZ
>> Doing prefit: ch11,data_fakes
>> Doing prefit: ch11,data_flips
>> Doing prefit: ch11,tHW
>> Doing prefit: ch11,tHq
>> Doing prefit: ch11,tZq
>> Doing prefit: ch11,ttH
>> Doing prefit: ch11,ttVV
>> Doing prefit: ch11,TotalBkg
>> Doing prefit: ch11,TotalSig
>> Doing prefit: ch11,TotalProcs
>> Doing prefit: ch12,Rares
>> Doing prefit: ch12,TTW_njets_7bins_bin0
>> Doing prefit: ch12,TTW_njets_7bins_bin1
>> Doing prefit: ch12,TTW_njets_7bins_bin2
>> Doing prefit: ch12,TTW_njets_7bins_bin3
>> Doing prefit: ch12,TTW_njets_7bins_bin4
>> Doing prefit: ch12,TTW_ooa
>> Doing prefit: ch12,TTZ
>> Doing prefit: ch12,VVV
>> Doing prefit: ch12,WZ
>> Doing prefit: ch12,ZZ
>> Doing prefit: ch12,data_fakes
>> Doing prefit: ch12,tHW
>> Doing prefit: ch12,tHq
>> Doing prefit: ch12,tZq
>> Doing prefit: ch12,ttH
>> Doing prefit: ch12,ttVV
>> Doing prefit: ch12,TotalBkg
>> Doing prefit: ch12,TotalSig
>> Doing prefit: ch12,TotalProcs
>> Doing prefit: ch13,Rares
>> Doing prefit: ch13,TTW_njets_7bins_bin0
>> Doing prefit: ch13,TTW_njets_7bins_bin1
>> Doing prefit: ch13,TTW_njets_7bins_bin2
>> Doing prefit: ch13,TTW_njets_7bins_bin3
>> Doing prefit: ch13,TTW_njets_7bins_bin4
>> Doing prefit: ch13,TTW_ooa
>> Doing prefit: ch13,TTZ
>> Doing prefit: ch13,VVV
>> Doing prefit: ch13,WZ
>> Doing prefit: ch13,ZZ
>> Doing prefit: ch13,data_fakes
>> Doing prefit: ch13,tHW
>> Doing prefit: ch13,tHq
>> Doing prefit: ch13,tZq
>> Doing prefit: ch13,ttH
>> Doing prefit: ch13,ttVV
>> Doing prefit: ch13,TotalBkg
>> Doing prefit: ch13,TotalSig
>> Doing prefit: ch13,TotalProcs
>> Doing prefit: ch14,Convs
>> Doing prefit: ch14,Rares
>> Doing prefit: ch14,TTW_njets_7bins_bin0
>> Doing prefit: ch14,TTW_njets_7bins_bin1
>> Doing prefit: ch14,TTW_njets_7bins_bin2
>> Doing prefit: ch14,TTW_njets_7bins_bin3
>> Doing prefit: ch14,TTW_njets_7bins_bin4
>> Doing prefit: ch14,TTW_ooa
>> Doing prefit: ch14,TTZ
>> Doing prefit: ch14,VVV
>> Doing prefit: ch14,WZ
>> Doing prefit: ch14,ZZ
>> Doing prefit: ch14,data_fakes
>> Doing prefit: ch14,data_flips
>> Doing prefit: ch14,tHW
>> Doing prefit: ch14,tHq
>> Doing prefit: ch14,tZq
>> Doing prefit: ch14,ttH
>> Doing prefit: ch14,ttVV
>> Doing prefit: ch14,TotalBkg
>> Doing prefit: ch14,TotalSig
>> Doing prefit: ch14,TotalProcs
>> Doing prefit: ch15,Convs
>> Doing prefit: ch15,Rares
>> Doing prefit: ch15,TTW_njets_7bins_bin0
>> Doing prefit: ch15,TTW_njets_7bins_bin1
>> Doing prefit: ch15,TTW_njets_7bins_bin2
>> Doing prefit: ch15,TTW_njets_7bins_bin3
>> Doing prefit: ch15,TTW_njets_7bins_bin4
>> Doing prefit: ch15,TTW_ooa
>> Doing prefit: ch15,TTZ
>> Doing prefit: ch15,VVV
>> Doing prefit: ch15,WZ
>> Doing prefit: ch15,ZZ
>> Doing prefit: ch15,data_fakes
>> Doing prefit: ch15,data_flips
>> Doing prefit: ch15,tHW
>> Doing prefit: ch15,tHq
>> Doing prefit: ch15,tZq
>> Doing prefit: ch15,ttH
>> Doing prefit: ch15,ttVV
>> Doing prefit: ch15,TotalBkg
>> Doing prefit: ch15,TotalSig
>> Doing prefit: ch15,TotalProcs
>> Doing prefit: ch16,Convs
>> Doing prefit: ch16,Rares
>> Doing prefit: ch16,TTW_njets_7bins_bin0
>> Doing prefit: ch16,TTW_njets_7bins_bin1
>> Doing prefit: ch16,TTW_njets_7bins_bin2
>> Doing prefit: ch16,TTW_njets_7bins_bin3
>> Doing prefit: ch16,TTW_njets_7bins_bin4
>> Doing prefit: ch16,TTW_ooa
>> Doing prefit: ch16,TTZ
>> Doing prefit: ch16,VVV
>> Doing prefit: ch16,WZ
>> Doing prefit: ch16,ZZ
>> Doing prefit: ch16,data_fakes
>> Doing prefit: ch16,data_flips
>> Doing prefit: ch16,tHW
>> Doing prefit: ch16,tHq
>> Doing prefit: ch16,tZq
>> Doing prefit: ch16,ttH
>> Doing prefit: ch16,ttVV
>> Doing prefit: ch16,TotalBkg
>> Doing prefit: ch16,TotalSig
>> Doing prefit: ch16,TotalProcs
>> Doing prefit: ch17,Convs
>> Doing prefit: ch17,Rares
>> Doing prefit: ch17,TTW_njets_7bins_bin0
>> Doing prefit: ch17,TTW_njets_7bins_bin1
>> Doing prefit: ch17,TTW_njets_7bins_bin2
>> Doing prefit: ch17,TTW_njets_7bins_bin3
>> Doing prefit: ch17,TTW_njets_7bins_bin4
>> Doing prefit: ch17,TTW_ooa
>> Doing prefit: ch17,TTZ
>> Doing prefit: ch17,VVV
>> Doing prefit: ch17,WZ
>> Doing prefit: ch17,ZZ
>> Doing prefit: ch17,data_fakes
>> Doing prefit: ch17,data_flips
>> Doing prefit: ch17,tHW
>> Doing prefit: ch17,tHq
>> Doing prefit: ch17,tZq
>> Doing prefit: ch17,ttH
>> Doing prefit: ch17,ttVV
>> Doing prefit: ch17,TotalBkg
>> Doing prefit: ch17,TotalSig
>> Doing prefit: ch17,TotalProcs
>> Doing prefit: ch18,Convs
>> Doing prefit: ch18,Rares
>> Doing prefit: ch18,TTW_njets_7bins_bin0
>> Doing prefit: ch18,TTW_njets_7bins_bin1
>> Doing prefit: ch18,TTW_njets_7bins_bin2
>> Doing prefit: ch18,TTW_njets_7bins_bin3
>> Doing prefit: ch18,TTW_njets_7bins_bin4
>> Doing prefit: ch18,TTW_ooa
>> Doing prefit: ch18,TTZ
>> Doing prefit: ch18,VVV
>> Doing prefit: ch18,WZ
>> Doing prefit: ch18,ZZ
>> Doing prefit: ch18,data_fakes
>> Doing prefit: ch18,data_flips
>> Doing prefit: ch18,tHW
>> Doing prefit: ch18,tHq
>> Doing prefit: ch18,tZq
>> Doing prefit: ch18,ttH
>> Doing prefit: ch18,ttVV
>> Doing prefit: ch18,TotalBkg
>> Doing prefit: ch18,TotalSig
>> Doing prefit: ch18,TotalProcs
>> Doing prefit: ch19,Rares
>> Doing prefit: ch19,TTW_njets_7bins_bin0
>> Doing prefit: ch19,TTW_njets_7bins_bin1
>> Doing prefit: ch19,TTW_njets_7bins_bin2
>> Doing prefit: ch19,TTW_njets_7bins_bin3
>> Doing prefit: ch19,TTW_njets_7bins_bin4
>> Doing prefit: ch19,TTW_ooa
>> Doing prefit: ch19,TTZ
>> Doing prefit: ch19,VVV
>> Doing prefit: ch19,WZ
>> Doing prefit: ch19,data_fakes
>> Doing prefit: ch19,tHW
>> Doing prefit: ch19,tHq
>> Doing prefit: ch19,tZq
>> Doing prefit: ch19,ttH
>> Doing prefit: ch19,ttVV
>> Doing prefit: ch19,TotalBkg
>> Doing prefit: ch19,TotalSig
>> Doing prefit: ch19,TotalProcs
>> Doing prefit: ch2,Convs
>> Doing prefit: ch2,Rares
>> Doing prefit: ch2,TTW_njets_7bins_bin0
>> Doing prefit: ch2,TTW_njets_7bins_bin1
>> Doing prefit: ch2,TTW_njets_7bins_bin2
>> Doing prefit: ch2,TTW_njets_7bins_bin3
>> Doing prefit: ch2,TTW_njets_7bins_bin4
>> Doing prefit: ch2,TTW_ooa
>> Doing prefit: ch2,TTZ
>> Doing prefit: ch2,VVV
>> Doing prefit: ch2,WZ
>> Doing prefit: ch2,ZZ
>> Doing prefit: ch2,data_fakes
>> Doing prefit: ch2,data_flips
>> Doing prefit: ch2,tHW
>> Doing prefit: ch2,tHq
>> Doing prefit: ch2,tZq
>> Doing prefit: ch2,ttH
>> Doing prefit: ch2,ttVV
>> Doing prefit: ch2,TotalBkg
>> Doing prefit: ch2,TotalSig
>> Doing prefit: ch2,TotalProcs
>> Doing prefit: ch20,Rares
>> Doing prefit: ch20,TTW_njets_7bins_bin0
>> Doing prefit: ch20,TTW_njets_7bins_bin1
>> Doing prefit: ch20,TTW_njets_7bins_bin2
>> Doing prefit: ch20,TTW_njets_7bins_bin3
>> Doing prefit: ch20,TTW_njets_7bins_bin4
>> Doing prefit: ch20,TTW_ooa
>> Doing prefit: ch20,TTZ
>> Doing prefit: ch20,VVV
>> Doing prefit: ch20,WZ
>> Doing prefit: ch20,ZZ
>> Doing prefit: ch20,data_fakes
>> Doing prefit: ch20,tHW
>> Doing prefit: ch20,tHq
>> Doing prefit: ch20,tZq
>> Doing prefit: ch20,ttH
>> Doing prefit: ch20,ttVV
>> Doing prefit: ch20,TotalBkg
>> Doing prefit: ch20,TotalSig
>> Doing prefit: ch20,TotalProcs
>> Doing prefit: ch21,Convs
>> Doing prefit: ch21,Rares
>> Doing prefit: ch21,TTW_njets_7bins_bin0
>> Doing prefit: ch21,TTW_njets_7bins_bin1
>> Doing prefit: ch21,TTW_njets_7bins_bin2
>> Doing prefit: ch21,TTW_njets_7bins_bin3
>> Doing prefit: ch21,TTW_njets_7bins_bin4
>> Doing prefit: ch21,TTW_ooa
>> Doing prefit: ch21,TTZ
>> Doing prefit: ch21,VVV
>> Doing prefit: ch21,WZ
>> Doing prefit: ch21,ZZ
>> Doing prefit: ch21,data_fakes
>> Doing prefit: ch21,data_flips
>> Doing prefit: ch21,tHW
>> Doing prefit: ch21,tHq
>> Doing prefit: ch21,tZq
>> Doing prefit: ch21,ttH
>> Doing prefit: ch21,ttVV
>> Doing prefit: ch21,TotalBkg
>> Doing prefit: ch21,TotalSig
>> Doing prefit: ch21,TotalProcs
>> Doing prefit: ch22,Rares
>> Doing prefit: ch22,TTW_njets_7bins_bin0
>> Doing prefit: ch22,TTW_njets_7bins_bin1
>> Doing prefit: ch22,TTW_njets_7bins_bin2
>> Doing prefit: ch22,TTW_njets_7bins_bin3
>> Doing prefit: ch22,TTW_njets_7bins_bin4
>> Doing prefit: ch22,TTW_ooa
>> Doing prefit: ch22,TTZ
>> Doing prefit: ch22,VVV
>> Doing prefit: ch22,WZ
>> Doing prefit: ch22,ZZ
>> Doing prefit: ch22,data_fakes
>> Doing prefit: ch22,tHW
>> Doing prefit: ch22,tHq
>> Doing prefit: ch22,tZq
>> Doing prefit: ch22,ttH
>> Doing prefit: ch22,ttVV
>> Doing prefit: ch22,TotalBkg
>> Doing prefit: ch22,TotalSig
>> Doing prefit: ch22,TotalProcs
>> Doing prefit: ch23,Convs
>> Doing prefit: ch23,Rares
>> Doing prefit: ch23,TTW_njets_7bins_bin0
>> Doing prefit: ch23,TTW_njets_7bins_bin1
>> Doing prefit: ch23,TTW_njets_7bins_bin2
>> Doing prefit: ch23,TTW_njets_7bins_bin3
>> Doing prefit: ch23,TTW_njets_7bins_bin4
>> Doing prefit: ch23,TTW_ooa
>> Doing prefit: ch23,TTZ
>> Doing prefit: ch23,VVV
>> Doing prefit: ch23,WZ
>> Doing prefit: ch23,ZZ
>> Doing prefit: ch23,data_fakes
>> Doing prefit: ch23,data_flips
>> Doing prefit: ch23,tHW
>> Doing prefit: ch23,tHq
>> Doing prefit: ch23,tZq
>> Doing prefit: ch23,ttH
>> Doing prefit: ch23,ttVV
>> Doing prefit: ch23,TotalBkg
>> Doing prefit: ch23,TotalSig
>> Doing prefit: ch23,TotalProcs
>> Doing prefit: ch24,Convs
>> Doing prefit: ch24,Rares
>> Doing prefit: ch24,TTW_njets_7bins_bin0
>> Doing prefit: ch24,TTW_njets_7bins_bin1
>> Doing prefit: ch24,TTW_njets_7bins_bin2
>> Doing prefit: ch24,TTW_njets_7bins_bin3
>> Doing prefit: ch24,TTW_njets_7bins_bin4
>> Doing prefit: ch24,TTW_ooa
>> Doing prefit: ch24,TTZ
>> Doing prefit: ch24,VVV
>> Doing prefit: ch24,WZ
>> Doing prefit: ch24,ZZ
>> Doing prefit: ch24,data_fakes
>> Doing prefit: ch24,data_flips
>> Doing prefit: ch24,tHW
>> Doing prefit: ch24,tHq
>> Doing prefit: ch24,tZq
>> Doing prefit: ch24,ttH
>> Doing prefit: ch24,ttVV
>> Doing prefit: ch24,TotalBkg
>> Doing prefit: ch24,TotalSig
>> Doing prefit: ch24,TotalProcs
>> Doing prefit: ch3,Rares
>> Doing prefit: ch3,TTW_njets_7bins_bin0
>> Doing prefit: ch3,TTW_njets_7bins_bin1
>> Doing prefit: ch3,TTW_njets_7bins_bin2
>> Doing prefit: ch3,TTW_njets_7bins_bin3
>> Doing prefit: ch3,TTW_njets_7bins_bin4
>> Doing prefit: ch3,TTW_ooa
>> Doing prefit: ch3,TTZ
>> Doing prefit: ch3,VVV
>> Doing prefit: ch3,WZ
>> Doing prefit: ch3,ZZ
>> Doing prefit: ch3,data_fakes
>> Doing prefit: ch3,tHW
>> Doing prefit: ch3,tHq
>> Doing prefit: ch3,tZq
>> Doing prefit: ch3,ttH
>> Doing prefit: ch3,ttVV
>> Doing prefit: ch3,TotalBkg
>> Doing prefit: ch3,TotalSig
>> Doing prefit: ch3,TotalProcs
>> Doing prefit: ch4,Rares
>> Doing prefit: ch4,TTW_njets_7bins_bin0
>> Doing prefit: ch4,TTW_njets_7bins_bin1
>> Doing prefit: ch4,TTW_njets_7bins_bin2
>> Doing prefit: ch4,TTW_njets_7bins_bin3
>> Doing prefit: ch4,TTW_njets_7bins_bin4
>> Doing prefit: ch4,TTW_ooa
>> Doing prefit: ch4,TTZ
>> Doing prefit: ch4,VVV
>> Doing prefit: ch4,WZ
>> Doing prefit: ch4,ZZ
>> Doing prefit: ch4,data_fakes
>> Doing prefit: ch4,tHW
>> Doing prefit: ch4,tHq
>> Doing prefit: ch4,tZq
>> Doing prefit: ch4,ttH
>> Doing prefit: ch4,ttVV
>> Doing prefit: ch4,TotalBkg
>> Doing prefit: ch4,TotalSig
>> Doing prefit: ch4,TotalProcs
>> Doing prefit: ch5,Convs
>> Doing prefit: ch5,Rares
>> Doing prefit: ch5,TTW_njets_7bins_bin0
>> Doing prefit: ch5,TTW_njets_7bins_bin1
>> Doing prefit: ch5,TTW_njets_7bins_bin2
>> Doing prefit: ch5,TTW_njets_7bins_bin3
>> Doing prefit: ch5,TTW_njets_7bins_bin4
>> Doing prefit: ch5,TTW_ooa
>> Doing prefit: ch5,TTZ
>> Doing prefit: ch5,VVV
>> Doing prefit: ch5,WZ
>> Doing prefit: ch5,ZZ
>> Doing prefit: ch5,data_fakes
>> Doing prefit: ch5,data_flips
>> Doing prefit: ch5,tHW
>> Doing prefit: ch5,tHq
>> Doing prefit: ch5,tZq
>> Doing prefit: ch5,ttH
>> Doing prefit: ch5,ttVV
>> Doing prefit: ch5,TotalBkg
>> Doing prefit: ch5,TotalSig
>> Doing prefit: ch5,TotalProcs
>> Doing prefit: ch6,Rares
>> Doing prefit: ch6,TTW_njets_7bins_bin0
>> Doing prefit: ch6,TTW_njets_7bins_bin1
>> Doing prefit: ch6,TTW_njets_7bins_bin2
>> Doing prefit: ch6,TTW_njets_7bins_bin3
>> Doing prefit: ch6,TTW_njets_7bins_bin4
>> Doing prefit: ch6,TTW_ooa
>> Doing prefit: ch6,TTZ
>> Doing prefit: ch6,VVV
>> Doing prefit: ch6,WZ
>> Doing prefit: ch6,ZZ
>> Doing prefit: ch6,data_fakes
>> Doing prefit: ch6,tHW
>> Doing prefit: ch6,tHq
>> Doing prefit: ch6,tZq
>> Doing prefit: ch6,ttH
>> Doing prefit: ch6,ttVV
>> Doing prefit: ch6,TotalBkg
>> Doing prefit: ch6,TotalSig
>> Doing prefit: ch6,TotalProcs
>> Doing prefit: ch7,Convs
>> Doing prefit: ch7,Rares
>> Doing prefit: ch7,TTW_njets_7bins_bin0
>> Doing prefit: ch7,TTW_njets_7bins_bin1
>> Doing prefit: ch7,TTW_njets_7bins_bin2
>> Doing prefit: ch7,TTW_njets_7bins_bin3
>> Doing prefit: ch7,TTW_njets_7bins_bin4
>> Doing prefit: ch7,TTW_ooa
>> Doing prefit: ch7,TTZ
>> Doing prefit: ch7,VVV
>> Doing prefit: ch7,WZ
>> Doing prefit: ch7,ZZ
>> Doing prefit: ch7,data_fakes
>> Doing prefit: ch7,data_flips
>> Doing prefit: ch7,tHW
>> Doing prefit: ch7,tHq
>> Doing prefit: ch7,tZq
>> Doing prefit: ch7,ttH
>> Doing prefit: ch7,ttVV
>> Doing prefit: ch7,TotalBkg
>> Doing prefit: ch7,TotalSig
>> Doing prefit: ch7,TotalProcs
>> Doing prefit: ch8,Convs
>> Doing prefit: ch8,Rares
>> Doing prefit: ch8,TTW_njets_7bins_bin0
>> Doing prefit: ch8,TTW_njets_7bins_bin1
>> Doing prefit: ch8,TTW_njets_7bins_bin2
>> Doing prefit: ch8,TTW_njets_7bins_bin3
>> Doing prefit: ch8,TTW_njets_7bins_bin4
>> Doing prefit: ch8,TTW_ooa
>> Doing prefit: ch8,TTZ
>> Doing prefit: ch8,VVV
>> Doing prefit: ch8,WZ
>> Doing prefit: ch8,ZZ
>> Doing prefit: ch8,data_fakes
>> Doing prefit: ch8,data_flips
>> Doing prefit: ch8,tHW
>> Doing prefit: ch8,tHq
>> Doing prefit: ch8,tZq
>> Doing prefit: ch8,ttH
>> Doing prefit: ch8,ttVV
>> Doing prefit: ch8,TotalBkg
>> Doing prefit: ch8,TotalSig
>> Doing prefit: ch8,TotalProcs
>> Doing prefit: ch9,Convs
>> Doing prefit: ch9,Rares
>> Doing prefit: ch9,TTW_njets_7bins_bin0
>> Doing prefit: ch9,TTW_njets_7bins_bin1
>> Doing prefit: ch9,TTW_njets_7bins_bin2
>> Doing prefit: ch9,TTW_njets_7bins_bin3
>> Doing prefit: ch9,TTW_njets_7bins_bin4
>> Doing prefit: ch9,TTW_ooa
>> Doing prefit: ch9,TTZ
>> Doing prefit: ch9,VVV
>> Doing prefit: ch9,WZ
>> Doing prefit: ch9,ZZ
>> Doing prefit: ch9,data_fakes
>> Doing prefit: ch9,data_flips
>> Doing prefit: ch9,tHW
>> Doing prefit: ch9,tHq
>> Doing prefit: ch9,tZq
>> Doing prefit: ch9,ttH
>> Doing prefit: ch9,ttVV
>> Doing prefit: ch9,TotalBkg
>> Doing prefit: ch9,TotalSig
>> Doing prefit: ch9,TotalProcs
Bin                       Total relative bkg uncert. (prefit)
----------------------------------------------------------
ch1                       0.11996   
ch10                      0.14627   
ch11                      0.10965   
ch12                      0.14122   
ch13                      0.14544   
ch14                      0.15143   
ch15                      0.12486   
ch16                      0.12527   
ch17                      0.14964   
ch18                      0.11711   
ch19                      0.12264   
ch2                       0.21308   
ch20                      0.14577   
ch21                      0.10763   
ch22                      0.17509   
ch23                      0.16381   
ch24                      0.15011   
ch3                       0.20783   
ch4                       0.15626   
ch5                       0.11566   
ch6                       0.15345   
ch7                       0.13383   
ch8                       0.11988   
ch9                       0.13005   
>> Doing postfit: TotalBkg
>> Doing postfit: TotalSig
>> Doing postfit: TotalProcs
>> Doing postfit: ch1,Convs
>> Doing postfit: ch1,Rares
>> Doing postfit: ch1,TTW_njets_7bins_bin0
>> Doing postfit: ch1,TTW_njets_7bins_bin1
>> Doing postfit: ch1,TTW_njets_7bins_bin2
>> Doing postfit: ch1,TTW_njets_7bins_bin3
>> Doing postfit: ch1,TTW_njets_7bins_bin4
>> Doing postfit: ch1,TTW_ooa
>> Doing postfit: ch1,TTZ
>> Doing postfit: ch1,VVV
>> Doing postfit: ch1,WZ
>> Doing postfit: ch1,ZZ
>> Doing postfit: ch1,data_fakes
>> Doing postfit: ch1,data_flips
>> Doing postfit: ch1,tHW
>> Doing postfit: ch1,tHq
>> Doing postfit: ch1,tZq
>> Doing postfit: ch1,ttH
>> Doing postfit: ch1,ttVV
>> Doing postfit: ch1,TotalBkg
>> Doing postfit: ch1,TotalSig
>> Doing postfit: ch1,TotalProcs
>> Doing postfit: ch10,Convs
>> Doing postfit: ch10,Rares
>> Doing postfit: ch10,TTW_njets_7bins_bin0
>> Doing postfit: ch10,TTW_njets_7bins_bin1
>> Doing postfit: ch10,TTW_njets_7bins_bin2
>> Doing postfit: ch10,TTW_njets_7bins_bin3
>> Doing postfit: ch10,TTW_njets_7bins_bin4
>> Doing postfit: ch10,TTW_ooa
>> Doing postfit: ch10,TTZ
>> Doing postfit: ch10,VVV
>> Doing postfit: ch10,WZ
>> Doing postfit: ch10,ZZ
>> Doing postfit: ch10,data_fakes
>> Doing postfit: ch10,data_flips
>> Doing postfit: ch10,tHW
>> Doing postfit: ch10,tHq
>> Doing postfit: ch10,tZq
>> Doing postfit: ch10,ttH
>> Doing postfit: ch10,ttVV
>> Doing postfit: ch10,TotalBkg
>> Doing postfit: ch10,TotalSig
>> Doing postfit: ch10,TotalProcs
>> Doing postfit: ch11,Convs
>> Doing postfit: ch11,Rares
>> Doing postfit: ch11,TTW_njets_7bins_bin0
>> Doing postfit: ch11,TTW_njets_7bins_bin1
>> Doing postfit: ch11,TTW_njets_7bins_bin2
>> Doing postfit: ch11,TTW_njets_7bins_bin3
>> Doing postfit: ch11,TTW_njets_7bins_bin4
>> Doing postfit: ch11,TTW_ooa
>> Doing postfit: ch11,TTZ
>> Doing postfit: ch11,VVV
>> Doing postfit: ch11,WZ
>> Doing postfit: ch11,ZZ
>> Doing postfit: ch11,data_fakes
>> Doing postfit: ch11,data_flips
>> Doing postfit: ch11,tHW
>> Doing postfit: ch11,tHq
>> Doing postfit: ch11,tZq
>> Doing postfit: ch11,ttH
>> Doing postfit: ch11,ttVV
>> Doing postfit: ch11,TotalBkg
>> Doing postfit: ch11,TotalSig
>> Doing postfit: ch11,TotalProcs
>> Doing postfit: ch12,Rares
>> Doing postfit: ch12,TTW_njets_7bins_bin0
>> Doing postfit: ch12,TTW_njets_7bins_bin1
>> Doing postfit: ch12,TTW_njets_7bins_bin2
>> Doing postfit: ch12,TTW_njets_7bins_bin3
>> Doing postfit: ch12,TTW_njets_7bins_bin4
>> Doing postfit: ch12,TTW_ooa
>> Doing postfit: ch12,TTZ
>> Doing postfit: ch12,VVV
>> Doing postfit: ch12,WZ
>> Doing postfit: ch12,ZZ
>> Doing postfit: ch12,data_fakes
>> Doing postfit: ch12,tHW
>> Doing postfit: ch12,tHq
>> Doing postfit: ch12,tZq
>> Doing postfit: ch12,ttH
>> Doing postfit: ch12,ttVV
>> Doing postfit: ch12,TotalBkg
>> Doing postfit: ch12,TotalSig
>> Doing postfit: ch12,TotalProcs
>> Doing postfit: ch13,Rares
>> Doing postfit: ch13,TTW_njets_7bins_bin0
>> Doing postfit: ch13,TTW_njets_7bins_bin1
>> Doing postfit: ch13,TTW_njets_7bins_bin2
>> Doing postfit: ch13,TTW_njets_7bins_bin3
>> Doing postfit: ch13,TTW_njets_7bins_bin4
>> Doing postfit: ch13,TTW_ooa
>> Doing postfit: ch13,TTZ
>> Doing postfit: ch13,VVV
>> Doing postfit: ch13,WZ
>> Doing postfit: ch13,ZZ
>> Doing postfit: ch13,data_fakes
>> Doing postfit: ch13,tHW
>> Doing postfit: ch13,tHq
>> Doing postfit: ch13,tZq
>> Doing postfit: ch13,ttH
>> Doing postfit: ch13,ttVV
>> Doing postfit: ch13,TotalBkg
>> Doing postfit: ch13,TotalSig
>> Doing postfit: ch13,TotalProcs
>> Doing postfit: ch14,Convs
>> Doing postfit: ch14,Rares
>> Doing postfit: ch14,TTW_njets_7bins_bin0
>> Doing postfit: ch14,TTW_njets_7bins_bin1
>> Doing postfit: ch14,TTW_njets_7bins_bin2
>> Doing postfit: ch14,TTW_njets_7bins_bin3
>> Doing postfit: ch14,TTW_njets_7bins_bin4
>> Doing postfit: ch14,TTW_ooa
>> Doing postfit: ch14,TTZ
>> Doing postfit: ch14,VVV
>> Doing postfit: ch14,WZ
>> Doing postfit: ch14,ZZ
>> Doing postfit: ch14,data_fakes
>> Doing postfit: ch14,data_flips
>> Doing postfit: ch14,tHW
>> Doing postfit: ch14,tHq
>> Doing postfit: ch14,tZq
>> Doing postfit: ch14,ttH
>> Doing postfit: ch14,ttVV
>> Doing postfit: ch14,TotalBkg
>> Doing postfit: ch14,TotalSig
>> Doing postfit: ch14,TotalProcs
>> Doing postfit: ch15,Convs
>> Doing postfit: ch15,Rares
>> Doing postfit: ch15,TTW_njets_7bins_bin0
>> Doing postfit: ch15,TTW_njets_7bins_bin1
>> Doing postfit: ch15,TTW_njets_7bins_bin2
>> Doing postfit: ch15,TTW_njets_7bins_bin3
>> Doing postfit: ch15,TTW_njets_7bins_bin4
>> Doing postfit: ch15,TTW_ooa
>> Doing postfit: ch15,TTZ
>> Doing postfit: ch15,VVV
>> Doing postfit: ch15,WZ
>> Doing postfit: ch15,ZZ
>> Doing postfit: ch15,data_fakes
>> Doing postfit: ch15,data_flips
>> Doing postfit: ch15,tHW
>> Doing postfit: ch15,tHq
>> Doing postfit: ch15,tZq
>> Doing postfit: ch15,ttH
>> Doing postfit: ch15,ttVV
>> Doing postfit: ch15,TotalBkg
>> Doing postfit: ch15,TotalSig
>> Doing postfit: ch15,TotalProcs
>> Doing postfit: ch16,Convs
>> Doing postfit: ch16,Rares
>> Doing postfit: ch16,TTW_njets_7bins_bin0
>> Doing postfit: ch16,TTW_njets_7bins_bin1
>> Doing postfit: ch16,TTW_njets_7bins_bin2
>> Doing postfit: ch16,TTW_njets_7bins_bin3
>> Doing postfit: ch16,TTW_njets_7bins_bin4
>> Doing postfit: ch16,TTW_ooa
>> Doing postfit: ch16,TTZ
>> Doing postfit: ch16,VVV
>> Doing postfit: ch16,WZ
>> Doing postfit: ch16,ZZ
>> Doing postfit: ch16,data_fakes
>> Doing postfit: ch16,data_flips
>> Doing postfit: ch16,tHW
>> Doing postfit: ch16,tHq
>> Doing postfit: ch16,tZq
>> Doing postfit: ch16,ttH
>> Doing postfit: ch16,ttVV
>> Doing postfit: ch16,TotalBkg
>> Doing postfit: ch16,TotalSig
>> Doing postfit: ch16,TotalProcs
>> Doing postfit: ch17,Convs
>> Doing postfit: ch17,Rares
>> Doing postfit: ch17,TTW_njets_7bins_bin0
>> Doing postfit: ch17,TTW_njets_7bins_bin1
>> Doing postfit: ch17,TTW_njets_7bins_bin2
>> Doing postfit: ch17,TTW_njets_7bins_bin3
>> Doing postfit: ch17,TTW_njets_7bins_bin4
>> Doing postfit: ch17,TTW_ooa
>> Doing postfit: ch17,TTZ
>> Doing postfit: ch17,VVV
>> Doing postfit: ch17,WZ
>> Doing postfit: ch17,ZZ
>> Doing postfit: ch17,data_fakes
>> Doing postfit: ch17,data_flips
>> Doing postfit: ch17,tHW
>> Doing postfit: ch17,tHq
>> Doing postfit: ch17,tZq
>> Doing postfit: ch17,ttH
>> Doing postfit: ch17,ttVV
>> Doing postfit: ch17,TotalBkg
>> Doing postfit: ch17,TotalSig
>> Doing postfit: ch17,TotalProcs
>> Doing postfit: ch18,Convs
>> Doing postfit: ch18,Rares
>> Doing postfit: ch18,TTW_njets_7bins_bin0
>> Doing postfit: ch18,TTW_njets_7bins_bin1
>> Doing postfit: ch18,TTW_njets_7bins_bin2
>> Doing postfit: ch18,TTW_njets_7bins_bin3
>> Doing postfit: ch18,TTW_njets_7bins_bin4
>> Doing postfit: ch18,TTW_ooa
>> Doing postfit: ch18,TTZ
>> Doing postfit: ch18,VVV
>> Doing postfit: ch18,WZ
>> Doing postfit: ch18,ZZ
>> Doing postfit: ch18,data_fakes
>> Doing postfit: ch18,data_flips
>> Doing postfit: ch18,tHW
>> Doing postfit: ch18,tHq
>> Doing postfit: ch18,tZq
>> Doing postfit: ch18,ttH
>> Doing postfit: ch18,ttVV
>> Doing postfit: ch18,TotalBkg
>> Doing postfit: ch18,TotalSig
>> Doing postfit: ch18,TotalProcs
>> Doing postfit: ch19,Rares
>> Doing postfit: ch19,TTW_njets_7bins_bin0
>> Doing postfit: ch19,TTW_njets_7bins_bin1
>> Doing postfit: ch19,TTW_njets_7bins_bin2
>> Doing postfit: ch19,TTW_njets_7bins_bin3
>> Doing postfit: ch19,TTW_njets_7bins_bin4
>> Doing postfit: ch19,TTW_ooa
>> Doing postfit: ch19,TTZ
>> Doing postfit: ch19,VVV
>> Doing postfit: ch19,WZ
>> Doing postfit: ch19,data_fakes
>> Doing postfit: ch19,tHW
>> Doing postfit: ch19,tHq
>> Doing postfit: ch19,tZq
>> Doing postfit: ch19,ttH
>> Doing postfit: ch19,ttVV
>> Doing postfit: ch19,TotalBkg
>> Doing postfit: ch19,TotalSig
>> Doing postfit: ch19,TotalProcs
>> Doing postfit: ch2,Convs
>> Doing postfit: ch2,Rares
>> Doing postfit: ch2,TTW_njets_7bins_bin0
>> Doing postfit: ch2,TTW_njets_7bins_bin1
>> Doing postfit: ch2,TTW_njets_7bins_bin2
>> Doing postfit: ch2,TTW_njets_7bins_bin3
>> Doing postfit: ch2,TTW_njets_7bins_bin4
>> Doing postfit: ch2,TTW_ooa
>> Doing postfit: ch2,TTZ
>> Doing postfit: ch2,VVV
>> Doing postfit: ch2,WZ
>> Doing postfit: ch2,ZZ
>> Doing postfit: ch2,data_fakes
>> Doing postfit: ch2,data_flips
>> Doing postfit: ch2,tHW
>> Doing postfit: ch2,tHq
>> Doing postfit: ch2,tZq
>> Doing postfit: ch2,ttH
>> Doing postfit: ch2,ttVV
>> Doing postfit: ch2,TotalBkg
>> Doing postfit: ch2,TotalSig
>> Doing postfit: ch2,TotalProcs
>> Doing postfit: ch20,Rares
>> Doing postfit: ch20,TTW_njets_7bins_bin0
>> Doing postfit: ch20,TTW_njets_7bins_bin1
>> Doing postfit: ch20,TTW_njets_7bins_bin2
>> Doing postfit: ch20,TTW_njets_7bins_bin3
>> Doing postfit: ch20,TTW_njets_7bins_bin4
>> Doing postfit: ch20,TTW_ooa
>> Doing postfit: ch20,TTZ
>> Doing postfit: ch20,VVV
>> Doing postfit: ch20,WZ
>> Doing postfit: ch20,ZZ
>> Doing postfit: ch20,data_fakes
>> Doing postfit: ch20,tHW
>> Doing postfit: ch20,tHq
>> Doing postfit: ch20,tZq
>> Doing postfit: ch20,ttH
>> Doing postfit: ch20,ttVV
>> Doing postfit: ch20,TotalBkg
>> Doing postfit: ch20,TotalSig
>> Doing postfit: ch20,TotalProcs
>> Doing postfit: ch21,Convs
>> Doing postfit: ch21,Rares
>> Doing postfit: ch21,TTW_njets_7bins_bin0
>> Doing postfit: ch21,TTW_njets_7bins_bin1
>> Doing postfit: ch21,TTW_njets_7bins_bin2
>> Doing postfit: ch21,TTW_njets_7bins_bin3
>> Doing postfit: ch21,TTW_njets_7bins_bin4
>> Doing postfit: ch21,TTW_ooa
>> Doing postfit: ch21,TTZ
>> Doing postfit: ch21,VVV
>> Doing postfit: ch21,WZ
>> Doing postfit: ch21,ZZ
>> Doing postfit: ch21,data_fakes
>> Doing postfit: ch21,data_flips
>> Doing postfit: ch21,tHW
>> Doing postfit: ch21,tHq
>> Doing postfit: ch21,tZq
>> Doing postfit: ch21,ttH
>> Doing postfit: ch21,ttVV
>> Doing postfit: ch21,TotalBkg
>> Doing postfit: ch21,TotalSig
>> Doing postfit: ch21,TotalProcs
>> Doing postfit: ch22,Rares
>> Doing postfit: ch22,TTW_njets_7bins_bin0
>> Doing postfit: ch22,TTW_njets_7bins_bin1
>> Doing postfit: ch22,TTW_njets_7bins_bin2
>> Doing postfit: ch22,TTW_njets_7bins_bin3
>> Doing postfit: ch22,TTW_njets_7bins_bin4
>> Doing postfit: ch22,TTW_ooa
>> Doing postfit: ch22,TTZ
>> Doing postfit: ch22,VVV
>> Doing postfit: ch22,WZ
>> Doing postfit: ch22,ZZ
>> Doing postfit: ch22,data_fakes
>> Doing postfit: ch22,tHW
>> Doing postfit: ch22,tHq
>> Doing postfit: ch22,tZq
>> Doing postfit: ch22,ttH
>> Doing postfit: ch22,ttVV
>> Doing postfit: ch22,TotalBkg
>> Doing postfit: ch22,TotalSig
>> Doing postfit: ch22,TotalProcs
>> Doing postfit: ch23,Convs
>> Doing postfit: ch23,Rares
>> Doing postfit: ch23,TTW_njets_7bins_bin0
>> Doing postfit: ch23,TTW_njets_7bins_bin1
>> Doing postfit: ch23,TTW_njets_7bins_bin2
>> Doing postfit: ch23,TTW_njets_7bins_bin3
>> Doing postfit: ch23,TTW_njets_7bins_bin4
>> Doing postfit: ch23,TTW_ooa
>> Doing postfit: ch23,TTZ
>> Doing postfit: ch23,VVV
>> Doing postfit: ch23,WZ
>> Doing postfit: ch23,ZZ
>> Doing postfit: ch23,data_fakes
>> Doing postfit: ch23,data_flips
>> Doing postfit: ch23,tHW
>> Doing postfit: ch23,tHq
>> Doing postfit: ch23,tZq
>> Doing postfit: ch23,ttH
>> Doing postfit: ch23,ttVV
>> Doing postfit: ch23,TotalBkg
>> Doing postfit: ch23,TotalSig
>> Doing postfit: ch23,TotalProcs
>> Doing postfit: ch24,Convs
>> Doing postfit: ch24,Rares
>> Doing postfit: ch24,TTW_njets_7bins_bin0
>> Doing postfit: ch24,TTW_njets_7bins_bin1
>> Doing postfit: ch24,TTW_njets_7bins_bin2
>> Doing postfit: ch24,TTW_njets_7bins_bin3
>> Doing postfit: ch24,TTW_njets_7bins_bin4
>> Doing postfit: ch24,TTW_ooa
>> Doing postfit: ch24,TTZ
>> Doing postfit: ch24,VVV
>> Doing postfit: ch24,WZ
>> Doing postfit: ch24,ZZ
>> Doing postfit: ch24,data_fakes
>> Doing postfit: ch24,data_flips
>> Doing postfit: ch24,tHW
>> Doing postfit: ch24,tHq
>> Doing postfit: ch24,tZq
>> Doing postfit: ch24,ttH
>> Doing postfit: ch24,ttVV
>> Doing postfit: ch24,TotalBkg
>> Doing postfit: ch24,TotalSig
>> Doing postfit: ch24,TotalProcs
>> Doing postfit: ch3,Rares
>> Doing postfit: ch3,TTW_njets_7bins_bin0
>> Doing postfit: ch3,TTW_njets_7bins_bin1
>> Doing postfit: ch3,TTW_njets_7bins_bin2
>> Doing postfit: ch3,TTW_njets_7bins_bin3
>> Doing postfit: ch3,TTW_njets_7bins_bin4
>> Doing postfit: ch3,TTW_ooa
>> Doing postfit: ch3,TTZ
>> Doing postfit: ch3,VVV
>> Doing postfit: ch3,WZ
>> Doing postfit: ch3,ZZ
>> Doing postfit: ch3,data_fakes
>> Doing postfit: ch3,tHW
>> Doing postfit: ch3,tHq
>> Doing postfit: ch3,tZq
>> Doing postfit: ch3,ttH
>> Doing postfit: ch3,ttVV
>> Doing postfit: ch3,TotalBkg
>> Doing postfit: ch3,TotalSig
>> Doing postfit: ch3,TotalProcs
>> Doing postfit: ch4,Rares
>> Doing postfit: ch4,TTW_njets_7bins_bin0
>> Doing postfit: ch4,TTW_njets_7bins_bin1
>> Doing postfit: ch4,TTW_njets_7bins_bin2
>> Doing postfit: ch4,TTW_njets_7bins_bin3
>> Doing postfit: ch4,TTW_njets_7bins_bin4
>> Doing postfit: ch4,TTW_ooa
>> Doing postfit: ch4,TTZ
>> Doing postfit: ch4,VVV
>> Doing postfit: ch4,WZ
>> Doing postfit: ch4,ZZ
>> Doing postfit: ch4,data_fakes
>> Doing postfit: ch4,tHW
>> Doing postfit: ch4,tHq
>> Doing postfit: ch4,tZq
>> Doing postfit: ch4,ttH
>> Doing postfit: ch4,ttVV
>> Doing postfit: ch4,TotalBkg
>> Doing postfit: ch4,TotalSig
>> Doing postfit: ch4,TotalProcs
>> Doing postfit: ch5,Convs
>> Doing postfit: ch5,Rares
>> Doing postfit: ch5,TTW_njets_7bins_bin0
>> Doing postfit: ch5,TTW_njets_7bins_bin1
>> Doing postfit: ch5,TTW_njets_7bins_bin2
>> Doing postfit: ch5,TTW_njets_7bins_bin3
>> Doing postfit: ch5,TTW_njets_7bins_bin4
>> Doing postfit: ch5,TTW_ooa
>> Doing postfit: ch5,TTZ
>> Doing postfit: ch5,VVV
>> Doing postfit: ch5,WZ
>> Doing postfit: ch5,ZZ
>> Doing postfit: ch5,data_fakes
>> Doing postfit: ch5,data_flips
>> Doing postfit: ch5,tHW
>> Doing postfit: ch5,tHq
>> Doing postfit: ch5,tZq
>> Doing postfit: ch5,ttH
>> Doing postfit: ch5,ttVV
>> Doing postfit: ch5,TotalBkg
>> Doing postfit: ch5,TotalSig
>> Doing postfit: ch5,TotalProcs
>> Doing postfit: ch6,Rares
>> Doing postfit: ch6,TTW_njets_7bins_bin0
>> Doing postfit: ch6,TTW_njets_7bins_bin1
>> Doing postfit: ch6,TTW_njets_7bins_bin2
>> Doing postfit: ch6,TTW_njets_7bins_bin3
>> Doing postfit: ch6,TTW_njets_7bins_bin4
>> Doing postfit: ch6,TTW_ooa
>> Doing postfit: ch6,TTZ
>> Doing postfit: ch6,VVV
>> Doing postfit: ch6,WZ
>> Doing postfit: ch6,ZZ
>> Doing postfit: ch6,data_fakes
>> Doing postfit: ch6,tHW
>> Doing postfit: ch6,tHq
>> Doing postfit: ch6,tZq
>> Doing postfit: ch6,ttH
>> Doing postfit: ch6,ttVV
>> Doing postfit: ch6,TotalBkg
>> Doing postfit: ch6,TotalSig
>> Doing postfit: ch6,TotalProcs
>> Doing postfit: ch7,Convs
>> Doing postfit: ch7,Rares
>> Doing postfit: ch7,TTW_njets_7bins_bin0
>> Doing postfit: ch7,TTW_njets_7bins_bin1
>> Doing postfit: ch7,TTW_njets_7bins_bin2
>> Doing postfit: ch7,TTW_njets_7bins_bin3
>> Doing postfit: ch7,TTW_njets_7bins_bin4
>> Doing postfit: ch7,TTW_ooa
>> Doing postfit: ch7,TTZ
>> Doing postfit: ch7,VVV
>> Doing postfit: ch7,WZ
>> Doing postfit: ch7,ZZ
>> Doing postfit: ch7,data_fakes
>> Doing postfit: ch7,data_flips
>> Doing postfit: ch7,tHW
>> Doing postfit: ch7,tHq
>> Doing postfit: ch7,tZq
>> Doing postfit: ch7,ttH
>> Doing postfit: ch7,ttVV
>> Doing postfit: ch7,TotalBkg
>> Doing postfit: ch7,TotalSig
>> Doing postfit: ch7,TotalProcs
>> Doing postfit: ch8,Convs
>> Doing postfit: ch8,Rares
>> Doing postfit: ch8,TTW_njets_7bins_bin0
>> Doing postfit: ch8,TTW_njets_7bins_bin1
>> Doing postfit: ch8,TTW_njets_7bins_bin2
>> Doing postfit: ch8,TTW_njets_7bins_bin3
>> Doing postfit: ch8,TTW_njets_7bins_bin4
>> Doing postfit: ch8,TTW_ooa
>> Doing postfit: ch8,TTZ
>> Doing postfit: ch8,VVV
>> Doing postfit: ch8,WZ
>> Doing postfit: ch8,ZZ
>> Doing postfit: ch8,data_fakes
>> Doing postfit: ch8,data_flips
>> Doing postfit: ch8,tHW
>> Doing postfit: ch8,tHq
>> Doing postfit: ch8,tZq
>> Doing postfit: ch8,ttH
>> Doing postfit: ch8,ttVV
>> Doing postfit: ch8,TotalBkg
>> Doing postfit: ch8,TotalSig
>> Doing postfit: ch8,TotalProcs
>> Doing postfit: ch9,Convs
>> Doing postfit: ch9,Rares
>> Doing postfit: ch9,TTW_njets_7bins_bin0
>> Doing postfit: ch9,TTW_njets_7bins_bin1
>> Doing postfit: ch9,TTW_njets_7bins_bin2
>> Doing postfit: ch9,TTW_njets_7bins_bin3
>> Doing postfit: ch9,TTW_njets_7bins_bin4
>> Doing postfit: ch9,TTW_ooa
>> Doing postfit: ch9,TTZ
>> Doing postfit: ch9,VVV
>> Doing postfit: ch9,WZ
>> Doing postfit: ch9,ZZ
>> Doing postfit: ch9,data_fakes
>> Doing postfit: ch9,data_flips
>> Doing postfit: ch9,tHW
>> Doing postfit: ch9,tHq
>> Doing postfit: ch9,tZq
>> Doing postfit: ch9,ttH
>> Doing postfit: ch9,ttVV
>> Doing postfit: ch9,TotalBkg
>> Doing postfit: ch9,TotalSig
>> Doing postfit: ch9,TotalProcs

Bin                       Total relative bkg uncert. (postfit)
----------------------------------------------------------
ch1                       0.08307   
ch10                      0.09482   
ch11                      0.07715   
ch12                      0.09001   
ch13                      0.08670   
ch14                      0.09886   
ch15                      0.08082   
ch16                      0.08753   
ch17                      0.10521   
ch18                      0.07474   
ch19                      0.06893   
ch2                       0.14765   
ch20                      0.08590   
ch21                      0.06865   
ch22                      0.10657   
ch23                      0.09549   
ch24                      0.10179   
ch3                       0.11823   
ch4                       0.09742   
ch5                       0.07899   
ch6                       0.18127   
ch7                       0.09745   
ch8                       0.08230   
ch9                       0.09696   

Bin                       Process              Scale factor
----------------------------------------------------------
ch1                       Convs                1.14118   
ch1                       Rares                1.27869   
ch1                       TTW_njets_7bins_bin0 1.45160   
ch1                       TTW_njets_7bins_bin1 1.27133   
ch1                       TTW_njets_7bins_bin2 0.96836   
ch1                       TTW_njets_7bins_bin3 1.36799   
ch1                       TTW_njets_7bins_bin4 2.47053   
ch1                       TTW_ooa              1.08704   
ch1                       TTZ                  1.15302   
ch1                       VVV                  1.38761   
ch1                       WZ                   1.31405   
ch1                       ZZ                   1.52372   
ch1                       data_fakes           1.19101   
ch1                       data_flips           0.93674   
ch1                       tHW                  1.05410   
ch1                       tHq                  1.06341   
ch1                       tZq                  1.19522   
ch1                       ttH                  1.02670   
ch1                       ttVV                 1.06661   
ch10                      Convs                1.11186   
ch10                      Rares                1.42639   
ch10                      TTW_njets_7bins_bin0 1.46396   
ch10                      TTW_njets_7bins_bin1 1.31209   
ch10                      TTW_njets_7bins_bin2 1.01542   
ch10                      TTW_njets_7bins_bin3 1.41734   
ch10                      TTW_njets_7bins_bin4 2.31194   
ch10                      TTW_ooa              1.11196   
ch10                      TTZ                  1.04813   
ch10                      VVV                  1.08843   
ch10                      WZ                   0.99561   
ch10                      ZZ                   1.27827   
ch10                      data_fakes           1.43786   
ch10                      data_flips           0.93676   
ch10                      tHW                  1.03464   
ch10                      tHq                  1.07599   
ch10                      tZq                  1.10964   
ch10                      ttH                  1.04275   
ch10                      ttVV                 1.07744   
ch11                      Convs                1.10406   
ch11                      Rares                1.33424   
ch11                      TTW_njets_7bins_bin0 1.42019   
ch11                      TTW_njets_7bins_bin1 1.23889   
ch11                      TTW_njets_7bins_bin2 0.94632   
ch11                      TTW_njets_7bins_bin3 1.31900   
ch11                      TTW_njets_7bins_bin4 2.51150   
ch11                      TTW_ooa              1.01567   
ch11                      TTZ                  1.19306   
ch11                      VVV                  1.16718   
ch11                      WZ                   0.95154   
ch11                      ZZ                   1.22806   
ch11                      data_fakes           1.17758   
ch11                      data_flips           0.93657   
ch11                      tHW                  1.00750   
ch11                      tHq                  1.02127   
ch11                      tZq                  1.05082   
ch11                      ttH                  1.03122   
ch11                      ttVV                 1.05056   
ch12                      Rares                1.29929   
ch12                      TTW_njets_7bins_bin0 1.39607   
ch12                      TTW_njets_7bins_bin1 1.20437   
ch12                      TTW_njets_7bins_bin2 0.94836   
ch12                      TTW_njets_7bins_bin3 1.33526   
ch12                      TTW_njets_7bins_bin4 2.16788   
ch12                      TTW_ooa              1.01890   
ch12                      TTZ                  1.03455   
ch12                      VVV                  1.23213   
ch12                      WZ                   0.94829   
ch12                      ZZ                   1.37631   
ch12                      data_fakes           1.02336   
ch12                      tHW                  0.97734   
ch12                      tHq                  1.00028   
ch12                      tZq                  1.09223   
ch12                      ttH                  0.96223   
ch12                      ttVV                 1.01663   
ch13                      Rares                1.43358   
ch13                      TTW_njets_7bins_bin0 1.37756   
ch13                      TTW_njets_7bins_bin1 1.22905   
ch13                      TTW_njets_7bins_bin2 0.95360   
ch13                      TTW_njets_7bins_bin3 1.32882   
ch13                      TTW_njets_7bins_bin4 2.24832   
ch13                      TTW_ooa              0.98011   
ch13                      TTZ                  1.09329   
ch13                      VVV                  0.96994   
ch13                      WZ                   0.94399   
ch13                      ZZ                   1.37762   
ch13                      data_fakes           0.98291   
ch13                      tHW                  0.98762   
ch13                      tHq                  0.99488   
ch13                      tZq                  0.99235   
ch13                      ttH                  0.97698   
ch13                      ttVV                 1.01244   
ch14                      Convs                1.13100   
ch14                      Rares                1.39944   
ch14                      TTW_njets_7bins_bin0 1.41141   
ch14                      TTW_njets_7bins_bin1 1.37137   
ch14                      TTW_njets_7bins_bin2 0.98876   
ch14                      TTW_njets_7bins_bin3 1.31348   
ch14                      TTW_njets_7bins_bin4 2.41293   
ch14                      TTW_ooa              1.03846   
ch14                      TTZ                  1.24218   
ch14                      VVV                  1.24420   
ch14                      WZ                   0.91114   
ch14                      ZZ                   1.38067   
ch14                      data_fakes           1.47201   
ch14                      data_flips           0.93683   
ch14                      tHW                  1.06324   
ch14                      tHq                  1.06381   
ch14                      tZq                  1.19525   
ch14                      ttH                  1.02679   
ch14                      ttVV                 1.08866   
ch15                      Convs                1.22083   
ch15                      Rares                1.40702   
ch15                      TTW_njets_7bins_bin0 1.42821   
ch15                      TTW_njets_7bins_bin1 1.26746   
ch15                      TTW_njets_7bins_bin2 0.97514   
ch15                      TTW_njets_7bins_bin3 1.34602   
ch15                      TTW_njets_7bins_bin4 2.44486   
ch15                      TTW_ooa              1.03384   
ch15                      TTZ                  1.14766   
ch15                      VVV                  1.26227   
ch15                      WZ                   0.98379   
ch15                      ZZ                   1.23183   
ch15                      data_fakes           1.19363   
ch15                      data_flips           0.93687   
ch15                      tHW                  1.02711   
ch15                      tHq                  1.03012   
ch15                      tZq                  1.06532   
ch15                      ttH                  1.02377   
ch15                      ttVV                 1.05413   
ch16                      Convs                1.26803   
ch16                      Rares                1.42218   
ch16                      TTW_njets_7bins_bin0 1.42633   
ch16                      TTW_njets_7bins_bin1 1.28916   
ch16                      TTW_njets_7bins_bin2 0.96958   
ch16                      TTW_njets_7bins_bin3 1.34056   
ch16                      TTW_njets_7bins_bin4 2.25292   
ch16                      TTW_ooa              1.03525   
ch16                      TTZ                  1.17363   
ch16                      VVV                  1.24776   
ch16                      WZ                   1.00517   
ch16                      ZZ                   1.47307   
ch16                      data_fakes           1.23571   
ch16                      data_flips           0.93693   
ch16                      tHW                  1.02002   
ch16                      tHq                  1.03133   
ch16                      tZq                  1.13463   
ch16                      ttH                  1.03622   
ch16                      ttVV                 1.05284   
ch17                      Convs                1.11980   
ch17                      Rares                1.47167   
ch17                      TTW_njets_7bins_bin0 1.44198   
ch17                      TTW_njets_7bins_bin1 1.28523   
ch17                      TTW_njets_7bins_bin2 0.99985   
ch17                      TTW_njets_7bins_bin3 1.39436   
ch17                      TTW_njets_7bins_bin4 2.35199   
ch17                      TTW_ooa              1.01339   
ch17                      TTZ                  1.33221   
ch17                      VVV                  1.25163   
ch17                      WZ                   0.98380   
ch17                      ZZ                   1.15262   
ch17                      data_fakes           1.40960   
ch17                      data_flips           0.93675   
ch17                      tHW                  1.05761   
ch17                      tHq                  1.03110   
ch17                      tZq                  1.06603   
ch17                      ttH                  1.03636   
ch17                      ttVV                 1.06819   
ch18                      Convs                1.08289   
ch18                      Rares                1.41208   
ch18                      TTW_njets_7bins_bin0 1.40668   
ch18                      TTW_njets_7bins_bin1 1.25045   
ch18                      TTW_njets_7bins_bin2 0.96114   
ch18                      TTW_njets_7bins_bin3 1.29991   
ch18                      TTW_njets_7bins_bin4 2.30972   
ch18                      TTW_ooa              1.00965   
ch18                      TTZ                  1.10029   
ch18                      VVV                  1.19999   
ch18                      WZ                   0.89702   
ch18                      ZZ                   1.13286   
ch18                      data_fakes           1.18811   
ch18                      data_flips           0.93674   
ch18                      tHW                  1.01115   
ch18                      tHq                  1.00711   
ch18                      tZq                  1.04320   
ch18                      ttH                  1.01797   
ch18                      ttVV                 1.03951   
ch19                      Rares                1.16172   
ch19                      TTW_njets_7bins_bin0 1.36628   
ch19                      TTW_njets_7bins_bin1 1.21431   
ch19                      TTW_njets_7bins_bin2 0.94406   
ch19                      TTW_njets_7bins_bin3 1.25345   
ch19                      TTW_njets_7bins_bin4 2.05718   
ch19                      TTW_ooa              0.99539   
ch19                      TTZ                  1.12120   
ch19                      VVV                  1.14516   
ch19                      WZ                   0.98619   
ch19                      data_fakes           1.02454   
ch19                      tHW                  0.98791   
ch19                      tHq                  0.97857   
ch19                      tZq                  1.05886   
ch19                      ttH                  0.98679   
ch19                      ttVV                 1.01253   
ch2                       Convs                0.96497   
ch2                       Rares                1.44632   
ch2                       TTW_njets_7bins_bin0 1.49151   
ch2                       TTW_njets_7bins_bin1 1.30930   
ch2                       TTW_njets_7bins_bin2 1.02776   
ch2                       TTW_njets_7bins_bin3 1.28028   
ch2                       TTW_njets_7bins_bin4 2.64927   
ch2                       TTW_ooa              1.15022   
ch2                       TTZ                  1.06158   
ch2                       VVV                  1.46908   
ch2                       WZ                   1.15643   
ch2                       ZZ                   1.65857   
ch2                       data_fakes           1.48061   
ch2                       data_flips           0.93619   
ch2                       tHW                  1.09434   
ch2                       tHq                  1.10066   
ch2                       tZq                  1.29670   
ch2                       ttH                  1.02098   
ch2                       ttVV                 1.09316   
ch20                      Rares                1.44571   
ch20                      TTW_njets_7bins_bin0 1.35249   
ch20                      TTW_njets_7bins_bin1 1.22073   
ch20                      TTW_njets_7bins_bin2 0.95005   
ch20                      TTW_njets_7bins_bin3 1.26101   
ch20                      TTW_njets_7bins_bin4 2.18721   
ch20                      TTW_ooa              0.97292   
ch20                      TTZ                  1.10829   
ch20                      VVV                  1.20695   
ch20                      WZ                   0.93291   
ch20                      ZZ                   1.03001   
ch20                      data_fakes           1.01641   
ch20                      tHW                  0.98947   
ch20                      tHq                  0.98430   
ch20                      tZq                  1.03845   
ch20                      ttH                  0.98307   
ch20                      ttVV                 1.00874   
ch21                      Convs                1.11442   
ch21                      Rares                1.28277   
ch21                      TTW_njets_7bins_bin0 1.39458   
ch21                      TTW_njets_7bins_bin1 1.25303   
ch21                      TTW_njets_7bins_bin2 0.97410   
ch21                      TTW_njets_7bins_bin3 1.29758   
ch21                      TTW_njets_7bins_bin4 2.35304   
ch21                      TTW_ooa              0.99952   
ch21                      TTZ                  1.07748   
ch21                      VVV                  1.21645   
ch21                      WZ                   0.94540   
ch21                      ZZ                   1.25435   
ch21                      data_fakes           1.14753   
ch21                      data_flips           0.93666   
ch21                      tHW                  1.01785   
ch21                      tHq                  1.00561   
ch21                      tZq                  1.06825   
ch21                      ttH                  1.02011   
ch21                      ttVV                 1.04223   
ch22                      Rares                1.29338   
ch22                      TTW_njets_7bins_bin0 1.35080   
ch22                      TTW_njets_7bins_bin1 1.24929   
ch22                      TTW_njets_7bins_bin2 0.95486   
ch22                      TTW_njets_7bins_bin3 1.27705   
ch22                      TTW_njets_7bins_bin4 2.28757   
ch22                      TTW_ooa              1.00207   
ch22                      TTZ                  1.14727   
ch22                      VVV                  1.17167   
ch22                      WZ                   0.94984   
ch22                      ZZ                   1.33980   
ch22                      data_fakes           1.00492   
ch22                      tHW                  0.99939   
ch22                      tHq                  1.04047   
ch22                      tZq                  1.09233   
ch22                      ttH                  0.99428   
ch22                      ttVV                 1.02543   
ch23                      Convs                1.12505   
ch23                      Rares                1.51067   
ch23                      TTW_njets_7bins_bin0 1.41953   
ch23                      TTW_njets_7bins_bin1 1.28656   
ch23                      TTW_njets_7bins_bin2 0.98259   
ch23                      TTW_njets_7bins_bin3 1.33066   
ch23                      TTW_njets_7bins_bin4 2.45518   
ch23                      TTW_ooa              1.06859   
ch23                      TTZ                  1.06267   
ch23                      VVV                  1.07475   
ch23                      WZ                   0.88408   
ch23                      ZZ                   1.05741   
ch23                      data_fakes           1.43129   
ch23                      data_flips           0.93677   
ch23                      tHW                  1.01432   
ch23                      tHq                  1.04239   
ch23                      tZq                  1.09242   
ch23                      ttH                  1.02814   
ch23                      ttVV                 1.07004   
ch24                      Convs                0.73521   
ch24                      Rares                1.32282   
ch24                      TTW_njets_7bins_bin0 1.46610   
ch24                      TTW_njets_7bins_bin1 1.31257   
ch24                      TTW_njets_7bins_bin2 1.03885   
ch24                      TTW_njets_7bins_bin3 1.42045   
ch24                      TTW_njets_7bins_bin4 2.57457   
ch24                      TTW_ooa              1.08912   
ch24                      TTZ                  1.09891   
ch24                      VVV                  1.22900   
ch24                      WZ                   0.97997   
ch24                      ZZ                   1.26312   
ch24                      data_fakes           1.41864   
ch24                      data_flips           0.93659   
ch24                      tHW                  1.04610   
ch24                      tHq                  1.03193   
ch24                      tZq                  1.11470   
ch24                      ttH                  1.05350   
ch24                      ttVV                 1.08173   
ch3                       Rares                1.36746   
ch3                       TTW_njets_7bins_bin0 1.40328   
ch3                       TTW_njets_7bins_bin1 1.24099   
ch3                       TTW_njets_7bins_bin2 0.94461   
ch3                       TTW_njets_7bins_bin3 1.27306   
ch3                       TTW_njets_7bins_bin4 2.35225   
ch3                       TTW_ooa              1.05341   
ch3                       TTZ                  1.11648   
ch3                       VVV                  1.33794   
ch3                       WZ                   1.17454   
ch3                       ZZ                   1.39829   
ch3                       data_fakes           1.12025   
ch3                       tHW                  1.02942   
ch3                       tHq                  1.02258   
ch3                       tZq                  1.09047   
ch3                       ttH                  0.99775   
ch3                       ttVV                 1.03752   
ch4                       Rares                1.31101   
ch4                       TTW_njets_7bins_bin0 1.37609   
ch4                       TTW_njets_7bins_bin1 1.23390   
ch4                       TTW_njets_7bins_bin2 0.95720   
ch4                       TTW_njets_7bins_bin3 1.31697   
ch4                       TTW_njets_7bins_bin4 2.32968   
ch4                       TTW_ooa              1.00933   
ch4                       TTZ                  1.12826   
ch4                       VVV                  1.21656   
ch4                       WZ                   0.94753   
ch4                       ZZ                   1.06114   
ch4                       data_fakes           1.02039   
ch4                       tHW                  1.00291   
ch4                       tHq                  0.99867   
ch4                       tZq                  1.08272   
ch4                       ttH                  1.00977   
ch4                       ttVV                 1.02650   
ch5                       Convs                1.25891   
ch5                       Rares                1.50826   
ch5                       TTW_njets_7bins_bin0 1.45143   
ch5                       TTW_njets_7bins_bin1 1.27702   
ch5                       TTW_njets_7bins_bin2 0.98001   
ch5                       TTW_njets_7bins_bin3 1.36825   
ch5                       TTW_njets_7bins_bin4 2.34425   
ch5                       TTW_ooa              1.09507   
ch5                       TTZ                  1.10485   
ch5                       VVV                  1.44482   
ch5                       WZ                   1.15140   
ch5                       ZZ                   1.54199   
ch5                       data_fakes           1.23456   
ch5                       data_flips           0.93723   
ch5                       tHW                  1.06441   
ch5                       tHq                  1.05768   
ch5                       tZq                  1.18055   
ch5                       ttH                  1.03122   
ch5                       ttVV                 1.06474   
ch6                       Rares                1.37508   
ch6                       TTW_njets_7bins_bin0 1.41202   
ch6                       TTW_njets_7bins_bin1 1.25054   
ch6                       TTW_njets_7bins_bin2 0.95606   
ch6                       TTW_njets_7bins_bin3 1.25031   
ch6                       TTW_njets_7bins_bin4 2.27224   
ch6                       TTW_ooa              1.04576   
ch6                       TTZ                  1.14459   
ch6                       VVV                  2.84868   
ch6                       WZ                   1.08907   
ch6                       ZZ                   1.56086   
ch6                       data_fakes           1.05811   
ch6                       tHW                  1.03030   
ch6                       tHq                  1.04625   
ch6                       tZq                  1.07850   
ch6                       ttH                  1.04567   
ch6                       ttVV                 1.03315   
ch7                       Convs                1.14209   
ch7                       Rares                1.57997   
ch7                       TTW_njets_7bins_bin0 1.43432   
ch7                       TTW_njets_7bins_bin1 1.30475   
ch7                       TTW_njets_7bins_bin2 0.97584   
ch7                       TTW_njets_7bins_bin3 1.41535   
ch7                       TTW_njets_7bins_bin4 2.50207   
ch7                       TTW_ooa              1.09483   
ch7                       TTZ                  1.03169   
ch7                       VVV                  1.30300   
ch7                       WZ                   1.00631   
ch7                       ZZ                   1.42026   
ch7                       data_fakes           1.41789   
ch7                       data_flips           0.93716   
ch7                       tHW                  1.05904   
ch7                       tHq                  1.07968   
ch7                       tZq                  1.19514   
ch7                       ttH                  1.05814   
ch7                       ttVV                 1.09015   
ch8                       Convs                1.20143   
ch8                       Rares                1.50483   
ch8                       TTW_njets_7bins_bin0 1.40216   
ch8                       TTW_njets_7bins_bin1 1.27033   
ch8                       TTW_njets_7bins_bin2 0.97954   
ch8                       TTW_njets_7bins_bin3 1.25388   
ch8                       TTW_njets_7bins_bin4 2.42656   
ch8                       TTW_ooa              1.04850   
ch8                       TTZ                  1.18143   
ch8                       VVV                  1.26540   
ch8                       WZ                   0.99181   
ch8                       ZZ                   1.27346   
ch8                       data_fakes           1.23580   
ch8                       data_flips           0.93702   
ch8                       tHW                  1.01203   
ch8                       tHq                  1.01786   
ch8                       tZq                  1.14842   
ch8                       ttH                  1.02336   
ch8                       ttVV                 1.04474   
ch9                       Convs                1.11819   
ch9                       Rares                1.43683   
ch9                       TTW_njets_7bins_bin0 1.47451   
ch9                       TTW_njets_7bins_bin1 1.29214   
ch9                       TTW_njets_7bins_bin2 1.04866   
ch9                       TTW_njets_7bins_bin3 1.34964   
ch9                       TTW_njets_7bins_bin4 2.36505   
ch9                       TTW_ooa              1.09555   
ch9                       TTZ                  1.13557   
ch9                       VVV                  1.42483   
ch9                       WZ                   1.25156   
ch9                       ZZ                   1.54233   
ch9                       data_fakes           1.32843   
ch9                       data_flips           0.93591   
ch9                       tHW                  1.08624   
ch9                       tHq                  1.07744   
ch9                       tZq                  1.07628   
ch9                       ttH                  1.03680   
ch9                       ttVV                 1.08570   
