WARNING: the default behaviour of PostFitShapesFromWorkspace is to use the covariance matrix sampling method for the post-fit uncertainty. The option --sampling is deprecated and will be removed in future versions of CombineHarvester
[SetFlag] Changing value of flag "workspaces-use-clone" from 0 to 1
[#1] INFO:ObjectHandling -- RooWorkspace::import(w) importing dataset ch1
[#1] INFO:ObjectHandling -- RooWorkspace::import(w) importing dataset ch10
[#1] INFO:ObjectHandling -- RooWorkspace::import(w) importing dataset ch11
[#1] INFO:ObjectHandling -- RooWorkspace::import(w) importing dataset ch12
[#1] INFO:ObjectHandling -- RooWorkspace::import(w) importing dataset ch2
[#1] INFO:ObjectHandling -- RooWorkspace::import(w) importing dataset ch3
[#1] INFO:ObjectHandling -- RooWorkspace::import(w) importing dataset ch4
[#1] INFO:ObjectHandling -- RooWorkspace::import(w) importing dataset ch5
[#1] INFO:ObjectHandling -- RooWorkspace::import(w) importing dataset ch6
[#1] INFO:ObjectHandling -- RooWorkspace::import(w) importing dataset ch7
[#1] INFO:ObjectHandling -- RooWorkspace::import(w) importing dataset ch8
[#1] INFO:ObjectHandling -- RooWorkspace::import(w) importing dataset ch9
[SetFlag] Changing value of flag "workspaces-use-clone" from 0 to 1
>> Doing prefit: TotalBkg
>> Doing prefit: TotalSig
>> Doing prefit: TotalProcs
>> Doing prefit: ch1,Convs
>> Doing prefit: ch1,Rares
>> Doing prefit: ch1,TTW_njets_7bins_bin0
>> Doing prefit: ch1,TTW_njets_7bins_bin1
>> Doing prefit: ch1,TTW_njets_7bins_bin2
>> Doing prefit: ch1,TTW_njets_7bins_bin3
>> Doing prefit: ch1,TTW_njets_7bins_bin4
>> Doing prefit: ch1,TTW_ooa
>> Doing prefit: ch1,TTZ
>> Doing prefit: ch1,VVV
>> Doing prefit: ch1,WZ
>> Doing prefit: ch1,ZZ
>> Doing prefit: ch1,data_fakes
>> Doing prefit: ch1,data_flips
>> Doing prefit: ch1,tHW
>> Doing prefit: ch1,tHq
>> Doing prefit: ch1,tZq
>> Doing prefit: ch1,ttH
>> Doing prefit: ch1,ttVV
>> Doing prefit: ch1,TotalBkg
>> Doing prefit: ch1,TotalSig
>> Doing prefit: ch1,TotalProcs
>> Doing prefit: ch10,Convs
>> Doing prefit: ch10,Rares
>> Doing prefit: ch10,TTW_njets_7bins_bin0
>> Doing prefit: ch10,TTW_njets_7bins_bin1
>> Doing prefit: ch10,TTW_njets_7bins_bin2
>> Doing prefit: ch10,TTW_njets_7bins_bin3
>> Doing prefit: ch10,TTW_njets_7bins_bin4
>> Doing prefit: ch10,TTW_ooa
>> Doing prefit: ch10,TTZ
>> Doing prefit: ch10,VVV
>> Doing prefit: ch10,WZ
>> Doing prefit: ch10,ZZ
>> Doing prefit: ch10,data_fakes
>> Doing prefit: ch10,data_flips
>> Doing prefit: ch10,tHW
>> Doing prefit: ch10,tHq
>> Doing prefit: ch10,tZq
>> Doing prefit: ch10,ttH
>> Doing prefit: ch10,ttVV
>> Doing prefit: ch10,TotalBkg
>> Doing prefit: ch10,TotalSig
>> Doing prefit: ch10,TotalProcs
>> Doing prefit: ch11,Rares
>> Doing prefit: ch11,TTW_njets_7bins_bin0
>> Doing prefit: ch11,TTW_njets_7bins_bin1
>> Doing prefit: ch11,TTW_njets_7bins_bin2
>> Doing prefit: ch11,TTW_njets_7bins_bin3
>> Doing prefit: ch11,TTW_njets_7bins_bin4
>> Doing prefit: ch11,TTW_ooa
>> Doing prefit: ch11,TTZ
>> Doing prefit: ch11,VVV
>> Doing prefit: ch11,WZ
>> Doing prefit: ch11,data_fakes
>> Doing prefit: ch11,tHW
>> Doing prefit: ch11,tHq
>> Doing prefit: ch11,tZq
>> Doing prefit: ch11,ttH
>> Doing prefit: ch11,ttVV
>> Doing prefit: ch11,TotalBkg
>> Doing prefit: ch11,TotalSig
>> Doing prefit: ch11,TotalProcs
>> Doing prefit: ch12,Rares
>> Doing prefit: ch12,TTW_njets_7bins_bin0
>> Doing prefit: ch12,TTW_njets_7bins_bin1
>> Doing prefit: ch12,TTW_njets_7bins_bin2
>> Doing prefit: ch12,TTW_njets_7bins_bin3
>> Doing prefit: ch12,TTW_njets_7bins_bin4
>> Doing prefit: ch12,TTW_ooa
>> Doing prefit: ch12,TTZ
>> Doing prefit: ch12,VVV
>> Doing prefit: ch12,WZ
>> Doing prefit: ch12,ZZ
>> Doing prefit: ch12,data_fakes
>> Doing prefit: ch12,tHW
>> Doing prefit: ch12,tHq
>> Doing prefit: ch12,tZq
>> Doing prefit: ch12,ttH
>> Doing prefit: ch12,ttVV
>> Doing prefit: ch12,TotalBkg
>> Doing prefit: ch12,TotalSig
>> Doing prefit: ch12,TotalProcs
>> Doing prefit: ch2,Rares
>> Doing prefit: ch2,TTW_njets_7bins_bin0
>> Doing prefit: ch2,TTW_njets_7bins_bin1
>> Doing prefit: ch2,TTW_njets_7bins_bin2
>> Doing prefit: ch2,TTW_njets_7bins_bin3
>> Doing prefit: ch2,TTW_njets_7bins_bin4
>> Doing prefit: ch2,TTW_ooa
>> Doing prefit: ch2,TTZ
>> Doing prefit: ch2,VVV
>> Doing prefit: ch2,WZ
>> Doing prefit: ch2,ZZ
>> Doing prefit: ch2,data_fakes
>> Doing prefit: ch2,tHW
>> Doing prefit: ch2,tHq
>> Doing prefit: ch2,tZq
>> Doing prefit: ch2,ttH
>> Doing prefit: ch2,ttVV
>> Doing prefit: ch2,TotalBkg
>> Doing prefit: ch2,TotalSig
>> Doing prefit: ch2,TotalProcs
>> Doing prefit: ch3,Convs
>> Doing prefit: ch3,Rares
>> Doing prefit: ch3,TTW_njets_7bins_bin0
>> Doing prefit: ch3,TTW_njets_7bins_bin1
>> Doing prefit: ch3,TTW_njets_7bins_bin2
>> Doing prefit: ch3,TTW_njets_7bins_bin3
>> Doing prefit: ch3,TTW_njets_7bins_bin4
>> Doing prefit: ch3,TTW_ooa
>> Doing prefit: ch3,TTZ
>> Doing prefit: ch3,VVV
>> Doing prefit: ch3,WZ
>> Doing prefit: ch3,ZZ
>> Doing prefit: ch3,data_fakes
>> Doing prefit: ch3,data_flips
>> Doing prefit: ch3,tHW
>> Doing prefit: ch3,tHq
>> Doing prefit: ch3,tZq
>> Doing prefit: ch3,ttH
>> Doing prefit: ch3,ttVV
>> Doing prefit: ch3,TotalBkg
>> Doing prefit: ch3,TotalSig
>> Doing prefit: ch3,TotalProcs
>> Doing prefit: ch4,Convs
>> Doing prefit: ch4,Rares
>> Doing prefit: ch4,TTW_njets_7bins_bin0
>> Doing prefit: ch4,TTW_njets_7bins_bin1
>> Doing prefit: ch4,TTW_njets_7bins_bin2
>> Doing prefit: ch4,TTW_njets_7bins_bin3
>> Doing prefit: ch4,TTW_njets_7bins_bin4
>> Doing prefit: ch4,TTW_ooa
>> Doing prefit: ch4,TTZ
>> Doing prefit: ch4,VVV
>> Doing prefit: ch4,WZ
>> Doing prefit: ch4,ZZ
>> Doing prefit: ch4,data_fakes
>> Doing prefit: ch4,data_flips
>> Doing prefit: ch4,tHW
>> Doing prefit: ch4,tHq
>> Doing prefit: ch4,tZq
>> Doing prefit: ch4,ttH
>> Doing prefit: ch4,ttVV
>> Doing prefit: ch4,TotalBkg
>> Doing prefit: ch4,TotalSig
>> Doing prefit: ch4,TotalProcs
>> Doing prefit: ch5,Convs
>> Doing prefit: ch5,Rares
>> Doing prefit: ch5,TTW_njets_7bins_bin0
>> Doing prefit: ch5,TTW_njets_7bins_bin1
>> Doing prefit: ch5,TTW_njets_7bins_bin2
>> Doing prefit: ch5,TTW_njets_7bins_bin3
>> Doing prefit: ch5,TTW_njets_7bins_bin4
>> Doing prefit: ch5,TTW_ooa
>> Doing prefit: ch5,TTZ
>> Doing prefit: ch5,VVV
>> Doing prefit: ch5,WZ
>> Doing prefit: ch5,ZZ
>> Doing prefit: ch5,data_fakes
>> Doing prefit: ch5,data_flips
>> Doing prefit: ch5,tHW
>> Doing prefit: ch5,tHq
>> Doing prefit: ch5,tZq
>> Doing prefit: ch5,ttH
>> Doing prefit: ch5,ttVV
>> Doing prefit: ch5,TotalBkg
>> Doing prefit: ch5,TotalSig
>> Doing prefit: ch5,TotalProcs
>> Doing prefit: ch6,Rares
>> Doing prefit: ch6,TTW_njets_7bins_bin0
>> Doing prefit: ch6,TTW_njets_7bins_bin1
>> Doing prefit: ch6,TTW_njets_7bins_bin2
>> Doing prefit: ch6,TTW_njets_7bins_bin3
>> Doing prefit: ch6,TTW_njets_7bins_bin4
>> Doing prefit: ch6,TTW_ooa
>> Doing prefit: ch6,TTZ
>> Doing prefit: ch6,VVV
>> Doing prefit: ch6,WZ
>> Doing prefit: ch6,ZZ
>> Doing prefit: ch6,data_fakes
>> Doing prefit: ch6,tHW
>> Doing prefit: ch6,tHq
>> Doing prefit: ch6,tZq
>> Doing prefit: ch6,ttH
>> Doing prefit: ch6,ttVV
>> Doing prefit: ch6,TotalBkg
>> Doing prefit: ch6,TotalSig
>> Doing prefit: ch6,TotalProcs
>> Doing prefit: ch7,Convs
>> Doing prefit: ch7,Rares
>> Doing prefit: ch7,TTW_njets_7bins_bin0
>> Doing prefit: ch7,TTW_njets_7bins_bin1
>> Doing prefit: ch7,TTW_njets_7bins_bin2
>> Doing prefit: ch7,TTW_njets_7bins_bin3
>> Doing prefit: ch7,TTW_njets_7bins_bin4
>> Doing prefit: ch7,TTW_ooa
>> Doing prefit: ch7,TTZ
>> Doing prefit: ch7,VVV
>> Doing prefit: ch7,WZ
>> Doing prefit: ch7,ZZ
>> Doing prefit: ch7,data_fakes
>> Doing prefit: ch7,data_flips
>> Doing prefit: ch7,tHW
>> Doing prefit: ch7,tHq
>> Doing prefit: ch7,tZq
>> Doing prefit: ch7,ttH
>> Doing prefit: ch7,ttVV
>> Doing prefit: ch7,TotalBkg
>> Doing prefit: ch7,TotalSig
>> Doing prefit: ch7,TotalProcs
>> Doing prefit: ch8,Convs
>> Doing prefit: ch8,Rares
>> Doing prefit: ch8,TTW_njets_7bins_bin0
>> Doing prefit: ch8,TTW_njets_7bins_bin1
>> Doing prefit: ch8,TTW_njets_7bins_bin2
>> Doing prefit: ch8,TTW_njets_7bins_bin3
>> Doing prefit: ch8,TTW_njets_7bins_bin4
>> Doing prefit: ch8,TTW_ooa
>> Doing prefit: ch8,TTZ
>> Doing prefit: ch8,VVV
>> Doing prefit: ch8,WZ
>> Doing prefit: ch8,ZZ
>> Doing prefit: ch8,data_fakes
>> Doing prefit: ch8,data_flips
>> Doing prefit: ch8,tHW
>> Doing prefit: ch8,tHq
>> Doing prefit: ch8,tZq
>> Doing prefit: ch8,ttH
>> Doing prefit: ch8,ttVV
>> Doing prefit: ch8,TotalBkg
>> Doing prefit: ch8,TotalSig
>> Doing prefit: ch8,TotalProcs
>> Doing prefit: ch9,Convs
>> Doing prefit: ch9,Rares
>> Doing prefit: ch9,TTW_njets_7bins_bin0
>> Doing prefit: ch9,TTW_njets_7bins_bin1
>> Doing prefit: ch9,TTW_njets_7bins_bin2
>> Doing prefit: ch9,TTW_njets_7bins_bin3
>> Doing prefit: ch9,TTW_njets_7bins_bin4
>> Doing prefit: ch9,TTW_ooa
>> Doing prefit: ch9,TTZ
>> Doing prefit: ch9,VVV
>> Doing prefit: ch9,WZ
>> Doing prefit: ch9,ZZ
>> Doing prefit: ch9,data_fakes
>> Doing prefit: ch9,data_flips
>> Doing prefit: ch9,tHW
>> Doing prefit: ch9,tHq
>> Doing prefit: ch9,tZq
>> Doing prefit: ch9,ttH
>> Doing prefit: ch9,ttVV
>> Doing prefit: ch9,TotalBkg
>> Doing prefit: ch9,TotalSig
>> Doing prefit: ch9,TotalProcs
Bin                       Total relative bkg uncert. (prefit)
----------------------------------------------------------
ch1                       0.11996   
ch10                      0.11711   
ch11                      0.12264   
ch12                      0.17509   
ch2                       0.20783   
ch3                       0.13005   
ch4                       0.14627   
ch5                       0.10965   
ch6                       0.14122   
ch7                       0.15143   
ch8                       0.12527   
ch9                       0.14964   
>> Doing postfit: TotalBkg
>> Doing postfit: TotalSig
>> Doing postfit: TotalProcs
>> Doing postfit: ch1,Convs
>> Doing postfit: ch1,Rares
>> Doing postfit: ch1,TTW_njets_7bins_bin0
>> Doing postfit: ch1,TTW_njets_7bins_bin1
>> Doing postfit: ch1,TTW_njets_7bins_bin2
>> Doing postfit: ch1,TTW_njets_7bins_bin3
>> Doing postfit: ch1,TTW_njets_7bins_bin4
>> Doing postfit: ch1,TTW_ooa
>> Doing postfit: ch1,TTZ
>> Doing postfit: ch1,VVV
>> Doing postfit: ch1,WZ
>> Doing postfit: ch1,ZZ
>> Doing postfit: ch1,data_fakes
>> Doing postfit: ch1,data_flips
>> Doing postfit: ch1,tHW
>> Doing postfit: ch1,tHq
>> Doing postfit: ch1,tZq
>> Doing postfit: ch1,ttH
>> Doing postfit: ch1,ttVV
>> Doing postfit: ch1,TotalBkg
>> Doing postfit: ch1,TotalSig
>> Doing postfit: ch1,TotalProcs
>> Doing postfit: ch10,Convs
>> Doing postfit: ch10,Rares
>> Doing postfit: ch10,TTW_njets_7bins_bin0
>> Doing postfit: ch10,TTW_njets_7bins_bin1
>> Doing postfit: ch10,TTW_njets_7bins_bin2
>> Doing postfit: ch10,TTW_njets_7bins_bin3
>> Doing postfit: ch10,TTW_njets_7bins_bin4
>> Doing postfit: ch10,TTW_ooa
>> Doing postfit: ch10,TTZ
>> Doing postfit: ch10,VVV
>> Doing postfit: ch10,WZ
>> Doing postfit: ch10,ZZ
>> Doing postfit: ch10,data_fakes
>> Doing postfit: ch10,data_flips
>> Doing postfit: ch10,tHW
>> Doing postfit: ch10,tHq
>> Doing postfit: ch10,tZq
>> Doing postfit: ch10,ttH
>> Doing postfit: ch10,ttVV
>> Doing postfit: ch10,TotalBkg
>> Doing postfit: ch10,TotalSig
>> Doing postfit: ch10,TotalProcs
>> Doing postfit: ch11,Rares
>> Doing postfit: ch11,TTW_njets_7bins_bin0
>> Doing postfit: ch11,TTW_njets_7bins_bin1
>> Doing postfit: ch11,TTW_njets_7bins_bin2
>> Doing postfit: ch11,TTW_njets_7bins_bin3
>> Doing postfit: ch11,TTW_njets_7bins_bin4
>> Doing postfit: ch11,TTW_ooa
>> Doing postfit: ch11,TTZ
>> Doing postfit: ch11,VVV
>> Doing postfit: ch11,WZ
>> Doing postfit: ch11,data_fakes
>> Doing postfit: ch11,tHW
>> Doing postfit: ch11,tHq
>> Doing postfit: ch11,tZq
>> Doing postfit: ch11,ttH
>> Doing postfit: ch11,ttVV
>> Doing postfit: ch11,TotalBkg
>> Doing postfit: ch11,TotalSig
>> Doing postfit: ch11,TotalProcs
>> Doing postfit: ch12,Rares
>> Doing postfit: ch12,TTW_njets_7bins_bin0
>> Doing postfit: ch12,TTW_njets_7bins_bin1
>> Doing postfit: ch12,TTW_njets_7bins_bin2
>> Doing postfit: ch12,TTW_njets_7bins_bin3
>> Doing postfit: ch12,TTW_njets_7bins_bin4
>> Doing postfit: ch12,TTW_ooa
>> Doing postfit: ch12,TTZ
>> Doing postfit: ch12,VVV
>> Doing postfit: ch12,WZ
>> Doing postfit: ch12,ZZ
>> Doing postfit: ch12,data_fakes
>> Doing postfit: ch12,tHW
>> Doing postfit: ch12,tHq
>> Doing postfit: ch12,tZq
>> Doing postfit: ch12,ttH
>> Doing postfit: ch12,ttVV
>> Doing postfit: ch12,TotalBkg
>> Doing postfit: ch12,TotalSig
>> Doing postfit: ch12,TotalProcs
>> Doing postfit: ch2,Rares
>> Doing postfit: ch2,TTW_njets_7bins_bin0
>> Doing postfit: ch2,TTW_njets_7bins_bin1
>> Doing postfit: ch2,TTW_njets_7bins_bin2
>> Doing postfit: ch2,TTW_njets_7bins_bin3
>> Doing postfit: ch2,TTW_njets_7bins_bin4
>> Doing postfit: ch2,TTW_ooa
>> Doing postfit: ch2,TTZ
>> Doing postfit: ch2,VVV
>> Doing postfit: ch2,WZ
>> Doing postfit: ch2,ZZ
>> Doing postfit: ch2,data_fakes
>> Doing postfit: ch2,tHW
>> Doing postfit: ch2,tHq
>> Doing postfit: ch2,tZq
>> Doing postfit: ch2,ttH
>> Doing postfit: ch2,ttVV
>> Doing postfit: ch2,TotalBkg
>> Doing postfit: ch2,TotalSig
>> Doing postfit: ch2,TotalProcs
>> Doing postfit: ch3,Convs
>> Doing postfit: ch3,Rares
>> Doing postfit: ch3,TTW_njets_7bins_bin0
>> Doing postfit: ch3,TTW_njets_7bins_bin1
>> Doing postfit: ch3,TTW_njets_7bins_bin2
>> Doing postfit: ch3,TTW_njets_7bins_bin3
>> Doing postfit: ch3,TTW_njets_7bins_bin4
>> Doing postfit: ch3,TTW_ooa
>> Doing postfit: ch3,TTZ
>> Doing postfit: ch3,VVV
>> Doing postfit: ch3,WZ
>> Doing postfit: ch3,ZZ
>> Doing postfit: ch3,data_fakes
>> Doing postfit: ch3,data_flips
>> Doing postfit: ch3,tHW
>> Doing postfit: ch3,tHq
>> Doing postfit: ch3,tZq
>> Doing postfit: ch3,ttH
>> Doing postfit: ch3,ttVV
>> Doing postfit: ch3,TotalBkg
>> Doing postfit: ch3,TotalSig
>> Doing postfit: ch3,TotalProcs
>> Doing postfit: ch4,Convs
>> Doing postfit: ch4,Rares
>> Doing postfit: ch4,TTW_njets_7bins_bin0
>> Doing postfit: ch4,TTW_njets_7bins_bin1
>> Doing postfit: ch4,TTW_njets_7bins_bin2
>> Doing postfit: ch4,TTW_njets_7bins_bin3
>> Doing postfit: ch4,TTW_njets_7bins_bin4
>> Doing postfit: ch4,TTW_ooa
>> Doing postfit: ch4,TTZ
>> Doing postfit: ch4,VVV
>> Doing postfit: ch4,WZ
>> Doing postfit: ch4,ZZ
>> Doing postfit: ch4,data_fakes
>> Doing postfit: ch4,data_flips
>> Doing postfit: ch4,tHW
>> Doing postfit: ch4,tHq
>> Doing postfit: ch4,tZq
>> Doing postfit: ch4,ttH
>> Doing postfit: ch4,ttVV
>> Doing postfit: ch4,TotalBkg
>> Doing postfit: ch4,TotalSig
>> Doing postfit: ch4,TotalProcs
>> Doing postfit: ch5,Convs
>> Doing postfit: ch5,Rares
>> Doing postfit: ch5,TTW_njets_7bins_bin0
>> Doing postfit: ch5,TTW_njets_7bins_bin1
>> Doing postfit: ch5,TTW_njets_7bins_bin2
>> Doing postfit: ch5,TTW_njets_7bins_bin3
>> Doing postfit: ch5,TTW_njets_7bins_bin4
>> Doing postfit: ch5,TTW_ooa
>> Doing postfit: ch5,TTZ
>> Doing postfit: ch5,VVV
>> Doing postfit: ch5,WZ
>> Doing postfit: ch5,ZZ
>> Doing postfit: ch5,data_fakes
>> Doing postfit: ch5,data_flips
>> Doing postfit: ch5,tHW
>> Doing postfit: ch5,tHq
>> Doing postfit: ch5,tZq
>> Doing postfit: ch5,ttH
>> Doing postfit: ch5,ttVV
>> Doing postfit: ch5,TotalBkg
>> Doing postfit: ch5,TotalSig
>> Doing postfit: ch5,TotalProcs
>> Doing postfit: ch6,Rares
>> Doing postfit: ch6,TTW_njets_7bins_bin0
>> Doing postfit: ch6,TTW_njets_7bins_bin1
>> Doing postfit: ch6,TTW_njets_7bins_bin2
>> Doing postfit: ch6,TTW_njets_7bins_bin3
>> Doing postfit: ch6,TTW_njets_7bins_bin4
>> Doing postfit: ch6,TTW_ooa
>> Doing postfit: ch6,TTZ
>> Doing postfit: ch6,VVV
>> Doing postfit: ch6,WZ
>> Doing postfit: ch6,ZZ
>> Doing postfit: ch6,data_fakes
>> Doing postfit: ch6,tHW
>> Doing postfit: ch6,tHq
>> Doing postfit: ch6,tZq
>> Doing postfit: ch6,ttH
>> Doing postfit: ch6,ttVV
>> Doing postfit: ch6,TotalBkg
>> Doing postfit: ch6,TotalSig
>> Doing postfit: ch6,TotalProcs
>> Doing postfit: ch7,Convs
>> Doing postfit: ch7,Rares
>> Doing postfit: ch7,TTW_njets_7bins_bin0
>> Doing postfit: ch7,TTW_njets_7bins_bin1
>> Doing postfit: ch7,TTW_njets_7bins_bin2
>> Doing postfit: ch7,TTW_njets_7bins_bin3
>> Doing postfit: ch7,TTW_njets_7bins_bin4
>> Doing postfit: ch7,TTW_ooa
>> Doing postfit: ch7,TTZ
>> Doing postfit: ch7,VVV
>> Doing postfit: ch7,WZ
>> Doing postfit: ch7,ZZ
>> Doing postfit: ch7,data_fakes
>> Doing postfit: ch7,data_flips
>> Doing postfit: ch7,tHW
>> Doing postfit: ch7,tHq
>> Doing postfit: ch7,tZq
>> Doing postfit: ch7,ttH
>> Doing postfit: ch7,ttVV
>> Doing postfit: ch7,TotalBkg
>> Doing postfit: ch7,TotalSig
>> Doing postfit: ch7,TotalProcs
>> Doing postfit: ch8,Convs
>> Doing postfit: ch8,Rares
>> Doing postfit: ch8,TTW_njets_7bins_bin0
>> Doing postfit: ch8,TTW_njets_7bins_bin1
>> Doing postfit: ch8,TTW_njets_7bins_bin2
>> Doing postfit: ch8,TTW_njets_7bins_bin3
>> Doing postfit: ch8,TTW_njets_7bins_bin4
>> Doing postfit: ch8,TTW_ooa
>> Doing postfit: ch8,TTZ
>> Doing postfit: ch8,VVV
>> Doing postfit: ch8,WZ
>> Doing postfit: ch8,ZZ
>> Doing postfit: ch8,data_fakes
>> Doing postfit: ch8,data_flips
>> Doing postfit: ch8,tHW
>> Doing postfit: ch8,tHq
>> Doing postfit: ch8,tZq
>> Doing postfit: ch8,ttH
>> Doing postfit: ch8,ttVV
>> Doing postfit: ch8,TotalBkg
>> Doing postfit: ch8,TotalSig
>> Doing postfit: ch8,TotalProcs
>> Doing postfit: ch9,Convs
>> Doing postfit: ch9,Rares
>> Doing postfit: ch9,TTW_njets_7bins_bin0
>> Doing postfit: ch9,TTW_njets_7bins_bin1
>> Doing postfit: ch9,TTW_njets_7bins_bin2
>> Doing postfit: ch9,TTW_njets_7bins_bin3
>> Doing postfit: ch9,TTW_njets_7bins_bin4
>> Doing postfit: ch9,TTW_ooa
>> Doing postfit: ch9,TTZ
>> Doing postfit: ch9,VVV
>> Doing postfit: ch9,WZ
>> Doing postfit: ch9,ZZ
>> Doing postfit: ch9,data_fakes
>> Doing postfit: ch9,data_flips
>> Doing postfit: ch9,tHW
>> Doing postfit: ch9,tHq
>> Doing postfit: ch9,tZq
>> Doing postfit: ch9,ttH
>> Doing postfit: ch9,ttVV
>> Doing postfit: ch9,TotalBkg
>> Doing postfit: ch9,TotalSig
>> Doing postfit: ch9,TotalProcs

Bin                       Total relative bkg uncert. (postfit)
----------------------------------------------------------
ch1                       0.08868   
ch10                      0.07202   
ch11                      0.07566   
ch12                      0.10576   
ch2                       0.11556   
ch3                       0.09187   
ch4                       0.09885   
ch5                       0.07116   
ch6                       0.09294   
ch7                       0.10658   
ch8                       0.09086   
ch9                       0.09719   

Bin                       Process              Scale factor
----------------------------------------------------------
ch1                       Convs                1.14118   
ch1                       Rares                1.27869   
ch1                       TTW_njets_7bins_bin0 1.45160   
ch1                       TTW_njets_7bins_bin1 1.27133   
ch1                       TTW_njets_7bins_bin2 0.96836   
ch1                       TTW_njets_7bins_bin3 1.36799   
ch1                       TTW_njets_7bins_bin4 2.47053   
ch1                       TTW_ooa              1.08704   
ch1                       TTZ                  1.15302   
ch1                       VVV                  1.38761   
ch1                       WZ                   1.31405   
ch1                       ZZ                   1.52372   
ch1                       data_fakes           1.19101   
ch1                       data_flips           0.93674   
ch1                       tHW                  1.05410   
ch1                       tHq                  1.06341   
ch1                       tZq                  1.19522   
ch1                       ttH                  1.02670   
ch1                       ttVV                 1.06661   
ch10                      Convs                1.10893   
ch10                      Rares                1.42788   
ch10                      TTW_njets_7bins_bin0 1.40716   
ch10                      TTW_njets_7bins_bin1 1.25089   
ch10                      TTW_njets_7bins_bin2 0.96126   
ch10                      TTW_njets_7bins_bin3 1.29882   
ch10                      TTW_njets_7bins_bin4 2.28981   
ch10                      TTW_ooa              1.00978   
ch10                      TTZ                  1.10711   
ch10                      VVV                  1.19960   
ch10                      WZ                   0.90527   
ch10                      ZZ                   1.13713   
ch10                      data_fakes           1.19863   
ch10                      data_flips           0.93679   
ch10                      tHW                  1.01118   
ch10                      tHq                  1.00720   
ch10                      tZq                  1.04363   
ch10                      ttH                  1.01707   
ch10                      ttVV                 1.03947   
ch11                      Rares                1.18386   
ch11                      TTW_njets_7bins_bin0 1.36519   
ch11                      TTW_njets_7bins_bin1 1.21408   
ch11                      TTW_njets_7bins_bin2 0.94426   
ch11                      TTW_njets_7bins_bin3 1.25321   
ch11                      TTW_njets_7bins_bin4 2.05086   
ch11                      TTW_ooa              0.99491   
ch11                      TTZ                  1.10132   
ch11                      VVV                  1.14466   
ch11                      WZ                   0.97192   
ch11                      data_fakes           1.00353   
ch11                      tHW                  0.98782   
ch11                      tHq                  0.97856   
ch11                      tZq                  1.05806   
ch11                      ttH                  0.98614   
ch11                      ttVV                 1.01250   
ch12                      Rares                1.30816   
ch12                      TTW_njets_7bins_bin0 1.35165   
ch12                      TTW_njets_7bins_bin1 1.25031   
ch12                      TTW_njets_7bins_bin2 0.95645   
ch12                      TTW_njets_7bins_bin3 1.28227   
ch12                      TTW_njets_7bins_bin4 2.30752   
ch12                      TTW_ooa              1.00292   
ch12                      TTZ                  1.14923   
ch12                      VVV                  1.17802   
ch12                      WZ                   0.95880   
ch12                      ZZ                   1.35882   
ch12                      data_fakes           1.05876   
ch12                      tHW                  0.99948   
ch12                      tHq                  1.04091   
ch12                      tZq                  1.09326   
ch12                      ttH                  0.99733   
ch12                      ttVV                 1.02558   
ch2                       Rares                1.36018   
ch2                       TTW_njets_7bins_bin0 1.39929   
ch2                       TTW_njets_7bins_bin1 1.23694   
ch2                       TTW_njets_7bins_bin2 0.94313   
ch2                       TTW_njets_7bins_bin3 1.27182   
ch2                       TTW_njets_7bins_bin4 2.37901   
ch2                       TTW_ooa              1.05149   
ch2                       TTZ                  1.09307   
ch2                       VVV                  1.31368   
ch2                       WZ                   1.15657   
ch2                       ZZ                   1.39232   
ch2                       data_fakes           1.02748   
ch2                       tHW                  1.02932   
ch2                       tHq                  1.02238   
ch2                       tZq                  1.08747   
ch2                       ttH                  0.99615   
ch2                       ttVV                 1.03745   
ch3                       Convs                1.12487   
ch3                       Rares                1.43666   
ch3                       TTW_njets_7bins_bin0 1.48127   
ch3                       TTW_njets_7bins_bin1 1.29529   
ch3                       TTW_njets_7bins_bin2 1.04898   
ch3                       TTW_njets_7bins_bin3 1.34575   
ch3                       TTW_njets_7bins_bin4 2.32997   
ch3                       TTW_ooa              1.09846   
ch3                       TTZ                  1.17587   
ch3                       VVV                  1.45147   
ch3                       WZ                   1.28721   
ch3                       ZZ                   1.55191   
ch3                       data_fakes           1.47935   
ch3                       data_flips           0.93793   
ch3                       tHW                  1.08636   
ch3                       tHq                  1.07774   
ch3                       tZq                  1.08037   
ch3                       ttH                  1.03690   
ch3                       ttVV                 1.08564   
ch4                       Convs                1.11822   
ch4                       Rares                1.42806   
ch4                       TTW_njets_7bins_bin0 1.46486   
ch4                       TTW_njets_7bins_bin1 1.31224   
ch4                       TTW_njets_7bins_bin2 1.01636   
ch4                       TTW_njets_7bins_bin3 1.41818   
ch4                       TTW_njets_7bins_bin4 2.31679   
ch4                       TTW_ooa              1.11268   
ch4                       TTZ                  1.06988   
ch4                       VVV                  1.10440   
ch4                       WZ                   1.01009   
ch4                       ZZ                   1.28495   
ch4                       data_fakes           1.47691   
ch4                       data_flips           0.93694   
ch4                       tHW                  1.03469   
ch4                       tHq                  1.07635   
ch4                       tZq                  1.11020   
ch4                       ttH                  1.04382   
ch4                       ttVV                 1.07750   
ch5                       Convs                1.16273   
ch5                       Rares                1.36993   
ch5                       TTW_njets_7bins_bin0 1.42494   
ch5                       TTW_njets_7bins_bin1 1.24198   
ch5                       TTW_njets_7bins_bin2 0.94716   
ch5                       TTW_njets_7bins_bin3 1.32039   
ch5                       TTW_njets_7bins_bin4 2.51029   
ch5                       TTW_ooa              1.01780   
ch5                       TTZ                  1.25389   
ch5                       VVV                  1.18532   
ch5                       WZ                   0.97156   
ch5                       ZZ                   1.23388   
ch5                       data_fakes           1.25283   
ch5                       data_flips           0.93730   
ch5                       tHW                  1.00774   
ch5                       tHq                  1.02152   
ch5                       tZq                  1.05363   
ch5                       ttH                  1.03331   
ch5                       ttVV                 1.05068   
ch6                       Rares                1.29784   
ch6                       TTW_njets_7bins_bin0 1.39679   
ch6                       TTW_njets_7bins_bin1 1.20488   
ch6                       TTW_njets_7bins_bin2 0.94616   
ch6                       TTW_njets_7bins_bin3 1.32481   
ch6                       TTW_njets_7bins_bin4 2.18250   
ch6                       TTW_ooa              1.01856   
ch6                       TTZ                  1.04664   
ch6                       VVV                  1.23218   
ch6                       WZ                   0.95139   
ch6                       ZZ                   1.37752   
ch6                       data_fakes           1.01572   
ch6                       tHW                  0.97736   
ch6                       tHq                  1.00029   
ch6                       tZq                  1.09291   
ch6                       ttH                  0.96068   
ch6                       ttVV                 1.01649   
ch7                       Convs                1.14108   
ch7                       Rares                1.40362   
ch7                       TTW_njets_7bins_bin0 1.41204   
ch7                       TTW_njets_7bins_bin1 1.37040   
ch7                       TTW_njets_7bins_bin2 0.98976   
ch7                       TTW_njets_7bins_bin3 1.32048   
ch7                       TTW_njets_7bins_bin4 2.43640   
ch7                       TTW_ooa              1.03947   
ch7                       TTZ                  1.23234   
ch7                       VVV                  1.24410   
ch7                       WZ                   0.91474   
ch7                       ZZ                   1.38121   
ch7                       data_fakes           1.49736   
ch7                       data_flips           0.93704   
ch7                       tHW                  1.06306   
ch7                       tHq                  1.06390   
ch7                       tZq                  1.19544   
ch7                       ttH                  1.02905   
ch7                       ttVV                 1.08881   
ch8                       Convs                1.17423   
ch8                       Rares                1.40536   
ch8                       TTW_njets_7bins_bin0 1.42597   
ch8                       TTW_njets_7bins_bin1 1.28927   
ch8                       TTW_njets_7bins_bin2 0.96989   
ch8                       TTW_njets_7bins_bin3 1.34048   
ch8                       TTW_njets_7bins_bin4 2.25954   
ch8                       TTW_ooa              1.03515   
ch8                       TTZ                  1.17949   
ch8                       VVV                  1.24386   
ch8                       WZ                   1.00128   
ch8                       ZZ                   1.46764   
ch8                       data_fakes           1.23248   
ch8                       data_flips           0.93689   
ch8                       tHW                  1.02004   
ch8                       tHq                  1.03127   
ch8                       tZq                  1.13442   
ch8                       ttH                  1.03656   
ch8                       ttVV                 1.05286   
ch9                       Convs                1.11149   
ch9                       Rares                1.31008   
ch9                       TTW_njets_7bins_bin0 1.44083   
ch9                       TTW_njets_7bins_bin1 1.28515   
ch9                       TTW_njets_7bins_bin2 1.00130   
ch9                       TTW_njets_7bins_bin3 1.39662   
ch9                       TTW_njets_7bins_bin4 2.36633   
ch9                       TTW_ooa              1.01310   
ch9                       TTZ                  1.24340   
ch9                       VVV                  1.24285   
ch9                       WZ                   0.96317   
ch9                       ZZ                   1.13979   
ch9                       data_fakes           1.40369   
ch9                       data_flips           0.93662   
ch9                       tHW                  1.05737   
ch9                       tHq                  1.03108   
ch9                       tZq                  1.06552   
ch9                       ttH                  1.03888   
ch9                       ttVV                 1.06829   
