WARNING: the default behaviour of PostFitShapesFromWorkspace is to use the covariance matrix sampling method for the post-fit uncertainty. The option --sampling is deprecated and will be removed in future versions of CombineHarvester
[SetFlag] Changing value of flag "workspaces-use-clone" from 0 to 1
[#1] INFO:ObjectHandling -- RooWorkspace::import(w) importing dataset ch1
[#1] INFO:ObjectHandling -- RooWorkspace::import(w) importing dataset ch10
[#1] INFO:ObjectHandling -- RooWorkspace::import(w) importing dataset ch11
[#1] INFO:ObjectHandling -- RooWorkspace::import(w) importing dataset ch12
[#1] INFO:ObjectHandling -- RooWorkspace::import(w) importing dataset ch2
[#1] INFO:ObjectHandling -- RooWorkspace::import(w) importing dataset ch3
[#1] INFO:ObjectHandling -- RooWorkspace::import(w) importing dataset ch4
[#1] INFO:ObjectHandling -- RooWorkspace::import(w) importing dataset ch5
[#1] INFO:ObjectHandling -- RooWorkspace::import(w) importing dataset ch6
[#1] INFO:ObjectHandling -- RooWorkspace::import(w) importing dataset ch7
[#1] INFO:ObjectHandling -- RooWorkspace::import(w) importing dataset ch8
[#1] INFO:ObjectHandling -- RooWorkspace::import(w) importing dataset ch9
[SetFlag] Changing value of flag "workspaces-use-clone" from 0 to 1
>> Doing prefit: TotalBkg
>> Doing prefit: TotalSig
>> Doing prefit: TotalProcs
>> Doing prefit: ch1,Convs
>> Doing prefit: ch1,Rares
>> Doing prefit: ch1,TTW_jet1_pt_bin0
>> Doing prefit: ch1,TTW_jet1_pt_bin1
>> Doing prefit: ch1,TTW_jet1_pt_bin2
>> Doing prefit: ch1,TTW_ooa
>> Doing prefit: ch1,TTZ
>> Doing prefit: ch1,VVV
>> Doing prefit: ch1,WZ
>> Doing prefit: ch1,ZZ
>> Doing prefit: ch1,data_fakes
>> Doing prefit: ch1,data_flips
>> Doing prefit: ch1,tHW
>> Doing prefit: ch1,tHq
>> Doing prefit: ch1,tZq
>> Doing prefit: ch1,ttH
>> Doing prefit: ch1,ttVV
>> Doing prefit: ch1,TotalBkg
>> Doing prefit: ch1,TotalSig
>> Doing prefit: ch1,TotalProcs
>> Doing prefit: ch10,Convs
>> Doing prefit: ch10,Rares
>> Doing prefit: ch10,TTW_jet1_pt_bin0
>> Doing prefit: ch10,TTW_jet1_pt_bin1
>> Doing prefit: ch10,TTW_jet1_pt_bin2
>> Doing prefit: ch10,TTW_ooa
>> Doing prefit: ch10,TTZ
>> Doing prefit: ch10,VVV
>> Doing prefit: ch10,WZ
>> Doing prefit: ch10,ZZ
>> Doing prefit: ch10,data_fakes
>> Doing prefit: ch10,data_flips
>> Doing prefit: ch10,tHW
>> Doing prefit: ch10,tHq
>> Doing prefit: ch10,tZq
>> Doing prefit: ch10,ttH
>> Doing prefit: ch10,ttVV
>> Doing prefit: ch10,TotalBkg
>> Doing prefit: ch10,TotalSig
>> Doing prefit: ch10,TotalProcs
>> Doing prefit: ch11,Convs
>> Doing prefit: ch11,Rares
>> Doing prefit: ch11,TTW_jet1_pt_bin0
>> Doing prefit: ch11,TTW_jet1_pt_bin1
>> Doing prefit: ch11,TTW_jet1_pt_bin2
>> Doing prefit: ch11,TTW_ooa
>> Doing prefit: ch11,TTZ
>> Doing prefit: ch11,VVV
>> Doing prefit: ch11,WZ
>> Doing prefit: ch11,ZZ
>> Doing prefit: ch11,data_fakes
>> Doing prefit: ch11,data_flips
>> Doing prefit: ch11,tHW
>> Doing prefit: ch11,tHq
>> Doing prefit: ch11,tZq
>> Doing prefit: ch11,ttH
>> Doing prefit: ch11,ttVV
>> Doing prefit: ch11,TotalBkg
>> Doing prefit: ch11,TotalSig
>> Doing prefit: ch11,TotalProcs
>> Doing prefit: ch12,Rares
>> Doing prefit: ch12,TTW_jet1_pt_bin0
>> Doing prefit: ch12,TTW_jet1_pt_bin1
>> Doing prefit: ch12,TTW_jet1_pt_bin2
>> Doing prefit: ch12,TTW_ooa
>> Doing prefit: ch12,TTZ
>> Doing prefit: ch12,VVV
>> Doing prefit: ch12,WZ
>> Doing prefit: ch12,ZZ
>> Doing prefit: ch12,data_fakes
>> Doing prefit: ch12,tHW
>> Doing prefit: ch12,tHq
>> Doing prefit: ch12,tZq
>> Doing prefit: ch12,ttH
>> Doing prefit: ch12,ttVV
>> Doing prefit: ch12,TotalBkg
>> Doing prefit: ch12,TotalSig
>> Doing prefit: ch12,TotalProcs
>> Doing prefit: ch2,Convs
>> Doing prefit: ch2,Rares
>> Doing prefit: ch2,TTW_jet1_pt_bin0
>> Doing prefit: ch2,TTW_jet1_pt_bin1
>> Doing prefit: ch2,TTW_jet1_pt_bin2
>> Doing prefit: ch2,TTW_ooa
>> Doing prefit: ch2,TTZ
>> Doing prefit: ch2,VVV
>> Doing prefit: ch2,WZ
>> Doing prefit: ch2,ZZ
>> Doing prefit: ch2,data_fakes
>> Doing prefit: ch2,data_flips
>> Doing prefit: ch2,tHW
>> Doing prefit: ch2,tHq
>> Doing prefit: ch2,tZq
>> Doing prefit: ch2,ttH
>> Doing prefit: ch2,ttVV
>> Doing prefit: ch2,TotalBkg
>> Doing prefit: ch2,TotalSig
>> Doing prefit: ch2,TotalProcs
>> Doing prefit: ch3,Rares
>> Doing prefit: ch3,TTW_jet1_pt_bin0
>> Doing prefit: ch3,TTW_jet1_pt_bin1
>> Doing prefit: ch3,TTW_jet1_pt_bin2
>> Doing prefit: ch3,TTW_ooa
>> Doing prefit: ch3,TTZ
>> Doing prefit: ch3,VVV
>> Doing prefit: ch3,WZ
>> Doing prefit: ch3,ZZ
>> Doing prefit: ch3,data_fakes
>> Doing prefit: ch3,tHW
>> Doing prefit: ch3,tHq
>> Doing prefit: ch3,tZq
>> Doing prefit: ch3,ttH
>> Doing prefit: ch3,ttVV
>> Doing prefit: ch3,TotalBkg
>> Doing prefit: ch3,TotalSig
>> Doing prefit: ch3,TotalProcs
>> Doing prefit: ch4,Convs
>> Doing prefit: ch4,Rares
>> Doing prefit: ch4,TTW_jet1_pt_bin0
>> Doing prefit: ch4,TTW_jet1_pt_bin1
>> Doing prefit: ch4,TTW_jet1_pt_bin2
>> Doing prefit: ch4,TTW_ooa
>> Doing prefit: ch4,TTZ
>> Doing prefit: ch4,VVV
>> Doing prefit: ch4,WZ
>> Doing prefit: ch4,ZZ
>> Doing prefit: ch4,data_fakes
>> Doing prefit: ch4,data_flips
>> Doing prefit: ch4,tHW
>> Doing prefit: ch4,tHq
>> Doing prefit: ch4,tZq
>> Doing prefit: ch4,ttH
>> Doing prefit: ch4,ttVV
>> Doing prefit: ch4,TotalBkg
>> Doing prefit: ch4,TotalSig
>> Doing prefit: ch4,TotalProcs
>> Doing prefit: ch5,Convs
>> Doing prefit: ch5,Rares
>> Doing prefit: ch5,TTW_jet1_pt_bin0
>> Doing prefit: ch5,TTW_jet1_pt_bin1
>> Doing prefit: ch5,TTW_jet1_pt_bin2
>> Doing prefit: ch5,TTW_ooa
>> Doing prefit: ch5,TTZ
>> Doing prefit: ch5,VVV
>> Doing prefit: ch5,WZ
>> Doing prefit: ch5,ZZ
>> Doing prefit: ch5,data_fakes
>> Doing prefit: ch5,data_flips
>> Doing prefit: ch5,tHW
>> Doing prefit: ch5,tHq
>> Doing prefit: ch5,tZq
>> Doing prefit: ch5,ttH
>> Doing prefit: ch5,ttVV
>> Doing prefit: ch5,TotalBkg
>> Doing prefit: ch5,TotalSig
>> Doing prefit: ch5,TotalProcs
>> Doing prefit: ch6,Rares
>> Doing prefit: ch6,TTW_jet1_pt_bin0
>> Doing prefit: ch6,TTW_jet1_pt_bin1
>> Doing prefit: ch6,TTW_jet1_pt_bin2
>> Doing prefit: ch6,TTW_ooa
>> Doing prefit: ch6,TTZ
>> Doing prefit: ch6,VVV
>> Doing prefit: ch6,WZ
>> Doing prefit: ch6,ZZ
>> Doing prefit: ch6,data_fakes
>> Doing prefit: ch6,tHW
>> Doing prefit: ch6,tHq
>> Doing prefit: ch6,tZq
>> Doing prefit: ch6,ttH
>> Doing prefit: ch6,ttVV
>> Doing prefit: ch6,TotalBkg
>> Doing prefit: ch6,TotalSig
>> Doing prefit: ch6,TotalProcs
>> Doing prefit: ch7,Convs
>> Doing prefit: ch7,Rares
>> Doing prefit: ch7,TTW_jet1_pt_bin0
>> Doing prefit: ch7,TTW_jet1_pt_bin1
>> Doing prefit: ch7,TTW_jet1_pt_bin2
>> Doing prefit: ch7,TTW_ooa
>> Doing prefit: ch7,TTZ
>> Doing prefit: ch7,VVV
>> Doing prefit: ch7,WZ
>> Doing prefit: ch7,ZZ
>> Doing prefit: ch7,data_fakes
>> Doing prefit: ch7,data_flips
>> Doing prefit: ch7,tHW
>> Doing prefit: ch7,tHq
>> Doing prefit: ch7,tZq
>> Doing prefit: ch7,ttH
>> Doing prefit: ch7,ttVV
>> Doing prefit: ch7,TotalBkg
>> Doing prefit: ch7,TotalSig
>> Doing prefit: ch7,TotalProcs
>> Doing prefit: ch8,Convs
>> Doing prefit: ch8,Rares
>> Doing prefit: ch8,TTW_jet1_pt_bin0
>> Doing prefit: ch8,TTW_jet1_pt_bin1
>> Doing prefit: ch8,TTW_jet1_pt_bin2
>> Doing prefit: ch8,TTW_ooa
>> Doing prefit: ch8,TTZ
>> Doing prefit: ch8,VVV
>> Doing prefit: ch8,WZ
>> Doing prefit: ch8,ZZ
>> Doing prefit: ch8,data_fakes
>> Doing prefit: ch8,data_flips
>> Doing prefit: ch8,tHW
>> Doing prefit: ch8,tHq
>> Doing prefit: ch8,tZq
>> Doing prefit: ch8,ttH
>> Doing prefit: ch8,ttVV
>> Doing prefit: ch8,TotalBkg
>> Doing prefit: ch8,TotalSig
>> Doing prefit: ch8,TotalProcs
>> Doing prefit: ch9,Rares
>> Doing prefit: ch9,TTW_jet1_pt_bin0
>> Doing prefit: ch9,TTW_jet1_pt_bin1
>> Doing prefit: ch9,TTW_jet1_pt_bin2
>> Doing prefit: ch9,TTW_ooa
>> Doing prefit: ch9,TTZ
>> Doing prefit: ch9,VVV
>> Doing prefit: ch9,WZ
>> Doing prefit: ch9,ZZ
>> Doing prefit: ch9,data_fakes
>> Doing prefit: ch9,tHW
>> Doing prefit: ch9,tHq
>> Doing prefit: ch9,tZq
>> Doing prefit: ch9,ttH
>> Doing prefit: ch9,ttVV
>> Doing prefit: ch9,TotalBkg
>> Doing prefit: ch9,TotalSig
>> Doing prefit: ch9,TotalProcs
Bin                       Total relative bkg uncert. (prefit)
----------------------------------------------------------
ch1                       0.13277   
ch10                      0.16345   
ch11                      0.10760   
ch12                      0.14568   
ch2                       0.11847   
ch3                       0.14540   
ch4                       0.18692   
ch5                       0.11577   
ch6                       0.15325   
ch7                       0.15108   
ch8                       0.12490   
ch9                       0.15626   
>> Doing postfit: TotalBkg
>> Doing postfit: TotalSig
>> Doing postfit: TotalProcs
>> Doing postfit: ch1,Convs
>> Doing postfit: ch1,Rares
>> Doing postfit: ch1,TTW_jet1_pt_bin0
>> Doing postfit: ch1,TTW_jet1_pt_bin1
>> Doing postfit: ch1,TTW_jet1_pt_bin2
>> Doing postfit: ch1,TTW_ooa
>> Doing postfit: ch1,TTZ
>> Doing postfit: ch1,VVV
>> Doing postfit: ch1,WZ
>> Doing postfit: ch1,ZZ
>> Doing postfit: ch1,data_fakes
>> Doing postfit: ch1,data_flips
>> Doing postfit: ch1,tHW
>> Doing postfit: ch1,tHq
>> Doing postfit: ch1,tZq
>> Doing postfit: ch1,ttH
>> Doing postfit: ch1,ttVV
>> Doing postfit: ch1,TotalBkg
>> Doing postfit: ch1,TotalSig
>> Doing postfit: ch1,TotalProcs
>> Doing postfit: ch10,Convs
>> Doing postfit: ch10,Rares
>> Doing postfit: ch10,TTW_jet1_pt_bin0
>> Doing postfit: ch10,TTW_jet1_pt_bin1
>> Doing postfit: ch10,TTW_jet1_pt_bin2
>> Doing postfit: ch10,TTW_ooa
>> Doing postfit: ch10,TTZ
>> Doing postfit: ch10,VVV
>> Doing postfit: ch10,WZ
>> Doing postfit: ch10,ZZ
>> Doing postfit: ch10,data_fakes
>> Doing postfit: ch10,data_flips
>> Doing postfit: ch10,tHW
>> Doing postfit: ch10,tHq
>> Doing postfit: ch10,tZq
>> Doing postfit: ch10,ttH
>> Doing postfit: ch10,ttVV
>> Doing postfit: ch10,TotalBkg
>> Doing postfit: ch10,TotalSig
>> Doing postfit: ch10,TotalProcs
>> Doing postfit: ch11,Convs
>> Doing postfit: ch11,Rares
>> Doing postfit: ch11,TTW_jet1_pt_bin0
>> Doing postfit: ch11,TTW_jet1_pt_bin1
>> Doing postfit: ch11,TTW_jet1_pt_bin2
>> Doing postfit: ch11,TTW_ooa
>> Doing postfit: ch11,TTZ
>> Doing postfit: ch11,VVV
>> Doing postfit: ch11,WZ
>> Doing postfit: ch11,ZZ
>> Doing postfit: ch11,data_fakes
>> Doing postfit: ch11,data_flips
>> Doing postfit: ch11,tHW
>> Doing postfit: ch11,tHq
>> Doing postfit: ch11,tZq
>> Doing postfit: ch11,ttH
>> Doing postfit: ch11,ttVV
>> Doing postfit: ch11,TotalBkg
>> Doing postfit: ch11,TotalSig
>> Doing postfit: ch11,TotalProcs
>> Doing postfit: ch12,Rares
>> Doing postfit: ch12,TTW_jet1_pt_bin0
>> Doing postfit: ch12,TTW_jet1_pt_bin1
>> Doing postfit: ch12,TTW_jet1_pt_bin2
>> Doing postfit: ch12,TTW_ooa
>> Doing postfit: ch12,TTZ
>> Doing postfit: ch12,VVV
>> Doing postfit: ch12,WZ
>> Doing postfit: ch12,ZZ
>> Doing postfit: ch12,data_fakes
>> Doing postfit: ch12,tHW
>> Doing postfit: ch12,tHq
>> Doing postfit: ch12,tZq
>> Doing postfit: ch12,ttH
>> Doing postfit: ch12,ttVV
>> Doing postfit: ch12,TotalBkg
>> Doing postfit: ch12,TotalSig
>> Doing postfit: ch12,TotalProcs
>> Doing postfit: ch2,Convs
>> Doing postfit: ch2,Rares
>> Doing postfit: ch2,TTW_jet1_pt_bin0
>> Doing postfit: ch2,TTW_jet1_pt_bin1
>> Doing postfit: ch2,TTW_jet1_pt_bin2
>> Doing postfit: ch2,TTW_ooa
>> Doing postfit: ch2,TTZ
>> Doing postfit: ch2,VVV
>> Doing postfit: ch2,WZ
>> Doing postfit: ch2,ZZ
>> Doing postfit: ch2,data_fakes
>> Doing postfit: ch2,data_flips
>> Doing postfit: ch2,tHW
>> Doing postfit: ch2,tHq
>> Doing postfit: ch2,tZq
>> Doing postfit: ch2,ttH
>> Doing postfit: ch2,ttVV
>> Doing postfit: ch2,TotalBkg
>> Doing postfit: ch2,TotalSig
>> Doing postfit: ch2,TotalProcs
>> Doing postfit: ch3,Rares
>> Doing postfit: ch3,TTW_jet1_pt_bin0
>> Doing postfit: ch3,TTW_jet1_pt_bin1
>> Doing postfit: ch3,TTW_jet1_pt_bin2
>> Doing postfit: ch3,TTW_ooa
>> Doing postfit: ch3,TTZ
>> Doing postfit: ch3,VVV
>> Doing postfit: ch3,WZ
>> Doing postfit: ch3,ZZ
>> Doing postfit: ch3,data_fakes
>> Doing postfit: ch3,tHW
>> Doing postfit: ch3,tHq
>> Doing postfit: ch3,tZq
>> Doing postfit: ch3,ttH
>> Doing postfit: ch3,ttVV
>> Doing postfit: ch3,TotalBkg
>> Doing postfit: ch3,TotalSig
>> Doing postfit: ch3,TotalProcs
>> Doing postfit: ch4,Convs
>> Doing postfit: ch4,Rares
>> Doing postfit: ch4,TTW_jet1_pt_bin0
>> Doing postfit: ch4,TTW_jet1_pt_bin1
>> Doing postfit: ch4,TTW_jet1_pt_bin2
>> Doing postfit: ch4,TTW_ooa
>> Doing postfit: ch4,TTZ
>> Doing postfit: ch4,VVV
>> Doing postfit: ch4,WZ
>> Doing postfit: ch4,ZZ
>> Doing postfit: ch4,data_fakes
>> Doing postfit: ch4,data_flips
>> Doing postfit: ch4,tHW
>> Doing postfit: ch4,tHq
>> Doing postfit: ch4,tZq
>> Doing postfit: ch4,ttH
>> Doing postfit: ch4,ttVV
>> Doing postfit: ch4,TotalBkg
>> Doing postfit: ch4,TotalSig
>> Doing postfit: ch4,TotalProcs
>> Doing postfit: ch5,Convs
>> Doing postfit: ch5,Rares
>> Doing postfit: ch5,TTW_jet1_pt_bin0
>> Doing postfit: ch5,TTW_jet1_pt_bin1
>> Doing postfit: ch5,TTW_jet1_pt_bin2
>> Doing postfit: ch5,TTW_ooa
>> Doing postfit: ch5,TTZ
>> Doing postfit: ch5,VVV
>> Doing postfit: ch5,WZ
>> Doing postfit: ch5,ZZ
>> Doing postfit: ch5,data_fakes
>> Doing postfit: ch5,data_flips
>> Doing postfit: ch5,tHW
>> Doing postfit: ch5,tHq
>> Doing postfit: ch5,tZq
>> Doing postfit: ch5,ttH
>> Doing postfit: ch5,ttVV
>> Doing postfit: ch5,TotalBkg
>> Doing postfit: ch5,TotalSig
>> Doing postfit: ch5,TotalProcs
>> Doing postfit: ch6,Rares
>> Doing postfit: ch6,TTW_jet1_pt_bin0
>> Doing postfit: ch6,TTW_jet1_pt_bin1
>> Doing postfit: ch6,TTW_jet1_pt_bin2
>> Doing postfit: ch6,TTW_ooa
>> Doing postfit: ch6,TTZ
>> Doing postfit: ch6,VVV
>> Doing postfit: ch6,WZ
>> Doing postfit: ch6,ZZ
>> Doing postfit: ch6,data_fakes
>> Doing postfit: ch6,tHW
>> Doing postfit: ch6,tHq
>> Doing postfit: ch6,tZq
>> Doing postfit: ch6,ttH
>> Doing postfit: ch6,ttVV
>> Doing postfit: ch6,TotalBkg
>> Doing postfit: ch6,TotalSig
>> Doing postfit: ch6,TotalProcs
>> Doing postfit: ch7,Convs
>> Doing postfit: ch7,Rares
>> Doing postfit: ch7,TTW_jet1_pt_bin0
>> Doing postfit: ch7,TTW_jet1_pt_bin1
>> Doing postfit: ch7,TTW_jet1_pt_bin2
>> Doing postfit: ch7,TTW_ooa
>> Doing postfit: ch7,TTZ
>> Doing postfit: ch7,VVV
>> Doing postfit: ch7,WZ
>> Doing postfit: ch7,ZZ
>> Doing postfit: ch7,data_fakes
>> Doing postfit: ch7,data_flips
>> Doing postfit: ch7,tHW
>> Doing postfit: ch7,tHq
>> Doing postfit: ch7,tZq
>> Doing postfit: ch7,ttH
>> Doing postfit: ch7,ttVV
>> Doing postfit: ch7,TotalBkg
>> Doing postfit: ch7,TotalSig
>> Doing postfit: ch7,TotalProcs
>> Doing postfit: ch8,Convs
>> Doing postfit: ch8,Rares
>> Doing postfit: ch8,TTW_jet1_pt_bin0
>> Doing postfit: ch8,TTW_jet1_pt_bin1
>> Doing postfit: ch8,TTW_jet1_pt_bin2
>> Doing postfit: ch8,TTW_ooa
>> Doing postfit: ch8,TTZ
>> Doing postfit: ch8,VVV
>> Doing postfit: ch8,WZ
>> Doing postfit: ch8,ZZ
>> Doing postfit: ch8,data_fakes
>> Doing postfit: ch8,data_flips
>> Doing postfit: ch8,tHW
>> Doing postfit: ch8,tHq
>> Doing postfit: ch8,tZq
>> Doing postfit: ch8,ttH
>> Doing postfit: ch8,ttVV
>> Doing postfit: ch8,TotalBkg
>> Doing postfit: ch8,TotalSig
>> Doing postfit: ch8,TotalProcs
>> Doing postfit: ch9,Rares
>> Doing postfit: ch9,TTW_jet1_pt_bin0
>> Doing postfit: ch9,TTW_jet1_pt_bin1
>> Doing postfit: ch9,TTW_jet1_pt_bin2
>> Doing postfit: ch9,TTW_ooa
>> Doing postfit: ch9,TTZ
>> Doing postfit: ch9,VVV
>> Doing postfit: ch9,WZ
>> Doing postfit: ch9,ZZ
>> Doing postfit: ch9,data_fakes
>> Doing postfit: ch9,tHW
>> Doing postfit: ch9,tHq
>> Doing postfit: ch9,tZq
>> Doing postfit: ch9,ttH
>> Doing postfit: ch9,ttVV
>> Doing postfit: ch9,TotalBkg
>> Doing postfit: ch9,TotalSig
>> Doing postfit: ch9,TotalProcs

Bin                       Total relative bkg uncert. (postfit)
----------------------------------------------------------
ch1                       0.08576   
ch10                      0.09908   
ch11                      0.06925   
ch12                      0.07659   
ch2                       0.07598   
ch3                       0.08364   
ch4                       0.12203   
ch5                       0.08168   
ch6                       0.13267   
ch7                       0.10907   
ch8                       0.08275   
ch9                       0.09005   

Bin                       Process              Scale factor
----------------------------------------------------------
ch1                       Convs                1.29663   
ch1                       Rares                1.14762   
ch1                       TTW_jet1_pt_bin0     1.05762   
ch1                       TTW_jet1_pt_bin1     1.57563   
ch1                       TTW_jet1_pt_bin2     1.75687   
ch1                       TTW_ooa              1.11061   
ch1                       TTZ                  1.09547   
ch1                       VVV                  1.30281   
ch1                       WZ                   0.99773   
ch1                       ZZ                   1.29229   
ch1                       data_fakes           1.16417   
ch1                       data_flips           0.96843   
ch1                       tHW                  1.05138   
ch1                       tHq                  1.06675   
ch1                       tZq                  1.10376   
ch1                       ttH                  1.05827   
ch1                       ttVV                 1.07878   
ch10                      Convs                1.21930   
ch10                      Rares                1.22198   
ch10                      TTW_jet1_pt_bin0     1.00806   
ch10                      TTW_jet1_pt_bin1     1.54079   
ch10                      TTW_jet1_pt_bin2     1.71232   
ch10                      TTW_ooa              1.00621   
ch10                      TTZ                  1.20527   
ch10                      VVV                  1.02156   
ch10                      WZ                   0.85615   
ch10                      ZZ                   1.19383   
ch10                      data_fakes           1.14136   
ch10                      data_flips           0.96780   
ch10                      tHW                  1.01413   
ch10                      tHq                  1.03909   
ch10                      tZq                  1.11135   
ch10                      ttH                  1.02857   
ch10                      ttVV                 1.05726   
ch11                      Convs                1.21457   
ch11                      Rares                1.13655   
ch11                      TTW_jet1_pt_bin0     0.98996   
ch11                      TTW_jet1_pt_bin1     1.49965   
ch11                      TTW_jet1_pt_bin2     1.67281   
ch11                      TTW_ooa              0.99984   
ch11                      TTZ                  1.28461   
ch11                      VVV                  1.24800   
ch11                      WZ                   0.96860   
ch11                      ZZ                   1.34194   
ch11                      data_fakes           1.05011   
ch11                      data_flips           0.96810   
ch11                      tHW                  1.01585   
ch11                      tHq                  1.00454   
ch11                      tZq                  1.03109   
ch11                      ttH                  1.01128   
ch11                      ttVV                 1.02985   
ch12                      Rares                1.05755   
ch12                      TTW_jet1_pt_bin0     0.96381   
ch12                      TTW_jet1_pt_bin1     1.46570   
ch12                      TTW_jet1_pt_bin2     1.62758   
ch12                      TTW_ooa              0.95586   
ch12                      TTZ                  1.14928   
ch12                      VVV                  1.21545   
ch12                      WZ                   0.94583   
ch12                      ZZ                   1.10279   
ch12                      data_fakes           0.94050   
ch12                      tHW                  0.98366   
ch12                      tHq                  0.97691   
ch12                      tZq                  1.07418   
ch12                      ttH                  0.98985   
ch12                      ttVV                 0.99692   
ch2                       Convs                1.42660   
ch2                       Rares                1.07983   
ch2                       TTW_jet1_pt_bin0     0.99956   
ch2                       TTW_jet1_pt_bin1     1.53873   
ch2                       TTW_jet1_pt_bin2     1.71217   
ch2                       TTW_ooa              1.03583   
ch2                       TTZ                  1.24594   
ch2                       VVV                  1.30387   
ch2                       WZ                   0.96722   
ch2                       ZZ                   1.23477   
ch2                       data_fakes           1.04424   
ch2                       data_flips           0.96813   
ch2                       tHW                  1.00040   
ch2                       tHq                  1.00668   
ch2                       tZq                  1.07596   
ch2                       ttH                  1.01641   
ch2                       ttVV                 1.02561   
ch3                       Rares                1.15239   
ch3                       TTW_jet1_pt_bin0     0.97459   
ch3                       TTW_jet1_pt_bin1     1.46972   
ch3                       TTW_jet1_pt_bin2     1.62543   
ch3                       TTW_ooa              0.97887   
ch3                       TTZ                  1.16386   
ch3                       VVV                  0.93612   
ch3                       WZ                   0.92484   
ch3                       ZZ                   1.34683   
ch3                       data_fakes           0.92231   
ch3                       tHW                  0.97625   
ch3                       tHq                  0.98503   
ch3                       tZq                  1.02284   
ch3                       ttH                  0.99527   
ch3                       ttVV                 0.99585   
ch4                       Convs                1.26838   
ch4                       Rares                1.20607   
ch4                       TTW_jet1_pt_bin0     1.02581   
ch4                       TTW_jet1_pt_bin1     1.57271   
ch4                       TTW_jet1_pt_bin2     1.78380   
ch4                       TTW_ooa              1.06434   
ch4                       TTZ                  1.25461   
ch4                       VVV                  1.53315   
ch4                       WZ                   1.17262   
ch4                       ZZ                   1.60424   
ch4                       data_fakes           1.19828   
ch4                       data_flips           0.96773   
ch4                       tHW                  1.08709   
ch4                       tHq                  1.09568   
ch4                       tZq                  1.18486   
ch4                       ttH                  1.09158   
ch4                       ttVV                 1.08159   
ch5                       Convs                1.37527   
ch5                       Rares                1.19126   
ch5                       TTW_jet1_pt_bin0     1.00906   
ch5                       TTW_jet1_pt_bin1     1.54846   
ch5                       TTW_jet1_pt_bin2     1.71175   
ch5                       TTW_ooa              1.07188   
ch5                       TTZ                  1.19231   
ch5                       VVV                  1.43696   
ch5                       WZ                   1.15910   
ch5                       ZZ                   1.55684   
ch5                       data_fakes           1.07065   
ch5                       data_flips           0.96826   
ch5                       tHW                  1.05633   
ch5                       tHq                  1.05103   
ch5                       tZq                  1.12170   
ch5                       ttH                  1.05408   
ch5                       ttVV                 1.05154   
ch6                       Rares                1.11045   
ch6                       TTW_jet1_pt_bin0     0.98853   
ch6                       TTW_jet1_pt_bin1     1.51186   
ch6                       TTW_jet1_pt_bin2     1.69529   
ch6                       TTW_ooa              1.03493   
ch6                       TTZ                  1.15629   
ch6                       VVV                  2.40409   
ch6                       WZ                   1.10389   
ch6                       ZZ                   1.64546   
ch6                       data_fakes           0.94063   
ch6                       tHW                  1.02682   
ch6                       tHq                  1.04179   
ch6                       tZq                  1.11157   
ch6                       ttH                  1.00629   
ch6                       ttVV                 1.01883   
ch7                       Convs                1.29985   
ch7                       Rares                1.08018   
ch7                       TTW_jet1_pt_bin0     1.03313   
ch7                       TTW_jet1_pt_bin1     1.56856   
ch7                       TTW_jet1_pt_bin2     1.72226   
ch7                       TTW_ooa              1.07119   
ch7                       TTZ                  1.17882   
ch7                       VVV                  1.25718   
ch7                       WZ                   0.98847   
ch7                       ZZ                   1.23483   
ch7                       data_fakes           1.17750   
ch7                       data_flips           0.96815   
ch7                       tHW                  1.04850   
ch7                       tHq                  1.03085   
ch7                       tZq                  1.16852   
ch7                       ttH                  1.06712   
ch7                       ttVV                 1.07450   
ch8                       Convs                1.39336   
ch8                       Rares                1.14145   
ch8                       TTW_jet1_pt_bin0     1.02556   
ch8                       TTW_jet1_pt_bin1     1.54081   
ch8                       TTW_jet1_pt_bin2     1.70511   
ch8                       TTW_ooa              1.03751   
ch8                       TTZ                  1.20107   
ch8                       VVV                  1.27782   
ch8                       WZ                   0.99239   
ch8                       ZZ                   1.22750   
ch8                       data_fakes           1.04551   
ch8                       data_flips           0.96814   
ch8                       tHW                  1.03151   
ch8                       tHq                  1.02798   
ch8                       tZq                  1.09316   
ch8                       ttH                  1.04225   
ch8                       ttVV                 1.04648   
ch9                       Rares                1.04711   
ch9                       TTW_jet1_pt_bin0     0.99403   
ch9                       TTW_jet1_pt_bin1     1.50240   
ch9                       TTW_jet1_pt_bin2     1.64971   
ch9                       TTW_ooa              1.00252   
ch9                       TTZ                  1.15935   
ch9                       VVV                  1.24064   
ch9                       WZ                   0.95206   
ch9                       ZZ                   0.98963   
ch9                       data_fakes           0.94940   
ch9                       tHW                  1.00420   
ch9                       tHq                  0.99583   
ch9                       tZq                  1.08554   
ch9                       ttH                  1.00664   
ch9                       ttVV                 1.01809   
