/mnt_pool/c3_users/user/cvico/WorkSpace/ttw-differential/postfit-plots/counting/2lss/jet1_pt
WARNING: the default behaviour of PostFitShapesFromWorkspace is to use the covariance matrix sampling method for the post-fit uncertainty. The option --sampling is deprecated and will be removed in future versions of CombineHarvester
[SetFlag] Changing value of flag "workspaces-use-clone" from 0 to 1
[#1] INFO:ObjectHandling -- RooWorkspace::import(w) importing dataset ch1
[#1] INFO:ObjectHandling -- RooWorkspace::import(w) importing dataset ch10
[#1] INFO:ObjectHandling -- RooWorkspace::import(w) importing dataset ch11
[#1] INFO:ObjectHandling -- RooWorkspace::import(w) importing dataset ch12
[#1] INFO:ObjectHandling -- RooWorkspace::import(w) importing dataset ch13
[#1] INFO:ObjectHandling -- RooWorkspace::import(w) importing dataset ch14
[#1] INFO:ObjectHandling -- RooWorkspace::import(w) importing dataset ch15
[#1] INFO:ObjectHandling -- RooWorkspace::import(w) importing dataset ch16
[#1] INFO:ObjectHandling -- RooWorkspace::import(w) importing dataset ch17
[#1] INFO:ObjectHandling -- RooWorkspace::import(w) importing dataset ch18
[#1] INFO:ObjectHandling -- RooWorkspace::import(w) importing dataset ch19
[#1] INFO:ObjectHandling -- RooWorkspace::import(w) importing dataset ch2
[#1] INFO:ObjectHandling -- RooWorkspace::import(w) importing dataset ch20
[#1] INFO:ObjectHandling -- RooWorkspace::import(w) importing dataset ch21
[#1] INFO:ObjectHandling -- RooWorkspace::import(w) importing dataset ch22
[#1] INFO:ObjectHandling -- RooWorkspace::import(w) importing dataset ch23
[#1] INFO:ObjectHandling -- RooWorkspace::import(w) importing dataset ch24
[#1] INFO:ObjectHandling -- RooWorkspace::import(w) importing dataset ch25
[#1] INFO:ObjectHandling -- RooWorkspace::import(w) importing dataset ch26
[#1] INFO:ObjectHandling -- RooWorkspace::import(w) importing dataset ch27
[#1] INFO:ObjectHandling -- RooWorkspace::import(w) importing dataset ch28
[#1] INFO:ObjectHandling -- RooWorkspace::import(w) importing dataset ch29
[#1] INFO:ObjectHandling -- RooWorkspace::import(w) importing dataset ch3
[#1] INFO:ObjectHandling -- RooWorkspace::import(w) importing dataset ch30
[#1] INFO:ObjectHandling -- RooWorkspace::import(w) importing dataset ch31
[#1] INFO:ObjectHandling -- RooWorkspace::import(w) importing dataset ch32
[#1] INFO:ObjectHandling -- RooWorkspace::import(w) importing dataset ch33
[#1] INFO:ObjectHandling -- RooWorkspace::import(w) importing dataset ch34
[#1] INFO:ObjectHandling -- RooWorkspace::import(w) importing dataset ch35
[#1] INFO:ObjectHandling -- RooWorkspace::import(w) importing dataset ch36
[#1] INFO:ObjectHandling -- RooWorkspace::import(w) importing dataset ch37
[#1] INFO:ObjectHandling -- RooWorkspace::import(w) importing dataset ch38
[#1] INFO:ObjectHandling -- RooWorkspace::import(w) importing dataset ch39
[#1] INFO:ObjectHandling -- RooWorkspace::import(w) importing dataset ch4
[#1] INFO:ObjectHandling -- RooWorkspace::import(w) importing dataset ch40
[#1] INFO:ObjectHandling -- RooWorkspace::import(w) importing dataset ch41
[#1] INFO:ObjectHandling -- RooWorkspace::import(w) importing dataset ch42
[#1] INFO:ObjectHandling -- RooWorkspace::import(w) importing dataset ch43
[#1] INFO:ObjectHandling -- RooWorkspace::import(w) importing dataset ch44
[#1] INFO:ObjectHandling -- RooWorkspace::import(w) importing dataset ch5
[#1] INFO:ObjectHandling -- RooWorkspace::import(w) importing dataset ch6
[#1] INFO:ObjectHandling -- RooWorkspace::import(w) importing dataset ch7
[#1] INFO:ObjectHandling -- RooWorkspace::import(w) importing dataset ch8
[#1] INFO:ObjectHandling -- RooWorkspace::import(w) importing dataset ch9
[SetFlag] Changing value of flag "workspaces-use-clone" from 0 to 1
>> Doing prefit: TotalBkg
>> Doing prefit: TotalSig
>> Doing prefit: TotalProcs
Info in <TH1F::Add>: Attempt to add histograms with different number of bins - trying to use TH1::Merge
Error in <Merge>: Cannot merge histograms - limits are inconsistent:
 first: x_data_obs (6, 25.000000, 300.000000), second: x_data_obs (12, 0.500000, 12.500000)
Info in <TH1F::Add>: Attempt to add histograms with different number of bins - trying to use TH1::Merge
Error in <Merge>: Cannot merge histograms - limits are inconsistent:
 first: x_data_obs (6, 25.000000, 300.000000), second: x_data_obs (12, 0.500000, 12.500000)
Info in <TH1F::Add>: Attempt to add histograms with different number of bins - trying to use TH1::Merge
Error in <Merge>: Cannot merge histograms - limits are inconsistent:
 first: x_data_obs (6, 25.000000, 300.000000), second: x_data_obs (12, 0.500000, 12.500000)
Info in <TH1F::Add>: Attempt to add histograms with different number of bins - trying to use TH1::Merge
Error in <Merge>: Cannot merge histograms - limits are inconsistent:
 first: x_data_obs (6, 25.000000, 300.000000), second: x_data_obs (12, 0.500000, 12.500000)
Info in <TH1F::Add>: Attempt to add histograms with different number of bins - trying to use TH1::Merge
Error in <Merge>: Cannot merge histograms - limits are inconsistent:
 first: x_data_obs (6, 25.000000, 300.000000), second: x_data_obs (12, 0.500000, 12.500000)
Info in <TH1F::Add>: Attempt to add histograms with different number of bins - trying to use TH1::Merge
Error in <Merge>: Cannot merge histograms - limits are inconsistent:
 first: x_data_obs (6, 25.000000, 300.000000), second: x_data_obs (12, 0.500000, 12.500000)
Info in <TH1F::Add>: Attempt to add histograms with different number of bins - trying to use TH1::Merge
Error in <Merge>: Cannot merge histograms - limits are inconsistent:
 first: x_data_obs (6, 25.000000, 300.000000), second: x_data_obs (12, 0.500000, 12.500000)
Info in <TH1F::Add>: Attempt to add histograms with different number of bins - trying to use TH1::Merge
Error in <Merge>: Cannot merge histograms - limits are inconsistent:
 first: x_data_obs (6, 25.000000, 300.000000), second: x_data_obs (12, 0.500000, 12.500000)
Info in <TH1F::Add>: Attempt to add histograms with different number of bins - trying to use TH1::Merge
Error in <Merge>: Cannot merge histograms - limits are inconsistent:
 first: x_data_obs (6, 25.000000, 300.000000), second: x_data_obs (12, 0.500000, 12.500000)
Info in <TH1F::Add>: Attempt to add histograms with different number of bins - trying to use TH1::Merge
Error in <Merge>: Cannot merge histograms - limits are inconsistent:
 first: x_data_obs (6, 25.000000, 300.000000), second: x_data_obs (12, 0.500000, 12.500000)
Info in <TH1F::Add>: Attempt to add histograms with different number of bins - trying to use TH1::Merge
Error in <Merge>: Cannot merge histograms - limits are inconsistent:
 first: x_data_obs (6, 25.000000, 300.000000), second: x_data_obs (12, 0.500000, 12.500000)
Info in <TH1F::Add>: Attempt to add histograms with different number of bins - trying to use TH1::Merge
Error in <Merge>: Cannot merge histograms - limits are inconsistent:
 first: x_data_obs (6, 25.000000, 300.000000), second: x_data_obs (12, 0.500000, 12.500000)
Info in <TH1F::Add>: Attempt to add histograms with different number of bins - trying to use TH1::Merge
Error in <Merge>: Cannot merge histograms - limits are inconsistent:
 first: x_data_obs (6, 25.000000, 300.000000), second: x_data_obs (12, 0.500000, 12.500000)
Info in <TH1F::Add>: Attempt to add histograms with different number of bins - trying to use TH1::Merge
Error in <Merge>: Cannot merge histograms - limits are inconsistent:
 first: x_data_obs (6, 25.000000, 300.000000), second: x_data_obs (12, 0.500000, 12.500000)
Info in <TH1F::Add>: Attempt to add histograms with different number of bins - trying to use TH1::Merge
Error in <Merge>: Cannot merge histograms - limits are inconsistent:
 first: x_data_obs (6, 25.000000, 300.000000), second: x_data_obs (12, 0.500000, 12.500000)
Info in <TH1F::Add>: Attempt to add histograms with different number of bins - trying to use TH1::Merge
Error in <Merge>: Cannot merge histograms - limits are inconsistent:
 first: x_data_obs (6, 25.000000, 300.000000), second: x_data_obs (12, 0.500000, 12.500000)
Info in <TH1F::Add>: Attempt to add histograms with different number of bins - trying to use TH1::Merge
Error in <Merge>: Cannot merge histograms - limits are inconsistent:
 first: x_data_obs (6, 25.000000, 300.000000), second: x_data_obs (4, 0.500000, 4.500000)
Info in <TH1F::Add>: Attempt to add histograms with different number of bins - trying to use TH1::Merge
Error in <Merge>: Cannot merge histograms - limits are inconsistent:
 first: x_data_obs (6, 25.000000, 300.000000), second: x_data_obs (4, 0.500000, 4.500000)
Info in <TH1F::Add>: Attempt to add histograms with different number of bins - trying to use TH1::Merge
Error in <Merge>: Cannot merge histograms - limits are inconsistent:
 first: x_data_obs (6, 25.000000, 300.000000), second: x_data_obs (4, 0.500000, 4.500000)
Info in <TH1F::Add>: Attempt to add histograms with different number of bins - trying to use TH1::Merge
Error in <Merge>: Cannot merge histograms - limits are inconsistent:
 first: x_data_obs (6, 25.000000, 300.000000), second: x_data_obs (4, 0.500000, 4.500000)
>> Doing prefit: ch1,Convs
>> Doing prefit: ch1,Rares
>> Doing prefit: ch1,TTW_jet1_pt_bin0
>> Doing prefit: ch1,TTW_jet1_pt_bin1
>> Doing prefit: ch1,TTW_jet1_pt_bin2
>> Doing prefit: ch1,TTW_ooa
>> Doing prefit: ch1,TTZ
>> Doing prefit: ch1,VVV
>> Doing prefit: ch1,WZ
>> Doing prefit: ch1,ZZ
>> Doing prefit: ch1,data_fakes
>> Doing prefit: ch1,data_flips
>> Doing prefit: ch1,tHW
>> Doing prefit: ch1,tHq
>> Doing prefit: ch1,tZq
>> Doing prefit: ch1,ttH
>> Doing prefit: ch1,ttVV
>> Doing prefit: ch1,TotalBkg
>> Doing prefit: ch1,TotalSig
>> Doing prefit: ch1,TotalProcs
>> Doing prefit: ch10,Convs
>> Doing prefit: ch10,Rares
>> Doing prefit: ch10,TTW_jet1_pt_bin0
>> Doing prefit: ch10,TTW_jet1_pt_bin1
>> Doing prefit: ch10,TTW_jet1_pt_bin2
>> Doing prefit: ch10,TTW_ooa
>> Doing prefit: ch10,TTZ
>> Doing prefit: ch10,VVV
>> Doing prefit: ch10,WZ
>> Doing prefit: ch10,ZZ
>> Doing prefit: ch10,data_fakes
>> Doing prefit: ch10,data_flips
>> Doing prefit: ch10,tHW
>> Doing prefit: ch10,tHq
>> Doing prefit: ch10,tZq
>> Doing prefit: ch10,ttH
>> Doing prefit: ch10,ttVV
>> Doing prefit: ch10,TotalBkg
>> Doing prefit: ch10,TotalSig
>> Doing prefit: ch10,TotalProcs
>> Doing prefit: ch11,Rares
>> Doing prefit: ch11,TTW_jet1_pt_bin0
>> Doing prefit: ch11,TTW_jet1_pt_bin1
>> Doing prefit: ch11,TTW_jet1_pt_bin2
>> Doing prefit: ch11,TTW_ooa
>> Doing prefit: ch11,TTZ
>> Doing prefit: ch11,VVV
>> Doing prefit: ch11,WZ
>> Doing prefit: ch11,ZZ
>> Doing prefit: ch11,data_fakes
>> Doing prefit: ch11,tHW
>> Doing prefit: ch11,tHq
>> Doing prefit: ch11,tZq
>> Doing prefit: ch11,ttH
>> Doing prefit: ch11,ttVV
>> Doing prefit: ch11,TotalBkg
>> Doing prefit: ch11,TotalSig
>> Doing prefit: ch11,TotalProcs
>> Doing prefit: ch12,Rares
>> Doing prefit: ch12,TTW_jet1_pt_bin0
>> Doing prefit: ch12,TTW_jet1_pt_bin1
>> Doing prefit: ch12,TTW_jet1_pt_bin2
>> Doing prefit: ch12,TTW_ooa
>> Doing prefit: ch12,TTZ
>> Doing prefit: ch12,VVV
>> Doing prefit: ch12,WZ
>> Doing prefit: ch12,ZZ
>> Doing prefit: ch12,data_fakes
>> Doing prefit: ch12,tHW
>> Doing prefit: ch12,tHq
>> Doing prefit: ch12,tZq
>> Doing prefit: ch12,ttH
>> Doing prefit: ch12,ttVV
>> Doing prefit: ch12,TotalBkg
>> Doing prefit: ch12,TotalSig
>> Doing prefit: ch12,TotalProcs
>> Doing prefit: ch13,Convs
>> Doing prefit: ch13,Rares
>> Doing prefit: ch13,TTW_jet1_pt_bin0
>> Doing prefit: ch13,TTW_jet1_pt_bin1
>> Doing prefit: ch13,TTW_jet1_pt_bin2
>> Doing prefit: ch13,TTW_ooa
>> Doing prefit: ch13,TTZ
>> Doing prefit: ch13,VVV
>> Doing prefit: ch13,WZ
>> Doing prefit: ch13,ZZ
>> Doing prefit: ch13,data_fakes
>> Doing prefit: ch13,data_flips
>> Doing prefit: ch13,tHW
>> Doing prefit: ch13,tHq
>> Doing prefit: ch13,tZq
>> Doing prefit: ch13,ttH
>> Doing prefit: ch13,ttVV
>> Doing prefit: ch13,TotalBkg
>> Doing prefit: ch13,TotalSig
>> Doing prefit: ch13,TotalProcs
>> Doing prefit: ch14,Convs
>> Doing prefit: ch14,Rares
>> Doing prefit: ch14,TTW_jet1_pt_bin0
>> Doing prefit: ch14,TTW_jet1_pt_bin1
>> Doing prefit: ch14,TTW_jet1_pt_bin2
>> Doing prefit: ch14,TTW_ooa
>> Doing prefit: ch14,TTZ
>> Doing prefit: ch14,VVV
>> Doing prefit: ch14,WZ
>> Doing prefit: ch14,ZZ
>> Doing prefit: ch14,data_fakes
>> Doing prefit: ch14,data_flips
>> Doing prefit: ch14,tHW
>> Doing prefit: ch14,tHq
>> Doing prefit: ch14,tZq
>> Doing prefit: ch14,ttH
>> Doing prefit: ch14,ttVV
>> Doing prefit: ch14,TotalBkg
>> Doing prefit: ch14,TotalSig
>> Doing prefit: ch14,TotalProcs
>> Doing prefit: ch15,Rares
>> Doing prefit: ch15,TTW_jet1_pt_bin0
>> Doing prefit: ch15,TTW_jet1_pt_bin1
>> Doing prefit: ch15,TTW_jet1_pt_bin2
>> Doing prefit: ch15,TTW_ooa
>> Doing prefit: ch15,TTZ
>> Doing prefit: ch15,VVV
>> Doing prefit: ch15,WZ
>> Doing prefit: ch15,ZZ
>> Doing prefit: ch15,data_fakes
>> Doing prefit: ch15,tHW
>> Doing prefit: ch15,tHq
>> Doing prefit: ch15,tZq
>> Doing prefit: ch15,ttH
>> Doing prefit: ch15,ttVV
>> Doing prefit: ch15,TotalBkg
>> Doing prefit: ch15,TotalSig
>> Doing prefit: ch15,TotalProcs
>> Doing prefit: ch16,Convs
>> Doing prefit: ch16,Rares
>> Doing prefit: ch16,TTW_jet1_pt_bin0
>> Doing prefit: ch16,TTW_jet1_pt_bin1
>> Doing prefit: ch16,TTW_jet1_pt_bin2
>> Doing prefit: ch16,TTW_ooa
>> Doing prefit: ch16,TTZ
>> Doing prefit: ch16,VVV
>> Doing prefit: ch16,WZ
>> Doing prefit: ch16,ZZ
>> Doing prefit: ch16,data_fakes
>> Doing prefit: ch16,data_flips
>> Doing prefit: ch16,tHW
>> Doing prefit: ch16,tHq
>> Doing prefit: ch16,tZq
>> Doing prefit: ch16,ttH
>> Doing prefit: ch16,ttVV
>> Doing prefit: ch16,TotalBkg
>> Doing prefit: ch16,TotalSig
>> Doing prefit: ch16,TotalProcs
>> Doing prefit: ch17,Convs
>> Doing prefit: ch17,Rares
>> Doing prefit: ch17,TTW_jet1_pt_bin0
>> Doing prefit: ch17,TTW_jet1_pt_bin1
>> Doing prefit: ch17,TTW_jet1_pt_bin2
>> Doing prefit: ch17,TTW_ooa
>> Doing prefit: ch17,TTZ
>> Doing prefit: ch17,VVV
>> Doing prefit: ch17,WZ
>> Doing prefit: ch17,ZZ
>> Doing prefit: ch17,data_fakes
>> Doing prefit: ch17,data_flips
>> Doing prefit: ch17,tHW
>> Doing prefit: ch17,tHq
>> Doing prefit: ch17,tZq
>> Doing prefit: ch17,ttH
>> Doing prefit: ch17,ttVV
>> Doing prefit: ch17,TotalBkg
>> Doing prefit: ch17,TotalSig
>> Doing prefit: ch17,TotalProcs
>> Doing prefit: ch18,Convs
>> Doing prefit: ch18,Rares
>> Doing prefit: ch18,TTW_jet1_pt_bin0
>> Doing prefit: ch18,TTW_jet1_pt_bin1
>> Doing prefit: ch18,TTW_jet1_pt_bin2
>> Doing prefit: ch18,TTW_ooa
>> Doing prefit: ch18,TTZ
>> Doing prefit: ch18,VVV
>> Doing prefit: ch18,WZ
>> Doing prefit: ch18,ZZ
>> Doing prefit: ch18,data_fakes
>> Doing prefit: ch18,data_flips
>> Doing prefit: ch18,tHW
>> Doing prefit: ch18,tHq
>> Doing prefit: ch18,tZq
>> Doing prefit: ch18,ttH
>> Doing prefit: ch18,ttVV
>> Doing prefit: ch18,TotalBkg
>> Doing prefit: ch18,TotalSig
>> Doing prefit: ch18,TotalProcs
>> Doing prefit: ch19,Rares
>> Doing prefit: ch19,TTW_jet1_pt_bin0
>> Doing prefit: ch19,TTW_jet1_pt_bin1
>> Doing prefit: ch19,TTW_jet1_pt_bin2
>> Doing prefit: ch19,TTW_ooa
>> Doing prefit: ch19,TTZ
>> Doing prefit: ch19,VVV
>> Doing prefit: ch19,WZ
>> Doing prefit: ch19,data_fakes
>> Doing prefit: ch19,tHW
>> Doing prefit: ch19,tHq
>> Doing prefit: ch19,tZq
>> Doing prefit: ch19,ttH
>> Doing prefit: ch19,ttVV
>> Doing prefit: ch19,TotalBkg
>> Doing prefit: ch19,TotalSig
>> Doing prefit: ch19,TotalProcs
>> Doing prefit: ch2,Convs
>> Doing prefit: ch2,Rares
>> Doing prefit: ch2,TTW_jet1_pt_bin0
>> Doing prefit: ch2,TTW_jet1_pt_bin1
>> Doing prefit: ch2,TTW_jet1_pt_bin2
>> Doing prefit: ch2,TTW_ooa
>> Doing prefit: ch2,TTZ
>> Doing prefit: ch2,VVV
>> Doing prefit: ch2,WZ
>> Doing prefit: ch2,ZZ
>> Doing prefit: ch2,data_fakes
>> Doing prefit: ch2,data_flips
>> Doing prefit: ch2,tHW
>> Doing prefit: ch2,tHq
>> Doing prefit: ch2,tZq
>> Doing prefit: ch2,ttH
>> Doing prefit: ch2,ttVV
>> Doing prefit: ch2,TotalBkg
>> Doing prefit: ch2,TotalSig
>> Doing prefit: ch2,TotalProcs
>> Doing prefit: ch20,Rares
>> Doing prefit: ch20,TTW_jet1_pt_bin0
>> Doing prefit: ch20,TTW_jet1_pt_bin1
>> Doing prefit: ch20,TTW_jet1_pt_bin2
>> Doing prefit: ch20,TTW_ooa
>> Doing prefit: ch20,TTZ
>> Doing prefit: ch20,VVV
>> Doing prefit: ch20,WZ
>> Doing prefit: ch20,ZZ
>> Doing prefit: ch20,data_fakes
>> Doing prefit: ch20,tHW
>> Doing prefit: ch20,tHq
>> Doing prefit: ch20,tZq
>> Doing prefit: ch20,ttH
>> Doing prefit: ch20,ttVV
>> Doing prefit: ch20,TotalBkg
>> Doing prefit: ch20,TotalSig
>> Doing prefit: ch20,TotalProcs
>> Doing prefit: ch21,Rares
>> Doing prefit: ch21,TTW_jet1_pt_bin0
>> Doing prefit: ch21,TTW_jet1_pt_bin1
>> Doing prefit: ch21,TTW_jet1_pt_bin2
>> Doing prefit: ch21,TTW_ooa
>> Doing prefit: ch21,TTZ
>> Doing prefit: ch21,VVV
>> Doing prefit: ch21,WZ
>> Doing prefit: ch21,ZZ
>> Doing prefit: ch21,data_fakes
>> Doing prefit: ch21,tHW
>> Doing prefit: ch21,tHq
>> Doing prefit: ch21,tZq
>> Doing prefit: ch21,ttH
>> Doing prefit: ch21,ttVV
>> Doing prefit: ch21,TotalBkg
>> Doing prefit: ch21,TotalSig
>> Doing prefit: ch21,TotalProcs
>> Doing prefit: ch22,Convs
>> Doing prefit: ch22,Rares
>> Doing prefit: ch22,TTW_jet1_pt_bin0
>> Doing prefit: ch22,TTW_jet1_pt_bin1
>> Doing prefit: ch22,TTW_jet1_pt_bin2
>> Doing prefit: ch22,TTW_ooa
>> Doing prefit: ch22,TTZ
>> Doing prefit: ch22,VVV
>> Doing prefit: ch22,WZ
>> Doing prefit: ch22,ZZ
>> Doing prefit: ch22,data_fakes
>> Doing prefit: ch22,data_flips
>> Doing prefit: ch22,tHW
>> Doing prefit: ch22,tHq
>> Doing prefit: ch22,tZq
>> Doing prefit: ch22,ttH
>> Doing prefit: ch22,ttVV
>> Doing prefit: ch22,TotalBkg
>> Doing prefit: ch22,TotalSig
>> Doing prefit: ch22,TotalProcs
>> Doing prefit: ch23,Convs
>> Doing prefit: ch23,Rares
>> Doing prefit: ch23,TTW_jet1_pt_bin0
>> Doing prefit: ch23,TTW_jet1_pt_bin1
>> Doing prefit: ch23,TTW_jet1_pt_bin2
>> Doing prefit: ch23,TTW_ooa
>> Doing prefit: ch23,TTZ
>> Doing prefit: ch23,VVV
>> Doing prefit: ch23,WZ
>> Doing prefit: ch23,ZZ
>> Doing prefit: ch23,data_fakes
>> Doing prefit: ch23,data_flips
>> Doing prefit: ch23,tHW
>> Doing prefit: ch23,tHq
>> Doing prefit: ch23,tZq
>> Doing prefit: ch23,ttH
>> Doing prefit: ch23,ttVV
>> Doing prefit: ch23,TotalBkg
>> Doing prefit: ch23,TotalSig
>> Doing prefit: ch23,TotalProcs
>> Doing prefit: ch24,Convs
>> Doing prefit: ch24,Rares
>> Doing prefit: ch24,TTW_jet1_pt_bin0
>> Doing prefit: ch24,TTW_jet1_pt_bin1
>> Doing prefit: ch24,TTW_jet1_pt_bin2
>> Doing prefit: ch24,TTW_ooa
>> Doing prefit: ch24,TTZ
>> Doing prefit: ch24,VVV
>> Doing prefit: ch24,WZ
>> Doing prefit: ch24,ZZ
>> Doing prefit: ch24,data_fakes
>> Doing prefit: ch24,data_flips
>> Doing prefit: ch24,tHW
>> Doing prefit: ch24,tHq
>> Doing prefit: ch24,tZq
>> Doing prefit: ch24,ttH
>> Doing prefit: ch24,ttVV
>> Doing prefit: ch24,TotalBkg
>> Doing prefit: ch24,TotalSig
>> Doing prefit: ch24,TotalProcs
>> Doing prefit: ch25,Convs
>> Doing prefit: ch25,Rares
>> Doing prefit: ch25,TTW_inclusive
>> Doing prefit: ch25,TTZ
>> Doing prefit: ch25,VVV
>> Doing prefit: ch25,WZ
>> Doing prefit: ch25,ZZ
>> Doing prefit: ch25,data_fakes
>> Doing prefit: ch25,tHq
>> Doing prefit: ch25,tZq
>> Doing prefit: ch25,ttH
>> Doing prefit: ch25,ttVV
>> Doing prefit: ch25,TotalBkg
>> Doing prefit: ch25,TotalSig
>> Doing prefit: ch25,TotalProcs
>> Doing prefit: ch26,Rares
>> Doing prefit: ch26,TTW_inclusive
>> Doing prefit: ch26,TTZ
>> Doing prefit: ch26,VVV
>> Doing prefit: ch26,WZ
>> Doing prefit: ch26,ZZ
>> Doing prefit: ch26,data_fakes
>> Doing prefit: ch26,tHW
>> Doing prefit: ch26,tHq
>> Doing prefit: ch26,tZq
>> Doing prefit: ch26,ttH
>> Doing prefit: ch26,ttVV
>> Doing prefit: ch26,TotalBkg
>> Doing prefit: ch26,TotalSig
>> Doing prefit: ch26,TotalProcs
>> Doing prefit: ch27,Convs
>> Doing prefit: ch27,Rares
>> Doing prefit: ch27,TTW_inclusive
>> Doing prefit: ch27,TTZ
>> Doing prefit: ch27,VVV
>> Doing prefit: ch27,WZ
>> Doing prefit: ch27,ZZ
>> Doing prefit: ch27,data_fakes
>> Doing prefit: ch27,tHW
>> Doing prefit: ch27,tHq
>> Doing prefit: ch27,tZq
>> Doing prefit: ch27,ttH
>> Doing prefit: ch27,ttVV
>> Doing prefit: ch27,TotalBkg
>> Doing prefit: ch27,TotalSig
>> Doing prefit: ch27,TotalProcs
>> Doing prefit: ch28,Rares
>> Doing prefit: ch28,TTW_inclusive
>> Doing prefit: ch28,TTZ
>> Doing prefit: ch28,VVV
>> Doing prefit: ch28,WZ
>> Doing prefit: ch28,ZZ
>> Doing prefit: ch28,data_fakes
>> Doing prefit: ch28,tHW
>> Doing prefit: ch28,tHq
>> Doing prefit: ch28,tZq
>> Doing prefit: ch28,ttH
>> Doing prefit: ch28,ttVV
>> Doing prefit: ch28,TotalBkg
>> Doing prefit: ch28,TotalSig
>> Doing prefit: ch28,TotalProcs
>> Doing prefit: ch29,Convs
>> Doing prefit: ch29,Rares
>> Doing prefit: ch29,TTW_inclusive
>> Doing prefit: ch29,TTZ
>> Doing prefit: ch29,VVV
>> Doing prefit: ch29,WZ
>> Doing prefit: ch29,ZZ
>> Doing prefit: ch29,data_fakes
>> Doing prefit: ch29,tHq
>> Doing prefit: ch29,tZq
>> Doing prefit: ch29,ttH
>> Doing prefit: ch29,ttVV
>> Doing prefit: ch29,TotalBkg
>> Doing prefit: ch29,TotalSig
>> Doing prefit: ch29,TotalProcs
>> Doing prefit: ch3,Rares
>> Doing prefit: ch3,TTW_jet1_pt_bin0
>> Doing prefit: ch3,TTW_jet1_pt_bin1
>> Doing prefit: ch3,TTW_jet1_pt_bin2
>> Doing prefit: ch3,TTW_ooa
>> Doing prefit: ch3,TTZ
>> Doing prefit: ch3,VVV
>> Doing prefit: ch3,WZ
>> Doing prefit: ch3,ZZ
>> Doing prefit: ch3,data_fakes
>> Doing prefit: ch3,tHW
>> Doing prefit: ch3,tHq
>> Doing prefit: ch3,tZq
>> Doing prefit: ch3,ttH
>> Doing prefit: ch3,ttVV
>> Doing prefit: ch3,TotalBkg
>> Doing prefit: ch3,TotalSig
>> Doing prefit: ch3,TotalProcs
>> Doing prefit: ch30,Convs
>> Doing prefit: ch30,Rares
>> Doing prefit: ch30,TTW_inclusive
>> Doing prefit: ch30,TTZ
>> Doing prefit: ch30,VVV
>> Doing prefit: ch30,WZ
>> Doing prefit: ch30,ZZ
>> Doing prefit: ch30,data_fakes
>> Doing prefit: ch30,tHW
>> Doing prefit: ch30,tHq
>> Doing prefit: ch30,tZq
>> Doing prefit: ch30,ttH
>> Doing prefit: ch30,ttVV
>> Doing prefit: ch30,TotalBkg
>> Doing prefit: ch30,TotalSig
>> Doing prefit: ch30,TotalProcs
>> Doing prefit: ch31,Convs
>> Doing prefit: ch31,Rares
>> Doing prefit: ch31,TTW_inclusive
>> Doing prefit: ch31,TTZ
>> Doing prefit: ch31,VVV
>> Doing prefit: ch31,WZ
>> Doing prefit: ch31,ZZ
>> Doing prefit: ch31,data_fakes
>> Doing prefit: ch31,tHW
>> Doing prefit: ch31,tHq
>> Doing prefit: ch31,tZq
>> Doing prefit: ch31,ttH
>> Doing prefit: ch31,ttVV
>> Doing prefit: ch31,TotalBkg
>> Doing prefit: ch31,TotalSig
>> Doing prefit: ch31,TotalProcs
>> Doing prefit: ch32,Rares
>> Doing prefit: ch32,TTW_inclusive
>> Doing prefit: ch32,TTZ
>> Doing prefit: ch32,VVV
>> Doing prefit: ch32,WZ
>> Doing prefit: ch32,ZZ
>> Doing prefit: ch32,data_fakes
>> Doing prefit: ch32,tHW
>> Doing prefit: ch32,tHq
>> Doing prefit: ch32,tZq
>> Doing prefit: ch32,ttH
>> Doing prefit: ch32,ttVV
>> Doing prefit: ch32,TotalBkg
>> Doing prefit: ch32,TotalSig
>> Doing prefit: ch32,TotalProcs
>> Doing prefit: ch33,Convs
>> Doing prefit: ch33,Rares
>> Doing prefit: ch33,TTW_inclusive
>> Doing prefit: ch33,TTZ
>> Doing prefit: ch33,VVV
>> Doing prefit: ch33,WZ
>> Doing prefit: ch33,ZZ
>> Doing prefit: ch33,data_fakes
>> Doing prefit: ch33,tHW
>> Doing prefit: ch33,tHq
>> Doing prefit: ch33,tZq
>> Doing prefit: ch33,ttH
>> Doing prefit: ch33,ttVV
>> Doing prefit: ch33,TotalBkg
>> Doing prefit: ch33,TotalSig
>> Doing prefit: ch33,TotalProcs
>> Doing prefit: ch34,Convs
>> Doing prefit: ch34,Rares
>> Doing prefit: ch34,TTW_inclusive
>> Doing prefit: ch34,TTZ
>> Doing prefit: ch34,VVV
>> Doing prefit: ch34,WZ
>> Doing prefit: ch34,ZZ
>> Doing prefit: ch34,data_fakes
>> Doing prefit: ch34,tHW
>> Doing prefit: ch34,tHq
>> Doing prefit: ch34,tZq
>> Doing prefit: ch34,ttH
>> Doing prefit: ch34,ttVV
>> Doing prefit: ch34,TotalBkg
>> Doing prefit: ch34,TotalSig
>> Doing prefit: ch34,TotalProcs
>> Doing prefit: ch35,Convs
>> Doing prefit: ch35,Rares
>> Doing prefit: ch35,TTW_inclusive
>> Doing prefit: ch35,TTZ
>> Doing prefit: ch35,VVV
>> Doing prefit: ch35,WZ
>> Doing prefit: ch35,ZZ
>> Doing prefit: ch35,data_fakes
>> Doing prefit: ch35,tHW
>> Doing prefit: ch35,tHq
>> Doing prefit: ch35,tZq
>> Doing prefit: ch35,ttH
>> Doing prefit: ch35,ttVV
>> Doing prefit: ch35,TotalBkg
>> Doing prefit: ch35,TotalSig
>> Doing prefit: ch35,TotalProcs
>> Doing prefit: ch36,Rares
>> Doing prefit: ch36,TTW_inclusive
>> Doing prefit: ch36,TTZ
>> Doing prefit: ch36,VVV
>> Doing prefit: ch36,WZ
>> Doing prefit: ch36,ZZ
>> Doing prefit: ch36,data_fakes
>> Doing prefit: ch36,tHW
>> Doing prefit: ch36,tHq
>> Doing prefit: ch36,tZq
>> Doing prefit: ch36,ttH
>> Doing prefit: ch36,ttVV
>> Doing prefit: ch36,TotalBkg
>> Doing prefit: ch36,TotalSig
>> Doing prefit: ch36,TotalProcs
>> Doing prefit: ch37,Convs
>> Doing prefit: ch37,Rares
>> Doing prefit: ch37,TTW_inclusive
>> Doing prefit: ch37,TTZ
>> Doing prefit: ch37,VVV
>> Doing prefit: ch37,WZ
>> Doing prefit: ch37,ZZ
>> Doing prefit: ch37,data_fakes
>> Doing prefit: ch37,tHW
>> Doing prefit: ch37,tHq
>> Doing prefit: ch37,tZq
>> Doing prefit: ch37,ttH
>> Doing prefit: ch37,ttVV
>> Doing prefit: ch37,TotalBkg
>> Doing prefit: ch37,TotalSig
>> Doing prefit: ch37,TotalProcs
>> Doing prefit: ch38,Convs
>> Doing prefit: ch38,Rares
>> Doing prefit: ch38,TTW_inclusive
>> Doing prefit: ch38,TTZ
>> Doing prefit: ch38,VVV
>> Doing prefit: ch38,WZ
>> Doing prefit: ch38,ZZ
>> Doing prefit: ch38,data_fakes
>> Doing prefit: ch38,tHW
>> Doing prefit: ch38,tHq
>> Doing prefit: ch38,tZq
>> Doing prefit: ch38,ttH
>> Doing prefit: ch38,ttVV
>> Doing prefit: ch38,TotalBkg
>> Doing prefit: ch38,TotalSig
>> Doing prefit: ch38,TotalProcs
>> Doing prefit: ch39,Convs
>> Doing prefit: ch39,Rares
>> Doing prefit: ch39,TTW_inclusive
>> Doing prefit: ch39,TTZ
>> Doing prefit: ch39,VVV
>> Doing prefit: ch39,WZ
>> Doing prefit: ch39,ZZ
>> Doing prefit: ch39,data_fakes
>> Doing prefit: ch39,tHW
>> Doing prefit: ch39,tHq
>> Doing prefit: ch39,tZq
>> Doing prefit: ch39,ttH
>> Doing prefit: ch39,ttVV
>> Doing prefit: ch39,TotalBkg
>> Doing prefit: ch39,TotalSig
>> Doing prefit: ch39,TotalProcs
>> Doing prefit: ch4,Convs
>> Doing prefit: ch4,Rares
>> Doing prefit: ch4,TTW_jet1_pt_bin0
>> Doing prefit: ch4,TTW_jet1_pt_bin1
>> Doing prefit: ch4,TTW_jet1_pt_bin2
>> Doing prefit: ch4,TTW_ooa
>> Doing prefit: ch4,TTZ
>> Doing prefit: ch4,VVV
>> Doing prefit: ch4,WZ
>> Doing prefit: ch4,ZZ
>> Doing prefit: ch4,data_fakes
>> Doing prefit: ch4,data_flips
>> Doing prefit: ch4,tHW
>> Doing prefit: ch4,tHq
>> Doing prefit: ch4,tZq
>> Doing prefit: ch4,ttH
>> Doing prefit: ch4,ttVV
>> Doing prefit: ch4,TotalBkg
>> Doing prefit: ch4,TotalSig
>> Doing prefit: ch4,TotalProcs
>> Doing prefit: ch40,Rares
>> Doing prefit: ch40,TTW_inclusive
>> Doing prefit: ch40,TTZ
>> Doing prefit: ch40,VVV
>> Doing prefit: ch40,WZ
>> Doing prefit: ch40,ZZ
>> Doing prefit: ch40,data_fakes
>> Doing prefit: ch40,tHW
>> Doing prefit: ch40,tHq
>> Doing prefit: ch40,tZq
>> Doing prefit: ch40,ttH
>> Doing prefit: ch40,ttVV
>> Doing prefit: ch40,TotalBkg
>> Doing prefit: ch40,TotalSig
>> Doing prefit: ch40,TotalProcs
>> Doing prefit: ch41,MC_fakes
>> Doing prefit: ch41,Rares
>> Doing prefit: ch41,TTZ
>> Doing prefit: ch41,WZ
>> Doing prefit: ch41,ZZ
>> Doing prefit: ch41,ttH
>> Doing prefit: ch41,TotalBkg
>> Doing prefit: ch41,TotalSig
>> Doing prefit: ch41,TotalProcs
>> Doing prefit: ch42,Convs
>> Doing prefit: ch42,MC_fakes
>> Doing prefit: ch42,Rares
>> Doing prefit: ch42,TTZ
>> Doing prefit: ch42,WZ
>> Doing prefit: ch42,ZZ
>> Doing prefit: ch42,ttH
>> Doing prefit: ch42,TotalBkg
>> Doing prefit: ch42,TotalSig
>> Doing prefit: ch42,TotalProcs
>> Doing prefit: ch43,Convs
>> Doing prefit: ch43,MC_fakes
>> Doing prefit: ch43,Rares
>> Doing prefit: ch43,TTWW
>> Doing prefit: ch43,TTZ
>> Doing prefit: ch43,WZ
>> Doing prefit: ch43,ZZ
>> Doing prefit: ch43,ttH
>> Doing prefit: ch43,TotalBkg
>> Doing prefit: ch43,TotalSig
>> Doing prefit: ch43,TotalProcs
>> Doing prefit: ch44,Convs
>> Doing prefit: ch44,MC_fakes
>> Doing prefit: ch44,Rares
>> Doing prefit: ch44,TTWW
>> Doing prefit: ch44,TTZ
>> Doing prefit: ch44,WZ
>> Doing prefit: ch44,ZZ
>> Doing prefit: ch44,tHW
>> Doing prefit: ch44,ttH
>> Doing prefit: ch44,TotalBkg
>> Doing prefit: ch44,TotalSig
>> Doing prefit: ch44,TotalProcs
>> Doing prefit: ch5,Rares
>> Doing prefit: ch5,TTW_jet1_pt_bin0
>> Doing prefit: ch5,TTW_jet1_pt_bin1
>> Doing prefit: ch5,TTW_jet1_pt_bin2
>> Doing prefit: ch5,TTW_ooa
>> Doing prefit: ch5,TTZ
>> Doing prefit: ch5,VVV
>> Doing prefit: ch5,WZ
>> Doing prefit: ch5,ZZ
>> Doing prefit: ch5,data_fakes
>> Doing prefit: ch5,tHW
>> Doing prefit: ch5,tHq
>> Doing prefit: ch5,tZq
>> Doing prefit: ch5,ttH
>> Doing prefit: ch5,ttVV
>> Doing prefit: ch5,TotalBkg
>> Doing prefit: ch5,TotalSig
>> Doing prefit: ch5,TotalProcs
>> Doing prefit: ch6,Convs
>> Doing prefit: ch6,Rares
>> Doing prefit: ch6,TTW_jet1_pt_bin0
>> Doing prefit: ch6,TTW_jet1_pt_bin1
>> Doing prefit: ch6,TTW_jet1_pt_bin2
>> Doing prefit: ch6,TTW_ooa
>> Doing prefit: ch6,TTZ
>> Doing prefit: ch6,VVV
>> Doing prefit: ch6,WZ
>> Doing prefit: ch6,ZZ
>> Doing prefit: ch6,data_fakes
>> Doing prefit: ch6,data_flips
>> Doing prefit: ch6,tHW
>> Doing prefit: ch6,tHq
>> Doing prefit: ch6,tZq
>> Doing prefit: ch6,ttH
>> Doing prefit: ch6,ttVV
>> Doing prefit: ch6,TotalBkg
>> Doing prefit: ch6,TotalSig
>> Doing prefit: ch6,TotalProcs
>> Doing prefit: ch7,Convs
>> Doing prefit: ch7,Rares
>> Doing prefit: ch7,TTW_jet1_pt_bin0
>> Doing prefit: ch7,TTW_jet1_pt_bin1
>> Doing prefit: ch7,TTW_jet1_pt_bin2
>> Doing prefit: ch7,TTW_ooa
>> Doing prefit: ch7,TTZ
>> Doing prefit: ch7,VVV
>> Doing prefit: ch7,WZ
>> Doing prefit: ch7,ZZ
>> Doing prefit: ch7,data_fakes
>> Doing prefit: ch7,data_flips
>> Doing prefit: ch7,tHW
>> Doing prefit: ch7,tHq
>> Doing prefit: ch7,tZq
>> Doing prefit: ch7,ttH
>> Doing prefit: ch7,ttVV
>> Doing prefit: ch7,TotalBkg
>> Doing prefit: ch7,TotalSig
>> Doing prefit: ch7,TotalProcs
>> Doing prefit: ch8,Convs
>> Doing prefit: ch8,Rares
>> Doing prefit: ch8,TTW_jet1_pt_bin0
>> Doing prefit: ch8,TTW_jet1_pt_bin1
>> Doing prefit: ch8,TTW_jet1_pt_bin2
>> Doing prefit: ch8,TTW_ooa
>> Doing prefit: ch8,TTZ
>> Doing prefit: ch8,VVV
>> Doing prefit: ch8,WZ
>> Doing prefit: ch8,ZZ
>> Doing prefit: ch8,data_fakes
>> Doing prefit: ch8,data_flips
>> Doing prefit: ch8,tHW
>> Doing prefit: ch8,tHq
>> Doing prefit: ch8,tZq
>> Doing prefit: ch8,ttH
>> Doing prefit: ch8,ttVV
>> Doing prefit: ch8,TotalBkg
>> Doing prefit: ch8,TotalSig
>> Doing prefit: ch8,TotalProcs
>> Doing prefit: ch9,Convs
>> Doing prefit: ch9,Rares
>> Doing prefit: ch9,TTW_jet1_pt_bin0
>> Doing prefit: ch9,TTW_jet1_pt_bin1
>> Doing prefit: ch9,TTW_jet1_pt_bin2
>> Doing prefit: ch9,TTW_ooa
>> Doing prefit: ch9,TTZ
>> Doing prefit: ch9,VVV
>> Doing prefit: ch9,WZ
>> Doing prefit: ch9,ZZ
>> Doing prefit: ch9,data_fakes
>> Doing prefit: ch9,data_flips
>> Doing prefit: ch9,tHW
>> Doing prefit: ch9,tHq
>> Doing prefit: ch9,tZq
>> Doing prefit: ch9,ttH
>> Doing prefit: ch9,ttVV
>> Doing prefit: ch9,TotalBkg
>> Doing prefit: ch9,TotalSig
>> Doing prefit: ch9,TotalProcs
Bin                       Total relative bkg uncert. (prefit)
----------------------------------------------------------
ch1                       0.18692   
ch10                      0.11577   
ch11                      0.15325   
ch12                      0.14129   
ch13                      0.12490   
ch14                      0.14591   
ch15                      0.15626   
ch16                      0.12529   
ch17                      0.16345   
ch18                      0.15108   
ch19                      0.12254   
ch2                       0.11847   
ch20                      0.17518   
ch21                      0.14568   
ch22                      0.15163   
ch23                      0.11704   
ch24                      0.10760   
ch25                      0.17141   
ch26                      0.15950   
ch27                      0.15218   
ch28                      0.15210   
ch29                      0.16433   
ch3                       0.14540   
ch30                      0.15370   
ch31                      0.14967   
ch32                      0.14932   
ch33                      0.16386   
ch34                      0.15532   
ch35                      0.15306   
ch36                      0.15213   
ch37                      0.16964   
ch38                      0.15828   
ch39                      0.15478   
ch4                       0.15175   
ch40                      0.15291   
ch41                      0.11007   
ch42                      0.11217   
ch43                      0.11281   
ch44                      0.11255   
ch5                       0.20802   
ch6                       0.11918   
ch7                       0.13277   
ch8                       0.13004   
ch9                       0.10963   
>> Doing postfit: TotalBkg
>> Doing postfit: TotalSig
>> Doing postfit: TotalProcs
Info in <TH1F::Add>: Attempt to add histograms with different number of bins - trying to use TH1::Merge
Error in <Merge>: Cannot merge histograms - limits are inconsistent:
 first: x_data_obs (6, 25.000000, 300.000000), second: x_data_obs (12, 0.500000, 12.500000)
Info in <TH1F::Add>: Attempt to add histograms with different number of bins - trying to use TH1::Merge
Error in <Merge>: Cannot merge histograms - limits are inconsistent:
 first: x_data_obs (6, 25.000000, 300.000000), second: x_data_obs (12, 0.500000, 12.500000)
Info in <TH1F::Add>: Attempt to add histograms with different number of bins - trying to use TH1::Merge
Error in <Merge>: Cannot merge histograms - limits are inconsistent:
 first: x_data_obs (6, 25.000000, 300.000000), second: x_data_obs (12, 0.500000, 12.500000)
Info in <TH1F::Add>: Attempt to add histograms with different number of bins - trying to use TH1::Merge
Error in <Merge>: Cannot merge histograms - limits are inconsistent:
 first: x_data_obs (6, 25.000000, 300.000000), second: x_data_obs (12, 0.500000, 12.500000)
Info in <TH1F::Add>: Attempt to add histograms with different number of bins - trying to use TH1::Merge
Error in <Merge>: Cannot merge histograms - limits are inconsistent:
 first: x_data_obs (6, 25.000000, 300.000000), second: x_data_obs (12, 0.500000, 12.500000)
Info in <TH1F::Add>: Attempt to add histograms with different number of bins - trying to use TH1::Merge
Error in <Merge>: Cannot merge histograms - limits are inconsistent:
 first: x_data_obs (6, 25.000000, 300.000000), second: x_data_obs (12, 0.500000, 12.500000)
Info in <TH1F::Add>: Attempt to add histograms with different number of bins - trying to use TH1::Merge
Error in <Merge>: Cannot merge histograms - limits are inconsistent:
 first: x_data_obs (6, 25.000000, 300.000000), second: x_data_obs (12, 0.500000, 12.500000)
Info in <TH1F::Add>: Attempt to add histograms with different number of bins - trying to use TH1::Merge
Error in <Merge>: Cannot merge histograms - limits are inconsistent:
 first: x_data_obs (6, 25.000000, 300.000000), second: x_data_obs (12, 0.500000, 12.500000)
Info in <TH1F::Add>: Attempt to add histograms with different number of bins - trying to use TH1::Merge
Error in <Merge>: Cannot merge histograms - limits are inconsistent:
 first: x_data_obs (6, 25.000000, 300.000000), second: x_data_obs (12, 0.500000, 12.500000)
Info in <TH1F::Add>: Attempt to add histograms with different number of bins - trying to use TH1::Merge
Error in <Merge>: Cannot merge histograms - limits are inconsistent:
 first: x_data_obs (6, 25.000000, 300.000000), second: x_data_obs (12, 0.500000, 12.500000)
Info in <TH1F::Add>: Attempt to add histograms with different number of bins - trying to use TH1::Merge
Error in <Merge>: Cannot merge histograms - limits are inconsistent:
 first: x_data_obs (6, 25.000000, 300.000000), second: x_data_obs (12, 0.500000, 12.500000)
Info in <TH1F::Add>: Attempt to add histograms with different number of bins - trying to use TH1::Merge
Error in <Merge>: Cannot merge histograms - limits are inconsistent:
 first: x_data_obs (6, 25.000000, 300.000000), second: x_data_obs (12, 0.500000, 12.500000)
Info in <TH1F::Add>: Attempt to add histograms with different number of bins - trying to use TH1::Merge
Error in <Merge>: Cannot merge histograms - limits are inconsistent:
 first: x_data_obs (6, 25.000000, 300.000000), second: x_data_obs (12, 0.500000, 12.500000)
Info in <TH1F::Add>: Attempt to add histograms with different number of bins - trying to use TH1::Merge
Error in <Merge>: Cannot merge histograms - limits are inconsistent:
 first: x_data_obs (6, 25.000000, 300.000000), second: x_data_obs (12, 0.500000, 12.500000)
Info in <TH1F::Add>: Attempt to add histograms with different number of bins - trying to use TH1::Merge
Error in <Merge>: Cannot merge histograms - limits are inconsistent:
 first: x_data_obs (6, 25.000000, 300.000000), second: x_data_obs (12, 0.500000, 12.500000)
Info in <TH1F::Add>: Attempt to add histograms with different number of bins - trying to use TH1::Merge
Error in <Merge>: Cannot merge histograms - limits are inconsistent:
 first: x_data_obs (6, 25.000000, 300.000000), second: x_data_obs (12, 0.500000, 12.500000)
Info in <TH1F::Add>: Attempt to add histograms with different number of bins - trying to use TH1::Merge
Error in <Merge>: Cannot merge histograms - limits are inconsistent:
 first: x_data_obs (6, 25.000000, 300.000000), second: x_data_obs (4, 0.500000, 4.500000)
Info in <TH1F::Add>: Attempt to add histograms with different number of bins - trying to use TH1::Merge
Error in <Merge>: Cannot merge histograms - limits are inconsistent:
 first: x_data_obs (6, 25.000000, 300.000000), second: x_data_obs (4, 0.500000, 4.500000)
Info in <TH1F::Add>: Attempt to add histograms with different number of bins - trying to use TH1::Merge
Error in <Merge>: Cannot merge histograms - limits are inconsistent:
 first: x_data_obs (6, 25.000000, 300.000000), second: x_data_obs (4, 0.500000, 4.500000)
Info in <TH1F::Add>: Attempt to add histograms with different number of bins - trying to use TH1::Merge
Error in <Merge>: Cannot merge histograms - limits are inconsistent:
 first: x_data_obs (6, 25.000000, 300.000000), second: x_data_obs (4, 0.500000, 4.500000)
>> Doing postfit: ch1,Convs
>> Doing postfit: ch1,Rares
>> Doing postfit: ch1,TTW_jet1_pt_bin0
>> Doing postfit: ch1,TTW_jet1_pt_bin1
>> Doing postfit: ch1,TTW_jet1_pt_bin2
>> Doing postfit: ch1,TTW_ooa
>> Doing postfit: ch1,TTZ
>> Doing postfit: ch1,VVV
>> Doing postfit: ch1,WZ
>> Doing postfit: ch1,ZZ
>> Doing postfit: ch1,data_fakes
>> Doing postfit: ch1,data_flips
>> Doing postfit: ch1,tHW
>> Doing postfit: ch1,tHq
>> Doing postfit: ch1,tZq
>> Doing postfit: ch1,ttH
>> Doing postfit: ch1,ttVV
>> Doing postfit: ch1,TotalBkg
>> Doing postfit: ch1,TotalSig
>> Doing postfit: ch1,TotalProcs
>> Doing postfit: ch10,Convs
>> Doing postfit: ch10,Rares
>> Doing postfit: ch10,TTW_jet1_pt_bin0
>> Doing postfit: ch10,TTW_jet1_pt_bin1
>> Doing postfit: ch10,TTW_jet1_pt_bin2
>> Doing postfit: ch10,TTW_ooa
>> Doing postfit: ch10,TTZ
>> Doing postfit: ch10,VVV
>> Doing postfit: ch10,WZ
>> Doing postfit: ch10,ZZ
>> Doing postfit: ch10,data_fakes
>> Doing postfit: ch10,data_flips
>> Doing postfit: ch10,tHW
>> Doing postfit: ch10,tHq
>> Doing postfit: ch10,tZq
>> Doing postfit: ch10,ttH
>> Doing postfit: ch10,ttVV
>> Doing postfit: ch10,TotalBkg
>> Doing postfit: ch10,TotalSig
>> Doing postfit: ch10,TotalProcs
>> Doing postfit: ch11,Rares
>> Doing postfit: ch11,TTW_jet1_pt_bin0
>> Doing postfit: ch11,TTW_jet1_pt_bin1
>> Doing postfit: ch11,TTW_jet1_pt_bin2
>> Doing postfit: ch11,TTW_ooa
>> Doing postfit: ch11,TTZ
>> Doing postfit: ch11,VVV
>> Doing postfit: ch11,WZ
>> Doing postfit: ch11,ZZ
>> Doing postfit: ch11,data_fakes
>> Doing postfit: ch11,tHW
>> Doing postfit: ch11,tHq
>> Doing postfit: ch11,tZq
>> Doing postfit: ch11,ttH
>> Doing postfit: ch11,ttVV
>> Doing postfit: ch11,TotalBkg
>> Doing postfit: ch11,TotalSig
>> Doing postfit: ch11,TotalProcs
>> Doing postfit: ch12,Rares
>> Doing postfit: ch12,TTW_jet1_pt_bin0
>> Doing postfit: ch12,TTW_jet1_pt_bin1
>> Doing postfit: ch12,TTW_jet1_pt_bin2
>> Doing postfit: ch12,TTW_ooa
>> Doing postfit: ch12,TTZ
>> Doing postfit: ch12,VVV
>> Doing postfit: ch12,WZ
>> Doing postfit: ch12,ZZ
>> Doing postfit: ch12,data_fakes
>> Doing postfit: ch12,tHW
>> Doing postfit: ch12,tHq
>> Doing postfit: ch12,tZq
>> Doing postfit: ch12,ttH
>> Doing postfit: ch12,ttVV
>> Doing postfit: ch12,TotalBkg
>> Doing postfit: ch12,TotalSig
>> Doing postfit: ch12,TotalProcs
>> Doing postfit: ch13,Convs
>> Doing postfit: ch13,Rares
>> Doing postfit: ch13,TTW_jet1_pt_bin0
>> Doing postfit: ch13,TTW_jet1_pt_bin1
>> Doing postfit: ch13,TTW_jet1_pt_bin2
>> Doing postfit: ch13,TTW_ooa
>> Doing postfit: ch13,TTZ
>> Doing postfit: ch13,VVV
>> Doing postfit: ch13,WZ
>> Doing postfit: ch13,ZZ
>> Doing postfit: ch13,data_fakes
>> Doing postfit: ch13,data_flips
>> Doing postfit: ch13,tHW
>> Doing postfit: ch13,tHq
>> Doing postfit: ch13,tZq
>> Doing postfit: ch13,ttH
>> Doing postfit: ch13,ttVV
>> Doing postfit: ch13,TotalBkg
>> Doing postfit: ch13,TotalSig
>> Doing postfit: ch13,TotalProcs
>> Doing postfit: ch14,Convs
>> Doing postfit: ch14,Rares
>> Doing postfit: ch14,TTW_jet1_pt_bin0
>> Doing postfit: ch14,TTW_jet1_pt_bin1
>> Doing postfit: ch14,TTW_jet1_pt_bin2
>> Doing postfit: ch14,TTW_ooa
>> Doing postfit: ch14,TTZ
>> Doing postfit: ch14,VVV
>> Doing postfit: ch14,WZ
>> Doing postfit: ch14,ZZ
>> Doing postfit: ch14,data_fakes
>> Doing postfit: ch14,data_flips
>> Doing postfit: ch14,tHW
>> Doing postfit: ch14,tHq
>> Doing postfit: ch14,tZq
>> Doing postfit: ch14,ttH
>> Doing postfit: ch14,ttVV
>> Doing postfit: ch14,TotalBkg
>> Doing postfit: ch14,TotalSig
>> Doing postfit: ch14,TotalProcs
>> Doing postfit: ch15,Rares
>> Doing postfit: ch15,TTW_jet1_pt_bin0
>> Doing postfit: ch15,TTW_jet1_pt_bin1
>> Doing postfit: ch15,TTW_jet1_pt_bin2
>> Doing postfit: ch15,TTW_ooa
>> Doing postfit: ch15,TTZ
>> Doing postfit: ch15,VVV
>> Doing postfit: ch15,WZ
>> Doing postfit: ch15,ZZ
>> Doing postfit: ch15,data_fakes
>> Doing postfit: ch15,tHW
>> Doing postfit: ch15,tHq
>> Doing postfit: ch15,tZq
>> Doing postfit: ch15,ttH
>> Doing postfit: ch15,ttVV
>> Doing postfit: ch15,TotalBkg
>> Doing postfit: ch15,TotalSig
>> Doing postfit: ch15,TotalProcs
>> Doing postfit: ch16,Convs
>> Doing postfit: ch16,Rares
>> Doing postfit: ch16,TTW_jet1_pt_bin0
>> Doing postfit: ch16,TTW_jet1_pt_bin1
>> Doing postfit: ch16,TTW_jet1_pt_bin2
>> Doing postfit: ch16,TTW_ooa
>> Doing postfit: ch16,TTZ
>> Doing postfit: ch16,VVV
>> Doing postfit: ch16,WZ
>> Doing postfit: ch16,ZZ
>> Doing postfit: ch16,data_fakes
>> Doing postfit: ch16,data_flips
>> Doing postfit: ch16,tHW
>> Doing postfit: ch16,tHq
>> Doing postfit: ch16,tZq
>> Doing postfit: ch16,ttH
>> Doing postfit: ch16,ttVV
>> Doing postfit: ch16,TotalBkg
>> Doing postfit: ch16,TotalSig
>> Doing postfit: ch16,TotalProcs
>> Doing postfit: ch17,Convs
>> Doing postfit: ch17,Rares
>> Doing postfit: ch17,TTW_jet1_pt_bin0
>> Doing postfit: ch17,TTW_jet1_pt_bin1
>> Doing postfit: ch17,TTW_jet1_pt_bin2
>> Doing postfit: ch17,TTW_ooa
>> Doing postfit: ch17,TTZ
>> Doing postfit: ch17,VVV
>> Doing postfit: ch17,WZ
>> Doing postfit: ch17,ZZ
>> Doing postfit: ch17,data_fakes
>> Doing postfit: ch17,data_flips
>> Doing postfit: ch17,tHW
>> Doing postfit: ch17,tHq
>> Doing postfit: ch17,tZq
>> Doing postfit: ch17,ttH
>> Doing postfit: ch17,ttVV
>> Doing postfit: ch17,TotalBkg
>> Doing postfit: ch17,TotalSig
>> Doing postfit: ch17,TotalProcs
>> Doing postfit: ch18,Convs
>> Doing postfit: ch18,Rares
>> Doing postfit: ch18,TTW_jet1_pt_bin0
>> Doing postfit: ch18,TTW_jet1_pt_bin1
>> Doing postfit: ch18,TTW_jet1_pt_bin2
>> Doing postfit: ch18,TTW_ooa
>> Doing postfit: ch18,TTZ
>> Doing postfit: ch18,VVV
>> Doing postfit: ch18,WZ
>> Doing postfit: ch18,ZZ
>> Doing postfit: ch18,data_fakes
>> Doing postfit: ch18,data_flips
>> Doing postfit: ch18,tHW
>> Doing postfit: ch18,tHq
>> Doing postfit: ch18,tZq
>> Doing postfit: ch18,ttH
>> Doing postfit: ch18,ttVV
>> Doing postfit: ch18,TotalBkg
>> Doing postfit: ch18,TotalSig
>> Doing postfit: ch18,TotalProcs
>> Doing postfit: ch19,Rares
>> Doing postfit: ch19,TTW_jet1_pt_bin0
>> Doing postfit: ch19,TTW_jet1_pt_bin1
>> Doing postfit: ch19,TTW_jet1_pt_bin2
>> Doing postfit: ch19,TTW_ooa
>> Doing postfit: ch19,TTZ
>> Doing postfit: ch19,VVV
>> Doing postfit: ch19,WZ
>> Doing postfit: ch19,data_fakes
>> Doing postfit: ch19,tHW
>> Doing postfit: ch19,tHq
>> Doing postfit: ch19,tZq
>> Doing postfit: ch19,ttH
>> Doing postfit: ch19,ttVV
>> Doing postfit: ch19,TotalBkg
>> Doing postfit: ch19,TotalSig
>> Doing postfit: ch19,TotalProcs
>> Doing postfit: ch2,Convs
>> Doing postfit: ch2,Rares
>> Doing postfit: ch2,TTW_jet1_pt_bin0
>> Doing postfit: ch2,TTW_jet1_pt_bin1
>> Doing postfit: ch2,TTW_jet1_pt_bin2
>> Doing postfit: ch2,TTW_ooa
>> Doing postfit: ch2,TTZ
>> Doing postfit: ch2,VVV
>> Doing postfit: ch2,WZ
>> Doing postfit: ch2,ZZ
>> Doing postfit: ch2,data_fakes
>> Doing postfit: ch2,data_flips
>> Doing postfit: ch2,tHW
>> Doing postfit: ch2,tHq
>> Doing postfit: ch2,tZq
>> Doing postfit: ch2,ttH
>> Doing postfit: ch2,ttVV
>> Doing postfit: ch2,TotalBkg
>> Doing postfit: ch2,TotalSig
>> Doing postfit: ch2,TotalProcs
>> Doing postfit: ch20,Rares
>> Doing postfit: ch20,TTW_jet1_pt_bin0
>> Doing postfit: ch20,TTW_jet1_pt_bin1
>> Doing postfit: ch20,TTW_jet1_pt_bin2
>> Doing postfit: ch20,TTW_ooa
>> Doing postfit: ch20,TTZ
>> Doing postfit: ch20,VVV
>> Doing postfit: ch20,WZ
>> Doing postfit: ch20,ZZ
>> Doing postfit: ch20,data_fakes
>> Doing postfit: ch20,tHW
>> Doing postfit: ch20,tHq
>> Doing postfit: ch20,tZq
>> Doing postfit: ch20,ttH
>> Doing postfit: ch20,ttVV
>> Doing postfit: ch20,TotalBkg
>> Doing postfit: ch20,TotalSig
>> Doing postfit: ch20,TotalProcs
>> Doing postfit: ch21,Rares
>> Doing postfit: ch21,TTW_jet1_pt_bin0
>> Doing postfit: ch21,TTW_jet1_pt_bin1
>> Doing postfit: ch21,TTW_jet1_pt_bin2
>> Doing postfit: ch21,TTW_ooa
>> Doing postfit: ch21,TTZ
>> Doing postfit: ch21,VVV
>> Doing postfit: ch21,WZ
>> Doing postfit: ch21,ZZ
>> Doing postfit: ch21,data_fakes
>> Doing postfit: ch21,tHW
>> Doing postfit: ch21,tHq
>> Doing postfit: ch21,tZq
>> Doing postfit: ch21,ttH
>> Doing postfit: ch21,ttVV
>> Doing postfit: ch21,TotalBkg
>> Doing postfit: ch21,TotalSig
>> Doing postfit: ch21,TotalProcs
>> Doing postfit: ch22,Convs
>> Doing postfit: ch22,Rares
>> Doing postfit: ch22,TTW_jet1_pt_bin0
>> Doing postfit: ch22,TTW_jet1_pt_bin1
>> Doing postfit: ch22,TTW_jet1_pt_bin2
>> Doing postfit: ch22,TTW_ooa
>> Doing postfit: ch22,TTZ
>> Doing postfit: ch22,VVV
>> Doing postfit: ch22,WZ
>> Doing postfit: ch22,ZZ
>> Doing postfit: ch22,data_fakes
>> Doing postfit: ch22,data_flips
>> Doing postfit: ch22,tHW
>> Doing postfit: ch22,tHq
>> Doing postfit: ch22,tZq
>> Doing postfit: ch22,ttH
>> Doing postfit: ch22,ttVV
>> Doing postfit: ch22,TotalBkg
>> Doing postfit: ch22,TotalSig
>> Doing postfit: ch22,TotalProcs
>> Doing postfit: ch23,Convs
>> Doing postfit: ch23,Rares
>> Doing postfit: ch23,TTW_jet1_pt_bin0
>> Doing postfit: ch23,TTW_jet1_pt_bin1
>> Doing postfit: ch23,TTW_jet1_pt_bin2
>> Doing postfit: ch23,TTW_ooa
>> Doing postfit: ch23,TTZ
>> Doing postfit: ch23,VVV
>> Doing postfit: ch23,WZ
>> Doing postfit: ch23,ZZ
>> Doing postfit: ch23,data_fakes
>> Doing postfit: ch23,data_flips
>> Doing postfit: ch23,tHW
>> Doing postfit: ch23,tHq
>> Doing postfit: ch23,tZq
>> Doing postfit: ch23,ttH
>> Doing postfit: ch23,ttVV
>> Doing postfit: ch23,TotalBkg
>> Doing postfit: ch23,TotalSig
>> Doing postfit: ch23,TotalProcs
>> Doing postfit: ch24,Convs
>> Doing postfit: ch24,Rares
>> Doing postfit: ch24,TTW_jet1_pt_bin0
>> Doing postfit: ch24,TTW_jet1_pt_bin1
>> Doing postfit: ch24,TTW_jet1_pt_bin2
>> Doing postfit: ch24,TTW_ooa
>> Doing postfit: ch24,TTZ
>> Doing postfit: ch24,VVV
>> Doing postfit: ch24,WZ
>> Doing postfit: ch24,ZZ
>> Doing postfit: ch24,data_fakes
>> Doing postfit: ch24,data_flips
>> Doing postfit: ch24,tHW
>> Doing postfit: ch24,tHq
>> Doing postfit: ch24,tZq
>> Doing postfit: ch24,ttH
>> Doing postfit: ch24,ttVV
>> Doing postfit: ch24,TotalBkg
>> Doing postfit: ch24,TotalSig
>> Doing postfit: ch24,TotalProcs
>> Doing postfit: ch25,Convs
>> Doing postfit: ch25,Rares
>> Doing postfit: ch25,TTW_inclusive
>> Doing postfit: ch25,TTZ
>> Doing postfit: ch25,VVV
>> Doing postfit: ch25,WZ
>> Doing postfit: ch25,ZZ
>> Doing postfit: ch25,data_fakes
>> Doing postfit: ch25,tHq
>> Doing postfit: ch25,tZq
>> Doing postfit: ch25,ttH
>> Doing postfit: ch25,ttVV
>> Doing postfit: ch25,TotalBkg
>> Doing postfit: ch25,TotalSig
>> Doing postfit: ch25,TotalProcs
>> Doing postfit: ch26,Rares
>> Doing postfit: ch26,TTW_inclusive
>> Doing postfit: ch26,TTZ
>> Doing postfit: ch26,VVV
>> Doing postfit: ch26,WZ
>> Doing postfit: ch26,ZZ
>> Doing postfit: ch26,data_fakes
>> Doing postfit: ch26,tHW
>> Doing postfit: ch26,tHq
>> Doing postfit: ch26,tZq
>> Doing postfit: ch26,ttH
>> Doing postfit: ch26,ttVV
>> Doing postfit: ch26,TotalBkg
>> Doing postfit: ch26,TotalSig
>> Doing postfit: ch26,TotalProcs
>> Doing postfit: ch27,Convs
>> Doing postfit: ch27,Rares
>> Doing postfit: ch27,TTW_inclusive
>> Doing postfit: ch27,TTZ
>> Doing postfit: ch27,VVV
>> Doing postfit: ch27,WZ
>> Doing postfit: ch27,ZZ
>> Doing postfit: ch27,data_fakes
>> Doing postfit: ch27,tHW
>> Doing postfit: ch27,tHq
>> Doing postfit: ch27,tZq
>> Doing postfit: ch27,ttH
>> Doing postfit: ch27,ttVV
>> Doing postfit: ch27,TotalBkg
>> Doing postfit: ch27,TotalSig
>> Doing postfit: ch27,TotalProcs
>> Doing postfit: ch28,Rares
>> Doing postfit: ch28,TTW_inclusive
>> Doing postfit: ch28,TTZ
>> Doing postfit: ch28,VVV
>> Doing postfit: ch28,WZ
>> Doing postfit: ch28,ZZ
>> Doing postfit: ch28,data_fakes
>> Doing postfit: ch28,tHW
>> Doing postfit: ch28,tHq
>> Doing postfit: ch28,tZq
>> Doing postfit: ch28,ttH
>> Doing postfit: ch28,ttVV
>> Doing postfit: ch28,TotalBkg
>> Doing postfit: ch28,TotalSig
>> Doing postfit: ch28,TotalProcs
>> Doing postfit: ch29,Convs
>> Doing postfit: ch29,Rares
>> Doing postfit: ch29,TTW_inclusive
>> Doing postfit: ch29,TTZ
>> Doing postfit: ch29,VVV
>> Doing postfit: ch29,WZ
>> Doing postfit: ch29,ZZ
>> Doing postfit: ch29,data_fakes
>> Doing postfit: ch29,tHq
>> Doing postfit: ch29,tZq
>> Doing postfit: ch29,ttH
>> Doing postfit: ch29,ttVV
>> Doing postfit: ch29,TotalBkg
>> Doing postfit: ch29,TotalSig
>> Doing postfit: ch29,TotalProcs
>> Doing postfit: ch3,Rares
>> Doing postfit: ch3,TTW_jet1_pt_bin0
>> Doing postfit: ch3,TTW_jet1_pt_bin1
>> Doing postfit: ch3,TTW_jet1_pt_bin2
>> Doing postfit: ch3,TTW_ooa
>> Doing postfit: ch3,TTZ
>> Doing postfit: ch3,VVV
>> Doing postfit: ch3,WZ
>> Doing postfit: ch3,ZZ
>> Doing postfit: ch3,data_fakes
>> Doing postfit: ch3,tHW
>> Doing postfit: ch3,tHq
>> Doing postfit: ch3,tZq
>> Doing postfit: ch3,ttH
>> Doing postfit: ch3,ttVV
>> Doing postfit: ch3,TotalBkg
>> Doing postfit: ch3,TotalSig
>> Doing postfit: ch3,TotalProcs
>> Doing postfit: ch30,Convs
>> Doing postfit: ch30,Rares
>> Doing postfit: ch30,TTW_inclusive
>> Doing postfit: ch30,TTZ
>> Doing postfit: ch30,VVV
>> Doing postfit: ch30,WZ
>> Doing postfit: ch30,ZZ
>> Doing postfit: ch30,data_fakes
>> Doing postfit: ch30,tHW
>> Doing postfit: ch30,tHq
>> Doing postfit: ch30,tZq
>> Doing postfit: ch30,ttH
>> Doing postfit: ch30,ttVV
>> Doing postfit: ch30,TotalBkg
>> Doing postfit: ch30,TotalSig
>> Doing postfit: ch30,TotalProcs
>> Doing postfit: ch31,Convs
>> Doing postfit: ch31,Rares
>> Doing postfit: ch31,TTW_inclusive
>> Doing postfit: ch31,TTZ
>> Doing postfit: ch31,VVV
>> Doing postfit: ch31,WZ
>> Doing postfit: ch31,ZZ
>> Doing postfit: ch31,data_fakes
>> Doing postfit: ch31,tHW
>> Doing postfit: ch31,tHq
>> Doing postfit: ch31,tZq
>> Doing postfit: ch31,ttH
>> Doing postfit: ch31,ttVV
>> Doing postfit: ch31,TotalBkg
>> Doing postfit: ch31,TotalSig
>> Doing postfit: ch31,TotalProcs
>> Doing postfit: ch32,Rares
>> Doing postfit: ch32,TTW_inclusive
>> Doing postfit: ch32,TTZ
>> Doing postfit: ch32,VVV
>> Doing postfit: ch32,WZ
>> Doing postfit: ch32,ZZ
>> Doing postfit: ch32,data_fakes
>> Doing postfit: ch32,tHW
>> Doing postfit: ch32,tHq
>> Doing postfit: ch32,tZq
>> Doing postfit: ch32,ttH
>> Doing postfit: ch32,ttVV
>> Doing postfit: ch32,TotalBkg
>> Doing postfit: ch32,TotalSig
>> Doing postfit: ch32,TotalProcs
>> Doing postfit: ch33,Convs
>> Doing postfit: ch33,Rares
>> Doing postfit: ch33,TTW_inclusive
>> Doing postfit: ch33,TTZ
>> Doing postfit: ch33,VVV
>> Doing postfit: ch33,WZ
>> Doing postfit: ch33,ZZ
>> Doing postfit: ch33,data_fakes
>> Doing postfit: ch33,tHW
>> Doing postfit: ch33,tHq
>> Doing postfit: ch33,tZq
>> Doing postfit: ch33,ttH
>> Doing postfit: ch33,ttVV
>> Doing postfit: ch33,TotalBkg
>> Doing postfit: ch33,TotalSig
>> Doing postfit: ch33,TotalProcs
>> Doing postfit: ch34,Convs
>> Doing postfit: ch34,Rares
>> Doing postfit: ch34,TTW_inclusive
>> Doing postfit: ch34,TTZ
>> Doing postfit: ch34,VVV
>> Doing postfit: ch34,WZ
>> Doing postfit: ch34,ZZ
>> Doing postfit: ch34,data_fakes
>> Doing postfit: ch34,tHW
>> Doing postfit: ch34,tHq
>> Doing postfit: ch34,tZq
>> Doing postfit: ch34,ttH
>> Doing postfit: ch34,ttVV
>> Doing postfit: ch34,TotalBkg
>> Doing postfit: ch34,TotalSig
>> Doing postfit: ch34,TotalProcs
>> Doing postfit: ch35,Convs
>> Doing postfit: ch35,Rares
>> Doing postfit: ch35,TTW_inclusive
>> Doing postfit: ch35,TTZ
>> Doing postfit: ch35,VVV
>> Doing postfit: ch35,WZ
>> Doing postfit: ch35,ZZ
>> Doing postfit: ch35,data_fakes
>> Doing postfit: ch35,tHW
>> Doing postfit: ch35,tHq
>> Doing postfit: ch35,tZq
>> Doing postfit: ch35,ttH
>> Doing postfit: ch35,ttVV
>> Doing postfit: ch35,TotalBkg
>> Doing postfit: ch35,TotalSig
>> Doing postfit: ch35,TotalProcs
>> Doing postfit: ch36,Rares
>> Doing postfit: ch36,TTW_inclusive
>> Doing postfit: ch36,TTZ
>> Doing postfit: ch36,VVV
>> Doing postfit: ch36,WZ
>> Doing postfit: ch36,ZZ
>> Doing postfit: ch36,data_fakes
>> Doing postfit: ch36,tHW
>> Doing postfit: ch36,tHq
>> Doing postfit: ch36,tZq
>> Doing postfit: ch36,ttH
>> Doing postfit: ch36,ttVV
>> Doing postfit: ch36,TotalBkg
>> Doing postfit: ch36,TotalSig
>> Doing postfit: ch36,TotalProcs
>> Doing postfit: ch37,Convs
>> Doing postfit: ch37,Rares
>> Doing postfit: ch37,TTW_inclusive
>> Doing postfit: ch37,TTZ
>> Doing postfit: ch37,VVV
>> Doing postfit: ch37,WZ
>> Doing postfit: ch37,ZZ
>> Doing postfit: ch37,data_fakes
>> Doing postfit: ch37,tHW
>> Doing postfit: ch37,tHq
>> Doing postfit: ch37,tZq
>> Doing postfit: ch37,ttH
>> Doing postfit: ch37,ttVV
>> Doing postfit: ch37,TotalBkg
>> Doing postfit: ch37,TotalSig
>> Doing postfit: ch37,TotalProcs
>> Doing postfit: ch38,Convs
>> Doing postfit: ch38,Rares
>> Doing postfit: ch38,TTW_inclusive
>> Doing postfit: ch38,TTZ
>> Doing postfit: ch38,VVV
>> Doing postfit: ch38,WZ
>> Doing postfit: ch38,ZZ
>> Doing postfit: ch38,data_fakes
>> Doing postfit: ch38,tHW
>> Doing postfit: ch38,tHq
>> Doing postfit: ch38,tZq
>> Doing postfit: ch38,ttH
>> Doing postfit: ch38,ttVV
>> Doing postfit: ch38,TotalBkg
>> Doing postfit: ch38,TotalSig
>> Doing postfit: ch38,TotalProcs
>> Doing postfit: ch39,Convs
>> Doing postfit: ch39,Rares
>> Doing postfit: ch39,TTW_inclusive
>> Doing postfit: ch39,TTZ
>> Doing postfit: ch39,VVV
>> Doing postfit: ch39,WZ
>> Doing postfit: ch39,ZZ
>> Doing postfit: ch39,data_fakes
>> Doing postfit: ch39,tHW
>> Doing postfit: ch39,tHq
>> Doing postfit: ch39,tZq
>> Doing postfit: ch39,ttH
>> Doing postfit: ch39,ttVV
>> Doing postfit: ch39,TotalBkg
>> Doing postfit: ch39,TotalSig
>> Doing postfit: ch39,TotalProcs
>> Doing postfit: ch4,Convs
>> Doing postfit: ch4,Rares
>> Doing postfit: ch4,TTW_jet1_pt_bin0
>> Doing postfit: ch4,TTW_jet1_pt_bin1
>> Doing postfit: ch4,TTW_jet1_pt_bin2
>> Doing postfit: ch4,TTW_ooa
>> Doing postfit: ch4,TTZ
>> Doing postfit: ch4,VVV
>> Doing postfit: ch4,WZ
>> Doing postfit: ch4,ZZ
>> Doing postfit: ch4,data_fakes
>> Doing postfit: ch4,data_flips
>> Doing postfit: ch4,tHW
>> Doing postfit: ch4,tHq
>> Doing postfit: ch4,tZq
>> Doing postfit: ch4,ttH
>> Doing postfit: ch4,ttVV
>> Doing postfit: ch4,TotalBkg
>> Doing postfit: ch4,TotalSig
>> Doing postfit: ch4,TotalProcs
>> Doing postfit: ch40,Rares
>> Doing postfit: ch40,TTW_inclusive
>> Doing postfit: ch40,TTZ
>> Doing postfit: ch40,VVV
>> Doing postfit: ch40,WZ
>> Doing postfit: ch40,ZZ
>> Doing postfit: ch40,data_fakes
>> Doing postfit: ch40,tHW
>> Doing postfit: ch40,tHq
>> Doing postfit: ch40,tZq
>> Doing postfit: ch40,ttH
>> Doing postfit: ch40,ttVV
>> Doing postfit: ch40,TotalBkg
>> Doing postfit: ch40,TotalSig
>> Doing postfit: ch40,TotalProcs
>> Doing postfit: ch41,MC_fakes
>> Doing postfit: ch41,Rares
>> Doing postfit: ch41,TTZ
>> Doing postfit: ch41,WZ
>> Doing postfit: ch41,ZZ
>> Doing postfit: ch41,ttH
>> Doing postfit: ch41,TotalBkg
>> Doing postfit: ch41,TotalSig
>> Doing postfit: ch41,TotalProcs
>> Doing postfit: ch42,Convs
>> Doing postfit: ch42,MC_fakes
>> Doing postfit: ch42,Rares
>> Doing postfit: ch42,TTZ
>> Doing postfit: ch42,WZ
>> Doing postfit: ch42,ZZ
>> Doing postfit: ch42,ttH
>> Doing postfit: ch42,TotalBkg
>> Doing postfit: ch42,TotalSig
>> Doing postfit: ch42,TotalProcs
>> Doing postfit: ch43,Convs
>> Doing postfit: ch43,MC_fakes
>> Doing postfit: ch43,Rares
>> Doing postfit: ch43,TTWW
>> Doing postfit: ch43,TTZ
>> Doing postfit: ch43,WZ
>> Doing postfit: ch43,ZZ
>> Doing postfit: ch43,ttH
>> Doing postfit: ch43,TotalBkg
>> Doing postfit: ch43,TotalSig
>> Doing postfit: ch43,TotalProcs
>> Doing postfit: ch44,Convs
>> Doing postfit: ch44,MC_fakes
>> Doing postfit: ch44,Rares
>> Doing postfit: ch44,TTWW
>> Doing postfit: ch44,TTZ
>> Doing postfit: ch44,WZ
>> Doing postfit: ch44,ZZ
>> Doing postfit: ch44,tHW
>> Doing postfit: ch44,ttH
>> Doing postfit: ch44,TotalBkg
>> Doing postfit: ch44,TotalSig
>> Doing postfit: ch44,TotalProcs
>> Doing postfit: ch5,Rares
>> Doing postfit: ch5,TTW_jet1_pt_bin0
>> Doing postfit: ch5,TTW_jet1_pt_bin1
>> Doing postfit: ch5,TTW_jet1_pt_bin2
>> Doing postfit: ch5,TTW_ooa
>> Doing postfit: ch5,TTZ
>> Doing postfit: ch5,VVV
>> Doing postfit: ch5,WZ
>> Doing postfit: ch5,ZZ
>> Doing postfit: ch5,data_fakes
>> Doing postfit: ch5,tHW
>> Doing postfit: ch5,tHq
>> Doing postfit: ch5,tZq
>> Doing postfit: ch5,ttH
>> Doing postfit: ch5,ttVV
>> Doing postfit: ch5,TotalBkg
>> Doing postfit: ch5,TotalSig
>> Doing postfit: ch5,TotalProcs
>> Doing postfit: ch6,Convs
>> Doing postfit: ch6,Rares
>> Doing postfit: ch6,TTW_jet1_pt_bin0
>> Doing postfit: ch6,TTW_jet1_pt_bin1
>> Doing postfit: ch6,TTW_jet1_pt_bin2
>> Doing postfit: ch6,TTW_ooa
>> Doing postfit: ch6,TTZ
>> Doing postfit: ch6,VVV
>> Doing postfit: ch6,WZ
>> Doing postfit: ch6,ZZ
>> Doing postfit: ch6,data_fakes
>> Doing postfit: ch6,data_flips
>> Doing postfit: ch6,tHW
>> Doing postfit: ch6,tHq
>> Doing postfit: ch6,tZq
>> Doing postfit: ch6,ttH
>> Doing postfit: ch6,ttVV
>> Doing postfit: ch6,TotalBkg
>> Doing postfit: ch6,TotalSig
>> Doing postfit: ch6,TotalProcs
>> Doing postfit: ch7,Convs
>> Doing postfit: ch7,Rares
>> Doing postfit: ch7,TTW_jet1_pt_bin0
>> Doing postfit: ch7,TTW_jet1_pt_bin1
>> Doing postfit: ch7,TTW_jet1_pt_bin2
>> Doing postfit: ch7,TTW_ooa
>> Doing postfit: ch7,TTZ
>> Doing postfit: ch7,VVV
>> Doing postfit: ch7,WZ
>> Doing postfit: ch7,ZZ
>> Doing postfit: ch7,data_fakes
>> Doing postfit: ch7,data_flips
>> Doing postfit: ch7,tHW
>> Doing postfit: ch7,tHq
>> Doing postfit: ch7,tZq
>> Doing postfit: ch7,ttH
>> Doing postfit: ch7,ttVV
>> Doing postfit: ch7,TotalBkg
>> Doing postfit: ch7,TotalSig
>> Doing postfit: ch7,TotalProcs
>> Doing postfit: ch8,Convs
>> Doing postfit: ch8,Rares
>> Doing postfit: ch8,TTW_jet1_pt_bin0
>> Doing postfit: ch8,TTW_jet1_pt_bin1
>> Doing postfit: ch8,TTW_jet1_pt_bin2
>> Doing postfit: ch8,TTW_ooa
>> Doing postfit: ch8,TTZ
>> Doing postfit: ch8,VVV
>> Doing postfit: ch8,WZ
>> Doing postfit: ch8,ZZ
>> Doing postfit: ch8,data_fakes
>> Doing postfit: ch8,data_flips
>> Doing postfit: ch8,tHW
>> Doing postfit: ch8,tHq
>> Doing postfit: ch8,tZq
>> Doing postfit: ch8,ttH
>> Doing postfit: ch8,ttVV
>> Doing postfit: ch8,TotalBkg
>> Doing postfit: ch8,TotalSig
>> Doing postfit: ch8,TotalProcs
>> Doing postfit: ch9,Convs
>> Doing postfit: ch9,Rares
>> Doing postfit: ch9,TTW_jet1_pt_bin0
>> Doing postfit: ch9,TTW_jet1_pt_bin1
>> Doing postfit: ch9,TTW_jet1_pt_bin2
>> Doing postfit: ch9,TTW_ooa
>> Doing postfit: ch9,TTZ
>> Doing postfit: ch9,VVV
>> Doing postfit: ch9,WZ
>> Doing postfit: ch9,ZZ
>> Doing postfit: ch9,data_fakes
>> Doing postfit: ch9,data_flips
>> Doing postfit: ch9,tHW
>> Doing postfit: ch9,tHq
>> Doing postfit: ch9,tZq
>> Doing postfit: ch9,ttH
>> Doing postfit: ch9,ttVV
>> Doing postfit: ch9,TotalBkg
>> Doing postfit: ch9,TotalSig
>> Doing postfit: ch9,TotalProcs

Bin                       Total relative bkg uncert. (postfit)
----------------------------------------------------------
ch1                       0.13250   
ch10                      0.08026   
ch11                      0.17977   
ch12                      0.08778   
ch13                      0.08264   
ch14                      0.09580   
ch15                      0.08032   
ch16                      0.07623   
ch17                      0.09414   
ch18                      0.11455   
ch19                      0.06486   
ch2                       0.08339   
ch20                      0.09431   
ch21                      0.07936   
ch22                      0.10141   
ch23                      0.06998   
ch24                      0.06773   
ch25                      0.03743   
ch26                      0.03165   
ch27                      0.02957   
ch28                      0.02552   
ch29                      0.03168   
ch3                       0.08358   
ch30                      0.02718   
ch31                      0.03006   
ch32                      0.02684   
ch33                      0.02824   
ch34                      0.02603   
ch35                      0.02449   
ch36                      0.02533   
ch37                      0.02787   
ch38                      0.02254   
ch39                      0.02361   
ch4                       0.10538   
ch40                      0.02178   
ch41                      0.03679   
ch42                      0.03830   
ch43                      0.03281   
ch44                      0.03282   
ch5                       0.11499   
ch6                       0.08289   
ch7                       0.09095   
ch8                       0.12482   
ch9                       0.07374   

Bin                       Process              Scale factor
----------------------------------------------------------
ch1                       Convs                1.33462   
ch1                       Rares                1.21585   
ch1                       TTW_jet1_pt_bin0     1.02595   
ch1                       TTW_jet1_pt_bin1     1.57840   
ch1                       TTW_jet1_pt_bin2     1.78859   
ch1                       TTW_ooa              1.06545   
ch1                       TTZ                  1.34230   
ch1                       VVV                  1.53453   
ch1                       WZ                   1.17535   
ch1                       ZZ                   1.60390   
ch1                       data_fakes           1.21487   
ch1                       data_flips           0.96838   
ch1                       tHW                  1.08733   
ch1                       tHq                  1.09583   
ch1                       tZq                  1.18687   
ch1                       ttH                  1.09474   
ch1                       ttVV                 1.08178   
ch10                      Convs                1.27794   
ch10                      Rares                1.15704   
ch10                      TTW_jet1_pt_bin0     1.00832   
ch10                      TTW_jet1_pt_bin1     1.54479   
ch10                      TTW_jet1_pt_bin2     1.71031   
ch10                      TTW_ooa              1.07085   
ch10                      TTZ                  1.17685   
ch10                      VVV                  1.43490   
ch10                      WZ                   1.15209   
ch10                      ZZ                   1.55229   
ch10                      data_fakes           1.02729   
ch10                      data_flips           0.96771   
ch10                      tHW                  1.05627   
ch10                      tHq                  1.05092   
ch10                      tZq                  1.12028   
ch10                      ttH                  1.05197   
ch10                      ttVV                 1.05144   
ch11                      Rares                1.11614   
ch11                      TTW_jet1_pt_bin0     0.99175   
ch11                      TTW_jet1_pt_bin1     1.51433   
ch11                      TTW_jet1_pt_bin2     1.68377   
ch11                      TTW_ooa              1.03513   
ch11                      TTZ                  1.15852   
ch11                      VVV                  2.50351   
ch11                      WZ                   1.10599   
ch11                      ZZ                   1.65053   
ch11                      data_fakes           0.99556   
ch11                      tHW                  1.02691   
ch11                      tHq                  1.04206   
ch11                      tZq                  1.11250   
ch11                      ttH                  1.00717   
ch11                      ttVV                 1.01878   
ch12                      Rares                1.01846   
ch12                      TTW_jet1_pt_bin0     0.98944   
ch12                      TTW_jet1_pt_bin1     1.47099   
ch12                      TTW_jet1_pt_bin2     1.62252   
ch12                      TTW_ooa              0.98539   
ch12                      TTZ                  1.08434   
ch12                      VVV                  1.21879   
ch12                      WZ                   0.90372   
ch12                      ZZ                   1.28586   
ch12                      data_fakes           0.90851   
ch12                      tHW                  0.96492   
ch12                      tHq                  0.98788   
ch12                      tZq                  1.03942   
ch12                      ttH                  1.00567   
ch12                      ttVV                 1.00034   
ch13                      Convs                0.98979   
ch13                      Rares                1.11262   
ch13                      TTW_jet1_pt_bin0     1.02401   
ch13                      TTW_jet1_pt_bin1     1.54009   
ch13                      TTW_jet1_pt_bin2     1.70610   
ch13                      TTW_ooa              1.03691   
ch13                      TTZ                  1.17596   
ch13                      VVV                  1.26741   
ch13                      WZ                   0.97408   
ch13                      ZZ                   1.20423   
ch13                      data_fakes           0.99446   
ch13                      data_flips           0.96787   
ch13                      tHW                  1.03142   
ch13                      tHq                  1.02760   
ch13                      tZq                  1.09222   
ch13                      ttH                  1.04111   
ch13                      ttVV                 1.04646   
ch14                      Convs                1.29609   
ch14                      Rares                1.08457   
ch14                      TTW_jet1_pt_bin0     1.03241   
ch14                      TTW_jet1_pt_bin1     1.59578   
ch14                      TTW_jet1_pt_bin2     1.74152   
ch14                      TTW_ooa              1.06873   
ch14                      TTZ                  1.22884   
ch14                      VVV                  1.07580   
ch14                      WZ                   0.98313   
ch14                      ZZ                   1.28175   
ch14                      data_fakes           1.15598   
ch14                      data_flips           0.96796   
ch14                      tHW                  1.03415   
ch14                      tHq                  1.07652   
ch14                      tZq                  1.14018   
ch14                      ttH                  1.09424   
ch14                      ttVV                 1.07165   
ch15                      Rares                1.01083   
ch15                      TTW_jet1_pt_bin0     0.99251   
ch15                      TTW_jet1_pt_bin1     1.50094   
ch15                      TTW_jet1_pt_bin2     1.64979   
ch15                      TTW_ooa              1.00176   
ch15                      TTZ                  1.15757   
ch15                      VVV                  1.24697   
ch15                      WZ                   0.93199   
ch15                      ZZ                   0.97332   
ch15                      data_fakes           0.89406   
ch15                      tHW                  1.00410   
ch15                      tHq                  0.99535   
ch15                      tZq                  1.08436   
ch15                      ttH                  1.00522   
ch15                      ttVV                 1.01804   
ch16                      Convs                0.97034   
ch16                      Rares                1.12200   
ch16                      TTW_jet1_pt_bin0     1.02488   
ch16                      TTW_jet1_pt_bin1     1.54876   
ch16                      TTW_jet1_pt_bin2     1.70734   
ch16                      TTW_ooa              1.04850   
ch16                      TTZ                  1.12836   
ch16                      VVV                  1.24387   
ch16                      WZ                   1.00893   
ch16                      ZZ                   1.45933   
ch16                      data_fakes           1.02355   
ch16                      data_flips           0.96797   
ch16                      tHW                  1.02162   
ch16                      tHq                  1.02974   
ch16                      tZq                  1.10440   
ch16                      ttH                  1.05828   
ch16                      ttVV                 1.04557   
ch17                      Convs                1.21387   
ch17                      Rares                1.16262   
ch17                      TTW_jet1_pt_bin0     1.00786   
ch17                      TTW_jet1_pt_bin1     1.54214   
ch17                      TTW_jet1_pt_bin2     1.71471   
ch17                      TTW_ooa              1.00665   
ch17                      TTZ                  1.08215   
ch17                      VVV                  1.00585   
ch17                      WZ                   0.86523   
ch17                      ZZ                   1.20115   
ch17                      data_fakes           1.14487   
ch17                      data_flips           0.96785   
ch17                      tHW                  1.01415   
ch17                      tHq                  1.03910   
ch17                      tZq                  1.11204   
ch17                      ttH                  1.02964   
ch17                      ttVV                 1.05732   
ch18                      Convs                0.45140   
ch18                      Rares                1.04216   
ch18                      TTW_jet1_pt_bin0     1.03129   
ch18                      TTW_jet1_pt_bin1     1.56559   
ch18                      TTW_jet1_pt_bin2     1.72475   
ch18                      TTW_ooa              1.07020   
ch18                      TTZ                  1.14798   
ch18                      VVV                  1.25711   
ch18                      WZ                   0.95746   
ch18                      ZZ                   1.20779   
ch18                      data_fakes           1.11657   
ch18                      data_flips           0.96763   
ch18                      tHW                  1.04833   
ch18                      tHq                  1.03119   
ch18                      tZq                  1.16703   
ch18                      ttH                  1.06494   
ch18                      ttVV                 1.07445   
ch19                      Rares                0.96070   
ch19                      TTW_jet1_pt_bin0     0.96437   
ch19                      TTW_jet1_pt_bin1     1.47057   
ch19                      TTW_jet1_pt_bin2     1.64669   
ch19                      TTW_ooa              0.94587   
ch19                      TTZ                  1.12843   
ch19                      VVV                  1.14809   
ch19                      WZ                   0.95454   
ch19                      data_fakes           0.96277   
ch19                      tHW                  0.98568   
ch19                      tHq                  0.97201   
ch19                      tZq                  1.04656   
ch19                      ttH                  1.00818   
ch19                      ttVV                 1.00027   
ch2                       Convs                1.42660   
ch2                       Rares                1.07983   
ch2                       TTW_jet1_pt_bin0     0.99956   
ch2                       TTW_jet1_pt_bin1     1.53873   
ch2                       TTW_jet1_pt_bin2     1.71217   
ch2                       TTW_ooa              1.03583   
ch2                       TTZ                  1.24594   
ch2                       VVV                  1.30387   
ch2                       WZ                   0.96722   
ch2                       ZZ                   1.23477   
ch2                       data_fakes           1.04424   
ch2                       data_flips           0.96813   
ch2                       tHW                  1.00040   
ch2                       tHq                  1.00668   
ch2                       tZq                  1.07596   
ch2                       ttH                  1.01641   
ch2                       ttVV                 1.02561   
ch20                      Rares                1.05248   
ch20                      TTW_jet1_pt_bin0     0.98505   
ch20                      TTW_jet1_pt_bin1     1.51016   
ch20                      TTW_jet1_pt_bin2     1.65231   
ch20                      TTW_ooa              0.99866   
ch20                      TTZ                  1.15463   
ch20                      VVV                  1.18945   
ch20                      WZ                   0.95575   
ch20                      ZZ                   1.40613   
ch20                      data_fakes           0.94020   
ch20                      tHW                  1.00338   
ch20                      tHq                  1.04225   
ch20                      tZq                  1.06892   
ch20                      ttH                  1.01043   
ch20                      ttVV                 1.01811   
ch21                      Rares                1.08063   
ch21                      TTW_jet1_pt_bin0     0.96477   
ch21                      TTW_jet1_pt_bin1     1.46591   
ch21                      TTW_jet1_pt_bin2     1.63035   
ch21                      TTW_ooa              0.95648   
ch21                      TTZ                  1.15041   
ch21                      VVV                  1.22347   
ch21                      WZ                   0.96686   
ch21                      ZZ                   1.11592   
ch21                      data_fakes           0.97051   
ch21                      tHW                  0.98441   
ch21                      tHq                  0.97702   
ch21                      tZq                  1.07540   
ch21                      ttH                  0.99150   
ch21                      ttVV                 0.99699   
ch22                      Convs                1.16633   
ch22                      Rares                1.15486   
ch22                      TTW_jet1_pt_bin0     1.02324   
ch22                      TTW_jet1_pt_bin1     1.53979   
ch22                      TTW_jet1_pt_bin2     1.70693   
ch22                      TTW_ooa              1.01315   
ch22                      TTZ                  1.11989   
ch22                      VVV                  1.28372   
ch22                      WZ                   0.95997   
ch22                      ZZ                   1.12065   
ch22                      data_fakes           1.16204   
ch22                      data_flips           0.96806   
ch22                      tHW                  1.04507   
ch22                      tHq                  1.01974   
ch22                      tZq                  1.09009   
ch22                      ttH                  1.02118   
ch22                      ttVV                 1.05497   
ch23                      Convs                1.28620   
ch23                      Rares                1.15688   
ch23                      TTW_jet1_pt_bin0     0.99162   
ch23                      TTW_jet1_pt_bin1     1.51855   
ch23                      TTW_jet1_pt_bin2     1.68104   
ch23                      TTW_ooa              0.98644   
ch23                      TTZ                  1.16378   
ch23                      VVV                  1.20820   
ch23                      WZ                   0.94696   
ch23                      ZZ                   1.18123   
ch23                      data_fakes           1.04869   
ch23                      data_flips           0.96804   
ch23                      tHW                  1.00544   
ch23                      tHq                  1.00213   
ch23                      tZq                  1.05884   
ch23                      ttH                  1.02115   
ch23                      ttVV                 1.02718   
ch24                      Convs                0.29612   
ch24                      Rares                1.09512   
ch24                      TTW_jet1_pt_bin0     0.98973   
ch24                      TTW_jet1_pt_bin1     1.49948   
ch24                      TTW_jet1_pt_bin2     1.67095   
ch24                      TTW_ooa              0.99958   
ch24                      TTZ                  1.23047   
ch24                      VVV                  1.25080   
ch24                      WZ                   0.96624   
ch24                      ZZ                   1.33840   
ch24                      data_fakes           1.03993   
ch24                      data_flips           0.96806   
ch24                      tHW                  1.01582   
ch24                      tHq                  1.00451   
ch24                      tZq                  1.03072   
ch24                      ttH                  1.01041   
ch24                      ttVV                 1.02981   
ch25                      Convs                0.88201   
ch25                      Rares                1.20311   
ch25                      TTW_inclusive        1.10655   
ch25                      TTZ                  1.27986   
ch25                      VVV                  1.41570   
ch25                      WZ                   0.96839   
ch25                      ZZ                   1.28338   
ch25                      data_fakes           1.00051   
ch25                      tHq                  1.14596   
ch25                      tZq                  1.18720   
ch25                      ttH                  1.18134   
ch25                      ttVV                 1.15118   
ch26                      Rares                1.15759   
ch26                      TTW_inclusive        1.08537   
ch26                      TTZ                  1.23739   
ch26                      VVV                  1.36040   
ch26                      WZ                   0.93771   
ch26                      ZZ                   1.23947   
ch26                      data_fakes           0.82007   
ch26                      tHW                  1.05925   
ch26                      tHq                  1.08030   
ch26                      tZq                  1.16347   
ch26                      ttH                  1.04809   
ch26                      ttVV                 1.08588   
ch27                      Convs                1.30624   
ch27                      Rares                1.11303   
ch27                      TTW_inclusive        1.05162   
ch27                      TTZ                  1.18935   
ch27                      VVV                  1.32237   
ch27                      WZ                   0.90864   
ch27                      ZZ                   1.20790   
ch27                      data_fakes           0.99925   
ch27                      tHW                  1.03356   
ch27                      tHq                  1.05389   
ch27                      tZq                  1.11092   
ch27                      ttH                  1.04262   
ch27                      ttVV                 1.03172   
ch28                      Rares                1.09271   
ch28                      TTW_inclusive        1.01435   
ch28                      TTZ                  1.15067   
ch28                      VVV                  1.26621   
ch28                      WZ                   0.87634   
ch28                      ZZ                   1.16290   
ch28                      data_fakes           0.85299   
ch28                      tHW                  1.01492   
ch28                      tHq                  1.01430   
ch28                      tZq                  1.07880   
ch28                      ttH                  1.01585   
ch28                      ttVV                 1.02592   
ch29                      Convs                1.15006   
ch29                      Rares                1.16828   
ch29                      TTW_inclusive        1.10522   
ch29                      TTZ                  1.25514   
ch29                      VVV                  1.38284   
ch29                      WZ                   0.93349   
ch29                      ZZ                   1.26136   
ch29                      data_fakes           1.06410   
ch29                      tHq                  1.11084   
ch29                      tZq                  1.16508   
ch29                      ttH                  1.04269   
ch29                      ttVV                 1.10473   
ch3                       Rares                1.15239   
ch3                       TTW_jet1_pt_bin0     0.97459   
ch3                       TTW_jet1_pt_bin1     1.46972   
ch3                       TTW_jet1_pt_bin2     1.62543   
ch3                       TTW_ooa              0.97887   
ch3                       TTZ                  1.16386   
ch3                       VVV                  0.93612   
ch3                       WZ                   0.92484   
ch3                       ZZ                   1.34683   
ch3                       data_fakes           0.92231   
ch3                       tHW                  0.97625   
ch3                       tHq                  0.98503   
ch3                       tZq                  1.02284   
ch3                       ttH                  0.99527   
ch3                       ttVV                 0.99585   
ch30                      Convs                1.22643   
ch30                      Rares                1.12796   
ch30                      TTW_inclusive        1.06538   
ch30                      TTZ                  1.19901   
ch30                      VVV                  1.33801   
ch30                      WZ                   0.90296   
ch30                      ZZ                   1.21357   
ch30                      data_fakes           0.84798   
ch30                      tHW                  1.04317   
ch30                      tHq                  1.05210   
ch30                      tZq                  1.13368   
ch30                      ttH                  1.04304   
ch30                      ttVV                 1.08816   
ch31                      Convs                1.28695   
ch31                      Rares                1.12471   
ch31                      TTW_inclusive        1.02052   
ch31                      TTZ                  1.18173   
ch31                      VVV                  1.28840   
ch31                      WZ                   0.88332   
ch31                      ZZ                   1.20039   
ch31                      data_fakes           1.05304   
ch31                      tHW                  1.03338   
ch31                      tHq                  1.02269   
ch31                      tZq                  1.10597   
ch31                      ttH                  1.04001   
ch31                      ttVV                 1.05484   
ch32                      Rares                1.06647   
ch32                      TTW_inclusive        1.02202   
ch32                      TTZ                  1.14026   
ch32                      VVV                  1.26614   
ch32                      WZ                   0.85719   
ch32                      ZZ                   1.15369   
ch32                      data_fakes           0.86496   
ch32                      tHW                  0.99752   
ch32                      tHq                  1.00682   
ch32                      tZq                  1.06999   
ch32                      ttH                  0.98939   
ch32                      ttVV                 1.00551   
ch33                      Convs                1.43074   
ch33                      Rares                1.22821   
ch33                      TTW_inclusive        1.11227   
ch33                      TTZ                  1.27612   
ch33                      VVV                  1.42702   
ch33                      WZ                   0.98055   
ch33                      ZZ                   1.31143   
ch33                      data_fakes           1.09913   
ch33                      tHW                  1.09013   
ch33                      tHq                  1.09739   
ch33                      tZq                  1.19083   
ch33                      ttH                  1.10514   
ch33                      ttVV                 1.12828   
ch34                      Convs                1.25761   
ch34                      Rares                1.17721   
ch34                      TTW_inclusive        1.09879   
ch34                      TTZ                  1.23661   
ch34                      VVV                  1.36885   
ch34                      WZ                   0.94958   
ch34                      ZZ                   1.27896   
ch34                      data_fakes           0.91971   
ch34                      tHW                  1.07486   
ch34                      tHq                  1.12170   
ch34                      tZq                  1.17344   
ch34                      ttH                  1.07517   
ch34                      ttVV                 1.06830   
ch35                      Convs                1.45817   
ch35                      Rares                1.13404   
ch35                      TTW_inclusive        1.05900   
ch35                      TTZ                  1.21064   
ch35                      VVV                  1.33252   
ch35                      WZ                   0.92819   
ch35                      ZZ                   1.24423   
ch35                      data_fakes           1.06686   
ch35                      tHW                  1.08204   
ch35                      tHq                  1.05161   
ch35                      tZq                  1.13698   
ch35                      ttH                  1.06576   
ch35                      ttVV                 1.06310   
ch36                      Rares                1.14781   
ch36                      TTW_inclusive        1.02174   
ch36                      TTZ                  1.17550   
ch36                      VVV                  1.30129   
ch36                      WZ                   0.90091   
ch36                      ZZ                   1.20305   
ch36                      data_fakes           0.86006   
ch36                      tHW                  1.00770   
ch36                      tHq                  1.02715   
ch36                      tZq                  1.11036   
ch36                      ttH                  1.03839   
ch36                      ttVV                 1.05514   
ch37                      Convs                0.56068   
ch37                      Rares                1.18700   
ch37                      TTW_inclusive        1.08305   
ch37                      TTZ                  1.24003   
ch37                      VVV                  1.37413   
ch37                      WZ                   0.93785   
ch37                      ZZ                   1.24792   
ch37                      data_fakes           1.04576   
ch37                      tHW                  1.09939   
ch37                      tHq                  1.15261   
ch37                      tZq                  1.14945   
ch37                      ttH                  1.12974   
ch37                      ttVV                 1.08438   
ch38                      Convs                1.28334   
ch38                      Rares                1.11326   
ch38                      TTW_inclusive        1.05132   
ch38                      TTZ                  1.20341   
ch38                      VVV                  1.34398   
ch38                      WZ                   0.90584   
ch38                      ZZ                   1.20766   
ch38                      data_fakes           0.88308   
ch38                      tHW                  1.04440   
ch38                      tHq                  1.04408   
ch38                      tZq                  1.12641   
ch38                      ttH                  1.04707   
ch38                      ttVV                 1.04902   
ch39                      Convs                1.07427   
ch39                      Rares                1.11056   
ch39                      TTW_inclusive        1.03820   
ch39                      TTZ                  1.17695   
ch39                      VVV                  1.28578   
ch39                      WZ                   0.89033   
ch39                      ZZ                   1.18339   
ch39                      data_fakes           1.03093   
ch39                      tHW                  1.03572   
ch39                      tHq                  1.03162   
ch39                      tZq                  1.10443   
ch39                      ttH                  0.99442   
ch39                      ttVV                 1.02683   
ch4                       Convs                1.18315   
ch4                       Rares                1.12458   
ch4                       TTW_jet1_pt_bin0     1.06286   
ch4                       TTW_jet1_pt_bin1     1.60345   
ch4                       TTW_jet1_pt_bin2     1.69393   
ch4                       TTW_ooa              1.07174   
ch4                       TTZ                  1.11742   
ch4                       VVV                  1.23597   
ch4                       WZ                   0.88647   
ch4                       ZZ                   1.33590   
ch4                       data_fakes           1.15789   
ch4                       data_flips           0.96766   
ch4                       tHW                  1.06008   
ch4                       tHq                  1.05886   
ch4                       tZq                  1.06195   
ch4                       ttH                  1.07762   
ch4                       ttVV                 1.07192   
ch40                      Rares                1.07752   
ch40                      TTW_inclusive        1.00350   
ch40                      TTZ                  1.14060   
ch40                      VVV                  1.24150   
ch40                      WZ                   0.86005   
ch40                      ZZ                   1.13943   
ch40                      data_fakes           0.89924   
ch40                      tHW                  0.98052   
ch40                      tHq                  0.98545   
ch40                      tZq                  1.07027   
ch40                      ttH                  1.00639   
ch40                      ttVV                 1.01223   
ch41                      MC_fakes             1.00118   
ch41                      Rares                1.11920   
ch41                      TTZ                  1.16327   
ch41                      WZ                   0.81833   
ch41                      ZZ                   1.07167   
ch41                      ttH                  1.04799   
ch42                      Convs                1.28468   
ch42                      MC_fakes             0.99977   
ch42                      Rares                1.12859   
ch42                      TTZ                  1.18888   
ch42                      WZ                   0.87468   
ch42                      ZZ                   1.08361   
ch42                      ttH                  0.97561   
ch43                      Convs                1.27596   
ch43                      MC_fakes             0.99959   
ch43                      Rares                1.13856   
ch43                      TTWW                 0.99994   
ch43                      TTZ                  1.20286   
ch43                      WZ                   0.69340   
ch43                      ZZ                   1.10803   
ch43                      ttH                  1.08119   
ch44                      Convs                1.28659   
ch44                      MC_fakes             0.99767   
ch44                      Rares                1.12486   
ch44                      TTWW                 0.99992   
ch44                      TTZ                  1.16977   
ch44                      WZ                   0.60588   
ch44                      ZZ                   1.07803   
ch44                      tHW                  1.02915   
ch44                      ttH                  1.03183   
ch5                       Rares                1.09222   
ch5                       TTW_jet1_pt_bin0     1.01876   
ch5                       TTW_jet1_pt_bin1     1.50265   
ch5                       TTW_jet1_pt_bin2     1.67182   
ch5                       TTW_ooa              1.03942   
ch5                       TTZ                  1.21588   
ch5                       VVV                  1.36520   
ch5                       WZ                   1.19063   
ch5                       ZZ                   1.41492   
ch5                       data_fakes           0.98375   
ch5                       tHW                  1.02343   
ch5                       tHq                  1.01149   
ch5                       tZq                  1.21752   
ch5                       ttH                  1.03470   
ch5                       ttVV                 1.02187   
ch6                       Convs                1.31663   
ch6                       Rares                1.07899   
ch6                       TTW_jet1_pt_bin0     1.02829   
ch6                       TTW_jet1_pt_bin1     1.53430   
ch6                       TTW_jet1_pt_bin2     1.72559   
ch6                       TTW_ooa              1.07831   
ch6                       TTZ                  1.24190   
ch6                       VVV                  1.43046   
ch6                       WZ                   1.30236   
ch6                       ZZ                   1.53137   
ch6                       data_fakes           1.02041   
ch6                       data_flips           0.96800   
ch6                       tHW                  1.04986   
ch6                       tHq                  1.05707   
ch6                       tZq                  1.10770   
ch6                       ttH                  1.05297   
ch6                       ttVV                 1.05179   
ch7                       Convs                1.37537   
ch7                       Rares                1.04895   
ch7                       TTW_jet1_pt_bin0     1.05865   
ch7                       TTW_jet1_pt_bin1     1.57320   
ch7                       TTW_jet1_pt_bin2     1.74604   
ch7                       TTW_ooa              1.10931   
ch7                       TTZ                  1.04068   
ch7                       VVV                  1.31769   
ch7                       WZ                   0.99084   
ch7                       ZZ                   1.29695   
ch7                       data_fakes           1.16100   
ch7                       data_flips           0.96847   
ch7                       tHW                  1.05137   
ch7                       tHq                  1.06662   
ch7                       tZq                  1.10263   
ch7                       ttH                  1.05632   
ch7                       ttVV                 1.07862   
ch8                       Convs                1.18796   
ch8                       Rares                1.15914   
ch8                       TTW_jet1_pt_bin0     1.04933   
ch8                       TTW_jet1_pt_bin1     1.59584   
ch8                       TTW_jet1_pt_bin2     1.76415   
ch8                       TTW_ooa              1.12520   
ch8                       TTZ                  1.31394   
ch8                       VVV                  1.45221   
ch8                       WZ                   1.27692   
ch8                       ZZ                   1.57593   
ch8                       data_fakes           1.20750   
ch8                       data_flips           0.96920   
ch8                       tHW                  1.08420   
ch8                       tHq                  1.07314   
ch8                       tZq                  1.19717   
ch8                       ttH                  1.10916   
ch8                       ttVV                 1.07261   
ch9                       Convs                1.07215   
ch9                       Rares                1.06774   
ch9                       TTW_jet1_pt_bin0     1.01499   
ch9                       TTW_jet1_pt_bin1     1.54543   
ch9                       TTW_jet1_pt_bin2     1.68663   
ch9                       TTW_ooa              1.03138   
ch9                       TTZ                  1.13881   
ch9                       VVV                  1.16479   
ch9                       WZ                   0.94369   
ch9                       ZZ                   1.11108   
ch9                       data_fakes           1.07313   
ch9                       data_flips           0.96827   
ch9                       tHW                  0.99758   
ch9                       tHq                  1.01267   
ch9                       tZq                  1.02200   
ch9                       ttH                  1.02689   
ch9                       ttVV                 1.03551   
