WARNING: the default behaviour of PostFitShapesFromWorkspace is to use the covariance matrix sampling method for the post-fit uncertainty. The option --sampling is deprecated and will be removed in future versions of CombineHarvester
[SetFlag] Changing value of flag "workspaces-use-clone" from 0 to 1
[#1] INFO:ObjectHandling -- RooWorkspace::import(w) importing dataset ch1
[#1] INFO:ObjectHandling -- RooWorkspace::import(w) importing dataset ch10
[#1] INFO:ObjectHandling -- RooWorkspace::import(w) importing dataset ch11
[#1] INFO:ObjectHandling -- RooWorkspace::import(w) importing dataset ch12
[#1] INFO:ObjectHandling -- RooWorkspace::import(w) importing dataset ch2
[#1] INFO:ObjectHandling -- RooWorkspace::import(w) importing dataset ch3
[#1] INFO:ObjectHandling -- RooWorkspace::import(w) importing dataset ch4
[#1] INFO:ObjectHandling -- RooWorkspace::import(w) importing dataset ch5
[#1] INFO:ObjectHandling -- RooWorkspace::import(w) importing dataset ch6
[#1] INFO:ObjectHandling -- RooWorkspace::import(w) importing dataset ch7
[#1] INFO:ObjectHandling -- RooWorkspace::import(w) importing dataset ch8
[#1] INFO:ObjectHandling -- RooWorkspace::import(w) importing dataset ch9
[SetFlag] Changing value of flag "workspaces-use-clone" from 0 to 1
>> Doing prefit: TotalBkg
>> Doing prefit: TotalSig
>> Doing prefit: TotalProcs
>> Doing prefit: ch1,Convs
>> Doing prefit: ch1,Rares
>> Doing prefit: ch1,TTW_nbjets_bin0
>> Doing prefit: ch1,TTW_nbjets_bin1
>> Doing prefit: ch1,TTW_ooa
>> Doing prefit: ch1,TTZ
>> Doing prefit: ch1,VVV
>> Doing prefit: ch1,WZ
>> Doing prefit: ch1,ZZ
>> Doing prefit: ch1,data_fakes
>> Doing prefit: ch1,data_flips
>> Doing prefit: ch1,tHW
>> Doing prefit: ch1,tHq
>> Doing prefit: ch1,tZq
>> Doing prefit: ch1,ttH
>> Doing prefit: ch1,ttVV
>> Doing prefit: ch1,TotalBkg
>> Doing prefit: ch1,TotalSig
>> Doing prefit: ch1,TotalProcs
>> Doing prefit: ch10,Convs
>> Doing prefit: ch10,Rares
>> Doing prefit: ch10,TTW_nbjets_bin0
>> Doing prefit: ch10,TTW_nbjets_bin1
>> Doing prefit: ch10,TTW_ooa
>> Doing prefit: ch10,TTZ
>> Doing prefit: ch10,VVV
>> Doing prefit: ch10,WZ
>> Doing prefit: ch10,ZZ
>> Doing prefit: ch10,data_fakes
>> Doing prefit: ch10,data_flips
>> Doing prefit: ch10,tHW
>> Doing prefit: ch10,tHq
>> Doing prefit: ch10,tZq
>> Doing prefit: ch10,ttH
>> Doing prefit: ch10,ttVV
>> Doing prefit: ch10,TotalBkg
>> Doing prefit: ch10,TotalSig
>> Doing prefit: ch10,TotalProcs
>> Doing prefit: ch11,Convs
>> Doing prefit: ch11,Rares
>> Doing prefit: ch11,TTW_nbjets_bin0
>> Doing prefit: ch11,TTW_nbjets_bin1
>> Doing prefit: ch11,TTW_ooa
>> Doing prefit: ch11,TTZ
>> Doing prefit: ch11,VVV
>> Doing prefit: ch11,WZ
>> Doing prefit: ch11,ZZ
>> Doing prefit: ch11,data_fakes
>> Doing prefit: ch11,data_flips
>> Doing prefit: ch11,tHW
>> Doing prefit: ch11,tHq
>> Doing prefit: ch11,tZq
>> Doing prefit: ch11,ttH
>> Doing prefit: ch11,ttVV
>> Doing prefit: ch11,TotalBkg
>> Doing prefit: ch11,TotalSig
>> Doing prefit: ch11,TotalProcs
>> Doing prefit: ch12,Rares
>> Doing prefit: ch12,TTW_nbjets_bin0
>> Doing prefit: ch12,TTW_nbjets_bin1
>> Doing prefit: ch12,TTW_ooa
>> Doing prefit: ch12,TTZ
>> Doing prefit: ch12,VVV
>> Doing prefit: ch12,WZ
>> Doing prefit: ch12,ZZ
>> Doing prefit: ch12,data_fakes
>> Doing prefit: ch12,tHW
>> Doing prefit: ch12,tHq
>> Doing prefit: ch12,tZq
>> Doing prefit: ch12,ttH
>> Doing prefit: ch12,ttVV
>> Doing prefit: ch12,TotalBkg
>> Doing prefit: ch12,TotalSig
>> Doing prefit: ch12,TotalProcs
>> Doing prefit: ch2,Convs
>> Doing prefit: ch2,Rares
>> Doing prefit: ch2,TTW_nbjets_bin0
>> Doing prefit: ch2,TTW_nbjets_bin1
>> Doing prefit: ch2,TTW_ooa
>> Doing prefit: ch2,TTZ
>> Doing prefit: ch2,VVV
>> Doing prefit: ch2,WZ
>> Doing prefit: ch2,ZZ
>> Doing prefit: ch2,data_fakes
>> Doing prefit: ch2,data_flips
>> Doing prefit: ch2,tHW
>> Doing prefit: ch2,tHq
>> Doing prefit: ch2,tZq
>> Doing prefit: ch2,ttH
>> Doing prefit: ch2,ttVV
>> Doing prefit: ch2,TotalBkg
>> Doing prefit: ch2,TotalSig
>> Doing prefit: ch2,TotalProcs
>> Doing prefit: ch3,Rares
>> Doing prefit: ch3,TTW_nbjets_bin0
>> Doing prefit: ch3,TTW_nbjets_bin1
>> Doing prefit: ch3,TTW_ooa
>> Doing prefit: ch3,TTZ
>> Doing prefit: ch3,VVV
>> Doing prefit: ch3,WZ
>> Doing prefit: ch3,ZZ
>> Doing prefit: ch3,data_fakes
>> Doing prefit: ch3,tHW
>> Doing prefit: ch3,tHq
>> Doing prefit: ch3,tZq
>> Doing prefit: ch3,ttH
>> Doing prefit: ch3,ttVV
>> Doing prefit: ch3,TotalBkg
>> Doing prefit: ch3,TotalSig
>> Doing prefit: ch3,TotalProcs
>> Doing prefit: ch4,Convs
>> Doing prefit: ch4,Rares
>> Doing prefit: ch4,TTW_nbjets_bin0
>> Doing prefit: ch4,TTW_nbjets_bin1
>> Doing prefit: ch4,TTW_ooa
>> Doing prefit: ch4,TTZ
>> Doing prefit: ch4,VVV
>> Doing prefit: ch4,WZ
>> Doing prefit: ch4,ZZ
>> Doing prefit: ch4,data_fakes
>> Doing prefit: ch4,data_flips
>> Doing prefit: ch4,tHW
>> Doing prefit: ch4,tHq
>> Doing prefit: ch4,tZq
>> Doing prefit: ch4,ttH
>> Doing prefit: ch4,ttVV
>> Doing prefit: ch4,TotalBkg
>> Doing prefit: ch4,TotalSig
>> Doing prefit: ch4,TotalProcs
>> Doing prefit: ch5,Convs
>> Doing prefit: ch5,Rares
>> Doing prefit: ch5,TTW_nbjets_bin0
>> Doing prefit: ch5,TTW_nbjets_bin1
>> Doing prefit: ch5,TTW_ooa
>> Doing prefit: ch5,TTZ
>> Doing prefit: ch5,VVV
>> Doing prefit: ch5,WZ
>> Doing prefit: ch5,ZZ
>> Doing prefit: ch5,data_fakes
>> Doing prefit: ch5,data_flips
>> Doing prefit: ch5,tHW
>> Doing prefit: ch5,tHq
>> Doing prefit: ch5,tZq
>> Doing prefit: ch5,ttH
>> Doing prefit: ch5,ttVV
>> Doing prefit: ch5,TotalBkg
>> Doing prefit: ch5,TotalSig
>> Doing prefit: ch5,TotalProcs
>> Doing prefit: ch6,Rares
>> Doing prefit: ch6,TTW_nbjets_bin0
>> Doing prefit: ch6,TTW_nbjets_bin1
>> Doing prefit: ch6,TTW_ooa
>> Doing prefit: ch6,TTZ
>> Doing prefit: ch6,VVV
>> Doing prefit: ch6,WZ
>> Doing prefit: ch6,ZZ
>> Doing prefit: ch6,data_fakes
>> Doing prefit: ch6,tHW
>> Doing prefit: ch6,tHq
>> Doing prefit: ch6,tZq
>> Doing prefit: ch6,ttH
>> Doing prefit: ch6,ttVV
>> Doing prefit: ch6,TotalBkg
>> Doing prefit: ch6,TotalSig
>> Doing prefit: ch6,TotalProcs
>> Doing prefit: ch7,Convs
>> Doing prefit: ch7,Rares
>> Doing prefit: ch7,TTW_nbjets_bin0
>> Doing prefit: ch7,TTW_nbjets_bin1
>> Doing prefit: ch7,TTW_ooa
>> Doing prefit: ch7,TTZ
>> Doing prefit: ch7,VVV
>> Doing prefit: ch7,WZ
>> Doing prefit: ch7,ZZ
>> Doing prefit: ch7,data_fakes
>> Doing prefit: ch7,data_flips
>> Doing prefit: ch7,tHW
>> Doing prefit: ch7,tHq
>> Doing prefit: ch7,tZq
>> Doing prefit: ch7,ttH
>> Doing prefit: ch7,ttVV
>> Doing prefit: ch7,TotalBkg
>> Doing prefit: ch7,TotalSig
>> Doing prefit: ch7,TotalProcs
>> Doing prefit: ch8,Convs
>> Doing prefit: ch8,Rares
>> Doing prefit: ch8,TTW_nbjets_bin0
>> Doing prefit: ch8,TTW_nbjets_bin1
>> Doing prefit: ch8,TTW_ooa
>> Doing prefit: ch8,TTZ
>> Doing prefit: ch8,VVV
>> Doing prefit: ch8,WZ
>> Doing prefit: ch8,ZZ
>> Doing prefit: ch8,data_fakes
>> Doing prefit: ch8,data_flips
>> Doing prefit: ch8,tHW
>> Doing prefit: ch8,tHq
>> Doing prefit: ch8,tZq
>> Doing prefit: ch8,ttH
>> Doing prefit: ch8,ttVV
>> Doing prefit: ch8,TotalBkg
>> Doing prefit: ch8,TotalSig
>> Doing prefit: ch8,TotalProcs
>> Doing prefit: ch9,Rares
>> Doing prefit: ch9,TTW_nbjets_bin0
>> Doing prefit: ch9,TTW_nbjets_bin1
>> Doing prefit: ch9,TTW_ooa
>> Doing prefit: ch9,TTZ
>> Doing prefit: ch9,VVV
>> Doing prefit: ch9,WZ
>> Doing prefit: ch9,ZZ
>> Doing prefit: ch9,data_fakes
>> Doing prefit: ch9,tHW
>> Doing prefit: ch9,tHq
>> Doing prefit: ch9,tZq
>> Doing prefit: ch9,ttH
>> Doing prefit: ch9,ttVV
>> Doing prefit: ch9,TotalBkg
>> Doing prefit: ch9,TotalSig
>> Doing prefit: ch9,TotalProcs
Bin                       Total relative bkg uncert. (prefit)
----------------------------------------------------------
ch1                       0.15311   
ch10                      0.15398   
ch11                      0.11724   
ch12                      0.12269   
ch2                       0.11005   
ch3                       0.14140   
ch4                       0.17420   
ch5                       0.12032   
ch6                       0.20802   
ch7                       0.15079   
ch8                       0.12533   
ch9                       0.17527   
>> Doing postfit: TotalBkg
>> Doing postfit: TotalSig
>> Doing postfit: TotalProcs
>> Doing postfit: ch1,Convs
>> Doing postfit: ch1,Rares
>> Doing postfit: ch1,TTW_nbjets_bin0
>> Doing postfit: ch1,TTW_nbjets_bin1
>> Doing postfit: ch1,TTW_ooa
>> Doing postfit: ch1,TTZ
>> Doing postfit: ch1,VVV
>> Doing postfit: ch1,WZ
>> Doing postfit: ch1,ZZ
>> Doing postfit: ch1,data_fakes
>> Doing postfit: ch1,data_flips
>> Doing postfit: ch1,tHW
>> Doing postfit: ch1,tHq
>> Doing postfit: ch1,tZq
>> Doing postfit: ch1,ttH
>> Doing postfit: ch1,ttVV
>> Doing postfit: ch1,TotalBkg
>> Doing postfit: ch1,TotalSig
>> Doing postfit: ch1,TotalProcs
>> Doing postfit: ch10,Convs
>> Doing postfit: ch10,Rares
>> Doing postfit: ch10,TTW_nbjets_bin0
>> Doing postfit: ch10,TTW_nbjets_bin1
>> Doing postfit: ch10,TTW_ooa
>> Doing postfit: ch10,TTZ
>> Doing postfit: ch10,VVV
>> Doing postfit: ch10,WZ
>> Doing postfit: ch10,ZZ
>> Doing postfit: ch10,data_fakes
>> Doing postfit: ch10,data_flips
>> Doing postfit: ch10,tHW
>> Doing postfit: ch10,tHq
>> Doing postfit: ch10,tZq
>> Doing postfit: ch10,ttH
>> Doing postfit: ch10,ttVV
>> Doing postfit: ch10,TotalBkg
>> Doing postfit: ch10,TotalSig
>> Doing postfit: ch10,TotalProcs
>> Doing postfit: ch11,Convs
>> Doing postfit: ch11,Rares
>> Doing postfit: ch11,TTW_nbjets_bin0
>> Doing postfit: ch11,TTW_nbjets_bin1
>> Doing postfit: ch11,TTW_ooa
>> Doing postfit: ch11,TTZ
>> Doing postfit: ch11,VVV
>> Doing postfit: ch11,WZ
>> Doing postfit: ch11,ZZ
>> Doing postfit: ch11,data_fakes
>> Doing postfit: ch11,data_flips
>> Doing postfit: ch11,tHW
>> Doing postfit: ch11,tHq
>> Doing postfit: ch11,tZq
>> Doing postfit: ch11,ttH
>> Doing postfit: ch11,ttVV
>> Doing postfit: ch11,TotalBkg
>> Doing postfit: ch11,TotalSig
>> Doing postfit: ch11,TotalProcs
>> Doing postfit: ch12,Rares
>> Doing postfit: ch12,TTW_nbjets_bin0
>> Doing postfit: ch12,TTW_nbjets_bin1
>> Doing postfit: ch12,TTW_ooa
>> Doing postfit: ch12,TTZ
>> Doing postfit: ch12,VVV
>> Doing postfit: ch12,WZ
>> Doing postfit: ch12,ZZ
>> Doing postfit: ch12,data_fakes
>> Doing postfit: ch12,tHW
>> Doing postfit: ch12,tHq
>> Doing postfit: ch12,tZq
>> Doing postfit: ch12,ttH
>> Doing postfit: ch12,ttVV
>> Doing postfit: ch12,TotalBkg
>> Doing postfit: ch12,TotalSig
>> Doing postfit: ch12,TotalProcs
>> Doing postfit: ch2,Convs
>> Doing postfit: ch2,Rares
>> Doing postfit: ch2,TTW_nbjets_bin0
>> Doing postfit: ch2,TTW_nbjets_bin1
>> Doing postfit: ch2,TTW_ooa
>> Doing postfit: ch2,TTZ
>> Doing postfit: ch2,VVV
>> Doing postfit: ch2,WZ
>> Doing postfit: ch2,ZZ
>> Doing postfit: ch2,data_fakes
>> Doing postfit: ch2,data_flips
>> Doing postfit: ch2,tHW
>> Doing postfit: ch2,tHq
>> Doing postfit: ch2,tZq
>> Doing postfit: ch2,ttH
>> Doing postfit: ch2,ttVV
>> Doing postfit: ch2,TotalBkg
>> Doing postfit: ch2,TotalSig
>> Doing postfit: ch2,TotalProcs
>> Doing postfit: ch3,Rares
>> Doing postfit: ch3,TTW_nbjets_bin0
>> Doing postfit: ch3,TTW_nbjets_bin1
>> Doing postfit: ch3,TTW_ooa
>> Doing postfit: ch3,TTZ
>> Doing postfit: ch3,VVV
>> Doing postfit: ch3,WZ
>> Doing postfit: ch3,ZZ
>> Doing postfit: ch3,data_fakes
>> Doing postfit: ch3,tHW
>> Doing postfit: ch3,tHq
>> Doing postfit: ch3,tZq
>> Doing postfit: ch3,ttH
>> Doing postfit: ch3,ttVV
>> Doing postfit: ch3,TotalBkg
>> Doing postfit: ch3,TotalSig
>> Doing postfit: ch3,TotalProcs
>> Doing postfit: ch4,Convs
>> Doing postfit: ch4,Rares
>> Doing postfit: ch4,TTW_nbjets_bin0
>> Doing postfit: ch4,TTW_nbjets_bin1
>> Doing postfit: ch4,TTW_ooa
>> Doing postfit: ch4,TTZ
>> Doing postfit: ch4,VVV
>> Doing postfit: ch4,WZ
>> Doing postfit: ch4,ZZ
>> Doing postfit: ch4,data_fakes
>> Doing postfit: ch4,data_flips
>> Doing postfit: ch4,tHW
>> Doing postfit: ch4,tHq
>> Doing postfit: ch4,tZq
>> Doing postfit: ch4,ttH
>> Doing postfit: ch4,ttVV
>> Doing postfit: ch4,TotalBkg
>> Doing postfit: ch4,TotalSig
>> Doing postfit: ch4,TotalProcs
>> Doing postfit: ch5,Convs
>> Doing postfit: ch5,Rares
>> Doing postfit: ch5,TTW_nbjets_bin0
>> Doing postfit: ch5,TTW_nbjets_bin1
>> Doing postfit: ch5,TTW_ooa
>> Doing postfit: ch5,TTZ
>> Doing postfit: ch5,VVV
>> Doing postfit: ch5,WZ
>> Doing postfit: ch5,ZZ
>> Doing postfit: ch5,data_fakes
>> Doing postfit: ch5,data_flips
>> Doing postfit: ch5,tHW
>> Doing postfit: ch5,tHq
>> Doing postfit: ch5,tZq
>> Doing postfit: ch5,ttH
>> Doing postfit: ch5,ttVV
>> Doing postfit: ch5,TotalBkg
>> Doing postfit: ch5,TotalSig
>> Doing postfit: ch5,TotalProcs
>> Doing postfit: ch6,Rares
>> Doing postfit: ch6,TTW_nbjets_bin0
>> Doing postfit: ch6,TTW_nbjets_bin1
>> Doing postfit: ch6,TTW_ooa
>> Doing postfit: ch6,TTZ
>> Doing postfit: ch6,VVV
>> Doing postfit: ch6,WZ
>> Doing postfit: ch6,ZZ
>> Doing postfit: ch6,data_fakes
>> Doing postfit: ch6,tHW
>> Doing postfit: ch6,tHq
>> Doing postfit: ch6,tZq
>> Doing postfit: ch6,ttH
>> Doing postfit: ch6,ttVV
>> Doing postfit: ch6,TotalBkg
>> Doing postfit: ch6,TotalSig
>> Doing postfit: ch6,TotalProcs
>> Doing postfit: ch7,Convs
>> Doing postfit: ch7,Rares
>> Doing postfit: ch7,TTW_nbjets_bin0
>> Doing postfit: ch7,TTW_nbjets_bin1
>> Doing postfit: ch7,TTW_ooa
>> Doing postfit: ch7,TTZ
>> Doing postfit: ch7,VVV
>> Doing postfit: ch7,WZ
>> Doing postfit: ch7,ZZ
>> Doing postfit: ch7,data_fakes
>> Doing postfit: ch7,data_flips
>> Doing postfit: ch7,tHW
>> Doing postfit: ch7,tHq
>> Doing postfit: ch7,tZq
>> Doing postfit: ch7,ttH
>> Doing postfit: ch7,ttVV
>> Doing postfit: ch7,TotalBkg
>> Doing postfit: ch7,TotalSig
>> Doing postfit: ch7,TotalProcs
>> Doing postfit: ch8,Convs
>> Doing postfit: ch8,Rares
>> Doing postfit: ch8,TTW_nbjets_bin0
>> Doing postfit: ch8,TTW_nbjets_bin1
>> Doing postfit: ch8,TTW_ooa
>> Doing postfit: ch8,TTZ
>> Doing postfit: ch8,VVV
>> Doing postfit: ch8,WZ
>> Doing postfit: ch8,ZZ
>> Doing postfit: ch8,data_fakes
>> Doing postfit: ch8,data_flips
>> Doing postfit: ch8,tHW
>> Doing postfit: ch8,tHq
>> Doing postfit: ch8,tZq
>> Doing postfit: ch8,ttH
>> Doing postfit: ch8,ttVV
>> Doing postfit: ch8,TotalBkg
>> Doing postfit: ch8,TotalSig
>> Doing postfit: ch8,TotalProcs
>> Doing postfit: ch9,Rares
>> Doing postfit: ch9,TTW_nbjets_bin0
>> Doing postfit: ch9,TTW_nbjets_bin1
>> Doing postfit: ch9,TTW_ooa
>> Doing postfit: ch9,TTZ
>> Doing postfit: ch9,VVV
>> Doing postfit: ch9,WZ
>> Doing postfit: ch9,ZZ
>> Doing postfit: ch9,data_fakes
>> Doing postfit: ch9,tHW
>> Doing postfit: ch9,tHq
>> Doing postfit: ch9,tZq
>> Doing postfit: ch9,ttH
>> Doing postfit: ch9,ttVV
>> Doing postfit: ch9,TotalBkg
>> Doing postfit: ch9,TotalSig
>> Doing postfit: ch9,TotalProcs

Bin                       Total relative bkg uncert. (postfit)
----------------------------------------------------------
ch1                       0.10400   
ch10                      0.08578   
ch11                      0.07293   
ch12                      0.07401   
ch2                       0.07751   
ch3                       0.09581   
ch4                       0.14329   
ch5                       0.08060   
ch6                       0.12210   
ch7                       0.09982   
ch8                       0.08128   
ch9                       0.10776   

Bin                       Process              Scale factor
----------------------------------------------------------
ch1                       Convs                1.17298   
ch1                       Rares                1.25187   
ch1                       TTW_nbjets_bin0      1.54828   
ch1                       TTW_nbjets_bin1      0.00000   
ch1                       TTW_ooa              1.07133   
ch1                       TTZ                  1.18836   
ch1                       VVV                  1.18658   
ch1                       WZ                   0.90885   
ch1                       ZZ                   1.33711   
ch1                       data_fakes           1.78255   
ch1                       data_flips           0.93530   
ch1                       tHW                  1.04586   
ch1                       tHq                  1.04549   
ch1                       tZq                  1.10486   
ch1                       ttH                  1.06025   
ch1                       ttVV                 1.04507   
ch10                      Convs                1.12666   
ch10                      Rares                1.37303   
ch10                      TTW_nbjets_bin0      1.52897   
ch10                      TTW_nbjets_bin1      0.00000   
ch10                      TTW_ooa              0.99345   
ch10                      TTZ                  1.25910   
ch10                      VVV                  1.17991   
ch10                      WZ                   0.95976   
ch10                      ZZ                   1.08830   
ch10                      data_fakes           1.80780   
ch10                      data_flips           0.93514   
ch10                      tHW                  1.03120   
ch10                      tHq                  0.99940   
ch10                      tZq                  1.07560   
ch10                      ttH                  1.01951   
ch10                      ttVV                 1.02410   
ch11                      Convs                1.13721   
ch11                      Rares                1.23836   
ch11                      TTW_nbjets_bin0      1.49096   
ch11                      TTW_nbjets_bin1      0.00000   
ch11                      TTW_ooa              0.97086   
ch11                      TTZ                  1.12345   
ch11                      VVV                  1.15030   
ch11                      WZ                   0.92615   
ch11                      ZZ                   1.13729   
ch11                      data_fakes           1.45691   
ch11                      data_flips           0.93496   
ch11                      tHW                  0.99445   
ch11                      tHq                  0.97912   
ch11                      tZq                  1.04024   
ch11                      ttH                  1.00708   
ch11                      ttVV                 0.99600   
ch12                      Rares                1.07915   
ch12                      TTW_nbjets_bin0      1.45539   
ch12                      TTW_nbjets_bin1      0.00000   
ch12                      TTW_ooa              0.94348   
ch12                      TTZ                  1.12501   
ch12                      VVV                  1.11462   
ch12                      WZ                   0.94876   
ch12                      ZZ                   1.29915   
ch12                      data_fakes           1.15241   
ch12                      tHW                  0.97241   
ch12                      tHq                  0.95285   
ch12                      tZq                  1.03102   
ch12                      ttH                  0.98682   
ch12                      ttVV                 0.97041   
ch2                       Convs                1.35163   
ch2                       Rares                1.12604   
ch2                       TTW_nbjets_bin0      1.51140   
ch2                       TTW_nbjets_bin1      0.00000   
ch2                       TTW_ooa              1.02015   
ch2                       TTZ                  1.14335   
ch2                       VVV                  1.16125   
ch2                       WZ                   0.94838   
ch2                       ZZ                   1.21917   
ch2                       data_fakes           1.40107   
ch2                       data_flips           0.93511   
ch2                       tHW                  1.00047   
ch2                       tHq                  1.01230   
ch2                       tZq                  1.05257   
ch2                       ttH                  1.01481   
ch2                       ttVV                 1.00890   
ch3                       Rares                1.16767   
ch3                       TTW_nbjets_bin0      1.46629   
ch3                       TTW_nbjets_bin1      0.00000   
ch3                       TTW_ooa              0.98017   
ch3                       TTZ                  1.11061   
ch3                       VVV                  1.16654   
ch3                       WZ                   0.92224   
ch3                       ZZ                   1.38217   
ch3                       data_fakes           1.14749   
ch3                       tHW                  0.96463   
ch3                       tHq                  0.98558   
ch3                       tZq                  1.02537   
ch3                       ttH                  0.99293   
ch3                       ttVV                 0.97431   
ch4                       Convs                0.80114   
ch4                       Rares                1.27796   
ch4                       TTW_nbjets_bin0      1.55732   
ch4                       TTW_nbjets_bin1      0.00000   
ch4                       TTW_ooa              1.10141   
ch4                       TTZ                  1.24388   
ch4                       VVV                  1.41789   
ch4                       WZ                   1.30572   
ch4                       ZZ                   1.61963   
ch4                       data_fakes           1.49746   
ch4                       data_flips           0.93454   
ch4                       tHW                  1.08110   
ch4                       tHq                  1.06892   
ch4                       tZq                  1.22633   
ch4                       ttH                  1.06734   
ch4                       ttVV                 1.04959   
ch5                       Convs                1.15772   
ch5                       Rares                1.19677   
ch5                       TTW_nbjets_bin0      1.52144   
ch5                       TTW_nbjets_bin1      0.00000   
ch5                       TTW_ooa              1.07133   
ch5                       TTZ                  1.22475   
ch5                       VVV                  1.36219   
ch5                       WZ                   1.37942   
ch5                       ZZ                   1.58846   
ch5                       data_fakes           1.39264   
ch5                       data_flips           0.93511   
ch5                       tHW                  1.04766   
ch5                       tHq                  1.06365   
ch5                       tZq                  1.14662   
ch5                       ttH                  1.04263   
ch5                       ttVV                 1.02817   
ch6                       Rares                1.23023   
ch6                       TTW_nbjets_bin0      1.47934   
ch6                       TTW_nbjets_bin1      0.00000   
ch6                       TTW_ooa              1.04549   
ch6                       TTZ                  1.16848   
ch6                       VVV                  1.34487   
ch6                       WZ                   1.25924   
ch6                       ZZ                   1.39153   
ch6                       data_fakes           1.28574   
ch6                       tHW                  1.02696   
ch6                       tHq                  1.02296   
ch6                       tZq                  1.19330   
ch6                       ttH                  1.02505   
ch6                       ttVV                 1.00415   
ch7                       Convs                1.05267   
ch7                       Rares                1.29965   
ch7                       TTW_nbjets_bin0      1.54816   
ch7                       TTW_nbjets_bin1      0.00000   
ch7                       TTW_ooa              1.05650   
ch7                       TTZ                  1.11988   
ch7                       VVV                  1.13453   
ch7                       WZ                   0.96900   
ch7                       ZZ                   1.34435   
ch7                       data_fakes           1.64999   
ch7                       data_flips           0.93486   
ch7                       tHW                  1.02571   
ch7                       tHq                  1.05026   
ch7                       tZq                  1.11130   
ch7                       ttH                  1.05584   
ch7                       ttVV                 1.03476   
ch8                       Convs                1.03821   
ch8                       Rares                1.22820   
ch8                       TTW_nbjets_bin0      1.51333   
ch8                       TTW_nbjets_bin1      0.00000   
ch8                       TTW_ooa              1.02665   
ch8                       TTZ                  1.10003   
ch8                       VVV                  1.12377   
ch8                       WZ                   0.96394   
ch8                       ZZ                   1.42478   
ch8                       data_fakes           1.44329   
ch8                       data_flips           0.93486   
ch8                       tHW                  1.00947   
ch8                       tHq                  1.00929   
ch8                       tZq                  1.08822   
ch8                       ttH                  1.02947   
ch8                       ttVV                 1.01234   
ch9                       Rares                1.15072   
ch9                       TTW_nbjets_bin0      1.47881   
ch9                       TTW_nbjets_bin1      0.00000   
ch9                       TTW_ooa              0.98539   
ch9                       TTZ                  1.11705   
ch9                       VVV                  1.11347   
ch9                       WZ                   0.96046   
ch9                       ZZ                   1.46912   
ch9                       data_fakes           1.25909   
ch9                       tHW                  0.98651   
ch9                       tHq                  1.02305   
ch9                       tZq                  1.04321   
ch9                       ttH                  0.99787   
ch9                       ttVV                 0.98666   
