/mnt_pool/c3_users/user/cvico/WorkSpace/ttw-differential/postfit-plots/counting/2lss/lep2_pt
WARNING: the default behaviour of PostFitShapesFromWorkspace is to use the covariance matrix sampling method for the post-fit uncertainty. The option --sampling is deprecated and will be removed in future versions of CombineHarvester
[SetFlag] Changing value of flag "workspaces-use-clone" from 0 to 1
[#1] INFO:ObjectHandling -- RooWorkspace::import(w) importing dataset ch1
[#1] INFO:ObjectHandling -- RooWorkspace::import(w) importing dataset ch10
[#1] INFO:ObjectHandling -- RooWorkspace::import(w) importing dataset ch11
[#1] INFO:ObjectHandling -- RooWorkspace::import(w) importing dataset ch12
[#1] INFO:ObjectHandling -- RooWorkspace::import(w) importing dataset ch13
[#1] INFO:ObjectHandling -- RooWorkspace::import(w) importing dataset ch14
[#1] INFO:ObjectHandling -- RooWorkspace::import(w) importing dataset ch15
[#1] INFO:ObjectHandling -- RooWorkspace::import(w) importing dataset ch16
[#1] INFO:ObjectHandling -- RooWorkspace::import(w) importing dataset ch17
[#1] INFO:ObjectHandling -- RooWorkspace::import(w) importing dataset ch18
[#1] INFO:ObjectHandling -- RooWorkspace::import(w) importing dataset ch19
[#1] INFO:ObjectHandling -- RooWorkspace::import(w) importing dataset ch2
[#1] INFO:ObjectHandling -- RooWorkspace::import(w) importing dataset ch20
[#1] INFO:ObjectHandling -- RooWorkspace::import(w) importing dataset ch21
[#1] INFO:ObjectHandling -- RooWorkspace::import(w) importing dataset ch22
[#1] INFO:ObjectHandling -- RooWorkspace::import(w) importing dataset ch23
[#1] INFO:ObjectHandling -- RooWorkspace::import(w) importing dataset ch24
[#1] INFO:ObjectHandling -- RooWorkspace::import(w) importing dataset ch25
[#1] INFO:ObjectHandling -- RooWorkspace::import(w) importing dataset ch26
[#1] INFO:ObjectHandling -- RooWorkspace::import(w) importing dataset ch27
[#1] INFO:ObjectHandling -- RooWorkspace::import(w) importing dataset ch28
[#1] INFO:ObjectHandling -- RooWorkspace::import(w) importing dataset ch29
[#1] INFO:ObjectHandling -- RooWorkspace::import(w) importing dataset ch3
[#1] INFO:ObjectHandling -- RooWorkspace::import(w) importing dataset ch30
[#1] INFO:ObjectHandling -- RooWorkspace::import(w) importing dataset ch31
[#1] INFO:ObjectHandling -- RooWorkspace::import(w) importing dataset ch32
[#1] INFO:ObjectHandling -- RooWorkspace::import(w) importing dataset ch33
[#1] INFO:ObjectHandling -- RooWorkspace::import(w) importing dataset ch34
[#1] INFO:ObjectHandling -- RooWorkspace::import(w) importing dataset ch35
[#1] INFO:ObjectHandling -- RooWorkspace::import(w) importing dataset ch36
[#1] INFO:ObjectHandling -- RooWorkspace::import(w) importing dataset ch37
[#1] INFO:ObjectHandling -- RooWorkspace::import(w) importing dataset ch38
[#1] INFO:ObjectHandling -- RooWorkspace::import(w) importing dataset ch39
[#1] INFO:ObjectHandling -- RooWorkspace::import(w) importing dataset ch4
[#1] INFO:ObjectHandling -- RooWorkspace::import(w) importing dataset ch40
[#1] INFO:ObjectHandling -- RooWorkspace::import(w) importing dataset ch41
[#1] INFO:ObjectHandling -- RooWorkspace::import(w) importing dataset ch42
[#1] INFO:ObjectHandling -- RooWorkspace::import(w) importing dataset ch43
[#1] INFO:ObjectHandling -- RooWorkspace::import(w) importing dataset ch44
[#1] INFO:ObjectHandling -- RooWorkspace::import(w) importing dataset ch5
[#1] INFO:ObjectHandling -- RooWorkspace::import(w) importing dataset ch6
[#1] INFO:ObjectHandling -- RooWorkspace::import(w) importing dataset ch7
[#1] INFO:ObjectHandling -- RooWorkspace::import(w) importing dataset ch8
[#1] INFO:ObjectHandling -- RooWorkspace::import(w) importing dataset ch9
[SetFlag] Changing value of flag "workspaces-use-clone" from 0 to 1
>> Doing prefit: TotalBkg
>> Doing prefit: TotalSig
>> Doing prefit: TotalProcs
Info in <TH1F::Add>: Attempt to add histograms with different number of bins - trying to use TH1::Merge
Error in <Merge>: Cannot merge histograms - limits are inconsistent:
 first: x_data_obs (6, 15.000000, 100.000000), second: x_data_obs (12, 0.500000, 12.500000)
Info in <TH1F::Add>: Attempt to add histograms with different number of bins - trying to use TH1::Merge
Error in <Merge>: Cannot merge histograms - limits are inconsistent:
 first: x_data_obs (6, 15.000000, 100.000000), second: x_data_obs (12, 0.500000, 12.500000)
Info in <TH1F::Add>: Attempt to add histograms with different number of bins - trying to use TH1::Merge
Error in <Merge>: Cannot merge histograms - limits are inconsistent:
 first: x_data_obs (6, 15.000000, 100.000000), second: x_data_obs (12, 0.500000, 12.500000)
Info in <TH1F::Add>: Attempt to add histograms with different number of bins - trying to use TH1::Merge
Error in <Merge>: Cannot merge histograms - limits are inconsistent:
 first: x_data_obs (6, 15.000000, 100.000000), second: x_data_obs (12, 0.500000, 12.500000)
Info in <TH1F::Add>: Attempt to add histograms with different number of bins - trying to use TH1::Merge
Error in <Merge>: Cannot merge histograms - limits are inconsistent:
 first: x_data_obs (6, 15.000000, 100.000000), second: x_data_obs (12, 0.500000, 12.500000)
Info in <TH1F::Add>: Attempt to add histograms with different number of bins - trying to use TH1::Merge
Error in <Merge>: Cannot merge histograms - limits are inconsistent:
 first: x_data_obs (6, 15.000000, 100.000000), second: x_data_obs (12, 0.500000, 12.500000)
Info in <TH1F::Add>: Attempt to add histograms with different number of bins - trying to use TH1::Merge
Error in <Merge>: Cannot merge histograms - limits are inconsistent:
 first: x_data_obs (6, 15.000000, 100.000000), second: x_data_obs (12, 0.500000, 12.500000)
Info in <TH1F::Add>: Attempt to add histograms with different number of bins - trying to use TH1::Merge
Error in <Merge>: Cannot merge histograms - limits are inconsistent:
 first: x_data_obs (6, 15.000000, 100.000000), second: x_data_obs (12, 0.500000, 12.500000)
Info in <TH1F::Add>: Attempt to add histograms with different number of bins - trying to use TH1::Merge
Error in <Merge>: Cannot merge histograms - limits are inconsistent:
 first: x_data_obs (6, 15.000000, 100.000000), second: x_data_obs (12, 0.500000, 12.500000)
Info in <TH1F::Add>: Attempt to add histograms with different number of bins - trying to use TH1::Merge
Error in <Merge>: Cannot merge histograms - limits are inconsistent:
 first: x_data_obs (6, 15.000000, 100.000000), second: x_data_obs (12, 0.500000, 12.500000)
Info in <TH1F::Add>: Attempt to add histograms with different number of bins - trying to use TH1::Merge
Error in <Merge>: Cannot merge histograms - limits are inconsistent:
 first: x_data_obs (6, 15.000000, 100.000000), second: x_data_obs (12, 0.500000, 12.500000)
Info in <TH1F::Add>: Attempt to add histograms with different number of bins - trying to use TH1::Merge
Error in <Merge>: Cannot merge histograms - limits are inconsistent:
 first: x_data_obs (6, 15.000000, 100.000000), second: x_data_obs (12, 0.500000, 12.500000)
Info in <TH1F::Add>: Attempt to add histograms with different number of bins - trying to use TH1::Merge
Error in <Merge>: Cannot merge histograms - limits are inconsistent:
 first: x_data_obs (6, 15.000000, 100.000000), second: x_data_obs (12, 0.500000, 12.500000)
Info in <TH1F::Add>: Attempt to add histograms with different number of bins - trying to use TH1::Merge
Error in <Merge>: Cannot merge histograms - limits are inconsistent:
 first: x_data_obs (6, 15.000000, 100.000000), second: x_data_obs (12, 0.500000, 12.500000)
Info in <TH1F::Add>: Attempt to add histograms with different number of bins - trying to use TH1::Merge
Error in <Merge>: Cannot merge histograms - limits are inconsistent:
 first: x_data_obs (6, 15.000000, 100.000000), second: x_data_obs (12, 0.500000, 12.500000)
Info in <TH1F::Add>: Attempt to add histograms with different number of bins - trying to use TH1::Merge
Error in <Merge>: Cannot merge histograms - limits are inconsistent:
 first: x_data_obs (6, 15.000000, 100.000000), second: x_data_obs (12, 0.500000, 12.500000)
Info in <TH1F::Add>: Attempt to add histograms with different number of bins - trying to use TH1::Merge
Error in <Merge>: Cannot merge histograms - limits are inconsistent:
 first: x_data_obs (6, 15.000000, 100.000000), second: x_data_obs (4, 0.500000, 4.500000)
Info in <TH1F::Add>: Attempt to add histograms with different number of bins - trying to use TH1::Merge
Error in <Merge>: Cannot merge histograms - limits are inconsistent:
 first: x_data_obs (6, 15.000000, 100.000000), second: x_data_obs (4, 0.500000, 4.500000)
Info in <TH1F::Add>: Attempt to add histograms with different number of bins - trying to use TH1::Merge
Error in <Merge>: Cannot merge histograms - limits are inconsistent:
 first: x_data_obs (6, 15.000000, 100.000000), second: x_data_obs (4, 0.500000, 4.500000)
Info in <TH1F::Add>: Attempt to add histograms with different number of bins - trying to use TH1::Merge
Error in <Merge>: Cannot merge histograms - limits are inconsistent:
 first: x_data_obs (6, 15.000000, 100.000000), second: x_data_obs (4, 0.500000, 4.500000)
>> Doing prefit: ch1,Convs
>> Doing prefit: ch1,Rares
>> Doing prefit: ch1,TTW_lep2_pt_bin0
>> Doing prefit: ch1,TTW_lep2_pt_bin1
>> Doing prefit: ch1,TTW_lep2_pt_bin2
>> Doing prefit: ch1,TTW_ooa
>> Doing prefit: ch1,TTZ
>> Doing prefit: ch1,VVV
>> Doing prefit: ch1,WZ
>> Doing prefit: ch1,ZZ
>> Doing prefit: ch1,data_fakes
>> Doing prefit: ch1,data_flips
>> Doing prefit: ch1,tHW
>> Doing prefit: ch1,tHq
>> Doing prefit: ch1,tZq
>> Doing prefit: ch1,ttH
>> Doing prefit: ch1,ttVV
>> Doing prefit: ch1,TotalBkg
>> Doing prefit: ch1,TotalSig
>> Doing prefit: ch1,TotalProcs
>> Doing prefit: ch10,Rares
>> Doing prefit: ch10,TTW_lep2_pt_bin0
>> Doing prefit: ch10,TTW_lep2_pt_bin1
>> Doing prefit: ch10,TTW_lep2_pt_bin2
>> Doing prefit: ch10,TTW_ooa
>> Doing prefit: ch10,TTZ
>> Doing prefit: ch10,VVV
>> Doing prefit: ch10,WZ
>> Doing prefit: ch10,ZZ
>> Doing prefit: ch10,data_fakes
>> Doing prefit: ch10,tHW
>> Doing prefit: ch10,tHq
>> Doing prefit: ch10,tZq
>> Doing prefit: ch10,ttH
>> Doing prefit: ch10,ttVV
>> Doing prefit: ch10,TotalBkg
>> Doing prefit: ch10,TotalSig
>> Doing prefit: ch10,TotalProcs
>> Doing prefit: ch11,Rares
>> Doing prefit: ch11,TTW_lep2_pt_bin0
>> Doing prefit: ch11,TTW_lep2_pt_bin1
>> Doing prefit: ch11,TTW_lep2_pt_bin2
>> Doing prefit: ch11,TTW_ooa
>> Doing prefit: ch11,TTZ
>> Doing prefit: ch11,VVV
>> Doing prefit: ch11,WZ
>> Doing prefit: ch11,ZZ
>> Doing prefit: ch11,data_fakes
>> Doing prefit: ch11,tHW
>> Doing prefit: ch11,tHq
>> Doing prefit: ch11,tZq
>> Doing prefit: ch11,ttH
>> Doing prefit: ch11,ttVV
>> Doing prefit: ch11,TotalBkg
>> Doing prefit: ch11,TotalSig
>> Doing prefit: ch11,TotalProcs
>> Doing prefit: ch12,Convs
>> Doing prefit: ch12,Rares
>> Doing prefit: ch12,TTW_lep2_pt_bin0
>> Doing prefit: ch12,TTW_lep2_pt_bin1
>> Doing prefit: ch12,TTW_lep2_pt_bin2
>> Doing prefit: ch12,TTW_ooa
>> Doing prefit: ch12,TTZ
>> Doing prefit: ch12,VVV
>> Doing prefit: ch12,WZ
>> Doing prefit: ch12,ZZ
>> Doing prefit: ch12,data_fakes
>> Doing prefit: ch12,data_flips
>> Doing prefit: ch12,tHW
>> Doing prefit: ch12,tHq
>> Doing prefit: ch12,tZq
>> Doing prefit: ch12,ttH
>> Doing prefit: ch12,ttVV
>> Doing prefit: ch12,TotalBkg
>> Doing prefit: ch12,TotalSig
>> Doing prefit: ch12,TotalProcs
>> Doing prefit: ch13,Convs
>> Doing prefit: ch13,Rares
>> Doing prefit: ch13,TTW_lep2_pt_bin0
>> Doing prefit: ch13,TTW_lep2_pt_bin1
>> Doing prefit: ch13,TTW_lep2_pt_bin2
>> Doing prefit: ch13,TTW_ooa
>> Doing prefit: ch13,TTZ
>> Doing prefit: ch13,VVV
>> Doing prefit: ch13,WZ
>> Doing prefit: ch13,ZZ
>> Doing prefit: ch13,data_fakes
>> Doing prefit: ch13,data_flips
>> Doing prefit: ch13,tHW
>> Doing prefit: ch13,tHq
>> Doing prefit: ch13,tZq
>> Doing prefit: ch13,ttH
>> Doing prefit: ch13,ttVV
>> Doing prefit: ch13,TotalBkg
>> Doing prefit: ch13,TotalSig
>> Doing prefit: ch13,TotalProcs
>> Doing prefit: ch14,Convs
>> Doing prefit: ch14,Rares
>> Doing prefit: ch14,TTW_lep2_pt_bin0
>> Doing prefit: ch14,TTW_lep2_pt_bin1
>> Doing prefit: ch14,TTW_lep2_pt_bin2
>> Doing prefit: ch14,TTW_ooa
>> Doing prefit: ch14,TTZ
>> Doing prefit: ch14,VVV
>> Doing prefit: ch14,WZ
>> Doing prefit: ch14,ZZ
>> Doing prefit: ch14,data_fakes
>> Doing prefit: ch14,data_flips
>> Doing prefit: ch14,tHW
>> Doing prefit: ch14,tHq
>> Doing prefit: ch14,tZq
>> Doing prefit: ch14,ttH
>> Doing prefit: ch14,ttVV
>> Doing prefit: ch14,TotalBkg
>> Doing prefit: ch14,TotalSig
>> Doing prefit: ch14,TotalProcs
>> Doing prefit: ch15,Convs
>> Doing prefit: ch15,Rares
>> Doing prefit: ch15,TTW_lep2_pt_bin0
>> Doing prefit: ch15,TTW_lep2_pt_bin1
>> Doing prefit: ch15,TTW_lep2_pt_bin2
>> Doing prefit: ch15,TTW_ooa
>> Doing prefit: ch15,TTZ
>> Doing prefit: ch15,VVV
>> Doing prefit: ch15,WZ
>> Doing prefit: ch15,ZZ
>> Doing prefit: ch15,data_fakes
>> Doing prefit: ch15,data_flips
>> Doing prefit: ch15,tHW
>> Doing prefit: ch15,tHq
>> Doing prefit: ch15,tZq
>> Doing prefit: ch15,ttH
>> Doing prefit: ch15,ttVV
>> Doing prefit: ch15,TotalBkg
>> Doing prefit: ch15,TotalSig
>> Doing prefit: ch15,TotalProcs
>> Doing prefit: ch16,Convs
>> Doing prefit: ch16,Rares
>> Doing prefit: ch16,TTW_lep2_pt_bin0
>> Doing prefit: ch16,TTW_lep2_pt_bin1
>> Doing prefit: ch16,TTW_lep2_pt_bin2
>> Doing prefit: ch16,TTW_ooa
>> Doing prefit: ch16,TTZ
>> Doing prefit: ch16,VVV
>> Doing prefit: ch16,WZ
>> Doing prefit: ch16,ZZ
>> Doing prefit: ch16,data_fakes
>> Doing prefit: ch16,data_flips
>> Doing prefit: ch16,tHW
>> Doing prefit: ch16,tHq
>> Doing prefit: ch16,tZq
>> Doing prefit: ch16,ttH
>> Doing prefit: ch16,ttVV
>> Doing prefit: ch16,TotalBkg
>> Doing prefit: ch16,TotalSig
>> Doing prefit: ch16,TotalProcs
>> Doing prefit: ch17,Convs
>> Doing prefit: ch17,Rares
>> Doing prefit: ch17,TTW_lep2_pt_bin0
>> Doing prefit: ch17,TTW_lep2_pt_bin1
>> Doing prefit: ch17,TTW_lep2_pt_bin2
>> Doing prefit: ch17,TTW_ooa
>> Doing prefit: ch17,TTZ
>> Doing prefit: ch17,VVV
>> Doing prefit: ch17,WZ
>> Doing prefit: ch17,ZZ
>> Doing prefit: ch17,data_fakes
>> Doing prefit: ch17,data_flips
>> Doing prefit: ch17,tHW
>> Doing prefit: ch17,tHq
>> Doing prefit: ch17,tZq
>> Doing prefit: ch17,ttH
>> Doing prefit: ch17,ttVV
>> Doing prefit: ch17,TotalBkg
>> Doing prefit: ch17,TotalSig
>> Doing prefit: ch17,TotalProcs
>> Doing prefit: ch18,Rares
>> Doing prefit: ch18,TTW_lep2_pt_bin0
>> Doing prefit: ch18,TTW_lep2_pt_bin1
>> Doing prefit: ch18,TTW_lep2_pt_bin2
>> Doing prefit: ch18,TTW_ooa
>> Doing prefit: ch18,TTZ
>> Doing prefit: ch18,VVV
>> Doing prefit: ch18,WZ
>> Doing prefit: ch18,ZZ
>> Doing prefit: ch18,data_fakes
>> Doing prefit: ch18,tHW
>> Doing prefit: ch18,tHq
>> Doing prefit: ch18,tZq
>> Doing prefit: ch18,ttH
>> Doing prefit: ch18,ttVV
>> Doing prefit: ch18,TotalBkg
>> Doing prefit: ch18,TotalSig
>> Doing prefit: ch18,TotalProcs
>> Doing prefit: ch19,Convs
>> Doing prefit: ch19,Rares
>> Doing prefit: ch19,TTW_lep2_pt_bin0
>> Doing prefit: ch19,TTW_lep2_pt_bin1
>> Doing prefit: ch19,TTW_lep2_pt_bin2
>> Doing prefit: ch19,TTW_ooa
>> Doing prefit: ch19,TTZ
>> Doing prefit: ch19,VVV
>> Doing prefit: ch19,WZ
>> Doing prefit: ch19,ZZ
>> Doing prefit: ch19,data_fakes
>> Doing prefit: ch19,data_flips
>> Doing prefit: ch19,tHW
>> Doing prefit: ch19,tHq
>> Doing prefit: ch19,tZq
>> Doing prefit: ch19,ttH
>> Doing prefit: ch19,ttVV
>> Doing prefit: ch19,TotalBkg
>> Doing prefit: ch19,TotalSig
>> Doing prefit: ch19,TotalProcs
>> Doing prefit: ch2,Convs
>> Doing prefit: ch2,Rares
>> Doing prefit: ch2,TTW_lep2_pt_bin0
>> Doing prefit: ch2,TTW_lep2_pt_bin1
>> Doing prefit: ch2,TTW_lep2_pt_bin2
>> Doing prefit: ch2,TTW_ooa
>> Doing prefit: ch2,TTZ
>> Doing prefit: ch2,VVV
>> Doing prefit: ch2,WZ
>> Doing prefit: ch2,ZZ
>> Doing prefit: ch2,data_fakes
>> Doing prefit: ch2,data_flips
>> Doing prefit: ch2,tHW
>> Doing prefit: ch2,tHq
>> Doing prefit: ch2,tZq
>> Doing prefit: ch2,ttH
>> Doing prefit: ch2,ttVV
>> Doing prefit: ch2,TotalBkg
>> Doing prefit: ch2,TotalSig
>> Doing prefit: ch2,TotalProcs
>> Doing prefit: ch20,Rares
>> Doing prefit: ch20,TTW_lep2_pt_bin0
>> Doing prefit: ch20,TTW_lep2_pt_bin1
>> Doing prefit: ch20,TTW_lep2_pt_bin2
>> Doing prefit: ch20,TTW_ooa
>> Doing prefit: ch20,TTZ
>> Doing prefit: ch20,VVV
>> Doing prefit: ch20,WZ
>> Doing prefit: ch20,ZZ
>> Doing prefit: ch20,data_fakes
>> Doing prefit: ch20,tHW
>> Doing prefit: ch20,tHq
>> Doing prefit: ch20,tZq
>> Doing prefit: ch20,ttH
>> Doing prefit: ch20,ttVV
>> Doing prefit: ch20,TotalBkg
>> Doing prefit: ch20,TotalSig
>> Doing prefit: ch20,TotalProcs
>> Doing prefit: ch21,Convs
>> Doing prefit: ch21,Rares
>> Doing prefit: ch21,TTW_lep2_pt_bin0
>> Doing prefit: ch21,TTW_lep2_pt_bin1
>> Doing prefit: ch21,TTW_lep2_pt_bin2
>> Doing prefit: ch21,TTW_ooa
>> Doing prefit: ch21,TTZ
>> Doing prefit: ch21,VVV
>> Doing prefit: ch21,WZ
>> Doing prefit: ch21,ZZ
>> Doing prefit: ch21,data_fakes
>> Doing prefit: ch21,data_flips
>> Doing prefit: ch21,tHW
>> Doing prefit: ch21,tHq
>> Doing prefit: ch21,tZq
>> Doing prefit: ch21,ttH
>> Doing prefit: ch21,ttVV
>> Doing prefit: ch21,TotalBkg
>> Doing prefit: ch21,TotalSig
>> Doing prefit: ch21,TotalProcs
>> Doing prefit: ch22,Rares
>> Doing prefit: ch22,TTW_lep2_pt_bin0
>> Doing prefit: ch22,TTW_lep2_pt_bin1
>> Doing prefit: ch22,TTW_lep2_pt_bin2
>> Doing prefit: ch22,TTW_ooa
>> Doing prefit: ch22,TTZ
>> Doing prefit: ch22,VVV
>> Doing prefit: ch22,WZ
>> Doing prefit: ch22,data_fakes
>> Doing prefit: ch22,tHW
>> Doing prefit: ch22,tHq
>> Doing prefit: ch22,tZq
>> Doing prefit: ch22,ttH
>> Doing prefit: ch22,ttVV
>> Doing prefit: ch22,TotalBkg
>> Doing prefit: ch22,TotalSig
>> Doing prefit: ch22,TotalProcs
>> Doing prefit: ch23,Convs
>> Doing prefit: ch23,Rares
>> Doing prefit: ch23,TTW_lep2_pt_bin0
>> Doing prefit: ch23,TTW_lep2_pt_bin1
>> Doing prefit: ch23,TTW_lep2_pt_bin2
>> Doing prefit: ch23,TTW_ooa
>> Doing prefit: ch23,TTZ
>> Doing prefit: ch23,VVV
>> Doing prefit: ch23,WZ
>> Doing prefit: ch23,ZZ
>> Doing prefit: ch23,data_fakes
>> Doing prefit: ch23,data_flips
>> Doing prefit: ch23,tHW
>> Doing prefit: ch23,tHq
>> Doing prefit: ch23,tZq
>> Doing prefit: ch23,ttH
>> Doing prefit: ch23,ttVV
>> Doing prefit: ch23,TotalBkg
>> Doing prefit: ch23,TotalSig
>> Doing prefit: ch23,TotalProcs
>> Doing prefit: ch24,Rares
>> Doing prefit: ch24,TTW_lep2_pt_bin0
>> Doing prefit: ch24,TTW_lep2_pt_bin1
>> Doing prefit: ch24,TTW_lep2_pt_bin2
>> Doing prefit: ch24,TTW_ooa
>> Doing prefit: ch24,TTZ
>> Doing prefit: ch24,VVV
>> Doing prefit: ch24,WZ
>> Doing prefit: ch24,ZZ
>> Doing prefit: ch24,data_fakes
>> Doing prefit: ch24,tHW
>> Doing prefit: ch24,tHq
>> Doing prefit: ch24,tZq
>> Doing prefit: ch24,ttH
>> Doing prefit: ch24,ttVV
>> Doing prefit: ch24,TotalBkg
>> Doing prefit: ch24,TotalSig
>> Doing prefit: ch24,TotalProcs
>> Doing prefit: ch25,Convs
>> Doing prefit: ch25,Rares
>> Doing prefit: ch25,TTW_inclusive
>> Doing prefit: ch25,TTZ
>> Doing prefit: ch25,VVV
>> Doing prefit: ch25,WZ
>> Doing prefit: ch25,ZZ
>> Doing prefit: ch25,data_fakes
>> Doing prefit: ch25,tHq
>> Doing prefit: ch25,tZq
>> Doing prefit: ch25,ttH
>> Doing prefit: ch25,ttVV
>> Doing prefit: ch25,TotalBkg
>> Doing prefit: ch25,TotalSig
>> Doing prefit: ch25,TotalProcs
>> Doing prefit: ch26,Rares
>> Doing prefit: ch26,TTW_inclusive
>> Doing prefit: ch26,TTZ
>> Doing prefit: ch26,VVV
>> Doing prefit: ch26,WZ
>> Doing prefit: ch26,ZZ
>> Doing prefit: ch26,data_fakes
>> Doing prefit: ch26,tHW
>> Doing prefit: ch26,tHq
>> Doing prefit: ch26,tZq
>> Doing prefit: ch26,ttH
>> Doing prefit: ch26,ttVV
>> Doing prefit: ch26,TotalBkg
>> Doing prefit: ch26,TotalSig
>> Doing prefit: ch26,TotalProcs
>> Doing prefit: ch27,Convs
>> Doing prefit: ch27,Rares
>> Doing prefit: ch27,TTW_inclusive
>> Doing prefit: ch27,TTZ
>> Doing prefit: ch27,VVV
>> Doing prefit: ch27,WZ
>> Doing prefit: ch27,ZZ
>> Doing prefit: ch27,data_fakes
>> Doing prefit: ch27,tHW
>> Doing prefit: ch27,tHq
>> Doing prefit: ch27,tZq
>> Doing prefit: ch27,ttH
>> Doing prefit: ch27,ttVV
>> Doing prefit: ch27,TotalBkg
>> Doing prefit: ch27,TotalSig
>> Doing prefit: ch27,TotalProcs
>> Doing prefit: ch28,Rares
>> Doing prefit: ch28,TTW_inclusive
>> Doing prefit: ch28,TTZ
>> Doing prefit: ch28,VVV
>> Doing prefit: ch28,WZ
>> Doing prefit: ch28,ZZ
>> Doing prefit: ch28,data_fakes
>> Doing prefit: ch28,tHW
>> Doing prefit: ch28,tHq
>> Doing prefit: ch28,tZq
>> Doing prefit: ch28,ttH
>> Doing prefit: ch28,ttVV
>> Doing prefit: ch28,TotalBkg
>> Doing prefit: ch28,TotalSig
>> Doing prefit: ch28,TotalProcs
>> Doing prefit: ch29,Convs
>> Doing prefit: ch29,Rares
>> Doing prefit: ch29,TTW_inclusive
>> Doing prefit: ch29,TTZ
>> Doing prefit: ch29,VVV
>> Doing prefit: ch29,WZ
>> Doing prefit: ch29,ZZ
>> Doing prefit: ch29,data_fakes
>> Doing prefit: ch29,tHq
>> Doing prefit: ch29,tZq
>> Doing prefit: ch29,ttH
>> Doing prefit: ch29,ttVV
>> Doing prefit: ch29,TotalBkg
>> Doing prefit: ch29,TotalSig
>> Doing prefit: ch29,TotalProcs
>> Doing prefit: ch3,Rares
>> Doing prefit: ch3,TTW_lep2_pt_bin0
>> Doing prefit: ch3,TTW_lep2_pt_bin1
>> Doing prefit: ch3,TTW_lep2_pt_bin2
>> Doing prefit: ch3,TTW_ooa
>> Doing prefit: ch3,TTZ
>> Doing prefit: ch3,VVV
>> Doing prefit: ch3,WZ
>> Doing prefit: ch3,ZZ
>> Doing prefit: ch3,data_fakes
>> Doing prefit: ch3,tHW
>> Doing prefit: ch3,tHq
>> Doing prefit: ch3,tZq
>> Doing prefit: ch3,ttH
>> Doing prefit: ch3,ttVV
>> Doing prefit: ch3,TotalBkg
>> Doing prefit: ch3,TotalSig
>> Doing prefit: ch3,TotalProcs
>> Doing prefit: ch30,Convs
>> Doing prefit: ch30,Rares
>> Doing prefit: ch30,TTW_inclusive
>> Doing prefit: ch30,TTZ
>> Doing prefit: ch30,VVV
>> Doing prefit: ch30,WZ
>> Doing prefit: ch30,ZZ
>> Doing prefit: ch30,data_fakes
>> Doing prefit: ch30,tHW
>> Doing prefit: ch30,tHq
>> Doing prefit: ch30,tZq
>> Doing prefit: ch30,ttH
>> Doing prefit: ch30,ttVV
>> Doing prefit: ch30,TotalBkg
>> Doing prefit: ch30,TotalSig
>> Doing prefit: ch30,TotalProcs
>> Doing prefit: ch31,Convs
>> Doing prefit: ch31,Rares
>> Doing prefit: ch31,TTW_inclusive
>> Doing prefit: ch31,TTZ
>> Doing prefit: ch31,VVV
>> Doing prefit: ch31,WZ
>> Doing prefit: ch31,ZZ
>> Doing prefit: ch31,data_fakes
>> Doing prefit: ch31,tHW
>> Doing prefit: ch31,tHq
>> Doing prefit: ch31,tZq
>> Doing prefit: ch31,ttH
>> Doing prefit: ch31,ttVV
>> Doing prefit: ch31,TotalBkg
>> Doing prefit: ch31,TotalSig
>> Doing prefit: ch31,TotalProcs
>> Doing prefit: ch32,Rares
>> Doing prefit: ch32,TTW_inclusive
>> Doing prefit: ch32,TTZ
>> Doing prefit: ch32,VVV
>> Doing prefit: ch32,WZ
>> Doing prefit: ch32,ZZ
>> Doing prefit: ch32,data_fakes
>> Doing prefit: ch32,tHW
>> Doing prefit: ch32,tHq
>> Doing prefit: ch32,tZq
>> Doing prefit: ch32,ttH
>> Doing prefit: ch32,ttVV
>> Doing prefit: ch32,TotalBkg
>> Doing prefit: ch32,TotalSig
>> Doing prefit: ch32,TotalProcs
>> Doing prefit: ch33,Convs
>> Doing prefit: ch33,Rares
>> Doing prefit: ch33,TTW_inclusive
>> Doing prefit: ch33,TTZ
>> Doing prefit: ch33,VVV
>> Doing prefit: ch33,WZ
>> Doing prefit: ch33,ZZ
>> Doing prefit: ch33,data_fakes
>> Doing prefit: ch33,tHW
>> Doing prefit: ch33,tHq
>> Doing prefit: ch33,tZq
>> Doing prefit: ch33,ttH
>> Doing prefit: ch33,ttVV
>> Doing prefit: ch33,TotalBkg
>> Doing prefit: ch33,TotalSig
>> Doing prefit: ch33,TotalProcs
>> Doing prefit: ch34,Convs
>> Doing prefit: ch34,Rares
>> Doing prefit: ch34,TTW_inclusive
>> Doing prefit: ch34,TTZ
>> Doing prefit: ch34,VVV
>> Doing prefit: ch34,WZ
>> Doing prefit: ch34,ZZ
>> Doing prefit: ch34,data_fakes
>> Doing prefit: ch34,tHW
>> Doing prefit: ch34,tHq
>> Doing prefit: ch34,tZq
>> Doing prefit: ch34,ttH
>> Doing prefit: ch34,ttVV
>> Doing prefit: ch34,TotalBkg
>> Doing prefit: ch34,TotalSig
>> Doing prefit: ch34,TotalProcs
>> Doing prefit: ch35,Convs
>> Doing prefit: ch35,Rares
>> Doing prefit: ch35,TTW_inclusive
>> Doing prefit: ch35,TTZ
>> Doing prefit: ch35,VVV
>> Doing prefit: ch35,WZ
>> Doing prefit: ch35,ZZ
>> Doing prefit: ch35,data_fakes
>> Doing prefit: ch35,tHW
>> Doing prefit: ch35,tHq
>> Doing prefit: ch35,tZq
>> Doing prefit: ch35,ttH
>> Doing prefit: ch35,ttVV
>> Doing prefit: ch35,TotalBkg
>> Doing prefit: ch35,TotalSig
>> Doing prefit: ch35,TotalProcs
>> Doing prefit: ch36,Rares
>> Doing prefit: ch36,TTW_inclusive
>> Doing prefit: ch36,TTZ
>> Doing prefit: ch36,VVV
>> Doing prefit: ch36,WZ
>> Doing prefit: ch36,ZZ
>> Doing prefit: ch36,data_fakes
>> Doing prefit: ch36,tHW
>> Doing prefit: ch36,tHq
>> Doing prefit: ch36,tZq
>> Doing prefit: ch36,ttH
>> Doing prefit: ch36,ttVV
>> Doing prefit: ch36,TotalBkg
>> Doing prefit: ch36,TotalSig
>> Doing prefit: ch36,TotalProcs
>> Doing prefit: ch37,Convs
>> Doing prefit: ch37,Rares
>> Doing prefit: ch37,TTW_inclusive
>> Doing prefit: ch37,TTZ
>> Doing prefit: ch37,VVV
>> Doing prefit: ch37,WZ
>> Doing prefit: ch37,ZZ
>> Doing prefit: ch37,data_fakes
>> Doing prefit: ch37,tHW
>> Doing prefit: ch37,tHq
>> Doing prefit: ch37,tZq
>> Doing prefit: ch37,ttH
>> Doing prefit: ch37,ttVV
>> Doing prefit: ch37,TotalBkg
>> Doing prefit: ch37,TotalSig
>> Doing prefit: ch37,TotalProcs
>> Doing prefit: ch38,Convs
>> Doing prefit: ch38,Rares
>> Doing prefit: ch38,TTW_inclusive
>> Doing prefit: ch38,TTZ
>> Doing prefit: ch38,VVV
>> Doing prefit: ch38,WZ
>> Doing prefit: ch38,ZZ
>> Doing prefit: ch38,data_fakes
>> Doing prefit: ch38,tHW
>> Doing prefit: ch38,tHq
>> Doing prefit: ch38,tZq
>> Doing prefit: ch38,ttH
>> Doing prefit: ch38,ttVV
>> Doing prefit: ch38,TotalBkg
>> Doing prefit: ch38,TotalSig
>> Doing prefit: ch38,TotalProcs
>> Doing prefit: ch39,Convs
>> Doing prefit: ch39,Rares
>> Doing prefit: ch39,TTW_inclusive
>> Doing prefit: ch39,TTZ
>> Doing prefit: ch39,VVV
>> Doing prefit: ch39,WZ
>> Doing prefit: ch39,ZZ
>> Doing prefit: ch39,data_fakes
>> Doing prefit: ch39,tHW
>> Doing prefit: ch39,tHq
>> Doing prefit: ch39,tZq
>> Doing prefit: ch39,ttH
>> Doing prefit: ch39,ttVV
>> Doing prefit: ch39,TotalBkg
>> Doing prefit: ch39,TotalSig
>> Doing prefit: ch39,TotalProcs
>> Doing prefit: ch4,Convs
>> Doing prefit: ch4,Rares
>> Doing prefit: ch4,TTW_lep2_pt_bin0
>> Doing prefit: ch4,TTW_lep2_pt_bin1
>> Doing prefit: ch4,TTW_lep2_pt_bin2
>> Doing prefit: ch4,TTW_ooa
>> Doing prefit: ch4,TTZ
>> Doing prefit: ch4,VVV
>> Doing prefit: ch4,WZ
>> Doing prefit: ch4,ZZ
>> Doing prefit: ch4,data_fakes
>> Doing prefit: ch4,data_flips
>> Doing prefit: ch4,tHW
>> Doing prefit: ch4,tHq
>> Doing prefit: ch4,tZq
>> Doing prefit: ch4,ttH
>> Doing prefit: ch4,ttVV
>> Doing prefit: ch4,TotalBkg
>> Doing prefit: ch4,TotalSig
>> Doing prefit: ch4,TotalProcs
>> Doing prefit: ch40,Rares
>> Doing prefit: ch40,TTW_inclusive
>> Doing prefit: ch40,TTZ
>> Doing prefit: ch40,VVV
>> Doing prefit: ch40,WZ
>> Doing prefit: ch40,ZZ
>> Doing prefit: ch40,data_fakes
>> Doing prefit: ch40,tHW
>> Doing prefit: ch40,tHq
>> Doing prefit: ch40,tZq
>> Doing prefit: ch40,ttH
>> Doing prefit: ch40,ttVV
>> Doing prefit: ch40,TotalBkg
>> Doing prefit: ch40,TotalSig
>> Doing prefit: ch40,TotalProcs
>> Doing prefit: ch41,MC_fakes
>> Doing prefit: ch41,Rares
>> Doing prefit: ch41,TTZ
>> Doing prefit: ch41,WZ
>> Doing prefit: ch41,ZZ
>> Doing prefit: ch41,ttH
>> Doing prefit: ch41,TotalBkg
>> Doing prefit: ch41,TotalSig
>> Doing prefit: ch41,TotalProcs
>> Doing prefit: ch42,Convs
>> Doing prefit: ch42,MC_fakes
>> Doing prefit: ch42,Rares
>> Doing prefit: ch42,TTZ
>> Doing prefit: ch42,WZ
>> Doing prefit: ch42,ZZ
>> Doing prefit: ch42,ttH
>> Doing prefit: ch42,TotalBkg
>> Doing prefit: ch42,TotalSig
>> Doing prefit: ch42,TotalProcs
>> Doing prefit: ch43,Convs
>> Doing prefit: ch43,MC_fakes
>> Doing prefit: ch43,Rares
>> Doing prefit: ch43,TTWW
>> Doing prefit: ch43,TTZ
>> Doing prefit: ch43,WZ
>> Doing prefit: ch43,ZZ
>> Doing prefit: ch43,ttH
>> Doing prefit: ch43,TotalBkg
>> Doing prefit: ch43,TotalSig
>> Doing prefit: ch43,TotalProcs
>> Doing prefit: ch44,Convs
>> Doing prefit: ch44,MC_fakes
>> Doing prefit: ch44,Rares
>> Doing prefit: ch44,TTWW
>> Doing prefit: ch44,TTZ
>> Doing prefit: ch44,WZ
>> Doing prefit: ch44,ZZ
>> Doing prefit: ch44,tHW
>> Doing prefit: ch44,ttH
>> Doing prefit: ch44,TotalBkg
>> Doing prefit: ch44,TotalSig
>> Doing prefit: ch44,TotalProcs
>> Doing prefit: ch5,Rares
>> Doing prefit: ch5,TTW_lep2_pt_bin0
>> Doing prefit: ch5,TTW_lep2_pt_bin1
>> Doing prefit: ch5,TTW_lep2_pt_bin2
>> Doing prefit: ch5,TTW_ooa
>> Doing prefit: ch5,TTZ
>> Doing prefit: ch5,VVV
>> Doing prefit: ch5,WZ
>> Doing prefit: ch5,ZZ
>> Doing prefit: ch5,data_fakes
>> Doing prefit: ch5,tHW
>> Doing prefit: ch5,tHq
>> Doing prefit: ch5,tZq
>> Doing prefit: ch5,ttH
>> Doing prefit: ch5,ttVV
>> Doing prefit: ch5,TotalBkg
>> Doing prefit: ch5,TotalSig
>> Doing prefit: ch5,TotalProcs
>> Doing prefit: ch6,Convs
>> Doing prefit: ch6,Rares
>> Doing prefit: ch6,TTW_lep2_pt_bin0
>> Doing prefit: ch6,TTW_lep2_pt_bin1
>> Doing prefit: ch6,TTW_lep2_pt_bin2
>> Doing prefit: ch6,TTW_ooa
>> Doing prefit: ch6,TTZ
>> Doing prefit: ch6,VVV
>> Doing prefit: ch6,WZ
>> Doing prefit: ch6,ZZ
>> Doing prefit: ch6,data_fakes
>> Doing prefit: ch6,data_flips
>> Doing prefit: ch6,tHW
>> Doing prefit: ch6,tHq
>> Doing prefit: ch6,tZq
>> Doing prefit: ch6,ttH
>> Doing prefit: ch6,ttVV
>> Doing prefit: ch6,TotalBkg
>> Doing prefit: ch6,TotalSig
>> Doing prefit: ch6,TotalProcs
>> Doing prefit: ch7,Convs
>> Doing prefit: ch7,Rares
>> Doing prefit: ch7,TTW_lep2_pt_bin0
>> Doing prefit: ch7,TTW_lep2_pt_bin1
>> Doing prefit: ch7,TTW_lep2_pt_bin2
>> Doing prefit: ch7,TTW_ooa
>> Doing prefit: ch7,TTZ
>> Doing prefit: ch7,VVV
>> Doing prefit: ch7,WZ
>> Doing prefit: ch7,ZZ
>> Doing prefit: ch7,data_fakes
>> Doing prefit: ch7,data_flips
>> Doing prefit: ch7,tHW
>> Doing prefit: ch7,tHq
>> Doing prefit: ch7,tZq
>> Doing prefit: ch7,ttH
>> Doing prefit: ch7,ttVV
>> Doing prefit: ch7,TotalBkg
>> Doing prefit: ch7,TotalSig
>> Doing prefit: ch7,TotalProcs
>> Doing prefit: ch8,Convs
>> Doing prefit: ch8,Rares
>> Doing prefit: ch8,TTW_lep2_pt_bin0
>> Doing prefit: ch8,TTW_lep2_pt_bin1
>> Doing prefit: ch8,TTW_lep2_pt_bin2
>> Doing prefit: ch8,TTW_ooa
>> Doing prefit: ch8,TTZ
>> Doing prefit: ch8,VVV
>> Doing prefit: ch8,WZ
>> Doing prefit: ch8,ZZ
>> Doing prefit: ch8,data_fakes
>> Doing prefit: ch8,data_flips
>> Doing prefit: ch8,tHW
>> Doing prefit: ch8,tHq
>> Doing prefit: ch8,tZq
>> Doing prefit: ch8,ttH
>> Doing prefit: ch8,ttVV
>> Doing prefit: ch8,TotalBkg
>> Doing prefit: ch8,TotalSig
>> Doing prefit: ch8,TotalProcs
>> Doing prefit: ch9,Convs
>> Doing prefit: ch9,Rares
>> Doing prefit: ch9,TTW_lep2_pt_bin0
>> Doing prefit: ch9,TTW_lep2_pt_bin1
>> Doing prefit: ch9,TTW_lep2_pt_bin2
>> Doing prefit: ch9,TTW_ooa
>> Doing prefit: ch9,TTZ
>> Doing prefit: ch9,VVV
>> Doing prefit: ch9,WZ
>> Doing prefit: ch9,ZZ
>> Doing prefit: ch9,data_fakes
>> Doing prefit: ch9,data_flips
>> Doing prefit: ch9,tHW
>> Doing prefit: ch9,tHq
>> Doing prefit: ch9,tZq
>> Doing prefit: ch9,ttH
>> Doing prefit: ch9,ttVV
>> Doing prefit: ch9,TotalBkg
>> Doing prefit: ch9,TotalSig
>> Doing prefit: ch9,TotalProcs
Bin                       Total relative bkg uncert. (prefit)
----------------------------------------------------------
ch1                       0.11942   
ch10                      0.15300   
ch11                      0.14097   
ch12                      0.16721   
ch13                      0.14883   
ch14                      0.10751   
ch15                      0.11703   
ch16                      0.14917   
ch17                      0.12489   
ch18                      0.15599   
ch19                      0.12530   
ch2                       0.13324   
ch20                      0.17502   
ch21                      0.16311   
ch22                      0.12251   
ch23                      0.14621   
ch24                      0.14555   
ch25                      0.17141   
ch26                      0.15950   
ch27                      0.15218   
ch28                      0.15210   
ch29                      0.16433   
ch3                       0.14537   
ch30                      0.15370   
ch31                      0.14967   
ch32                      0.14932   
ch33                      0.16386   
ch34                      0.15532   
ch35                      0.15306   
ch36                      0.15213   
ch37                      0.16964   
ch38                      0.15828   
ch39                      0.15478   
ch4                       0.15241   
ch40                      0.15291   
ch41                      0.11007   
ch42                      0.11217   
ch43                      0.11281   
ch44                      0.11255   
ch5                       0.20747   
ch6                       0.11440   
ch7                       0.11986   
ch8                       0.18694   
ch9                       0.10906   
>> Doing postfit: TotalBkg
>> Doing postfit: TotalSig
>> Doing postfit: TotalProcs
Info in <TH1F::Add>: Attempt to add histograms with different number of bins - trying to use TH1::Merge
Error in <Merge>: Cannot merge histograms - limits are inconsistent:
 first: x_data_obs (6, 15.000000, 100.000000), second: x_data_obs (12, 0.500000, 12.500000)
Info in <TH1F::Add>: Attempt to add histograms with different number of bins - trying to use TH1::Merge
Error in <Merge>: Cannot merge histograms - limits are inconsistent:
 first: x_data_obs (6, 15.000000, 100.000000), second: x_data_obs (12, 0.500000, 12.500000)
Info in <TH1F::Add>: Attempt to add histograms with different number of bins - trying to use TH1::Merge
Error in <Merge>: Cannot merge histograms - limits are inconsistent:
 first: x_data_obs (6, 15.000000, 100.000000), second: x_data_obs (12, 0.500000, 12.500000)
Info in <TH1F::Add>: Attempt to add histograms with different number of bins - trying to use TH1::Merge
Error in <Merge>: Cannot merge histograms - limits are inconsistent:
 first: x_data_obs (6, 15.000000, 100.000000), second: x_data_obs (12, 0.500000, 12.500000)
Info in <TH1F::Add>: Attempt to add histograms with different number of bins - trying to use TH1::Merge
Error in <Merge>: Cannot merge histograms - limits are inconsistent:
 first: x_data_obs (6, 15.000000, 100.000000), second: x_data_obs (12, 0.500000, 12.500000)
Info in <TH1F::Add>: Attempt to add histograms with different number of bins - trying to use TH1::Merge
Error in <Merge>: Cannot merge histograms - limits are inconsistent:
 first: x_data_obs (6, 15.000000, 100.000000), second: x_data_obs (12, 0.500000, 12.500000)
Info in <TH1F::Add>: Attempt to add histograms with different number of bins - trying to use TH1::Merge
Error in <Merge>: Cannot merge histograms - limits are inconsistent:
 first: x_data_obs (6, 15.000000, 100.000000), second: x_data_obs (12, 0.500000, 12.500000)
Info in <TH1F::Add>: Attempt to add histograms with different number of bins - trying to use TH1::Merge
Error in <Merge>: Cannot merge histograms - limits are inconsistent:
 first: x_data_obs (6, 15.000000, 100.000000), second: x_data_obs (12, 0.500000, 12.500000)
Info in <TH1F::Add>: Attempt to add histograms with different number of bins - trying to use TH1::Merge
Error in <Merge>: Cannot merge histograms - limits are inconsistent:
 first: x_data_obs (6, 15.000000, 100.000000), second: x_data_obs (12, 0.500000, 12.500000)
Info in <TH1F::Add>: Attempt to add histograms with different number of bins - trying to use TH1::Merge
Error in <Merge>: Cannot merge histograms - limits are inconsistent:
 first: x_data_obs (6, 15.000000, 100.000000), second: x_data_obs (12, 0.500000, 12.500000)
Info in <TH1F::Add>: Attempt to add histograms with different number of bins - trying to use TH1::Merge
Error in <Merge>: Cannot merge histograms - limits are inconsistent:
 first: x_data_obs (6, 15.000000, 100.000000), second: x_data_obs (12, 0.500000, 12.500000)
Info in <TH1F::Add>: Attempt to add histograms with different number of bins - trying to use TH1::Merge
Error in <Merge>: Cannot merge histograms - limits are inconsistent:
 first: x_data_obs (6, 15.000000, 100.000000), second: x_data_obs (12, 0.500000, 12.500000)
Info in <TH1F::Add>: Attempt to add histograms with different number of bins - trying to use TH1::Merge
Error in <Merge>: Cannot merge histograms - limits are inconsistent:
 first: x_data_obs (6, 15.000000, 100.000000), second: x_data_obs (12, 0.500000, 12.500000)
Info in <TH1F::Add>: Attempt to add histograms with different number of bins - trying to use TH1::Merge
Error in <Merge>: Cannot merge histograms - limits are inconsistent:
 first: x_data_obs (6, 15.000000, 100.000000), second: x_data_obs (12, 0.500000, 12.500000)
Info in <TH1F::Add>: Attempt to add histograms with different number of bins - trying to use TH1::Merge
Error in <Merge>: Cannot merge histograms - limits are inconsistent:
 first: x_data_obs (6, 15.000000, 100.000000), second: x_data_obs (12, 0.500000, 12.500000)
Info in <TH1F::Add>: Attempt to add histograms with different number of bins - trying to use TH1::Merge
Error in <Merge>: Cannot merge histograms - limits are inconsistent:
 first: x_data_obs (6, 15.000000, 100.000000), second: x_data_obs (12, 0.500000, 12.500000)
Info in <TH1F::Add>: Attempt to add histograms with different number of bins - trying to use TH1::Merge
Error in <Merge>: Cannot merge histograms - limits are inconsistent:
 first: x_data_obs (6, 15.000000, 100.000000), second: x_data_obs (4, 0.500000, 4.500000)
Info in <TH1F::Add>: Attempt to add histograms with different number of bins - trying to use TH1::Merge
Error in <Merge>: Cannot merge histograms - limits are inconsistent:
 first: x_data_obs (6, 15.000000, 100.000000), second: x_data_obs (4, 0.500000, 4.500000)
Info in <TH1F::Add>: Attempt to add histograms with different number of bins - trying to use TH1::Merge
Error in <Merge>: Cannot merge histograms - limits are inconsistent:
 first: x_data_obs (6, 15.000000, 100.000000), second: x_data_obs (4, 0.500000, 4.500000)
Info in <TH1F::Add>: Attempt to add histograms with different number of bins - trying to use TH1::Merge
Error in <Merge>: Cannot merge histograms - limits are inconsistent:
 first: x_data_obs (6, 15.000000, 100.000000), second: x_data_obs (4, 0.500000, 4.500000)
>> Doing postfit: ch1,Convs
>> Doing postfit: ch1,Rares
>> Doing postfit: ch1,TTW_lep2_pt_bin0
>> Doing postfit: ch1,TTW_lep2_pt_bin1
>> Doing postfit: ch1,TTW_lep2_pt_bin2
>> Doing postfit: ch1,TTW_ooa
>> Doing postfit: ch1,TTZ
>> Doing postfit: ch1,VVV
>> Doing postfit: ch1,WZ
>> Doing postfit: ch1,ZZ
>> Doing postfit: ch1,data_fakes
>> Doing postfit: ch1,data_flips
>> Doing postfit: ch1,tHW
>> Doing postfit: ch1,tHq
>> Doing postfit: ch1,tZq
>> Doing postfit: ch1,ttH
>> Doing postfit: ch1,ttVV
>> Doing postfit: ch1,TotalBkg
>> Doing postfit: ch1,TotalSig
>> Doing postfit: ch1,TotalProcs
>> Doing postfit: ch10,Rares
>> Doing postfit: ch10,TTW_lep2_pt_bin0
>> Doing postfit: ch10,TTW_lep2_pt_bin1
>> Doing postfit: ch10,TTW_lep2_pt_bin2
>> Doing postfit: ch10,TTW_ooa
>> Doing postfit: ch10,TTZ
>> Doing postfit: ch10,VVV
>> Doing postfit: ch10,WZ
>> Doing postfit: ch10,ZZ
>> Doing postfit: ch10,data_fakes
>> Doing postfit: ch10,tHW
>> Doing postfit: ch10,tHq
>> Doing postfit: ch10,tZq
>> Doing postfit: ch10,ttH
>> Doing postfit: ch10,ttVV
>> Doing postfit: ch10,TotalBkg
>> Doing postfit: ch10,TotalSig
>> Doing postfit: ch10,TotalProcs
>> Doing postfit: ch11,Rares
>> Doing postfit: ch11,TTW_lep2_pt_bin0
>> Doing postfit: ch11,TTW_lep2_pt_bin1
>> Doing postfit: ch11,TTW_lep2_pt_bin2
>> Doing postfit: ch11,TTW_ooa
>> Doing postfit: ch11,TTZ
>> Doing postfit: ch11,VVV
>> Doing postfit: ch11,WZ
>> Doing postfit: ch11,ZZ
>> Doing postfit: ch11,data_fakes
>> Doing postfit: ch11,tHW
>> Doing postfit: ch11,tHq
>> Doing postfit: ch11,tZq
>> Doing postfit: ch11,ttH
>> Doing postfit: ch11,ttVV
>> Doing postfit: ch11,TotalBkg
>> Doing postfit: ch11,TotalSig
>> Doing postfit: ch11,TotalProcs
>> Doing postfit: ch12,Convs
>> Doing postfit: ch12,Rares
>> Doing postfit: ch12,TTW_lep2_pt_bin0
>> Doing postfit: ch12,TTW_lep2_pt_bin1
>> Doing postfit: ch12,TTW_lep2_pt_bin2
>> Doing postfit: ch12,TTW_ooa
>> Doing postfit: ch12,TTZ
>> Doing postfit: ch12,VVV
>> Doing postfit: ch12,WZ
>> Doing postfit: ch12,ZZ
>> Doing postfit: ch12,data_fakes
>> Doing postfit: ch12,data_flips
>> Doing postfit: ch12,tHW
>> Doing postfit: ch12,tHq
>> Doing postfit: ch12,tZq
>> Doing postfit: ch12,ttH
>> Doing postfit: ch12,ttVV
>> Doing postfit: ch12,TotalBkg
>> Doing postfit: ch12,TotalSig
>> Doing postfit: ch12,TotalProcs
>> Doing postfit: ch13,Convs
>> Doing postfit: ch13,Rares
>> Doing postfit: ch13,TTW_lep2_pt_bin0
>> Doing postfit: ch13,TTW_lep2_pt_bin1
>> Doing postfit: ch13,TTW_lep2_pt_bin2
>> Doing postfit: ch13,TTW_ooa
>> Doing postfit: ch13,TTZ
>> Doing postfit: ch13,VVV
>> Doing postfit: ch13,WZ
>> Doing postfit: ch13,ZZ
>> Doing postfit: ch13,data_fakes
>> Doing postfit: ch13,data_flips
>> Doing postfit: ch13,tHW
>> Doing postfit: ch13,tHq
>> Doing postfit: ch13,tZq
>> Doing postfit: ch13,ttH
>> Doing postfit: ch13,ttVV
>> Doing postfit: ch13,TotalBkg
>> Doing postfit: ch13,TotalSig
>> Doing postfit: ch13,TotalProcs
>> Doing postfit: ch14,Convs
>> Doing postfit: ch14,Rares
>> Doing postfit: ch14,TTW_lep2_pt_bin0
>> Doing postfit: ch14,TTW_lep2_pt_bin1
>> Doing postfit: ch14,TTW_lep2_pt_bin2
>> Doing postfit: ch14,TTW_ooa
>> Doing postfit: ch14,TTZ
>> Doing postfit: ch14,VVV
>> Doing postfit: ch14,WZ
>> Doing postfit: ch14,ZZ
>> Doing postfit: ch14,data_fakes
>> Doing postfit: ch14,data_flips
>> Doing postfit: ch14,tHW
>> Doing postfit: ch14,tHq
>> Doing postfit: ch14,tZq
>> Doing postfit: ch14,ttH
>> Doing postfit: ch14,ttVV
>> Doing postfit: ch14,TotalBkg
>> Doing postfit: ch14,TotalSig
>> Doing postfit: ch14,TotalProcs
>> Doing postfit: ch15,Convs
>> Doing postfit: ch15,Rares
>> Doing postfit: ch15,TTW_lep2_pt_bin0
>> Doing postfit: ch15,TTW_lep2_pt_bin1
>> Doing postfit: ch15,TTW_lep2_pt_bin2
>> Doing postfit: ch15,TTW_ooa
>> Doing postfit: ch15,TTZ
>> Doing postfit: ch15,VVV
>> Doing postfit: ch15,WZ
>> Doing postfit: ch15,ZZ
>> Doing postfit: ch15,data_fakes
>> Doing postfit: ch15,data_flips
>> Doing postfit: ch15,tHW
>> Doing postfit: ch15,tHq
>> Doing postfit: ch15,tZq
>> Doing postfit: ch15,ttH
>> Doing postfit: ch15,ttVV
>> Doing postfit: ch15,TotalBkg
>> Doing postfit: ch15,TotalSig
>> Doing postfit: ch15,TotalProcs
>> Doing postfit: ch16,Convs
>> Doing postfit: ch16,Rares
>> Doing postfit: ch16,TTW_lep2_pt_bin0
>> Doing postfit: ch16,TTW_lep2_pt_bin1
>> Doing postfit: ch16,TTW_lep2_pt_bin2
>> Doing postfit: ch16,TTW_ooa
>> Doing postfit: ch16,TTZ
>> Doing postfit: ch16,VVV
>> Doing postfit: ch16,WZ
>> Doing postfit: ch16,ZZ
>> Doing postfit: ch16,data_fakes
>> Doing postfit: ch16,data_flips
>> Doing postfit: ch16,tHW
>> Doing postfit: ch16,tHq
>> Doing postfit: ch16,tZq
>> Doing postfit: ch16,ttH
>> Doing postfit: ch16,ttVV
>> Doing postfit: ch16,TotalBkg
>> Doing postfit: ch16,TotalSig
>> Doing postfit: ch16,TotalProcs
>> Doing postfit: ch17,Convs
>> Doing postfit: ch17,Rares
>> Doing postfit: ch17,TTW_lep2_pt_bin0
>> Doing postfit: ch17,TTW_lep2_pt_bin1
>> Doing postfit: ch17,TTW_lep2_pt_bin2
>> Doing postfit: ch17,TTW_ooa
>> Doing postfit: ch17,TTZ
>> Doing postfit: ch17,VVV
>> Doing postfit: ch17,WZ
>> Doing postfit: ch17,ZZ
>> Doing postfit: ch17,data_fakes
>> Doing postfit: ch17,data_flips
>> Doing postfit: ch17,tHW
>> Doing postfit: ch17,tHq
>> Doing postfit: ch17,tZq
>> Doing postfit: ch17,ttH
>> Doing postfit: ch17,ttVV
>> Doing postfit: ch17,TotalBkg
>> Doing postfit: ch17,TotalSig
>> Doing postfit: ch17,TotalProcs
>> Doing postfit: ch18,Rares
>> Doing postfit: ch18,TTW_lep2_pt_bin0
>> Doing postfit: ch18,TTW_lep2_pt_bin1
>> Doing postfit: ch18,TTW_lep2_pt_bin2
>> Doing postfit: ch18,TTW_ooa
>> Doing postfit: ch18,TTZ
>> Doing postfit: ch18,VVV
>> Doing postfit: ch18,WZ
>> Doing postfit: ch18,ZZ
>> Doing postfit: ch18,data_fakes
>> Doing postfit: ch18,tHW
>> Doing postfit: ch18,tHq
>> Doing postfit: ch18,tZq
>> Doing postfit: ch18,ttH
>> Doing postfit: ch18,ttVV
>> Doing postfit: ch18,TotalBkg
>> Doing postfit: ch18,TotalSig
>> Doing postfit: ch18,TotalProcs
>> Doing postfit: ch19,Convs
>> Doing postfit: ch19,Rares
>> Doing postfit: ch19,TTW_lep2_pt_bin0
>> Doing postfit: ch19,TTW_lep2_pt_bin1
>> Doing postfit: ch19,TTW_lep2_pt_bin2
>> Doing postfit: ch19,TTW_ooa
>> Doing postfit: ch19,TTZ
>> Doing postfit: ch19,VVV
>> Doing postfit: ch19,WZ
>> Doing postfit: ch19,ZZ
>> Doing postfit: ch19,data_fakes
>> Doing postfit: ch19,data_flips
>> Doing postfit: ch19,tHW
>> Doing postfit: ch19,tHq
>> Doing postfit: ch19,tZq
>> Doing postfit: ch19,ttH
>> Doing postfit: ch19,ttVV
>> Doing postfit: ch19,TotalBkg
>> Doing postfit: ch19,TotalSig
>> Doing postfit: ch19,TotalProcs
>> Doing postfit: ch2,Convs
>> Doing postfit: ch2,Rares
>> Doing postfit: ch2,TTW_lep2_pt_bin0
>> Doing postfit: ch2,TTW_lep2_pt_bin1
>> Doing postfit: ch2,TTW_lep2_pt_bin2
>> Doing postfit: ch2,TTW_ooa
>> Doing postfit: ch2,TTZ
>> Doing postfit: ch2,VVV
>> Doing postfit: ch2,WZ
>> Doing postfit: ch2,ZZ
>> Doing postfit: ch2,data_fakes
>> Doing postfit: ch2,data_flips
>> Doing postfit: ch2,tHW
>> Doing postfit: ch2,tHq
>> Doing postfit: ch2,tZq
>> Doing postfit: ch2,ttH
>> Doing postfit: ch2,ttVV
>> Doing postfit: ch2,TotalBkg
>> Doing postfit: ch2,TotalSig
>> Doing postfit: ch2,TotalProcs
>> Doing postfit: ch20,Rares
>> Doing postfit: ch20,TTW_lep2_pt_bin0
>> Doing postfit: ch20,TTW_lep2_pt_bin1
>> Doing postfit: ch20,TTW_lep2_pt_bin2
>> Doing postfit: ch20,TTW_ooa
>> Doing postfit: ch20,TTZ
>> Doing postfit: ch20,VVV
>> Doing postfit: ch20,WZ
>> Doing postfit: ch20,ZZ
>> Doing postfit: ch20,data_fakes
>> Doing postfit: ch20,tHW
>> Doing postfit: ch20,tHq
>> Doing postfit: ch20,tZq
>> Doing postfit: ch20,ttH
>> Doing postfit: ch20,ttVV
>> Doing postfit: ch20,TotalBkg
>> Doing postfit: ch20,TotalSig
>> Doing postfit: ch20,TotalProcs
>> Doing postfit: ch21,Convs
>> Doing postfit: ch21,Rares
>> Doing postfit: ch21,TTW_lep2_pt_bin0
>> Doing postfit: ch21,TTW_lep2_pt_bin1
>> Doing postfit: ch21,TTW_lep2_pt_bin2
>> Doing postfit: ch21,TTW_ooa
>> Doing postfit: ch21,TTZ
>> Doing postfit: ch21,VVV
>> Doing postfit: ch21,WZ
>> Doing postfit: ch21,ZZ
>> Doing postfit: ch21,data_fakes
>> Doing postfit: ch21,data_flips
>> Doing postfit: ch21,tHW
>> Doing postfit: ch21,tHq
>> Doing postfit: ch21,tZq
>> Doing postfit: ch21,ttH
>> Doing postfit: ch21,ttVV
>> Doing postfit: ch21,TotalBkg
>> Doing postfit: ch21,TotalSig
>> Doing postfit: ch21,TotalProcs
>> Doing postfit: ch22,Rares
>> Doing postfit: ch22,TTW_lep2_pt_bin0
>> Doing postfit: ch22,TTW_lep2_pt_bin1
>> Doing postfit: ch22,TTW_lep2_pt_bin2
>> Doing postfit: ch22,TTW_ooa
>> Doing postfit: ch22,TTZ
>> Doing postfit: ch22,VVV
>> Doing postfit: ch22,WZ
>> Doing postfit: ch22,data_fakes
>> Doing postfit: ch22,tHW
>> Doing postfit: ch22,tHq
>> Doing postfit: ch22,tZq
>> Doing postfit: ch22,ttH
>> Doing postfit: ch22,ttVV
>> Doing postfit: ch22,TotalBkg
>> Doing postfit: ch22,TotalSig
>> Doing postfit: ch22,TotalProcs
>> Doing postfit: ch23,Convs
>> Doing postfit: ch23,Rares
>> Doing postfit: ch23,TTW_lep2_pt_bin0
>> Doing postfit: ch23,TTW_lep2_pt_bin1
>> Doing postfit: ch23,TTW_lep2_pt_bin2
>> Doing postfit: ch23,TTW_ooa
>> Doing postfit: ch23,TTZ
>> Doing postfit: ch23,VVV
>> Doing postfit: ch23,WZ
>> Doing postfit: ch23,ZZ
>> Doing postfit: ch23,data_fakes
>> Doing postfit: ch23,data_flips
>> Doing postfit: ch23,tHW
>> Doing postfit: ch23,tHq
>> Doing postfit: ch23,tZq
>> Doing postfit: ch23,ttH
>> Doing postfit: ch23,ttVV
>> Doing postfit: ch23,TotalBkg
>> Doing postfit: ch23,TotalSig
>> Doing postfit: ch23,TotalProcs
>> Doing postfit: ch24,Rares
>> Doing postfit: ch24,TTW_lep2_pt_bin0
>> Doing postfit: ch24,TTW_lep2_pt_bin1
>> Doing postfit: ch24,TTW_lep2_pt_bin2
>> Doing postfit: ch24,TTW_ooa
>> Doing postfit: ch24,TTZ
>> Doing postfit: ch24,VVV
>> Doing postfit: ch24,WZ
>> Doing postfit: ch24,ZZ
>> Doing postfit: ch24,data_fakes
>> Doing postfit: ch24,tHW
>> Doing postfit: ch24,tHq
>> Doing postfit: ch24,tZq
>> Doing postfit: ch24,ttH
>> Doing postfit: ch24,ttVV
>> Doing postfit: ch24,TotalBkg
>> Doing postfit: ch24,TotalSig
>> Doing postfit: ch24,TotalProcs
>> Doing postfit: ch25,Convs
>> Doing postfit: ch25,Rares
>> Doing postfit: ch25,TTW_inclusive
>> Doing postfit: ch25,TTZ
>> Doing postfit: ch25,VVV
>> Doing postfit: ch25,WZ
>> Doing postfit: ch25,ZZ
>> Doing postfit: ch25,data_fakes
>> Doing postfit: ch25,tHq
>> Doing postfit: ch25,tZq
>> Doing postfit: ch25,ttH
>> Doing postfit: ch25,ttVV
>> Doing postfit: ch25,TotalBkg
>> Doing postfit: ch25,TotalSig
>> Doing postfit: ch25,TotalProcs
>> Doing postfit: ch26,Rares
>> Doing postfit: ch26,TTW_inclusive
>> Doing postfit: ch26,TTZ
>> Doing postfit: ch26,VVV
>> Doing postfit: ch26,WZ
>> Doing postfit: ch26,ZZ
>> Doing postfit: ch26,data_fakes
>> Doing postfit: ch26,tHW
>> Doing postfit: ch26,tHq
>> Doing postfit: ch26,tZq
>> Doing postfit: ch26,ttH
>> Doing postfit: ch26,ttVV
>> Doing postfit: ch26,TotalBkg
>> Doing postfit: ch26,TotalSig
>> Doing postfit: ch26,TotalProcs
>> Doing postfit: ch27,Convs
>> Doing postfit: ch27,Rares
>> Doing postfit: ch27,TTW_inclusive
>> Doing postfit: ch27,TTZ
>> Doing postfit: ch27,VVV
>> Doing postfit: ch27,WZ
>> Doing postfit: ch27,ZZ
>> Doing postfit: ch27,data_fakes
>> Doing postfit: ch27,tHW
>> Doing postfit: ch27,tHq
>> Doing postfit: ch27,tZq
>> Doing postfit: ch27,ttH
>> Doing postfit: ch27,ttVV
>> Doing postfit: ch27,TotalBkg
>> Doing postfit: ch27,TotalSig
>> Doing postfit: ch27,TotalProcs
>> Doing postfit: ch28,Rares
>> Doing postfit: ch28,TTW_inclusive
>> Doing postfit: ch28,TTZ
>> Doing postfit: ch28,VVV
>> Doing postfit: ch28,WZ
>> Doing postfit: ch28,ZZ
>> Doing postfit: ch28,data_fakes
>> Doing postfit: ch28,tHW
>> Doing postfit: ch28,tHq
>> Doing postfit: ch28,tZq
>> Doing postfit: ch28,ttH
>> Doing postfit: ch28,ttVV
>> Doing postfit: ch28,TotalBkg
>> Doing postfit: ch28,TotalSig
>> Doing postfit: ch28,TotalProcs
>> Doing postfit: ch29,Convs
>> Doing postfit: ch29,Rares
>> Doing postfit: ch29,TTW_inclusive
>> Doing postfit: ch29,TTZ
>> Doing postfit: ch29,VVV
>> Doing postfit: ch29,WZ
>> Doing postfit: ch29,ZZ
>> Doing postfit: ch29,data_fakes
>> Doing postfit: ch29,tHq
>> Doing postfit: ch29,tZq
>> Doing postfit: ch29,ttH
>> Doing postfit: ch29,ttVV
>> Doing postfit: ch29,TotalBkg
>> Doing postfit: ch29,TotalSig
>> Doing postfit: ch29,TotalProcs
>> Doing postfit: ch3,Rares
>> Doing postfit: ch3,TTW_lep2_pt_bin0
>> Doing postfit: ch3,TTW_lep2_pt_bin1
>> Doing postfit: ch3,TTW_lep2_pt_bin2
>> Doing postfit: ch3,TTW_ooa
>> Doing postfit: ch3,TTZ
>> Doing postfit: ch3,VVV
>> Doing postfit: ch3,WZ
>> Doing postfit: ch3,ZZ
>> Doing postfit: ch3,data_fakes
>> Doing postfit: ch3,tHW
>> Doing postfit: ch3,tHq
>> Doing postfit: ch3,tZq
>> Doing postfit: ch3,ttH
>> Doing postfit: ch3,ttVV
>> Doing postfit: ch3,TotalBkg
>> Doing postfit: ch3,TotalSig
>> Doing postfit: ch3,TotalProcs
>> Doing postfit: ch30,Convs
>> Doing postfit: ch30,Rares
>> Doing postfit: ch30,TTW_inclusive
>> Doing postfit: ch30,TTZ
>> Doing postfit: ch30,VVV
>> Doing postfit: ch30,WZ
>> Doing postfit: ch30,ZZ
>> Doing postfit: ch30,data_fakes
>> Doing postfit: ch30,tHW
>> Doing postfit: ch30,tHq
>> Doing postfit: ch30,tZq
>> Doing postfit: ch30,ttH
>> Doing postfit: ch30,ttVV
>> Doing postfit: ch30,TotalBkg
>> Doing postfit: ch30,TotalSig
>> Doing postfit: ch30,TotalProcs
>> Doing postfit: ch31,Convs
>> Doing postfit: ch31,Rares
>> Doing postfit: ch31,TTW_inclusive
>> Doing postfit: ch31,TTZ
>> Doing postfit: ch31,VVV
>> Doing postfit: ch31,WZ
>> Doing postfit: ch31,ZZ
>> Doing postfit: ch31,data_fakes
>> Doing postfit: ch31,tHW
>> Doing postfit: ch31,tHq
>> Doing postfit: ch31,tZq
>> Doing postfit: ch31,ttH
>> Doing postfit: ch31,ttVV
>> Doing postfit: ch31,TotalBkg
>> Doing postfit: ch31,TotalSig
>> Doing postfit: ch31,TotalProcs
>> Doing postfit: ch32,Rares
>> Doing postfit: ch32,TTW_inclusive
>> Doing postfit: ch32,TTZ
>> Doing postfit: ch32,VVV
>> Doing postfit: ch32,WZ
>> Doing postfit: ch32,ZZ
>> Doing postfit: ch32,data_fakes
>> Doing postfit: ch32,tHW
>> Doing postfit: ch32,tHq
>> Doing postfit: ch32,tZq
>> Doing postfit: ch32,ttH
>> Doing postfit: ch32,ttVV
>> Doing postfit: ch32,TotalBkg
>> Doing postfit: ch32,TotalSig
>> Doing postfit: ch32,TotalProcs
>> Doing postfit: ch33,Convs
>> Doing postfit: ch33,Rares
>> Doing postfit: ch33,TTW_inclusive
>> Doing postfit: ch33,TTZ
>> Doing postfit: ch33,VVV
>> Doing postfit: ch33,WZ
>> Doing postfit: ch33,ZZ
>> Doing postfit: ch33,data_fakes
>> Doing postfit: ch33,tHW
>> Doing postfit: ch33,tHq
>> Doing postfit: ch33,tZq
>> Doing postfit: ch33,ttH
>> Doing postfit: ch33,ttVV
>> Doing postfit: ch33,TotalBkg
>> Doing postfit: ch33,TotalSig
>> Doing postfit: ch33,TotalProcs
>> Doing postfit: ch34,Convs
>> Doing postfit: ch34,Rares
>> Doing postfit: ch34,TTW_inclusive
>> Doing postfit: ch34,TTZ
>> Doing postfit: ch34,VVV
>> Doing postfit: ch34,WZ
>> Doing postfit: ch34,ZZ
>> Doing postfit: ch34,data_fakes
>> Doing postfit: ch34,tHW
>> Doing postfit: ch34,tHq
>> Doing postfit: ch34,tZq
>> Doing postfit: ch34,ttH
>> Doing postfit: ch34,ttVV
>> Doing postfit: ch34,TotalBkg
>> Doing postfit: ch34,TotalSig
>> Doing postfit: ch34,TotalProcs
>> Doing postfit: ch35,Convs
>> Doing postfit: ch35,Rares
>> Doing postfit: ch35,TTW_inclusive
>> Doing postfit: ch35,TTZ
>> Doing postfit: ch35,VVV
>> Doing postfit: ch35,WZ
>> Doing postfit: ch35,ZZ
>> Doing postfit: ch35,data_fakes
>> Doing postfit: ch35,tHW
>> Doing postfit: ch35,tHq
>> Doing postfit: ch35,tZq
>> Doing postfit: ch35,ttH
>> Doing postfit: ch35,ttVV
>> Doing postfit: ch35,TotalBkg
>> Doing postfit: ch35,TotalSig
>> Doing postfit: ch35,TotalProcs
>> Doing postfit: ch36,Rares
>> Doing postfit: ch36,TTW_inclusive
>> Doing postfit: ch36,TTZ
>> Doing postfit: ch36,VVV
>> Doing postfit: ch36,WZ
>> Doing postfit: ch36,ZZ
>> Doing postfit: ch36,data_fakes
>> Doing postfit: ch36,tHW
>> Doing postfit: ch36,tHq
>> Doing postfit: ch36,tZq
>> Doing postfit: ch36,ttH
>> Doing postfit: ch36,ttVV
>> Doing postfit: ch36,TotalBkg
>> Doing postfit: ch36,TotalSig
>> Doing postfit: ch36,TotalProcs
>> Doing postfit: ch37,Convs
>> Doing postfit: ch37,Rares
>> Doing postfit: ch37,TTW_inclusive
>> Doing postfit: ch37,TTZ
>> Doing postfit: ch37,VVV
>> Doing postfit: ch37,WZ
>> Doing postfit: ch37,ZZ
>> Doing postfit: ch37,data_fakes
>> Doing postfit: ch37,tHW
>> Doing postfit: ch37,tHq
>> Doing postfit: ch37,tZq
>> Doing postfit: ch37,ttH
>> Doing postfit: ch37,ttVV
>> Doing postfit: ch37,TotalBkg
>> Doing postfit: ch37,TotalSig
>> Doing postfit: ch37,TotalProcs
>> Doing postfit: ch38,Convs
>> Doing postfit: ch38,Rares
>> Doing postfit: ch38,TTW_inclusive
>> Doing postfit: ch38,TTZ
>> Doing postfit: ch38,VVV
>> Doing postfit: ch38,WZ
>> Doing postfit: ch38,ZZ
>> Doing postfit: ch38,data_fakes
>> Doing postfit: ch38,tHW
>> Doing postfit: ch38,tHq
>> Doing postfit: ch38,tZq
>> Doing postfit: ch38,ttH
>> Doing postfit: ch38,ttVV
>> Doing postfit: ch38,TotalBkg
>> Doing postfit: ch38,TotalSig
>> Doing postfit: ch38,TotalProcs
>> Doing postfit: ch39,Convs
>> Doing postfit: ch39,Rares
>> Doing postfit: ch39,TTW_inclusive
>> Doing postfit: ch39,TTZ
>> Doing postfit: ch39,VVV
>> Doing postfit: ch39,WZ
>> Doing postfit: ch39,ZZ
>> Doing postfit: ch39,data_fakes
>> Doing postfit: ch39,tHW
>> Doing postfit: ch39,tHq
>> Doing postfit: ch39,tZq
>> Doing postfit: ch39,ttH
>> Doing postfit: ch39,ttVV
>> Doing postfit: ch39,TotalBkg
>> Doing postfit: ch39,TotalSig
>> Doing postfit: ch39,TotalProcs
>> Doing postfit: ch4,Convs
>> Doing postfit: ch4,Rares
>> Doing postfit: ch4,TTW_lep2_pt_bin0
>> Doing postfit: ch4,TTW_lep2_pt_bin1
>> Doing postfit: ch4,TTW_lep2_pt_bin2
>> Doing postfit: ch4,TTW_ooa
>> Doing postfit: ch4,TTZ
>> Doing postfit: ch4,VVV
>> Doing postfit: ch4,WZ
>> Doing postfit: ch4,ZZ
>> Doing postfit: ch4,data_fakes
>> Doing postfit: ch4,data_flips
>> Doing postfit: ch4,tHW
>> Doing postfit: ch4,tHq
>> Doing postfit: ch4,tZq
>> Doing postfit: ch4,ttH
>> Doing postfit: ch4,ttVV
>> Doing postfit: ch4,TotalBkg
>> Doing postfit: ch4,TotalSig
>> Doing postfit: ch4,TotalProcs
>> Doing postfit: ch40,Rares
>> Doing postfit: ch40,TTW_inclusive
>> Doing postfit: ch40,TTZ
>> Doing postfit: ch40,VVV
>> Doing postfit: ch40,WZ
>> Doing postfit: ch40,ZZ
>> Doing postfit: ch40,data_fakes
>> Doing postfit: ch40,tHW
>> Doing postfit: ch40,tHq
>> Doing postfit: ch40,tZq
>> Doing postfit: ch40,ttH
>> Doing postfit: ch40,ttVV
>> Doing postfit: ch40,TotalBkg
>> Doing postfit: ch40,TotalSig
>> Doing postfit: ch40,TotalProcs
>> Doing postfit: ch41,MC_fakes
>> Doing postfit: ch41,Rares
>> Doing postfit: ch41,TTZ
>> Doing postfit: ch41,WZ
>> Doing postfit: ch41,ZZ
>> Doing postfit: ch41,ttH
>> Doing postfit: ch41,TotalBkg
>> Doing postfit: ch41,TotalSig
>> Doing postfit: ch41,TotalProcs
>> Doing postfit: ch42,Convs
>> Doing postfit: ch42,MC_fakes
>> Doing postfit: ch42,Rares
>> Doing postfit: ch42,TTZ
>> Doing postfit: ch42,WZ
>> Doing postfit: ch42,ZZ
>> Doing postfit: ch42,ttH
>> Doing postfit: ch42,TotalBkg
>> Doing postfit: ch42,TotalSig
>> Doing postfit: ch42,TotalProcs
>> Doing postfit: ch43,Convs
>> Doing postfit: ch43,MC_fakes
>> Doing postfit: ch43,Rares
>> Doing postfit: ch43,TTWW
>> Doing postfit: ch43,TTZ
>> Doing postfit: ch43,WZ
>> Doing postfit: ch43,ZZ
>> Doing postfit: ch43,ttH
>> Doing postfit: ch43,TotalBkg
>> Doing postfit: ch43,TotalSig
>> Doing postfit: ch43,TotalProcs
>> Doing postfit: ch44,Convs
>> Doing postfit: ch44,MC_fakes
>> Doing postfit: ch44,Rares
>> Doing postfit: ch44,TTWW
>> Doing postfit: ch44,TTZ
>> Doing postfit: ch44,WZ
>> Doing postfit: ch44,ZZ
>> Doing postfit: ch44,tHW
>> Doing postfit: ch44,ttH
>> Doing postfit: ch44,TotalBkg
>> Doing postfit: ch44,TotalSig
>> Doing postfit: ch44,TotalProcs
>> Doing postfit: ch5,Rares
>> Doing postfit: ch5,TTW_lep2_pt_bin0
>> Doing postfit: ch5,TTW_lep2_pt_bin1
>> Doing postfit: ch5,TTW_lep2_pt_bin2
>> Doing postfit: ch5,TTW_ooa
>> Doing postfit: ch5,TTZ
>> Doing postfit: ch5,VVV
>> Doing postfit: ch5,WZ
>> Doing postfit: ch5,ZZ
>> Doing postfit: ch5,data_fakes
>> Doing postfit: ch5,tHW
>> Doing postfit: ch5,tHq
>> Doing postfit: ch5,tZq
>> Doing postfit: ch5,ttH
>> Doing postfit: ch5,ttVV
>> Doing postfit: ch5,TotalBkg
>> Doing postfit: ch5,TotalSig
>> Doing postfit: ch5,TotalProcs
>> Doing postfit: ch6,Convs
>> Doing postfit: ch6,Rares
>> Doing postfit: ch6,TTW_lep2_pt_bin0
>> Doing postfit: ch6,TTW_lep2_pt_bin1
>> Doing postfit: ch6,TTW_lep2_pt_bin2
>> Doing postfit: ch6,TTW_ooa
>> Doing postfit: ch6,TTZ
>> Doing postfit: ch6,VVV
>> Doing postfit: ch6,WZ
>> Doing postfit: ch6,ZZ
>> Doing postfit: ch6,data_fakes
>> Doing postfit: ch6,data_flips
>> Doing postfit: ch6,tHW
>> Doing postfit: ch6,tHq
>> Doing postfit: ch6,tZq
>> Doing postfit: ch6,ttH
>> Doing postfit: ch6,ttVV
>> Doing postfit: ch6,TotalBkg
>> Doing postfit: ch6,TotalSig
>> Doing postfit: ch6,TotalProcs
>> Doing postfit: ch7,Convs
>> Doing postfit: ch7,Rares
>> Doing postfit: ch7,TTW_lep2_pt_bin0
>> Doing postfit: ch7,TTW_lep2_pt_bin1
>> Doing postfit: ch7,TTW_lep2_pt_bin2
>> Doing postfit: ch7,TTW_ooa
>> Doing postfit: ch7,TTZ
>> Doing postfit: ch7,VVV
>> Doing postfit: ch7,WZ
>> Doing postfit: ch7,ZZ
>> Doing postfit: ch7,data_fakes
>> Doing postfit: ch7,data_flips
>> Doing postfit: ch7,tHW
>> Doing postfit: ch7,tHq
>> Doing postfit: ch7,tZq
>> Doing postfit: ch7,ttH
>> Doing postfit: ch7,ttVV
>> Doing postfit: ch7,TotalBkg
>> Doing postfit: ch7,TotalSig
>> Doing postfit: ch7,TotalProcs
>> Doing postfit: ch8,Convs
>> Doing postfit: ch8,Rares
>> Doing postfit: ch8,TTW_lep2_pt_bin0
>> Doing postfit: ch8,TTW_lep2_pt_bin1
>> Doing postfit: ch8,TTW_lep2_pt_bin2
>> Doing postfit: ch8,TTW_ooa
>> Doing postfit: ch8,TTZ
>> Doing postfit: ch8,VVV
>> Doing postfit: ch8,WZ
>> Doing postfit: ch8,ZZ
>> Doing postfit: ch8,data_fakes
>> Doing postfit: ch8,data_flips
>> Doing postfit: ch8,tHW
>> Doing postfit: ch8,tHq
>> Doing postfit: ch8,tZq
>> Doing postfit: ch8,ttH
>> Doing postfit: ch8,ttVV
>> Doing postfit: ch8,TotalBkg
>> Doing postfit: ch8,TotalSig
>> Doing postfit: ch8,TotalProcs
>> Doing postfit: ch9,Convs
>> Doing postfit: ch9,Rares
>> Doing postfit: ch9,TTW_lep2_pt_bin0
>> Doing postfit: ch9,TTW_lep2_pt_bin1
>> Doing postfit: ch9,TTW_lep2_pt_bin2
>> Doing postfit: ch9,TTW_ooa
>> Doing postfit: ch9,TTZ
>> Doing postfit: ch9,VVV
>> Doing postfit: ch9,WZ
>> Doing postfit: ch9,ZZ
>> Doing postfit: ch9,data_fakes
>> Doing postfit: ch9,data_flips
>> Doing postfit: ch9,tHW
>> Doing postfit: ch9,tHq
>> Doing postfit: ch9,tZq
>> Doing postfit: ch9,ttH
>> Doing postfit: ch9,ttVV
>> Doing postfit: ch9,TotalBkg
>> Doing postfit: ch9,TotalSig
>> Doing postfit: ch9,TotalProcs

Bin                       Total relative bkg uncert. (postfit)
----------------------------------------------------------
ch1                       0.07466   
ch10                      0.14172   
ch11                      0.08336   
ch12                      0.11785   
ch13                      0.09223   
ch14                      0.06139   
ch15                      0.06600   
ch16                      0.08831   
ch17                      0.08392   
ch18                      0.08185   
ch19                      0.06969   
ch2                       0.09318   
ch20                      0.09379   
ch21                      0.08939   
ch22                      0.06807   
ch23                      0.08904   
ch24                      0.07906   
ch25                      0.03568   
ch26                      0.02927   
ch27                      0.02778   
ch28                      0.02580   
ch29                      0.03220   
ch3                       0.08379   
ch30                      0.02825   
ch31                      0.03002   
ch32                      0.02497   
ch33                      0.02900   
ch34                      0.02378   
ch35                      0.02342   
ch36                      0.02399   
ch37                      0.02843   
ch38                      0.02099   
ch39                      0.02274   
ch4                       0.09784   
ch40                      0.02106   
ch41                      0.03671   
ch42                      0.03829   
ch43                      0.03409   
ch44                      0.03439   
ch5                       0.11475   
ch6                       0.07662   
ch7                       0.07606   
ch8                       0.13779   
ch9                       0.07037   

Bin                       Process              Scale factor
----------------------------------------------------------
ch1                       Convs                1.23194   
ch1                       Rares                1.35537   
ch1                       TTW_lep2_pt_bin0     1.52434   
ch1                       TTW_lep2_pt_bin1     1.27771   
ch1                       TTW_lep2_pt_bin2     1.33078   
ch1                       TTW_ooa              1.03676   
ch1                       TTZ                  1.15097   
ch1                       VVV                  1.23094   
ch1                       WZ                   1.00545   
ch1                       ZZ                   1.30376   
ch1                       data_fakes           1.15163   
ch1                       data_flips           1.01888   
ch1                       tHW                  1.00427   
ch1                       tHq                  1.01435   
ch1                       tZq                  1.07460   
ch1                       ttH                  1.02891   
ch1                       ttVV                 1.03699   
ch10                      Rares                1.43029   
ch10                      TTW_lep2_pt_bin0     1.47745   
ch10                      TTW_lep2_pt_bin1     1.27982   
ch10                      TTW_lep2_pt_bin2     1.30912   
ch10                      TTW_ooa              1.03848   
ch10                      TTZ                  1.12832   
ch10                      VVV                  2.46180   
ch10                      WZ                   1.12770   
ch10                      ZZ                   1.72696   
ch10                      data_fakes           1.02216   
ch10                      tHW                  1.02725   
ch10                      tHq                  1.03711   
ch10                      tZq                  1.08953   
ch10                      ttH                  1.01056   
ch10                      ttVV                 1.02712   
ch11                      Rares                1.29261   
ch11                      TTW_lep2_pt_bin0     1.44547   
ch11                      TTW_lep2_pt_bin1     1.23600   
ch11                      TTW_lep2_pt_bin2     1.29091   
ch11                      TTW_ooa              0.98092   
ch11                      TTZ                  1.11891   
ch11                      VVV                  1.17678   
ch11                      WZ                   0.94804   
ch11                      ZZ                   1.42206   
ch11                      data_fakes           0.94619   
ch11                      tHW                  0.97121   
ch11                      tHq                  0.98717   
ch11                      tZq                  1.06051   
ch11                      ttH                  1.02387   
ch11                      ttVV                 1.00794   
ch12                      Convs                1.30368   
ch12                      Rares                1.40802   
ch12                      TTW_lep2_pt_bin0     1.49378   
ch12                      TTW_lep2_pt_bin1     1.30482   
ch12                      TTW_lep2_pt_bin2     1.42130   
ch12                      TTW_ooa              1.11110   
ch12                      TTZ                  1.35076   
ch12                      VVV                  1.42473   
ch12                      WZ                   1.28114   
ch12                      ZZ                   1.50925   
ch12                      data_fakes           1.21192   
ch12                      data_flips           1.01963   
ch12                      tHW                  1.07358   
ch12                      tHq                  1.06062   
ch12                      tZq                  1.29850   
ch12                      ttH                  1.12140   
ch12                      ttVV                 1.07977   
ch13                      Convs                0.92746   
ch13                      Rares                1.33993   
ch13                      TTW_lep2_pt_bin0     1.54299   
ch13                      TTW_lep2_pt_bin1     1.29214   
ch13                      TTW_lep2_pt_bin2     1.32600   
ch13                      TTW_ooa              1.05913   
ch13                      TTZ                  1.07494   
ch13                      VVV                  1.23052   
ch13                      WZ                   0.95887   
ch13                      ZZ                   1.11686   
ch13                      data_fakes           1.22368   
ch13                      data_flips           1.01825   
ch13                      tHW                  1.04132   
ch13                      tHq                  1.03871   
ch13                      tZq                  1.17335   
ch13                      ttH                  1.06831   
ch13                      ttVV                 1.07538   
ch14                      Convs                0.85384   
ch14                      Rares                1.31110   
ch14                      TTW_lep2_pt_bin0     1.47448   
ch14                      TTW_lep2_pt_bin1     1.25509   
ch14                      TTW_lep2_pt_bin2     1.30111   
ch14                      TTW_ooa              0.99555   
ch14                      TTZ                  1.20874   
ch14                      VVV                  1.20248   
ch14                      WZ                   0.97617   
ch14                      ZZ                   1.33874   
ch14                      data_fakes           1.10536   
ch14                      data_flips           1.01866   
ch14                      tHW                  1.00993   
ch14                      tHq                  0.99643   
ch14                      tZq                  1.01548   
ch14                      ttH                  1.00492   
ch14                      ttVV                 1.03532   
ch15                      Convs                1.11971   
ch15                      Rares                1.37607   
ch15                      TTW_lep2_pt_bin0     1.49964   
ch15                      TTW_lep2_pt_bin1     1.25647   
ch15                      TTW_lep2_pt_bin2     1.30677   
ch15                      TTW_ooa              0.97176   
ch15                      TTZ                  1.18208   
ch15                      VVV                  1.17327   
ch15                      WZ                   0.96982   
ch15                      ZZ                   1.21067   
ch15                      data_fakes           1.14025   
ch15                      data_flips           1.01866   
ch15                      tHW                  1.00508   
ch15                      tHq                  0.98724   
ch15                      tZq                  1.05888   
ch15                      ttH                  1.02091   
ch15                      ttVV                 1.03336   
ch16                      Convs                1.08822   
ch16                      Rares                1.45545   
ch16                      TTW_lep2_pt_bin0     1.52665   
ch16                      TTW_lep2_pt_bin1     1.29295   
ch16                      TTW_lep2_pt_bin2     1.30964   
ch16                      TTW_ooa              1.01302   
ch16                      TTZ                  1.07912   
ch16                      VVV                  1.22017   
ch16                      WZ                   0.96071   
ch16                      ZZ                   1.35307   
ch16                      data_fakes           1.32354   
ch16                      data_flips           1.01856   
ch16                      tHW                  1.03881   
ch16                      tHq                  1.00504   
ch16                      tZq                  1.09085   
ch16                      ttH                  1.01895   
ch16                      ttVV                 1.06179   
ch17                      Convs                1.02926   
ch17                      Rares                1.35448   
ch17                      TTW_lep2_pt_bin0     1.51928   
ch17                      TTW_lep2_pt_bin1     1.27888   
ch17                      TTW_lep2_pt_bin2     1.33573   
ch17                      TTW_ooa              1.02738   
ch17                      TTZ                  1.11918   
ch17                      VVV                  1.21326   
ch17                      WZ                   1.00123   
ch17                      ZZ                   1.27485   
ch17                      data_fakes           1.08168   
ch17                      data_flips           1.01849   
ch17                      tHW                  1.02562   
ch17                      tHq                  1.02347   
ch17                      tZq                  1.09287   
ch17                      ttH                  1.04016   
ch17                      ttVV                 1.05063   
ch18                      Rares                1.21933   
ch18                      TTW_lep2_pt_bin0     1.45526   
ch18                      TTW_lep2_pt_bin1     1.24927   
ch18                      TTW_lep2_pt_bin2     1.30273   
ch18                      TTW_ooa              1.00366   
ch18                      TTZ                  1.12087   
ch18                      VVV                  1.19879   
ch18                      WZ                   0.97754   
ch18                      ZZ                   0.89911   
ch18                      data_fakes           0.93092   
ch18                      tHW                  0.99732   
ch18                      tHq                  0.98456   
ch18                      tZq                  1.09206   
ch18                      ttH                  1.00730   
ch18                      ttVV                 1.02440   
ch19                      Convs                1.04611   
ch19                      Rares                1.37463   
ch19                      TTW_lep2_pt_bin0     1.53575   
ch19                      TTW_lep2_pt_bin1     1.27841   
ch19                      TTW_lep2_pt_bin2     1.33582   
ch19                      TTW_ooa              1.04265   
ch19                      TTZ                  1.09028   
ch19                      VVV                  1.14038   
ch19                      WZ                   0.99870   
ch19                      ZZ                   1.39737   
ch19                      data_fakes           1.10476   
ch19                      data_flips           1.01866   
ch19                      tHW                  1.01630   
ch19                      tHq                  1.01578   
ch19                      tZq                  1.08533   
ch19                      ttH                  1.05622   
ch19                      ttVV                 1.05001   
ch2                       Convs                1.00510   
ch2                       Rares                1.39914   
ch2                       TTW_lep2_pt_bin0     1.51727   
ch2                       TTW_lep2_pt_bin1     1.32899   
ch2                       TTW_lep2_pt_bin2     1.37435   
ch2                       TTW_ooa              1.10820   
ch2                       TTZ                  1.09589   
ch2                       VVV                  1.20394   
ch2                       WZ                   1.04570   
ch2                       ZZ                   1.39200   
ch2                       data_fakes           1.23250   
ch2                       data_flips           1.01941   
ch2                       tHW                  1.05039   
ch2                       tHq                  1.05831   
ch2                       tZq                  1.09379   
ch2                       ttH                  1.06289   
ch2                       ttVV                 1.08110   
ch20                      Rares                1.26565   
ch20                      TTW_lep2_pt_bin0     1.46317   
ch20                      TTW_lep2_pt_bin1     1.24704   
ch20                      TTW_lep2_pt_bin2     1.30747   
ch20                      TTW_ooa              0.99178   
ch20                      TTZ                  1.10335   
ch20                      VVV                  1.12597   
ch20                      WZ                   0.97302   
ch20                      ZZ                   1.46385   
ch20                      data_fakes           0.97767   
ch20                      tHW                  0.99400   
ch20                      tHq                  1.03227   
ch20                      tZq                  1.04488   
ch20                      ttH                  1.01357   
ch20                      ttVV                 1.02379   
ch21                      Convs                1.09319   
ch21                      Rares                1.30700   
ch21                      TTW_lep2_pt_bin0     1.52184   
ch21                      TTW_lep2_pt_bin1     1.28603   
ch21                      TTW_lep2_pt_bin2     1.33729   
ch21                      TTW_ooa              0.99637   
ch21                      TTZ                  1.07526   
ch21                      VVV                  0.92469   
ch21                      WZ                   0.86437   
ch21                      ZZ                   1.34366   
ch21                      data_fakes           1.32799   
ch21                      data_flips           1.01848   
ch21                      tHW                  0.99160   
ch21                      tHq                  1.02548   
ch21                      tZq                  1.11839   
ch21                      ttH                  1.04111   
ch21                      ttVV                 1.05994   
ch22                      Rares                1.20491   
ch22                      TTW_lep2_pt_bin0     1.44940   
ch22                      TTW_lep2_pt_bin1     1.23582   
ch22                      TTW_lep2_pt_bin2     1.28603   
ch22                      TTW_ooa              0.93983   
ch22                      TTZ                  1.02131   
ch22                      VVV                  1.14420   
ch22                      WZ                   0.99324   
ch22                      data_fakes           0.98712   
ch22                      tHW                  0.98400   
ch22                      tHq                  0.96095   
ch22                      tZq                  1.04483   
ch22                      ttH                  1.01419   
ch22                      ttVV                 1.00745   
ch23                      Convs                1.09237   
ch23                      Rares                1.49666   
ch23                      TTW_lep2_pt_bin0     1.53812   
ch23                      TTW_lep2_pt_bin1     1.29838   
ch23                      TTW_lep2_pt_bin2     1.37636   
ch23                      TTW_ooa              1.06225   
ch23                      TTZ                  1.19338   
ch23                      VVV                  1.12082   
ch23                      WZ                   1.00359   
ch23                      ZZ                   1.36617   
ch23                      data_fakes           1.27625   
ch23                      data_flips           1.01857   
ch23                      tHW                  1.02975   
ch23                      tHq                  1.05653   
ch23                      tZq                  1.13708   
ch23                      ttH                  1.09845   
ch23                      ttVV                 1.07257   
ch24                      Rares                1.43957   
ch24                      TTW_lep2_pt_bin0     1.44359   
ch24                      TTW_lep2_pt_bin1     1.21988   
ch24                      TTW_lep2_pt_bin2     1.27839   
ch24                      TTW_ooa              0.95308   
ch24                      TTZ                  1.11140   
ch24                      VVV                  1.17874   
ch24                      WZ                   0.99986   
ch24                      ZZ                   1.23842   
ch24                      data_fakes           1.02175   
ch24                      tHW                  0.97931   
ch24                      tHq                  0.97023   
ch24                      tZq                  1.09205   
ch24                      ttH                  0.99974   
ch24                      ttVV                 1.00233   
ch25                      Convs                0.81947   
ch25                      Rares                1.45974   
ch25                      TTW_inclusive        1.06701   
ch25                      TTZ                  1.23340   
ch25                      VVV                  1.33490   
ch25                      WZ                   0.95985   
ch25                      ZZ                   1.28493   
ch25                      data_fakes           1.01109   
ch25                      tHq                  1.11235   
ch25                      tZq                  1.16554   
ch25                      ttH                  1.19464   
ch25                      ttVV                 1.13723   
ch26                      Rares                1.40253   
ch26                      TTW_inclusive        1.06907   
ch26                      TTZ                  1.19327   
ch26                      VVV                  1.28409   
ch26                      WZ                   0.93110   
ch26                      ZZ                   1.23478   
ch26                      data_fakes           0.83641   
ch26                      tHW                  1.05831   
ch26                      tHq                  1.06842   
ch26                      tZq                  1.16072   
ch26                      ttH                  1.02511   
ch26                      ttVV                 1.08556   
ch27                      Convs                1.15619   
ch27                      Rares                1.35307   
ch27                      TTW_inclusive        1.05358   
ch27                      TTZ                  1.14479   
ch27                      VVV                  1.25210   
ch27                      WZ                   0.90517   
ch27                      ZZ                   1.21385   
ch27                      data_fakes           1.05763   
ch27                      tHW                  1.03886   
ch27                      tHq                  1.03705   
ch27                      tZq                  1.10055   
ch27                      ttH                  1.07859   
ch27                      ttVV                 1.04707   
ch28                      Rares                1.33098   
ch28                      TTW_inclusive        1.02921   
ch28                      TTZ                  1.11531   
ch28                      VVV                  1.20451   
ch28                      WZ                   0.87454   
ch28                      ZZ                   1.17065   
ch28                      data_fakes           0.89807   
ch28                      tHW                  1.01616   
ch28                      tHq                  1.00591   
ch28                      tZq                  1.07653   
ch28                      ttH                  1.01022   
ch28                      ttVV                 1.02715   
ch29                      Convs                1.03199   
ch29                      Rares                1.40863   
ch29                      TTW_inclusive        1.15402   
ch29                      TTZ                  1.21661   
ch29                      VVV                  1.30094   
ch29                      WZ                   0.92828   
ch29                      ZZ                   1.26237   
ch29                      data_fakes           1.09570   
ch29                      tHq                  1.08704   
ch29                      tZq                  1.16244   
ch29                      ttH                  1.02827   
ch29                      ttVV                 1.10549   
ch3                       Rares                1.45148   
ch3                       TTW_lep2_pt_bin0     1.42480   
ch3                       TTW_lep2_pt_bin1     1.24399   
ch3                       TTW_lep2_pt_bin2     1.27584   
ch3                       TTW_ooa              0.99352   
ch3                       TTZ                  1.14874   
ch3                       VVV                  1.03504   
ch3                       WZ                   0.94106   
ch3                       ZZ                   1.35593   
ch3                       data_fakes           0.96589   
ch3                       tHW                  0.98209   
ch3                       tHq                  0.98729   
ch3                       tZq                  1.03787   
ch3                       ttH                  1.00480   
ch3                       ttVV                 1.00845   
ch30                      Convs                1.07357   
ch30                      Rares                1.37318   
ch30                      TTW_inclusive        1.06733   
ch30                      TTZ                  1.15284   
ch30                      VVV                  1.26017   
ch30                      WZ                   0.90108   
ch30                      ZZ                   1.20830   
ch30                      data_fakes           0.85154   
ch30                      tHW                  1.04827   
ch30                      tHq                  1.04170   
ch30                      tZq                  1.12672   
ch30                      ttH                  1.05881   
ch30                      ttVV                 1.08065   
ch31                      Convs                1.13444   
ch31                      Rares                1.37484   
ch31                      TTW_inclusive        1.03306   
ch31                      TTZ                  1.14418   
ch31                      VVV                  1.22549   
ch31                      WZ                   0.88197   
ch31                      ZZ                   1.20424   
ch31                      data_fakes           1.16730   
ch31                      tHW                  1.02498   
ch31                      tHq                  1.01914   
ch31                      tZq                  1.10291   
ch31                      ttH                  1.05380   
ch31                      ttVV                 1.05531   
ch32                      Rares                1.29584   
ch32                      TTW_inclusive        1.02301   
ch32                      TTZ                  1.10181   
ch32                      VVV                  1.20438   
ch32                      WZ                   0.85791   
ch32                      ZZ                   1.15702   
ch32                      data_fakes           0.89969   
ch32                      tHW                  1.00174   
ch32                      tHq                  0.99959   
ch32                      tZq                  1.06568   
ch32                      ttH                  0.98153   
ch32                      ttVV                 1.01962   
ch33                      Convs                1.23513   
ch33                      Rares                1.47474   
ch33                      TTW_inclusive        1.10923   
ch33                      TTZ                  1.22536   
ch33                      VVV                  1.34715   
ch33                      WZ                   0.97574   
ch33                      ZZ                   1.30811   
ch33                      data_fakes           1.23541   
ch33                      tHW                  1.08888   
ch33                      tHq                  1.07971   
ch33                      tZq                  1.16903   
ch33                      ttH                  1.10028   
ch33                      ttVV                 1.12987   
ch34                      Convs                1.09816   
ch34                      Rares                1.42057   
ch34                      TTW_inclusive        1.10544   
ch34                      TTZ                  1.19073   
ch34                      VVV                  1.29970   
ch34                      WZ                   0.94547   
ch34                      ZZ                   1.27380   
ch34                      data_fakes           0.96985   
ch34                      tHW                  1.07432   
ch34                      tHq                  1.10109   
ch34                      tZq                  1.16217   
ch34                      ttH                  1.08237   
ch34                      ttVV                 1.08278   
ch35                      Convs                1.26346   
ch35                      Rares                1.38673   
ch35                      TTW_inclusive        1.04708   
ch35                      TTZ                  1.16802   
ch35                      VVV                  1.27049   
ch35                      WZ                   0.92525   
ch35                      ZZ                   1.24618   
ch35                      data_fakes           1.19236   
ch35                      tHW                  1.07831   
ch35                      tHq                  1.03294   
ch35                      tZq                  1.12868   
ch35                      ttH                  1.04462   
ch35                      ttVV                 1.06982   
ch36                      Rares                1.39519   
ch36                      TTW_inclusive        1.02901   
ch36                      TTZ                  1.13530   
ch36                      VVV                  1.23719   
ch36                      WZ                   0.89828   
ch36                      ZZ                   1.20481   
ch36                      data_fakes           0.90287   
ch36                      tHW                  1.01285   
ch36                      tHq                  1.03128   
ch36                      tZq                  1.10451   
ch36                      ttH                  1.04180   
ch36                      ttVV                 1.05647   
ch37                      Convs                0.58346   
ch37                      Rares                1.43797   
ch37                      TTW_inclusive        1.07019   
ch37                      TTZ                  1.19851   
ch37                      VVV                  1.29793   
ch37                      WZ                   0.93223   
ch37                      ZZ                   1.24565   
ch37                      data_fakes           1.20643   
ch37                      tHW                  1.08645   
ch37                      tHq                  1.13311   
ch37                      tZq                  1.13940   
ch37                      ttH                  1.15625   
ch37                      ttVV                 1.09537   
ch38                      Convs                1.11629   
ch38                      Rares                1.35435   
ch38                      TTW_inclusive        1.04256   
ch38                      TTZ                  1.16086   
ch38                      VVV                  1.26831   
ch38                      WZ                   0.90259   
ch38                      ZZ                   1.20118   
ch38                      data_fakes           0.90290   
ch38                      tHW                  1.04565   
ch38                      tHq                  1.03736   
ch38                      tZq                  1.11512   
ch38                      ttH                  1.02057   
ch38                      ttVV                 1.05949   
ch39                      Convs                0.95852   
ch39                      Rares                1.35768   
ch39                      TTW_inclusive        1.03779   
ch39                      TTZ                  1.14082   
ch39                      VVV                  1.22705   
ch39                      WZ                   0.88775   
ch39                      ZZ                   1.18767   
ch39                      data_fakes           1.16878   
ch39                      tHW                  1.01870   
ch39                      tHq                  1.01963   
ch39                      tZq                  1.09726   
ch39                      ttH                  0.99605   
ch39                      ttVV                 1.03690   
ch4                       Convs                1.07879   
ch4                       Rares                1.37198   
ch4                       TTW_lep2_pt_bin0     1.51346   
ch4                       TTW_lep2_pt_bin1     1.27842   
ch4                       TTW_lep2_pt_bin2     1.40817   
ch4                       TTW_ooa              1.08991   
ch4                       TTZ                  0.95900   
ch4                       VVV                  1.21000   
ch4                       WZ                   0.92924   
ch4                       ZZ                   1.34379   
ch4                       data_fakes           1.22224   
ch4                       data_flips           1.01846   
ch4                       tHW                  1.05262   
ch4                       tHq                  1.04538   
ch4                       tZq                  1.02034   
ch4                       ttH                  1.08946   
ch4                       ttVV                 1.08101   
ch40                      Rares                1.30996   
ch40                      TTW_inclusive        1.00800   
ch40                      TTZ                  1.10402   
ch40                      VVV                  1.18211   
ch40                      WZ                   0.85912   
ch40                      ZZ                   1.14071   
ch40                      data_fakes           0.92438   
ch40                      tHW                  0.96919   
ch40                      tHq                  0.98017   
ch40                      tZq                  1.06450   
ch40                      ttH                  1.03100   
ch40                      ttVV                 1.01869   
ch41                      MC_fakes             1.00113   
ch41                      Rares                1.35535   
ch41                      TTZ                  1.12087   
ch41                      WZ                   0.79385   
ch41                      ZZ                   1.06849   
ch41                      ttH                  1.06639   
ch42                      Convs                1.11760   
ch42                      MC_fakes             0.99977   
ch42                      Rares                1.37497   
ch42                      TTZ                  1.13395   
ch42                      WZ                   0.79948   
ch42                      ZZ                   1.07682   
ch42                      ttH                  0.94140   
ch43                      Convs                1.11100   
ch43                      MC_fakes             0.99960   
ch43                      Rares                1.38322   
ch43                      TTWW                 0.99994   
ch43                      TTZ                  1.15663   
ch43                      WZ                   0.73229   
ch43                      ZZ                   1.10245   
ch43                      ttH                  1.10930   
ch44                      Convs                1.11856   
ch44                      MC_fakes             0.99762   
ch44                      Rares                1.38030   
ch44                      TTWW                 0.99992   
ch44                      TTZ                  1.12754   
ch44                      WZ                   0.67919   
ch44                      ZZ                   1.07482   
ch44                      tHW                  1.01885   
ch44                      ttH                  1.03050   
ch5                       Rares                1.35281   
ch5                       TTW_lep2_pt_bin0     1.46711   
ch5                       TTW_lep2_pt_bin1     1.29041   
ch5                       TTW_lep2_pt_bin2     1.32016   
ch5                       TTW_ooa              1.04911   
ch5                       TTZ                  1.19057   
ch5                       VVV                  1.30648   
ch5                       WZ                   1.22807   
ch5                       ZZ                   1.35326   
ch5                       data_fakes           1.03764   
ch5                       tHW                  1.01999   
ch5                       tHq                  1.01379   
ch5                       tZq                  1.27711   
ch5                       ttH                  1.04871   
ch5                       ttVV                 1.03262   
ch6                       Convs                0.92729   
ch6                       Rares                1.31597   
ch6                       TTW_lep2_pt_bin0     1.51862   
ch6                       TTW_lep2_pt_bin1     1.30287   
ch6                       TTW_lep2_pt_bin2     1.33521   
ch6                       TTW_ooa              1.06233   
ch6                       TTZ                  1.15308   
ch6                       VVV                  1.42645   
ch6                       WZ                   1.19627   
ch6                       ZZ                   1.55896   
ch6                       data_fakes           1.09261   
ch6                       data_flips           1.01842   
ch6                       tHW                  1.05760   
ch6                       tHq                  1.04578   
ch6                       tZq                  1.11497   
ch6                       ttH                  1.06859   
ch6                       ttVV                 1.05558   
ch7                       Convs                1.14221   
ch7                       Rares                1.46738   
ch7                       TTW_lep2_pt_bin0     1.54656   
ch7                       TTW_lep2_pt_bin1     1.28680   
ch7                       TTW_lep2_pt_bin2     1.35449   
ch7                       TTW_ooa              1.06646   
ch7                       TTZ                  1.20680   
ch7                       VVV                  1.35135   
ch7                       WZ                   1.34213   
ch7                       ZZ                   1.50886   
ch7                       data_fakes           1.07376   
ch7                       data_flips           1.01884   
ch7                       tHW                  1.04125   
ch7                       tHq                  1.05615   
ch7                       tZq                  1.11031   
ch7                       ttH                  1.05866   
ch7                       ttVV                 1.05659   
ch8                       Convs                1.30769   
ch8                       Rares                1.41150   
ch8                       TTW_lep2_pt_bin0     1.52664   
ch8                       TTW_lep2_pt_bin1     1.31569   
ch8                       TTW_lep2_pt_bin2     1.39525   
ch8                       TTW_ooa              1.04863   
ch8                       TTZ                  1.27731   
ch8                       VVV                  1.42557   
ch8                       WZ                   1.21921   
ch8                       ZZ                   1.71509   
ch8                       data_fakes           1.49230   
ch8                       data_flips           1.01919   
ch8                       tHW                  1.08001   
ch8                       tHq                  1.08766   
ch8                       tZq                  1.15617   
ch8                       ttH                  1.10667   
ch8                       ttVV                 1.08363   
ch9                       Convs                1.35654   
ch9                       Rares                1.23138   
ch9                       TTW_lep2_pt_bin0     1.54954   
ch9                       TTW_lep2_pt_bin1     1.29109   
ch9                       TTW_lep2_pt_bin2     1.31636   
ch9                       TTW_ooa              1.04170   
ch9                       TTZ                  1.08365   
ch9                       VVV                  1.17966   
ch9                       WZ                   0.97857   
ch9                       ZZ                   1.24252   
ch9                       data_fakes           1.11750   
ch9                       data_flips           1.01885   
ch9                       tHW                  1.00518   
ch9                       tHq                  1.01609   
ch9                       tZq                  1.03115   
ch9                       ttH                  1.03849   
ch9                       ttVV                 1.04299   
