WARNING: the default behaviour of PostFitShapesFromWorkspace is to use the covariance matrix sampling method for the post-fit uncertainty. The option --sampling is deprecated and will be removed in future versions of CombineHarvester
[SetFlag] Changing value of flag "workspaces-use-clone" from 0 to 1
[#1] INFO:ObjectHandling -- RooWorkspace::import(w) importing dataset ch1
[#1] INFO:ObjectHandling -- RooWorkspace::import(w) importing dataset ch2
[#1] INFO:ObjectHandling -- RooWorkspace::import(w) importing dataset ch3
[#1] INFO:ObjectHandling -- RooWorkspace::import(w) importing dataset ch4
[SetFlag] Changing value of flag "workspaces-use-clone" from 0 to 1
>> Doing prefit: TotalBkg
>> Doing prefit: TotalSig
>> Doing prefit: TotalProcs
>> Doing prefit: ch1,Convs
>> Doing prefit: ch1,Rares
>> Doing prefit: ch1,TTW_jet1_eta_bin0
>> Doing prefit: ch1,TTW_jet1_eta_bin1
>> Doing prefit: ch1,TTW_jet1_eta_bin2
>> Doing prefit: ch1,TTW_jet1_eta_bin3
>> Doing prefit: ch1,TTW_ooa
>> Doing prefit: ch1,TTZ
>> Doing prefit: ch1,VVV
>> Doing prefit: ch1,WZ
>> Doing prefit: ch1,ZZ
>> Doing prefit: ch1,data_fakes
>> Doing prefit: ch1,data_flips
>> Doing prefit: ch1,tHW
>> Doing prefit: ch1,tHq
>> Doing prefit: ch1,tZq
>> Doing prefit: ch1,ttH
>> Doing prefit: ch1,ttVV
>> Doing prefit: ch1,TotalBkg
>> Doing prefit: ch1,TotalSig
>> Doing prefit: ch1,TotalProcs
>> Doing prefit: ch2,Convs
>> Doing prefit: ch2,Rares
>> Doing prefit: ch2,TTW_jet1_eta_bin0
>> Doing prefit: ch2,TTW_jet1_eta_bin1
>> Doing prefit: ch2,TTW_jet1_eta_bin2
>> Doing prefit: ch2,TTW_jet1_eta_bin3
>> Doing prefit: ch2,TTW_ooa
>> Doing prefit: ch2,TTZ
>> Doing prefit: ch2,VVV
>> Doing prefit: ch2,WZ
>> Doing prefit: ch2,ZZ
>> Doing prefit: ch2,data_fakes
>> Doing prefit: ch2,data_flips
>> Doing prefit: ch2,tHW
>> Doing prefit: ch2,tHq
>> Doing prefit: ch2,tZq
>> Doing prefit: ch2,ttH
>> Doing prefit: ch2,ttVV
>> Doing prefit: ch2,TotalBkg
>> Doing prefit: ch2,TotalSig
>> Doing prefit: ch2,TotalProcs
>> Doing prefit: ch3,Convs
>> Doing prefit: ch3,Rares
>> Doing prefit: ch3,TTW_jet1_eta_bin0
>> Doing prefit: ch3,TTW_jet1_eta_bin1
>> Doing prefit: ch3,TTW_jet1_eta_bin2
>> Doing prefit: ch3,TTW_jet1_eta_bin3
>> Doing prefit: ch3,TTW_ooa
>> Doing prefit: ch3,TTZ
>> Doing prefit: ch3,VVV
>> Doing prefit: ch3,WZ
>> Doing prefit: ch3,ZZ
>> Doing prefit: ch3,data_fakes
>> Doing prefit: ch3,data_flips
>> Doing prefit: ch3,tHW
>> Doing prefit: ch3,tHq
>> Doing prefit: ch3,tZq
>> Doing prefit: ch3,ttH
>> Doing prefit: ch3,ttVV
>> Doing prefit: ch3,TotalBkg
>> Doing prefit: ch3,TotalSig
>> Doing prefit: ch3,TotalProcs
>> Doing prefit: ch4,Convs
>> Doing prefit: ch4,Rares
>> Doing prefit: ch4,TTW_jet1_eta_bin0
>> Doing prefit: ch4,TTW_jet1_eta_bin1
>> Doing prefit: ch4,TTW_jet1_eta_bin2
>> Doing prefit: ch4,TTW_jet1_eta_bin3
>> Doing prefit: ch4,TTW_ooa
>> Doing prefit: ch4,TTZ
>> Doing prefit: ch4,VVV
>> Doing prefit: ch4,WZ
>> Doing prefit: ch4,ZZ
>> Doing prefit: ch4,data_fakes
>> Doing prefit: ch4,data_flips
>> Doing prefit: ch4,tHW
>> Doing prefit: ch4,tHq
>> Doing prefit: ch4,tZq
>> Doing prefit: ch4,ttH
>> Doing prefit: ch4,ttVV
>> Doing prefit: ch4,TotalBkg
>> Doing prefit: ch4,TotalSig
>> Doing prefit: ch4,TotalProcs
Bin                       Total relative bkg uncert. (prefit)
----------------------------------------------------------
ch1                       0.12758   
ch2                       0.12815   
ch3                       0.13742   
ch4                       0.11492   
>> Doing postfit: TotalBkg
>> Doing postfit: TotalSig
>> Doing postfit: TotalProcs
>> Doing postfit: ch1,Convs
>> Doing postfit: ch1,Rares
>> Doing postfit: ch1,TTW_jet1_eta_bin0
>> Doing postfit: ch1,TTW_jet1_eta_bin1
>> Doing postfit: ch1,TTW_jet1_eta_bin2
>> Doing postfit: ch1,TTW_jet1_eta_bin3
>> Doing postfit: ch1,TTW_ooa
>> Doing postfit: ch1,TTZ
>> Doing postfit: ch1,VVV
>> Doing postfit: ch1,WZ
>> Doing postfit: ch1,ZZ
>> Doing postfit: ch1,data_fakes
>> Doing postfit: ch1,data_flips
>> Doing postfit: ch1,tHW
>> Doing postfit: ch1,tHq
>> Doing postfit: ch1,tZq
>> Doing postfit: ch1,ttH
>> Doing postfit: ch1,ttVV
>> Doing postfit: ch1,TotalBkg
>> Doing postfit: ch1,TotalSig
>> Doing postfit: ch1,TotalProcs
>> Doing postfit: ch2,Convs
>> Doing postfit: ch2,Rares
>> Doing postfit: ch2,TTW_jet1_eta_bin0
>> Doing postfit: ch2,TTW_jet1_eta_bin1
>> Doing postfit: ch2,TTW_jet1_eta_bin2
>> Doing postfit: ch2,TTW_jet1_eta_bin3
>> Doing postfit: ch2,TTW_ooa
>> Doing postfit: ch2,TTZ
>> Doing postfit: ch2,VVV
>> Doing postfit: ch2,WZ
>> Doing postfit: ch2,ZZ
>> Doing postfit: ch2,data_fakes
>> Doing postfit: ch2,data_flips
>> Doing postfit: ch2,tHW
>> Doing postfit: ch2,tHq
>> Doing postfit: ch2,tZq
>> Doing postfit: ch2,ttH
>> Doing postfit: ch2,ttVV
>> Doing postfit: ch2,TotalBkg
>> Doing postfit: ch2,TotalSig
>> Doing postfit: ch2,TotalProcs
>> Doing postfit: ch3,Convs
>> Doing postfit: ch3,Rares
>> Doing postfit: ch3,TTW_jet1_eta_bin0
>> Doing postfit: ch3,TTW_jet1_eta_bin1
>> Doing postfit: ch3,TTW_jet1_eta_bin2
>> Doing postfit: ch3,TTW_jet1_eta_bin3
>> Doing postfit: ch3,TTW_ooa
>> Doing postfit: ch3,TTZ
>> Doing postfit: ch3,VVV
>> Doing postfit: ch3,WZ
>> Doing postfit: ch3,ZZ
>> Doing postfit: ch3,data_fakes
>> Doing postfit: ch3,data_flips
>> Doing postfit: ch3,tHW
>> Doing postfit: ch3,tHq
>> Doing postfit: ch3,tZq
>> Doing postfit: ch3,ttH
>> Doing postfit: ch3,ttVV
>> Doing postfit: ch3,TotalBkg
>> Doing postfit: ch3,TotalSig
>> Doing postfit: ch3,TotalProcs
>> Doing postfit: ch4,Convs
>> Doing postfit: ch4,Rares
>> Doing postfit: ch4,TTW_jet1_eta_bin0
>> Doing postfit: ch4,TTW_jet1_eta_bin1
>> Doing postfit: ch4,TTW_jet1_eta_bin2
>> Doing postfit: ch4,TTW_jet1_eta_bin3
>> Doing postfit: ch4,TTW_ooa
>> Doing postfit: ch4,TTZ
>> Doing postfit: ch4,VVV
>> Doing postfit: ch4,WZ
>> Doing postfit: ch4,ZZ
>> Doing postfit: ch4,data_fakes
>> Doing postfit: ch4,data_flips
>> Doing postfit: ch4,tHW
>> Doing postfit: ch4,tHq
>> Doing postfit: ch4,tZq
>> Doing postfit: ch4,ttH
>> Doing postfit: ch4,ttVV
>> Doing postfit: ch4,TotalBkg
>> Doing postfit: ch4,TotalSig
>> Doing postfit: ch4,TotalProcs

Bin                       Total relative bkg uncert. (postfit)
----------------------------------------------------------
ch1                       0.07936   
ch2                       0.08192   
ch3                       0.08611   
ch4                       0.07110   

Bin                       Process              Scale factor
----------------------------------------------------------
ch1                       Convs                1.10563   
ch1                       Rares                1.31505   
ch1                       TTW_jet1_eta_bin0    0.96782   
ch1                       TTW_jet1_eta_bin1    1.14436   
ch1                       TTW_jet1_eta_bin2    1.46450   
ch1                       TTW_jet1_eta_bin3    1.23090   
ch1                       TTW_ooa              1.02202   
ch1                       TTZ                  1.12212   
ch1                       VVV                  1.24723   
ch1                       WZ                   0.84233   
ch1                       ZZ                   1.14050   
ch1                       data_fakes           1.24972   
ch1                       data_flips           1.00176   
ch1                       tHW                  1.01580   
ch1                       tHq                  1.01912   
ch1                       tZq                  1.09086   
ch1                       ttH                  0.99563   
ch1                       ttVV                 1.01543   
ch2                       Convs                1.01138   
ch2                       Rares                1.35170   
ch2                       TTW_jet1_eta_bin0    0.96434   
ch2                       TTW_jet1_eta_bin1    1.14822   
ch2                       TTW_jet1_eta_bin2    1.48375   
ch2                       TTW_jet1_eta_bin3    1.22471   
ch2                       TTW_ooa              1.01604   
ch2                       TTZ                  1.11405   
ch2                       VVV                  1.37543   
ch2                       WZ                   0.95833   
ch2                       ZZ                   1.34012   
ch2                       data_fakes           1.24805   
ch2                       data_flips           1.00175   
ch2                       tHW                  1.00401   
ch2                       tHq                  1.01034   
ch2                       tZq                  1.09620   
ch2                       ttH                  0.99119   
ch2                       ttVV                 1.00859   
ch3                       Convs                1.01472   
ch3                       Rares                1.32080   
ch3                       TTW_jet1_eta_bin0    0.98242   
ch3                       TTW_jet1_eta_bin1    1.16748   
ch3                       TTW_jet1_eta_bin2    1.48223   
ch3                       TTW_jet1_eta_bin3    1.24611   
ch3                       TTW_ooa              1.03127   
ch3                       TTZ                  1.12960   
ch3                       VVV                  1.30947   
ch3                       WZ                   0.84155   
ch3                       ZZ                   1.16694   
ch3                       data_fakes           1.25311   
ch3                       data_flips           1.00152   
ch3                       tHW                  1.01451   
ch3                       tHq                  1.02699   
ch3                       tZq                  1.10342   
ch3                       ttH                  1.01712   
ch3                       ttVV                 1.02921   
ch4                       Convs                1.08320   
ch4                       Rares                1.32040   
ch4                       TTW_jet1_eta_bin0    1.00535   
ch4                       TTW_jet1_eta_bin1    1.21225   
ch4                       TTW_jet1_eta_bin2    1.51702   
ch4                       TTW_jet1_eta_bin3    1.23883   
ch4                       TTW_ooa              1.02931   
ch4                       TTZ                  1.07980   
ch4                       VVV                  1.26054   
ch4                       WZ                   0.84730   
ch4                       ZZ                   1.15308   
ch4                       data_fakes           1.21896   
ch4                       data_flips           1.00165   
ch4                       tHW                  1.02408   
ch4                       tHq                  1.02345   
ch4                       tZq                  1.09043   
ch4                       ttH                  1.04206   
ch4                       ttVV                 1.03177   
