/mnt_pool/c3_users/user/cvico/WorkSpace/ttw-differential/cmssw-aug2024/CMSSW_10_4_0/src/CMGTools/TTHAnalysis/python/plotter/cards/cards/22Aug/unblinded/cr_nonprompt/jet1_eta
WARNING: the default behaviour of PostFitShapesFromWorkspace is to use the covariance matrix sampling method for the post-fit uncertainty. The option --sampling is deprecated and will be removed in future versions of CombineHarvester
[SetFlag] Changing value of flag "workspaces-use-clone" from 0 to 1
[#1] INFO:ObjectHandling -- RooWorkspace::import(w) importing dataset ch1
[#1] INFO:ObjectHandling -- RooWorkspace::import(w) importing dataset ch2
[#1] INFO:ObjectHandling -- RooWorkspace::import(w) importing dataset ch3
[#1] INFO:ObjectHandling -- RooWorkspace::import(w) importing dataset ch4
[SetFlag] Changing value of flag "workspaces-use-clone" from 0 to 1
>> Doing prefit: TotalBkg
>> Doing prefit: TotalSig
>> Doing prefit: TotalProcs
>> Doing prefit: ch1,Convs
>> Doing prefit: ch1,Rares
>> Doing prefit: ch1,TTW_jet1_eta_bin0
>> Doing prefit: ch1,TTW_jet1_eta_bin1
>> Doing prefit: ch1,TTW_jet1_eta_bin2
>> Doing prefit: ch1,TTW_jet1_eta_bin3
>> Doing prefit: ch1,TTW_ooa
>> Doing prefit: ch1,TTZ
>> Doing prefit: ch1,VVV
>> Doing prefit: ch1,WZ
>> Doing prefit: ch1,ZZ
>> Doing prefit: ch1,data_fakes
>> Doing prefit: ch1,data_flips
>> Doing prefit: ch1,tHW
>> Doing prefit: ch1,tHq
>> Doing prefit: ch1,tZq
>> Doing prefit: ch1,ttH
>> Doing prefit: ch1,ttVV
>> Doing prefit: ch1,TotalBkg
>> Doing prefit: ch1,TotalSig
>> Doing prefit: ch1,TotalProcs
>> Doing prefit: ch2,Convs
>> Doing prefit: ch2,Rares
>> Doing prefit: ch2,TTW_jet1_eta_bin0
>> Doing prefit: ch2,TTW_jet1_eta_bin1
>> Doing prefit: ch2,TTW_jet1_eta_bin2
>> Doing prefit: ch2,TTW_jet1_eta_bin3
>> Doing prefit: ch2,TTW_ooa
>> Doing prefit: ch2,TTZ
>> Doing prefit: ch2,VVV
>> Doing prefit: ch2,WZ
>> Doing prefit: ch2,ZZ
>> Doing prefit: ch2,data_fakes
>> Doing prefit: ch2,data_flips
>> Doing prefit: ch2,tHW
>> Doing prefit: ch2,tHq
>> Doing prefit: ch2,tZq
>> Doing prefit: ch2,ttH
>> Doing prefit: ch2,ttVV
>> Doing prefit: ch2,TotalBkg
>> Doing prefit: ch2,TotalSig
>> Doing prefit: ch2,TotalProcs
>> Doing prefit: ch3,Convs
>> Doing prefit: ch3,Rares
>> Doing prefit: ch3,TTW_jet1_eta_bin0
>> Doing prefit: ch3,TTW_jet1_eta_bin1
>> Doing prefit: ch3,TTW_jet1_eta_bin2
>> Doing prefit: ch3,TTW_jet1_eta_bin3
>> Doing prefit: ch3,TTW_ooa
>> Doing prefit: ch3,TTZ
>> Doing prefit: ch3,VVV
>> Doing prefit: ch3,WZ
>> Doing prefit: ch3,ZZ
>> Doing prefit: ch3,data_fakes
>> Doing prefit: ch3,data_flips
>> Doing prefit: ch3,tHW
>> Doing prefit: ch3,tHq
>> Doing prefit: ch3,tZq
>> Doing prefit: ch3,ttH
>> Doing prefit: ch3,ttVV
>> Doing prefit: ch3,TotalBkg
>> Doing prefit: ch3,TotalSig
>> Doing prefit: ch3,TotalProcs
>> Doing prefit: ch4,Convs
>> Doing prefit: ch4,Rares
>> Doing prefit: ch4,TTW_jet1_eta_bin0
>> Doing prefit: ch4,TTW_jet1_eta_bin1
>> Doing prefit: ch4,TTW_jet1_eta_bin2
>> Doing prefit: ch4,TTW_jet1_eta_bin3
>> Doing prefit: ch4,TTW_ooa
>> Doing prefit: ch4,TTZ
>> Doing prefit: ch4,VVV
>> Doing prefit: ch4,WZ
>> Doing prefit: ch4,ZZ
>> Doing prefit: ch4,data_fakes
>> Doing prefit: ch4,data_flips
>> Doing prefit: ch4,tHW
>> Doing prefit: ch4,tHq
>> Doing prefit: ch4,tZq
>> Doing prefit: ch4,ttH
>> Doing prefit: ch4,ttVV
>> Doing prefit: ch4,TotalBkg
>> Doing prefit: ch4,TotalSig
>> Doing prefit: ch4,TotalProcs
Bin                       Total relative bkg uncert. (prefit)
----------------------------------------------------------
ch1                       0.14836   
ch2                       0.14623   
ch3                       0.15100   
ch4                       0.13826   
>> Doing postfit: TotalBkg
>> Doing postfit: TotalSig
>> Doing postfit: TotalProcs
>> Doing postfit: ch1,Convs
>> Doing postfit: ch1,Rares
>> Doing postfit: ch1,TTW_jet1_eta_bin0
>> Doing postfit: ch1,TTW_jet1_eta_bin1
>> Doing postfit: ch1,TTW_jet1_eta_bin2
>> Doing postfit: ch1,TTW_jet1_eta_bin3
>> Doing postfit: ch1,TTW_ooa
>> Doing postfit: ch1,TTZ
>> Doing postfit: ch1,VVV
>> Doing postfit: ch1,WZ
>> Doing postfit: ch1,ZZ
>> Doing postfit: ch1,data_fakes
>> Doing postfit: ch1,data_flips
>> Doing postfit: ch1,tHW
>> Doing postfit: ch1,tHq
>> Doing postfit: ch1,tZq
>> Doing postfit: ch1,ttH
>> Doing postfit: ch1,ttVV
>> Doing postfit: ch1,TotalBkg
>> Doing postfit: ch1,TotalSig
>> Doing postfit: ch1,TotalProcs
>> Doing postfit: ch2,Convs
>> Doing postfit: ch2,Rares
>> Doing postfit: ch2,TTW_jet1_eta_bin0
>> Doing postfit: ch2,TTW_jet1_eta_bin1
>> Doing postfit: ch2,TTW_jet1_eta_bin2
>> Doing postfit: ch2,TTW_jet1_eta_bin3
>> Doing postfit: ch2,TTW_ooa
>> Doing postfit: ch2,TTZ
>> Doing postfit: ch2,VVV
>> Doing postfit: ch2,WZ
>> Doing postfit: ch2,ZZ
>> Doing postfit: ch2,data_fakes
>> Doing postfit: ch2,data_flips
>> Doing postfit: ch2,tHW
>> Doing postfit: ch2,tHq
>> Doing postfit: ch2,tZq
>> Doing postfit: ch2,ttH
>> Doing postfit: ch2,ttVV
>> Doing postfit: ch2,TotalBkg
>> Doing postfit: ch2,TotalSig
>> Doing postfit: ch2,TotalProcs
>> Doing postfit: ch3,Convs
>> Doing postfit: ch3,Rares
>> Doing postfit: ch3,TTW_jet1_eta_bin0
>> Doing postfit: ch3,TTW_jet1_eta_bin1
>> Doing postfit: ch3,TTW_jet1_eta_bin2
>> Doing postfit: ch3,TTW_jet1_eta_bin3
>> Doing postfit: ch3,TTW_ooa
>> Doing postfit: ch3,TTZ
>> Doing postfit: ch3,VVV
>> Doing postfit: ch3,WZ
>> Doing postfit: ch3,ZZ
>> Doing postfit: ch3,data_fakes
>> Doing postfit: ch3,data_flips
>> Doing postfit: ch3,tHW
>> Doing postfit: ch3,tHq
>> Doing postfit: ch3,tZq
>> Doing postfit: ch3,ttH
>> Doing postfit: ch3,ttVV
>> Doing postfit: ch3,TotalBkg
>> Doing postfit: ch3,TotalSig
>> Doing postfit: ch3,TotalProcs
>> Doing postfit: ch4,Convs
>> Doing postfit: ch4,Rares
>> Doing postfit: ch4,TTW_jet1_eta_bin0
>> Doing postfit: ch4,TTW_jet1_eta_bin1
>> Doing postfit: ch4,TTW_jet1_eta_bin2
>> Doing postfit: ch4,TTW_jet1_eta_bin3
>> Doing postfit: ch4,TTW_ooa
>> Doing postfit: ch4,TTZ
>> Doing postfit: ch4,VVV
>> Doing postfit: ch4,WZ
>> Doing postfit: ch4,ZZ
>> Doing postfit: ch4,data_fakes
>> Doing postfit: ch4,data_flips
>> Doing postfit: ch4,tHW
>> Doing postfit: ch4,tHq
>> Doing postfit: ch4,tZq
>> Doing postfit: ch4,ttH
>> Doing postfit: ch4,ttVV
>> Doing postfit: ch4,TotalBkg
>> Doing postfit: ch4,TotalSig
>> Doing postfit: ch4,TotalProcs

Bin                       Total relative bkg uncert. (postfit)
----------------------------------------------------------
ch1                       0.11160   
ch2                       0.15467   
ch3                       0.10569   
ch4                       0.09183   

Bin                       Process              Scale factor
----------------------------------------------------------
ch1                       Convs                0.96029   
ch1                       Rares                1.66046   
ch1                       TTW_jet1_eta_bin0    1.02430   
ch1                       TTW_jet1_eta_bin1    1.13226   
ch1                       TTW_jet1_eta_bin2    1.36279   
ch1                       TTW_jet1_eta_bin3    1.20578   
ch1                       TTW_ooa              1.00692   
ch1                       TTZ                  1.12132   
ch1                       VVV                  1.26670   
ch1                       WZ                   0.86684   
ch1                       ZZ                   1.13475   
ch1                       data_fakes           1.23243   
ch1                       data_flips           1.00175   
ch1                       tHW                  1.03521   
ch1                       tHq                  1.02435   
ch1                       tZq                  1.08545   
ch1                       ttH                  0.95498   
ch1                       ttVV                 0.99360   
ch2                       Convs                1.02238   
ch2                       Rares                2.23353   
ch2                       TTW_jet1_eta_bin0    0.95276   
ch2                       TTW_jet1_eta_bin1    1.19196   
ch2                       TTW_jet1_eta_bin2    1.47508   
ch2                       TTW_jet1_eta_bin3    1.25791   
ch2                       TTW_ooa              1.05284   
ch2                       TTZ                  1.11243   
ch2                       VVV                  1.35491   
ch2                       WZ                   1.13107   
ch2                       ZZ                   1.45010   
ch2                       data_fakes           1.30153   
ch2                       data_flips           1.00214   
ch2                       tHW                  1.06692   
ch2                       tHq                  1.06398   
ch2                       tZq                  1.17517   
ch2                       ttH                  1.01931   
ch2                       ttVV                 1.03163   
ch3                       Convs                1.14523   
ch3                       Rares                1.34715   
ch3                       TTW_jet1_eta_bin0    0.96959   
ch3                       TTW_jet1_eta_bin1    1.15445   
ch3                       TTW_jet1_eta_bin2    1.43610   
ch3                       TTW_jet1_eta_bin3    1.21613   
ch3                       TTW_ooa              1.01843   
ch3                       TTZ                  1.25412   
ch3                       VVV                  1.22149   
ch3                       WZ                   0.82492   
ch3                       ZZ                   1.16853   
ch3                       data_fakes           1.27638   
ch3                       data_flips           1.00135   
ch3                       tHW                  0.97878   
ch3                       tHq                  1.03160   
ch3                       tZq                  1.06639   
ch3                       ttH                  1.01491   
ch3                       ttVV                 1.03117   
ch4                       Convs                1.16811   
ch4                       Rares                1.35026   
ch4                       TTW_jet1_eta_bin0    0.98077   
ch4                       TTW_jet1_eta_bin1    1.19099   
ch4                       TTW_jet1_eta_bin2    1.46383   
ch4                       TTW_jet1_eta_bin3    1.17885   
ch4                       TTW_ooa              1.01071   
ch4                       TTZ                  1.13626   
ch4                       VVV                  1.26125   
ch4                       WZ                   0.83234   
ch4                       ZZ                   1.18358   
ch4                       data_fakes           1.25964   
ch4                       data_flips           1.00173   
ch4                       tHW                  0.99941   
ch4                       tHq                  0.97407   
ch4                       tZq                  1.06448   
ch4                       ttH                  1.03785   
ch4                       ttVV                 1.02436   
