WARNING: the default behaviour of PostFitShapesFromWorkspace is to use the covariance matrix sampling method for the post-fit uncertainty. The option --sampling is deprecated and will be removed in future versions of CombineHarvester
[SetFlag] Changing value of flag "workspaces-use-clone" from 0 to 1
[#1] INFO:ObjectHandling -- RooWorkspace::import(w) importing dataset ch1
[#1] INFO:ObjectHandling -- RooWorkspace::import(w) importing dataset ch2
[#1] INFO:ObjectHandling -- RooWorkspace::import(w) importing dataset ch3
[#1] INFO:ObjectHandling -- RooWorkspace::import(w) importing dataset ch4
[SetFlag] Changing value of flag "workspaces-use-clone" from 0 to 1
>> Doing prefit: TotalBkg
>> Doing prefit: TotalSig
>> Doing prefit: TotalProcs
>> Doing prefit: ch1,Convs
>> Doing prefit: ch1,Rares
>> Doing prefit: ch1,TTW_nbjets_medium_bin0
>> Doing prefit: ch1,TTW_nbjets_medium_bin1
>> Doing prefit: ch1,TTW_ooa
>> Doing prefit: ch1,TTZ
>> Doing prefit: ch1,VVV
>> Doing prefit: ch1,WZ
>> Doing prefit: ch1,ZZ
>> Doing prefit: ch1,data_fakes
>> Doing prefit: ch1,data_flips
>> Doing prefit: ch1,tHW
>> Doing prefit: ch1,tHq
>> Doing prefit: ch1,tZq
>> Doing prefit: ch1,ttH
>> Doing prefit: ch1,ttVV
>> Doing prefit: ch1,TotalBkg
>> Doing prefit: ch1,TotalSig
>> Doing prefit: ch1,TotalProcs
>> Doing prefit: ch2,Convs
>> Doing prefit: ch2,Rares
>> Doing prefit: ch2,TTW_nbjets_medium_bin0
>> Doing prefit: ch2,TTW_nbjets_medium_bin1
>> Doing prefit: ch2,TTW_nbjets_medium_bin2
>> Doing prefit: ch2,TTW_ooa
>> Doing prefit: ch2,TTZ
>> Doing prefit: ch2,VVV
>> Doing prefit: ch2,WZ
>> Doing prefit: ch2,ZZ
>> Doing prefit: ch2,data_fakes
>> Doing prefit: ch2,data_flips
>> Doing prefit: ch2,tHW
>> Doing prefit: ch2,tHq
>> Doing prefit: ch2,tZq
>> Doing prefit: ch2,ttH
>> Doing prefit: ch2,ttVV
>> Doing prefit: ch2,TotalBkg
>> Doing prefit: ch2,TotalSig
>> Doing prefit: ch2,TotalProcs
>> Doing prefit: ch3,Convs
>> Doing prefit: ch3,Rares
>> Doing prefit: ch3,TTW_nbjets_medium_bin0
>> Doing prefit: ch3,TTW_nbjets_medium_bin1
>> Doing prefit: ch3,TTW_nbjets_medium_bin2
>> Doing prefit: ch3,TTW_ooa
>> Doing prefit: ch3,TTZ
>> Doing prefit: ch3,VVV
>> Doing prefit: ch3,WZ
>> Doing prefit: ch3,ZZ
>> Doing prefit: ch3,data_fakes
>> Doing prefit: ch3,data_flips
>> Doing prefit: ch3,tHW
>> Doing prefit: ch3,tHq
>> Doing prefit: ch3,tZq
>> Doing prefit: ch3,ttH
>> Doing prefit: ch3,ttVV
>> Doing prefit: ch3,TotalBkg
>> Doing prefit: ch3,TotalSig
>> Doing prefit: ch3,TotalProcs
>> Doing prefit: ch4,Convs
>> Doing prefit: ch4,Rares
>> Doing prefit: ch4,TTW_nbjets_medium_bin0
>> Doing prefit: ch4,TTW_nbjets_medium_bin1
>> Doing prefit: ch4,TTW_nbjets_medium_bin2
>> Doing prefit: ch4,TTW_ooa
>> Doing prefit: ch4,TTZ
>> Doing prefit: ch4,VVV
>> Doing prefit: ch4,WZ
>> Doing prefit: ch4,ZZ
>> Doing prefit: ch4,data_fakes
>> Doing prefit: ch4,data_flips
>> Doing prefit: ch4,tHW
>> Doing prefit: ch4,tHq
>> Doing prefit: ch4,tZq
>> Doing prefit: ch4,ttH
>> Doing prefit: ch4,ttVV
>> Doing prefit: ch4,TotalBkg
>> Doing prefit: ch4,TotalSig
>> Doing prefit: ch4,TotalProcs
Bin                       Total relative bkg uncert. (prefit)
----------------------------------------------------------
ch1                       0.12827   
ch2                       0.12899   
ch3                       0.13755   
ch4                       0.11488   
>> Doing postfit: TotalBkg
>> Doing postfit: TotalSig
>> Doing postfit: TotalProcs
>> Doing postfit: ch1,Convs
>> Doing postfit: ch1,Rares
>> Doing postfit: ch1,TTW_nbjets_medium_bin0
>> Doing postfit: ch1,TTW_nbjets_medium_bin1
>> Doing postfit: ch1,TTW_ooa
>> Doing postfit: ch1,TTZ
>> Doing postfit: ch1,VVV
>> Doing postfit: ch1,WZ
>> Doing postfit: ch1,ZZ
>> Doing postfit: ch1,data_fakes
>> Doing postfit: ch1,data_flips
>> Doing postfit: ch1,tHW
>> Doing postfit: ch1,tHq
>> Doing postfit: ch1,tZq
>> Doing postfit: ch1,ttH
>> Doing postfit: ch1,ttVV
>> Doing postfit: ch1,TotalBkg
>> Doing postfit: ch1,TotalSig
>> Doing postfit: ch1,TotalProcs
>> Doing postfit: ch2,Convs
>> Doing postfit: ch2,Rares
>> Doing postfit: ch2,TTW_nbjets_medium_bin0
>> Doing postfit: ch2,TTW_nbjets_medium_bin1
>> Doing postfit: ch2,TTW_nbjets_medium_bin2
>> Doing postfit: ch2,TTW_ooa
>> Doing postfit: ch2,TTZ
>> Doing postfit: ch2,VVV
>> Doing postfit: ch2,WZ
>> Doing postfit: ch2,ZZ
>> Doing postfit: ch2,data_fakes
>> Doing postfit: ch2,data_flips
>> Doing postfit: ch2,tHW
>> Doing postfit: ch2,tHq
>> Doing postfit: ch2,tZq
>> Doing postfit: ch2,ttH
>> Doing postfit: ch2,ttVV
>> Doing postfit: ch2,TotalBkg
>> Doing postfit: ch2,TotalSig
>> Doing postfit: ch2,TotalProcs
>> Doing postfit: ch3,Convs
>> Doing postfit: ch3,Rares
>> Doing postfit: ch3,TTW_nbjets_medium_bin0
>> Doing postfit: ch3,TTW_nbjets_medium_bin1
>> Doing postfit: ch3,TTW_nbjets_medium_bin2
>> Doing postfit: ch3,TTW_ooa
>> Doing postfit: ch3,TTZ
>> Doing postfit: ch3,VVV
>> Doing postfit: ch3,WZ
>> Doing postfit: ch3,ZZ
>> Doing postfit: ch3,data_fakes
>> Doing postfit: ch3,data_flips
>> Doing postfit: ch3,tHW
>> Doing postfit: ch3,tHq
>> Doing postfit: ch3,tZq
>> Doing postfit: ch3,ttH
>> Doing postfit: ch3,ttVV
>> Doing postfit: ch3,TotalBkg
>> Doing postfit: ch3,TotalSig
>> Doing postfit: ch3,TotalProcs
>> Doing postfit: ch4,Convs
>> Doing postfit: ch4,Rares
>> Doing postfit: ch4,TTW_nbjets_medium_bin0
>> Doing postfit: ch4,TTW_nbjets_medium_bin1
>> Doing postfit: ch4,TTW_nbjets_medium_bin2
>> Doing postfit: ch4,TTW_ooa
>> Doing postfit: ch4,TTZ
>> Doing postfit: ch4,VVV
>> Doing postfit: ch4,WZ
>> Doing postfit: ch4,ZZ
>> Doing postfit: ch4,data_fakes
>> Doing postfit: ch4,data_flips
>> Doing postfit: ch4,tHW
>> Doing postfit: ch4,tHq
>> Doing postfit: ch4,tZq
>> Doing postfit: ch4,ttH
>> Doing postfit: ch4,ttVV
>> Doing postfit: ch4,TotalBkg
>> Doing postfit: ch4,TotalSig
>> Doing postfit: ch4,TotalProcs

Bin                       Total relative bkg uncert. (postfit)
----------------------------------------------------------
ch1                       0.09061   
ch2                       0.08813   
ch3                       0.09406   
ch4                       0.07463   

Bin                       Process              Scale factor
----------------------------------------------------------
ch1                       Convs                1.14267   
ch1                       Rares                1.24624   
ch1                       TTW_nbjets_medium_bin0 4.35082   
ch1                       TTW_nbjets_medium_bin1 0.19597   
ch1                       TTW_ooa              1.01786   
ch1                       TTZ                  1.12965   
ch1                       VVV                  1.37618   
ch1                       WZ                   0.95197   
ch1                       ZZ                   1.33392   
ch1                       data_fakes           1.33055   
ch1                       data_flips           0.93924   
ch1                       tHW                  1.01226   
ch1                       tHq                  1.01467   
ch1                       tZq                  1.08364   
ch1                       ttH                  1.01357   
ch1                       ttVV                 1.00386   
ch2                       Convs                1.14267   
ch2                       Rares                1.18219   
ch2                       TTW_nbjets_medium_bin0 4.30544   
ch2                       TTW_nbjets_medium_bin1 0.19730   
ch2                       TTW_nbjets_medium_bin2 5.97711   
ch2                       TTW_ooa              1.02278   
ch2                       TTZ                  1.11348   
ch2                       VVV                  1.17270   
ch2                       WZ                   0.80468   
ch2                       ZZ                   1.09529   
ch2                       data_fakes           1.34127   
ch2                       data_flips           0.93924   
ch2                       tHW                  1.01928   
ch2                       tHq                  1.02085   
ch2                       tZq                  1.09393   
ch2                       ttH                  1.02692   
ch2                       ttVV                 1.01471   
ch3                       Convs                1.14267   
ch3                       Rares                1.21829   
ch3                       TTW_nbjets_medium_bin0 4.34651   
ch3                       TTW_nbjets_medium_bin1 0.20494   
ch3                       TTW_nbjets_medium_bin2 7.88786   
ch3                       TTW_ooa              1.03605   
ch3                       TTZ                  1.17775   
ch3                       VVV                  1.24285   
ch3                       WZ                   0.81994   
ch3                       ZZ                   1.14235   
ch3                       data_fakes           1.34501   
ch3                       data_flips           0.93924   
ch3                       tHW                  1.01977   
ch3                       tHq                  1.03266   
ch3                       tZq                  1.10220   
ch3                       ttH                  1.02511   
ch3                       ttVV                 1.02717   
ch4                       Convs                1.14267   
ch4                       Rares                1.19768   
ch4                       TTW_nbjets_medium_bin0 4.58629   
ch4                       TTW_nbjets_medium_bin1 0.21127   
ch4                       TTW_nbjets_medium_bin2 5.93996   
ch4                       TTW_ooa              1.03796   
ch4                       TTZ                  1.18842   
ch4                       VVV                  1.19727   
ch4                       WZ                   0.79945   
ch4                       ZZ                   1.09006   
ch4                       data_fakes           1.28925   
ch4                       data_flips           0.93924   
ch4                       tHW                  1.03834   
ch4                       tHq                  1.02871   
ch4                       tZq                  1.09423   
ch4                       ttH                  1.05840   
ch4                       ttVV                 1.03978   
