WARNING: the default behaviour of PostFitShapesFromWorkspace is to use the covariance matrix sampling method for the post-fit uncertainty. The option --sampling is deprecated and will be removed in future versions of CombineHarvester
[SetFlag] Changing value of flag "workspaces-use-clone" from 0 to 1
[#1] INFO:ObjectHandling -- RooWorkspace::import(w) importing dataset ch1
[#1] INFO:ObjectHandling -- RooWorkspace::import(w) importing dataset ch2
[#1] INFO:ObjectHandling -- RooWorkspace::import(w) importing dataset ch3
[#1] INFO:ObjectHandling -- RooWorkspace::import(w) importing dataset ch4
[SetFlag] Changing value of flag "workspaces-use-clone" from 0 to 1
>> Doing prefit: TotalBkg
>> Doing prefit: TotalSig
>> Doing prefit: TotalProcs
>> Doing prefit: ch1,Convs
>> Doing prefit: ch1,Rares
>> Doing prefit: ch1,TTW_asymmetry_negative
>> Doing prefit: ch1,TTW_asymmetry_positive
>> Doing prefit: ch1,TTW_ooa
>> Doing prefit: ch1,TTZ
>> Doing prefit: ch1,VVV
>> Doing prefit: ch1,WZ
>> Doing prefit: ch1,ZZ
>> Doing prefit: ch1,data_fakes
>> Doing prefit: ch1,tHW
>> Doing prefit: ch1,tHq
>> Doing prefit: ch1,tZq
>> Doing prefit: ch1,ttH
>> Doing prefit: ch1,ttVV
>> Doing prefit: ch1,TotalBkg
>> Doing prefit: ch1,TotalSig
>> Doing prefit: ch1,TotalProcs
>> Doing prefit: ch2,Convs
>> Doing prefit: ch2,Rares
>> Doing prefit: ch2,TTW_asymmetry_negative
>> Doing prefit: ch2,TTW_asymmetry_positive
>> Doing prefit: ch2,TTW_ooa
>> Doing prefit: ch2,TTZ
>> Doing prefit: ch2,VVV
>> Doing prefit: ch2,WZ
>> Doing prefit: ch2,ZZ
>> Doing prefit: ch2,data_fakes
>> Doing prefit: ch2,tHW
>> Doing prefit: ch2,tHq
>> Doing prefit: ch2,tZq
>> Doing prefit: ch2,ttH
>> Doing prefit: ch2,ttVV
>> Doing prefit: ch2,TotalBkg
>> Doing prefit: ch2,TotalSig
>> Doing prefit: ch2,TotalProcs
>> Doing prefit: ch3,Convs
>> Doing prefit: ch3,Rares
>> Doing prefit: ch3,TTW_asymmetry_negative
>> Doing prefit: ch3,TTW_asymmetry_positive
>> Doing prefit: ch3,TTW_ooa
>> Doing prefit: ch3,TTZ
>> Doing prefit: ch3,VVV
>> Doing prefit: ch3,WZ
>> Doing prefit: ch3,ZZ
>> Doing prefit: ch3,data_fakes
>> Doing prefit: ch3,tHW
>> Doing prefit: ch3,tHq
>> Doing prefit: ch3,tZq
>> Doing prefit: ch3,ttH
>> Doing prefit: ch3,ttVV
>> Doing prefit: ch3,TotalBkg
>> Doing prefit: ch3,TotalSig
>> Doing prefit: ch3,TotalProcs
>> Doing prefit: ch4,Convs
>> Doing prefit: ch4,Rares
>> Doing prefit: ch4,TTW_asymmetry_negative
>> Doing prefit: ch4,TTW_asymmetry_positive
>> Doing prefit: ch4,TTW_ooa
>> Doing prefit: ch4,TTZ
>> Doing prefit: ch4,VVV
>> Doing prefit: ch4,WZ
>> Doing prefit: ch4,ZZ
>> Doing prefit: ch4,data_fakes
>> Doing prefit: ch4,tHW
>> Doing prefit: ch4,tHq
>> Doing prefit: ch4,tZq
>> Doing prefit: ch4,ttH
>> Doing prefit: ch4,ttVV
>> Doing prefit: ch4,TotalBkg
>> Doing prefit: ch4,TotalSig
>> Doing prefit: ch4,TotalProcs
Bin                       Total relative bkg uncert. (prefit)
----------------------------------------------------------
ch1                       0.09374   
ch2                       0.08534   
ch3                       0.09680   
ch4                       0.08592   
>> Doing postfit: TotalBkg
>> Doing postfit: TotalSig
>> Doing postfit: TotalProcs
>> Doing postfit: ch1,Convs
>> Doing postfit: ch1,Rares
>> Doing postfit: ch1,TTW_asymmetry_negative
>> Doing postfit: ch1,TTW_asymmetry_positive
>> Doing postfit: ch1,TTW_ooa
>> Doing postfit: ch1,TTZ
>> Doing postfit: ch1,VVV
>> Doing postfit: ch1,WZ
>> Doing postfit: ch1,ZZ
>> Doing postfit: ch1,data_fakes
>> Doing postfit: ch1,tHW
>> Doing postfit: ch1,tHq
>> Doing postfit: ch1,tZq
>> Doing postfit: ch1,ttH
>> Doing postfit: ch1,ttVV
>> Doing postfit: ch1,TotalBkg
>> Doing postfit: ch1,TotalSig
>> Doing postfit: ch1,TotalProcs
>> Doing postfit: ch2,Convs
>> Doing postfit: ch2,Rares
>> Doing postfit: ch2,TTW_asymmetry_negative
>> Doing postfit: ch2,TTW_asymmetry_positive
>> Doing postfit: ch2,TTW_ooa
>> Doing postfit: ch2,TTZ
>> Doing postfit: ch2,VVV
>> Doing postfit: ch2,WZ
>> Doing postfit: ch2,ZZ
>> Doing postfit: ch2,data_fakes
>> Doing postfit: ch2,tHW
>> Doing postfit: ch2,tHq
>> Doing postfit: ch2,tZq
>> Doing postfit: ch2,ttH
>> Doing postfit: ch2,ttVV
>> Doing postfit: ch2,TotalBkg
>> Doing postfit: ch2,TotalSig
>> Doing postfit: ch2,TotalProcs
>> Doing postfit: ch3,Convs
>> Doing postfit: ch3,Rares
>> Doing postfit: ch3,TTW_asymmetry_negative
>> Doing postfit: ch3,TTW_asymmetry_positive
>> Doing postfit: ch3,TTW_ooa
>> Doing postfit: ch3,TTZ
>> Doing postfit: ch3,VVV
>> Doing postfit: ch3,WZ
>> Doing postfit: ch3,ZZ
>> Doing postfit: ch3,data_fakes
>> Doing postfit: ch3,tHW
>> Doing postfit: ch3,tHq
>> Doing postfit: ch3,tZq
>> Doing postfit: ch3,ttH
>> Doing postfit: ch3,ttVV
>> Doing postfit: ch3,TotalBkg
>> Doing postfit: ch3,TotalSig
>> Doing postfit: ch3,TotalProcs
>> Doing postfit: ch4,Convs
>> Doing postfit: ch4,Rares
>> Doing postfit: ch4,TTW_asymmetry_negative
>> Doing postfit: ch4,TTW_asymmetry_positive
>> Doing postfit: ch4,TTW_ooa
>> Doing postfit: ch4,TTZ
>> Doing postfit: ch4,VVV
>> Doing postfit: ch4,WZ
>> Doing postfit: ch4,ZZ
>> Doing postfit: ch4,data_fakes
>> Doing postfit: ch4,tHW
>> Doing postfit: ch4,tHq
>> Doing postfit: ch4,tZq
>> Doing postfit: ch4,ttH
>> Doing postfit: ch4,ttVV
>> Doing postfit: ch4,TotalBkg
>> Doing postfit: ch4,TotalSig
>> Doing postfit: ch4,TotalProcs

Bin                       Total relative bkg uncert. (postfit)
----------------------------------------------------------
ch1                       0.05039   
ch2                       0.05081   
ch3                       0.05272   
ch4                       0.04115   

Bin                       Process              Scale factor
----------------------------------------------------------
ch1                       Convs                1.18668   
ch1                       Rares                1.21860   
ch1                       TTW_asymmetry_negative 1.01062   
ch1                       TTW_asymmetry_positive 1.02777   
ch1                       TTW_ooa              1.04613   
ch1                       TTZ                  1.16102   
ch1                       VVV                  1.28255   
ch1                       WZ                   0.99459   
ch1                       ZZ                   1.40999   
ch1                       data_fakes           1.02554   
ch1                       tHW                  1.03567   
ch1                       tHq                  1.02824   
ch1                       tZq                  1.07849   
ch1                       ttH                  1.01722   
ch1                       ttVV                 1.04517   
ch2                       Convs                1.19892   
ch2                       Rares                1.33579   
ch2                       TTW_asymmetry_negative 1.03588   
ch2                       TTW_asymmetry_positive 1.02548   
ch2                       TTW_ooa              1.04948   
ch2                       TTZ                  1.23389   
ch2                       VVV                  1.23215   
ch2                       WZ                   0.96337   
ch2                       ZZ                   1.23828   
ch2                       data_fakes           1.01387   
ch2                       tHW                  1.03891   
ch2                       tHq                  1.05372   
ch2                       tZq                  1.10750   
ch2                       ttH                  1.03309   
ch2                       ttVV                 1.05676   
ch3                       Convs                1.19892   
ch3                       Rares                1.35616   
ch3                       TTW_asymmetry_negative 1.03622   
ch3                       TTW_asymmetry_positive 1.03744   
ch3                       TTW_ooa              1.05218   
ch3                       TTZ                  1.19185   
ch3                       VVV                  1.25891   
ch3                       WZ                   0.92210   
ch3                       ZZ                   1.23362   
ch3                       data_fakes           0.97692   
ch3                       tHW                  1.04625   
ch3                       tHq                  1.05734   
ch3                       tZq                  1.08770   
ch3                       ttH                  1.04886   
ch3                       ttVV                 1.06905   
ch4                       Convs                1.20532   
ch4                       Rares                1.33108   
ch4                       TTW_asymmetry_negative 1.01219   
ch4                       TTW_asymmetry_positive 1.01726   
ch4                       TTW_ooa              0.99976   
ch4                       TTZ                  1.15365   
ch4                       VVV                  1.21797   
ch4                       WZ                   0.93353   
ch4                       ZZ                   1.23779   
ch4                       data_fakes           0.98669   
ch4                       tHW                  1.01839   
ch4                       tHq                  1.01403   
ch4                       tZq                  1.07397   
ch4                       ttH                  1.01527   
ch4                       ttVV                 1.04215   
