WARNING: the default behaviour of PostFitShapesFromWorkspace is to use the covariance matrix sampling method for the post-fit uncertainty. The option --sampling is deprecated and will be removed in future versions of CombineHarvester
[SetFlag] Changing value of flag "workspaces-use-clone" from 0 to 1
[#1] INFO:ObjectHandling -- RooWorkspace::import(w) importing dataset ch1
[#1] INFO:ObjectHandling -- RooWorkspace::import(w) importing dataset ch10
[#1] INFO:ObjectHandling -- RooWorkspace::import(w) importing dataset ch11
[#1] INFO:ObjectHandling -- RooWorkspace::import(w) importing dataset ch12
[#1] INFO:ObjectHandling -- RooWorkspace::import(w) importing dataset ch2
[#1] INFO:ObjectHandling -- RooWorkspace::import(w) importing dataset ch3
[#1] INFO:ObjectHandling -- RooWorkspace::import(w) importing dataset ch4
[#1] INFO:ObjectHandling -- RooWorkspace::import(w) importing dataset ch5
[#1] INFO:ObjectHandling -- RooWorkspace::import(w) importing dataset ch6
[#1] INFO:ObjectHandling -- RooWorkspace::import(w) importing dataset ch7
[#1] INFO:ObjectHandling -- RooWorkspace::import(w) importing dataset ch8
[#1] INFO:ObjectHandling -- RooWorkspace::import(w) importing dataset ch9
[SetFlag] Changing value of flag "workspaces-use-clone" from 0 to 1
>> Doing prefit: TotalBkg
>> Doing prefit: TotalSig
>> Doing prefit: TotalProcs
>> Doing prefit: ch1,Rares
>> Doing prefit: ch1,TTW_jet2_pt_bin0
>> Doing prefit: ch1,TTW_jet2_pt_bin1
>> Doing prefit: ch1,TTW_jet2_pt_bin2
>> Doing prefit: ch1,TTW_ooa
>> Doing prefit: ch1,TTZ
>> Doing prefit: ch1,VVV
>> Doing prefit: ch1,WZ
>> Doing prefit: ch1,ZZ
>> Doing prefit: ch1,data_fakes
>> Doing prefit: ch1,tHW
>> Doing prefit: ch1,tHq
>> Doing prefit: ch1,tZq
>> Doing prefit: ch1,ttH
>> Doing prefit: ch1,ttVV
>> Doing prefit: ch1,TotalBkg
>> Doing prefit: ch1,TotalSig
>> Doing prefit: ch1,TotalProcs
>> Doing prefit: ch10,Convs
>> Doing prefit: ch10,Rares
>> Doing prefit: ch10,TTW_jet2_pt_bin0
>> Doing prefit: ch10,TTW_jet2_pt_bin1
>> Doing prefit: ch10,TTW_jet2_pt_bin2
>> Doing prefit: ch10,TTW_ooa
>> Doing prefit: ch10,TTZ
>> Doing prefit: ch10,VVV
>> Doing prefit: ch10,WZ
>> Doing prefit: ch10,ZZ
>> Doing prefit: ch10,data_fakes
>> Doing prefit: ch10,data_flips
>> Doing prefit: ch10,tHW
>> Doing prefit: ch10,tHq
>> Doing prefit: ch10,tZq
>> Doing prefit: ch10,ttH
>> Doing prefit: ch10,ttVV
>> Doing prefit: ch10,TotalBkg
>> Doing prefit: ch10,TotalSig
>> Doing prefit: ch10,TotalProcs
>> Doing prefit: ch11,Convs
>> Doing prefit: ch11,Rares
>> Doing prefit: ch11,TTW_jet2_pt_bin0
>> Doing prefit: ch11,TTW_jet2_pt_bin1
>> Doing prefit: ch11,TTW_jet2_pt_bin2
>> Doing prefit: ch11,TTW_ooa
>> Doing prefit: ch11,TTZ
>> Doing prefit: ch11,VVV
>> Doing prefit: ch11,WZ
>> Doing prefit: ch11,ZZ
>> Doing prefit: ch11,data_fakes
>> Doing prefit: ch11,data_flips
>> Doing prefit: ch11,tHW
>> Doing prefit: ch11,tHq
>> Doing prefit: ch11,tZq
>> Doing prefit: ch11,ttH
>> Doing prefit: ch11,ttVV
>> Doing prefit: ch11,TotalBkg
>> Doing prefit: ch11,TotalSig
>> Doing prefit: ch11,TotalProcs
>> Doing prefit: ch12,Rares
>> Doing prefit: ch12,TTW_jet2_pt_bin0
>> Doing prefit: ch12,TTW_jet2_pt_bin1
>> Doing prefit: ch12,TTW_jet2_pt_bin2
>> Doing prefit: ch12,TTW_ooa
>> Doing prefit: ch12,TTZ
>> Doing prefit: ch12,VVV
>> Doing prefit: ch12,WZ
>> Doing prefit: ch12,data_fakes
>> Doing prefit: ch12,tHW
>> Doing prefit: ch12,tHq
>> Doing prefit: ch12,tZq
>> Doing prefit: ch12,ttH
>> Doing prefit: ch12,ttVV
>> Doing prefit: ch12,TotalBkg
>> Doing prefit: ch12,TotalSig
>> Doing prefit: ch12,TotalProcs
>> Doing prefit: ch2,Convs
>> Doing prefit: ch2,Rares
>> Doing prefit: ch2,TTW_jet2_pt_bin0
>> Doing prefit: ch2,TTW_jet2_pt_bin1
>> Doing prefit: ch2,TTW_jet2_pt_bin2
>> Doing prefit: ch2,TTW_ooa
>> Doing prefit: ch2,TTZ
>> Doing prefit: ch2,VVV
>> Doing prefit: ch2,WZ
>> Doing prefit: ch2,ZZ
>> Doing prefit: ch2,data_fakes
>> Doing prefit: ch2,data_flips
>> Doing prefit: ch2,tHW
>> Doing prefit: ch2,tHq
>> Doing prefit: ch2,tZq
>> Doing prefit: ch2,ttH
>> Doing prefit: ch2,ttVV
>> Doing prefit: ch2,TotalBkg
>> Doing prefit: ch2,TotalSig
>> Doing prefit: ch2,TotalProcs
>> Doing prefit: ch3,Convs
>> Doing prefit: ch3,Rares
>> Doing prefit: ch3,TTW_jet2_pt_bin0
>> Doing prefit: ch3,TTW_jet2_pt_bin1
>> Doing prefit: ch3,TTW_jet2_pt_bin2
>> Doing prefit: ch3,TTW_ooa
>> Doing prefit: ch3,TTZ
>> Doing prefit: ch3,VVV
>> Doing prefit: ch3,WZ
>> Doing prefit: ch3,ZZ
>> Doing prefit: ch3,data_fakes
>> Doing prefit: ch3,data_flips
>> Doing prefit: ch3,tHW
>> Doing prefit: ch3,tHq
>> Doing prefit: ch3,tZq
>> Doing prefit: ch3,ttH
>> Doing prefit: ch3,ttVV
>> Doing prefit: ch3,TotalBkg
>> Doing prefit: ch3,TotalSig
>> Doing prefit: ch3,TotalProcs
>> Doing prefit: ch4,Convs
>> Doing prefit: ch4,Rares
>> Doing prefit: ch4,TTW_jet2_pt_bin0
>> Doing prefit: ch4,TTW_jet2_pt_bin1
>> Doing prefit: ch4,TTW_jet2_pt_bin2
>> Doing prefit: ch4,TTW_ooa
>> Doing prefit: ch4,TTZ
>> Doing prefit: ch4,VVV
>> Doing prefit: ch4,WZ
>> Doing prefit: ch4,ZZ
>> Doing prefit: ch4,data_fakes
>> Doing prefit: ch4,data_flips
>> Doing prefit: ch4,tHW
>> Doing prefit: ch4,tHq
>> Doing prefit: ch4,tZq
>> Doing prefit: ch4,ttH
>> Doing prefit: ch4,ttVV
>> Doing prefit: ch4,TotalBkg
>> Doing prefit: ch4,TotalSig
>> Doing prefit: ch4,TotalProcs
>> Doing prefit: ch5,Convs
>> Doing prefit: ch5,Rares
>> Doing prefit: ch5,TTW_jet2_pt_bin0
>> Doing prefit: ch5,TTW_jet2_pt_bin1
>> Doing prefit: ch5,TTW_jet2_pt_bin2
>> Doing prefit: ch5,TTW_ooa
>> Doing prefit: ch5,TTZ
>> Doing prefit: ch5,VVV
>> Doing prefit: ch5,WZ
>> Doing prefit: ch5,ZZ
>> Doing prefit: ch5,data_fakes
>> Doing prefit: ch5,data_flips
>> Doing prefit: ch5,tHW
>> Doing prefit: ch5,tHq
>> Doing prefit: ch5,tZq
>> Doing prefit: ch5,ttH
>> Doing prefit: ch5,ttVV
>> Doing prefit: ch5,TotalBkg
>> Doing prefit: ch5,TotalSig
>> Doing prefit: ch5,TotalProcs
>> Doing prefit: ch6,Rares
>> Doing prefit: ch6,TTW_jet2_pt_bin0
>> Doing prefit: ch6,TTW_jet2_pt_bin1
>> Doing prefit: ch6,TTW_jet2_pt_bin2
>> Doing prefit: ch6,TTW_ooa
>> Doing prefit: ch6,TTZ
>> Doing prefit: ch6,VVV
>> Doing prefit: ch6,WZ
>> Doing prefit: ch6,ZZ
>> Doing prefit: ch6,data_fakes
>> Doing prefit: ch6,tHW
>> Doing prefit: ch6,tHq
>> Doing prefit: ch6,tZq
>> Doing prefit: ch6,ttH
>> Doing prefit: ch6,ttVV
>> Doing prefit: ch6,TotalBkg
>> Doing prefit: ch6,TotalSig
>> Doing prefit: ch6,TotalProcs
>> Doing prefit: ch7,Convs
>> Doing prefit: ch7,Rares
>> Doing prefit: ch7,TTW_jet2_pt_bin0
>> Doing prefit: ch7,TTW_jet2_pt_bin1
>> Doing prefit: ch7,TTW_jet2_pt_bin2
>> Doing prefit: ch7,TTW_ooa
>> Doing prefit: ch7,TTZ
>> Doing prefit: ch7,VVV
>> Doing prefit: ch7,WZ
>> Doing prefit: ch7,ZZ
>> Doing prefit: ch7,data_fakes
>> Doing prefit: ch7,data_flips
>> Doing prefit: ch7,tHW
>> Doing prefit: ch7,tHq
>> Doing prefit: ch7,tZq
>> Doing prefit: ch7,ttH
>> Doing prefit: ch7,ttVV
>> Doing prefit: ch7,TotalBkg
>> Doing prefit: ch7,TotalSig
>> Doing prefit: ch7,TotalProcs
>> Doing prefit: ch8,Convs
>> Doing prefit: ch8,Rares
>> Doing prefit: ch8,TTW_jet2_pt_bin0
>> Doing prefit: ch8,TTW_jet2_pt_bin1
>> Doing prefit: ch8,TTW_jet2_pt_bin2
>> Doing prefit: ch8,TTW_ooa
>> Doing prefit: ch8,TTZ
>> Doing prefit: ch8,VVV
>> Doing prefit: ch8,WZ
>> Doing prefit: ch8,ZZ
>> Doing prefit: ch8,data_fakes
>> Doing prefit: ch8,data_flips
>> Doing prefit: ch8,tHW
>> Doing prefit: ch8,tHq
>> Doing prefit: ch8,tZq
>> Doing prefit: ch8,ttH
>> Doing prefit: ch8,ttVV
>> Doing prefit: ch8,TotalBkg
>> Doing prefit: ch8,TotalSig
>> Doing prefit: ch8,TotalProcs
>> Doing prefit: ch9,Rares
>> Doing prefit: ch9,TTW_jet2_pt_bin0
>> Doing prefit: ch9,TTW_jet2_pt_bin1
>> Doing prefit: ch9,TTW_jet2_pt_bin2
>> Doing prefit: ch9,TTW_ooa
>> Doing prefit: ch9,TTZ
>> Doing prefit: ch9,VVV
>> Doing prefit: ch9,WZ
>> Doing prefit: ch9,ZZ
>> Doing prefit: ch9,data_fakes
>> Doing prefit: ch9,tHW
>> Doing prefit: ch9,tHq
>> Doing prefit: ch9,tZq
>> Doing prefit: ch9,ttH
>> Doing prefit: ch9,ttVV
>> Doing prefit: ch9,TotalBkg
>> Doing prefit: ch9,TotalSig
>> Doing prefit: ch9,TotalProcs
Bin                       Total relative bkg uncert. (prefit)
----------------------------------------------------------
ch1                       0.14114   
ch10                      0.14894   
ch11                      0.11712   
ch12                      0.12264   
ch2                       0.15092   
ch3                       0.10960   
ch4                       0.16871   
ch5                       0.11967   
ch6                       0.20800   
ch7                       0.14523   
ch8                       0.12532   
ch9                       0.17525   
>> Doing postfit: TotalBkg
>> Doing postfit: TotalSig
>> Doing postfit: TotalProcs
>> Doing postfit: ch1,Rares
>> Doing postfit: ch1,TTW_jet2_pt_bin0
>> Doing postfit: ch1,TTW_jet2_pt_bin1
>> Doing postfit: ch1,TTW_jet2_pt_bin2
>> Doing postfit: ch1,TTW_ooa
>> Doing postfit: ch1,TTZ
>> Doing postfit: ch1,VVV
>> Doing postfit: ch1,WZ
>> Doing postfit: ch1,ZZ
>> Doing postfit: ch1,data_fakes
>> Doing postfit: ch1,tHW
>> Doing postfit: ch1,tHq
>> Doing postfit: ch1,tZq
>> Doing postfit: ch1,ttH
>> Doing postfit: ch1,ttVV
>> Doing postfit: ch1,TotalBkg
>> Doing postfit: ch1,TotalSig
>> Doing postfit: ch1,TotalProcs
>> Doing postfit: ch10,Convs
>> Doing postfit: ch10,Rares
>> Doing postfit: ch10,TTW_jet2_pt_bin0
>> Doing postfit: ch10,TTW_jet2_pt_bin1
>> Doing postfit: ch10,TTW_jet2_pt_bin2
>> Doing postfit: ch10,TTW_ooa
>> Doing postfit: ch10,TTZ
>> Doing postfit: ch10,VVV
>> Doing postfit: ch10,WZ
>> Doing postfit: ch10,ZZ
>> Doing postfit: ch10,data_fakes
>> Doing postfit: ch10,data_flips
>> Doing postfit: ch10,tHW
>> Doing postfit: ch10,tHq
>> Doing postfit: ch10,tZq
>> Doing postfit: ch10,ttH
>> Doing postfit: ch10,ttVV
>> Doing postfit: ch10,TotalBkg
>> Doing postfit: ch10,TotalSig
>> Doing postfit: ch10,TotalProcs
>> Doing postfit: ch11,Convs
>> Doing postfit: ch11,Rares
>> Doing postfit: ch11,TTW_jet2_pt_bin0
>> Doing postfit: ch11,TTW_jet2_pt_bin1
>> Doing postfit: ch11,TTW_jet2_pt_bin2
>> Doing postfit: ch11,TTW_ooa
>> Doing postfit: ch11,TTZ
>> Doing postfit: ch11,VVV
>> Doing postfit: ch11,WZ
>> Doing postfit: ch11,ZZ
>> Doing postfit: ch11,data_fakes
>> Doing postfit: ch11,data_flips
>> Doing postfit: ch11,tHW
>> Doing postfit: ch11,tHq
>> Doing postfit: ch11,tZq
>> Doing postfit: ch11,ttH
>> Doing postfit: ch11,ttVV
>> Doing postfit: ch11,TotalBkg
>> Doing postfit: ch11,TotalSig
>> Doing postfit: ch11,TotalProcs
>> Doing postfit: ch12,Rares
>> Doing postfit: ch12,TTW_jet2_pt_bin0
>> Doing postfit: ch12,TTW_jet2_pt_bin1
>> Doing postfit: ch12,TTW_jet2_pt_bin2
>> Doing postfit: ch12,TTW_ooa
>> Doing postfit: ch12,TTZ
>> Doing postfit: ch12,VVV
>> Doing postfit: ch12,WZ
>> Doing postfit: ch12,data_fakes
>> Doing postfit: ch12,tHW
>> Doing postfit: ch12,tHq
>> Doing postfit: ch12,tZq
>> Doing postfit: ch12,ttH
>> Doing postfit: ch12,ttVV
>> Doing postfit: ch12,TotalBkg
>> Doing postfit: ch12,TotalSig
>> Doing postfit: ch12,TotalProcs
>> Doing postfit: ch2,Convs
>> Doing postfit: ch2,Rares
>> Doing postfit: ch2,TTW_jet2_pt_bin0
>> Doing postfit: ch2,TTW_jet2_pt_bin1
>> Doing postfit: ch2,TTW_jet2_pt_bin2
>> Doing postfit: ch2,TTW_ooa
>> Doing postfit: ch2,TTZ
>> Doing postfit: ch2,VVV
>> Doing postfit: ch2,WZ
>> Doing postfit: ch2,ZZ
>> Doing postfit: ch2,data_fakes
>> Doing postfit: ch2,data_flips
>> Doing postfit: ch2,tHW
>> Doing postfit: ch2,tHq
>> Doing postfit: ch2,tZq
>> Doing postfit: ch2,ttH
>> Doing postfit: ch2,ttVV
>> Doing postfit: ch2,TotalBkg
>> Doing postfit: ch2,TotalSig
>> Doing postfit: ch2,TotalProcs
>> Doing postfit: ch3,Convs
>> Doing postfit: ch3,Rares
>> Doing postfit: ch3,TTW_jet2_pt_bin0
>> Doing postfit: ch3,TTW_jet2_pt_bin1
>> Doing postfit: ch3,TTW_jet2_pt_bin2
>> Doing postfit: ch3,TTW_ooa
>> Doing postfit: ch3,TTZ
>> Doing postfit: ch3,VVV
>> Doing postfit: ch3,WZ
>> Doing postfit: ch3,ZZ
>> Doing postfit: ch3,data_fakes
>> Doing postfit: ch3,data_flips
>> Doing postfit: ch3,tHW
>> Doing postfit: ch3,tHq
>> Doing postfit: ch3,tZq
>> Doing postfit: ch3,ttH
>> Doing postfit: ch3,ttVV
>> Doing postfit: ch3,TotalBkg
>> Doing postfit: ch3,TotalSig
>> Doing postfit: ch3,TotalProcs
>> Doing postfit: ch4,Convs
>> Doing postfit: ch4,Rares
>> Doing postfit: ch4,TTW_jet2_pt_bin0
>> Doing postfit: ch4,TTW_jet2_pt_bin1
>> Doing postfit: ch4,TTW_jet2_pt_bin2
>> Doing postfit: ch4,TTW_ooa
>> Doing postfit: ch4,TTZ
>> Doing postfit: ch4,VVV
>> Doing postfit: ch4,WZ
>> Doing postfit: ch4,ZZ
>> Doing postfit: ch4,data_fakes
>> Doing postfit: ch4,data_flips
>> Doing postfit: ch4,tHW
>> Doing postfit: ch4,tHq
>> Doing postfit: ch4,tZq
>> Doing postfit: ch4,ttH
>> Doing postfit: ch4,ttVV
>> Doing postfit: ch4,TotalBkg
>> Doing postfit: ch4,TotalSig
>> Doing postfit: ch4,TotalProcs
>> Doing postfit: ch5,Convs
>> Doing postfit: ch5,Rares
>> Doing postfit: ch5,TTW_jet2_pt_bin0
>> Doing postfit: ch5,TTW_jet2_pt_bin1
>> Doing postfit: ch5,TTW_jet2_pt_bin2
>> Doing postfit: ch5,TTW_ooa
>> Doing postfit: ch5,TTZ
>> Doing postfit: ch5,VVV
>> Doing postfit: ch5,WZ
>> Doing postfit: ch5,ZZ
>> Doing postfit: ch5,data_fakes
>> Doing postfit: ch5,data_flips
>> Doing postfit: ch5,tHW
>> Doing postfit: ch5,tHq
>> Doing postfit: ch5,tZq
>> Doing postfit: ch5,ttH
>> Doing postfit: ch5,ttVV
>> Doing postfit: ch5,TotalBkg
>> Doing postfit: ch5,TotalSig
>> Doing postfit: ch5,TotalProcs
>> Doing postfit: ch6,Rares
>> Doing postfit: ch6,TTW_jet2_pt_bin0
>> Doing postfit: ch6,TTW_jet2_pt_bin1
>> Doing postfit: ch6,TTW_jet2_pt_bin2
>> Doing postfit: ch6,TTW_ooa
>> Doing postfit: ch6,TTZ
>> Doing postfit: ch6,VVV
>> Doing postfit: ch6,WZ
>> Doing postfit: ch6,ZZ
>> Doing postfit: ch6,data_fakes
>> Doing postfit: ch6,tHW
>> Doing postfit: ch6,tHq
>> Doing postfit: ch6,tZq
>> Doing postfit: ch6,ttH
>> Doing postfit: ch6,ttVV
>> Doing postfit: ch6,TotalBkg
>> Doing postfit: ch6,TotalSig
>> Doing postfit: ch6,TotalProcs
>> Doing postfit: ch7,Convs
>> Doing postfit: ch7,Rares
>> Doing postfit: ch7,TTW_jet2_pt_bin0
>> Doing postfit: ch7,TTW_jet2_pt_bin1
>> Doing postfit: ch7,TTW_jet2_pt_bin2
>> Doing postfit: ch7,TTW_ooa
>> Doing postfit: ch7,TTZ
>> Doing postfit: ch7,VVV
>> Doing postfit: ch7,WZ
>> Doing postfit: ch7,ZZ
>> Doing postfit: ch7,data_fakes
>> Doing postfit: ch7,data_flips
>> Doing postfit: ch7,tHW
>> Doing postfit: ch7,tHq
>> Doing postfit: ch7,tZq
>> Doing postfit: ch7,ttH
>> Doing postfit: ch7,ttVV
>> Doing postfit: ch7,TotalBkg
>> Doing postfit: ch7,TotalSig
>> Doing postfit: ch7,TotalProcs
>> Doing postfit: ch8,Convs
>> Doing postfit: ch8,Rares
>> Doing postfit: ch8,TTW_jet2_pt_bin0
>> Doing postfit: ch8,TTW_jet2_pt_bin1
>> Doing postfit: ch8,TTW_jet2_pt_bin2
>> Doing postfit: ch8,TTW_ooa
>> Doing postfit: ch8,TTZ
>> Doing postfit: ch8,VVV
>> Doing postfit: ch8,WZ
>> Doing postfit: ch8,ZZ
>> Doing postfit: ch8,data_fakes
>> Doing postfit: ch8,data_flips
>> Doing postfit: ch8,tHW
>> Doing postfit: ch8,tHq
>> Doing postfit: ch8,tZq
>> Doing postfit: ch8,ttH
>> Doing postfit: ch8,ttVV
>> Doing postfit: ch8,TotalBkg
>> Doing postfit: ch8,TotalSig
>> Doing postfit: ch8,TotalProcs
>> Doing postfit: ch9,Rares
>> Doing postfit: ch9,TTW_jet2_pt_bin0
>> Doing postfit: ch9,TTW_jet2_pt_bin1
>> Doing postfit: ch9,TTW_jet2_pt_bin2
>> Doing postfit: ch9,TTW_ooa
>> Doing postfit: ch9,TTZ
>> Doing postfit: ch9,VVV
>> Doing postfit: ch9,WZ
>> Doing postfit: ch9,ZZ
>> Doing postfit: ch9,data_fakes
>> Doing postfit: ch9,tHW
>> Doing postfit: ch9,tHq
>> Doing postfit: ch9,tZq
>> Doing postfit: ch9,ttH
>> Doing postfit: ch9,ttVV
>> Doing postfit: ch9,TotalBkg
>> Doing postfit: ch9,TotalSig
>> Doing postfit: ch9,TotalProcs

Bin                       Total relative bkg uncert. (postfit)
----------------------------------------------------------
ch1                       0.08044   
ch10                      0.08870   
ch11                      0.06681   
ch12                      0.06505   
ch2                       0.10024   
ch3                       0.07469   
ch4                       0.14708   
ch5                       0.07154   
ch6                       0.11407   
ch7                       0.09264   
ch8                       0.07359   
ch9                       0.08865   

Bin                       Process              Scale factor
----------------------------------------------------------
ch1                       Rares                1.04659   
ch1                       TTW_jet2_pt_bin0     1.15840   
ch1                       TTW_jet2_pt_bin1     1.47481   
ch1                       TTW_jet2_pt_bin2     1.58978   
ch1                       TTW_ooa              1.02620   
ch1                       TTZ                  1.07756   
ch1                       VVV                  1.76217   
ch1                       WZ                   1.02692   
ch1                       ZZ                   1.38937   
ch1                       data_fakes           0.93829   
ch1                       tHW                  0.97978   
ch1                       tHq                  1.02656   
ch1                       tZq                  1.07958   
ch1                       ttH                  1.02509   
ch1                       ttVV                 1.01127   
ch10                      Convs                1.15775   
ch10                      Rares                1.52807   
ch10                      TTW_jet2_pt_bin0     1.20963   
ch10                      TTW_jet2_pt_bin1     1.52429   
ch10                      TTW_jet2_pt_bin2     1.66466   
ch10                      TTW_ooa              1.07706   
ch10                      TTZ                  1.21917   
ch10                      VVV                  1.79554   
ch10                      WZ                   1.06990   
ch10                      ZZ                   1.00718   
ch10                      data_fakes           1.34253   
ch10                      data_flips           0.96734   
ch10                      tHW                  1.09014   
ch10                      tHq                  1.06744   
ch10                      tZq                  1.15503   
ch10                      ttH                  1.05279   
ch10                      ttVV                 1.06948   
ch11                      Convs                1.11029   
ch11                      Rares                1.37776   
ch11                      TTW_jet2_pt_bin0     1.18654   
ch11                      TTW_jet2_pt_bin1     1.50343   
ch11                      TTW_jet2_pt_bin2     1.64210   
ch11                      TTW_ooa              1.04437   
ch11                      TTZ                  1.18177   
ch11                      VVV                  1.59634   
ch11                      WZ                   0.87635   
ch11                      ZZ                   1.16980   
ch11                      data_fakes           1.12297   
ch11                      data_flips           0.96724   
ch11                      tHW                  1.04426   
ch11                      tHq                  1.03730   
ch11                      tZq                  1.11285   
ch11                      ttH                  1.04489   
ch11                      ttVV                 1.04507   
ch12                      Rares                1.04071   
ch12                      TTW_jet2_pt_bin0     1.14128   
ch12                      TTW_jet2_pt_bin1     1.45519   
ch12                      TTW_jet2_pt_bin2     1.62643   
ch12                      TTW_ooa              1.01790   
ch12                      TTZ                  1.14575   
ch12                      VVV                  1.48208   
ch12                      WZ                   1.05573   
ch12                      data_fakes           0.99071   
ch12                      tHW                  0.99734   
ch12                      tHq                  0.99311   
ch12                      tZq                  1.10480   
ch12                      ttH                  1.02747   
ch12                      ttVV                 1.01493   
ch2                       Convs                1.09944   
ch2                       Rares                1.26253   
ch2                       TTW_jet2_pt_bin0     1.23457   
ch2                       TTW_jet2_pt_bin1     1.54932   
ch2                       TTW_jet2_pt_bin2     1.66540   
ch2                       TTW_ooa              1.12161   
ch2                       TTZ                  1.26457   
ch2                       VVV                  1.59165   
ch2                       WZ                   0.86734   
ch2                       ZZ                   1.45121   
ch2                       data_fakes           1.35716   
ch2                       data_flips           0.96786   
ch2                       tHW                  1.07359   
ch2                       tHq                  1.06921   
ch2                       tZq                  1.19602   
ch2                       ttH                  1.10086   
ch2                       ttVV                 1.09653   
ch3                       Convs                1.09117   
ch3                       Rares                1.21329   
ch3                       TTW_jet2_pt_bin0     1.20091   
ch3                       TTW_jet2_pt_bin1     1.50248   
ch3                       TTW_jet2_pt_bin2     1.63349   
ch3                       TTW_ooa              1.06287   
ch3                       TTZ                  1.14318   
ch3                       VVV                  1.50933   
ch3                       WZ                   0.92094   
ch3                       ZZ                   1.25197   
ch3                       data_fakes           1.15512   
ch3                       data_flips           0.96749   
ch3                       tHW                  1.01305   
ch3                       tHq                  1.03618   
ch3                       tZq                  1.06384   
ch3                       ttH                  1.04214   
ch3                       ttVV                 1.04800   
ch4                       Convs                0.88129   
ch4                       Rares                1.28228   
ch4                       TTW_jet2_pt_bin0     1.24133   
ch4                       TTW_jet2_pt_bin1     1.56182   
ch4                       TTW_jet2_pt_bin2     1.79457   
ch4                       TTW_ooa              1.08579   
ch4                       TTZ                  1.25182   
ch4                       VVV                  1.86517   
ch4                       WZ                   1.41833   
ch4                       ZZ                   1.41377   
ch4                       data_fakes           1.20610   
ch4                       data_flips           0.96633   
ch4                       tHW                  1.13398   
ch4                       tHq                  1.08232   
ch4                       tZq                  1.42456   
ch4                       ttH                  1.07938   
ch4                       ttVV                 1.08320   
ch5                       Convs                1.14111   
ch5                       Rares                1.22112   
ch5                       TTW_jet2_pt_bin0     1.20901   
ch5                       TTW_jet2_pt_bin1     1.54969   
ch5                       TTW_jet2_pt_bin2     1.70804   
ch5                       TTW_ooa              1.13220   
ch5                       TTZ                  1.20628   
ch5                       VVV                  1.81095   
ch5                       WZ                   1.80706   
ch5                       ZZ                   1.31346   
ch5                       data_fakes           1.09266   
ch5                       data_flips           0.96732   
ch5                       tHW                  1.07238   
ch5                       tHq                  1.09387   
ch5                       tZq                  1.24286   
ch5                       ttH                  1.08038   
ch5                       ttVV                 1.08123   
ch6                       Rares                1.21597   
ch6                       TTW_jet2_pt_bin0     1.18400   
ch6                       TTW_jet2_pt_bin1     1.48266   
ch6                       TTW_jet2_pt_bin2     1.63414   
ch6                       TTW_ooa              1.08482   
ch6                       TTZ                  1.17899   
ch6                       VVV                  1.69182   
ch6                       WZ                   1.25808   
ch6                       ZZ                   1.29222   
ch6                       data_fakes           1.01470   
ch6                       tHW                  1.05639   
ch6                       tHq                  1.08283   
ch6                       tZq                  1.40710   
ch6                       ttH                  1.05265   
ch6                       ttVV                 1.05280   
ch7                       Convs                1.11002   
ch7                       Rares                1.34030   
ch7                       TTW_jet2_pt_bin0     1.22845   
ch7                       TTW_jet2_pt_bin1     1.56810   
ch7                       TTW_jet2_pt_bin2     1.71017   
ch7                       TTW_ooa              1.16949   
ch7                       TTZ                  1.17335   
ch7                       VVV                  1.37003   
ch7                       WZ                   1.02914   
ch7                       ZZ                   1.18485   
ch7                       data_fakes           1.29006   
ch7                       data_flips           0.96699   
ch7                       tHW                  1.03499   
ch7                       tHq                  1.09530   
ch7                       tZq                  1.19057   
ch7                       ttH                  1.08792   
ch7                       ttVV                 1.08278   
ch8                       Convs                1.07990   
ch8                       Rares                1.28355   
ch8                       TTW_jet2_pt_bin0     1.20753   
ch8                       TTW_jet2_pt_bin1     1.52941   
ch8                       TTW_jet2_pt_bin2     1.64517   
ch8                       TTW_ooa              1.09071   
ch8                       TTZ                  1.13516   
ch8                       VVV                  1.74031   
ch8                       WZ                   0.99801   
ch8                       ZZ                   1.49142   
ch8                       data_fakes           1.10731   
ch8                       data_flips           0.96720   
ch8                       tHW                  1.03322   
ch8                       tHq                  1.03757   
ch8                       tZq                  1.18999   
ch8                       ttH                  1.06347   
ch8                       ttVV                 1.05709   
ch9                       Rares                1.22971   
ch9                       TTW_jet2_pt_bin0     1.16662   
ch9                       TTW_jet2_pt_bin1     1.47940   
ch9                       TTW_jet2_pt_bin2     1.60076   
ch9                       TTW_ooa              1.02271   
ch9                       TTZ                  1.14820   
ch9                       VVV                  1.50544   
ch9                       WZ                   0.97245   
ch9                       ZZ                   1.24414   
ch9                       data_fakes           0.95215   
ch9                       tHW                  1.00927   
ch9                       tHq                  1.08813   
ch9                       tZq                  1.12337   
ch9                       ttH                  1.02931   
ch9                       ttVV                 1.02586   
