WARNING: the default behaviour of PostFitShapesFromWorkspace is to use the covariance matrix sampling method for the post-fit uncertainty. The option --sampling is deprecated and will be removed in future versions of CombineHarvester
[SetFlag] Changing value of flag "workspaces-use-clone" from 0 to 1
[#1] INFO:ObjectHandling -- RooWorkspace::import(w) importing dataset ch1
[#1] INFO:ObjectHandling -- RooWorkspace::import(w) importing dataset ch10
[#1] INFO:ObjectHandling -- RooWorkspace::import(w) importing dataset ch11
[#1] INFO:ObjectHandling -- RooWorkspace::import(w) importing dataset ch12
[#1] INFO:ObjectHandling -- RooWorkspace::import(w) importing dataset ch2
[#1] INFO:ObjectHandling -- RooWorkspace::import(w) importing dataset ch3
[#1] INFO:ObjectHandling -- RooWorkspace::import(w) importing dataset ch4
[#1] INFO:ObjectHandling -- RooWorkspace::import(w) importing dataset ch5
[#1] INFO:ObjectHandling -- RooWorkspace::import(w) importing dataset ch6
[#1] INFO:ObjectHandling -- RooWorkspace::import(w) importing dataset ch7
[#1] INFO:ObjectHandling -- RooWorkspace::import(w) importing dataset ch8
[#1] INFO:ObjectHandling -- RooWorkspace::import(w) importing dataset ch9
[SetFlag] Changing value of flag "workspaces-use-clone" from 0 to 1
>> Doing prefit: TotalBkg
>> Doing prefit: TotalSig
>> Doing prefit: TotalProcs
>> Doing prefit: ch1,Convs
>> Doing prefit: ch1,Rares
>> Doing prefit: ch1,TTW_nbjets_bin0
>> Doing prefit: ch1,TTW_nbjets_bin1
>> Doing prefit: ch1,TTW_ooa
>> Doing prefit: ch1,TTZ
>> Doing prefit: ch1,VVV
>> Doing prefit: ch1,WZ
>> Doing prefit: ch1,ZZ
>> Doing prefit: ch1,data_fakes
>> Doing prefit: ch1,data_flips
>> Doing prefit: ch1,tHW
>> Doing prefit: ch1,tHq
>> Doing prefit: ch1,tZq
>> Doing prefit: ch1,ttH
>> Doing prefit: ch1,ttVV
>> Doing prefit: ch1,TotalBkg
>> Doing prefit: ch1,TotalSig
>> Doing prefit: ch1,TotalProcs
>> Doing prefit: ch10,Convs
>> Doing prefit: ch10,Rares
>> Doing prefit: ch10,TTW_nbjets_bin0
>> Doing prefit: ch10,TTW_nbjets_bin1
>> Doing prefit: ch10,TTW_ooa
>> Doing prefit: ch10,TTZ
>> Doing prefit: ch10,VVV
>> Doing prefit: ch10,WZ
>> Doing prefit: ch10,ZZ
>> Doing prefit: ch10,data_fakes
>> Doing prefit: ch10,data_flips
>> Doing prefit: ch10,tHW
>> Doing prefit: ch10,tHq
>> Doing prefit: ch10,tZq
>> Doing prefit: ch10,ttH
>> Doing prefit: ch10,ttVV
>> Doing prefit: ch10,TotalBkg
>> Doing prefit: ch10,TotalSig
>> Doing prefit: ch10,TotalProcs
>> Doing prefit: ch11,Convs
>> Doing prefit: ch11,Rares
>> Doing prefit: ch11,TTW_nbjets_bin0
>> Doing prefit: ch11,TTW_nbjets_bin1
>> Doing prefit: ch11,TTW_ooa
>> Doing prefit: ch11,TTZ
>> Doing prefit: ch11,VVV
>> Doing prefit: ch11,WZ
>> Doing prefit: ch11,ZZ
>> Doing prefit: ch11,data_fakes
>> Doing prefit: ch11,data_flips
>> Doing prefit: ch11,tHW
>> Doing prefit: ch11,tHq
>> Doing prefit: ch11,tZq
>> Doing prefit: ch11,ttH
>> Doing prefit: ch11,ttVV
>> Doing prefit: ch11,TotalBkg
>> Doing prefit: ch11,TotalSig
>> Doing prefit: ch11,TotalProcs
>> Doing prefit: ch12,Rares
>> Doing prefit: ch12,TTW_nbjets_bin0
>> Doing prefit: ch12,TTW_nbjets_bin1
>> Doing prefit: ch12,TTW_ooa
>> Doing prefit: ch12,TTZ
>> Doing prefit: ch12,VVV
>> Doing prefit: ch12,WZ
>> Doing prefit: ch12,ZZ
>> Doing prefit: ch12,data_fakes
>> Doing prefit: ch12,tHW
>> Doing prefit: ch12,tHq
>> Doing prefit: ch12,tZq
>> Doing prefit: ch12,ttH
>> Doing prefit: ch12,ttVV
>> Doing prefit: ch12,TotalBkg
>> Doing prefit: ch12,TotalSig
>> Doing prefit: ch12,TotalProcs
>> Doing prefit: ch2,Convs
>> Doing prefit: ch2,Rares
>> Doing prefit: ch2,TTW_nbjets_bin0
>> Doing prefit: ch2,TTW_nbjets_bin1
>> Doing prefit: ch2,TTW_ooa
>> Doing prefit: ch2,TTZ
>> Doing prefit: ch2,VVV
>> Doing prefit: ch2,WZ
>> Doing prefit: ch2,ZZ
>> Doing prefit: ch2,data_fakes
>> Doing prefit: ch2,data_flips
>> Doing prefit: ch2,tHW
>> Doing prefit: ch2,tHq
>> Doing prefit: ch2,tZq
>> Doing prefit: ch2,ttH
>> Doing prefit: ch2,ttVV
>> Doing prefit: ch2,TotalBkg
>> Doing prefit: ch2,TotalSig
>> Doing prefit: ch2,TotalProcs
>> Doing prefit: ch3,Rares
>> Doing prefit: ch3,TTW_nbjets_bin0
>> Doing prefit: ch3,TTW_nbjets_bin1
>> Doing prefit: ch3,TTW_ooa
>> Doing prefit: ch3,TTZ
>> Doing prefit: ch3,VVV
>> Doing prefit: ch3,WZ
>> Doing prefit: ch3,ZZ
>> Doing prefit: ch3,data_fakes
>> Doing prefit: ch3,tHW
>> Doing prefit: ch3,tHq
>> Doing prefit: ch3,tZq
>> Doing prefit: ch3,ttH
>> Doing prefit: ch3,ttVV
>> Doing prefit: ch3,TotalBkg
>> Doing prefit: ch3,TotalSig
>> Doing prefit: ch3,TotalProcs
>> Doing prefit: ch4,Convs
>> Doing prefit: ch4,Rares
>> Doing prefit: ch4,TTW_nbjets_bin0
>> Doing prefit: ch4,TTW_nbjets_bin1
>> Doing prefit: ch4,TTW_ooa
>> Doing prefit: ch4,TTZ
>> Doing prefit: ch4,VVV
>> Doing prefit: ch4,WZ
>> Doing prefit: ch4,ZZ
>> Doing prefit: ch4,data_fakes
>> Doing prefit: ch4,data_flips
>> Doing prefit: ch4,tHW
>> Doing prefit: ch4,tHq
>> Doing prefit: ch4,tZq
>> Doing prefit: ch4,ttH
>> Doing prefit: ch4,ttVV
>> Doing prefit: ch4,TotalBkg
>> Doing prefit: ch4,TotalSig
>> Doing prefit: ch4,TotalProcs
>> Doing prefit: ch5,Convs
>> Doing prefit: ch5,Rares
>> Doing prefit: ch5,TTW_nbjets_bin0
>> Doing prefit: ch5,TTW_nbjets_bin1
>> Doing prefit: ch5,TTW_ooa
>> Doing prefit: ch5,TTZ
>> Doing prefit: ch5,VVV
>> Doing prefit: ch5,WZ
>> Doing prefit: ch5,ZZ
>> Doing prefit: ch5,data_fakes
>> Doing prefit: ch5,data_flips
>> Doing prefit: ch5,tHW
>> Doing prefit: ch5,tHq
>> Doing prefit: ch5,tZq
>> Doing prefit: ch5,ttH
>> Doing prefit: ch5,ttVV
>> Doing prefit: ch5,TotalBkg
>> Doing prefit: ch5,TotalSig
>> Doing prefit: ch5,TotalProcs
>> Doing prefit: ch6,Rares
>> Doing prefit: ch6,TTW_nbjets_bin0
>> Doing prefit: ch6,TTW_nbjets_bin1
>> Doing prefit: ch6,TTW_ooa
>> Doing prefit: ch6,TTZ
>> Doing prefit: ch6,VVV
>> Doing prefit: ch6,WZ
>> Doing prefit: ch6,ZZ
>> Doing prefit: ch6,data_fakes
>> Doing prefit: ch6,tHW
>> Doing prefit: ch6,tHq
>> Doing prefit: ch6,tZq
>> Doing prefit: ch6,ttH
>> Doing prefit: ch6,ttVV
>> Doing prefit: ch6,TotalBkg
>> Doing prefit: ch6,TotalSig
>> Doing prefit: ch6,TotalProcs
>> Doing prefit: ch7,Convs
>> Doing prefit: ch7,Rares
>> Doing prefit: ch7,TTW_nbjets_bin0
>> Doing prefit: ch7,TTW_nbjets_bin1
>> Doing prefit: ch7,TTW_ooa
>> Doing prefit: ch7,TTZ
>> Doing prefit: ch7,VVV
>> Doing prefit: ch7,WZ
>> Doing prefit: ch7,ZZ
>> Doing prefit: ch7,data_fakes
>> Doing prefit: ch7,data_flips
>> Doing prefit: ch7,tHW
>> Doing prefit: ch7,tHq
>> Doing prefit: ch7,tZq
>> Doing prefit: ch7,ttH
>> Doing prefit: ch7,ttVV
>> Doing prefit: ch7,TotalBkg
>> Doing prefit: ch7,TotalSig
>> Doing prefit: ch7,TotalProcs
>> Doing prefit: ch8,Convs
>> Doing prefit: ch8,Rares
>> Doing prefit: ch8,TTW_nbjets_bin0
>> Doing prefit: ch8,TTW_nbjets_bin1
>> Doing prefit: ch8,TTW_ooa
>> Doing prefit: ch8,TTZ
>> Doing prefit: ch8,VVV
>> Doing prefit: ch8,WZ
>> Doing prefit: ch8,ZZ
>> Doing prefit: ch8,data_fakes
>> Doing prefit: ch8,data_flips
>> Doing prefit: ch8,tHW
>> Doing prefit: ch8,tHq
>> Doing prefit: ch8,tZq
>> Doing prefit: ch8,ttH
>> Doing prefit: ch8,ttVV
>> Doing prefit: ch8,TotalBkg
>> Doing prefit: ch8,TotalSig
>> Doing prefit: ch8,TotalProcs
>> Doing prefit: ch9,Rares
>> Doing prefit: ch9,TTW_nbjets_bin0
>> Doing prefit: ch9,TTW_nbjets_bin1
>> Doing prefit: ch9,TTW_ooa
>> Doing prefit: ch9,TTZ
>> Doing prefit: ch9,VVV
>> Doing prefit: ch9,WZ
>> Doing prefit: ch9,ZZ
>> Doing prefit: ch9,data_fakes
>> Doing prefit: ch9,tHW
>> Doing prefit: ch9,tHq
>> Doing prefit: ch9,tZq
>> Doing prefit: ch9,ttH
>> Doing prefit: ch9,ttVV
>> Doing prefit: ch9,TotalBkg
>> Doing prefit: ch9,TotalSig
>> Doing prefit: ch9,TotalProcs
Bin                       Total relative bkg uncert. (prefit)
----------------------------------------------------------
ch1                       0.13446   
ch10                      0.16413   
ch11                      0.10809   
ch12                      0.14590   
ch2                       0.12124   
ch3                       0.14558   
ch4                       0.21526   
ch5                       0.11596   
ch6                       0.15354   
ch7                       0.15193   
ch8                       0.12494   
ch9                       0.15635   
>> Doing postfit: TotalBkg
>> Doing postfit: TotalSig
>> Doing postfit: TotalProcs
>> Doing postfit: ch1,Convs
>> Doing postfit: ch1,Rares
>> Doing postfit: ch1,TTW_nbjets_bin0
>> Doing postfit: ch1,TTW_nbjets_bin1
>> Doing postfit: ch1,TTW_ooa
>> Doing postfit: ch1,TTZ
>> Doing postfit: ch1,VVV
>> Doing postfit: ch1,WZ
>> Doing postfit: ch1,ZZ
>> Doing postfit: ch1,data_fakes
>> Doing postfit: ch1,data_flips
>> Doing postfit: ch1,tHW
>> Doing postfit: ch1,tHq
>> Doing postfit: ch1,tZq
>> Doing postfit: ch1,ttH
>> Doing postfit: ch1,ttVV
>> Doing postfit: ch1,TotalBkg
>> Doing postfit: ch1,TotalSig
>> Doing postfit: ch1,TotalProcs
>> Doing postfit: ch10,Convs
>> Doing postfit: ch10,Rares
>> Doing postfit: ch10,TTW_nbjets_bin0
>> Doing postfit: ch10,TTW_nbjets_bin1
>> Doing postfit: ch10,TTW_ooa
>> Doing postfit: ch10,TTZ
>> Doing postfit: ch10,VVV
>> Doing postfit: ch10,WZ
>> Doing postfit: ch10,ZZ
>> Doing postfit: ch10,data_fakes
>> Doing postfit: ch10,data_flips
>> Doing postfit: ch10,tHW
>> Doing postfit: ch10,tHq
>> Doing postfit: ch10,tZq
>> Doing postfit: ch10,ttH
>> Doing postfit: ch10,ttVV
>> Doing postfit: ch10,TotalBkg
>> Doing postfit: ch10,TotalSig
>> Doing postfit: ch10,TotalProcs
>> Doing postfit: ch11,Convs
>> Doing postfit: ch11,Rares
>> Doing postfit: ch11,TTW_nbjets_bin0
>> Doing postfit: ch11,TTW_nbjets_bin1
>> Doing postfit: ch11,TTW_ooa
>> Doing postfit: ch11,TTZ
>> Doing postfit: ch11,VVV
>> Doing postfit: ch11,WZ
>> Doing postfit: ch11,ZZ
>> Doing postfit: ch11,data_fakes
>> Doing postfit: ch11,data_flips
>> Doing postfit: ch11,tHW
>> Doing postfit: ch11,tHq
>> Doing postfit: ch11,tZq
>> Doing postfit: ch11,ttH
>> Doing postfit: ch11,ttVV
>> Doing postfit: ch11,TotalBkg
>> Doing postfit: ch11,TotalSig
>> Doing postfit: ch11,TotalProcs
>> Doing postfit: ch12,Rares
>> Doing postfit: ch12,TTW_nbjets_bin0
>> Doing postfit: ch12,TTW_nbjets_bin1
>> Doing postfit: ch12,TTW_ooa
>> Doing postfit: ch12,TTZ
>> Doing postfit: ch12,VVV
>> Doing postfit: ch12,WZ
>> Doing postfit: ch12,ZZ
>> Doing postfit: ch12,data_fakes
>> Doing postfit: ch12,tHW
>> Doing postfit: ch12,tHq
>> Doing postfit: ch12,tZq
>> Doing postfit: ch12,ttH
>> Doing postfit: ch12,ttVV
>> Doing postfit: ch12,TotalBkg
>> Doing postfit: ch12,TotalSig
>> Doing postfit: ch12,TotalProcs
>> Doing postfit: ch2,Convs
>> Doing postfit: ch2,Rares
>> Doing postfit: ch2,TTW_nbjets_bin0
>> Doing postfit: ch2,TTW_nbjets_bin1
>> Doing postfit: ch2,TTW_ooa
>> Doing postfit: ch2,TTZ
>> Doing postfit: ch2,VVV
>> Doing postfit: ch2,WZ
>> Doing postfit: ch2,ZZ
>> Doing postfit: ch2,data_fakes
>> Doing postfit: ch2,data_flips
>> Doing postfit: ch2,tHW
>> Doing postfit: ch2,tHq
>> Doing postfit: ch2,tZq
>> Doing postfit: ch2,ttH
>> Doing postfit: ch2,ttVV
>> Doing postfit: ch2,TotalBkg
>> Doing postfit: ch2,TotalSig
>> Doing postfit: ch2,TotalProcs
>> Doing postfit: ch3,Rares
>> Doing postfit: ch3,TTW_nbjets_bin0
>> Doing postfit: ch3,TTW_nbjets_bin1
>> Doing postfit: ch3,TTW_ooa
>> Doing postfit: ch3,TTZ
>> Doing postfit: ch3,VVV
>> Doing postfit: ch3,WZ
>> Doing postfit: ch3,ZZ
>> Doing postfit: ch3,data_fakes
>> Doing postfit: ch3,tHW
>> Doing postfit: ch3,tHq
>> Doing postfit: ch3,tZq
>> Doing postfit: ch3,ttH
>> Doing postfit: ch3,ttVV
>> Doing postfit: ch3,TotalBkg
>> Doing postfit: ch3,TotalSig
>> Doing postfit: ch3,TotalProcs
>> Doing postfit: ch4,Convs
>> Doing postfit: ch4,Rares
>> Doing postfit: ch4,TTW_nbjets_bin0
>> Doing postfit: ch4,TTW_nbjets_bin1
>> Doing postfit: ch4,TTW_ooa
>> Doing postfit: ch4,TTZ
>> Doing postfit: ch4,VVV
>> Doing postfit: ch4,WZ
>> Doing postfit: ch4,ZZ
>> Doing postfit: ch4,data_fakes
>> Doing postfit: ch4,data_flips
>> Doing postfit: ch4,tHW
>> Doing postfit: ch4,tHq
>> Doing postfit: ch4,tZq
>> Doing postfit: ch4,ttH
>> Doing postfit: ch4,ttVV
>> Doing postfit: ch4,TotalBkg
>> Doing postfit: ch4,TotalSig
>> Doing postfit: ch4,TotalProcs
>> Doing postfit: ch5,Convs
>> Doing postfit: ch5,Rares
>> Doing postfit: ch5,TTW_nbjets_bin0
>> Doing postfit: ch5,TTW_nbjets_bin1
>> Doing postfit: ch5,TTW_ooa
>> Doing postfit: ch5,TTZ
>> Doing postfit: ch5,VVV
>> Doing postfit: ch5,WZ
>> Doing postfit: ch5,ZZ
>> Doing postfit: ch5,data_fakes
>> Doing postfit: ch5,data_flips
>> Doing postfit: ch5,tHW
>> Doing postfit: ch5,tHq
>> Doing postfit: ch5,tZq
>> Doing postfit: ch5,ttH
>> Doing postfit: ch5,ttVV
>> Doing postfit: ch5,TotalBkg
>> Doing postfit: ch5,TotalSig
>> Doing postfit: ch5,TotalProcs
>> Doing postfit: ch6,Rares
>> Doing postfit: ch6,TTW_nbjets_bin0
>> Doing postfit: ch6,TTW_nbjets_bin1
>> Doing postfit: ch6,TTW_ooa
>> Doing postfit: ch6,TTZ
>> Doing postfit: ch6,VVV
>> Doing postfit: ch6,WZ
>> Doing postfit: ch6,ZZ
>> Doing postfit: ch6,data_fakes
>> Doing postfit: ch6,tHW
>> Doing postfit: ch6,tHq
>> Doing postfit: ch6,tZq
>> Doing postfit: ch6,ttH
>> Doing postfit: ch6,ttVV
>> Doing postfit: ch6,TotalBkg
>> Doing postfit: ch6,TotalSig
>> Doing postfit: ch6,TotalProcs
>> Doing postfit: ch7,Convs
>> Doing postfit: ch7,Rares
>> Doing postfit: ch7,TTW_nbjets_bin0
>> Doing postfit: ch7,TTW_nbjets_bin1
>> Doing postfit: ch7,TTW_ooa
>> Doing postfit: ch7,TTZ
>> Doing postfit: ch7,VVV
>> Doing postfit: ch7,WZ
>> Doing postfit: ch7,ZZ
>> Doing postfit: ch7,data_fakes
>> Doing postfit: ch7,data_flips
>> Doing postfit: ch7,tHW
>> Doing postfit: ch7,tHq
>> Doing postfit: ch7,tZq
>> Doing postfit: ch7,ttH
>> Doing postfit: ch7,ttVV
>> Doing postfit: ch7,TotalBkg
>> Doing postfit: ch7,TotalSig
>> Doing postfit: ch7,TotalProcs
>> Doing postfit: ch8,Convs
>> Doing postfit: ch8,Rares
>> Doing postfit: ch8,TTW_nbjets_bin0
>> Doing postfit: ch8,TTW_nbjets_bin1
>> Doing postfit: ch8,TTW_ooa
>> Doing postfit: ch8,TTZ
>> Doing postfit: ch8,VVV
>> Doing postfit: ch8,WZ
>> Doing postfit: ch8,ZZ
>> Doing postfit: ch8,data_fakes
>> Doing postfit: ch8,data_flips
>> Doing postfit: ch8,tHW
>> Doing postfit: ch8,tHq
>> Doing postfit: ch8,tZq
>> Doing postfit: ch8,ttH
>> Doing postfit: ch8,ttVV
>> Doing postfit: ch8,TotalBkg
>> Doing postfit: ch8,TotalSig
>> Doing postfit: ch8,TotalProcs
>> Doing postfit: ch9,Rares
>> Doing postfit: ch9,TTW_nbjets_bin0
>> Doing postfit: ch9,TTW_nbjets_bin1
>> Doing postfit: ch9,TTW_ooa
>> Doing postfit: ch9,TTZ
>> Doing postfit: ch9,VVV
>> Doing postfit: ch9,WZ
>> Doing postfit: ch9,ZZ
>> Doing postfit: ch9,data_fakes
>> Doing postfit: ch9,tHW
>> Doing postfit: ch9,tHq
>> Doing postfit: ch9,tZq
>> Doing postfit: ch9,ttH
>> Doing postfit: ch9,ttVV
>> Doing postfit: ch9,TotalBkg
>> Doing postfit: ch9,TotalSig
>> Doing postfit: ch9,TotalProcs

Bin                       Total relative bkg uncert. (postfit)
----------------------------------------------------------
ch1                       0.09115   
ch10                      0.08558   
ch11                      0.06669   
ch12                      0.08362   
ch2                       0.08433   
ch3                       0.09469   
ch4                       0.15535   
ch5                       0.07411   
ch6                       0.12442   
ch7                       0.10311   
ch8                       0.08285   
ch9                       0.10099   

Bin                       Process              Scale factor
----------------------------------------------------------
ch1                       Convs                1.18825   
ch1                       Rares                1.27254   
ch1                       TTW_nbjets_bin0      1.55784   
ch1                       TTW_nbjets_bin1      0.00000   
ch1                       TTW_ooa              1.08879   
ch1                       TTZ                  1.14965   
ch1                       VVV                  1.22993   
ch1                       WZ                   1.01308   
ch1                       ZZ                   1.36838   
ch1                       data_fakes           1.58968   
ch1                       data_flips           0.93541   
ch1                       tHW                  1.04511   
ch1                       tHq                  1.05598   
ch1                       tZq                  1.09929   
ch1                       ttH                  1.04081   
ch1                       ttVV                 1.04637   
ch10                      Convs                1.20303   
ch10                      Rares                1.35526   
ch10                      TTW_nbjets_bin0      1.52642   
ch10                      TTW_nbjets_bin1      0.00000   
ch10                      TTW_ooa              1.00491   
ch10                      TTZ                  1.21441   
ch10                      VVV                  0.97420   
ch10                      WZ                   0.86626   
ch10                      ZZ                   1.12779   
ch10                      data_fakes           1.83615   
ch10                      data_flips           0.93515   
ch10                      tHW                  0.97865   
ch10                      tHq                  1.01950   
ch10                      tZq                  1.09719   
ch10                      ttH                  1.01779   
ch10                      ttVV                 1.02405   
ch11                      Convs                1.32406   
ch11                      Rares                1.11766   
ch11                      TTW_nbjets_bin0      1.48893   
ch11                      TTW_nbjets_bin1      0.00000   
ch11                      TTW_ooa              0.98373   
ch11                      TTZ                  1.18649   
ch11                      VVV                  1.16125   
ch11                      WZ                   0.93862   
ch11                      ZZ                   1.29081   
ch11                      data_fakes           1.37288   
ch11                      data_flips           0.93494   
ch11                      tHW                  0.99875   
ch11                      tHq                  0.98632   
ch11                      tZq                  1.02218   
ch11                      ttH                  0.99721   
ch11                      ttVV                 0.99860   
ch12                      Rares                1.27477   
ch12                      TTW_nbjets_bin0      1.45148   
ch12                      TTW_nbjets_bin1      0.00000   
ch12                      TTW_ooa              0.94752   
ch12                      TTZ                  1.10080   
ch12                      VVV                  1.14923   
ch12                      WZ                   0.94673   
ch12                      ZZ                   1.09477   
ch12                      data_fakes           1.18644   
ch12                      tHW                  0.96984   
ch12                      tHq                  0.96332   
ch12                      tZq                  1.06901   
ch12                      ttH                  0.98140   
ch12                      ttVV                 0.96623   
ch2                       Convs                1.18274   
ch2                       Rares                1.27654   
ch2                       TTW_nbjets_bin0      1.51736   
ch2                       TTW_nbjets_bin1      0.00000   
ch2                       TTW_ooa              1.03599   
ch2                       TTZ                  1.18561   
ch2                       VVV                  1.20497   
ch2                       WZ                   0.96758   
ch2                       ZZ                   1.27038   
ch2                       data_fakes           1.50782   
ch2                       data_flips           0.93516   
ch2                       tHW                  0.99926   
ch2                       tHq                  1.01309   
ch2                       tZq                  1.08585   
ch2                       ttH                  1.01175   
ch2                       ttVV                 1.00268   
ch3                       Rares                1.30560   
ch3                       TTW_nbjets_bin0      1.46193   
ch3                       TTW_nbjets_bin1      0.00000   
ch3                       TTW_ooa              0.97777   
ch3                       TTZ                  1.12161   
ch3                       VVV                  1.01036   
ch3                       WZ                   0.92288   
ch3                       ZZ                   1.38399   
ch3                       data_fakes           1.16293   
ch3                       tHW                  0.97609   
ch3                       tHq                  0.98300   
ch3                       tZq                  1.03003   
ch3                       ttH                  0.98337   
ch3                       ttVV                 0.97406   
ch4                       Convs                0.89105   
ch4                       Rares                1.26945   
ch4                       TTW_nbjets_bin0      1.56263   
ch4                       TTW_nbjets_bin1      0.00000   
ch4                       TTW_ooa              1.08716   
ch4                       TTZ                  1.20773   
ch4                       VVV                  1.41526   
ch4                       WZ                   1.24610   
ch4                       ZZ                   1.80226   
ch4                       data_fakes           2.07788   
ch4                       data_flips           0.93465   
ch4                       tHW                  1.09370   
ch4                       tHq                  1.09846   
ch4                       tZq                  1.21298   
ch4                       ttH                  1.06949   
ch4                       ttVV                 1.05285   
ch5                       Convs                1.26442   
ch5                       Rares                1.28363   
ch5                       TTW_nbjets_bin0      1.52169   
ch5                       TTW_nbjets_bin1      0.00000   
ch5                       TTW_ooa              1.07678   
ch5                       TTZ                  1.16116   
ch5                       VVV                  1.44994   
ch5                       WZ                   1.22276   
ch5                       ZZ                   1.61223   
ch5                       data_fakes           1.42321   
ch5                       data_flips           0.93502   
ch5                       tHW                  1.06568   
ch5                       tHq                  1.05334   
ch5                       tZq                  1.12459   
ch5                       ttH                  1.04541   
ch5                       ttVV                 1.02634   
ch6                       Rares                1.28556   
ch6                       TTW_nbjets_bin0      1.48908   
ch6                       TTW_nbjets_bin1      0.00000   
ch6                       TTW_ooa              1.04559   
ch6                       TTZ                  1.14093   
ch6                       VVV                  2.86200   
ch6                       WZ                   1.15232   
ch6                       ZZ                   1.77174   
ch6                       data_fakes           1.20763   
ch6                       tHW                  1.03258   
ch6                       tHq                  1.04414   
ch6                       tZq                  1.12191   
ch6                       ttH                  1.00937   
ch6                       ttVV                 0.99790   
ch7                       Convs                1.07545   
ch7                       Rares                1.20646   
ch7                       TTW_nbjets_bin0      1.54243   
ch7                       TTW_nbjets_bin1      0.00000   
ch7                       TTW_ooa              1.05864   
ch7                       TTZ                  1.16362   
ch7                       VVV                  1.21587   
ch7                       WZ                   0.95376   
ch7                       ZZ                   1.11068   
ch7                       data_fakes           1.64108   
ch7                       data_flips           0.93483   
ch7                       tHW                  1.03569   
ch7                       tHq                  1.03399   
ch7                       tZq                  1.13321   
ch7                       ttH                  1.04048   
ch7                       ttVV                 1.03756   
ch8                       Convs                1.03239   
ch8                       Rares                1.22768   
ch8                       TTW_nbjets_bin0      1.51284   
ch8                       TTW_nbjets_bin1      0.00000   
ch8                       TTW_ooa              1.01916   
ch8                       TTZ                  1.11312   
ch8                       VVV                  1.19259   
ch8                       WZ                   0.97531   
ch8                       ZZ                   1.26371   
ch8                       data_fakes           1.42455   
ch8                       data_flips           0.93487   
ch8                       tHW                  1.01886   
ch8                       tHq                  1.01716   
ch8                       tZq                  1.07932   
ch8                       ttH                  1.02145   
ch8                       ttVV                 1.01285   
ch9                       Rares                1.16465   
ch9                       TTW_nbjets_bin0      1.48106   
ch9                       TTW_nbjets_bin1      0.00000   
ch9                       TTW_ooa              0.99145   
ch9                       TTZ                  1.11993   
ch9                       VVV                  1.18520   
ch9                       WZ                   0.97090   
ch9                       ZZ                   0.90880   
ch9                       data_fakes           1.22290   
ch9                       tHW                  0.98926   
ch9                       tHq                  0.98068   
ch9                       tZq                  1.08469   
ch9                       ttH                  0.99619   
ch9                       ttVV                 0.98772   
