WARNING: the default behaviour of PostFitShapesFromWorkspace is to use the covariance matrix sampling method for the post-fit uncertainty. The option --sampling is deprecated and will be removed in future versions of CombineHarvester
[SetFlag] Changing value of flag "workspaces-use-clone" from 0 to 1
[#1] INFO:ObjectHandling -- RooWorkspace::import(w) importing dataset ch1
[#1] INFO:ObjectHandling -- RooWorkspace::import(w) importing dataset ch10
[#1] INFO:ObjectHandling -- RooWorkspace::import(w) importing dataset ch11
[#1] INFO:ObjectHandling -- RooWorkspace::import(w) importing dataset ch12
[#1] INFO:ObjectHandling -- RooWorkspace::import(w) importing dataset ch13
[#1] INFO:ObjectHandling -- RooWorkspace::import(w) importing dataset ch14
[#1] INFO:ObjectHandling -- RooWorkspace::import(w) importing dataset ch15
[#1] INFO:ObjectHandling -- RooWorkspace::import(w) importing dataset ch16
[#1] INFO:ObjectHandling -- RooWorkspace::import(w) importing dataset ch17
[#1] INFO:ObjectHandling -- RooWorkspace::import(w) importing dataset ch18
[#1] INFO:ObjectHandling -- RooWorkspace::import(w) importing dataset ch19
[#1] INFO:ObjectHandling -- RooWorkspace::import(w) importing dataset ch2
[#1] INFO:ObjectHandling -- RooWorkspace::import(w) importing dataset ch20
[#1] INFO:ObjectHandling -- RooWorkspace::import(w) importing dataset ch21
[#1] INFO:ObjectHandling -- RooWorkspace::import(w) importing dataset ch22
[#1] INFO:ObjectHandling -- RooWorkspace::import(w) importing dataset ch23
[#1] INFO:ObjectHandling -- RooWorkspace::import(w) importing dataset ch24
[#1] INFO:ObjectHandling -- RooWorkspace::import(w) importing dataset ch3
[#1] INFO:ObjectHandling -- RooWorkspace::import(w) importing dataset ch4
[#1] INFO:ObjectHandling -- RooWorkspace::import(w) importing dataset ch5
[#1] INFO:ObjectHandling -- RooWorkspace::import(w) importing dataset ch6
[#1] INFO:ObjectHandling -- RooWorkspace::import(w) importing dataset ch7
[#1] INFO:ObjectHandling -- RooWorkspace::import(w) importing dataset ch8
[#1] INFO:ObjectHandling -- RooWorkspace::import(w) importing dataset ch9
[SetFlag] Changing value of flag "workspaces-use-clone" from 0 to 1
>> Doing prefit: TotalBkg
>> Doing prefit: TotalSig
>> Doing prefit: TotalProcs
>> Doing prefit: ch1,Convs
>> Doing prefit: ch1,Rares
>> Doing prefit: ch1,TTW_nbjets_bin0
>> Doing prefit: ch1,TTW_nbjets_bin1
>> Doing prefit: ch1,TTW_ooa
>> Doing prefit: ch1,TTZ
>> Doing prefit: ch1,VVV
>> Doing prefit: ch1,WZ
>> Doing prefit: ch1,ZZ
>> Doing prefit: ch1,data_fakes
>> Doing prefit: ch1,data_flips
>> Doing prefit: ch1,tHW
>> Doing prefit: ch1,tHq
>> Doing prefit: ch1,tZq
>> Doing prefit: ch1,ttH
>> Doing prefit: ch1,ttVV
>> Doing prefit: ch1,TotalBkg
>> Doing prefit: ch1,TotalSig
>> Doing prefit: ch1,TotalProcs
>> Doing prefit: ch10,Convs
>> Doing prefit: ch10,Rares
>> Doing prefit: ch10,TTW_nbjets_bin0
>> Doing prefit: ch10,TTW_nbjets_bin1
>> Doing prefit: ch10,TTW_ooa
>> Doing prefit: ch10,TTZ
>> Doing prefit: ch10,VVV
>> Doing prefit: ch10,WZ
>> Doing prefit: ch10,ZZ
>> Doing prefit: ch10,data_fakes
>> Doing prefit: ch10,data_flips
>> Doing prefit: ch10,tHW
>> Doing prefit: ch10,tHq
>> Doing prefit: ch10,tZq
>> Doing prefit: ch10,ttH
>> Doing prefit: ch10,ttVV
>> Doing prefit: ch10,TotalBkg
>> Doing prefit: ch10,TotalSig
>> Doing prefit: ch10,TotalProcs
>> Doing prefit: ch11,Convs
>> Doing prefit: ch11,Rares
>> Doing prefit: ch11,TTW_nbjets_bin0
>> Doing prefit: ch11,TTW_nbjets_bin1
>> Doing prefit: ch11,TTW_ooa
>> Doing prefit: ch11,TTZ
>> Doing prefit: ch11,VVV
>> Doing prefit: ch11,WZ
>> Doing prefit: ch11,ZZ
>> Doing prefit: ch11,data_fakes
>> Doing prefit: ch11,data_flips
>> Doing prefit: ch11,tHW
>> Doing prefit: ch11,tHq
>> Doing prefit: ch11,tZq
>> Doing prefit: ch11,ttH
>> Doing prefit: ch11,ttVV
>> Doing prefit: ch11,TotalBkg
>> Doing prefit: ch11,TotalSig
>> Doing prefit: ch11,TotalProcs
>> Doing prefit: ch12,Rares
>> Doing prefit: ch12,TTW_nbjets_bin0
>> Doing prefit: ch12,TTW_nbjets_bin1
>> Doing prefit: ch12,TTW_ooa
>> Doing prefit: ch12,TTZ
>> Doing prefit: ch12,VVV
>> Doing prefit: ch12,WZ
>> Doing prefit: ch12,ZZ
>> Doing prefit: ch12,data_fakes
>> Doing prefit: ch12,tHW
>> Doing prefit: ch12,tHq
>> Doing prefit: ch12,tZq
>> Doing prefit: ch12,ttH
>> Doing prefit: ch12,ttVV
>> Doing prefit: ch12,TotalBkg
>> Doing prefit: ch12,TotalSig
>> Doing prefit: ch12,TotalProcs
>> Doing prefit: ch13,Convs
>> Doing prefit: ch13,Rares
>> Doing prefit: ch13,TTW_nbjets_bin0
>> Doing prefit: ch13,TTW_nbjets_bin1
>> Doing prefit: ch13,TTW_ooa
>> Doing prefit: ch13,TTZ
>> Doing prefit: ch13,VVV
>> Doing prefit: ch13,WZ
>> Doing prefit: ch13,ZZ
>> Doing prefit: ch13,data_fakes
>> Doing prefit: ch13,data_flips
>> Doing prefit: ch13,tHW
>> Doing prefit: ch13,tHq
>> Doing prefit: ch13,tZq
>> Doing prefit: ch13,ttH
>> Doing prefit: ch13,ttVV
>> Doing prefit: ch13,TotalBkg
>> Doing prefit: ch13,TotalSig
>> Doing prefit: ch13,TotalProcs
>> Doing prefit: ch14,Convs
>> Doing prefit: ch14,Rares
>> Doing prefit: ch14,TTW_nbjets_bin0
>> Doing prefit: ch14,TTW_nbjets_bin1
>> Doing prefit: ch14,TTW_ooa
>> Doing prefit: ch14,TTZ
>> Doing prefit: ch14,VVV
>> Doing prefit: ch14,WZ
>> Doing prefit: ch14,ZZ
>> Doing prefit: ch14,data_fakes
>> Doing prefit: ch14,data_flips
>> Doing prefit: ch14,tHW
>> Doing prefit: ch14,tHq
>> Doing prefit: ch14,tZq
>> Doing prefit: ch14,ttH
>> Doing prefit: ch14,ttVV
>> Doing prefit: ch14,TotalBkg
>> Doing prefit: ch14,TotalSig
>> Doing prefit: ch14,TotalProcs
>> Doing prefit: ch15,Rares
>> Doing prefit: ch15,TTW_nbjets_bin0
>> Doing prefit: ch15,TTW_nbjets_bin1
>> Doing prefit: ch15,TTW_ooa
>> Doing prefit: ch15,TTZ
>> Doing prefit: ch15,VVV
>> Doing prefit: ch15,WZ
>> Doing prefit: ch15,ZZ
>> Doing prefit: ch15,data_fakes
>> Doing prefit: ch15,tHW
>> Doing prefit: ch15,tHq
>> Doing prefit: ch15,tZq
>> Doing prefit: ch15,ttH
>> Doing prefit: ch15,ttVV
>> Doing prefit: ch15,TotalBkg
>> Doing prefit: ch15,TotalSig
>> Doing prefit: ch15,TotalProcs
>> Doing prefit: ch16,Convs
>> Doing prefit: ch16,Rares
>> Doing prefit: ch16,TTW_nbjets_bin0
>> Doing prefit: ch16,TTW_nbjets_bin1
>> Doing prefit: ch16,TTW_ooa
>> Doing prefit: ch16,TTZ
>> Doing prefit: ch16,VVV
>> Doing prefit: ch16,WZ
>> Doing prefit: ch16,ZZ
>> Doing prefit: ch16,data_fakes
>> Doing prefit: ch16,data_flips
>> Doing prefit: ch16,tHW
>> Doing prefit: ch16,tHq
>> Doing prefit: ch16,tZq
>> Doing prefit: ch16,ttH
>> Doing prefit: ch16,ttVV
>> Doing prefit: ch16,TotalBkg
>> Doing prefit: ch16,TotalSig
>> Doing prefit: ch16,TotalProcs
>> Doing prefit: ch17,Convs
>> Doing prefit: ch17,Rares
>> Doing prefit: ch17,TTW_nbjets_bin0
>> Doing prefit: ch17,TTW_nbjets_bin1
>> Doing prefit: ch17,TTW_ooa
>> Doing prefit: ch17,TTZ
>> Doing prefit: ch17,VVV
>> Doing prefit: ch17,WZ
>> Doing prefit: ch17,ZZ
>> Doing prefit: ch17,data_fakes
>> Doing prefit: ch17,data_flips
>> Doing prefit: ch17,tHW
>> Doing prefit: ch17,tHq
>> Doing prefit: ch17,tZq
>> Doing prefit: ch17,ttH
>> Doing prefit: ch17,ttVV
>> Doing prefit: ch17,TotalBkg
>> Doing prefit: ch17,TotalSig
>> Doing prefit: ch17,TotalProcs
>> Doing prefit: ch18,Rares
>> Doing prefit: ch18,TTW_nbjets_bin0
>> Doing prefit: ch18,TTW_nbjets_bin1
>> Doing prefit: ch18,TTW_ooa
>> Doing prefit: ch18,TTZ
>> Doing prefit: ch18,VVV
>> Doing prefit: ch18,WZ
>> Doing prefit: ch18,ZZ
>> Doing prefit: ch18,data_fakes
>> Doing prefit: ch18,tHW
>> Doing prefit: ch18,tHq
>> Doing prefit: ch18,tZq
>> Doing prefit: ch18,ttH
>> Doing prefit: ch18,ttVV
>> Doing prefit: ch18,TotalBkg
>> Doing prefit: ch18,TotalSig
>> Doing prefit: ch18,TotalProcs
>> Doing prefit: ch19,Convs
>> Doing prefit: ch19,Rares
>> Doing prefit: ch19,TTW_nbjets_bin0
>> Doing prefit: ch19,TTW_nbjets_bin1
>> Doing prefit: ch19,TTW_ooa
>> Doing prefit: ch19,TTZ
>> Doing prefit: ch19,VVV
>> Doing prefit: ch19,WZ
>> Doing prefit: ch19,ZZ
>> Doing prefit: ch19,data_fakes
>> Doing prefit: ch19,data_flips
>> Doing prefit: ch19,tHW
>> Doing prefit: ch19,tHq
>> Doing prefit: ch19,tZq
>> Doing prefit: ch19,ttH
>> Doing prefit: ch19,ttVV
>> Doing prefit: ch19,TotalBkg
>> Doing prefit: ch19,TotalSig
>> Doing prefit: ch19,TotalProcs
>> Doing prefit: ch2,Convs
>> Doing prefit: ch2,Rares
>> Doing prefit: ch2,TTW_nbjets_bin0
>> Doing prefit: ch2,TTW_nbjets_bin1
>> Doing prefit: ch2,TTW_ooa
>> Doing prefit: ch2,TTZ
>> Doing prefit: ch2,VVV
>> Doing prefit: ch2,WZ
>> Doing prefit: ch2,ZZ
>> Doing prefit: ch2,data_fakes
>> Doing prefit: ch2,data_flips
>> Doing prefit: ch2,tHW
>> Doing prefit: ch2,tHq
>> Doing prefit: ch2,tZq
>> Doing prefit: ch2,ttH
>> Doing prefit: ch2,ttVV
>> Doing prefit: ch2,TotalBkg
>> Doing prefit: ch2,TotalSig
>> Doing prefit: ch2,TotalProcs
>> Doing prefit: ch20,Convs
>> Doing prefit: ch20,Rares
>> Doing prefit: ch20,TTW_nbjets_bin0
>> Doing prefit: ch20,TTW_nbjets_bin1
>> Doing prefit: ch20,TTW_ooa
>> Doing prefit: ch20,TTZ
>> Doing prefit: ch20,VVV
>> Doing prefit: ch20,WZ
>> Doing prefit: ch20,ZZ
>> Doing prefit: ch20,data_fakes
>> Doing prefit: ch20,data_flips
>> Doing prefit: ch20,tHW
>> Doing prefit: ch20,tHq
>> Doing prefit: ch20,tZq
>> Doing prefit: ch20,ttH
>> Doing prefit: ch20,ttVV
>> Doing prefit: ch20,TotalBkg
>> Doing prefit: ch20,TotalSig
>> Doing prefit: ch20,TotalProcs
>> Doing prefit: ch21,Rares
>> Doing prefit: ch21,TTW_nbjets_bin0
>> Doing prefit: ch21,TTW_nbjets_bin1
>> Doing prefit: ch21,TTW_ooa
>> Doing prefit: ch21,TTZ
>> Doing prefit: ch21,VVV
>> Doing prefit: ch21,WZ
>> Doing prefit: ch21,ZZ
>> Doing prefit: ch21,data_fakes
>> Doing prefit: ch21,tHW
>> Doing prefit: ch21,tHq
>> Doing prefit: ch21,tZq
>> Doing prefit: ch21,ttH
>> Doing prefit: ch21,ttVV
>> Doing prefit: ch21,TotalBkg
>> Doing prefit: ch21,TotalSig
>> Doing prefit: ch21,TotalProcs
>> Doing prefit: ch22,Convs
>> Doing prefit: ch22,Rares
>> Doing prefit: ch22,TTW_nbjets_bin0
>> Doing prefit: ch22,TTW_nbjets_bin1
>> Doing prefit: ch22,TTW_ooa
>> Doing prefit: ch22,TTZ
>> Doing prefit: ch22,VVV
>> Doing prefit: ch22,WZ
>> Doing prefit: ch22,ZZ
>> Doing prefit: ch22,data_fakes
>> Doing prefit: ch22,data_flips
>> Doing prefit: ch22,tHW
>> Doing prefit: ch22,tHq
>> Doing prefit: ch22,tZq
>> Doing prefit: ch22,ttH
>> Doing prefit: ch22,ttVV
>> Doing prefit: ch22,TotalBkg
>> Doing prefit: ch22,TotalSig
>> Doing prefit: ch22,TotalProcs
>> Doing prefit: ch23,Convs
>> Doing prefit: ch23,Rares
>> Doing prefit: ch23,TTW_nbjets_bin0
>> Doing prefit: ch23,TTW_nbjets_bin1
>> Doing prefit: ch23,TTW_ooa
>> Doing prefit: ch23,TTZ
>> Doing prefit: ch23,VVV
>> Doing prefit: ch23,WZ
>> Doing prefit: ch23,ZZ
>> Doing prefit: ch23,data_fakes
>> Doing prefit: ch23,data_flips
>> Doing prefit: ch23,tHW
>> Doing prefit: ch23,tHq
>> Doing prefit: ch23,tZq
>> Doing prefit: ch23,ttH
>> Doing prefit: ch23,ttVV
>> Doing prefit: ch23,TotalBkg
>> Doing prefit: ch23,TotalSig
>> Doing prefit: ch23,TotalProcs
>> Doing prefit: ch24,Rares
>> Doing prefit: ch24,TTW_nbjets_bin0
>> Doing prefit: ch24,TTW_nbjets_bin1
>> Doing prefit: ch24,TTW_ooa
>> Doing prefit: ch24,TTZ
>> Doing prefit: ch24,VVV
>> Doing prefit: ch24,WZ
>> Doing prefit: ch24,ZZ
>> Doing prefit: ch24,data_fakes
>> Doing prefit: ch24,tHW
>> Doing prefit: ch24,tHq
>> Doing prefit: ch24,tZq
>> Doing prefit: ch24,ttH
>> Doing prefit: ch24,ttVV
>> Doing prefit: ch24,TotalBkg
>> Doing prefit: ch24,TotalSig
>> Doing prefit: ch24,TotalProcs
>> Doing prefit: ch3,Rares
>> Doing prefit: ch3,TTW_nbjets_bin0
>> Doing prefit: ch3,TTW_nbjets_bin1
>> Doing prefit: ch3,TTW_ooa
>> Doing prefit: ch3,TTZ
>> Doing prefit: ch3,VVV
>> Doing prefit: ch3,WZ
>> Doing prefit: ch3,ZZ
>> Doing prefit: ch3,data_fakes
>> Doing prefit: ch3,tHW
>> Doing prefit: ch3,tHq
>> Doing prefit: ch3,tZq
>> Doing prefit: ch3,ttH
>> Doing prefit: ch3,ttVV
>> Doing prefit: ch3,TotalBkg
>> Doing prefit: ch3,TotalSig
>> Doing prefit: ch3,TotalProcs
>> Doing prefit: ch4,Convs
>> Doing prefit: ch4,Rares
>> Doing prefit: ch4,TTW_nbjets_bin0
>> Doing prefit: ch4,TTW_nbjets_bin1
>> Doing prefit: ch4,TTW_ooa
>> Doing prefit: ch4,TTZ
>> Doing prefit: ch4,VVV
>> Doing prefit: ch4,WZ
>> Doing prefit: ch4,ZZ
>> Doing prefit: ch4,data_fakes
>> Doing prefit: ch4,data_flips
>> Doing prefit: ch4,tHW
>> Doing prefit: ch4,tHq
>> Doing prefit: ch4,tZq
>> Doing prefit: ch4,ttH
>> Doing prefit: ch4,ttVV
>> Doing prefit: ch4,TotalBkg
>> Doing prefit: ch4,TotalSig
>> Doing prefit: ch4,TotalProcs
>> Doing prefit: ch5,Convs
>> Doing prefit: ch5,Rares
>> Doing prefit: ch5,TTW_nbjets_bin0
>> Doing prefit: ch5,TTW_nbjets_bin1
>> Doing prefit: ch5,TTW_ooa
>> Doing prefit: ch5,TTZ
>> Doing prefit: ch5,VVV
>> Doing prefit: ch5,WZ
>> Doing prefit: ch5,ZZ
>> Doing prefit: ch5,data_fakes
>> Doing prefit: ch5,data_flips
>> Doing prefit: ch5,tHW
>> Doing prefit: ch5,tHq
>> Doing prefit: ch5,tZq
>> Doing prefit: ch5,ttH
>> Doing prefit: ch5,ttVV
>> Doing prefit: ch5,TotalBkg
>> Doing prefit: ch5,TotalSig
>> Doing prefit: ch5,TotalProcs
>> Doing prefit: ch6,Rares
>> Doing prefit: ch6,TTW_nbjets_bin0
>> Doing prefit: ch6,TTW_nbjets_bin1
>> Doing prefit: ch6,TTW_ooa
>> Doing prefit: ch6,TTZ
>> Doing prefit: ch6,VVV
>> Doing prefit: ch6,WZ
>> Doing prefit: ch6,ZZ
>> Doing prefit: ch6,data_fakes
>> Doing prefit: ch6,tHW
>> Doing prefit: ch6,tHq
>> Doing prefit: ch6,tZq
>> Doing prefit: ch6,ttH
>> Doing prefit: ch6,ttVV
>> Doing prefit: ch6,TotalBkg
>> Doing prefit: ch6,TotalSig
>> Doing prefit: ch6,TotalProcs
>> Doing prefit: ch7,Convs
>> Doing prefit: ch7,Rares
>> Doing prefit: ch7,TTW_nbjets_bin0
>> Doing prefit: ch7,TTW_nbjets_bin1
>> Doing prefit: ch7,TTW_ooa
>> Doing prefit: ch7,TTZ
>> Doing prefit: ch7,VVV
>> Doing prefit: ch7,WZ
>> Doing prefit: ch7,ZZ
>> Doing prefit: ch7,data_fakes
>> Doing prefit: ch7,data_flips
>> Doing prefit: ch7,tHW
>> Doing prefit: ch7,tHq
>> Doing prefit: ch7,tZq
>> Doing prefit: ch7,ttH
>> Doing prefit: ch7,ttVV
>> Doing prefit: ch7,TotalBkg
>> Doing prefit: ch7,TotalSig
>> Doing prefit: ch7,TotalProcs
>> Doing prefit: ch8,Convs
>> Doing prefit: ch8,Rares
>> Doing prefit: ch8,TTW_nbjets_bin0
>> Doing prefit: ch8,TTW_nbjets_bin1
>> Doing prefit: ch8,TTW_ooa
>> Doing prefit: ch8,TTZ
>> Doing prefit: ch8,VVV
>> Doing prefit: ch8,WZ
>> Doing prefit: ch8,ZZ
>> Doing prefit: ch8,data_fakes
>> Doing prefit: ch8,data_flips
>> Doing prefit: ch8,tHW
>> Doing prefit: ch8,tHq
>> Doing prefit: ch8,tZq
>> Doing prefit: ch8,ttH
>> Doing prefit: ch8,ttVV
>> Doing prefit: ch8,TotalBkg
>> Doing prefit: ch8,TotalSig
>> Doing prefit: ch8,TotalProcs
>> Doing prefit: ch9,Rares
>> Doing prefit: ch9,TTW_nbjets_bin0
>> Doing prefit: ch9,TTW_nbjets_bin1
>> Doing prefit: ch9,TTW_ooa
>> Doing prefit: ch9,TTZ
>> Doing prefit: ch9,VVV
>> Doing prefit: ch9,WZ
>> Doing prefit: ch9,ZZ
>> Doing prefit: ch9,data_fakes
>> Doing prefit: ch9,tHW
>> Doing prefit: ch9,tHq
>> Doing prefit: ch9,tZq
>> Doing prefit: ch9,ttH
>> Doing prefit: ch9,ttVV
>> Doing prefit: ch9,TotalBkg
>> Doing prefit: ch9,TotalSig
>> Doing prefit: ch9,TotalProcs
Bin                       Total relative bkg uncert. (prefit)
----------------------------------------------------------
ch1                       0.15311   
ch10                      0.21526   
ch11                      0.11596   
ch12                      0.15354   
ch13                      0.15079   
ch14                      0.12533   
ch15                      0.17527   
ch16                      0.15193   
ch17                      0.12494   
ch18                      0.15635   
ch19                      0.15398   
ch2                       0.11005   
ch20                      0.11724   
ch21                      0.12269   
ch22                      0.16413   
ch23                      0.10809   
ch24                      0.14590   
ch3                       0.14140   
ch4                       0.13446   
ch5                       0.12124   
ch6                       0.14558   
ch7                       0.17420   
ch8                       0.12032   
ch9                       0.20802   
>> Doing postfit: TotalBkg
>> Doing postfit: TotalSig
>> Doing postfit: TotalProcs
>> Doing postfit: ch1,Convs
>> Doing postfit: ch1,Rares
>> Doing postfit: ch1,TTW_nbjets_bin0
>> Doing postfit: ch1,TTW_nbjets_bin1
>> Doing postfit: ch1,TTW_ooa
>> Doing postfit: ch1,TTZ
>> Doing postfit: ch1,VVV
>> Doing postfit: ch1,WZ
>> Doing postfit: ch1,ZZ
>> Doing postfit: ch1,data_fakes
>> Doing postfit: ch1,data_flips
>> Doing postfit: ch1,tHW
>> Doing postfit: ch1,tHq
>> Doing postfit: ch1,tZq
>> Doing postfit: ch1,ttH
>> Doing postfit: ch1,ttVV
>> Doing postfit: ch1,TotalBkg
>> Doing postfit: ch1,TotalSig
>> Doing postfit: ch1,TotalProcs
>> Doing postfit: ch10,Convs
>> Doing postfit: ch10,Rares
>> Doing postfit: ch10,TTW_nbjets_bin0
>> Doing postfit: ch10,TTW_nbjets_bin1
>> Doing postfit: ch10,TTW_ooa
>> Doing postfit: ch10,TTZ
>> Doing postfit: ch10,VVV
>> Doing postfit: ch10,WZ
>> Doing postfit: ch10,ZZ
>> Doing postfit: ch10,data_fakes
>> Doing postfit: ch10,data_flips
>> Doing postfit: ch10,tHW
>> Doing postfit: ch10,tHq
>> Doing postfit: ch10,tZq
>> Doing postfit: ch10,ttH
>> Doing postfit: ch10,ttVV
>> Doing postfit: ch10,TotalBkg
>> Doing postfit: ch10,TotalSig
>> Doing postfit: ch10,TotalProcs
>> Doing postfit: ch11,Convs
>> Doing postfit: ch11,Rares
>> Doing postfit: ch11,TTW_nbjets_bin0
>> Doing postfit: ch11,TTW_nbjets_bin1
>> Doing postfit: ch11,TTW_ooa
>> Doing postfit: ch11,TTZ
>> Doing postfit: ch11,VVV
>> Doing postfit: ch11,WZ
>> Doing postfit: ch11,ZZ
>> Doing postfit: ch11,data_fakes
>> Doing postfit: ch11,data_flips
>> Doing postfit: ch11,tHW
>> Doing postfit: ch11,tHq
>> Doing postfit: ch11,tZq
>> Doing postfit: ch11,ttH
>> Doing postfit: ch11,ttVV
>> Doing postfit: ch11,TotalBkg
>> Doing postfit: ch11,TotalSig
>> Doing postfit: ch11,TotalProcs
>> Doing postfit: ch12,Rares
>> Doing postfit: ch12,TTW_nbjets_bin0
>> Doing postfit: ch12,TTW_nbjets_bin1
>> Doing postfit: ch12,TTW_ooa
>> Doing postfit: ch12,TTZ
>> Doing postfit: ch12,VVV
>> Doing postfit: ch12,WZ
>> Doing postfit: ch12,ZZ
>> Doing postfit: ch12,data_fakes
>> Doing postfit: ch12,tHW
>> Doing postfit: ch12,tHq
>> Doing postfit: ch12,tZq
>> Doing postfit: ch12,ttH
>> Doing postfit: ch12,ttVV
>> Doing postfit: ch12,TotalBkg
>> Doing postfit: ch12,TotalSig
>> Doing postfit: ch12,TotalProcs
>> Doing postfit: ch13,Convs
>> Doing postfit: ch13,Rares
>> Doing postfit: ch13,TTW_nbjets_bin0
>> Doing postfit: ch13,TTW_nbjets_bin1
>> Doing postfit: ch13,TTW_ooa
>> Doing postfit: ch13,TTZ
>> Doing postfit: ch13,VVV
>> Doing postfit: ch13,WZ
>> Doing postfit: ch13,ZZ
>> Doing postfit: ch13,data_fakes
>> Doing postfit: ch13,data_flips
>> Doing postfit: ch13,tHW
>> Doing postfit: ch13,tHq
>> Doing postfit: ch13,tZq
>> Doing postfit: ch13,ttH
>> Doing postfit: ch13,ttVV
>> Doing postfit: ch13,TotalBkg
>> Doing postfit: ch13,TotalSig
>> Doing postfit: ch13,TotalProcs
>> Doing postfit: ch14,Convs
>> Doing postfit: ch14,Rares
>> Doing postfit: ch14,TTW_nbjets_bin0
>> Doing postfit: ch14,TTW_nbjets_bin1
>> Doing postfit: ch14,TTW_ooa
>> Doing postfit: ch14,TTZ
>> Doing postfit: ch14,VVV
>> Doing postfit: ch14,WZ
>> Doing postfit: ch14,ZZ
>> Doing postfit: ch14,data_fakes
>> Doing postfit: ch14,data_flips
>> Doing postfit: ch14,tHW
>> Doing postfit: ch14,tHq
>> Doing postfit: ch14,tZq
>> Doing postfit: ch14,ttH
>> Doing postfit: ch14,ttVV
>> Doing postfit: ch14,TotalBkg
>> Doing postfit: ch14,TotalSig
>> Doing postfit: ch14,TotalProcs
>> Doing postfit: ch15,Rares
>> Doing postfit: ch15,TTW_nbjets_bin0
>> Doing postfit: ch15,TTW_nbjets_bin1
>> Doing postfit: ch15,TTW_ooa
>> Doing postfit: ch15,TTZ
>> Doing postfit: ch15,VVV
>> Doing postfit: ch15,WZ
>> Doing postfit: ch15,ZZ
>> Doing postfit: ch15,data_fakes
>> Doing postfit: ch15,tHW
>> Doing postfit: ch15,tHq
>> Doing postfit: ch15,tZq
>> Doing postfit: ch15,ttH
>> Doing postfit: ch15,ttVV
>> Doing postfit: ch15,TotalBkg
>> Doing postfit: ch15,TotalSig
>> Doing postfit: ch15,TotalProcs
>> Doing postfit: ch16,Convs
>> Doing postfit: ch16,Rares
>> Doing postfit: ch16,TTW_nbjets_bin0
>> Doing postfit: ch16,TTW_nbjets_bin1
>> Doing postfit: ch16,TTW_ooa
>> Doing postfit: ch16,TTZ
>> Doing postfit: ch16,VVV
>> Doing postfit: ch16,WZ
>> Doing postfit: ch16,ZZ
>> Doing postfit: ch16,data_fakes
>> Doing postfit: ch16,data_flips
>> Doing postfit: ch16,tHW
>> Doing postfit: ch16,tHq
>> Doing postfit: ch16,tZq
>> Doing postfit: ch16,ttH
>> Doing postfit: ch16,ttVV
>> Doing postfit: ch16,TotalBkg
>> Doing postfit: ch16,TotalSig
>> Doing postfit: ch16,TotalProcs
>> Doing postfit: ch17,Convs
>> Doing postfit: ch17,Rares
>> Doing postfit: ch17,TTW_nbjets_bin0
>> Doing postfit: ch17,TTW_nbjets_bin1
>> Doing postfit: ch17,TTW_ooa
>> Doing postfit: ch17,TTZ
>> Doing postfit: ch17,VVV
>> Doing postfit: ch17,WZ
>> Doing postfit: ch17,ZZ
>> Doing postfit: ch17,data_fakes
>> Doing postfit: ch17,data_flips
>> Doing postfit: ch17,tHW
>> Doing postfit: ch17,tHq
>> Doing postfit: ch17,tZq
>> Doing postfit: ch17,ttH
>> Doing postfit: ch17,ttVV
>> Doing postfit: ch17,TotalBkg
>> Doing postfit: ch17,TotalSig
>> Doing postfit: ch17,TotalProcs
>> Doing postfit: ch18,Rares
>> Doing postfit: ch18,TTW_nbjets_bin0
>> Doing postfit: ch18,TTW_nbjets_bin1
>> Doing postfit: ch18,TTW_ooa
>> Doing postfit: ch18,TTZ
>> Doing postfit: ch18,VVV
>> Doing postfit: ch18,WZ
>> Doing postfit: ch18,ZZ
>> Doing postfit: ch18,data_fakes
>> Doing postfit: ch18,tHW
>> Doing postfit: ch18,tHq
>> Doing postfit: ch18,tZq
>> Doing postfit: ch18,ttH
>> Doing postfit: ch18,ttVV
>> Doing postfit: ch18,TotalBkg
>> Doing postfit: ch18,TotalSig
>> Doing postfit: ch18,TotalProcs
>> Doing postfit: ch19,Convs
>> Doing postfit: ch19,Rares
>> Doing postfit: ch19,TTW_nbjets_bin0
>> Doing postfit: ch19,TTW_nbjets_bin1
>> Doing postfit: ch19,TTW_ooa
>> Doing postfit: ch19,TTZ
>> Doing postfit: ch19,VVV
>> Doing postfit: ch19,WZ
>> Doing postfit: ch19,ZZ
>> Doing postfit: ch19,data_fakes
>> Doing postfit: ch19,data_flips
>> Doing postfit: ch19,tHW
>> Doing postfit: ch19,tHq
>> Doing postfit: ch19,tZq
>> Doing postfit: ch19,ttH
>> Doing postfit: ch19,ttVV
>> Doing postfit: ch19,TotalBkg
>> Doing postfit: ch19,TotalSig
>> Doing postfit: ch19,TotalProcs
>> Doing postfit: ch2,Convs
>> Doing postfit: ch2,Rares
>> Doing postfit: ch2,TTW_nbjets_bin0
>> Doing postfit: ch2,TTW_nbjets_bin1
>> Doing postfit: ch2,TTW_ooa
>> Doing postfit: ch2,TTZ
>> Doing postfit: ch2,VVV
>> Doing postfit: ch2,WZ
>> Doing postfit: ch2,ZZ
>> Doing postfit: ch2,data_fakes
>> Doing postfit: ch2,data_flips
>> Doing postfit: ch2,tHW
>> Doing postfit: ch2,tHq
>> Doing postfit: ch2,tZq
>> Doing postfit: ch2,ttH
>> Doing postfit: ch2,ttVV
>> Doing postfit: ch2,TotalBkg
>> Doing postfit: ch2,TotalSig
>> Doing postfit: ch2,TotalProcs
>> Doing postfit: ch20,Convs
>> Doing postfit: ch20,Rares
>> Doing postfit: ch20,TTW_nbjets_bin0
>> Doing postfit: ch20,TTW_nbjets_bin1
>> Doing postfit: ch20,TTW_ooa
>> Doing postfit: ch20,TTZ
>> Doing postfit: ch20,VVV
>> Doing postfit: ch20,WZ
>> Doing postfit: ch20,ZZ
>> Doing postfit: ch20,data_fakes
>> Doing postfit: ch20,data_flips
>> Doing postfit: ch20,tHW
>> Doing postfit: ch20,tHq
>> Doing postfit: ch20,tZq
>> Doing postfit: ch20,ttH
>> Doing postfit: ch20,ttVV
>> Doing postfit: ch20,TotalBkg
>> Doing postfit: ch20,TotalSig
>> Doing postfit: ch20,TotalProcs
>> Doing postfit: ch21,Rares
>> Doing postfit: ch21,TTW_nbjets_bin0
>> Doing postfit: ch21,TTW_nbjets_bin1
>> Doing postfit: ch21,TTW_ooa
>> Doing postfit: ch21,TTZ
>> Doing postfit: ch21,VVV
>> Doing postfit: ch21,WZ
>> Doing postfit: ch21,ZZ
>> Doing postfit: ch21,data_fakes
>> Doing postfit: ch21,tHW
>> Doing postfit: ch21,tHq
>> Doing postfit: ch21,tZq
>> Doing postfit: ch21,ttH
>> Doing postfit: ch21,ttVV
>> Doing postfit: ch21,TotalBkg
>> Doing postfit: ch21,TotalSig
>> Doing postfit: ch21,TotalProcs
>> Doing postfit: ch22,Convs
>> Doing postfit: ch22,Rares
>> Doing postfit: ch22,TTW_nbjets_bin0
>> Doing postfit: ch22,TTW_nbjets_bin1
>> Doing postfit: ch22,TTW_ooa
>> Doing postfit: ch22,TTZ
>> Doing postfit: ch22,VVV
>> Doing postfit: ch22,WZ
>> Doing postfit: ch22,ZZ
>> Doing postfit: ch22,data_fakes
>> Doing postfit: ch22,data_flips
>> Doing postfit: ch22,tHW
>> Doing postfit: ch22,tHq
>> Doing postfit: ch22,tZq
>> Doing postfit: ch22,ttH
>> Doing postfit: ch22,ttVV
>> Doing postfit: ch22,TotalBkg
>> Doing postfit: ch22,TotalSig
>> Doing postfit: ch22,TotalProcs
>> Doing postfit: ch23,Convs
>> Doing postfit: ch23,Rares
>> Doing postfit: ch23,TTW_nbjets_bin0
>> Doing postfit: ch23,TTW_nbjets_bin1
>> Doing postfit: ch23,TTW_ooa
>> Doing postfit: ch23,TTZ
>> Doing postfit: ch23,VVV
>> Doing postfit: ch23,WZ
>> Doing postfit: ch23,ZZ
>> Doing postfit: ch23,data_fakes
>> Doing postfit: ch23,data_flips
>> Doing postfit: ch23,tHW
>> Doing postfit: ch23,tHq
>> Doing postfit: ch23,tZq
>> Doing postfit: ch23,ttH
>> Doing postfit: ch23,ttVV
>> Doing postfit: ch23,TotalBkg
>> Doing postfit: ch23,TotalSig
>> Doing postfit: ch23,TotalProcs
>> Doing postfit: ch24,Rares
>> Doing postfit: ch24,TTW_nbjets_bin0
>> Doing postfit: ch24,TTW_nbjets_bin1
>> Doing postfit: ch24,TTW_ooa
>> Doing postfit: ch24,TTZ
>> Doing postfit: ch24,VVV
>> Doing postfit: ch24,WZ
>> Doing postfit: ch24,ZZ
>> Doing postfit: ch24,data_fakes
>> Doing postfit: ch24,tHW
>> Doing postfit: ch24,tHq
>> Doing postfit: ch24,tZq
>> Doing postfit: ch24,ttH
>> Doing postfit: ch24,ttVV
>> Doing postfit: ch24,TotalBkg
>> Doing postfit: ch24,TotalSig
>> Doing postfit: ch24,TotalProcs
>> Doing postfit: ch3,Rares
>> Doing postfit: ch3,TTW_nbjets_bin0
>> Doing postfit: ch3,TTW_nbjets_bin1
>> Doing postfit: ch3,TTW_ooa
>> Doing postfit: ch3,TTZ
>> Doing postfit: ch3,VVV
>> Doing postfit: ch3,WZ
>> Doing postfit: ch3,ZZ
>> Doing postfit: ch3,data_fakes
>> Doing postfit: ch3,tHW
>> Doing postfit: ch3,tHq
>> Doing postfit: ch3,tZq
>> Doing postfit: ch3,ttH
>> Doing postfit: ch3,ttVV
>> Doing postfit: ch3,TotalBkg
>> Doing postfit: ch3,TotalSig
>> Doing postfit: ch3,TotalProcs
>> Doing postfit: ch4,Convs
>> Doing postfit: ch4,Rares
>> Doing postfit: ch4,TTW_nbjets_bin0
>> Doing postfit: ch4,TTW_nbjets_bin1
>> Doing postfit: ch4,TTW_ooa
>> Doing postfit: ch4,TTZ
>> Doing postfit: ch4,VVV
>> Doing postfit: ch4,WZ
>> Doing postfit: ch4,ZZ
>> Doing postfit: ch4,data_fakes
>> Doing postfit: ch4,data_flips
>> Doing postfit: ch4,tHW
>> Doing postfit: ch4,tHq
>> Doing postfit: ch4,tZq
>> Doing postfit: ch4,ttH
>> Doing postfit: ch4,ttVV
>> Doing postfit: ch4,TotalBkg
>> Doing postfit: ch4,TotalSig
>> Doing postfit: ch4,TotalProcs
>> Doing postfit: ch5,Convs
>> Doing postfit: ch5,Rares
>> Doing postfit: ch5,TTW_nbjets_bin0
>> Doing postfit: ch5,TTW_nbjets_bin1
>> Doing postfit: ch5,TTW_ooa
>> Doing postfit: ch5,TTZ
>> Doing postfit: ch5,VVV
>> Doing postfit: ch5,WZ
>> Doing postfit: ch5,ZZ
>> Doing postfit: ch5,data_fakes
>> Doing postfit: ch5,data_flips
>> Doing postfit: ch5,tHW
>> Doing postfit: ch5,tHq
>> Doing postfit: ch5,tZq
>> Doing postfit: ch5,ttH
>> Doing postfit: ch5,ttVV
>> Doing postfit: ch5,TotalBkg
>> Doing postfit: ch5,TotalSig
>> Doing postfit: ch5,TotalProcs
>> Doing postfit: ch6,Rares
>> Doing postfit: ch6,TTW_nbjets_bin0
>> Doing postfit: ch6,TTW_nbjets_bin1
>> Doing postfit: ch6,TTW_ooa
>> Doing postfit: ch6,TTZ
>> Doing postfit: ch6,VVV
>> Doing postfit: ch6,WZ
>> Doing postfit: ch6,ZZ
>> Doing postfit: ch6,data_fakes
>> Doing postfit: ch6,tHW
>> Doing postfit: ch6,tHq
>> Doing postfit: ch6,tZq
>> Doing postfit: ch6,ttH
>> Doing postfit: ch6,ttVV
>> Doing postfit: ch6,TotalBkg
>> Doing postfit: ch6,TotalSig
>> Doing postfit: ch6,TotalProcs
>> Doing postfit: ch7,Convs
>> Doing postfit: ch7,Rares
>> Doing postfit: ch7,TTW_nbjets_bin0
>> Doing postfit: ch7,TTW_nbjets_bin1
>> Doing postfit: ch7,TTW_ooa
>> Doing postfit: ch7,TTZ
>> Doing postfit: ch7,VVV
>> Doing postfit: ch7,WZ
>> Doing postfit: ch7,ZZ
>> Doing postfit: ch7,data_fakes
>> Doing postfit: ch7,data_flips
>> Doing postfit: ch7,tHW
>> Doing postfit: ch7,tHq
>> Doing postfit: ch7,tZq
>> Doing postfit: ch7,ttH
>> Doing postfit: ch7,ttVV
>> Doing postfit: ch7,TotalBkg
>> Doing postfit: ch7,TotalSig
>> Doing postfit: ch7,TotalProcs
>> Doing postfit: ch8,Convs
>> Doing postfit: ch8,Rares
>> Doing postfit: ch8,TTW_nbjets_bin0
>> Doing postfit: ch8,TTW_nbjets_bin1
>> Doing postfit: ch8,TTW_ooa
>> Doing postfit: ch8,TTZ
>> Doing postfit: ch8,VVV
>> Doing postfit: ch8,WZ
>> Doing postfit: ch8,ZZ
>> Doing postfit: ch8,data_fakes
>> Doing postfit: ch8,data_flips
>> Doing postfit: ch8,tHW
>> Doing postfit: ch8,tHq
>> Doing postfit: ch8,tZq
>> Doing postfit: ch8,ttH
>> Doing postfit: ch8,ttVV
>> Doing postfit: ch8,TotalBkg
>> Doing postfit: ch8,TotalSig
>> Doing postfit: ch8,TotalProcs
>> Doing postfit: ch9,Rares
>> Doing postfit: ch9,TTW_nbjets_bin0
>> Doing postfit: ch9,TTW_nbjets_bin1
>> Doing postfit: ch9,TTW_ooa
>> Doing postfit: ch9,TTZ
>> Doing postfit: ch9,VVV
>> Doing postfit: ch9,WZ
>> Doing postfit: ch9,ZZ
>> Doing postfit: ch9,data_fakes
>> Doing postfit: ch9,tHW
>> Doing postfit: ch9,tHq
>> Doing postfit: ch9,tZq
>> Doing postfit: ch9,ttH
>> Doing postfit: ch9,ttVV
>> Doing postfit: ch9,TotalBkg
>> Doing postfit: ch9,TotalSig
>> Doing postfit: ch9,TotalProcs

Bin                       Total relative bkg uncert. (postfit)
----------------------------------------------------------
ch1                       0.10519   
ch10                      0.14663   
ch11                      0.07812   
ch12                      0.12338   
ch13                      0.09451   
ch14                      0.08141   
ch15                      0.09344   
ch16                      0.09984   
ch17                      0.08508   
ch18                      0.09144   
ch19                      0.08579   
ch2                       0.07543   
ch20                      0.07568   
ch21                      0.07838   
ch22                      0.10365   
ch23                      0.06539   
ch24                      0.08521   
ch3                       0.09136   
ch4                       0.09913   
ch5                       0.08209   
ch6                       0.09263   
ch7                       0.14541   
ch8                       0.08479   
ch9                       0.13077   

Bin                       Process              Scale factor
----------------------------------------------------------
ch1                       Convs                1.17298   
ch1                       Rares                1.25187   
ch1                       TTW_nbjets_bin0      1.54828   
ch1                       TTW_nbjets_bin1      0.00000   
ch1                       TTW_ooa              1.07133   
ch1                       TTZ                  1.18836   
ch1                       VVV                  1.18658   
ch1                       WZ                   0.90885   
ch1                       ZZ                   1.33711   
ch1                       data_fakes           1.78255   
ch1                       data_flips           0.93530   
ch1                       tHW                  1.04586   
ch1                       tHq                  1.04549   
ch1                       tZq                  1.10486   
ch1                       ttH                  1.06025   
ch1                       ttVV                 1.04507   
ch10                      Convs                1.36534   
ch10                      Rares                1.27798   
ch10                      TTW_nbjets_bin0      1.56561   
ch10                      TTW_nbjets_bin1      0.00000   
ch10                      TTW_ooa              1.08841   
ch10                      TTZ                  1.25128   
ch10                      VVV                  1.42620   
ch10                      WZ                   1.25264   
ch10                      ZZ                   1.80631   
ch10                      data_fakes           2.26600   
ch10                      data_flips           0.93541   
ch10                      tHW                  1.09385   
ch10                      tHq                  1.09858   
ch10                      tZq                  1.21501   
ch10                      ttH                  1.07194   
ch10                      ttVV                 1.05298   
ch11                      Convs                1.23128   
ch11                      Rares                1.26945   
ch11                      TTW_nbjets_bin0      1.52121   
ch11                      TTW_nbjets_bin1      0.00000   
ch11                      TTW_ooa              1.07656   
ch11                      TTZ                  1.15748   
ch11                      VVV                  1.44686   
ch11                      WZ                   1.22147   
ch11                      ZZ                   1.61159   
ch11                      data_fakes           1.40825   
ch11                      data_flips           0.93492   
ch11                      tHW                  1.06567   
ch11                      tHq                  1.05331   
ch11                      tZq                  1.12429   
ch11                      ttH                  1.04497   
ch11                      ttVV                 1.02632   
ch12                      Rares                1.26822   
ch12                      TTW_nbjets_bin0      1.48922   
ch12                      TTW_nbjets_bin1      0.00000   
ch12                      TTW_ooa              1.04535   
ch12                      TTZ                  1.14090   
ch12                      VVV                  2.81224   
ch12                      WZ                   1.14621   
ch12                      ZZ                   1.76870   
ch12                      data_fakes           1.19683   
ch12                      tHW                  1.03270   
ch12                      tHq                  1.04407   
ch12                      tZq                  1.12105   
ch12                      ttH                  1.01002   
ch12                      ttVV                 0.99794   
ch13                      Convs                1.05871   
ch13                      Rares                1.27432   
ch13                      TTW_nbjets_bin0      1.54759   
ch13                      TTW_nbjets_bin1      0.00000   
ch13                      TTW_ooa              1.05616   
ch13                      TTZ                  1.08374   
ch13                      VVV                  1.12626   
ch13                      WZ                   0.96057   
ch13                      ZZ                   1.34023   
ch13                      data_fakes           1.61835   
ch13                      data_flips           0.93472   
ch13                      tHW                  1.02569   
ch13                      tHq                  1.05008   
ch13                      tZq                  1.11094   
ch13                      ttH                  1.05534   
ch13                      ttVV                 1.03474   
ch14                      Convs                1.08510   
ch14                      Rares                1.23619   
ch14                      TTW_nbjets_bin0      1.51428   
ch14                      TTW_nbjets_bin1      0.00000   
ch14                      TTW_ooa              1.02706   
ch14                      TTZ                  1.13494   
ch14                      VVV                  1.12475   
ch14                      WZ                   0.96865   
ch14                      ZZ                   1.43148   
ch14                      data_fakes           1.46936   
ch14                      data_flips           0.93494   
ch14                      tHW                  1.00953   
ch14                      tHq                  1.00943   
ch14                      tZq                  1.08878   
ch14                      ttH                  1.03042   
ch14                      ttVV                 1.01238   
ch15                      Rares                1.13858   
ch15                      TTW_nbjets_bin0      1.47715   
ch15                      TTW_nbjets_bin1      0.00000   
ch15                      TTW_ooa              0.98469   
ch15                      TTZ                  1.11575   
ch15                      VVV                  1.11133   
ch15                      WZ                   0.94935   
ch15                      ZZ                   1.45019   
ch15                      data_fakes           1.20791   
ch15                      tHW                  0.98645   
ch15                      tHq                  1.02270   
ch15                      tZq                  1.04236   
ch15                      ttH                  0.99627   
ch15                      ttVV                 0.98659   
ch16                      Convs                0.82052   
ch16                      Rares                1.19421   
ch16                      TTW_nbjets_bin0      1.54185   
ch16                      TTW_nbjets_bin1      0.00000   
ch16                      TTW_ooa              1.05835   
ch16                      TTZ                  1.11256   
ch16                      VVV                  1.21575   
ch16                      WZ                   0.94300   
ch16                      ZZ                   1.10673   
ch16                      data_fakes           1.60606   
ch16                      data_flips           0.93468   
ch16                      tHW                  1.03564   
ch16                      tHq                  1.03384   
ch16                      tZq                  1.13276   
ch16                      ttH                  1.04001   
ch16                      ttVV                 1.03754   
ch17                      Convs                1.02206   
ch17                      Rares                1.22986   
ch17                      TTW_nbjets_bin0      1.51335   
ch17                      TTW_nbjets_bin1      0.00000   
ch17                      TTW_ooa              1.01937   
ch17                      TTZ                  1.12899   
ch17                      VVV                  1.19181   
ch17                      WZ                   0.97710   
ch17                      ZZ                   1.26596   
ch17                      data_fakes           1.43308   
ch17                      data_flips           0.93490   
ch17                      tHW                  1.01889   
ch17                      tHq                  1.01728   
ch17                      tZq                  1.07956   
ch17                      ttH                  1.02200   
ch17                      ttVV                 1.01287   
ch18                      Rares                1.14306   
ch18                      TTW_nbjets_bin0      1.47972   
ch18                      TTW_nbjets_bin1      0.00000   
ch18                      TTW_ooa              0.99089   
ch18                      TTZ                  1.11878   
ch18                      VVV                  1.18700   
ch18                      WZ                   0.96663   
ch18                      ZZ                   0.90440   
ch18                      data_fakes           1.20730   
ch18                      tHW                  0.98923   
ch18                      tHq                  0.98042   
ch18                      tZq                  1.08411   
ch18                      ttH                  0.99475   
ch18                      ttVV                 0.98766   
ch19                      Convs                1.11550   
ch19                      Rares                1.22567   
ch19                      TTW_nbjets_bin0      1.52710   
ch19                      TTW_nbjets_bin1      0.00000   
ch19                      TTW_ooa              0.99264   
ch19                      TTZ                  1.16689   
ch19                      VVV                  1.16779   
ch19                      WZ                   0.94189   
ch19                      ZZ                   1.07353   
ch19                      data_fakes           1.75062   
ch19                      data_flips           0.93492   
ch19                      tHW                  1.03029   
ch19                      tHq                  0.99926   
ch19                      tZq                  1.07425   
ch19                      ttH                  1.01687   
ch19                      ttVV                 1.02400   
ch2                       Convs                1.35163   
ch2                       Rares                1.12604   
ch2                       TTW_nbjets_bin0      1.51140   
ch2                       TTW_nbjets_bin1      0.00000   
ch2                       TTW_ooa              1.02015   
ch2                       TTZ                  1.14335   
ch2                       VVV                  1.16125   
ch2                       WZ                   0.94838   
ch2                       ZZ                   1.21917   
ch2                       data_fakes           1.40107   
ch2                       data_flips           0.93511   
ch2                       tHW                  1.00047   
ch2                       tHq                  1.01230   
ch2                       tZq                  1.05257   
ch2                       ttH                  1.01481   
ch2                       ttVV                 1.00890   
ch20                      Convs                1.08469   
ch20                      Rares                1.22074   
ch20                      TTW_nbjets_bin0      1.48971   
ch20                      TTW_nbjets_bin1      0.00000   
ch20                      TTW_ooa              0.97040   
ch20                      TTZ                  1.12519   
ch20                      VVV                  1.14776   
ch20                      WZ                   0.91501   
ch20                      ZZ                   1.13487   
ch20                      data_fakes           1.43440   
ch20                      data_flips           0.93489   
ch20                      tHW                  0.99439   
ch20                      tHq                  0.97881   
ch20                      tZq                  1.03955   
ch20                      ttH                  1.00524   
ch20                      ttVV                 0.99593   
ch21                      Rares                1.05102   
ch21                      TTW_nbjets_bin0      1.45399   
ch21                      TTW_nbjets_bin1      0.00000   
ch21                      TTW_ooa              0.94289   
ch21                      TTZ                  1.07081   
ch21                      VVV                  1.11194   
ch21                      WZ                   0.93736   
ch21                      ZZ                   1.29234   
ch21                      data_fakes           1.12090   
ch21                      tHW                  0.97226   
ch21                      tHq                  0.95268   
ch21                      tZq                  1.03013   
ch21                      ttH                  0.98492   
ch21                      ttVV                 0.97034   
ch22                      Convs                1.20868   
ch22                      Rares                1.46566   
ch22                      TTW_nbjets_bin0      1.52605   
ch22                      TTW_nbjets_bin1      0.00000   
ch22                      TTW_ooa              1.00482   
ch22                      TTZ                  1.17783   
ch22                      VVV                  0.97164   
ch22                      WZ                   0.87167   
ch22                      ZZ                   1.13291   
ch22                      data_fakes           1.84590   
ch22                      data_flips           0.93521   
ch22                      tHW                  0.97869   
ch22                      tHq                  1.01952   
ch22                      tZq                  1.09708   
ch22                      ttH                  1.01706   
ch22                      ttVV                 1.02402   
ch23                      Convs                1.03912   
ch23                      Rares                1.15184   
ch23                      TTW_nbjets_bin0      1.48860   
ch23                      TTW_nbjets_bin1      0.00000   
ch23                      TTW_ooa              0.98362   
ch23                      TTZ                  1.16094   
ch23                      VVV                  1.15930   
ch23                      WZ                   0.93923   
ch23                      ZZ                   1.28661   
ch23                      data_fakes           1.37292   
ch23                      data_flips           0.93495   
ch23                      tHW                  0.99873   
ch23                      tHq                  0.98630   
ch23                      tZq                  1.02207   
ch23                      ttH                  0.99665   
ch23                      ttVV                 0.99858   
ch24                      Rares                1.28038   
ch24                      TTW_nbjets_bin0      1.45120   
ch24                      TTW_nbjets_bin1      0.00000   
ch24                      TTW_ooa              0.94741   
ch24                      TTZ                  1.10056   
ch24                      VVV                  1.15006   
ch24                      WZ                   0.94739   
ch24                      ZZ                   1.09673   
ch24                      data_fakes           1.18704   
ch24                      tHW                  0.96967   
ch24                      tHq                  0.96330   
ch24                      tZq                  1.06886   
ch24                      ttH                  0.98092   
ch24                      ttVV                 0.96621   
ch3                       Rares                1.16767   
ch3                       TTW_nbjets_bin0      1.46629   
ch3                       TTW_nbjets_bin1      0.00000   
ch3                       TTW_ooa              0.98017   
ch3                       TTZ                  1.11061   
ch3                       VVV                  1.16654   
ch3                       WZ                   0.92224   
ch3                       ZZ                   1.38217   
ch3                       data_fakes           1.14749   
ch3                       tHW                  0.96463   
ch3                       tHq                  0.98558   
ch3                       tZq                  1.02537   
ch3                       ttH                  0.99293   
ch3                       ttVV                 0.97431   
ch4                       Convs                0.99980   
ch4                       Rares                1.16024   
ch4                       TTW_nbjets_bin0      1.55236   
ch4                       TTW_nbjets_bin1      0.00000   
ch4                       TTW_ooa              1.08571   
ch4                       TTZ                  1.07944   
ch4                       VVV                  1.18890   
ch4                       WZ                   0.98887   
ch4                       ZZ                   1.36062   
ch4                       data_fakes           1.48819   
ch4                       data_flips           0.93434   
ch4                       tHW                  1.04490   
ch4                       tHq                  1.05572   
ch4                       tZq                  1.09628   
ch4                       ttH                  1.03686   
ch4                       ttVV                 1.04614   
ch5                       Convs                1.10228   
ch5                       Rares                1.21459   
ch5                       TTW_nbjets_bin0      1.51710   
ch5                       TTW_nbjets_bin1      0.00000   
ch5                       TTW_ooa              1.03581   
ch5                       TTZ                  1.18660   
ch5                       VVV                  1.20192   
ch5                       WZ                   0.96516   
ch5                       ZZ                   1.26984   
ch5                       data_fakes           1.49354   
ch5                       data_flips           0.93508   
ch5                       tHW                  0.99924   
ch5                       tHq                  1.01313   
ch5                       tZq                  1.08560   
ch5                       ttH                  1.01162   
ch5                       ttVV                 1.00268   
ch6                       Rares                1.30706   
ch6                       TTW_nbjets_bin0      1.46188   
ch6                       TTW_nbjets_bin1      0.00000   
ch6                       TTW_ooa              0.97788   
ch6                       TTZ                  1.12175   
ch6                       VVV                  1.00039   
ch6                       WZ                   0.92940   
ch6                       ZZ                   1.38675   
ch6                       data_fakes           1.19738   
ch6                       tHW                  0.97609   
ch6                       tHq                  0.98311   
ch6                       tZq                  1.03044   
ch6                       ttH                  0.98315   
ch6                       ttVV                 0.97404   
ch7                       Convs                1.07143   
ch7                       Rares                1.27791   
ch7                       TTW_nbjets_bin0      1.55722   
ch7                       TTW_nbjets_bin1      0.00000   
ch7                       TTW_ooa              1.10146   
ch7                       TTZ                  1.23307   
ch7                       VVV                  1.42483   
ch7                       WZ                   1.31052   
ch7                       ZZ                   1.62078   
ch7                       data_fakes           1.49816   
ch7                       data_flips           0.93456   
ch7                       tHW                  1.08110   
ch7                       tHq                  1.06892   
ch7                       tZq                  1.22684   
ch7                       ttH                  1.06710   
ch7                       ttVV                 1.04958   
ch8                       Convs                1.03607   
ch8                       Rares                1.18041   
ch8                       TTW_nbjets_bin0      1.51930   
ch8                       TTW_nbjets_bin1      0.00000   
ch8                       TTW_ooa              1.07057   
ch8                       TTZ                  1.16948   
ch8                       VVV                  1.36063   
ch8                       WZ                   1.37469   
ch8                       ZZ                   1.58698   
ch8                       data_fakes           1.33412   
ch8                       data_flips           0.93465   
ch8                       tHW                  1.04759   
ch8                       tHq                  1.06358   
ch8                       tZq                  1.14558   
ch8                       ttH                  1.04081   
ch8                       ttVV                 1.02807   
ch9                       Rares                1.22780   
ch9                       TTW_nbjets_bin0      1.48042   
ch9                       TTW_nbjets_bin1      0.00000   
ch9                       TTW_ooa              1.04584   
ch9                       TTZ                  1.16538   
ch9                       VVV                  1.33903   
ch9                       WZ                   1.25835   
ch9                       ZZ                   1.39021   
ch9                       data_fakes           1.32159   
ch9                       tHW                  1.02699   
ch9                       tHq                  1.02298   
ch9                       tZq                  1.19348   
ch9                       ttH                  1.02630   
ch9                       ttVV                 1.00422   
