WARNING: the default behaviour of PostFitShapesFromWorkspace is to use the covariance matrix sampling method for the post-fit uncertainty. The option --sampling is deprecated and will be removed in future versions of CombineHarvester
[SetFlag] Changing value of flag "workspaces-use-clone" from 0 to 1
[#1] INFO:ObjectHandling -- RooWorkspace::import(w) importing dataset ch1
[#1] INFO:ObjectHandling -- RooWorkspace::import(w) importing dataset ch10
[#1] INFO:ObjectHandling -- RooWorkspace::import(w) importing dataset ch11
[#1] INFO:ObjectHandling -- RooWorkspace::import(w) importing dataset ch12
[#1] INFO:ObjectHandling -- RooWorkspace::import(w) importing dataset ch13
[#1] INFO:ObjectHandling -- RooWorkspace::import(w) importing dataset ch14
[#1] INFO:ObjectHandling -- RooWorkspace::import(w) importing dataset ch15
[#1] INFO:ObjectHandling -- RooWorkspace::import(w) importing dataset ch16
[#1] INFO:ObjectHandling -- RooWorkspace::import(w) importing dataset ch17
[#1] INFO:ObjectHandling -- RooWorkspace::import(w) importing dataset ch18
[#1] INFO:ObjectHandling -- RooWorkspace::import(w) importing dataset ch19
[#1] INFO:ObjectHandling -- RooWorkspace::import(w) importing dataset ch2
[#1] INFO:ObjectHandling -- RooWorkspace::import(w) importing dataset ch20
[#1] INFO:ObjectHandling -- RooWorkspace::import(w) importing dataset ch21
[#1] INFO:ObjectHandling -- RooWorkspace::import(w) importing dataset ch22
[#1] INFO:ObjectHandling -- RooWorkspace::import(w) importing dataset ch23
[#1] INFO:ObjectHandling -- RooWorkspace::import(w) importing dataset ch24
[#1] INFO:ObjectHandling -- RooWorkspace::import(w) importing dataset ch3
[#1] INFO:ObjectHandling -- RooWorkspace::import(w) importing dataset ch4
[#1] INFO:ObjectHandling -- RooWorkspace::import(w) importing dataset ch5
[#1] INFO:ObjectHandling -- RooWorkspace::import(w) importing dataset ch6
[#1] INFO:ObjectHandling -- RooWorkspace::import(w) importing dataset ch7
[#1] INFO:ObjectHandling -- RooWorkspace::import(w) importing dataset ch8
[#1] INFO:ObjectHandling -- RooWorkspace::import(w) importing dataset ch9
[SetFlag] Changing value of flag "workspaces-use-clone" from 0 to 1
>> Doing prefit: TotalBkg
>> Doing prefit: TotalSig
>> Doing prefit: TotalProcs
>> Doing prefit: ch1,Convs
>> Doing prefit: ch1,Rares
>> Doing prefit: ch1,TTW_jet1_pt_bin0
>> Doing prefit: ch1,TTW_jet1_pt_bin1
>> Doing prefit: ch1,TTW_jet1_pt_bin2
>> Doing prefit: ch1,TTW_ooa
>> Doing prefit: ch1,TTZ
>> Doing prefit: ch1,VVV
>> Doing prefit: ch1,WZ
>> Doing prefit: ch1,ZZ
>> Doing prefit: ch1,data_fakes
>> Doing prefit: ch1,data_flips
>> Doing prefit: ch1,tHW
>> Doing prefit: ch1,tHq
>> Doing prefit: ch1,tZq
>> Doing prefit: ch1,ttH
>> Doing prefit: ch1,ttVV
>> Doing prefit: ch1,TotalBkg
>> Doing prefit: ch1,TotalSig
>> Doing prefit: ch1,TotalProcs
>> Doing prefit: ch10,Convs
>> Doing prefit: ch10,Rares
>> Doing prefit: ch10,TTW_jet1_pt_bin0
>> Doing prefit: ch10,TTW_jet1_pt_bin1
>> Doing prefit: ch10,TTW_jet1_pt_bin2
>> Doing prefit: ch10,TTW_ooa
>> Doing prefit: ch10,TTZ
>> Doing prefit: ch10,VVV
>> Doing prefit: ch10,WZ
>> Doing prefit: ch10,ZZ
>> Doing prefit: ch10,data_fakes
>> Doing prefit: ch10,data_flips
>> Doing prefit: ch10,tHW
>> Doing prefit: ch10,tHq
>> Doing prefit: ch10,tZq
>> Doing prefit: ch10,ttH
>> Doing prefit: ch10,ttVV
>> Doing prefit: ch10,TotalBkg
>> Doing prefit: ch10,TotalSig
>> Doing prefit: ch10,TotalProcs
>> Doing prefit: ch11,Convs
>> Doing prefit: ch11,Rares
>> Doing prefit: ch11,TTW_jet1_pt_bin0
>> Doing prefit: ch11,TTW_jet1_pt_bin1
>> Doing prefit: ch11,TTW_jet1_pt_bin2
>> Doing prefit: ch11,TTW_ooa
>> Doing prefit: ch11,TTZ
>> Doing prefit: ch11,VVV
>> Doing prefit: ch11,WZ
>> Doing prefit: ch11,ZZ
>> Doing prefit: ch11,data_fakes
>> Doing prefit: ch11,data_flips
>> Doing prefit: ch11,tHW
>> Doing prefit: ch11,tHq
>> Doing prefit: ch11,tZq
>> Doing prefit: ch11,ttH
>> Doing prefit: ch11,ttVV
>> Doing prefit: ch11,TotalBkg
>> Doing prefit: ch11,TotalSig
>> Doing prefit: ch11,TotalProcs
>> Doing prefit: ch12,Rares
>> Doing prefit: ch12,TTW_jet1_pt_bin0
>> Doing prefit: ch12,TTW_jet1_pt_bin1
>> Doing prefit: ch12,TTW_jet1_pt_bin2
>> Doing prefit: ch12,TTW_ooa
>> Doing prefit: ch12,TTZ
>> Doing prefit: ch12,VVV
>> Doing prefit: ch12,WZ
>> Doing prefit: ch12,ZZ
>> Doing prefit: ch12,data_fakes
>> Doing prefit: ch12,tHW
>> Doing prefit: ch12,tHq
>> Doing prefit: ch12,tZq
>> Doing prefit: ch12,ttH
>> Doing prefit: ch12,ttVV
>> Doing prefit: ch12,TotalBkg
>> Doing prefit: ch12,TotalSig
>> Doing prefit: ch12,TotalProcs
>> Doing prefit: ch13,Convs
>> Doing prefit: ch13,Rares
>> Doing prefit: ch13,TTW_jet1_pt_bin0
>> Doing prefit: ch13,TTW_jet1_pt_bin1
>> Doing prefit: ch13,TTW_jet1_pt_bin2
>> Doing prefit: ch13,TTW_ooa
>> Doing prefit: ch13,TTZ
>> Doing prefit: ch13,VVV
>> Doing prefit: ch13,WZ
>> Doing prefit: ch13,ZZ
>> Doing prefit: ch13,data_fakes
>> Doing prefit: ch13,data_flips
>> Doing prefit: ch13,tHW
>> Doing prefit: ch13,tHq
>> Doing prefit: ch13,tZq
>> Doing prefit: ch13,ttH
>> Doing prefit: ch13,ttVV
>> Doing prefit: ch13,TotalBkg
>> Doing prefit: ch13,TotalSig
>> Doing prefit: ch13,TotalProcs
>> Doing prefit: ch14,Convs
>> Doing prefit: ch14,Rares
>> Doing prefit: ch14,TTW_jet1_pt_bin0
>> Doing prefit: ch14,TTW_jet1_pt_bin1
>> Doing prefit: ch14,TTW_jet1_pt_bin2
>> Doing prefit: ch14,TTW_ooa
>> Doing prefit: ch14,TTZ
>> Doing prefit: ch14,VVV
>> Doing prefit: ch14,WZ
>> Doing prefit: ch14,ZZ
>> Doing prefit: ch14,data_fakes
>> Doing prefit: ch14,data_flips
>> Doing prefit: ch14,tHW
>> Doing prefit: ch14,tHq
>> Doing prefit: ch14,tZq
>> Doing prefit: ch14,ttH
>> Doing prefit: ch14,ttVV
>> Doing prefit: ch14,TotalBkg
>> Doing prefit: ch14,TotalSig
>> Doing prefit: ch14,TotalProcs
>> Doing prefit: ch15,Rares
>> Doing prefit: ch15,TTW_jet1_pt_bin0
>> Doing prefit: ch15,TTW_jet1_pt_bin1
>> Doing prefit: ch15,TTW_jet1_pt_bin2
>> Doing prefit: ch15,TTW_ooa
>> Doing prefit: ch15,TTZ
>> Doing prefit: ch15,VVV
>> Doing prefit: ch15,WZ
>> Doing prefit: ch15,ZZ
>> Doing prefit: ch15,data_fakes
>> Doing prefit: ch15,tHW
>> Doing prefit: ch15,tHq
>> Doing prefit: ch15,tZq
>> Doing prefit: ch15,ttH
>> Doing prefit: ch15,ttVV
>> Doing prefit: ch15,TotalBkg
>> Doing prefit: ch15,TotalSig
>> Doing prefit: ch15,TotalProcs
>> Doing prefit: ch16,Convs
>> Doing prefit: ch16,Rares
>> Doing prefit: ch16,TTW_jet1_pt_bin0
>> Doing prefit: ch16,TTW_jet1_pt_bin1
>> Doing prefit: ch16,TTW_jet1_pt_bin2
>> Doing prefit: ch16,TTW_ooa
>> Doing prefit: ch16,TTZ
>> Doing prefit: ch16,VVV
>> Doing prefit: ch16,WZ
>> Doing prefit: ch16,ZZ
>> Doing prefit: ch16,data_fakes
>> Doing prefit: ch16,data_flips
>> Doing prefit: ch16,tHW
>> Doing prefit: ch16,tHq
>> Doing prefit: ch16,tZq
>> Doing prefit: ch16,ttH
>> Doing prefit: ch16,ttVV
>> Doing prefit: ch16,TotalBkg
>> Doing prefit: ch16,TotalSig
>> Doing prefit: ch16,TotalProcs
>> Doing prefit: ch17,Convs
>> Doing prefit: ch17,Rares
>> Doing prefit: ch17,TTW_jet1_pt_bin0
>> Doing prefit: ch17,TTW_jet1_pt_bin1
>> Doing prefit: ch17,TTW_jet1_pt_bin2
>> Doing prefit: ch17,TTW_ooa
>> Doing prefit: ch17,TTZ
>> Doing prefit: ch17,VVV
>> Doing prefit: ch17,WZ
>> Doing prefit: ch17,ZZ
>> Doing prefit: ch17,data_fakes
>> Doing prefit: ch17,data_flips
>> Doing prefit: ch17,tHW
>> Doing prefit: ch17,tHq
>> Doing prefit: ch17,tZq
>> Doing prefit: ch17,ttH
>> Doing prefit: ch17,ttVV
>> Doing prefit: ch17,TotalBkg
>> Doing prefit: ch17,TotalSig
>> Doing prefit: ch17,TotalProcs
>> Doing prefit: ch18,Rares
>> Doing prefit: ch18,TTW_jet1_pt_bin0
>> Doing prefit: ch18,TTW_jet1_pt_bin1
>> Doing prefit: ch18,TTW_jet1_pt_bin2
>> Doing prefit: ch18,TTW_ooa
>> Doing prefit: ch18,TTZ
>> Doing prefit: ch18,VVV
>> Doing prefit: ch18,WZ
>> Doing prefit: ch18,ZZ
>> Doing prefit: ch18,data_fakes
>> Doing prefit: ch18,tHW
>> Doing prefit: ch18,tHq
>> Doing prefit: ch18,tZq
>> Doing prefit: ch18,ttH
>> Doing prefit: ch18,ttVV
>> Doing prefit: ch18,TotalBkg
>> Doing prefit: ch18,TotalSig
>> Doing prefit: ch18,TotalProcs
>> Doing prefit: ch19,Convs
>> Doing prefit: ch19,Rares
>> Doing prefit: ch19,TTW_jet1_pt_bin0
>> Doing prefit: ch19,TTW_jet1_pt_bin1
>> Doing prefit: ch19,TTW_jet1_pt_bin2
>> Doing prefit: ch19,TTW_ooa
>> Doing prefit: ch19,TTZ
>> Doing prefit: ch19,VVV
>> Doing prefit: ch19,WZ
>> Doing prefit: ch19,ZZ
>> Doing prefit: ch19,data_fakes
>> Doing prefit: ch19,data_flips
>> Doing prefit: ch19,tHW
>> Doing prefit: ch19,tHq
>> Doing prefit: ch19,tZq
>> Doing prefit: ch19,ttH
>> Doing prefit: ch19,ttVV
>> Doing prefit: ch19,TotalBkg
>> Doing prefit: ch19,TotalSig
>> Doing prefit: ch19,TotalProcs
>> Doing prefit: ch2,Convs
>> Doing prefit: ch2,Rares
>> Doing prefit: ch2,TTW_jet1_pt_bin0
>> Doing prefit: ch2,TTW_jet1_pt_bin1
>> Doing prefit: ch2,TTW_jet1_pt_bin2
>> Doing prefit: ch2,TTW_ooa
>> Doing prefit: ch2,TTZ
>> Doing prefit: ch2,VVV
>> Doing prefit: ch2,WZ
>> Doing prefit: ch2,ZZ
>> Doing prefit: ch2,data_fakes
>> Doing prefit: ch2,data_flips
>> Doing prefit: ch2,tHW
>> Doing prefit: ch2,tHq
>> Doing prefit: ch2,tZq
>> Doing prefit: ch2,ttH
>> Doing prefit: ch2,ttVV
>> Doing prefit: ch2,TotalBkg
>> Doing prefit: ch2,TotalSig
>> Doing prefit: ch2,TotalProcs
>> Doing prefit: ch20,Convs
>> Doing prefit: ch20,Rares
>> Doing prefit: ch20,TTW_jet1_pt_bin0
>> Doing prefit: ch20,TTW_jet1_pt_bin1
>> Doing prefit: ch20,TTW_jet1_pt_bin2
>> Doing prefit: ch20,TTW_ooa
>> Doing prefit: ch20,TTZ
>> Doing prefit: ch20,VVV
>> Doing prefit: ch20,WZ
>> Doing prefit: ch20,ZZ
>> Doing prefit: ch20,data_fakes
>> Doing prefit: ch20,data_flips
>> Doing prefit: ch20,tHW
>> Doing prefit: ch20,tHq
>> Doing prefit: ch20,tZq
>> Doing prefit: ch20,ttH
>> Doing prefit: ch20,ttVV
>> Doing prefit: ch20,TotalBkg
>> Doing prefit: ch20,TotalSig
>> Doing prefit: ch20,TotalProcs
>> Doing prefit: ch21,Rares
>> Doing prefit: ch21,TTW_jet1_pt_bin0
>> Doing prefit: ch21,TTW_jet1_pt_bin1
>> Doing prefit: ch21,TTW_jet1_pt_bin2
>> Doing prefit: ch21,TTW_ooa
>> Doing prefit: ch21,TTZ
>> Doing prefit: ch21,VVV
>> Doing prefit: ch21,WZ
>> Doing prefit: ch21,data_fakes
>> Doing prefit: ch21,tHW
>> Doing prefit: ch21,tHq
>> Doing prefit: ch21,tZq
>> Doing prefit: ch21,ttH
>> Doing prefit: ch21,ttVV
>> Doing prefit: ch21,TotalBkg
>> Doing prefit: ch21,TotalSig
>> Doing prefit: ch21,TotalProcs
>> Doing prefit: ch22,Convs
>> Doing prefit: ch22,Rares
>> Doing prefit: ch22,TTW_jet1_pt_bin0
>> Doing prefit: ch22,TTW_jet1_pt_bin1
>> Doing prefit: ch22,TTW_jet1_pt_bin2
>> Doing prefit: ch22,TTW_ooa
>> Doing prefit: ch22,TTZ
>> Doing prefit: ch22,VVV
>> Doing prefit: ch22,WZ
>> Doing prefit: ch22,ZZ
>> Doing prefit: ch22,data_fakes
>> Doing prefit: ch22,data_flips
>> Doing prefit: ch22,tHW
>> Doing prefit: ch22,tHq
>> Doing prefit: ch22,tZq
>> Doing prefit: ch22,ttH
>> Doing prefit: ch22,ttVV
>> Doing prefit: ch22,TotalBkg
>> Doing prefit: ch22,TotalSig
>> Doing prefit: ch22,TotalProcs
>> Doing prefit: ch23,Convs
>> Doing prefit: ch23,Rares
>> Doing prefit: ch23,TTW_jet1_pt_bin0
>> Doing prefit: ch23,TTW_jet1_pt_bin1
>> Doing prefit: ch23,TTW_jet1_pt_bin2
>> Doing prefit: ch23,TTW_ooa
>> Doing prefit: ch23,TTZ
>> Doing prefit: ch23,VVV
>> Doing prefit: ch23,WZ
>> Doing prefit: ch23,ZZ
>> Doing prefit: ch23,data_fakes
>> Doing prefit: ch23,data_flips
>> Doing prefit: ch23,tHW
>> Doing prefit: ch23,tHq
>> Doing prefit: ch23,tZq
>> Doing prefit: ch23,ttH
>> Doing prefit: ch23,ttVV
>> Doing prefit: ch23,TotalBkg
>> Doing prefit: ch23,TotalSig
>> Doing prefit: ch23,TotalProcs
>> Doing prefit: ch24,Rares
>> Doing prefit: ch24,TTW_jet1_pt_bin0
>> Doing prefit: ch24,TTW_jet1_pt_bin1
>> Doing prefit: ch24,TTW_jet1_pt_bin2
>> Doing prefit: ch24,TTW_ooa
>> Doing prefit: ch24,TTZ
>> Doing prefit: ch24,VVV
>> Doing prefit: ch24,WZ
>> Doing prefit: ch24,ZZ
>> Doing prefit: ch24,data_fakes
>> Doing prefit: ch24,tHW
>> Doing prefit: ch24,tHq
>> Doing prefit: ch24,tZq
>> Doing prefit: ch24,ttH
>> Doing prefit: ch24,ttVV
>> Doing prefit: ch24,TotalBkg
>> Doing prefit: ch24,TotalSig
>> Doing prefit: ch24,TotalProcs
>> Doing prefit: ch3,Rares
>> Doing prefit: ch3,TTW_jet1_pt_bin0
>> Doing prefit: ch3,TTW_jet1_pt_bin1
>> Doing prefit: ch3,TTW_jet1_pt_bin2
>> Doing prefit: ch3,TTW_ooa
>> Doing prefit: ch3,TTZ
>> Doing prefit: ch3,VVV
>> Doing prefit: ch3,WZ
>> Doing prefit: ch3,ZZ
>> Doing prefit: ch3,data_fakes
>> Doing prefit: ch3,tHW
>> Doing prefit: ch3,tHq
>> Doing prefit: ch3,tZq
>> Doing prefit: ch3,ttH
>> Doing prefit: ch3,ttVV
>> Doing prefit: ch3,TotalBkg
>> Doing prefit: ch3,TotalSig
>> Doing prefit: ch3,TotalProcs
>> Doing prefit: ch4,Convs
>> Doing prefit: ch4,Rares
>> Doing prefit: ch4,TTW_jet1_pt_bin0
>> Doing prefit: ch4,TTW_jet1_pt_bin1
>> Doing prefit: ch4,TTW_jet1_pt_bin2
>> Doing prefit: ch4,TTW_ooa
>> Doing prefit: ch4,TTZ
>> Doing prefit: ch4,VVV
>> Doing prefit: ch4,WZ
>> Doing prefit: ch4,ZZ
>> Doing prefit: ch4,data_fakes
>> Doing prefit: ch4,data_flips
>> Doing prefit: ch4,tHW
>> Doing prefit: ch4,tHq
>> Doing prefit: ch4,tZq
>> Doing prefit: ch4,ttH
>> Doing prefit: ch4,ttVV
>> Doing prefit: ch4,TotalBkg
>> Doing prefit: ch4,TotalSig
>> Doing prefit: ch4,TotalProcs
>> Doing prefit: ch5,Convs
>> Doing prefit: ch5,Rares
>> Doing prefit: ch5,TTW_jet1_pt_bin0
>> Doing prefit: ch5,TTW_jet1_pt_bin1
>> Doing prefit: ch5,TTW_jet1_pt_bin2
>> Doing prefit: ch5,TTW_ooa
>> Doing prefit: ch5,TTZ
>> Doing prefit: ch5,VVV
>> Doing prefit: ch5,WZ
>> Doing prefit: ch5,ZZ
>> Doing prefit: ch5,data_fakes
>> Doing prefit: ch5,data_flips
>> Doing prefit: ch5,tHW
>> Doing prefit: ch5,tHq
>> Doing prefit: ch5,tZq
>> Doing prefit: ch5,ttH
>> Doing prefit: ch5,ttVV
>> Doing prefit: ch5,TotalBkg
>> Doing prefit: ch5,TotalSig
>> Doing prefit: ch5,TotalProcs
>> Doing prefit: ch6,Rares
>> Doing prefit: ch6,TTW_jet1_pt_bin0
>> Doing prefit: ch6,TTW_jet1_pt_bin1
>> Doing prefit: ch6,TTW_jet1_pt_bin2
>> Doing prefit: ch6,TTW_ooa
>> Doing prefit: ch6,TTZ
>> Doing prefit: ch6,VVV
>> Doing prefit: ch6,WZ
>> Doing prefit: ch6,ZZ
>> Doing prefit: ch6,data_fakes
>> Doing prefit: ch6,tHW
>> Doing prefit: ch6,tHq
>> Doing prefit: ch6,tZq
>> Doing prefit: ch6,ttH
>> Doing prefit: ch6,ttVV
>> Doing prefit: ch6,TotalBkg
>> Doing prefit: ch6,TotalSig
>> Doing prefit: ch6,TotalProcs
>> Doing prefit: ch7,Convs
>> Doing prefit: ch7,Rares
>> Doing prefit: ch7,TTW_jet1_pt_bin0
>> Doing prefit: ch7,TTW_jet1_pt_bin1
>> Doing prefit: ch7,TTW_jet1_pt_bin2
>> Doing prefit: ch7,TTW_ooa
>> Doing prefit: ch7,TTZ
>> Doing prefit: ch7,VVV
>> Doing prefit: ch7,WZ
>> Doing prefit: ch7,ZZ
>> Doing prefit: ch7,data_fakes
>> Doing prefit: ch7,data_flips
>> Doing prefit: ch7,tHW
>> Doing prefit: ch7,tHq
>> Doing prefit: ch7,tZq
>> Doing prefit: ch7,ttH
>> Doing prefit: ch7,ttVV
>> Doing prefit: ch7,TotalBkg
>> Doing prefit: ch7,TotalSig
>> Doing prefit: ch7,TotalProcs
>> Doing prefit: ch8,Convs
>> Doing prefit: ch8,Rares
>> Doing prefit: ch8,TTW_jet1_pt_bin0
>> Doing prefit: ch8,TTW_jet1_pt_bin1
>> Doing prefit: ch8,TTW_jet1_pt_bin2
>> Doing prefit: ch8,TTW_ooa
>> Doing prefit: ch8,TTZ
>> Doing prefit: ch8,VVV
>> Doing prefit: ch8,WZ
>> Doing prefit: ch8,ZZ
>> Doing prefit: ch8,data_fakes
>> Doing prefit: ch8,data_flips
>> Doing prefit: ch8,tHW
>> Doing prefit: ch8,tHq
>> Doing prefit: ch8,tZq
>> Doing prefit: ch8,ttH
>> Doing prefit: ch8,ttVV
>> Doing prefit: ch8,TotalBkg
>> Doing prefit: ch8,TotalSig
>> Doing prefit: ch8,TotalProcs
>> Doing prefit: ch9,Rares
>> Doing prefit: ch9,TTW_jet1_pt_bin0
>> Doing prefit: ch9,TTW_jet1_pt_bin1
>> Doing prefit: ch9,TTW_jet1_pt_bin2
>> Doing prefit: ch9,TTW_ooa
>> Doing prefit: ch9,TTZ
>> Doing prefit: ch9,VVV
>> Doing prefit: ch9,WZ
>> Doing prefit: ch9,ZZ
>> Doing prefit: ch9,data_fakes
>> Doing prefit: ch9,tHW
>> Doing prefit: ch9,tHq
>> Doing prefit: ch9,tZq
>> Doing prefit: ch9,ttH
>> Doing prefit: ch9,ttVV
>> Doing prefit: ch9,TotalBkg
>> Doing prefit: ch9,TotalSig
>> Doing prefit: ch9,TotalProcs
Bin                       Total relative bkg uncert. (prefit)
----------------------------------------------------------
ch1                       0.15175   
ch10                      0.18692   
ch11                      0.11577   
ch12                      0.15325   
ch13                      0.14591   
ch14                      0.12529   
ch15                      0.17518   
ch16                      0.15108   
ch17                      0.12490   
ch18                      0.15626   
ch19                      0.15163   
ch2                       0.10963   
ch20                      0.11704   
ch21                      0.12254   
ch22                      0.16345   
ch23                      0.10760   
ch24                      0.14568   
ch3                       0.14129   
ch4                       0.13277   
ch5                       0.11847   
ch6                       0.14540   
ch7                       0.13004   
ch8                       0.11918   
ch9                       0.20802   
>> Doing postfit: TotalBkg
>> Doing postfit: TotalSig
>> Doing postfit: TotalProcs
>> Doing postfit: ch1,Convs
>> Doing postfit: ch1,Rares
>> Doing postfit: ch1,TTW_jet1_pt_bin0
>> Doing postfit: ch1,TTW_jet1_pt_bin1
>> Doing postfit: ch1,TTW_jet1_pt_bin2
>> Doing postfit: ch1,TTW_ooa
>> Doing postfit: ch1,TTZ
>> Doing postfit: ch1,VVV
>> Doing postfit: ch1,WZ
>> Doing postfit: ch1,ZZ
>> Doing postfit: ch1,data_fakes
>> Doing postfit: ch1,data_flips
>> Doing postfit: ch1,tHW
>> Doing postfit: ch1,tHq
>> Doing postfit: ch1,tZq
>> Doing postfit: ch1,ttH
>> Doing postfit: ch1,ttVV
>> Doing postfit: ch1,TotalBkg
>> Doing postfit: ch1,TotalSig
>> Doing postfit: ch1,TotalProcs
>> Doing postfit: ch10,Convs
>> Doing postfit: ch10,Rares
>> Doing postfit: ch10,TTW_jet1_pt_bin0
>> Doing postfit: ch10,TTW_jet1_pt_bin1
>> Doing postfit: ch10,TTW_jet1_pt_bin2
>> Doing postfit: ch10,TTW_ooa
>> Doing postfit: ch10,TTZ
>> Doing postfit: ch10,VVV
>> Doing postfit: ch10,WZ
>> Doing postfit: ch10,ZZ
>> Doing postfit: ch10,data_fakes
>> Doing postfit: ch10,data_flips
>> Doing postfit: ch10,tHW
>> Doing postfit: ch10,tHq
>> Doing postfit: ch10,tZq
>> Doing postfit: ch10,ttH
>> Doing postfit: ch10,ttVV
>> Doing postfit: ch10,TotalBkg
>> Doing postfit: ch10,TotalSig
>> Doing postfit: ch10,TotalProcs
>> Doing postfit: ch11,Convs
>> Doing postfit: ch11,Rares
>> Doing postfit: ch11,TTW_jet1_pt_bin0
>> Doing postfit: ch11,TTW_jet1_pt_bin1
>> Doing postfit: ch11,TTW_jet1_pt_bin2
>> Doing postfit: ch11,TTW_ooa
>> Doing postfit: ch11,TTZ
>> Doing postfit: ch11,VVV
>> Doing postfit: ch11,WZ
>> Doing postfit: ch11,ZZ
>> Doing postfit: ch11,data_fakes
>> Doing postfit: ch11,data_flips
>> Doing postfit: ch11,tHW
>> Doing postfit: ch11,tHq
>> Doing postfit: ch11,tZq
>> Doing postfit: ch11,ttH
>> Doing postfit: ch11,ttVV
>> Doing postfit: ch11,TotalBkg
>> Doing postfit: ch11,TotalSig
>> Doing postfit: ch11,TotalProcs
>> Doing postfit: ch12,Rares
>> Doing postfit: ch12,TTW_jet1_pt_bin0
>> Doing postfit: ch12,TTW_jet1_pt_bin1
>> Doing postfit: ch12,TTW_jet1_pt_bin2
>> Doing postfit: ch12,TTW_ooa
>> Doing postfit: ch12,TTZ
>> Doing postfit: ch12,VVV
>> Doing postfit: ch12,WZ
>> Doing postfit: ch12,ZZ
>> Doing postfit: ch12,data_fakes
>> Doing postfit: ch12,tHW
>> Doing postfit: ch12,tHq
>> Doing postfit: ch12,tZq
>> Doing postfit: ch12,ttH
>> Doing postfit: ch12,ttVV
>> Doing postfit: ch12,TotalBkg
>> Doing postfit: ch12,TotalSig
>> Doing postfit: ch12,TotalProcs
>> Doing postfit: ch13,Convs
>> Doing postfit: ch13,Rares
>> Doing postfit: ch13,TTW_jet1_pt_bin0
>> Doing postfit: ch13,TTW_jet1_pt_bin1
>> Doing postfit: ch13,TTW_jet1_pt_bin2
>> Doing postfit: ch13,TTW_ooa
>> Doing postfit: ch13,TTZ
>> Doing postfit: ch13,VVV
>> Doing postfit: ch13,WZ
>> Doing postfit: ch13,ZZ
>> Doing postfit: ch13,data_fakes
>> Doing postfit: ch13,data_flips
>> Doing postfit: ch13,tHW
>> Doing postfit: ch13,tHq
>> Doing postfit: ch13,tZq
>> Doing postfit: ch13,ttH
>> Doing postfit: ch13,ttVV
>> Doing postfit: ch13,TotalBkg
>> Doing postfit: ch13,TotalSig
>> Doing postfit: ch13,TotalProcs
>> Doing postfit: ch14,Convs
>> Doing postfit: ch14,Rares
>> Doing postfit: ch14,TTW_jet1_pt_bin0
>> Doing postfit: ch14,TTW_jet1_pt_bin1
>> Doing postfit: ch14,TTW_jet1_pt_bin2
>> Doing postfit: ch14,TTW_ooa
>> Doing postfit: ch14,TTZ
>> Doing postfit: ch14,VVV
>> Doing postfit: ch14,WZ
>> Doing postfit: ch14,ZZ
>> Doing postfit: ch14,data_fakes
>> Doing postfit: ch14,data_flips
>> Doing postfit: ch14,tHW
>> Doing postfit: ch14,tHq
>> Doing postfit: ch14,tZq
>> Doing postfit: ch14,ttH
>> Doing postfit: ch14,ttVV
>> Doing postfit: ch14,TotalBkg
>> Doing postfit: ch14,TotalSig
>> Doing postfit: ch14,TotalProcs
>> Doing postfit: ch15,Rares
>> Doing postfit: ch15,TTW_jet1_pt_bin0
>> Doing postfit: ch15,TTW_jet1_pt_bin1
>> Doing postfit: ch15,TTW_jet1_pt_bin2
>> Doing postfit: ch15,TTW_ooa
>> Doing postfit: ch15,TTZ
>> Doing postfit: ch15,VVV
>> Doing postfit: ch15,WZ
>> Doing postfit: ch15,ZZ
>> Doing postfit: ch15,data_fakes
>> Doing postfit: ch15,tHW
>> Doing postfit: ch15,tHq
>> Doing postfit: ch15,tZq
>> Doing postfit: ch15,ttH
>> Doing postfit: ch15,ttVV
>> Doing postfit: ch15,TotalBkg
>> Doing postfit: ch15,TotalSig
>> Doing postfit: ch15,TotalProcs
>> Doing postfit: ch16,Convs
>> Doing postfit: ch16,Rares
>> Doing postfit: ch16,TTW_jet1_pt_bin0
>> Doing postfit: ch16,TTW_jet1_pt_bin1
>> Doing postfit: ch16,TTW_jet1_pt_bin2
>> Doing postfit: ch16,TTW_ooa
>> Doing postfit: ch16,TTZ
>> Doing postfit: ch16,VVV
>> Doing postfit: ch16,WZ
>> Doing postfit: ch16,ZZ
>> Doing postfit: ch16,data_fakes
>> Doing postfit: ch16,data_flips
>> Doing postfit: ch16,tHW
>> Doing postfit: ch16,tHq
>> Doing postfit: ch16,tZq
>> Doing postfit: ch16,ttH
>> Doing postfit: ch16,ttVV
>> Doing postfit: ch16,TotalBkg
>> Doing postfit: ch16,TotalSig
>> Doing postfit: ch16,TotalProcs
>> Doing postfit: ch17,Convs
>> Doing postfit: ch17,Rares
>> Doing postfit: ch17,TTW_jet1_pt_bin0
>> Doing postfit: ch17,TTW_jet1_pt_bin1
>> Doing postfit: ch17,TTW_jet1_pt_bin2
>> Doing postfit: ch17,TTW_ooa
>> Doing postfit: ch17,TTZ
>> Doing postfit: ch17,VVV
>> Doing postfit: ch17,WZ
>> Doing postfit: ch17,ZZ
>> Doing postfit: ch17,data_fakes
>> Doing postfit: ch17,data_flips
>> Doing postfit: ch17,tHW
>> Doing postfit: ch17,tHq
>> Doing postfit: ch17,tZq
>> Doing postfit: ch17,ttH
>> Doing postfit: ch17,ttVV
>> Doing postfit: ch17,TotalBkg
>> Doing postfit: ch17,TotalSig
>> Doing postfit: ch17,TotalProcs
>> Doing postfit: ch18,Rares
>> Doing postfit: ch18,TTW_jet1_pt_bin0
>> Doing postfit: ch18,TTW_jet1_pt_bin1
>> Doing postfit: ch18,TTW_jet1_pt_bin2
>> Doing postfit: ch18,TTW_ooa
>> Doing postfit: ch18,TTZ
>> Doing postfit: ch18,VVV
>> Doing postfit: ch18,WZ
>> Doing postfit: ch18,ZZ
>> Doing postfit: ch18,data_fakes
>> Doing postfit: ch18,tHW
>> Doing postfit: ch18,tHq
>> Doing postfit: ch18,tZq
>> Doing postfit: ch18,ttH
>> Doing postfit: ch18,ttVV
>> Doing postfit: ch18,TotalBkg
>> Doing postfit: ch18,TotalSig
>> Doing postfit: ch18,TotalProcs
>> Doing postfit: ch19,Convs
>> Doing postfit: ch19,Rares
>> Doing postfit: ch19,TTW_jet1_pt_bin0
>> Doing postfit: ch19,TTW_jet1_pt_bin1
>> Doing postfit: ch19,TTW_jet1_pt_bin2
>> Doing postfit: ch19,TTW_ooa
>> Doing postfit: ch19,TTZ
>> Doing postfit: ch19,VVV
>> Doing postfit: ch19,WZ
>> Doing postfit: ch19,ZZ
>> Doing postfit: ch19,data_fakes
>> Doing postfit: ch19,data_flips
>> Doing postfit: ch19,tHW
>> Doing postfit: ch19,tHq
>> Doing postfit: ch19,tZq
>> Doing postfit: ch19,ttH
>> Doing postfit: ch19,ttVV
>> Doing postfit: ch19,TotalBkg
>> Doing postfit: ch19,TotalSig
>> Doing postfit: ch19,TotalProcs
>> Doing postfit: ch2,Convs
>> Doing postfit: ch2,Rares
>> Doing postfit: ch2,TTW_jet1_pt_bin0
>> Doing postfit: ch2,TTW_jet1_pt_bin1
>> Doing postfit: ch2,TTW_jet1_pt_bin2
>> Doing postfit: ch2,TTW_ooa
>> Doing postfit: ch2,TTZ
>> Doing postfit: ch2,VVV
>> Doing postfit: ch2,WZ
>> Doing postfit: ch2,ZZ
>> Doing postfit: ch2,data_fakes
>> Doing postfit: ch2,data_flips
>> Doing postfit: ch2,tHW
>> Doing postfit: ch2,tHq
>> Doing postfit: ch2,tZq
>> Doing postfit: ch2,ttH
>> Doing postfit: ch2,ttVV
>> Doing postfit: ch2,TotalBkg
>> Doing postfit: ch2,TotalSig
>> Doing postfit: ch2,TotalProcs
>> Doing postfit: ch20,Convs
>> Doing postfit: ch20,Rares
>> Doing postfit: ch20,TTW_jet1_pt_bin0
>> Doing postfit: ch20,TTW_jet1_pt_bin1
>> Doing postfit: ch20,TTW_jet1_pt_bin2
>> Doing postfit: ch20,TTW_ooa
>> Doing postfit: ch20,TTZ
>> Doing postfit: ch20,VVV
>> Doing postfit: ch20,WZ
>> Doing postfit: ch20,ZZ
>> Doing postfit: ch20,data_fakes
>> Doing postfit: ch20,data_flips
>> Doing postfit: ch20,tHW
>> Doing postfit: ch20,tHq
>> Doing postfit: ch20,tZq
>> Doing postfit: ch20,ttH
>> Doing postfit: ch20,ttVV
>> Doing postfit: ch20,TotalBkg
>> Doing postfit: ch20,TotalSig
>> Doing postfit: ch20,TotalProcs
>> Doing postfit: ch21,Rares
>> Doing postfit: ch21,TTW_jet1_pt_bin0
>> Doing postfit: ch21,TTW_jet1_pt_bin1
>> Doing postfit: ch21,TTW_jet1_pt_bin2
>> Doing postfit: ch21,TTW_ooa
>> Doing postfit: ch21,TTZ
>> Doing postfit: ch21,VVV
>> Doing postfit: ch21,WZ
>> Doing postfit: ch21,data_fakes
>> Doing postfit: ch21,tHW
>> Doing postfit: ch21,tHq
>> Doing postfit: ch21,tZq
>> Doing postfit: ch21,ttH
>> Doing postfit: ch21,ttVV
>> Doing postfit: ch21,TotalBkg
>> Doing postfit: ch21,TotalSig
>> Doing postfit: ch21,TotalProcs
>> Doing postfit: ch22,Convs
>> Doing postfit: ch22,Rares
>> Doing postfit: ch22,TTW_jet1_pt_bin0
>> Doing postfit: ch22,TTW_jet1_pt_bin1
>> Doing postfit: ch22,TTW_jet1_pt_bin2
>> Doing postfit: ch22,TTW_ooa
>> Doing postfit: ch22,TTZ
>> Doing postfit: ch22,VVV
>> Doing postfit: ch22,WZ
>> Doing postfit: ch22,ZZ
>> Doing postfit: ch22,data_fakes
>> Doing postfit: ch22,data_flips
>> Doing postfit: ch22,tHW
>> Doing postfit: ch22,tHq
>> Doing postfit: ch22,tZq
>> Doing postfit: ch22,ttH
>> Doing postfit: ch22,ttVV
>> Doing postfit: ch22,TotalBkg
>> Doing postfit: ch22,TotalSig
>> Doing postfit: ch22,TotalProcs
>> Doing postfit: ch23,Convs
>> Doing postfit: ch23,Rares
>> Doing postfit: ch23,TTW_jet1_pt_bin0
>> Doing postfit: ch23,TTW_jet1_pt_bin1
>> Doing postfit: ch23,TTW_jet1_pt_bin2
>> Doing postfit: ch23,TTW_ooa
>> Doing postfit: ch23,TTZ
>> Doing postfit: ch23,VVV
>> Doing postfit: ch23,WZ
>> Doing postfit: ch23,ZZ
>> Doing postfit: ch23,data_fakes
>> Doing postfit: ch23,data_flips
>> Doing postfit: ch23,tHW
>> Doing postfit: ch23,tHq
>> Doing postfit: ch23,tZq
>> Doing postfit: ch23,ttH
>> Doing postfit: ch23,ttVV
>> Doing postfit: ch23,TotalBkg
>> Doing postfit: ch23,TotalSig
>> Doing postfit: ch23,TotalProcs
>> Doing postfit: ch24,Rares
>> Doing postfit: ch24,TTW_jet1_pt_bin0
>> Doing postfit: ch24,TTW_jet1_pt_bin1
>> Doing postfit: ch24,TTW_jet1_pt_bin2
>> Doing postfit: ch24,TTW_ooa
>> Doing postfit: ch24,TTZ
>> Doing postfit: ch24,VVV
>> Doing postfit: ch24,WZ
>> Doing postfit: ch24,ZZ
>> Doing postfit: ch24,data_fakes
>> Doing postfit: ch24,tHW
>> Doing postfit: ch24,tHq
>> Doing postfit: ch24,tZq
>> Doing postfit: ch24,ttH
>> Doing postfit: ch24,ttVV
>> Doing postfit: ch24,TotalBkg
>> Doing postfit: ch24,TotalSig
>> Doing postfit: ch24,TotalProcs
>> Doing postfit: ch3,Rares
>> Doing postfit: ch3,TTW_jet1_pt_bin0
>> Doing postfit: ch3,TTW_jet1_pt_bin1
>> Doing postfit: ch3,TTW_jet1_pt_bin2
>> Doing postfit: ch3,TTW_ooa
>> Doing postfit: ch3,TTZ
>> Doing postfit: ch3,VVV
>> Doing postfit: ch3,WZ
>> Doing postfit: ch3,ZZ
>> Doing postfit: ch3,data_fakes
>> Doing postfit: ch3,tHW
>> Doing postfit: ch3,tHq
>> Doing postfit: ch3,tZq
>> Doing postfit: ch3,ttH
>> Doing postfit: ch3,ttVV
>> Doing postfit: ch3,TotalBkg
>> Doing postfit: ch3,TotalSig
>> Doing postfit: ch3,TotalProcs
>> Doing postfit: ch4,Convs
>> Doing postfit: ch4,Rares
>> Doing postfit: ch4,TTW_jet1_pt_bin0
>> Doing postfit: ch4,TTW_jet1_pt_bin1
>> Doing postfit: ch4,TTW_jet1_pt_bin2
>> Doing postfit: ch4,TTW_ooa
>> Doing postfit: ch4,TTZ
>> Doing postfit: ch4,VVV
>> Doing postfit: ch4,WZ
>> Doing postfit: ch4,ZZ
>> Doing postfit: ch4,data_fakes
>> Doing postfit: ch4,data_flips
>> Doing postfit: ch4,tHW
>> Doing postfit: ch4,tHq
>> Doing postfit: ch4,tZq
>> Doing postfit: ch4,ttH
>> Doing postfit: ch4,ttVV
>> Doing postfit: ch4,TotalBkg
>> Doing postfit: ch4,TotalSig
>> Doing postfit: ch4,TotalProcs
>> Doing postfit: ch5,Convs
>> Doing postfit: ch5,Rares
>> Doing postfit: ch5,TTW_jet1_pt_bin0
>> Doing postfit: ch5,TTW_jet1_pt_bin1
>> Doing postfit: ch5,TTW_jet1_pt_bin2
>> Doing postfit: ch5,TTW_ooa
>> Doing postfit: ch5,TTZ
>> Doing postfit: ch5,VVV
>> Doing postfit: ch5,WZ
>> Doing postfit: ch5,ZZ
>> Doing postfit: ch5,data_fakes
>> Doing postfit: ch5,data_flips
>> Doing postfit: ch5,tHW
>> Doing postfit: ch5,tHq
>> Doing postfit: ch5,tZq
>> Doing postfit: ch5,ttH
>> Doing postfit: ch5,ttVV
>> Doing postfit: ch5,TotalBkg
>> Doing postfit: ch5,TotalSig
>> Doing postfit: ch5,TotalProcs
>> Doing postfit: ch6,Rares
>> Doing postfit: ch6,TTW_jet1_pt_bin0
>> Doing postfit: ch6,TTW_jet1_pt_bin1
>> Doing postfit: ch6,TTW_jet1_pt_bin2
>> Doing postfit: ch6,TTW_ooa
>> Doing postfit: ch6,TTZ
>> Doing postfit: ch6,VVV
>> Doing postfit: ch6,WZ
>> Doing postfit: ch6,ZZ
>> Doing postfit: ch6,data_fakes
>> Doing postfit: ch6,tHW
>> Doing postfit: ch6,tHq
>> Doing postfit: ch6,tZq
>> Doing postfit: ch6,ttH
>> Doing postfit: ch6,ttVV
>> Doing postfit: ch6,TotalBkg
>> Doing postfit: ch6,TotalSig
>> Doing postfit: ch6,TotalProcs
>> Doing postfit: ch7,Convs
>> Doing postfit: ch7,Rares
>> Doing postfit: ch7,TTW_jet1_pt_bin0
>> Doing postfit: ch7,TTW_jet1_pt_bin1
>> Doing postfit: ch7,TTW_jet1_pt_bin2
>> Doing postfit: ch7,TTW_ooa
>> Doing postfit: ch7,TTZ
>> Doing postfit: ch7,VVV
>> Doing postfit: ch7,WZ
>> Doing postfit: ch7,ZZ
>> Doing postfit: ch7,data_fakes
>> Doing postfit: ch7,data_flips
>> Doing postfit: ch7,tHW
>> Doing postfit: ch7,tHq
>> Doing postfit: ch7,tZq
>> Doing postfit: ch7,ttH
>> Doing postfit: ch7,ttVV
>> Doing postfit: ch7,TotalBkg
>> Doing postfit: ch7,TotalSig
>> Doing postfit: ch7,TotalProcs
>> Doing postfit: ch8,Convs
>> Doing postfit: ch8,Rares
>> Doing postfit: ch8,TTW_jet1_pt_bin0
>> Doing postfit: ch8,TTW_jet1_pt_bin1
>> Doing postfit: ch8,TTW_jet1_pt_bin2
>> Doing postfit: ch8,TTW_ooa
>> Doing postfit: ch8,TTZ
>> Doing postfit: ch8,VVV
>> Doing postfit: ch8,WZ
>> Doing postfit: ch8,ZZ
>> Doing postfit: ch8,data_fakes
>> Doing postfit: ch8,data_flips
>> Doing postfit: ch8,tHW
>> Doing postfit: ch8,tHq
>> Doing postfit: ch8,tZq
>> Doing postfit: ch8,ttH
>> Doing postfit: ch8,ttVV
>> Doing postfit: ch8,TotalBkg
>> Doing postfit: ch8,TotalSig
>> Doing postfit: ch8,TotalProcs
>> Doing postfit: ch9,Rares
>> Doing postfit: ch9,TTW_jet1_pt_bin0
>> Doing postfit: ch9,TTW_jet1_pt_bin1
>> Doing postfit: ch9,TTW_jet1_pt_bin2
>> Doing postfit: ch9,TTW_ooa
>> Doing postfit: ch9,TTZ
>> Doing postfit: ch9,VVV
>> Doing postfit: ch9,WZ
>> Doing postfit: ch9,ZZ
>> Doing postfit: ch9,data_fakes
>> Doing postfit: ch9,tHW
>> Doing postfit: ch9,tHq
>> Doing postfit: ch9,tZq
>> Doing postfit: ch9,ttH
>> Doing postfit: ch9,ttVV
>> Doing postfit: ch9,TotalBkg
>> Doing postfit: ch9,TotalSig
>> Doing postfit: ch9,TotalProcs

Bin                       Total relative bkg uncert. (postfit)
----------------------------------------------------------
ch1                       0.10201   
ch10                      0.12396   
ch11                      0.08387   
ch12                      0.17518   
ch13                      0.09574   
ch14                      0.07842   
ch15                      0.09251   
ch16                      0.10492   
ch17                      0.08715   
ch18                      0.09003   
ch19                      0.09862   
ch2                       0.08482   
ch20                      0.06706   
ch21                      0.07148   
ch22                      0.09510   
ch23                      0.06366   
ch24                      0.07943   
ch3                       0.08577   
ch4                       0.09474   
ch5                       0.08090   
ch6                       0.08158   
ch7                       0.09859   
ch8                       0.07454   
ch9                       0.11863   

Bin                       Process              Scale factor
----------------------------------------------------------
ch1                       Convs                1.31275   
ch1                       Rares                1.12403   
ch1                       TTW_jet1_pt_bin0     1.06290   
ch1                       TTW_jet1_pt_bin1     1.60960   
ch1                       TTW_jet1_pt_bin2     1.71177   
ch1                       TTW_ooa              1.07510   
ch1                       TTZ                  1.15763   
ch1                       VVV                  1.23618   
ch1                       WZ                   0.90082   
ch1                       ZZ                   1.33545   
ch1                       data_fakes           1.18987   
ch1                       data_flips           0.96845   
ch1                       tHW                  1.06009   
ch1                       tHq                  1.05926   
ch1                       tZq                  1.06563   
ch1                       ttH                  1.08318   
ch1                       ttVV                 1.07235   
ch10                      Convs                1.28006   
ch10                      Rares                1.19040   
ch10                      TTW_jet1_pt_bin0     1.02586   
ch10                      TTW_jet1_pt_bin1     1.56655   
ch10                      TTW_jet1_pt_bin2     1.78470   
ch10                      TTW_ooa              1.06347   
ch10                      TTZ                  1.28394   
ch10                      VVV                  1.53312   
ch10                      WZ                   1.16988   
ch10                      ZZ                   1.60407   
ch10                      data_fakes           1.18622   
ch10                      data_flips           0.96721   
ch10                      tHW                  1.08699   
ch10                      tHq                  1.09564   
ch10                      tZq                  1.18359   
ch10                      ttH                  1.08948   
ch10                      ttVV                 1.08149   
ch11                      Convs                1.46245   
ch11                      Rares                1.20896   
ch11                      TTW_jet1_pt_bin0     1.00935   
ch11                      TTW_jet1_pt_bin1     1.54933   
ch11                      TTW_jet1_pt_bin2     1.71091   
ch11                      TTW_ooa              1.07202   
ch11                      TTZ                  1.19997   
ch11                      VVV                  1.44031   
ch11                      WZ                   1.15796   
ch11                      ZZ                   1.55666   
ch11                      data_fakes           1.07733   
ch11                      data_flips           0.96834   
ch11                      tHW                  1.05633   
ch11                      tHq                  1.05104   
ch11                      tZq                  1.12179   
ch11                      ttH                  1.05444   
ch11                      ttVV                 1.05155   
ch12                      Rares                1.10316   
ch12                      TTW_jet1_pt_bin0     0.98841   
ch12                      TTW_jet1_pt_bin1     1.51242   
ch12                      TTW_jet1_pt_bin2     1.68205   
ch12                      TTW_ooa              1.03361   
ch12                      TTZ                  1.15529   
ch12                      VVV                  2.39587   
ch12                      WZ                   1.09456   
ch12                      ZZ                   1.64540   
ch12                      data_fakes           0.91613   
ch12                      tHW                  1.02671   
ch12                      tHq                  1.04168   
ch12                      tZq                  1.10978   
ch12                      ttH                  1.00447   
ch12                      ttVV                 1.01865   
ch13                      Convs                1.16123   
ch13                      Rares                1.01243   
ch13                      TTW_jet1_pt_bin0     1.03091   
ch13                      TTW_jet1_pt_bin1     1.59354   
ch13                      TTW_jet1_pt_bin2     1.74292   
ch13                      TTW_ooa              1.06774   
ch13                      TTZ                  1.16544   
ch13                      VVV                  1.07929   
ch13                      WZ                   0.95743   
ch13                      ZZ                   1.26393   
ch13                      data_fakes           1.11352   
ch13                      data_flips           0.96753   
ch13                      tHW                  1.03412   
ch13                      tHq                  1.07614   
ch13                      tZq                  1.13909   
ch13                      ttH                  1.09231   
ch13                      ttVV                 1.07160   
ch14                      Convs                1.18531   
ch14                      Rares                1.11566   
ch14                      TTW_jet1_pt_bin0     1.02553   
ch14                      TTW_jet1_pt_bin1     1.55051   
ch14                      TTW_jet1_pt_bin2     1.70045   
ch14                      TTW_ooa              1.04825   
ch14                      TTZ                  1.13163   
ch14                      VVV                  1.23766   
ch14                      WZ                   1.00316   
ch14                      ZZ                   1.46306   
ch14                      data_fakes           1.03657   
ch14                      data_flips           0.96803   
ch14                      tHW                  1.02164   
ch14                      tHq                  1.02973   
ch14                      tZq                  1.10432   
ch14                      ttH                  1.05822   
ch14                      ttVV                 1.04552   
ch15                      Rares                1.03931   
ch15                      TTW_jet1_pt_bin0     0.98442   
ch15                      TTW_jet1_pt_bin1     1.50925   
ch15                      TTW_jet1_pt_bin2     1.65006   
ch15                      TTW_ooa              0.99801   
ch15                      TTZ                  1.15354   
ch15                      VVV                  1.18864   
ch15                      WZ                   0.93791   
ch15                      ZZ                   1.36861   
ch15                      data_fakes           0.90511   
ch15                      tHW                  1.00330   
ch15                      tHq                  1.04193   
ch15                      tZq                  1.06802   
ch15                      ttH                  1.00926   
ch15                      ttVV                 1.01806   
ch16                      Convs                0.97976   
ch16                      Rares                1.08044   
ch16                      TTW_jet1_pt_bin0     1.03264   
ch16                      TTW_jet1_pt_bin1     1.56476   
ch16                      TTW_jet1_pt_bin2     1.72710   
ch16                      TTW_ooa              1.07103   
ch16                      TTZ                  1.15435   
ch16                      VVV                  1.25730   
ch16                      WZ                   0.98906   
ch16                      ZZ                   1.23123   
ch16                      data_fakes           1.15685   
ch16                      data_flips           0.96794   
ch16                      tHW                  1.04844   
ch16                      tHq                  1.03198   
ch16                      tZq                  1.16811   
ch16                      ttH                  1.06584   
ch16                      ttVV                 1.07448   
ch17                      Convs                1.07400   
ch17                      Rares                1.12046   
ch17                      TTW_jet1_pt_bin0     1.02467   
ch17                      TTW_jet1_pt_bin1     1.54025   
ch17                      TTW_jet1_pt_bin2     1.70436   
ch17                      TTW_ooa              1.03701   
ch17                      TTZ                  1.16633   
ch17                      VVV                  1.26183   
ch17                      WZ                   0.97905   
ch17                      ZZ                   1.21406   
ch17                      data_fakes           1.01257   
ch17                      data_flips           0.96795   
ch17                      tHW                  1.03141   
ch17                      tHq                  1.02767   
ch17                      tZq                  1.09242   
ch17                      ttH                  1.04121   
ch17                      ttVV                 1.04645   
ch18                      Rares                0.97741   
ch18                      TTW_jet1_pt_bin0     0.99069   
ch18                      TTW_jet1_pt_bin1     1.50079   
ch18                      TTW_jet1_pt_bin2     1.65187   
ch18                      TTW_ooa              1.00135   
ch18                      TTZ                  1.15643   
ch18                      VVV                  1.25266   
ch18                      WZ                   0.92790   
ch18                      ZZ                   0.96779   
ch18                      data_fakes           0.85564   
ch18                      tHW                  1.00407   
ch18                      tHq                  0.99498   
ch18                      tZq                  1.08370   
ch18                      ttH                  1.00445   
ch18                      ttVV                 1.01803   
ch19                      Convs                1.29909   
ch19                      Rares                1.30462   
ch19                      TTW_jet1_pt_bin0     1.02329   
ch19                      TTW_jet1_pt_bin1     1.54048   
ch19                      TTW_jet1_pt_bin2     1.70998   
ch19                      TTW_ooa              1.01346   
ch19                      TTZ                  1.23712   
ch19                      VVV                  1.28621   
ch19                      WZ                   0.91989   
ch19                      ZZ                   1.08704   
ch19                      data_fakes           1.16111   
ch19                      data_flips           0.96798   
ch19                      tHW                  1.04597   
ch19                      tHq                  1.01965   
ch19                      tZq                  1.09007   
ch19                      ttH                  1.02258   
ch19                      ttVV                 1.05503   
ch2                       Convs                1.56048   
ch2                       Rares                1.05879   
ch2                       TTW_jet1_pt_bin0     1.01384   
ch2                       TTW_jet1_pt_bin1     1.54751   
ch2                       TTW_jet1_pt_bin2     1.68645   
ch2                       TTW_ooa              1.03105   
ch2                       TTZ                  1.11609   
ch2                       VVV                  1.18693   
ch2                       WZ                   0.93836   
ch2                       ZZ                   1.10888   
ch2                       data_fakes           1.05874   
ch2                       data_flips           0.96813   
ch2                       tHW                  0.99747   
ch2                       tHq                  1.01259   
ch2                       tZq                  1.02162   
ch2                       ttH                  1.02701   
ch2                       ttVV                 1.03554   
ch20                      Convs                1.27593   
ch20                      Rares                1.15628   
ch20                      TTW_jet1_pt_bin0     0.99132   
ch20                      TTW_jet1_pt_bin1     1.51902   
ch20                      TTW_jet1_pt_bin2     1.68091   
ch20                      TTW_ooa              0.98640   
ch20                      TTZ                  1.15604   
ch20                      VVV                  1.20949   
ch20                      WZ                   0.94726   
ch20                      ZZ                   1.18028   
ch20                      data_fakes           1.04528   
ch20                      data_flips           0.96802   
ch20                      tHW                  1.00544   
ch20                      tHq                  1.00211   
ch20                      tZq                  1.05876   
ch20                      ttH                  1.02115   
ch20                      ttVV                 1.02719   
ch21                      Rares                0.96949   
ch21                      TTW_jet1_pt_bin0     0.96454   
ch21                      TTW_jet1_pt_bin1     1.46992   
ch21                      TTW_jet1_pt_bin2     1.64777   
ch21                      TTW_ooa              0.94594   
ch21                      TTZ                  1.13937   
ch21                      VVV                  1.14708   
ch21                      WZ                   0.96264   
ch21                      data_fakes           0.97022   
ch21                      tHW                  0.98586   
ch21                      tHq                  0.97202   
ch21                      tZq                  1.04672   
ch21                      ttH                  1.00818   
ch21                      ttVV                 1.00028   
ch22                      Convs                1.24033   
ch22                      Rares                1.13690   
ch22                      TTW_jet1_pt_bin0     1.00826   
ch22                      TTW_jet1_pt_bin1     1.54359   
ch22                      TTW_jet1_pt_bin2     1.71270   
ch22                      TTW_ooa              1.00688   
ch22                      TTZ                  1.11569   
ch22                      VVV                  1.00553   
ch22                      WZ                   0.89438   
ch22                      ZZ                   1.21301   
ch22                      data_fakes           1.16191   
ch22                      data_flips           0.96805   
ch22                      tHW                  1.01423   
ch22                      tHq                  1.03920   
ch22                      tZq                  1.11272   
ch22                      ttH                  1.03035   
ch22                      ttVV                 1.05732   
ch23                      Convs                1.25154   
ch23                      Rares                1.10549   
ch23                      TTW_jet1_pt_bin0     0.98968   
ch23                      TTW_jet1_pt_bin1     1.49829   
ch23                      TTW_jet1_pt_bin2     1.67315   
ch23                      TTW_ooa              0.99955   
ch23                      TTZ                  1.25950   
ch23                      VVV                  1.24451   
ch23                      WZ                   0.95981   
ch23                      ZZ                   1.33273   
ch23                      data_fakes           1.03374   
ch23                      data_flips           0.96802   
ch23                      tHW                  1.01579   
ch23                      tHq                  1.00447   
ch23                      tZq                  1.03065   
ch23                      ttH                  1.01033   
ch23                      ttVV                 1.02982   
ch24                      Rares                1.06184   
ch24                      TTW_jet1_pt_bin0     0.96442   
ch24                      TTW_jet1_pt_bin1     1.46548   
ch24                      TTW_jet1_pt_bin2     1.62124   
ch24                      TTW_ooa              0.95555   
ch24                      TTZ                  1.14852   
ch24                      VVV                  1.22361   
ch24                      WZ                   0.95135   
ch24                      ZZ                   1.11476   
ch24                      data_fakes           0.95051   
ch24                      tHW                  0.98377   
ch24                      tHq                  0.97679   
ch24                      tZq                  1.07381   
ch24                      ttH                  0.98801   
ch24                      ttVV                 0.99682   
ch3                       Rares                1.03449   
ch3                       TTW_jet1_pt_bin0     0.99070   
ch3                       TTW_jet1_pt_bin1     1.47008   
ch3                       TTW_jet1_pt_bin2     1.62383   
ch3                       TTW_ooa              0.98568   
ch3                       TTZ                  1.11625   
ch3                       VVV                  1.21905   
ch3                       WZ                   0.90840   
ch3                       ZZ                   1.28655   
ch3                       data_fakes           0.92434   
ch3                       tHW                  0.96502   
ch3                       tHq                  0.98790   
ch3                       tZq                  1.03975   
ch3                       ttH                  1.00586   
ch3                       ttVV                 1.00040   
ch4                       Convs                1.20733   
ch4                       Rares                1.09811   
ch4                       TTW_jet1_pt_bin0     1.05756   
ch4                       TTW_jet1_pt_bin1     1.56803   
ch4                       TTW_jet1_pt_bin2     1.74092   
ch4                       TTW_ooa              1.10701   
ch4                       TTZ                  1.02792   
ch4                       VVV                  1.28024   
ch4                       WZ                   0.97559   
ch4                       ZZ                   1.29212   
ch4                       data_fakes           1.11732   
ch4                       data_flips           0.96761   
ch4                       tHW                  1.05117   
ch4                       tHq                  1.06642   
ch4                       tZq                  1.10035   
ch4                       ttH                  1.05293   
ch4                       ttVV                 1.07841   
ch5                       Convs                1.41918   
ch5                       Rares                1.12670   
ch5                       TTW_jet1_pt_bin0     1.00044   
ch5                       TTW_jet1_pt_bin1     1.53631   
ch5                       TTW_jet1_pt_bin2     1.71085   
ch5                       TTW_ooa              1.03590   
ch5                       TTZ                  1.18855   
ch5                       VVV                  1.29254   
ch5                       WZ                   0.97686   
ch5                       ZZ                   1.24048   
ch5                       data_fakes           1.05237   
ch5                       data_flips           0.96824   
ch5                       tHW                  1.00034   
ch5                       tHq                  1.00670   
ch5                       tZq                  1.07636   
ch5                       ttH                  1.01581   
ch5                       ttVV                 1.02556   
ch6                       Rares                1.19444   
ch6                       TTW_jet1_pt_bin0     0.97339   
ch6                       TTW_jet1_pt_bin1     1.46994   
ch6                       TTW_jet1_pt_bin2     1.63979   
ch6                       TTW_ooa              0.98000   
ch6                       TTZ                  1.16446   
ch6                       VVV                  0.98567   
ch6                       WZ                   0.93354   
ch6                       ZZ                   1.34850   
ch6                       data_fakes           0.92395   
ch6                       tHW                  0.97622   
ch6                       tHq                  0.98509   
ch6                       tZq                  1.02405   
ch6                       ttH                  0.99669   
ch6                       ttVV                 0.99601   
ch7                       Convs                1.29122   
ch7                       Rares                1.15905   
ch7                       TTW_jet1_pt_bin0     1.04649   
ch7                       TTW_jet1_pt_bin1     1.59555   
ch7                       TTW_jet1_pt_bin2     1.75663   
ch7                       TTW_ooa              1.12322   
ch7                       TTZ                  1.29232   
ch7                       VVV                  1.37912   
ch7                       WZ                   1.25077   
ch7                       ZZ                   1.56672   
ch7                       data_fakes           1.14286   
ch7                       data_flips           0.96775   
ch7                       tHW                  1.08407   
ch7                       tHq                  1.07294   
ch7                       tZq                  1.19440   
ch7                       ttH                  1.10652   
ch7                       ttVV                 1.07243   
ch8                       Convs                1.28103   
ch8                       Rares                1.11553   
ch8                       TTW_jet1_pt_bin0     1.03056   
ch8                       TTW_jet1_pt_bin1     1.53438   
ch8                       TTW_jet1_pt_bin2     1.71845   
ch8                       TTW_ooa              1.07848   
ch8                       TTZ                  1.24892   
ch8                       VVV                  1.44950   
ch8                       WZ                   1.31101   
ch8                       ZZ                   1.53771   
ch8                       data_fakes           1.07128   
ch8                       data_flips           0.96845   
ch8                       tHW                  1.04992   
ch8                       tHq                  1.05715   
ch8                       tZq                  1.10834   
ch8                       ttH                  1.05300   
ch8                       ttVV                 1.05173   
ch9                       Rares                1.10128   
ch9                       TTW_jet1_pt_bin0     1.01883   
ch9                       TTW_jet1_pt_bin1     1.50341   
ch9                       TTW_jet1_pt_bin2     1.67179   
ch9                       TTW_ooa              1.03939   
ch9                       TTZ                  1.19985   
ch9                       VVV                  1.36579   
ch9                       WZ                   1.19010   
ch9                       ZZ                   1.41498   
ch9                       data_fakes           0.97519   
ch9                       tHW                  1.02341   
ch9                       tHq                  1.01148   
ch9                       tZq                  1.21726   
ch9                       ttH                  1.03480   
ch9                       ttVV                 1.02186   
