WARNING: the default behaviour of PostFitShapesFromWorkspace is to use the covariance matrix sampling method for the post-fit uncertainty. The option --sampling is deprecated and will be removed in future versions of CombineHarvester
[SetFlag] Changing value of flag "workspaces-use-clone" from 0 to 1
[#1] INFO:ObjectHandling -- RooWorkspace::import(w) importing dataset ch1
[#1] INFO:ObjectHandling -- RooWorkspace::import(w) importing dataset ch10
[#1] INFO:ObjectHandling -- RooWorkspace::import(w) importing dataset ch11
[#1] INFO:ObjectHandling -- RooWorkspace::import(w) importing dataset ch12
[#1] INFO:ObjectHandling -- RooWorkspace::import(w) importing dataset ch2
[#1] INFO:ObjectHandling -- RooWorkspace::import(w) importing dataset ch3
[#1] INFO:ObjectHandling -- RooWorkspace::import(w) importing dataset ch4
[#1] INFO:ObjectHandling -- RooWorkspace::import(w) importing dataset ch5
[#1] INFO:ObjectHandling -- RooWorkspace::import(w) importing dataset ch6
[#1] INFO:ObjectHandling -- RooWorkspace::import(w) importing dataset ch7
[#1] INFO:ObjectHandling -- RooWorkspace::import(w) importing dataset ch8
[#1] INFO:ObjectHandling -- RooWorkspace::import(w) importing dataset ch9
[SetFlag] Changing value of flag "workspaces-use-clone" from 0 to 1
>> Doing prefit: TotalBkg
>> Doing prefit: TotalSig
>> Doing prefit: TotalProcs
>> Doing prefit: ch1,Convs
>> Doing prefit: ch1,Rares
>> Doing prefit: ch1,TTW_mindr_lep1_jet25_bin0
>> Doing prefit: ch1,TTW_mindr_lep1_jet25_bin1
>> Doing prefit: ch1,TTW_mindr_lep1_jet25_bin2
>> Doing prefit: ch1,TTW_mindr_lep1_jet25_bin3
>> Doing prefit: ch1,TTW_ooa
>> Doing prefit: ch1,TTZ
>> Doing prefit: ch1,VVV
>> Doing prefit: ch1,WZ
>> Doing prefit: ch1,ZZ
>> Doing prefit: ch1,data_fakes
>> Doing prefit: ch1,data_flips
>> Doing prefit: ch1,tHW
>> Doing prefit: ch1,tHq
>> Doing prefit: ch1,tZq
>> Doing prefit: ch1,ttH
>> Doing prefit: ch1,ttVV
>> Doing prefit: ch1,TotalBkg
>> Doing prefit: ch1,TotalSig
>> Doing prefit: ch1,TotalProcs
>> Doing prefit: ch10,Convs
>> Doing prefit: ch10,Rares
>> Doing prefit: ch10,TTW_mindr_lep1_jet25_bin0
>> Doing prefit: ch10,TTW_mindr_lep1_jet25_bin1
>> Doing prefit: ch10,TTW_mindr_lep1_jet25_bin2
>> Doing prefit: ch10,TTW_mindr_lep1_jet25_bin3
>> Doing prefit: ch10,TTW_ooa
>> Doing prefit: ch10,TTZ
>> Doing prefit: ch10,VVV
>> Doing prefit: ch10,WZ
>> Doing prefit: ch10,ZZ
>> Doing prefit: ch10,data_fakes
>> Doing prefit: ch10,data_flips
>> Doing prefit: ch10,tHW
>> Doing prefit: ch10,tHq
>> Doing prefit: ch10,tZq
>> Doing prefit: ch10,ttH
>> Doing prefit: ch10,ttVV
>> Doing prefit: ch10,TotalBkg
>> Doing prefit: ch10,TotalSig
>> Doing prefit: ch10,TotalProcs
>> Doing prefit: ch11,Convs
>> Doing prefit: ch11,Rares
>> Doing prefit: ch11,TTW_mindr_lep1_jet25_bin0
>> Doing prefit: ch11,TTW_mindr_lep1_jet25_bin1
>> Doing prefit: ch11,TTW_mindr_lep1_jet25_bin2
>> Doing prefit: ch11,TTW_mindr_lep1_jet25_bin3
>> Doing prefit: ch11,TTW_ooa
>> Doing prefit: ch11,TTZ
>> Doing prefit: ch11,VVV
>> Doing prefit: ch11,WZ
>> Doing prefit: ch11,ZZ
>> Doing prefit: ch11,data_fakes
>> Doing prefit: ch11,data_flips
>> Doing prefit: ch11,tHW
>> Doing prefit: ch11,tHq
>> Doing prefit: ch11,tZq
>> Doing prefit: ch11,ttH
>> Doing prefit: ch11,ttVV
>> Doing prefit: ch11,TotalBkg
>> Doing prefit: ch11,TotalSig
>> Doing prefit: ch11,TotalProcs
>> Doing prefit: ch12,Rares
>> Doing prefit: ch12,TTW_mindr_lep1_jet25_bin0
>> Doing prefit: ch12,TTW_mindr_lep1_jet25_bin1
>> Doing prefit: ch12,TTW_mindr_lep1_jet25_bin2
>> Doing prefit: ch12,TTW_mindr_lep1_jet25_bin3
>> Doing prefit: ch12,TTW_ooa
>> Doing prefit: ch12,TTZ
>> Doing prefit: ch12,VVV
>> Doing prefit: ch12,WZ
>> Doing prefit: ch12,ZZ
>> Doing prefit: ch12,data_fakes
>> Doing prefit: ch12,tHW
>> Doing prefit: ch12,tHq
>> Doing prefit: ch12,tZq
>> Doing prefit: ch12,ttH
>> Doing prefit: ch12,ttVV
>> Doing prefit: ch12,TotalBkg
>> Doing prefit: ch12,TotalSig
>> Doing prefit: ch12,TotalProcs
>> Doing prefit: ch2,Convs
>> Doing prefit: ch2,Rares
>> Doing prefit: ch2,TTW_mindr_lep1_jet25_bin0
>> Doing prefit: ch2,TTW_mindr_lep1_jet25_bin1
>> Doing prefit: ch2,TTW_mindr_lep1_jet25_bin2
>> Doing prefit: ch2,TTW_mindr_lep1_jet25_bin3
>> Doing prefit: ch2,TTW_ooa
>> Doing prefit: ch2,TTZ
>> Doing prefit: ch2,VVV
>> Doing prefit: ch2,WZ
>> Doing prefit: ch2,ZZ
>> Doing prefit: ch2,data_fakes
>> Doing prefit: ch2,data_flips
>> Doing prefit: ch2,tHW
>> Doing prefit: ch2,tHq
>> Doing prefit: ch2,tZq
>> Doing prefit: ch2,ttH
>> Doing prefit: ch2,ttVV
>> Doing prefit: ch2,TotalBkg
>> Doing prefit: ch2,TotalSig
>> Doing prefit: ch2,TotalProcs
>> Doing prefit: ch3,Rares
>> Doing prefit: ch3,TTW_mindr_lep1_jet25_bin0
>> Doing prefit: ch3,TTW_mindr_lep1_jet25_bin1
>> Doing prefit: ch3,TTW_mindr_lep1_jet25_bin2
>> Doing prefit: ch3,TTW_mindr_lep1_jet25_bin3
>> Doing prefit: ch3,TTW_ooa
>> Doing prefit: ch3,TTZ
>> Doing prefit: ch3,VVV
>> Doing prefit: ch3,WZ
>> Doing prefit: ch3,ZZ
>> Doing prefit: ch3,data_fakes
>> Doing prefit: ch3,tHW
>> Doing prefit: ch3,tHq
>> Doing prefit: ch3,tZq
>> Doing prefit: ch3,ttH
>> Doing prefit: ch3,ttVV
>> Doing prefit: ch3,TotalBkg
>> Doing prefit: ch3,TotalSig
>> Doing prefit: ch3,TotalProcs
>> Doing prefit: ch4,Convs
>> Doing prefit: ch4,Rares
>> Doing prefit: ch4,TTW_mindr_lep1_jet25_bin0
>> Doing prefit: ch4,TTW_mindr_lep1_jet25_bin1
>> Doing prefit: ch4,TTW_mindr_lep1_jet25_bin2
>> Doing prefit: ch4,TTW_mindr_lep1_jet25_bin3
>> Doing prefit: ch4,TTW_ooa
>> Doing prefit: ch4,TTZ
>> Doing prefit: ch4,VVV
>> Doing prefit: ch4,WZ
>> Doing prefit: ch4,ZZ
>> Doing prefit: ch4,data_fakes
>> Doing prefit: ch4,data_flips
>> Doing prefit: ch4,tHW
>> Doing prefit: ch4,tHq
>> Doing prefit: ch4,tZq
>> Doing prefit: ch4,ttH
>> Doing prefit: ch4,ttVV
>> Doing prefit: ch4,TotalBkg
>> Doing prefit: ch4,TotalSig
>> Doing prefit: ch4,TotalProcs
>> Doing prefit: ch5,Convs
>> Doing prefit: ch5,Rares
>> Doing prefit: ch5,TTW_mindr_lep1_jet25_bin0
>> Doing prefit: ch5,TTW_mindr_lep1_jet25_bin1
>> Doing prefit: ch5,TTW_mindr_lep1_jet25_bin2
>> Doing prefit: ch5,TTW_mindr_lep1_jet25_bin3
>> Doing prefit: ch5,TTW_ooa
>> Doing prefit: ch5,TTZ
>> Doing prefit: ch5,VVV
>> Doing prefit: ch5,WZ
>> Doing prefit: ch5,ZZ
>> Doing prefit: ch5,data_fakes
>> Doing prefit: ch5,data_flips
>> Doing prefit: ch5,tHW
>> Doing prefit: ch5,tHq
>> Doing prefit: ch5,tZq
>> Doing prefit: ch5,ttH
>> Doing prefit: ch5,ttVV
>> Doing prefit: ch5,TotalBkg
>> Doing prefit: ch5,TotalSig
>> Doing prefit: ch5,TotalProcs
>> Doing prefit: ch6,Rares
>> Doing prefit: ch6,TTW_mindr_lep1_jet25_bin0
>> Doing prefit: ch6,TTW_mindr_lep1_jet25_bin1
>> Doing prefit: ch6,TTW_mindr_lep1_jet25_bin2
>> Doing prefit: ch6,TTW_mindr_lep1_jet25_bin3
>> Doing prefit: ch6,TTW_ooa
>> Doing prefit: ch6,TTZ
>> Doing prefit: ch6,VVV
>> Doing prefit: ch6,WZ
>> Doing prefit: ch6,ZZ
>> Doing prefit: ch6,data_fakes
>> Doing prefit: ch6,tHW
>> Doing prefit: ch6,tHq
>> Doing prefit: ch6,tZq
>> Doing prefit: ch6,ttH
>> Doing prefit: ch6,ttVV
>> Doing prefit: ch6,TotalBkg
>> Doing prefit: ch6,TotalSig
>> Doing prefit: ch6,TotalProcs
>> Doing prefit: ch7,Convs
>> Doing prefit: ch7,Rares
>> Doing prefit: ch7,TTW_mindr_lep1_jet25_bin0
>> Doing prefit: ch7,TTW_mindr_lep1_jet25_bin1
>> Doing prefit: ch7,TTW_mindr_lep1_jet25_bin2
>> Doing prefit: ch7,TTW_mindr_lep1_jet25_bin3
>> Doing prefit: ch7,TTW_ooa
>> Doing prefit: ch7,TTZ
>> Doing prefit: ch7,VVV
>> Doing prefit: ch7,WZ
>> Doing prefit: ch7,ZZ
>> Doing prefit: ch7,data_fakes
>> Doing prefit: ch7,data_flips
>> Doing prefit: ch7,tHW
>> Doing prefit: ch7,tHq
>> Doing prefit: ch7,tZq
>> Doing prefit: ch7,ttH
>> Doing prefit: ch7,ttVV
>> Doing prefit: ch7,TotalBkg
>> Doing prefit: ch7,TotalSig
>> Doing prefit: ch7,TotalProcs
>> Doing prefit: ch8,Convs
>> Doing prefit: ch8,Rares
>> Doing prefit: ch8,TTW_mindr_lep1_jet25_bin0
>> Doing prefit: ch8,TTW_mindr_lep1_jet25_bin1
>> Doing prefit: ch8,TTW_mindr_lep1_jet25_bin2
>> Doing prefit: ch8,TTW_mindr_lep1_jet25_bin3
>> Doing prefit: ch8,TTW_ooa
>> Doing prefit: ch8,TTZ
>> Doing prefit: ch8,VVV
>> Doing prefit: ch8,WZ
>> Doing prefit: ch8,ZZ
>> Doing prefit: ch8,data_fakes
>> Doing prefit: ch8,data_flips
>> Doing prefit: ch8,tHW
>> Doing prefit: ch8,tHq
>> Doing prefit: ch8,tZq
>> Doing prefit: ch8,ttH
>> Doing prefit: ch8,ttVV
>> Doing prefit: ch8,TotalBkg
>> Doing prefit: ch8,TotalSig
>> Doing prefit: ch8,TotalProcs
>> Doing prefit: ch9,Rares
>> Doing prefit: ch9,TTW_mindr_lep1_jet25_bin0
>> Doing prefit: ch9,TTW_mindr_lep1_jet25_bin1
>> Doing prefit: ch9,TTW_mindr_lep1_jet25_bin2
>> Doing prefit: ch9,TTW_mindr_lep1_jet25_bin3
>> Doing prefit: ch9,TTW_ooa
>> Doing prefit: ch9,TTZ
>> Doing prefit: ch9,VVV
>> Doing prefit: ch9,WZ
>> Doing prefit: ch9,ZZ
>> Doing prefit: ch9,data_fakes
>> Doing prefit: ch9,tHW
>> Doing prefit: ch9,tHq
>> Doing prefit: ch9,tZq
>> Doing prefit: ch9,ttH
>> Doing prefit: ch9,ttVV
>> Doing prefit: ch9,TotalBkg
>> Doing prefit: ch9,TotalSig
>> Doing prefit: ch9,TotalProcs
Bin                       Total relative bkg uncert. (prefit)
----------------------------------------------------------
ch1                       0.15127   
ch10                      0.14979   
ch11                      0.11730   
ch12                      0.12173   
ch2                       0.10947   
ch3                       0.14101   
ch4                       0.17094   
ch5                       0.11846   
ch6                       0.20736   
ch7                       0.14594   
ch8                       0.12529   
ch9                       0.17523   
>> Doing postfit: TotalBkg
>> Doing postfit: TotalSig
>> Doing postfit: TotalProcs
>> Doing postfit: ch1,Convs
>> Doing postfit: ch1,Rares
>> Doing postfit: ch1,TTW_mindr_lep1_jet25_bin0
>> Doing postfit: ch1,TTW_mindr_lep1_jet25_bin1
>> Doing postfit: ch1,TTW_mindr_lep1_jet25_bin2
>> Doing postfit: ch1,TTW_mindr_lep1_jet25_bin3
>> Doing postfit: ch1,TTW_ooa
>> Doing postfit: ch1,TTZ
>> Doing postfit: ch1,VVV
>> Doing postfit: ch1,WZ
>> Doing postfit: ch1,ZZ
>> Doing postfit: ch1,data_fakes
>> Doing postfit: ch1,data_flips
>> Doing postfit: ch1,tHW
>> Doing postfit: ch1,tHq
>> Doing postfit: ch1,tZq
>> Doing postfit: ch1,ttH
>> Doing postfit: ch1,ttVV
>> Doing postfit: ch1,TotalBkg
>> Doing postfit: ch1,TotalSig
>> Doing postfit: ch1,TotalProcs
>> Doing postfit: ch10,Convs
>> Doing postfit: ch10,Rares
>> Doing postfit: ch10,TTW_mindr_lep1_jet25_bin0
>> Doing postfit: ch10,TTW_mindr_lep1_jet25_bin1
>> Doing postfit: ch10,TTW_mindr_lep1_jet25_bin2
>> Doing postfit: ch10,TTW_mindr_lep1_jet25_bin3
>> Doing postfit: ch10,TTW_ooa
>> Doing postfit: ch10,TTZ
>> Doing postfit: ch10,VVV
>> Doing postfit: ch10,WZ
>> Doing postfit: ch10,ZZ
>> Doing postfit: ch10,data_fakes
>> Doing postfit: ch10,data_flips
>> Doing postfit: ch10,tHW
>> Doing postfit: ch10,tHq
>> Doing postfit: ch10,tZq
>> Doing postfit: ch10,ttH
>> Doing postfit: ch10,ttVV
>> Doing postfit: ch10,TotalBkg
>> Doing postfit: ch10,TotalSig
>> Doing postfit: ch10,TotalProcs
>> Doing postfit: ch11,Convs
>> Doing postfit: ch11,Rares
>> Doing postfit: ch11,TTW_mindr_lep1_jet25_bin0
>> Doing postfit: ch11,TTW_mindr_lep1_jet25_bin1
>> Doing postfit: ch11,TTW_mindr_lep1_jet25_bin2
>> Doing postfit: ch11,TTW_mindr_lep1_jet25_bin3
>> Doing postfit: ch11,TTW_ooa
>> Doing postfit: ch11,TTZ
>> Doing postfit: ch11,VVV
>> Doing postfit: ch11,WZ
>> Doing postfit: ch11,ZZ
>> Doing postfit: ch11,data_fakes
>> Doing postfit: ch11,data_flips
>> Doing postfit: ch11,tHW
>> Doing postfit: ch11,tHq
>> Doing postfit: ch11,tZq
>> Doing postfit: ch11,ttH
>> Doing postfit: ch11,ttVV
>> Doing postfit: ch11,TotalBkg
>> Doing postfit: ch11,TotalSig
>> Doing postfit: ch11,TotalProcs
>> Doing postfit: ch12,Rares
>> Doing postfit: ch12,TTW_mindr_lep1_jet25_bin0
>> Doing postfit: ch12,TTW_mindr_lep1_jet25_bin1
>> Doing postfit: ch12,TTW_mindr_lep1_jet25_bin2
>> Doing postfit: ch12,TTW_mindr_lep1_jet25_bin3
>> Doing postfit: ch12,TTW_ooa
>> Doing postfit: ch12,TTZ
>> Doing postfit: ch12,VVV
>> Doing postfit: ch12,WZ
>> Doing postfit: ch12,ZZ
>> Doing postfit: ch12,data_fakes
>> Doing postfit: ch12,tHW
>> Doing postfit: ch12,tHq
>> Doing postfit: ch12,tZq
>> Doing postfit: ch12,ttH
>> Doing postfit: ch12,ttVV
>> Doing postfit: ch12,TotalBkg
>> Doing postfit: ch12,TotalSig
>> Doing postfit: ch12,TotalProcs
>> Doing postfit: ch2,Convs
>> Doing postfit: ch2,Rares
>> Doing postfit: ch2,TTW_mindr_lep1_jet25_bin0
>> Doing postfit: ch2,TTW_mindr_lep1_jet25_bin1
>> Doing postfit: ch2,TTW_mindr_lep1_jet25_bin2
>> Doing postfit: ch2,TTW_mindr_lep1_jet25_bin3
>> Doing postfit: ch2,TTW_ooa
>> Doing postfit: ch2,TTZ
>> Doing postfit: ch2,VVV
>> Doing postfit: ch2,WZ
>> Doing postfit: ch2,ZZ
>> Doing postfit: ch2,data_fakes
>> Doing postfit: ch2,data_flips
>> Doing postfit: ch2,tHW
>> Doing postfit: ch2,tHq
>> Doing postfit: ch2,tZq
>> Doing postfit: ch2,ttH
>> Doing postfit: ch2,ttVV
>> Doing postfit: ch2,TotalBkg
>> Doing postfit: ch2,TotalSig
>> Doing postfit: ch2,TotalProcs
>> Doing postfit: ch3,Rares
>> Doing postfit: ch3,TTW_mindr_lep1_jet25_bin0
>> Doing postfit: ch3,TTW_mindr_lep1_jet25_bin1
>> Doing postfit: ch3,TTW_mindr_lep1_jet25_bin2
>> Doing postfit: ch3,TTW_mindr_lep1_jet25_bin3
>> Doing postfit: ch3,TTW_ooa
>> Doing postfit: ch3,TTZ
>> Doing postfit: ch3,VVV
>> Doing postfit: ch3,WZ
>> Doing postfit: ch3,ZZ
>> Doing postfit: ch3,data_fakes
>> Doing postfit: ch3,tHW
>> Doing postfit: ch3,tHq
>> Doing postfit: ch3,tZq
>> Doing postfit: ch3,ttH
>> Doing postfit: ch3,ttVV
>> Doing postfit: ch3,TotalBkg
>> Doing postfit: ch3,TotalSig
>> Doing postfit: ch3,TotalProcs
>> Doing postfit: ch4,Convs
>> Doing postfit: ch4,Rares
>> Doing postfit: ch4,TTW_mindr_lep1_jet25_bin0
>> Doing postfit: ch4,TTW_mindr_lep1_jet25_bin1
>> Doing postfit: ch4,TTW_mindr_lep1_jet25_bin2
>> Doing postfit: ch4,TTW_mindr_lep1_jet25_bin3
>> Doing postfit: ch4,TTW_ooa
>> Doing postfit: ch4,TTZ
>> Doing postfit: ch4,VVV
>> Doing postfit: ch4,WZ
>> Doing postfit: ch4,ZZ
>> Doing postfit: ch4,data_fakes
>> Doing postfit: ch4,data_flips
>> Doing postfit: ch4,tHW
>> Doing postfit: ch4,tHq
>> Doing postfit: ch4,tZq
>> Doing postfit: ch4,ttH
>> Doing postfit: ch4,ttVV
>> Doing postfit: ch4,TotalBkg
>> Doing postfit: ch4,TotalSig
>> Doing postfit: ch4,TotalProcs
>> Doing postfit: ch5,Convs
>> Doing postfit: ch5,Rares
>> Doing postfit: ch5,TTW_mindr_lep1_jet25_bin0
>> Doing postfit: ch5,TTW_mindr_lep1_jet25_bin1
>> Doing postfit: ch5,TTW_mindr_lep1_jet25_bin2
>> Doing postfit: ch5,TTW_mindr_lep1_jet25_bin3
>> Doing postfit: ch5,TTW_ooa
>> Doing postfit: ch5,TTZ
>> Doing postfit: ch5,VVV
>> Doing postfit: ch5,WZ
>> Doing postfit: ch5,ZZ
>> Doing postfit: ch5,data_fakes
>> Doing postfit: ch5,data_flips
>> Doing postfit: ch5,tHW
>> Doing postfit: ch5,tHq
>> Doing postfit: ch5,tZq
>> Doing postfit: ch5,ttH
>> Doing postfit: ch5,ttVV
>> Doing postfit: ch5,TotalBkg
>> Doing postfit: ch5,TotalSig
>> Doing postfit: ch5,TotalProcs
>> Doing postfit: ch6,Rares
>> Doing postfit: ch6,TTW_mindr_lep1_jet25_bin0
>> Doing postfit: ch6,TTW_mindr_lep1_jet25_bin1
>> Doing postfit: ch6,TTW_mindr_lep1_jet25_bin2
>> Doing postfit: ch6,TTW_mindr_lep1_jet25_bin3
>> Doing postfit: ch6,TTW_ooa
>> Doing postfit: ch6,TTZ
>> Doing postfit: ch6,VVV
>> Doing postfit: ch6,WZ
>> Doing postfit: ch6,ZZ
>> Doing postfit: ch6,data_fakes
>> Doing postfit: ch6,tHW
>> Doing postfit: ch6,tHq
>> Doing postfit: ch6,tZq
>> Doing postfit: ch6,ttH
>> Doing postfit: ch6,ttVV
>> Doing postfit: ch6,TotalBkg
>> Doing postfit: ch6,TotalSig
>> Doing postfit: ch6,TotalProcs
>> Doing postfit: ch7,Convs
>> Doing postfit: ch7,Rares
>> Doing postfit: ch7,TTW_mindr_lep1_jet25_bin0
>> Doing postfit: ch7,TTW_mindr_lep1_jet25_bin1
>> Doing postfit: ch7,TTW_mindr_lep1_jet25_bin2
>> Doing postfit: ch7,TTW_mindr_lep1_jet25_bin3
>> Doing postfit: ch7,TTW_ooa
>> Doing postfit: ch7,TTZ
>> Doing postfit: ch7,VVV
>> Doing postfit: ch7,WZ
>> Doing postfit: ch7,ZZ
>> Doing postfit: ch7,data_fakes
>> Doing postfit: ch7,data_flips
>> Doing postfit: ch7,tHW
>> Doing postfit: ch7,tHq
>> Doing postfit: ch7,tZq
>> Doing postfit: ch7,ttH
>> Doing postfit: ch7,ttVV
>> Doing postfit: ch7,TotalBkg
>> Doing postfit: ch7,TotalSig
>> Doing postfit: ch7,TotalProcs
>> Doing postfit: ch8,Convs
>> Doing postfit: ch8,Rares
>> Doing postfit: ch8,TTW_mindr_lep1_jet25_bin0
>> Doing postfit: ch8,TTW_mindr_lep1_jet25_bin1
>> Doing postfit: ch8,TTW_mindr_lep1_jet25_bin2
>> Doing postfit: ch8,TTW_mindr_lep1_jet25_bin3
>> Doing postfit: ch8,TTW_ooa
>> Doing postfit: ch8,TTZ
>> Doing postfit: ch8,VVV
>> Doing postfit: ch8,WZ
>> Doing postfit: ch8,ZZ
>> Doing postfit: ch8,data_fakes
>> Doing postfit: ch8,data_flips
>> Doing postfit: ch8,tHW
>> Doing postfit: ch8,tHq
>> Doing postfit: ch8,tZq
>> Doing postfit: ch8,ttH
>> Doing postfit: ch8,ttVV
>> Doing postfit: ch8,TotalBkg
>> Doing postfit: ch8,TotalSig
>> Doing postfit: ch8,TotalProcs
>> Doing postfit: ch9,Rares
>> Doing postfit: ch9,TTW_mindr_lep1_jet25_bin0
>> Doing postfit: ch9,TTW_mindr_lep1_jet25_bin1
>> Doing postfit: ch9,TTW_mindr_lep1_jet25_bin2
>> Doing postfit: ch9,TTW_mindr_lep1_jet25_bin3
>> Doing postfit: ch9,TTW_ooa
>> Doing postfit: ch9,TTZ
>> Doing postfit: ch9,VVV
>> Doing postfit: ch9,WZ
>> Doing postfit: ch9,ZZ
>> Doing postfit: ch9,data_fakes
>> Doing postfit: ch9,tHW
>> Doing postfit: ch9,tHq
>> Doing postfit: ch9,tZq
>> Doing postfit: ch9,ttH
>> Doing postfit: ch9,ttVV
>> Doing postfit: ch9,TotalBkg
>> Doing postfit: ch9,TotalSig
>> Doing postfit: ch9,TotalProcs

Bin                       Total relative bkg uncert. (postfit)
----------------------------------------------------------
ch1                       0.09970   
ch10                      0.09610   
ch11                      0.06456   
ch12                      0.07137   
ch2                       0.08161   
ch3                       0.08995   
ch4                       0.13784   
ch5                       0.08448   
ch6                       0.10935   
ch7                       0.09431   
ch8                       0.08284   
ch9                       0.09980   

Bin                       Process              Scale factor
----------------------------------------------------------
ch1                       Convs                1.12063   
ch1                       Rares                1.03338   
ch1                       TTW_mindr_lep1_jet25_bin0 1.23615   
ch1                       TTW_mindr_lep1_jet25_bin1 1.17536   
ch1                       TTW_mindr_lep1_jet25_bin2 1.77765   
ch1                       TTW_mindr_lep1_jet25_bin3 1.57170   
ch1                       TTW_ooa              0.98915   
ch1                       TTZ                  1.38751   
ch1                       VVV                  1.21000   
ch1                       WZ                   0.94720   
ch1                       ZZ                   1.26899   
ch1                       data_fakes           1.63816   
ch1                       data_flips           0.93212   
ch1                       tHW                  1.04966   
ch1                       tHq                  1.04301   
ch1                       tZq                  1.42161   
ch1                       ttH                  0.97313   
ch1                       ttVV                 1.07133   
ch10                      Convs                1.04381   
ch10                      Rares                1.00756   
ch10                      TTW_mindr_lep1_jet25_bin0 1.16524   
ch10                      TTW_mindr_lep1_jet25_bin1 1.19728   
ch10                      TTW_mindr_lep1_jet25_bin2 1.64625   
ch10                      TTW_mindr_lep1_jet25_bin3 1.83323   
ch10                      TTW_ooa              0.98223   
ch10                      TTZ                  1.42497   
ch10                      VVV                  1.23017   
ch10                      WZ                   0.95389   
ch10                      ZZ                   1.11195   
ch10                      data_fakes           1.58324   
ch10                      data_flips           0.93153   
ch10                      tHW                  1.03284   
ch10                      tHq                  1.00490   
ch10                      tZq                  1.11184   
ch10                      ttH                  1.02530   
ch10                      ttVV                 1.05068   
ch11                      Convs                1.07677   
ch11                      Rares                1.00429   
ch11                      TTW_mindr_lep1_jet25_bin0 1.12448   
ch11                      TTW_mindr_lep1_jet25_bin1 1.14761   
ch11                      TTW_mindr_lep1_jet25_bin2 1.50356   
ch11                      TTW_mindr_lep1_jet25_bin3 1.80659   
ch11                      TTW_ooa              0.99851   
ch11                      TTZ                  1.13035   
ch11                      VVV                  1.18794   
ch11                      WZ                   0.98063   
ch11                      ZZ                   1.25271   
ch11                      data_fakes           1.27039   
ch11                      data_flips           0.93170   
ch11                      tHW                  1.00507   
ch11                      tHq                  0.99087   
ch11                      tZq                  1.02690   
ch11                      ttH                  1.00031   
ch11                      ttVV                 1.02461   
ch12                      Rares                0.88176   
ch12                      TTW_mindr_lep1_jet25_bin0 1.09807   
ch12                      TTW_mindr_lep1_jet25_bin1 1.09834   
ch12                      TTW_mindr_lep1_jet25_bin2 1.49442   
ch12                      TTW_mindr_lep1_jet25_bin3 1.79631   
ch12                      TTW_ooa              1.00512   
ch12                      TTZ                  1.24464   
ch12                      VVV                  1.14934   
ch12                      WZ                   1.01128   
ch12                      ZZ                   0.90781   
ch12                      data_fakes           1.00112   
ch12                      tHW                  0.98479   
ch12                      tHq                  0.96531   
ch12                      tZq                  1.05348   
ch12                      ttH                  0.95836   
ch12                      ttVV                 1.00124   
ch2                       Convs                1.02888   
ch2                       Rares                0.91681   
ch2                       TTW_mindr_lep1_jet25_bin0 1.16908   
ch2                       TTW_mindr_lep1_jet25_bin1 1.10455   
ch2                       TTW_mindr_lep1_jet25_bin2 1.41842   
ch2                       TTW_mindr_lep1_jet25_bin3 1.90776   
ch2                       TTW_ooa              0.98664   
ch2                       TTZ                  1.51311   
ch2                       VVV                  1.17976   
ch2                       WZ                   0.96952   
ch2                       ZZ                   1.22952   
ch2                       data_fakes           1.24794   
ch2                       data_flips           0.93184   
ch2                       tHW                  1.00479   
ch2                       tHq                  1.01539   
ch2                       tZq                  1.03838   
ch2                       ttH                  1.02613   
ch2                       ttVV                 1.03672   
ch3                       Rares                0.99304   
ch3                       TTW_mindr_lep1_jet25_bin0 1.12300   
ch3                       TTW_mindr_lep1_jet25_bin1 1.14939   
ch3                       TTW_mindr_lep1_jet25_bin2 1.42837   
ch3                       TTW_mindr_lep1_jet25_bin3 1.74471   
ch3                       TTW_ooa              1.02151   
ch3                       TTZ                  1.07780   
ch3                       VVV                  1.17795   
ch3                       WZ                   0.95440   
ch3                       ZZ                   1.38209   
ch3                       data_fakes           1.02167   
ch3                       tHW                  0.97450   
ch3                       tHq                  0.98787   
ch3                       tZq                  0.99416   
ch3                       ttH                  0.91084   
ch3                       ttVV                 1.00538   
ch4                       Convs                1.04313   
ch4                       Rares                1.05706   
ch4                       TTW_mindr_lep1_jet25_bin0 1.26634   
ch4                       TTW_mindr_lep1_jet25_bin1 1.14402   
ch4                       TTW_mindr_lep1_jet25_bin2 1.57888   
ch4                       TTW_mindr_lep1_jet25_bin3 1.74316   
ch4                       TTW_ooa              1.02502   
ch4                       TTZ                  1.14480   
ch4                       VVV                  1.41638   
ch4                       WZ                   1.23317   
ch4                       ZZ                   1.53524   
ch4                       data_fakes           1.40868   
ch4                       data_flips           0.93144   
ch4                       tHW                  1.07255   
ch4                       tHq                  1.05864   
ch4                       tZq                  1.04797   
ch4                       ttH                  0.99292   
ch4                       ttVV                 1.07122   
ch5                       Convs                1.05259   
ch5                       Rares                1.02796   
ch5                       TTW_mindr_lep1_jet25_bin0 1.20165   
ch5                       TTW_mindr_lep1_jet25_bin1 1.14147   
ch5                       TTW_mindr_lep1_jet25_bin2 1.55448   
ch5                       TTW_mindr_lep1_jet25_bin3 1.83081   
ch5                       TTW_ooa              1.08403   
ch5                       TTZ                  1.15526   
ch5                       VVV                  1.35365   
ch5                       WZ                   1.33911   
ch5                       ZZ                   1.51095   
ch5                       data_fakes           1.17274   
ch5                       data_flips           0.93179   
ch5                       tHW                  1.04003   
ch5                       tHq                  1.05538   
ch5                       tZq                  1.22062   
ch5                       ttH                  0.99292   
ch5                       ttVV                 1.05100   
ch6                       Rares                1.00718   
ch6                       TTW_mindr_lep1_jet25_bin0 1.14051   
ch6                       TTW_mindr_lep1_jet25_bin1 1.05397   
ch6                       TTW_mindr_lep1_jet25_bin2 1.51623   
ch6                       TTW_mindr_lep1_jet25_bin3 1.92565   
ch6                       TTW_ooa              1.05488   
ch6                       TTZ                  1.12056   
ch6                       VVV                  1.32179   
ch6                       WZ                   1.20982   
ch6                       ZZ                   1.33546   
ch6                       data_fakes           0.98841   
ch6                       tHW                  1.02104   
ch6                       tHq                  1.01724   
ch6                       tZq                  0.99033   
ch6                       ttH                  0.96004   
ch6                       ttVV                 1.02925   
ch7                       Convs                1.02041   
ch7                       Rares                1.00847   
ch7                       TTW_mindr_lep1_jet25_bin0 1.23115   
ch7                       TTW_mindr_lep1_jet25_bin1 1.21036   
ch7                       TTW_mindr_lep1_jet25_bin2 1.63780   
ch7                       TTW_mindr_lep1_jet25_bin3 1.75362   
ch7                       TTW_ooa              1.10396   
ch7                       TTZ                  0.99777   
ch7                       VVV                  1.13463   
ch7                       WZ                   0.94053   
ch7                       ZZ                   1.34301   
ch7                       data_fakes           1.48980   
ch7                       data_flips           0.93143   
ch7                       tHW                  1.02196   
ch7                       tHq                  1.04722   
ch7                       tZq                  1.07244   
ch7                       ttH                  0.99426   
ch7                       ttVV                 1.06035   
ch8                       Convs                1.14184   
ch8                       Rares                1.03659   
ch8                       TTW_mindr_lep1_jet25_bin0 1.14721   
ch8                       TTW_mindr_lep1_jet25_bin1 1.15579   
ch8                       TTW_mindr_lep1_jet25_bin2 1.60324   
ch8                       TTW_mindr_lep1_jet25_bin3 1.82761   
ch8                       TTW_ooa              1.00385   
ch8                       TTZ                  1.25227   
ch8                       VVV                  1.13875   
ch8                       WZ                   0.99153   
ch8                       ZZ                   1.43725   
ch8                       data_fakes           1.24793   
ch8                       data_flips           0.93178   
ch8                       tHW                  1.01185   
ch8                       tHq                  1.01212   
ch8                       tZq                  1.13368   
ch8                       ttH                  1.01308   
ch8                       ttVV                 1.04023   
ch9                       Rares                0.97596   
ch9                       TTW_mindr_lep1_jet25_bin0 1.11736   
ch9                       TTW_mindr_lep1_jet25_bin1 1.17474   
ch9                       TTW_mindr_lep1_jet25_bin2 1.43486   
ch9                       TTW_mindr_lep1_jet25_bin3 1.77421   
ch9                       TTW_ooa              0.99570   
ch9                       TTZ                  1.23563   
ch9                       VVV                  1.13838   
ch9                       WZ                   0.97265   
ch9                       ZZ                   1.47204   
ch9                       data_fakes           1.02284   
ch9                       tHW                  0.99237   
ch9                       tHq                  1.02607   
ch9                       tZq                  1.07041   
ch9                       ttH                  0.97665   
ch9                       ttVV                 1.01633   
