WARNING: the default behaviour of PostFitShapesFromWorkspace is to use the covariance matrix sampling method for the post-fit uncertainty. The option --sampling is deprecated and will be removed in future versions of CombineHarvester
[SetFlag] Changing value of flag "workspaces-use-clone" from 0 to 1
[#1] INFO:ObjectHandling -- RooWorkspace::import(w) importing dataset ch1
[#1] INFO:ObjectHandling -- RooWorkspace::import(w) importing dataset ch2
[#1] INFO:ObjectHandling -- RooWorkspace::import(w) importing dataset ch3
[#1] INFO:ObjectHandling -- RooWorkspace::import(w) importing dataset ch4
[SetFlag] Changing value of flag "workspaces-use-clone" from 0 to 1
>> Doing prefit: TotalBkg
>> Doing prefit: TotalSig
>> Doing prefit: TotalProcs
>> Doing prefit: ch1,Convs
>> Doing prefit: ch1,Rares
>> Doing prefit: ch1,TTW_ooa
>> Doing prefit: ch1,TTW_sum_2lss_pt_bin0
>> Doing prefit: ch1,TTW_sum_2lss_pt_bin1
>> Doing prefit: ch1,TTW_sum_2lss_pt_bin2
>> Doing prefit: ch1,TTW_sum_2lss_pt_bin3
>> Doing prefit: ch1,TTZ
>> Doing prefit: ch1,VVV
>> Doing prefit: ch1,WZ
>> Doing prefit: ch1,ZZ
>> Doing prefit: ch1,data_fakes
>> Doing prefit: ch1,data_flips
>> Doing prefit: ch1,tHW
>> Doing prefit: ch1,tHq
>> Doing prefit: ch1,tZq
>> Doing prefit: ch1,ttH
>> Doing prefit: ch1,ttVV
>> Doing prefit: ch1,TotalBkg
>> Doing prefit: ch1,TotalSig
>> Doing prefit: ch1,TotalProcs
>> Doing prefit: ch2,Convs
>> Doing prefit: ch2,Rares
>> Doing prefit: ch2,TTW_ooa
>> Doing prefit: ch2,TTW_sum_2lss_pt_bin0
>> Doing prefit: ch2,TTW_sum_2lss_pt_bin1
>> Doing prefit: ch2,TTW_sum_2lss_pt_bin2
>> Doing prefit: ch2,TTW_sum_2lss_pt_bin3
>> Doing prefit: ch2,TTZ
>> Doing prefit: ch2,VVV
>> Doing prefit: ch2,WZ
>> Doing prefit: ch2,ZZ
>> Doing prefit: ch2,data_fakes
>> Doing prefit: ch2,data_flips
>> Doing prefit: ch2,tHW
>> Doing prefit: ch2,tHq
>> Doing prefit: ch2,tZq
>> Doing prefit: ch2,ttH
>> Doing prefit: ch2,ttVV
>> Doing prefit: ch2,TotalBkg
>> Doing prefit: ch2,TotalSig
>> Doing prefit: ch2,TotalProcs
>> Doing prefit: ch3,Convs
>> Doing prefit: ch3,Rares
>> Doing prefit: ch3,TTW_ooa
>> Doing prefit: ch3,TTW_sum_2lss_pt_bin0
>> Doing prefit: ch3,TTW_sum_2lss_pt_bin1
>> Doing prefit: ch3,TTW_sum_2lss_pt_bin2
>> Doing prefit: ch3,TTW_sum_2lss_pt_bin3
>> Doing prefit: ch3,TTZ
>> Doing prefit: ch3,VVV
>> Doing prefit: ch3,WZ
>> Doing prefit: ch3,ZZ
>> Doing prefit: ch3,data_fakes
>> Doing prefit: ch3,data_flips
>> Doing prefit: ch3,tHW
>> Doing prefit: ch3,tHq
>> Doing prefit: ch3,tZq
>> Doing prefit: ch3,ttH
>> Doing prefit: ch3,ttVV
>> Doing prefit: ch3,TotalBkg
>> Doing prefit: ch3,TotalSig
>> Doing prefit: ch3,TotalProcs
>> Doing prefit: ch4,Convs
>> Doing prefit: ch4,Rares
>> Doing prefit: ch4,TTW_ooa
>> Doing prefit: ch4,TTW_sum_2lss_pt_bin0
>> Doing prefit: ch4,TTW_sum_2lss_pt_bin1
>> Doing prefit: ch4,TTW_sum_2lss_pt_bin2
>> Doing prefit: ch4,TTW_sum_2lss_pt_bin3
>> Doing prefit: ch4,TTZ
>> Doing prefit: ch4,VVV
>> Doing prefit: ch4,WZ
>> Doing prefit: ch4,ZZ
>> Doing prefit: ch4,data_fakes
>> Doing prefit: ch4,data_flips
>> Doing prefit: ch4,tHW
>> Doing prefit: ch4,tHq
>> Doing prefit: ch4,tZq
>> Doing prefit: ch4,ttH
>> Doing prefit: ch4,ttVV
>> Doing prefit: ch4,TotalBkg
>> Doing prefit: ch4,TotalSig
>> Doing prefit: ch4,TotalProcs
Bin                       Total relative bkg uncert. (prefit)
----------------------------------------------------------
ch1                       0.11493   
ch2                       0.12801   
ch3                       0.12807   
ch4                       0.13742   
>> Doing postfit: TotalBkg
>> Doing postfit: TotalSig
>> Doing postfit: TotalProcs
>> Doing postfit: ch1,Convs
>> Doing postfit: ch1,Rares
>> Doing postfit: ch1,TTW_ooa
>> Doing postfit: ch1,TTW_sum_2lss_pt_bin0
>> Doing postfit: ch1,TTW_sum_2lss_pt_bin1
>> Doing postfit: ch1,TTW_sum_2lss_pt_bin2
>> Doing postfit: ch1,TTW_sum_2lss_pt_bin3
>> Doing postfit: ch1,TTZ
>> Doing postfit: ch1,VVV
>> Doing postfit: ch1,WZ
>> Doing postfit: ch1,ZZ
>> Doing postfit: ch1,data_fakes
>> Doing postfit: ch1,data_flips
>> Doing postfit: ch1,tHW
>> Doing postfit: ch1,tHq
>> Doing postfit: ch1,tZq
>> Doing postfit: ch1,ttH
>> Doing postfit: ch1,ttVV
>> Doing postfit: ch1,TotalBkg
>> Doing postfit: ch1,TotalSig
>> Doing postfit: ch1,TotalProcs
>> Doing postfit: ch2,Convs
>> Doing postfit: ch2,Rares
>> Doing postfit: ch2,TTW_ooa
>> Doing postfit: ch2,TTW_sum_2lss_pt_bin0
>> Doing postfit: ch2,TTW_sum_2lss_pt_bin1
>> Doing postfit: ch2,TTW_sum_2lss_pt_bin2
>> Doing postfit: ch2,TTW_sum_2lss_pt_bin3
>> Doing postfit: ch2,TTZ
>> Doing postfit: ch2,VVV
>> Doing postfit: ch2,WZ
>> Doing postfit: ch2,ZZ
>> Doing postfit: ch2,data_fakes
>> Doing postfit: ch2,data_flips
>> Doing postfit: ch2,tHW
>> Doing postfit: ch2,tHq
>> Doing postfit: ch2,tZq
>> Doing postfit: ch2,ttH
>> Doing postfit: ch2,ttVV
>> Doing postfit: ch2,TotalBkg
>> Doing postfit: ch2,TotalSig
>> Doing postfit: ch2,TotalProcs
>> Doing postfit: ch3,Convs
>> Doing postfit: ch3,Rares
>> Doing postfit: ch3,TTW_ooa
>> Doing postfit: ch3,TTW_sum_2lss_pt_bin0
>> Doing postfit: ch3,TTW_sum_2lss_pt_bin1
>> Doing postfit: ch3,TTW_sum_2lss_pt_bin2
>> Doing postfit: ch3,TTW_sum_2lss_pt_bin3
>> Doing postfit: ch3,TTZ
>> Doing postfit: ch3,VVV
>> Doing postfit: ch3,WZ
>> Doing postfit: ch3,ZZ
>> Doing postfit: ch3,data_fakes
>> Doing postfit: ch3,data_flips
>> Doing postfit: ch3,tHW
>> Doing postfit: ch3,tHq
>> Doing postfit: ch3,tZq
>> Doing postfit: ch3,ttH
>> Doing postfit: ch3,ttVV
>> Doing postfit: ch3,TotalBkg
>> Doing postfit: ch3,TotalSig
>> Doing postfit: ch3,TotalProcs
>> Doing postfit: ch4,Convs
>> Doing postfit: ch4,Rares
>> Doing postfit: ch4,TTW_ooa
>> Doing postfit: ch4,TTW_sum_2lss_pt_bin0
>> Doing postfit: ch4,TTW_sum_2lss_pt_bin1
>> Doing postfit: ch4,TTW_sum_2lss_pt_bin2
>> Doing postfit: ch4,TTW_sum_2lss_pt_bin3
>> Doing postfit: ch4,TTZ
>> Doing postfit: ch4,VVV
>> Doing postfit: ch4,WZ
>> Doing postfit: ch4,ZZ
>> Doing postfit: ch4,data_fakes
>> Doing postfit: ch4,data_flips
>> Doing postfit: ch4,tHW
>> Doing postfit: ch4,tHq
>> Doing postfit: ch4,tZq
>> Doing postfit: ch4,ttH
>> Doing postfit: ch4,ttVV
>> Doing postfit: ch4,TotalBkg
>> Doing postfit: ch4,TotalSig
>> Doing postfit: ch4,TotalProcs

Bin                       Total relative bkg uncert. (postfit)
----------------------------------------------------------
ch1                       0.07634   
ch2                       0.08930   
ch3                       0.08428   
ch4                       0.09455   

Bin                       Process              Scale factor
----------------------------------------------------------
ch1                       Convs                1.10275   
ch1                       Rares                1.17276   
ch1                       TTW_ooa              1.04235   
ch1                       TTW_sum_2lss_pt_bin0 1.06738   
ch1                       TTW_sum_2lss_pt_bin1 1.06766   
ch1                       TTW_sum_2lss_pt_bin2 1.05172   
ch1                       TTW_sum_2lss_pt_bin3 1.02648   
ch1                       TTZ                  1.22231   
ch1                       VVV                  1.24719   
ch1                       WZ                   0.83029   
ch1                       ZZ                   1.12869   
ch1                       data_fakes           1.19372   
ch1                       data_flips           0.92958   
ch1                       tHW                  1.03263   
ch1                       tHq                  1.03173   
ch1                       tZq                  1.09536   
ch1                       ttH                  1.05541   
ch1                       ttVV                 1.04596   
ch2                       Convs                1.05678   
ch2                       Rares                1.12984   
ch2                       TTW_ooa              1.02448   
ch2                       TTW_sum_2lss_pt_bin0 1.00233   
ch2                       TTW_sum_2lss_pt_bin1 0.97583   
ch2                       TTW_sum_2lss_pt_bin2 0.98916   
ch2                       TTW_sum_2lss_pt_bin3 0.95459   
ch2                       TTZ                  1.09003   
ch2                       VVV                  1.21062   
ch2                       WZ                   0.82042   
ch2                       ZZ                   1.11173   
ch2                       data_fakes           1.20805   
ch2                       data_flips           0.92938   
ch2                       tHW                  1.01577   
ch2                       tHq                  1.02118   
ch2                       tZq                  1.08953   
ch2                       ttH                  1.02809   
ch2                       ttVV                 1.01499   
ch3                       Convs                1.19815   
ch3                       Rares                1.24256   
ch3                       TTW_ooa              1.01734   
ch3                       TTW_sum_2lss_pt_bin0 0.98360   
ch3                       TTW_sum_2lss_pt_bin1 0.99842   
ch3                       TTW_sum_2lss_pt_bin2 0.98891   
ch3                       TTW_sum_2lss_pt_bin3 1.02935   
ch3                       TTZ                  1.14529   
ch3                       VVV                  1.34735   
ch3                       WZ                   0.93233   
ch3                       ZZ                   1.30385   
ch3                       data_fakes           1.23489   
ch3                       data_flips           0.92975   
ch3                       tHW                  1.00351   
ch3                       tHq                  1.01225   
ch3                       tZq                  1.07540   
ch3                       ttH                  1.02480   
ch3                       ttVV                 1.01472   
ch4                       Convs                1.00190   
ch4                       Rares                1.15938   
ch4                       TTW_ooa              1.03287   
ch4                       TTW_sum_2lss_pt_bin0 1.01830   
ch4                       TTW_sum_2lss_pt_bin1 1.02074   
ch4                       TTW_sum_2lss_pt_bin2 1.00255   
ch4                       TTW_sum_2lss_pt_bin3 1.03307   
ch4                       TTZ                  1.18479   
ch4                       VVV                  1.27913   
ch4                       WZ                   0.83441   
ch4                       ZZ                   1.15149   
ch4                       data_fakes           1.21713   
ch4                       data_flips           0.92951   
ch4                       tHW                  1.01355   
ch4                       tHq                  1.02518   
ch4                       tZq                  1.09534   
ch4                       ttH                  1.01920   
ch4                       ttVV                 1.03018   
