WARNING: the default behaviour of PostFitShapesFromWorkspace is to use the covariance matrix sampling method for the post-fit uncertainty. The option --sampling is deprecated and will be removed in future versions of CombineHarvester
[SetFlag] Changing value of flag "workspaces-use-clone" from 0 to 1
[#1] INFO:ObjectHandling -- RooWorkspace::import(w) importing dataset ch1
[#1] INFO:ObjectHandling -- RooWorkspace::import(w) importing dataset ch10
[#1] INFO:ObjectHandling -- RooWorkspace::import(w) importing dataset ch11
[#1] INFO:ObjectHandling -- RooWorkspace::import(w) importing dataset ch12
[#1] INFO:ObjectHandling -- RooWorkspace::import(w) importing dataset ch13
[#1] INFO:ObjectHandling -- RooWorkspace::import(w) importing dataset ch14
[#1] INFO:ObjectHandling -- RooWorkspace::import(w) importing dataset ch15
[#1] INFO:ObjectHandling -- RooWorkspace::import(w) importing dataset ch16
[#1] INFO:ObjectHandling -- RooWorkspace::import(w) importing dataset ch17
[#1] INFO:ObjectHandling -- RooWorkspace::import(w) importing dataset ch18
[#1] INFO:ObjectHandling -- RooWorkspace::import(w) importing dataset ch19
[#1] INFO:ObjectHandling -- RooWorkspace::import(w) importing dataset ch2
[#1] INFO:ObjectHandling -- RooWorkspace::import(w) importing dataset ch20
[#1] INFO:ObjectHandling -- RooWorkspace::import(w) importing dataset ch21
[#1] INFO:ObjectHandling -- RooWorkspace::import(w) importing dataset ch22
[#1] INFO:ObjectHandling -- RooWorkspace::import(w) importing dataset ch23
[#1] INFO:ObjectHandling -- RooWorkspace::import(w) importing dataset ch24
[#1] INFO:ObjectHandling -- RooWorkspace::import(w) importing dataset ch3
[#1] INFO:ObjectHandling -- RooWorkspace::import(w) importing dataset ch4
[#1] INFO:ObjectHandling -- RooWorkspace::import(w) importing dataset ch5
[#1] INFO:ObjectHandling -- RooWorkspace::import(w) importing dataset ch6
[#1] INFO:ObjectHandling -- RooWorkspace::import(w) importing dataset ch7
[#1] INFO:ObjectHandling -- RooWorkspace::import(w) importing dataset ch8
[#1] INFO:ObjectHandling -- RooWorkspace::import(w) importing dataset ch9
[SetFlag] Changing value of flag "workspaces-use-clone" from 0 to 1
>> Doing prefit: TotalBkg
>> Doing prefit: TotalSig
>> Doing prefit: TotalProcs
>> Doing prefit: ch1,Rares
>> Doing prefit: ch1,TTW_jet2_eta_bin0
>> Doing prefit: ch1,TTW_jet2_eta_bin1
>> Doing prefit: ch1,TTW_jet2_eta_bin2
>> Doing prefit: ch1,TTW_jet2_eta_bin3
>> Doing prefit: ch1,TTW_ooa
>> Doing prefit: ch1,TTZ
>> Doing prefit: ch1,VVV
>> Doing prefit: ch1,WZ
>> Doing prefit: ch1,ZZ
>> Doing prefit: ch1,data_fakes
>> Doing prefit: ch1,tHW
>> Doing prefit: ch1,tHq
>> Doing prefit: ch1,tZq
>> Doing prefit: ch1,ttH
>> Doing prefit: ch1,ttVV
>> Doing prefit: ch1,TotalBkg
>> Doing prefit: ch1,TotalSig
>> Doing prefit: ch1,TotalProcs
>> Doing prefit: ch10,Rares
>> Doing prefit: ch10,TTW_jet2_eta_bin0
>> Doing prefit: ch10,TTW_jet2_eta_bin1
>> Doing prefit: ch10,TTW_jet2_eta_bin2
>> Doing prefit: ch10,TTW_jet2_eta_bin3
>> Doing prefit: ch10,TTW_ooa
>> Doing prefit: ch10,TTZ
>> Doing prefit: ch10,VVV
>> Doing prefit: ch10,WZ
>> Doing prefit: ch10,ZZ
>> Doing prefit: ch10,data_fakes
>> Doing prefit: ch10,tHW
>> Doing prefit: ch10,tHq
>> Doing prefit: ch10,tZq
>> Doing prefit: ch10,ttH
>> Doing prefit: ch10,ttVV
>> Doing prefit: ch10,TotalBkg
>> Doing prefit: ch10,TotalSig
>> Doing prefit: ch10,TotalProcs
>> Doing prefit: ch11,Convs
>> Doing prefit: ch11,Rares
>> Doing prefit: ch11,TTW_jet2_eta_bin0
>> Doing prefit: ch11,TTW_jet2_eta_bin1
>> Doing prefit: ch11,TTW_jet2_eta_bin2
>> Doing prefit: ch11,TTW_jet2_eta_bin3
>> Doing prefit: ch11,TTW_ooa
>> Doing prefit: ch11,TTZ
>> Doing prefit: ch11,VVV
>> Doing prefit: ch11,WZ
>> Doing prefit: ch11,ZZ
>> Doing prefit: ch11,data_fakes
>> Doing prefit: ch11,data_flips
>> Doing prefit: ch11,tHW
>> Doing prefit: ch11,tHq
>> Doing prefit: ch11,tZq
>> Doing prefit: ch11,ttH
>> Doing prefit: ch11,ttVV
>> Doing prefit: ch11,TotalBkg
>> Doing prefit: ch11,TotalSig
>> Doing prefit: ch11,TotalProcs
>> Doing prefit: ch12,Convs
>> Doing prefit: ch12,Rares
>> Doing prefit: ch12,TTW_jet2_eta_bin0
>> Doing prefit: ch12,TTW_jet2_eta_bin1
>> Doing prefit: ch12,TTW_jet2_eta_bin2
>> Doing prefit: ch12,TTW_jet2_eta_bin3
>> Doing prefit: ch12,TTW_ooa
>> Doing prefit: ch12,TTZ
>> Doing prefit: ch12,VVV
>> Doing prefit: ch12,WZ
>> Doing prefit: ch12,ZZ
>> Doing prefit: ch12,data_fakes
>> Doing prefit: ch12,data_flips
>> Doing prefit: ch12,tHW
>> Doing prefit: ch12,tHq
>> Doing prefit: ch12,tZq
>> Doing prefit: ch12,ttH
>> Doing prefit: ch12,ttVV
>> Doing prefit: ch12,TotalBkg
>> Doing prefit: ch12,TotalSig
>> Doing prefit: ch12,TotalProcs
>> Doing prefit: ch13,Rares
>> Doing prefit: ch13,TTW_jet2_eta_bin0
>> Doing prefit: ch13,TTW_jet2_eta_bin1
>> Doing prefit: ch13,TTW_jet2_eta_bin2
>> Doing prefit: ch13,TTW_jet2_eta_bin3
>> Doing prefit: ch13,TTW_ooa
>> Doing prefit: ch13,TTZ
>> Doing prefit: ch13,VVV
>> Doing prefit: ch13,WZ
>> Doing prefit: ch13,ZZ
>> Doing prefit: ch13,data_fakes
>> Doing prefit: ch13,tHW
>> Doing prefit: ch13,tHq
>> Doing prefit: ch13,tZq
>> Doing prefit: ch13,ttH
>> Doing prefit: ch13,ttVV
>> Doing prefit: ch13,TotalBkg
>> Doing prefit: ch13,TotalSig
>> Doing prefit: ch13,TotalProcs
>> Doing prefit: ch14,Convs
>> Doing prefit: ch14,Rares
>> Doing prefit: ch14,TTW_jet2_eta_bin0
>> Doing prefit: ch14,TTW_jet2_eta_bin1
>> Doing prefit: ch14,TTW_jet2_eta_bin2
>> Doing prefit: ch14,TTW_jet2_eta_bin3
>> Doing prefit: ch14,TTW_ooa
>> Doing prefit: ch14,TTZ
>> Doing prefit: ch14,VVV
>> Doing prefit: ch14,WZ
>> Doing prefit: ch14,ZZ
>> Doing prefit: ch14,data_fakes
>> Doing prefit: ch14,data_flips
>> Doing prefit: ch14,tHW
>> Doing prefit: ch14,tHq
>> Doing prefit: ch14,tZq
>> Doing prefit: ch14,ttH
>> Doing prefit: ch14,ttVV
>> Doing prefit: ch14,TotalBkg
>> Doing prefit: ch14,TotalSig
>> Doing prefit: ch14,TotalProcs
>> Doing prefit: ch15,Convs
>> Doing prefit: ch15,Rares
>> Doing prefit: ch15,TTW_jet2_eta_bin0
>> Doing prefit: ch15,TTW_jet2_eta_bin1
>> Doing prefit: ch15,TTW_jet2_eta_bin2
>> Doing prefit: ch15,TTW_jet2_eta_bin3
>> Doing prefit: ch15,TTW_ooa
>> Doing prefit: ch15,TTZ
>> Doing prefit: ch15,VVV
>> Doing prefit: ch15,WZ
>> Doing prefit: ch15,ZZ
>> Doing prefit: ch15,data_fakes
>> Doing prefit: ch15,data_flips
>> Doing prefit: ch15,tHW
>> Doing prefit: ch15,tHq
>> Doing prefit: ch15,tZq
>> Doing prefit: ch15,ttH
>> Doing prefit: ch15,ttVV
>> Doing prefit: ch15,TotalBkg
>> Doing prefit: ch15,TotalSig
>> Doing prefit: ch15,TotalProcs
>> Doing prefit: ch16,Rares
>> Doing prefit: ch16,TTW_jet2_eta_bin0
>> Doing prefit: ch16,TTW_jet2_eta_bin1
>> Doing prefit: ch16,TTW_jet2_eta_bin2
>> Doing prefit: ch16,TTW_jet2_eta_bin3
>> Doing prefit: ch16,TTW_ooa
>> Doing prefit: ch16,TTZ
>> Doing prefit: ch16,VVV
>> Doing prefit: ch16,WZ
>> Doing prefit: ch16,ZZ
>> Doing prefit: ch16,data_fakes
>> Doing prefit: ch16,tHW
>> Doing prefit: ch16,tHq
>> Doing prefit: ch16,tZq
>> Doing prefit: ch16,ttH
>> Doing prefit: ch16,ttVV
>> Doing prefit: ch16,TotalBkg
>> Doing prefit: ch16,TotalSig
>> Doing prefit: ch16,TotalProcs
>> Doing prefit: ch17,Convs
>> Doing prefit: ch17,Rares
>> Doing prefit: ch17,TTW_jet2_eta_bin0
>> Doing prefit: ch17,TTW_jet2_eta_bin1
>> Doing prefit: ch17,TTW_jet2_eta_bin2
>> Doing prefit: ch17,TTW_jet2_eta_bin3
>> Doing prefit: ch17,TTW_ooa
>> Doing prefit: ch17,TTZ
>> Doing prefit: ch17,VVV
>> Doing prefit: ch17,WZ
>> Doing prefit: ch17,ZZ
>> Doing prefit: ch17,data_fakes
>> Doing prefit: ch17,data_flips
>> Doing prefit: ch17,tHW
>> Doing prefit: ch17,tHq
>> Doing prefit: ch17,tZq
>> Doing prefit: ch17,ttH
>> Doing prefit: ch17,ttVV
>> Doing prefit: ch17,TotalBkg
>> Doing prefit: ch17,TotalSig
>> Doing prefit: ch17,TotalProcs
>> Doing prefit: ch18,Convs
>> Doing prefit: ch18,Rares
>> Doing prefit: ch18,TTW_jet2_eta_bin0
>> Doing prefit: ch18,TTW_jet2_eta_bin1
>> Doing prefit: ch18,TTW_jet2_eta_bin2
>> Doing prefit: ch18,TTW_jet2_eta_bin3
>> Doing prefit: ch18,TTW_ooa
>> Doing prefit: ch18,TTZ
>> Doing prefit: ch18,VVV
>> Doing prefit: ch18,WZ
>> Doing prefit: ch18,ZZ
>> Doing prefit: ch18,data_fakes
>> Doing prefit: ch18,data_flips
>> Doing prefit: ch18,tHW
>> Doing prefit: ch18,tHq
>> Doing prefit: ch18,tZq
>> Doing prefit: ch18,ttH
>> Doing prefit: ch18,ttVV
>> Doing prefit: ch18,TotalBkg
>> Doing prefit: ch18,TotalSig
>> Doing prefit: ch18,TotalProcs
>> Doing prefit: ch19,Convs
>> Doing prefit: ch19,Rares
>> Doing prefit: ch19,TTW_jet2_eta_bin0
>> Doing prefit: ch19,TTW_jet2_eta_bin1
>> Doing prefit: ch19,TTW_jet2_eta_bin2
>> Doing prefit: ch19,TTW_jet2_eta_bin3
>> Doing prefit: ch19,TTW_ooa
>> Doing prefit: ch19,TTZ
>> Doing prefit: ch19,VVV
>> Doing prefit: ch19,WZ
>> Doing prefit: ch19,ZZ
>> Doing prefit: ch19,data_fakes
>> Doing prefit: ch19,data_flips
>> Doing prefit: ch19,tHW
>> Doing prefit: ch19,tHq
>> Doing prefit: ch19,tZq
>> Doing prefit: ch19,ttH
>> Doing prefit: ch19,ttVV
>> Doing prefit: ch19,TotalBkg
>> Doing prefit: ch19,TotalSig
>> Doing prefit: ch19,TotalProcs
>> Doing prefit: ch2,Convs
>> Doing prefit: ch2,Rares
>> Doing prefit: ch2,TTW_jet2_eta_bin0
>> Doing prefit: ch2,TTW_jet2_eta_bin1
>> Doing prefit: ch2,TTW_jet2_eta_bin2
>> Doing prefit: ch2,TTW_jet2_eta_bin3
>> Doing prefit: ch2,TTW_ooa
>> Doing prefit: ch2,TTZ
>> Doing prefit: ch2,VVV
>> Doing prefit: ch2,WZ
>> Doing prefit: ch2,ZZ
>> Doing prefit: ch2,data_fakes
>> Doing prefit: ch2,data_flips
>> Doing prefit: ch2,tHW
>> Doing prefit: ch2,tHq
>> Doing prefit: ch2,tZq
>> Doing prefit: ch2,ttH
>> Doing prefit: ch2,ttVV
>> Doing prefit: ch2,TotalBkg
>> Doing prefit: ch2,TotalSig
>> Doing prefit: ch2,TotalProcs
>> Doing prefit: ch20,Convs
>> Doing prefit: ch20,Rares
>> Doing prefit: ch20,TTW_jet2_eta_bin0
>> Doing prefit: ch20,TTW_jet2_eta_bin1
>> Doing prefit: ch20,TTW_jet2_eta_bin2
>> Doing prefit: ch20,TTW_jet2_eta_bin3
>> Doing prefit: ch20,TTW_ooa
>> Doing prefit: ch20,TTZ
>> Doing prefit: ch20,VVV
>> Doing prefit: ch20,WZ
>> Doing prefit: ch20,ZZ
>> Doing prefit: ch20,data_fakes
>> Doing prefit: ch20,data_flips
>> Doing prefit: ch20,tHW
>> Doing prefit: ch20,tHq
>> Doing prefit: ch20,tZq
>> Doing prefit: ch20,ttH
>> Doing prefit: ch20,ttVV
>> Doing prefit: ch20,TotalBkg
>> Doing prefit: ch20,TotalSig
>> Doing prefit: ch20,TotalProcs
>> Doing prefit: ch21,Rares
>> Doing prefit: ch21,TTW_jet2_eta_bin0
>> Doing prefit: ch21,TTW_jet2_eta_bin1
>> Doing prefit: ch21,TTW_jet2_eta_bin2
>> Doing prefit: ch21,TTW_jet2_eta_bin3
>> Doing prefit: ch21,TTW_ooa
>> Doing prefit: ch21,TTZ
>> Doing prefit: ch21,VVV
>> Doing prefit: ch21,WZ
>> Doing prefit: ch21,ZZ
>> Doing prefit: ch21,data_fakes
>> Doing prefit: ch21,tHW
>> Doing prefit: ch21,tHq
>> Doing prefit: ch21,tZq
>> Doing prefit: ch21,ttH
>> Doing prefit: ch21,ttVV
>> Doing prefit: ch21,TotalBkg
>> Doing prefit: ch21,TotalSig
>> Doing prefit: ch21,TotalProcs
>> Doing prefit: ch22,Convs
>> Doing prefit: ch22,Rares
>> Doing prefit: ch22,TTW_jet2_eta_bin0
>> Doing prefit: ch22,TTW_jet2_eta_bin1
>> Doing prefit: ch22,TTW_jet2_eta_bin2
>> Doing prefit: ch22,TTW_jet2_eta_bin3
>> Doing prefit: ch22,TTW_ooa
>> Doing prefit: ch22,TTZ
>> Doing prefit: ch22,VVV
>> Doing prefit: ch22,WZ
>> Doing prefit: ch22,ZZ
>> Doing prefit: ch22,data_fakes
>> Doing prefit: ch22,data_flips
>> Doing prefit: ch22,tHW
>> Doing prefit: ch22,tHq
>> Doing prefit: ch22,tZq
>> Doing prefit: ch22,ttH
>> Doing prefit: ch22,ttVV
>> Doing prefit: ch22,TotalBkg
>> Doing prefit: ch22,TotalSig
>> Doing prefit: ch22,TotalProcs
>> Doing prefit: ch23,Convs
>> Doing prefit: ch23,Rares
>> Doing prefit: ch23,TTW_jet2_eta_bin0
>> Doing prefit: ch23,TTW_jet2_eta_bin1
>> Doing prefit: ch23,TTW_jet2_eta_bin2
>> Doing prefit: ch23,TTW_jet2_eta_bin3
>> Doing prefit: ch23,TTW_ooa
>> Doing prefit: ch23,TTZ
>> Doing prefit: ch23,VVV
>> Doing prefit: ch23,WZ
>> Doing prefit: ch23,ZZ
>> Doing prefit: ch23,data_fakes
>> Doing prefit: ch23,data_flips
>> Doing prefit: ch23,tHW
>> Doing prefit: ch23,tHq
>> Doing prefit: ch23,tZq
>> Doing prefit: ch23,ttH
>> Doing prefit: ch23,ttVV
>> Doing prefit: ch23,TotalBkg
>> Doing prefit: ch23,TotalSig
>> Doing prefit: ch23,TotalProcs
>> Doing prefit: ch24,Rares
>> Doing prefit: ch24,TTW_jet2_eta_bin0
>> Doing prefit: ch24,TTW_jet2_eta_bin1
>> Doing prefit: ch24,TTW_jet2_eta_bin2
>> Doing prefit: ch24,TTW_jet2_eta_bin3
>> Doing prefit: ch24,TTW_ooa
>> Doing prefit: ch24,TTZ
>> Doing prefit: ch24,VVV
>> Doing prefit: ch24,WZ
>> Doing prefit: ch24,ZZ
>> Doing prefit: ch24,data_fakes
>> Doing prefit: ch24,tHW
>> Doing prefit: ch24,tHq
>> Doing prefit: ch24,tZq
>> Doing prefit: ch24,ttH
>> Doing prefit: ch24,ttVV
>> Doing prefit: ch24,TotalBkg
>> Doing prefit: ch24,TotalSig
>> Doing prefit: ch24,TotalProcs
>> Doing prefit: ch3,Convs
>> Doing prefit: ch3,Rares
>> Doing prefit: ch3,TTW_jet2_eta_bin0
>> Doing prefit: ch3,TTW_jet2_eta_bin1
>> Doing prefit: ch3,TTW_jet2_eta_bin2
>> Doing prefit: ch3,TTW_jet2_eta_bin3
>> Doing prefit: ch3,TTW_ooa
>> Doing prefit: ch3,TTZ
>> Doing prefit: ch3,VVV
>> Doing prefit: ch3,WZ
>> Doing prefit: ch3,ZZ
>> Doing prefit: ch3,data_fakes
>> Doing prefit: ch3,data_flips
>> Doing prefit: ch3,tHW
>> Doing prefit: ch3,tHq
>> Doing prefit: ch3,tZq
>> Doing prefit: ch3,ttH
>> Doing prefit: ch3,ttVV
>> Doing prefit: ch3,TotalBkg
>> Doing prefit: ch3,TotalSig
>> Doing prefit: ch3,TotalProcs
>> Doing prefit: ch4,Rares
>> Doing prefit: ch4,TTW_jet2_eta_bin0
>> Doing prefit: ch4,TTW_jet2_eta_bin1
>> Doing prefit: ch4,TTW_jet2_eta_bin2
>> Doing prefit: ch4,TTW_jet2_eta_bin3
>> Doing prefit: ch4,TTW_ooa
>> Doing prefit: ch4,TTZ
>> Doing prefit: ch4,VVV
>> Doing prefit: ch4,WZ
>> Doing prefit: ch4,ZZ
>> Doing prefit: ch4,data_fakes
>> Doing prefit: ch4,tHW
>> Doing prefit: ch4,tHq
>> Doing prefit: ch4,tZq
>> Doing prefit: ch4,ttH
>> Doing prefit: ch4,ttVV
>> Doing prefit: ch4,TotalBkg
>> Doing prefit: ch4,TotalSig
>> Doing prefit: ch4,TotalProcs
>> Doing prefit: ch5,Convs
>> Doing prefit: ch5,Rares
>> Doing prefit: ch5,TTW_jet2_eta_bin0
>> Doing prefit: ch5,TTW_jet2_eta_bin1
>> Doing prefit: ch5,TTW_jet2_eta_bin2
>> Doing prefit: ch5,TTW_jet2_eta_bin3
>> Doing prefit: ch5,TTW_ooa
>> Doing prefit: ch5,TTZ
>> Doing prefit: ch5,VVV
>> Doing prefit: ch5,WZ
>> Doing prefit: ch5,ZZ
>> Doing prefit: ch5,data_fakes
>> Doing prefit: ch5,data_flips
>> Doing prefit: ch5,tHW
>> Doing prefit: ch5,tHq
>> Doing prefit: ch5,tZq
>> Doing prefit: ch5,ttH
>> Doing prefit: ch5,ttVV
>> Doing prefit: ch5,TotalBkg
>> Doing prefit: ch5,TotalSig
>> Doing prefit: ch5,TotalProcs
>> Doing prefit: ch6,Convs
>> Doing prefit: ch6,Rares
>> Doing prefit: ch6,TTW_jet2_eta_bin0
>> Doing prefit: ch6,TTW_jet2_eta_bin1
>> Doing prefit: ch6,TTW_jet2_eta_bin2
>> Doing prefit: ch6,TTW_jet2_eta_bin3
>> Doing prefit: ch6,TTW_ooa
>> Doing prefit: ch6,TTZ
>> Doing prefit: ch6,VVV
>> Doing prefit: ch6,WZ
>> Doing prefit: ch6,ZZ
>> Doing prefit: ch6,data_fakes
>> Doing prefit: ch6,data_flips
>> Doing prefit: ch6,tHW
>> Doing prefit: ch6,tHq
>> Doing prefit: ch6,tZq
>> Doing prefit: ch6,ttH
>> Doing prefit: ch6,ttVV
>> Doing prefit: ch6,TotalBkg
>> Doing prefit: ch6,TotalSig
>> Doing prefit: ch6,TotalProcs
>> Doing prefit: ch7,Rares
>> Doing prefit: ch7,TTW_jet2_eta_bin0
>> Doing prefit: ch7,TTW_jet2_eta_bin1
>> Doing prefit: ch7,TTW_jet2_eta_bin2
>> Doing prefit: ch7,TTW_jet2_eta_bin3
>> Doing prefit: ch7,TTW_ooa
>> Doing prefit: ch7,TTZ
>> Doing prefit: ch7,VVV
>> Doing prefit: ch7,WZ
>> Doing prefit: ch7,ZZ
>> Doing prefit: ch7,data_fakes
>> Doing prefit: ch7,tHW
>> Doing prefit: ch7,tHq
>> Doing prefit: ch7,tZq
>> Doing prefit: ch7,ttH
>> Doing prefit: ch7,ttVV
>> Doing prefit: ch7,TotalBkg
>> Doing prefit: ch7,TotalSig
>> Doing prefit: ch7,TotalProcs
>> Doing prefit: ch8,Convs
>> Doing prefit: ch8,Rares
>> Doing prefit: ch8,TTW_jet2_eta_bin0
>> Doing prefit: ch8,TTW_jet2_eta_bin1
>> Doing prefit: ch8,TTW_jet2_eta_bin2
>> Doing prefit: ch8,TTW_jet2_eta_bin3
>> Doing prefit: ch8,TTW_ooa
>> Doing prefit: ch8,TTZ
>> Doing prefit: ch8,VVV
>> Doing prefit: ch8,WZ
>> Doing prefit: ch8,ZZ
>> Doing prefit: ch8,data_fakes
>> Doing prefit: ch8,data_flips
>> Doing prefit: ch8,tHW
>> Doing prefit: ch8,tHq
>> Doing prefit: ch8,tZq
>> Doing prefit: ch8,ttH
>> Doing prefit: ch8,ttVV
>> Doing prefit: ch8,TotalBkg
>> Doing prefit: ch8,TotalSig
>> Doing prefit: ch8,TotalProcs
>> Doing prefit: ch9,Convs
>> Doing prefit: ch9,Rares
>> Doing prefit: ch9,TTW_jet2_eta_bin0
>> Doing prefit: ch9,TTW_jet2_eta_bin1
>> Doing prefit: ch9,TTW_jet2_eta_bin2
>> Doing prefit: ch9,TTW_jet2_eta_bin3
>> Doing prefit: ch9,TTW_ooa
>> Doing prefit: ch9,TTZ
>> Doing prefit: ch9,VVV
>> Doing prefit: ch9,WZ
>> Doing prefit: ch9,ZZ
>> Doing prefit: ch9,data_fakes
>> Doing prefit: ch9,data_flips
>> Doing prefit: ch9,tHW
>> Doing prefit: ch9,tHq
>> Doing prefit: ch9,tZq
>> Doing prefit: ch9,ttH
>> Doing prefit: ch9,ttVV
>> Doing prefit: ch9,TotalBkg
>> Doing prefit: ch9,TotalSig
>> Doing prefit: ch9,TotalProcs
Bin                       Total relative bkg uncert. (prefit)
----------------------------------------------------------
ch1                       0.15611   
ch10                      0.20798   
ch11                      0.18674   
ch12                      0.11568   
ch13                      0.15334   
ch14                      0.14725   
ch15                      0.12484   
ch16                      0.17524   
ch17                      0.14231   
ch18                      0.12481   
ch19                      0.14848   
ch2                       0.15224   
ch20                      0.11698   
ch21                      0.12262   
ch22                      0.16243   
ch23                      0.10719   
ch24                      0.14577   
ch3                       0.10911   
ch4                       0.14104   
ch5                       0.13403   
ch6                       0.11843   
ch7                       0.14543   
ch8                       0.11980   
ch9                       0.13206   
>> Doing postfit: TotalBkg
>> Doing postfit: TotalSig
>> Doing postfit: TotalProcs
>> Doing postfit: ch1,Rares
>> Doing postfit: ch1,TTW_jet2_eta_bin0
>> Doing postfit: ch1,TTW_jet2_eta_bin1
>> Doing postfit: ch1,TTW_jet2_eta_bin2
>> Doing postfit: ch1,TTW_jet2_eta_bin3
>> Doing postfit: ch1,TTW_ooa
>> Doing postfit: ch1,TTZ
>> Doing postfit: ch1,VVV
>> Doing postfit: ch1,WZ
>> Doing postfit: ch1,ZZ
>> Doing postfit: ch1,data_fakes
>> Doing postfit: ch1,tHW
>> Doing postfit: ch1,tHq
>> Doing postfit: ch1,tZq
>> Doing postfit: ch1,ttH
>> Doing postfit: ch1,ttVV
>> Doing postfit: ch1,TotalBkg
>> Doing postfit: ch1,TotalSig
>> Doing postfit: ch1,TotalProcs
>> Doing postfit: ch10,Rares
>> Doing postfit: ch10,TTW_jet2_eta_bin0
>> Doing postfit: ch10,TTW_jet2_eta_bin1
>> Doing postfit: ch10,TTW_jet2_eta_bin2
>> Doing postfit: ch10,TTW_jet2_eta_bin3
>> Doing postfit: ch10,TTW_ooa
>> Doing postfit: ch10,TTZ
>> Doing postfit: ch10,VVV
>> Doing postfit: ch10,WZ
>> Doing postfit: ch10,ZZ
>> Doing postfit: ch10,data_fakes
>> Doing postfit: ch10,tHW
>> Doing postfit: ch10,tHq
>> Doing postfit: ch10,tZq
>> Doing postfit: ch10,ttH
>> Doing postfit: ch10,ttVV
>> Doing postfit: ch10,TotalBkg
>> Doing postfit: ch10,TotalSig
>> Doing postfit: ch10,TotalProcs
>> Doing postfit: ch11,Convs
>> Doing postfit: ch11,Rares
>> Doing postfit: ch11,TTW_jet2_eta_bin0
>> Doing postfit: ch11,TTW_jet2_eta_bin1
>> Doing postfit: ch11,TTW_jet2_eta_bin2
>> Doing postfit: ch11,TTW_jet2_eta_bin3
>> Doing postfit: ch11,TTW_ooa
>> Doing postfit: ch11,TTZ
>> Doing postfit: ch11,VVV
>> Doing postfit: ch11,WZ
>> Doing postfit: ch11,ZZ
>> Doing postfit: ch11,data_fakes
>> Doing postfit: ch11,data_flips
>> Doing postfit: ch11,tHW
>> Doing postfit: ch11,tHq
>> Doing postfit: ch11,tZq
>> Doing postfit: ch11,ttH
>> Doing postfit: ch11,ttVV
>> Doing postfit: ch11,TotalBkg
>> Doing postfit: ch11,TotalSig
>> Doing postfit: ch11,TotalProcs
>> Doing postfit: ch12,Convs
>> Doing postfit: ch12,Rares
>> Doing postfit: ch12,TTW_jet2_eta_bin0
>> Doing postfit: ch12,TTW_jet2_eta_bin1
>> Doing postfit: ch12,TTW_jet2_eta_bin2
>> Doing postfit: ch12,TTW_jet2_eta_bin3
>> Doing postfit: ch12,TTW_ooa
>> Doing postfit: ch12,TTZ
>> Doing postfit: ch12,VVV
>> Doing postfit: ch12,WZ
>> Doing postfit: ch12,ZZ
>> Doing postfit: ch12,data_fakes
>> Doing postfit: ch12,data_flips
>> Doing postfit: ch12,tHW
>> Doing postfit: ch12,tHq
>> Doing postfit: ch12,tZq
>> Doing postfit: ch12,ttH
>> Doing postfit: ch12,ttVV
>> Doing postfit: ch12,TotalBkg
>> Doing postfit: ch12,TotalSig
>> Doing postfit: ch12,TotalProcs
>> Doing postfit: ch13,Rares
>> Doing postfit: ch13,TTW_jet2_eta_bin0
>> Doing postfit: ch13,TTW_jet2_eta_bin1
>> Doing postfit: ch13,TTW_jet2_eta_bin2
>> Doing postfit: ch13,TTW_jet2_eta_bin3
>> Doing postfit: ch13,TTW_ooa
>> Doing postfit: ch13,TTZ
>> Doing postfit: ch13,VVV
>> Doing postfit: ch13,WZ
>> Doing postfit: ch13,ZZ
>> Doing postfit: ch13,data_fakes
>> Doing postfit: ch13,tHW
>> Doing postfit: ch13,tHq
>> Doing postfit: ch13,tZq
>> Doing postfit: ch13,ttH
>> Doing postfit: ch13,ttVV
>> Doing postfit: ch13,TotalBkg
>> Doing postfit: ch13,TotalSig
>> Doing postfit: ch13,TotalProcs
>> Doing postfit: ch14,Convs
>> Doing postfit: ch14,Rares
>> Doing postfit: ch14,TTW_jet2_eta_bin0
>> Doing postfit: ch14,TTW_jet2_eta_bin1
>> Doing postfit: ch14,TTW_jet2_eta_bin2
>> Doing postfit: ch14,TTW_jet2_eta_bin3
>> Doing postfit: ch14,TTW_ooa
>> Doing postfit: ch14,TTZ
>> Doing postfit: ch14,VVV
>> Doing postfit: ch14,WZ
>> Doing postfit: ch14,ZZ
>> Doing postfit: ch14,data_fakes
>> Doing postfit: ch14,data_flips
>> Doing postfit: ch14,tHW
>> Doing postfit: ch14,tHq
>> Doing postfit: ch14,tZq
>> Doing postfit: ch14,ttH
>> Doing postfit: ch14,ttVV
>> Doing postfit: ch14,TotalBkg
>> Doing postfit: ch14,TotalSig
>> Doing postfit: ch14,TotalProcs
>> Doing postfit: ch15,Convs
>> Doing postfit: ch15,Rares
>> Doing postfit: ch15,TTW_jet2_eta_bin0
>> Doing postfit: ch15,TTW_jet2_eta_bin1
>> Doing postfit: ch15,TTW_jet2_eta_bin2
>> Doing postfit: ch15,TTW_jet2_eta_bin3
>> Doing postfit: ch15,TTW_ooa
>> Doing postfit: ch15,TTZ
>> Doing postfit: ch15,VVV
>> Doing postfit: ch15,WZ
>> Doing postfit: ch15,ZZ
>> Doing postfit: ch15,data_fakes
>> Doing postfit: ch15,data_flips
>> Doing postfit: ch15,tHW
>> Doing postfit: ch15,tHq
>> Doing postfit: ch15,tZq
>> Doing postfit: ch15,ttH
>> Doing postfit: ch15,ttVV
>> Doing postfit: ch15,TotalBkg
>> Doing postfit: ch15,TotalSig
>> Doing postfit: ch15,TotalProcs
>> Doing postfit: ch16,Rares
>> Doing postfit: ch16,TTW_jet2_eta_bin0
>> Doing postfit: ch16,TTW_jet2_eta_bin1
>> Doing postfit: ch16,TTW_jet2_eta_bin2
>> Doing postfit: ch16,TTW_jet2_eta_bin3
>> Doing postfit: ch16,TTW_ooa
>> Doing postfit: ch16,TTZ
>> Doing postfit: ch16,VVV
>> Doing postfit: ch16,WZ
>> Doing postfit: ch16,ZZ
>> Doing postfit: ch16,data_fakes
>> Doing postfit: ch16,tHW
>> Doing postfit: ch16,tHq
>> Doing postfit: ch16,tZq
>> Doing postfit: ch16,ttH
>> Doing postfit: ch16,ttVV
>> Doing postfit: ch16,TotalBkg
>> Doing postfit: ch16,TotalSig
>> Doing postfit: ch16,TotalProcs
>> Doing postfit: ch17,Convs
>> Doing postfit: ch17,Rares
>> Doing postfit: ch17,TTW_jet2_eta_bin0
>> Doing postfit: ch17,TTW_jet2_eta_bin1
>> Doing postfit: ch17,TTW_jet2_eta_bin2
>> Doing postfit: ch17,TTW_jet2_eta_bin3
>> Doing postfit: ch17,TTW_ooa
>> Doing postfit: ch17,TTZ
>> Doing postfit: ch17,VVV
>> Doing postfit: ch17,WZ
>> Doing postfit: ch17,ZZ
>> Doing postfit: ch17,data_fakes
>> Doing postfit: ch17,data_flips
>> Doing postfit: ch17,tHW
>> Doing postfit: ch17,tHq
>> Doing postfit: ch17,tZq
>> Doing postfit: ch17,ttH
>> Doing postfit: ch17,ttVV
>> Doing postfit: ch17,TotalBkg
>> Doing postfit: ch17,TotalSig
>> Doing postfit: ch17,TotalProcs
>> Doing postfit: ch18,Convs
>> Doing postfit: ch18,Rares
>> Doing postfit: ch18,TTW_jet2_eta_bin0
>> Doing postfit: ch18,TTW_jet2_eta_bin1
>> Doing postfit: ch18,TTW_jet2_eta_bin2
>> Doing postfit: ch18,TTW_jet2_eta_bin3
>> Doing postfit: ch18,TTW_ooa
>> Doing postfit: ch18,TTZ
>> Doing postfit: ch18,VVV
>> Doing postfit: ch18,WZ
>> Doing postfit: ch18,ZZ
>> Doing postfit: ch18,data_fakes
>> Doing postfit: ch18,data_flips
>> Doing postfit: ch18,tHW
>> Doing postfit: ch18,tHq
>> Doing postfit: ch18,tZq
>> Doing postfit: ch18,ttH
>> Doing postfit: ch18,ttVV
>> Doing postfit: ch18,TotalBkg
>> Doing postfit: ch18,TotalSig
>> Doing postfit: ch18,TotalProcs
>> Doing postfit: ch19,Convs
>> Doing postfit: ch19,Rares
>> Doing postfit: ch19,TTW_jet2_eta_bin0
>> Doing postfit: ch19,TTW_jet2_eta_bin1
>> Doing postfit: ch19,TTW_jet2_eta_bin2
>> Doing postfit: ch19,TTW_jet2_eta_bin3
>> Doing postfit: ch19,TTW_ooa
>> Doing postfit: ch19,TTZ
>> Doing postfit: ch19,VVV
>> Doing postfit: ch19,WZ
>> Doing postfit: ch19,ZZ
>> Doing postfit: ch19,data_fakes
>> Doing postfit: ch19,data_flips
>> Doing postfit: ch19,tHW
>> Doing postfit: ch19,tHq
>> Doing postfit: ch19,tZq
>> Doing postfit: ch19,ttH
>> Doing postfit: ch19,ttVV
>> Doing postfit: ch19,TotalBkg
>> Doing postfit: ch19,TotalSig
>> Doing postfit: ch19,TotalProcs
>> Doing postfit: ch2,Convs
>> Doing postfit: ch2,Rares
>> Doing postfit: ch2,TTW_jet2_eta_bin0
>> Doing postfit: ch2,TTW_jet2_eta_bin1
>> Doing postfit: ch2,TTW_jet2_eta_bin2
>> Doing postfit: ch2,TTW_jet2_eta_bin3
>> Doing postfit: ch2,TTW_ooa
>> Doing postfit: ch2,TTZ
>> Doing postfit: ch2,VVV
>> Doing postfit: ch2,WZ
>> Doing postfit: ch2,ZZ
>> Doing postfit: ch2,data_fakes
>> Doing postfit: ch2,data_flips
>> Doing postfit: ch2,tHW
>> Doing postfit: ch2,tHq
>> Doing postfit: ch2,tZq
>> Doing postfit: ch2,ttH
>> Doing postfit: ch2,ttVV
>> Doing postfit: ch2,TotalBkg
>> Doing postfit: ch2,TotalSig
>> Doing postfit: ch2,TotalProcs
>> Doing postfit: ch20,Convs
>> Doing postfit: ch20,Rares
>> Doing postfit: ch20,TTW_jet2_eta_bin0
>> Doing postfit: ch20,TTW_jet2_eta_bin1
>> Doing postfit: ch20,TTW_jet2_eta_bin2
>> Doing postfit: ch20,TTW_jet2_eta_bin3
>> Doing postfit: ch20,TTW_ooa
>> Doing postfit: ch20,TTZ
>> Doing postfit: ch20,VVV
>> Doing postfit: ch20,WZ
>> Doing postfit: ch20,ZZ
>> Doing postfit: ch20,data_fakes
>> Doing postfit: ch20,data_flips
>> Doing postfit: ch20,tHW
>> Doing postfit: ch20,tHq
>> Doing postfit: ch20,tZq
>> Doing postfit: ch20,ttH
>> Doing postfit: ch20,ttVV
>> Doing postfit: ch20,TotalBkg
>> Doing postfit: ch20,TotalSig
>> Doing postfit: ch20,TotalProcs
>> Doing postfit: ch21,Rares
>> Doing postfit: ch21,TTW_jet2_eta_bin0
>> Doing postfit: ch21,TTW_jet2_eta_bin1
>> Doing postfit: ch21,TTW_jet2_eta_bin2
>> Doing postfit: ch21,TTW_jet2_eta_bin3
>> Doing postfit: ch21,TTW_ooa
>> Doing postfit: ch21,TTZ
>> Doing postfit: ch21,VVV
>> Doing postfit: ch21,WZ
>> Doing postfit: ch21,ZZ
>> Doing postfit: ch21,data_fakes
>> Doing postfit: ch21,tHW
>> Doing postfit: ch21,tHq
>> Doing postfit: ch21,tZq
>> Doing postfit: ch21,ttH
>> Doing postfit: ch21,ttVV
>> Doing postfit: ch21,TotalBkg
>> Doing postfit: ch21,TotalSig
>> Doing postfit: ch21,TotalProcs
>> Doing postfit: ch22,Convs
>> Doing postfit: ch22,Rares
>> Doing postfit: ch22,TTW_jet2_eta_bin0
>> Doing postfit: ch22,TTW_jet2_eta_bin1
>> Doing postfit: ch22,TTW_jet2_eta_bin2
>> Doing postfit: ch22,TTW_jet2_eta_bin3
>> Doing postfit: ch22,TTW_ooa
>> Doing postfit: ch22,TTZ
>> Doing postfit: ch22,VVV
>> Doing postfit: ch22,WZ
>> Doing postfit: ch22,ZZ
>> Doing postfit: ch22,data_fakes
>> Doing postfit: ch22,data_flips
>> Doing postfit: ch22,tHW
>> Doing postfit: ch22,tHq
>> Doing postfit: ch22,tZq
>> Doing postfit: ch22,ttH
>> Doing postfit: ch22,ttVV
>> Doing postfit: ch22,TotalBkg
>> Doing postfit: ch22,TotalSig
>> Doing postfit: ch22,TotalProcs
>> Doing postfit: ch23,Convs
>> Doing postfit: ch23,Rares
>> Doing postfit: ch23,TTW_jet2_eta_bin0
>> Doing postfit: ch23,TTW_jet2_eta_bin1
>> Doing postfit: ch23,TTW_jet2_eta_bin2
>> Doing postfit: ch23,TTW_jet2_eta_bin3
>> Doing postfit: ch23,TTW_ooa
>> Doing postfit: ch23,TTZ
>> Doing postfit: ch23,VVV
>> Doing postfit: ch23,WZ
>> Doing postfit: ch23,ZZ
>> Doing postfit: ch23,data_fakes
>> Doing postfit: ch23,data_flips
>> Doing postfit: ch23,tHW
>> Doing postfit: ch23,tHq
>> Doing postfit: ch23,tZq
>> Doing postfit: ch23,ttH
>> Doing postfit: ch23,ttVV
>> Doing postfit: ch23,TotalBkg
>> Doing postfit: ch23,TotalSig
>> Doing postfit: ch23,TotalProcs
>> Doing postfit: ch24,Rares
>> Doing postfit: ch24,TTW_jet2_eta_bin0
>> Doing postfit: ch24,TTW_jet2_eta_bin1
>> Doing postfit: ch24,TTW_jet2_eta_bin2
>> Doing postfit: ch24,TTW_jet2_eta_bin3
>> Doing postfit: ch24,TTW_ooa
>> Doing postfit: ch24,TTZ
>> Doing postfit: ch24,VVV
>> Doing postfit: ch24,WZ
>> Doing postfit: ch24,ZZ
>> Doing postfit: ch24,data_fakes
>> Doing postfit: ch24,tHW
>> Doing postfit: ch24,tHq
>> Doing postfit: ch24,tZq
>> Doing postfit: ch24,ttH
>> Doing postfit: ch24,ttVV
>> Doing postfit: ch24,TotalBkg
>> Doing postfit: ch24,TotalSig
>> Doing postfit: ch24,TotalProcs
>> Doing postfit: ch3,Convs
>> Doing postfit: ch3,Rares
>> Doing postfit: ch3,TTW_jet2_eta_bin0
>> Doing postfit: ch3,TTW_jet2_eta_bin1
>> Doing postfit: ch3,TTW_jet2_eta_bin2
>> Doing postfit: ch3,TTW_jet2_eta_bin3
>> Doing postfit: ch3,TTW_ooa
>> Doing postfit: ch3,TTZ
>> Doing postfit: ch3,VVV
>> Doing postfit: ch3,WZ
>> Doing postfit: ch3,ZZ
>> Doing postfit: ch3,data_fakes
>> Doing postfit: ch3,data_flips
>> Doing postfit: ch3,tHW
>> Doing postfit: ch3,tHq
>> Doing postfit: ch3,tZq
>> Doing postfit: ch3,ttH
>> Doing postfit: ch3,ttVV
>> Doing postfit: ch3,TotalBkg
>> Doing postfit: ch3,TotalSig
>> Doing postfit: ch3,TotalProcs
>> Doing postfit: ch4,Rares
>> Doing postfit: ch4,TTW_jet2_eta_bin0
>> Doing postfit: ch4,TTW_jet2_eta_bin1
>> Doing postfit: ch4,TTW_jet2_eta_bin2
>> Doing postfit: ch4,TTW_jet2_eta_bin3
>> Doing postfit: ch4,TTW_ooa
>> Doing postfit: ch4,TTZ
>> Doing postfit: ch4,VVV
>> Doing postfit: ch4,WZ
>> Doing postfit: ch4,ZZ
>> Doing postfit: ch4,data_fakes
>> Doing postfit: ch4,tHW
>> Doing postfit: ch4,tHq
>> Doing postfit: ch4,tZq
>> Doing postfit: ch4,ttH
>> Doing postfit: ch4,ttVV
>> Doing postfit: ch4,TotalBkg
>> Doing postfit: ch4,TotalSig
>> Doing postfit: ch4,TotalProcs
>> Doing postfit: ch5,Convs
>> Doing postfit: ch5,Rares
>> Doing postfit: ch5,TTW_jet2_eta_bin0
>> Doing postfit: ch5,TTW_jet2_eta_bin1
>> Doing postfit: ch5,TTW_jet2_eta_bin2
>> Doing postfit: ch5,TTW_jet2_eta_bin3
>> Doing postfit: ch5,TTW_ooa
>> Doing postfit: ch5,TTZ
>> Doing postfit: ch5,VVV
>> Doing postfit: ch5,WZ
>> Doing postfit: ch5,ZZ
>> Doing postfit: ch5,data_fakes
>> Doing postfit: ch5,data_flips
>> Doing postfit: ch5,tHW
>> Doing postfit: ch5,tHq
>> Doing postfit: ch5,tZq
>> Doing postfit: ch5,ttH
>> Doing postfit: ch5,ttVV
>> Doing postfit: ch5,TotalBkg
>> Doing postfit: ch5,TotalSig
>> Doing postfit: ch5,TotalProcs
>> Doing postfit: ch6,Convs
>> Doing postfit: ch6,Rares
>> Doing postfit: ch6,TTW_jet2_eta_bin0
>> Doing postfit: ch6,TTW_jet2_eta_bin1
>> Doing postfit: ch6,TTW_jet2_eta_bin2
>> Doing postfit: ch6,TTW_jet2_eta_bin3
>> Doing postfit: ch6,TTW_ooa
>> Doing postfit: ch6,TTZ
>> Doing postfit: ch6,VVV
>> Doing postfit: ch6,WZ
>> Doing postfit: ch6,ZZ
>> Doing postfit: ch6,data_fakes
>> Doing postfit: ch6,data_flips
>> Doing postfit: ch6,tHW
>> Doing postfit: ch6,tHq
>> Doing postfit: ch6,tZq
>> Doing postfit: ch6,ttH
>> Doing postfit: ch6,ttVV
>> Doing postfit: ch6,TotalBkg
>> Doing postfit: ch6,TotalSig
>> Doing postfit: ch6,TotalProcs
>> Doing postfit: ch7,Rares
>> Doing postfit: ch7,TTW_jet2_eta_bin0
>> Doing postfit: ch7,TTW_jet2_eta_bin1
>> Doing postfit: ch7,TTW_jet2_eta_bin2
>> Doing postfit: ch7,TTW_jet2_eta_bin3
>> Doing postfit: ch7,TTW_ooa
>> Doing postfit: ch7,TTZ
>> Doing postfit: ch7,VVV
>> Doing postfit: ch7,WZ
>> Doing postfit: ch7,ZZ
>> Doing postfit: ch7,data_fakes
>> Doing postfit: ch7,tHW
>> Doing postfit: ch7,tHq
>> Doing postfit: ch7,tZq
>> Doing postfit: ch7,ttH
>> Doing postfit: ch7,ttVV
>> Doing postfit: ch7,TotalBkg
>> Doing postfit: ch7,TotalSig
>> Doing postfit: ch7,TotalProcs
>> Doing postfit: ch8,Convs
>> Doing postfit: ch8,Rares
>> Doing postfit: ch8,TTW_jet2_eta_bin0
>> Doing postfit: ch8,TTW_jet2_eta_bin1
>> Doing postfit: ch8,TTW_jet2_eta_bin2
>> Doing postfit: ch8,TTW_jet2_eta_bin3
>> Doing postfit: ch8,TTW_ooa
>> Doing postfit: ch8,TTZ
>> Doing postfit: ch8,VVV
>> Doing postfit: ch8,WZ
>> Doing postfit: ch8,ZZ
>> Doing postfit: ch8,data_fakes
>> Doing postfit: ch8,data_flips
>> Doing postfit: ch8,tHW
>> Doing postfit: ch8,tHq
>> Doing postfit: ch8,tZq
>> Doing postfit: ch8,ttH
>> Doing postfit: ch8,ttVV
>> Doing postfit: ch8,TotalBkg
>> Doing postfit: ch8,TotalSig
>> Doing postfit: ch8,TotalProcs
>> Doing postfit: ch9,Convs
>> Doing postfit: ch9,Rares
>> Doing postfit: ch9,TTW_jet2_eta_bin0
>> Doing postfit: ch9,TTW_jet2_eta_bin1
>> Doing postfit: ch9,TTW_jet2_eta_bin2
>> Doing postfit: ch9,TTW_jet2_eta_bin3
>> Doing postfit: ch9,TTW_ooa
>> Doing postfit: ch9,TTZ
>> Doing postfit: ch9,VVV
>> Doing postfit: ch9,WZ
>> Doing postfit: ch9,ZZ
>> Doing postfit: ch9,data_fakes
>> Doing postfit: ch9,data_flips
>> Doing postfit: ch9,tHW
>> Doing postfit: ch9,tHq
>> Doing postfit: ch9,tZq
>> Doing postfit: ch9,ttH
>> Doing postfit: ch9,ttVV
>> Doing postfit: ch9,TotalBkg
>> Doing postfit: ch9,TotalSig
>> Doing postfit: ch9,TotalProcs

Bin                       Total relative bkg uncert. (postfit)
----------------------------------------------------------
ch1                       0.09222   
ch10                      0.11367   
ch11                      0.11775   
ch12                      0.07372   
ch13                      0.09663   
ch14                      0.09390   
ch15                      0.08421   
ch16                      0.09416   
ch17                      0.09159   
ch18                      0.08109   
ch19                      0.08271   
ch2                       0.09316   
ch20                      0.06913   
ch21                      0.07023   
ch22                      0.08616   
ch23                      0.06234   
ch24                      0.07540   
ch3                       0.07741   
ch4                       0.08844   
ch5                       0.08506   
ch6                       0.07584   
ch7                       0.09055   
ch8                       0.07774   
ch9                       0.08846   

Bin                       Process              Scale factor
----------------------------------------------------------
ch1                       Rares                1.03775   
ch1                       TTW_jet2_eta_bin0    0.77246   
ch1                       TTW_jet2_eta_bin1    1.20631   
ch1                       TTW_jet2_eta_bin2    0.89793   
ch1                       TTW_jet2_eta_bin3    1.32186   
ch1                       TTW_ooa              0.97936   
ch1                       TTZ                  1.11825   
ch1                       VVV                  1.20700   
ch1                       WZ                   0.96654   
ch1                       ZZ                   0.84654   
ch1                       data_fakes           1.29389   
ch1                       tHW                  0.99192   
ch1                       tHq                  0.96844   
ch1                       tZq                  1.06655   
ch1                       ttH                  0.98733   
ch1                       ttVV                 0.98368   
ch10                      Rares                1.12813   
ch10                      TTW_jet2_eta_bin0    0.77283   
ch10                      TTW_jet2_eta_bin1    1.21459   
ch10                      TTW_jet2_eta_bin2    0.89576   
ch10                      TTW_jet2_eta_bin3    1.32452   
ch10                      TTW_ooa              1.02178   
ch10                      TTZ                  1.15209   
ch10                      VVV                  1.28065   
ch10                      WZ                   1.17474   
ch10                      ZZ                   1.28071   
ch10                      data_fakes           1.43297   
ch10                      tHW                  1.00981   
ch10                      tHq                  1.00385   
ch10                      tZq                  1.14737   
ch10                      ttH                  1.00202   
ch10                      ttVV                 0.99513   
ch11                      Convs                1.10126   
ch11                      Rares                1.20247   
ch11                      TTW_jet2_eta_bin0    0.82450   
ch11                      TTW_jet2_eta_bin1    1.28056   
ch11                      TTW_jet2_eta_bin2    0.95776   
ch11                      TTW_jet2_eta_bin3    1.41222   
ch11                      TTW_ooa              1.07686   
ch11                      TTZ                  1.21518   
ch11                      VVV                  1.46116   
ch11                      WZ                   1.16903   
ch11                      ZZ                   1.59382   
ch11                      data_fakes           2.17698   
ch11                      data_flips           0.99483   
ch11                      tHW                  1.07628   
ch11                      tHq                  1.08709   
ch11                      tZq                  1.19474   
ch11                      ttH                  1.04740   
ch11                      ttVV                 1.05056   
ch12                      Convs                1.09891   
ch12                      Rares                1.20133   
ch12                      TTW_jet2_eta_bin0    0.79433   
ch12                      TTW_jet2_eta_bin1    1.25016   
ch12                      TTW_jet2_eta_bin2    0.92784   
ch12                      TTW_jet2_eta_bin3    1.35804   
ch12                      TTW_ooa              1.05889   
ch12                      TTZ                  1.16366   
ch12                      VVV                  1.36955   
ch12                      WZ                   1.13285   
ch12                      ZZ                   1.53832   
ch12                      data_fakes           1.41946   
ch12                      data_flips           0.99405   
ch12                      tHW                  1.04911   
ch12                      tHq                  1.03930   
ch12                      tZq                  1.10764   
ch12                      ttH                  1.03234   
ch12                      ttVV                 1.01896   
ch13                      Rares                1.19598   
ch13                      TTW_jet2_eta_bin0    0.77278   
ch13                      TTW_jet2_eta_bin1    1.21555   
ch13                      TTW_jet2_eta_bin2    0.90723   
ch13                      TTW_jet2_eta_bin3    1.32603   
ch13                      TTW_ooa              1.02471   
ch13                      TTZ                  1.12664   
ch13                      VVV                  1.74707   
ch13                      WZ                   1.05967   
ch13                      ZZ                   1.64339   
ch13                      data_fakes           1.21108   
ch13                      tHW                  1.01929   
ch13                      tHq                  1.03165   
ch13                      tZq                  1.09162   
ch13                      ttH                  1.00114   
ch13                      ttVV                 0.98737   
ch14                      Convs                1.00803   
ch14                      Rares                1.23108   
ch14                      TTW_jet2_eta_bin0    0.81007   
ch14                      TTW_jet2_eta_bin1    1.27394   
ch14                      TTW_jet2_eta_bin2    0.93579   
ch14                      TTW_jet2_eta_bin3    1.40176   
ch14                      TTW_ooa              1.04574   
ch14                      TTZ                  1.14139   
ch14                      VVV                  1.08059   
ch14                      WZ                   0.93791   
ch14                      ZZ                   1.31177   
ch14                      data_fakes           1.56895   
ch14                      data_flips           0.99356   
ch14                      tHW                  1.01797   
ch14                      tHq                  1.05304   
ch14                      tZq                  1.10493   
ch14                      ttH                  1.04604   
ch14                      ttVV                 1.03570   
ch15                      Convs                1.06917   
ch15                      Rares                1.15403   
ch15                      TTW_jet2_eta_bin0    0.79291   
ch15                      TTW_jet2_eta_bin1    1.23845   
ch15                      TTW_jet2_eta_bin2    0.92227   
ch15                      TTW_jet2_eta_bin3    1.35316   
ch15                      TTW_ooa              1.02047   
ch15                      TTZ                  1.08741   
ch15                      VVV                  1.11618   
ch15                      WZ                   0.95073   
ch15                      ZZ                   1.39209   
ch15                      data_fakes           1.53238   
ch15                      data_flips           0.99390   
ch15                      tHW                  1.00889   
ch15                      tHq                  1.00274   
ch15                      tZq                  1.08281   
ch15                      ttH                  1.02764   
ch15                      ttVV                 1.01096   
ch16                      Rares                1.08395   
ch16                      TTW_jet2_eta_bin0    0.76884   
ch16                      TTW_jet2_eta_bin1    1.19568   
ch16                      TTW_jet2_eta_bin2    0.89967   
ch16                      TTW_jet2_eta_bin3    1.31722   
ch16                      TTW_ooa              0.97662   
ch16                      TTZ                  1.12481   
ch16                      VVV                  1.11612   
ch16                      WZ                   0.93284   
ch16                      ZZ                   1.44668   
ch16                      data_fakes           1.30191   
ch16                      tHW                  0.98867   
ch16                      tHq                  1.02424   
ch16                      tZq                  1.02871   
ch16                      ttH                  0.98854   
ch16                      ttVV                 0.98357   
ch17                      Convs                1.09629   
ch17                      Rares                1.11272   
ch17                      TTW_jet2_eta_bin0    0.81309   
ch17                      TTW_jet2_eta_bin1    1.26662   
ch17                      TTW_jet2_eta_bin2    0.95342   
ch17                      TTW_jet2_eta_bin3    1.39088   
ch17                      TTW_ooa              1.06264   
ch17                      TTZ                  1.17817   
ch17                      VVV                  1.21646   
ch17                      WZ                   0.95138   
ch17                      ZZ                   1.06010   
ch17                      data_fakes           1.66906   
ch17                      data_flips           0.99424   
ch17                      tHW                  1.03786   
ch17                      tHq                  1.03081   
ch17                      tZq                  1.11163   
ch17                      ttH                  1.03801   
ch17                      ttVV                 1.03676   
ch18                      Convs                1.29131   
ch18                      Rares                1.14809   
ch18                      TTW_jet2_eta_bin0    0.79447   
ch18                      TTW_jet2_eta_bin1    1.24017   
ch18                      TTW_jet2_eta_bin2    0.92343   
ch18                      TTW_jet2_eta_bin3    1.35190   
ch18                      TTW_ooa              1.01230   
ch18                      TTZ                  1.16317   
ch18                      VVV                  1.23254   
ch18                      WZ                   0.97059   
ch18                      ZZ                   1.29225   
ch18                      data_fakes           1.56750   
ch18                      data_flips           0.99406   
ch18                      tHW                  1.02296   
ch18                      tHq                  1.01024   
ch18                      tZq                  1.05660   
ch18                      ttH                  1.01712   
ch18                      ttVV                 1.01154   
ch19                      Convs                1.05197   
ch19                      Rares                1.22163   
ch19                      TTW_jet2_eta_bin0    0.80030   
ch19                      TTW_jet2_eta_bin1    1.26747   
ch19                      TTW_jet2_eta_bin2    0.93734   
ch19                      TTW_jet2_eta_bin3    1.37055   
ch19                      TTW_ooa              1.00101   
ch19                      TTZ                  1.18745   
ch19                      VVV                  1.23693   
ch19                      WZ                   0.95023   
ch19                      ZZ                   1.13307   
ch19                      data_fakes           1.68810   
ch19                      data_flips           0.99394   
ch19                      tHW                  1.04792   
ch19                      tHq                  1.01308   
ch19                      tZq                  1.08098   
ch19                      ttH                  1.02186   
ch19                      ttVV                 1.02858   
ch2                       Convs                1.13758   
ch2                       Rares                1.16559   
ch2                       TTW_jet2_eta_bin0    0.81504   
ch2                       TTW_jet2_eta_bin1    1.28576   
ch2                       TTW_jet2_eta_bin2    0.95520   
ch2                       TTW_jet2_eta_bin3    1.39165   
ch2                       TTW_ooa              1.06637   
ch2                       TTZ                  1.23400   
ch2                       VVV                  1.20718   
ch2                       WZ                   0.94591   
ch2                       ZZ                   1.34023   
ch2                       data_fakes           1.73770   
ch2                       data_flips           0.99447   
ch2                       tHW                  1.06535   
ch2                       tHq                  1.05241   
ch2                       tZq                  1.10596   
ch2                       ttH                  1.05560   
ch2                       ttVV                 1.05187   
ch20                      Convs                1.05487   
ch20                      Rares                1.16951   
ch20                      TTW_jet2_eta_bin0    0.77848   
ch20                      TTW_jet2_eta_bin1    1.22759   
ch20                      TTW_jet2_eta_bin2    0.90533   
ch20                      TTW_jet2_eta_bin3    1.33323   
ch20                      TTW_ooa              0.98675   
ch20                      TTZ                  1.11496   
ch20                      VVV                  1.16623   
ch20                      WZ                   0.94927   
ch20                      ZZ                   1.24699   
ch20                      data_fakes           1.49572   
ch20                      data_flips           0.99397   
ch20                      tHW                  1.00669   
ch20                      tHq                  0.99375   
ch20                      tZq                  1.04605   
ch20                      ttH                  1.00367   
ch20                      ttVV                 0.99897   
ch21                      Rares                0.97028   
ch21                      TTW_jet2_eta_bin0    0.75759   
ch21                      TTW_jet2_eta_bin1    1.18570   
ch21                      TTW_jet2_eta_bin2    0.88446   
ch21                      TTW_jet2_eta_bin3    1.29756   
ch21                      TTW_ooa              0.95472   
ch21                      TTZ                  1.12026   
ch21                      VVV                  1.10428   
ch21                      WZ                   0.98449   
ch21                      ZZ                   0.99899   
ch21                      data_fakes           1.20833   
ch21                      tHW                  0.98554   
ch21                      tHq                  0.96235   
ch21                      tZq                  1.03480   
ch21                      ttH                  0.98299   
ch21                      ttVV                 0.97242   
ch22                      Convs                1.02224   
ch22                      Rares                1.19268   
ch22                      TTW_jet2_eta_bin0    0.80308   
ch22                      TTW_jet2_eta_bin1    1.25156   
ch22                      TTW_jet2_eta_bin2    0.92809   
ch22                      TTW_jet2_eta_bin3    1.36071   
ch22                      TTW_ooa              1.02310   
ch22                      TTZ                  1.14903   
ch22                      VVV                  1.07068   
ch22                      WZ                   0.85710   
ch22                      ZZ                   1.34640   
ch22                      data_fakes           1.71934   
ch22                      data_flips           0.99395   
ch22                      tHW                  0.99136   
ch22                      tHq                  1.03428   
ch22                      tZq                  1.09229   
ch22                      ttH                  1.01021   
ch22                      ttVV                 1.02727   
ch23                      Convs                1.02158   
ch23                      Rares                1.06662   
ch23                      TTW_jet2_eta_bin0    0.78011   
ch23                      TTW_jet2_eta_bin1    1.22342   
ch23                      TTW_jet2_eta_bin2    0.90738   
ch23                      TTW_jet2_eta_bin3    1.33343   
ch23                      TTW_ooa              0.99242   
ch23                      TTZ                  1.18365   
ch23                      VVV                  1.21040   
ch23                      WZ                   0.95842   
ch23                      ZZ                   1.34697   
ch23                      data_fakes           1.42494   
ch23                      data_flips           0.99396   
ch23                      tHW                  1.01373   
ch23                      tHq                  0.99994   
ch23                      tZq                  1.03682   
ch23                      ttH                  0.99976   
ch23                      ttVV                 1.00113   
ch24                      Rares                1.19987   
ch24                      TTW_jet2_eta_bin0    0.75824   
ch24                      TTW_jet2_eta_bin1    1.18768   
ch24                      TTW_jet2_eta_bin2    0.88428   
ch24                      TTW_jet2_eta_bin3    1.29053   
ch24                      TTW_ooa              0.95522   
ch24                      TTZ                  1.11062   
ch24                      VVV                  1.18497   
ch24                      WZ                   0.95844   
ch24                      ZZ                   1.31459   
ch24                      data_fakes           1.26763   
ch24                      tHW                  0.97962   
ch24                      tHq                  0.96945   
ch24                      tZq                  1.06384   
ch24                      ttH                  0.97984   
ch24                      ttVV                 0.96685   
ch3                       Convs                0.92203   
ch3                       Rares                0.99675   
ch3                       TTW_jet2_eta_bin0    0.78625   
ch3                       TTW_jet2_eta_bin1    1.23878   
ch3                       TTW_jet2_eta_bin2    0.92498   
ch3                       TTW_jet2_eta_bin3    1.35648   
ch3                       TTW_ooa              1.02198   
ch3                       TTZ                  1.14559   
ch3                       VVV                  1.16807   
ch3                       WZ                   0.94880   
ch3                       ZZ                   1.21034   
ch3                       data_fakes           1.41091   
ch3                       data_flips           0.99397   
ch3                       tHW                  1.00567   
ch3                       tHq                  1.01892   
ch3                       tZq                  1.04449   
ch3                       ttH                  1.01253   
ch3                       ttVV                 1.01102   
ch4                       Rares                1.06773   
ch4                       TTW_jet2_eta_bin0    0.76794   
ch4                       TTW_jet2_eta_bin1    1.20225   
ch4                       TTW_jet2_eta_bin2    0.88797   
ch4                       TTW_jet2_eta_bin3    1.29926   
ch4                       TTW_ooa              0.98405   
ch4                       TTZ                  1.11408   
ch4                       VVV                  1.15747   
ch4                       WZ                   0.91802   
ch4                       ZZ                   1.42929   
ch4                       data_fakes           1.17773   
ch4                       tHW                  0.97252   
ch4                       tHq                  0.98431   
ch4                       tZq                  0.99140   
ch4                       ttH                  0.98430   
ch4                       ttVV                 0.97595   
ch5                       Convs                1.05864   
ch5                       Rares                1.22119   
ch5                       TTW_jet2_eta_bin0    0.82407   
ch5                       TTW_jet2_eta_bin1    1.29482   
ch5                       TTW_jet2_eta_bin2    0.95234   
ch5                       TTW_jet2_eta_bin3    1.38030   
ch5                       TTW_ooa              1.09415   
ch5                       TTZ                  1.07105   
ch5                       VVV                  1.34781   
ch5                       WZ                   1.02245   
ch5                       ZZ                   1.31160   
ch5                       data_fakes           1.60603   
ch5                       data_flips           0.99470   
ch5                       tHW                  1.05418   
ch5                       tHq                  1.05966   
ch5                       tZq                  1.10983   
ch5                       ttH                  1.04485   
ch5                       ttVV                 1.05324   
ch6                       Convs                1.05309   
ch6                       Rares                1.14427   
ch6                       TTW_jet2_eta_bin0    0.79528   
ch6                       TTW_jet2_eta_bin1    1.23712   
ch6                       TTW_jet2_eta_bin2    0.92219   
ch6                       TTW_jet2_eta_bin3    1.34806   
ch6                       TTW_ooa              1.04495   
ch6                       TTZ                  1.13608   
ch6                       VVV                  1.22759   
ch6                       WZ                   0.97402   
ch6                       ZZ                   1.29935   
ch6                       data_fakes           1.50386   
ch6                       data_flips           0.99383   
ch6                       tHW                  1.00513   
ch6                       tHq                  1.01236   
ch6                       tZq                  1.09156   
ch6                       ttH                  1.00918   
ch6                       ttVV                 1.00342   
ch7                       Rares                1.23366   
ch7                       TTW_jet2_eta_bin0    0.76421   
ch7                       TTW_jet2_eta_bin1    1.20010   
ch7                       TTW_jet2_eta_bin2    0.88980   
ch7                       TTW_jet2_eta_bin3    1.31539   
ch7                       TTW_ooa              0.97508   
ch7                       TTZ                  1.11913   
ch7                       VVV                  1.00138   
ch7                       WZ                   0.91213   
ch7                       ZZ                   1.36301   
ch7                       data_fakes           1.26706   
ch7                       tHW                  0.98269   
ch7                       tHq                  0.98872   
ch7                       tZq                  1.03054   
ch7                       ttH                  0.98001   
ch7                       ttVV                 0.97605   
ch8                       Convs                1.18418   
ch8                       Rares                1.15733   
ch8                       TTW_jet2_eta_bin0    0.79267   
ch8                       TTW_jet2_eta_bin1    1.25136   
ch8                       TTW_jet2_eta_bin2    0.93457   
ch8                       TTW_jet2_eta_bin3    1.35731   
ch8                       TTW_ooa              1.05515   
ch8                       TTZ                  1.19651   
ch8                       VVV                  1.34726   
ch8                       WZ                   1.26991   
ch8                       ZZ                   1.48429   
ch8                       data_fakes           1.52821   
ch8                       data_flips           0.99433   
ch8                       tHW                  1.03400   
ch8                       tHq                  1.04976   
ch8                       tZq                  1.12635   
ch8                       ttH                  1.02518   
ch8                       ttVV                 1.02025   
ch9                       Convs                1.07195   
ch9                       Rares                1.18867   
ch9                       TTW_jet2_eta_bin0    0.81799   
ch9                       TTW_jet2_eta_bin1    1.28266   
ch9                       TTW_jet2_eta_bin2    0.94720   
ch9                       TTW_jet2_eta_bin3    1.39508   
ch9                       TTW_ooa              1.07129   
ch9                       TTZ                  1.16878   
ch9                       VVV                  1.39760   
ch9                       WZ                   1.15161   
ch9                       ZZ                   1.44030   
ch9                       data_fakes           1.46360   
ch9                       data_flips           0.99309   
ch9                       tHW                  1.07565   
ch9                       tHq                  1.05372   
ch9                       tZq                  1.21406   
ch9                       ttH                  1.04908   
ch9                       ttVV                 1.04479   
