Loading FR_mu_i00 from file /nfs/fanae/user/cvico/WorkSpace/ttw-differential/cmssw-aug2024/CMSSW_10_4_0/src/CMGTools/TTHAnalysis/data//fakerate/fr_2016APV_2016_recorrected.root to FR_mva085_mu_data_comb_recorrected
Loading FR_el_i00 from file /nfs/fanae/user/cvico/WorkSpace/ttw-differential/cmssw-aug2024/CMSSW_10_4_0/src/CMGTools/TTHAnalysis/data//fakerate/fr_2016APV_2016_recorrected.root to FR_mva090_el_data_comb_NC_recorrected
Loading QF_el_2 from file /nfs/fanae/user/cvico/WorkSpace/ttw-differential/cmssw-aug2024/CMSSW_10_4_0/src/CMGTools/TTHAnalysis/data//fakerate/fliprates_frommc_UL16_recorrected.root to chargeMisId
Loading FR_mu_i30 from file /nfs/fanae/user/cvico/WorkSpace/ttw-differential/cmssw-aug2024/CMSSW_10_4_0/src/CMGTools/TTHAnalysis/data//fakerate/fr_2016APV_2016_recorrected.root to FR_mva085_mu_data_comb_recorrected_pt1
Loading FR_mu_i40 from file /nfs/fanae/user/cvico/WorkSpace/ttw-differential/cmssw-aug2024/CMSSW_10_4_0/src/CMGTools/TTHAnalysis/data//fakerate/fr_2016APV_2016_recorrected.root to FR_mva085_mu_data_comb_recorrected_pt2
Loading FR_el_i50 from file /nfs/fanae/user/cvico/WorkSpace/ttw-differential/cmssw-aug2024/CMSSW_10_4_0/src/CMGTools/TTHAnalysis/data//fakerate/fr_2016APV_2016_recorrected.root to FR_mva090_el_data_comb_NC_recorrected_be1
Loading FR_el_i60 from file /nfs/fanae/user/cvico/WorkSpace/ttw-differential/cmssw-aug2024/CMSSW_10_4_0/src/CMGTools/TTHAnalysis/data//fakerate/fr_2016APV_2016_recorrected.root to FR_mva090_el_data_comb_NC_recorrected_be2
Loading FR_el_i70 from file /nfs/fanae/user/cvico/WorkSpace/ttw-differential/cmssw-aug2024/CMSSW_10_4_0/src/CMGTools/TTHAnalysis/data//fakerate/fr_2016APV_2016_recorrected.root to FR_mva090_el_data_comb_NC_recorrected
Loading FR_el_i30 from file /nfs/fanae/user/cvico/WorkSpace/ttw-differential/cmssw-aug2024/CMSSW_10_4_0/src/CMGTools/TTHAnalysis/data//fakerate/fr_2016APV_2016_recorrected.root to FR_mva090_el_data_comb_NC_recorrected_pt1
Loading FR_el_i40 from file /nfs/fanae/user/cvico/WorkSpace/ttw-differential/cmssw-aug2024/CMSSW_10_4_0/src/CMGTools/TTHAnalysis/data//fakerate/fr_2016APV_2016_recorrected.root to FR_mva090_el_data_comb_NC_recorrected_pt2
Loading FR_mu_i70 from file /nfs/fanae/user/cvico/WorkSpace/ttw-differential/cmssw-aug2024/CMSSW_10_4_0/src/CMGTools/TTHAnalysis/data//fakerate/fr_2016APV_2016_recorrected.root to FR_mva085_mu_data_comb_recorrected
Loading FR_mu_i10 from file /nfs/fanae/user/cvico/WorkSpace/ttw-differential/cmssw-aug2024/CMSSW_10_4_0/src/CMGTools/TTHAnalysis/data//fakerate/fr_2016APV_2016_recorrected.root to FR_mva085_mu_data_comb_recorrected_up
Loading FR_mu_i20 from file /nfs/fanae/user/cvico/WorkSpace/ttw-differential/cmssw-aug2024/CMSSW_10_4_0/src/CMGTools/TTHAnalysis/data//fakerate/fr_2016APV_2016_recorrected.root to FR_mva085_mu_data_comb_recorrected_down
Loading FR_el_i10 from file /nfs/fanae/user/cvico/WorkSpace/ttw-differential/cmssw-aug2024/CMSSW_10_4_0/src/CMGTools/TTHAnalysis/data//fakerate/fr_2016APV_2016_recorrected.root to FR_mva090_el_data_comb_NC_recorrected_up
Loading FR_el_i20 from file /nfs/fanae/user/cvico/WorkSpace/ttw-differential/cmssw-aug2024/CMSSW_10_4_0/src/CMGTools/TTHAnalysis/data//fakerate/fr_2016APV_2016_recorrected.root to FR_mva090_el_data_comb_NC_recorrected_down
Loading FR_mu_i50 from file /nfs/fanae/user/cvico/WorkSpace/ttw-differential/cmssw-aug2024/CMSSW_10_4_0/src/CMGTools/TTHAnalysis/data//fakerate/fr_2016APV_2016_recorrected.root to FR_mva085_mu_data_comb_recorrected_be1
Loading FR_mu_i60 from file /nfs/fanae/user/cvico/WorkSpace/ttw-differential/cmssw-aug2024/CMSSW_10_4_0/src/CMGTools/TTHAnalysis/data//fakerate/fr_2016APV_2016_recorrected.root to FR_mva085_mu_data_comb_recorrected_be2
Loading FR_mu_i30 from file /nfs/fanae/user/cvico/WorkSpace/ttw-differential/cmssw-aug2024/CMSSW_10_4_0/src/CMGTools/TTHAnalysis/data//fakerate/fr_2016APV_2016_recorrected.root to FR_mva085_mu_data_comb_recorrected_pt1
Loading FR_mu_i40 from file /nfs/fanae/user/cvico/WorkSpace/ttw-differential/cmssw-aug2024/CMSSW_10_4_0/src/CMGTools/TTHAnalysis/data//fakerate/fr_2016APV_2016_recorrected.root to FR_mva085_mu_data_comb_recorrected_pt2
Loading FR_el_i50 from file /nfs/fanae/user/cvico/WorkSpace/ttw-differential/cmssw-aug2024/CMSSW_10_4_0/src/CMGTools/TTHAnalysis/data//fakerate/fr_2016APV_2016_recorrected.root to FR_mva090_el_data_comb_NC_recorrected_be1
Loading FR_el_i60 from file /nfs/fanae/user/cvico/WorkSpace/ttw-differential/cmssw-aug2024/CMSSW_10_4_0/src/CMGTools/TTHAnalysis/data//fakerate/fr_2016APV_2016_recorrected.root to FR_mva090_el_data_comb_NC_recorrected_be2
Loading FR_el_i70 from file /nfs/fanae/user/cvico/WorkSpace/ttw-differential/cmssw-aug2024/CMSSW_10_4_0/src/CMGTools/TTHAnalysis/data//fakerate/fr_2016APV_2016_recorrected.root to FR_mva090_el_data_comb_NC_recorrected
Loading FR_el_i30 from file /nfs/fanae/user/cvico/WorkSpace/ttw-differential/cmssw-aug2024/CMSSW_10_4_0/src/CMGTools/TTHAnalysis/data//fakerate/fr_2016APV_2016_recorrected.root to FR_mva090_el_data_comb_NC_recorrected_pt1
Loading FR_el_i40 from file /nfs/fanae/user/cvico/WorkSpace/ttw-differential/cmssw-aug2024/CMSSW_10_4_0/src/CMGTools/TTHAnalysis/data//fakerate/fr_2016APV_2016_recorrected.root to FR_mva090_el_data_comb_NC_recorrected_pt2
Loading FR_mu_i70 from file /nfs/fanae/user/cvico/WorkSpace/ttw-differential/cmssw-aug2024/CMSSW_10_4_0/src/CMGTools/TTHAnalysis/data//fakerate/fr_2016APV_2016_recorrected.root to FR_mva085_mu_data_comb_recorrected
Loading FR_mu_i10 from file /nfs/fanae/user/cvico/WorkSpace/ttw-differential/cmssw-aug2024/CMSSW_10_4_0/src/CMGTools/TTHAnalysis/data//fakerate/fr_2016APV_2016_recorrected.root to FR_mva085_mu_data_comb_recorrected_up
Loading FR_mu_i20 from file /nfs/fanae/user/cvico/WorkSpace/ttw-differential/cmssw-aug2024/CMSSW_10_4_0/src/CMGTools/TTHAnalysis/data//fakerate/fr_2016APV_2016_recorrected.root to FR_mva085_mu_data_comb_recorrected_down
Loading FR_el_i10 from file /nfs/fanae/user/cvico/WorkSpace/ttw-differential/cmssw-aug2024/CMSSW_10_4_0/src/CMGTools/TTHAnalysis/data//fakerate/fr_2016APV_2016_recorrected.root to FR_mva090_el_data_comb_NC_recorrected_up
Loading FR_el_i20 from file /nfs/fanae/user/cvico/WorkSpace/ttw-differential/cmssw-aug2024/CMSSW_10_4_0/src/CMGTools/TTHAnalysis/data//fakerate/fr_2016APV_2016_recorrected.root to FR_mva090_el_data_comb_NC_recorrected_down
Loading FR_mu_i50 from file /nfs/fanae/user/cvico/WorkSpace/ttw-differential/cmssw-aug2024/CMSSW_10_4_0/src/CMGTools/TTHAnalysis/data//fakerate/fr_2016APV_2016_recorrected.root to FR_mva085_mu_data_comb_recorrected_be1
Loading FR_mu_i60 from file /nfs/fanae/user/cvico/WorkSpace/ttw-differential/cmssw-aug2024/CMSSW_10_4_0/src/CMGTools/TTHAnalysis/data//fakerate/fr_2016APV_2016_recorrected.root to FR_mva085_mu_data_comb_recorrected_be2
Loading FR_mu_i30 from file /nfs/fanae/user/cvico/WorkSpace/ttw-differential/cmssw-aug2024/CMSSW_10_4_0/src/CMGTools/TTHAnalysis/data//fakerate/fr_2016APV_2016_recorrected.root to FR_mva085_mu_data_comb_recorrected_pt1
Loading FR_mu_i40 from file /nfs/fanae/user/cvico/WorkSpace/ttw-differential/cmssw-aug2024/CMSSW_10_4_0/src/CMGTools/TTHAnalysis/data//fakerate/fr_2016APV_2016_recorrected.root to FR_mva085_mu_data_comb_recorrected_pt2
Loading FR_el_i50 from file /nfs/fanae/user/cvico/WorkSpace/ttw-differential/cmssw-aug2024/CMSSW_10_4_0/src/CMGTools/TTHAnalysis/data//fakerate/fr_2016APV_2016_recorrected.root to FR_mva090_el_data_comb_NC_recorrected_be1
Loading FR_el_i60 from file /nfs/fanae/user/cvico/WorkSpace/ttw-differential/cmssw-aug2024/CMSSW_10_4_0/src/CMGTools/TTHAnalysis/data//fakerate/fr_2016APV_2016_recorrected.root to FR_mva090_el_data_comb_NC_recorrected_be2
Loading FR_el_i70 from file /nfs/fanae/user/cvico/WorkSpace/ttw-differential/cmssw-aug2024/CMSSW_10_4_0/src/CMGTools/TTHAnalysis/data//fakerate/fr_2016APV_2016_recorrected.root to FR_mva090_el_data_comb_NC_recorrected
Loading FR_el_i30 from file /nfs/fanae/user/cvico/WorkSpace/ttw-differential/cmssw-aug2024/CMSSW_10_4_0/src/CMGTools/TTHAnalysis/data//fakerate/fr_2016APV_2016_recorrected.root to FR_mva090_el_data_comb_NC_recorrected_pt1
Loading FR_el_i40 from file /nfs/fanae/user/cvico/WorkSpace/ttw-differential/cmssw-aug2024/CMSSW_10_4_0/src/CMGTools/TTHAnalysis/data//fakerate/fr_2016APV_2016_recorrected.root to FR_mva090_el_data_comb_NC_recorrected_pt2
Loading FR_mu_i70 from file /nfs/fanae/user/cvico/WorkSpace/ttw-differential/cmssw-aug2024/CMSSW_10_4_0/src/CMGTools/TTHAnalysis/data//fakerate/fr_2016APV_2016_recorrected.root to FR_mva085_mu_data_comb_recorrected
Loading FR_mu_i10 from file /nfs/fanae/user/cvico/WorkSpace/ttw-differential/cmssw-aug2024/CMSSW_10_4_0/src/CMGTools/TTHAnalysis/data//fakerate/fr_2016APV_2016_recorrected.root to FR_mva085_mu_data_comb_recorrected_up
Loading FR_mu_i20 from file /nfs/fanae/user/cvico/WorkSpace/ttw-differential/cmssw-aug2024/CMSSW_10_4_0/src/CMGTools/TTHAnalysis/data//fakerate/fr_2016APV_2016_recorrected.root to FR_mva085_mu_data_comb_recorrected_down
Loading FR_el_i10 from file /nfs/fanae/user/cvico/WorkSpace/ttw-differential/cmssw-aug2024/CMSSW_10_4_0/src/CMGTools/TTHAnalysis/data//fakerate/fr_2016APV_2016_recorrected.root to FR_mva090_el_data_comb_NC_recorrected_up
Loading FR_el_i20 from file /nfs/fanae/user/cvico/WorkSpace/ttw-differential/cmssw-aug2024/CMSSW_10_4_0/src/CMGTools/TTHAnalysis/data//fakerate/fr_2016APV_2016_recorrected.root to FR_mva090_el_data_comb_NC_recorrected_down
Loading FR_mu_i50 from file /nfs/fanae/user/cvico/WorkSpace/ttw-differential/cmssw-aug2024/CMSSW_10_4_0/src/CMGTools/TTHAnalysis/data//fakerate/fr_2016APV_2016_recorrected.root to FR_mva085_mu_data_comb_recorrected_be1
Loading FR_mu_i60 from file /nfs/fanae/user/cvico/WorkSpace/ttw-differential/cmssw-aug2024/CMSSW_10_4_0/src/CMGTools/TTHAnalysis/data//fakerate/fr_2016APV_2016_recorrected.root to FR_mva085_mu_data_comb_recorrected_be2
Loading FR_mu_i30 from file /nfs/fanae/user/cvico/WorkSpace/ttw-differential/cmssw-aug2024/CMSSW_10_4_0/src/CMGTools/TTHAnalysis/data//fakerate/fr_2016APV_2016_recorrected.root to FR_mva085_mu_data_comb_recorrected_pt1
Loading FR_mu_i40 from file /nfs/fanae/user/cvico/WorkSpace/ttw-differential/cmssw-aug2024/CMSSW_10_4_0/src/CMGTools/TTHAnalysis/data//fakerate/fr_2016APV_2016_recorrected.root to FR_mva085_mu_data_comb_recorrected_pt2
Loading FR_el_i50 from file /nfs/fanae/user/cvico/WorkSpace/ttw-differential/cmssw-aug2024/CMSSW_10_4_0/src/CMGTools/TTHAnalysis/data//fakerate/fr_2016APV_2016_recorrected.root to FR_mva090_el_data_comb_NC_recorrected_be1
Loading FR_el_i60 from file /nfs/fanae/user/cvico/WorkSpace/ttw-differential/cmssw-aug2024/CMSSW_10_4_0/src/CMGTools/TTHAnalysis/data//fakerate/fr_2016APV_2016_recorrected.root to FR_mva090_el_data_comb_NC_recorrected_be2
Loading FR_el_i70 from file /nfs/fanae/user/cvico/WorkSpace/ttw-differential/cmssw-aug2024/CMSSW_10_4_0/src/CMGTools/TTHAnalysis/data//fakerate/fr_2016APV_2016_recorrected.root to FR_mva090_el_data_comb_NC_recorrected
Loading FR_el_i30 from file /nfs/fanae/user/cvico/WorkSpace/ttw-differential/cmssw-aug2024/CMSSW_10_4_0/src/CMGTools/TTHAnalysis/data//fakerate/fr_2016APV_2016_recorrected.root to FR_mva090_el_data_comb_NC_recorrected_pt1
Loading FR_el_i40 from file /nfs/fanae/user/cvico/WorkSpace/ttw-differential/cmssw-aug2024/CMSSW_10_4_0/src/CMGTools/TTHAnalysis/data//fakerate/fr_2016APV_2016_recorrected.root to FR_mva090_el_data_comb_NC_recorrected_pt2
Loading FR_mu_i70 from file /nfs/fanae/user/cvico/WorkSpace/ttw-differential/cmssw-aug2024/CMSSW_10_4_0/src/CMGTools/TTHAnalysis/data//fakerate/fr_2016APV_2016_recorrected.root to FR_mva085_mu_data_comb_recorrected
Loading FR_mu_i30 from file /nfs/fanae/user/cvico/WorkSpace/ttw-differential/cmssw-aug2024/CMSSW_10_4_0/src/CMGTools/TTHAnalysis/data//fakerate/fr_2016APV_2016_recorrected.root to FR_mva085_mu_data_comb_recorrected_pt1
Loading FR_mu_i40 from file /nfs/fanae/user/cvico/WorkSpace/ttw-differential/cmssw-aug2024/CMSSW_10_4_0/src/CMGTools/TTHAnalysis/data//fakerate/fr_2016APV_2016_recorrected.root to FR_mva085_mu_data_comb_recorrected_pt2
Loading FR_el_i50 from file /nfs/fanae/user/cvico/WorkSpace/ttw-differential/cmssw-aug2024/CMSSW_10_4_0/src/CMGTools/TTHAnalysis/data//fakerate/fr_2016APV_2016_recorrected.root to FR_mva090_el_data_comb_NC_recorrected_be1
Loading FR_el_i60 from file /nfs/fanae/user/cvico/WorkSpace/ttw-differential/cmssw-aug2024/CMSSW_10_4_0/src/CMGTools/TTHAnalysis/data//fakerate/fr_2016APV_2016_recorrected.root to FR_mva090_el_data_comb_NC_recorrected_be2
Loading FR_mu_i10 from file /nfs/fanae/user/cvico/WorkSpace/ttw-differential/cmssw-aug2024/CMSSW_10_4_0/src/CMGTools/TTHAnalysis/data//fakerate/fr_2016APV_2016_recorrected.root to FR_mva085_mu_data_comb_recorrected_up
Loading FR_mu_i20 from file /nfs/fanae/user/cvico/WorkSpace/ttw-differential/cmssw-aug2024/CMSSW_10_4_0/src/CMGTools/TTHAnalysis/data//fakerate/fr_2016APV_2016_recorrected.root to FR_mva085_mu_data_comb_recorrected_down
Loading FR_el_i70 from file /nfs/fanae/user/cvico/WorkSpace/ttw-differential/cmssw-aug2024/CMSSW_10_4_0/src/CMGTools/TTHAnalysis/data//fakerate/fr_2016APV_2016_recorrected.root to FR_mva090_el_data_comb_NC_recorrected
Loading FR_el_i30 from file /nfs/fanae/user/cvico/WorkSpace/ttw-differential/cmssw-aug2024/CMSSW_10_4_0/src/CMGTools/TTHAnalysis/data//fakerate/fr_2016APV_2016_recorrected.root to FR_mva090_el_data_comb_NC_recorrected_pt1
Loading FR_el_i40 from file /nfs/fanae/user/cvico/WorkSpace/ttw-differential/cmssw-aug2024/CMSSW_10_4_0/src/CMGTools/TTHAnalysis/data//fakerate/fr_2016APV_2016_recorrected.root to FR_mva090_el_data_comb_NC_recorrected_pt2
Loading FR_el_i10 from file /nfs/fanae/user/cvico/WorkSpace/ttw-differential/cmssw-aug2024/CMSSW_10_4_0/src/CMGTools/TTHAnalysis/data//fakerate/fr_2016APV_2016_recorrected.root to FR_mva090_el_data_comb_NC_recorrected_up
Loading FR_mu_i70 from file /nfs/fanae/user/cvico/WorkSpace/ttw-differential/cmssw-aug2024/CMSSW_10_4_0/src/CMGTools/TTHAnalysis/data//fakerate/fr_2016APV_2016_recorrected.root to FR_mva085_mu_data_comb_recorrected
Loading FR_el_i20 from file /nfs/fanae/user/cvico/WorkSpace/ttw-differential/cmssw-aug2024/CMSSW_10_4_0/src/CMGTools/TTHAnalysis/data//fakerate/fr_2016APV_2016_recorrected.root to FR_mva090_el_data_comb_NC_recorrected_down
Loading FR_mu_i30 from file /nfs/fanae/user/cvico/WorkSpace/ttw-differential/cmssw-aug2024/CMSSW_10_4_0/src/CMGTools/TTHAnalysis/data//fakerate/fr_2016APV_2016_recorrected.root to FR_mva085_mu_data_comb_recorrected_pt1
Loading FR_mu_i40 from file /nfs/fanae/user/cvico/WorkSpace/ttw-differential/cmssw-aug2024/CMSSW_10_4_0/src/CMGTools/TTHAnalysis/data//fakerate/fr_2016APV_2016_recorrected.root to FR_mva085_mu_data_comb_recorrected_pt2
Loading FR_mu_i50 from file /nfs/fanae/user/cvico/WorkSpace/ttw-differential/cmssw-aug2024/CMSSW_10_4_0/src/CMGTools/TTHAnalysis/data//fakerate/fr_2016APV_2016_recorrected.root to FR_mva085_mu_data_comb_recorrected_be1
Loading FR_el_i50 from file /nfs/fanae/user/cvico/WorkSpace/ttw-differential/cmssw-aug2024/CMSSW_10_4_0/src/CMGTools/TTHAnalysis/data//fakerate/fr_2016APV_2016_recorrected.root to FR_mva090_el_data_comb_NC_recorrected_be1
Loading FR_mu_i60 from file /nfs/fanae/user/cvico/WorkSpace/ttw-differential/cmssw-aug2024/CMSSW_10_4_0/src/CMGTools/TTHAnalysis/data//fakerate/fr_2016APV_2016_recorrected.root to FR_mva085_mu_data_comb_recorrected_be2
Loading FR_el_i60 from file /nfs/fanae/user/cvico/WorkSpace/ttw-differential/cmssw-aug2024/CMSSW_10_4_0/src/CMGTools/TTHAnalysis/data//fakerate/fr_2016APV_2016_recorrected.root to FR_mva090_el_data_comb_NC_recorrected_be2
Loading FR_mu_i10 from file /nfs/fanae/user/cvico/WorkSpace/ttw-differential/cmssw-aug2024/CMSSW_10_4_0/src/CMGTools/TTHAnalysis/data//fakerate/fr_2016APV_2016_recorrected.root to FR_mva085_mu_data_comb_recorrected_up
Loading FR_mu_i20 from file /nfs/fanae/user/cvico/WorkSpace/ttw-differential/cmssw-aug2024/CMSSW_10_4_0/src/CMGTools/TTHAnalysis/data//fakerate/fr_2016APV_2016_recorrected.root to FR_mva085_mu_data_comb_recorrected_down
Loading FR_el_i10 from file /nfs/fanae/user/cvico/WorkSpace/ttw-differential/cmssw-aug2024/CMSSW_10_4_0/src/CMGTools/TTHAnalysis/data//fakerate/fr_2016APV_2016_recorrected.root to FR_mva090_el_data_comb_NC_recorrected_up
Loading FR_el_i20 from file /nfs/fanae/user/cvico/WorkSpace/ttw-differential/cmssw-aug2024/CMSSW_10_4_0/src/CMGTools/TTHAnalysis/data//fakerate/fr_2016APV_2016_recorrected.root to FR_mva090_el_data_comb_NC_recorrected_down
Loading FR_el_i70 from file /nfs/fanae/user/cvico/WorkSpace/ttw-differential/cmssw-aug2024/CMSSW_10_4_0/src/CMGTools/TTHAnalysis/data//fakerate/fr_2016APV_2016_recorrected.root to FR_mva090_el_data_comb_NC_recorrected
Loading FR_el_i30 from file /nfs/fanae/user/cvico/WorkSpace/ttw-differential/cmssw-aug2024/CMSSW_10_4_0/src/CMGTools/TTHAnalysis/data//fakerate/fr_2016APV_2016_recorrected.root to FR_mva090_el_data_comb_NC_recorrected_pt1
Loading FR_el_i40 from file /nfs/fanae/user/cvico/WorkSpace/ttw-differential/cmssw-aug2024/CMSSW_10_4_0/src/CMGTools/TTHAnalysis/data//fakerate/fr_2016APV_2016_recorrected.root to FR_mva090_el_data_comb_NC_recorrected_pt2
Loading FR_mu_i70 from file /nfs/fanae/user/cvico/WorkSpace/ttw-differential/cmssw-aug2024/CMSSW_10_4_0/src/CMGTools/TTHAnalysis/data//fakerate/fr_2016APV_2016_recorrected.root to FR_mva085_mu_data_comb_recorrected
Loading FR_mu_i50 from file /nfs/fanae/user/cvico/WorkSpace/ttw-differential/cmssw-aug2024/CMSSW_10_4_0/src/CMGTools/TTHAnalysis/data//fakerate/fr_2016APV_2016_recorrected.root to FR_mva085_mu_data_comb_recorrected_be1
Loading FR_mu_i60 from file /nfs/fanae/user/cvico/WorkSpace/ttw-differential/cmssw-aug2024/CMSSW_10_4_0/src/CMGTools/TTHAnalysis/data//fakerate/fr_2016APV_2016_recorrected.root to FR_mva085_mu_data_comb_recorrected_be2
Loading FR_mu_i10 from file /nfs/fanae/user/cvico/WorkSpace/ttw-differential/cmssw-aug2024/CMSSW_10_4_0/src/CMGTools/TTHAnalysis/data//fakerate/fr_2016APV_2016_recorrected.root to FR_mva085_mu_data_comb_recorrected_up
Loading FR_mu_i20 from file /nfs/fanae/user/cvico/WorkSpace/ttw-differential/cmssw-aug2024/CMSSW_10_4_0/src/CMGTools/TTHAnalysis/data//fakerate/fr_2016APV_2016_recorrected.root to FR_mva085_mu_data_comb_recorrected_down
Loading FR_el_i10 from file /nfs/fanae/user/cvico/WorkSpace/ttw-differential/cmssw-aug2024/CMSSW_10_4_0/src/CMGTools/TTHAnalysis/data//fakerate/fr_2016APV_2016_recorrected.root to FR_mva090_el_data_comb_NC_recorrected_up
Loading FR_el_i20 from file /nfs/fanae/user/cvico/WorkSpace/ttw-differential/cmssw-aug2024/CMSSW_10_4_0/src/CMGTools/TTHAnalysis/data//fakerate/fr_2016APV_2016_recorrected.root to FR_mva090_el_data_comb_NC_recorrected_down
Loading FR_mu_i50 from file /nfs/fanae/user/cvico/WorkSpace/ttw-differential/cmssw-aug2024/CMSSW_10_4_0/src/CMGTools/TTHAnalysis/data//fakerate/fr_2016APV_2016_recorrected.root to FR_mva085_mu_data_comb_recorrected_be1
Loading FR_mu_i60 from file /nfs/fanae/user/cvico/WorkSpace/ttw-differential/cmssw-aug2024/CMSSW_10_4_0/src/CMGTools/TTHAnalysis/data//fakerate/fr_2016APV_2016_recorrected.root to FR_mva085_mu_data_comb_recorrected_be2
Loading FR_mu_i30 from file /nfs/fanae/user/cvico/WorkSpace/ttw-differential/cmssw-aug2024/CMSSW_10_4_0/src/CMGTools/TTHAnalysis/data//fakerate/fr_2016APV_2016_recorrected.root to FR_mva085_mu_data_comb_recorrected_pt1
Loading FR_mu_i40 from file /nfs/fanae/user/cvico/WorkSpace/ttw-differential/cmssw-aug2024/CMSSW_10_4_0/src/CMGTools/TTHAnalysis/data//fakerate/fr_2016APV_2016_recorrected.root to FR_mva085_mu_data_comb_recorrected_pt2
Loading FR_el_i50 from file /nfs/fanae/user/cvico/WorkSpace/ttw-differential/cmssw-aug2024/CMSSW_10_4_0/src/CMGTools/TTHAnalysis/data//fakerate/fr_2016APV_2016_recorrected.root to FR_mva090_el_data_comb_NC_recorrected_be1
Loading FR_el_i60 from file /nfs/fanae/user/cvico/WorkSpace/ttw-differential/cmssw-aug2024/CMSSW_10_4_0/src/CMGTools/TTHAnalysis/data//fakerate/fr_2016APV_2016_recorrected.root to FR_mva090_el_data_comb_NC_recorrected_be2
Loading FR_el_i70 from file /nfs/fanae/user/cvico/WorkSpace/ttw-differential/cmssw-aug2024/CMSSW_10_4_0/src/CMGTools/TTHAnalysis/data//fakerate/fr_2016APV_2016_recorrected.root to FR_mva090_el_data_comb_NC_recorrected
Loading FR_el_i30 from file /nfs/fanae/user/cvico/WorkSpace/ttw-differential/cmssw-aug2024/CMSSW_10_4_0/src/CMGTools/TTHAnalysis/data//fakerate/fr_2016APV_2016_recorrected.root to FR_mva090_el_data_comb_NC_recorrected_pt1
Loading FR_el_i40 from file /nfs/fanae/user/cvico/WorkSpace/ttw-differential/cmssw-aug2024/CMSSW_10_4_0/src/CMGTools/TTHAnalysis/data//fakerate/fr_2016APV_2016_recorrected.root to FR_mva090_el_data_comb_NC_recorrected_pt2
Loading FR_mu_i70 from file /nfs/fanae/user/cvico/WorkSpace/ttw-differential/cmssw-aug2024/CMSSW_10_4_0/src/CMGTools/TTHAnalysis/data//fakerate/fr_2016APV_2016_recorrected.root to FR_mva085_mu_data_comb_recorrected
Loading FR_mu_i10 from file /nfs/fanae/user/cvico/WorkSpace/ttw-differential/cmssw-aug2024/CMSSW_10_4_0/src/CMGTools/TTHAnalysis/data//fakerate/fr_2016APV_2016_recorrected.root to FR_mva085_mu_data_comb_recorrected_up
Loading FR_mu_i20 from file /nfs/fanae/user/cvico/WorkSpace/ttw-differential/cmssw-aug2024/CMSSW_10_4_0/src/CMGTools/TTHAnalysis/data//fakerate/fr_2016APV_2016_recorrected.root to FR_mva085_mu_data_comb_recorrected_down
Loading FR_el_i10 from file /nfs/fanae/user/cvico/WorkSpace/ttw-differential/cmssw-aug2024/CMSSW_10_4_0/src/CMGTools/TTHAnalysis/data//fakerate/fr_2016APV_2016_recorrected.root to FR_mva090_el_data_comb_NC_recorrected_up
Loading FR_el_i20 from file /nfs/fanae/user/cvico/WorkSpace/ttw-differential/cmssw-aug2024/CMSSW_10_4_0/src/CMGTools/TTHAnalysis/data//fakerate/fr_2016APV_2016_recorrected.root to FR_mva090_el_data_comb_NC_recorrected_down
Loading FR_mu_i50 from file /nfs/fanae/user/cvico/WorkSpace/ttw-differential/cmssw-aug2024/CMSSW_10_4_0/src/CMGTools/TTHAnalysis/data//fakerate/fr_2016APV_2016_recorrected.root to FR_mva085_mu_data_comb_recorrected_be1
Loading FR_mu_i60 from file /nfs/fanae/user/cvico/WorkSpace/ttw-differential/cmssw-aug2024/CMSSW_10_4_0/src/CMGTools/TTHAnalysis/data//fakerate/fr_2016APV_2016_recorrected.root to FR_mva085_mu_data_comb_recorrected_be2
Loading FR_mu_i30 from file /nfs/fanae/user/cvico/WorkSpace/ttw-differential/cmssw-aug2024/CMSSW_10_4_0/src/CMGTools/TTHAnalysis/data//fakerate/fr_2016APV_2016_recorrected.root to FR_mva085_mu_data_comb_recorrected_pt1
Loading FR_mu_i40 from file /nfs/fanae/user/cvico/WorkSpace/ttw-differential/cmssw-aug2024/CMSSW_10_4_0/src/CMGTools/TTHAnalysis/data//fakerate/fr_2016APV_2016_recorrected.root to FR_mva085_mu_data_comb_recorrected_pt2
Loading FR_el_i50 from file /nfs/fanae/user/cvico/WorkSpace/ttw-differential/cmssw-aug2024/CMSSW_10_4_0/src/CMGTools/TTHAnalysis/data//fakerate/fr_2016APV_2016_recorrected.root to FR_mva090_el_data_comb_NC_recorrected_be1
Loading FR_el_i60 from file /nfs/fanae/user/cvico/WorkSpace/ttw-differential/cmssw-aug2024/CMSSW_10_4_0/src/CMGTools/TTHAnalysis/data//fakerate/fr_2016APV_2016_recorrected.root to FR_mva090_el_data_comb_NC_recorrected_be2
Loading FR_el_i70 from file /nfs/fanae/user/cvico/WorkSpace/ttw-differential/cmssw-aug2024/CMSSW_10_4_0/src/CMGTools/TTHAnalysis/data//fakerate/fr_2016APV_2016_recorrected.root to FR_mva090_el_data_comb_NC_recorrected
Loading FR_el_i30 from file /nfs/fanae/user/cvico/WorkSpace/ttw-differential/cmssw-aug2024/CMSSW_10_4_0/src/CMGTools/TTHAnalysis/data//fakerate/fr_2016APV_2016_recorrected.root to FR_mva090_el_data_comb_NC_recorrected_pt1
Loading FR_el_i40 from file /nfs/fanae/user/cvico/WorkSpace/ttw-differential/cmssw-aug2024/CMSSW_10_4_0/src/CMGTools/TTHAnalysis/data//fakerate/fr_2016APV_2016_recorrected.root to FR_mva090_el_data_comb_NC_recorrected_pt2
Loading FR_mu_i70 from file /nfs/fanae/user/cvico/WorkSpace/ttw-differential/cmssw-aug2024/CMSSW_10_4_0/src/CMGTools/TTHAnalysis/data//fakerate/fr_2016APV_2016_recorrected.root to FR_mva085_mu_data_comb_recorrected
Loading FR_mu_i10 from file /nfs/fanae/user/cvico/WorkSpace/ttw-differential/cmssw-aug2024/CMSSW_10_4_0/src/CMGTools/TTHAnalysis/data//fakerate/fr_2016APV_2016_recorrected.root to FR_mva085_mu_data_comb_recorrected_up
Loading FR_mu_i20 from file /nfs/fanae/user/cvico/WorkSpace/ttw-differential/cmssw-aug2024/CMSSW_10_4_0/src/CMGTools/TTHAnalysis/data//fakerate/fr_2016APV_2016_recorrected.root to FR_mva085_mu_data_comb_recorrected_down
Loading FR_mu_i30 from file /nfs/fanae/user/cvico/WorkSpace/ttw-differential/cmssw-aug2024/CMSSW_10_4_0/src/CMGTools/TTHAnalysis/data//fakerate/fr_2016APV_2016_recorrected.root to FR_mva085_mu_data_comb_recorrected_pt1
Loading FR_mu_i40 from file /nfs/fanae/user/cvico/WorkSpace/ttw-differential/cmssw-aug2024/CMSSW_10_4_0/src/CMGTools/TTHAnalysis/data//fakerate/fr_2016APV_2016_recorrected.root to FR_mva085_mu_data_comb_recorrected_pt2
Loading FR_el_i50 from file /nfs/fanae/user/cvico/WorkSpace/ttw-differential/cmssw-aug2024/CMSSW_10_4_0/src/CMGTools/TTHAnalysis/data//fakerate/fr_2016APV_2016_recorrected.root to FR_mva090_el_data_comb_NC_recorrected_be1
Loading FR_el_i60 from file /nfs/fanae/user/cvico/WorkSpace/ttw-differential/cmssw-aug2024/CMSSW_10_4_0/src/CMGTools/TTHAnalysis/data//fakerate/fr_2016APV_2016_recorrected.root to FR_mva090_el_data_comb_NC_recorrected_be2
Loading FR_el_i10 from file /nfs/fanae/user/cvico/WorkSpace/ttw-differential/cmssw-aug2024/CMSSW_10_4_0/src/CMGTools/TTHAnalysis/data//fakerate/fr_2016APV_2016_recorrected.root to FR_mva090_el_data_comb_NC_recorrected_up
Loading FR_el_i20 from file /nfs/fanae/user/cvico/WorkSpace/ttw-differential/cmssw-aug2024/CMSSW_10_4_0/src/CMGTools/TTHAnalysis/data//fakerate/fr_2016APV_2016_recorrected.root to FR_mva090_el_data_comb_NC_recorrected_down
Loading FR_mu_i50 from file /nfs/fanae/user/cvico/WorkSpace/ttw-differential/cmssw-aug2024/CMSSW_10_4_0/src/CMGTools/TTHAnalysis/data//fakerate/fr_2016APV_2016_recorrected.root to FR_mva085_mu_data_comb_recorrected_be1
Loading FR_mu_i60 from file /nfs/fanae/user/cvico/WorkSpace/ttw-differential/cmssw-aug2024/CMSSW_10_4_0/src/CMGTools/TTHAnalysis/data//fakerate/fr_2016APV_2016_recorrected.root to FR_mva085_mu_data_comb_recorrected_be2
Loading FR_el_i70 from file /nfs/fanae/user/cvico/WorkSpace/ttw-differential/cmssw-aug2024/CMSSW_10_4_0/src/CMGTools/TTHAnalysis/data//fakerate/fr_2016APV_2016_recorrected.root to FR_mva090_el_data_comb_NC_recorrected
Loading FR_el_i30 from file /nfs/fanae/user/cvico/WorkSpace/ttw-differential/cmssw-aug2024/CMSSW_10_4_0/src/CMGTools/TTHAnalysis/data//fakerate/fr_2016APV_2016_recorrected.root to FR_mva090_el_data_comb_NC_recorrected_pt1
Loading FR_el_i40 from file /nfs/fanae/user/cvico/WorkSpace/ttw-differential/cmssw-aug2024/CMSSW_10_4_0/src/CMGTools/TTHAnalysis/data//fakerate/fr_2016APV_2016_recorrected.root to FR_mva090_el_data_comb_NC_recorrected_pt2
Loading FR_mu_i70 from file /nfs/fanae/user/cvico/WorkSpace/ttw-differential/cmssw-aug2024/CMSSW_10_4_0/src/CMGTools/TTHAnalysis/data//fakerate/fr_2016APV_2016_recorrected.root to FR_mva085_mu_data_comb_recorrected
Loading FR_mu_i10 from file /nfs/fanae/user/cvico/WorkSpace/ttw-differential/cmssw-aug2024/CMSSW_10_4_0/src/CMGTools/TTHAnalysis/data//fakerate/fr_2016APV_2016_recorrected.root to FR_mva085_mu_data_comb_recorrected_up
Loading FR_mu_i20 from file /nfs/fanae/user/cvico/WorkSpace/ttw-differential/cmssw-aug2024/CMSSW_10_4_0/src/CMGTools/TTHAnalysis/data//fakerate/fr_2016APV_2016_recorrected.root to FR_mva085_mu_data_comb_recorrected_down
Loading FR_el_i10 from file /nfs/fanae/user/cvico/WorkSpace/ttw-differential/cmssw-aug2024/CMSSW_10_4_0/src/CMGTools/TTHAnalysis/data//fakerate/fr_2016APV_2016_recorrected.root to FR_mva090_el_data_comb_NC_recorrected_up
Loading FR_el_i20 from file /nfs/fanae/user/cvico/WorkSpace/ttw-differential/cmssw-aug2024/CMSSW_10_4_0/src/CMGTools/TTHAnalysis/data//fakerate/fr_2016APV_2016_recorrected.root to FR_mva090_el_data_comb_NC_recorrected_down
Loading FR_mu_i50 from file /nfs/fanae/user/cvico/WorkSpace/ttw-differential/cmssw-aug2024/CMSSW_10_4_0/src/CMGTools/TTHAnalysis/data//fakerate/fr_2016APV_2016_recorrected.root to FR_mva085_mu_data_comb_recorrected_be1
Loading FR_mu_i60 from file /nfs/fanae/user/cvico/WorkSpace/ttw-differential/cmssw-aug2024/CMSSW_10_4_0/src/CMGTools/TTHAnalysis/data//fakerate/fr_2016APV_2016_recorrected.root to FR_mva085_mu_data_comb_recorrected_be2
Loading FR_mu_i30 from file /nfs/fanae/user/cvico/WorkSpace/ttw-differential/cmssw-aug2024/CMSSW_10_4_0/src/CMGTools/TTHAnalysis/data//fakerate/fr_2016APV_2016_recorrected.root to FR_mva085_mu_data_comb_recorrected_pt1
Loading FR_mu_i40 from file /nfs/fanae/user/cvico/WorkSpace/ttw-differential/cmssw-aug2024/CMSSW_10_4_0/src/CMGTools/TTHAnalysis/data//fakerate/fr_2016APV_2016_recorrected.root to FR_mva085_mu_data_comb_recorrected_pt2
Loading FR_el_i50 from file /nfs/fanae/user/cvico/WorkSpace/ttw-differential/cmssw-aug2024/CMSSW_10_4_0/src/CMGTools/TTHAnalysis/data//fakerate/fr_2016APV_2016_recorrected.root to FR_mva090_el_data_comb_NC_recorrected_be1
Loading FR_el_i60 from file /nfs/fanae/user/cvico/WorkSpace/ttw-differential/cmssw-aug2024/CMSSW_10_4_0/src/CMGTools/TTHAnalysis/data//fakerate/fr_2016APV_2016_recorrected.root to FR_mva090_el_data_comb_NC_recorrected_be2
Loading FR_mu_i30 from file /nfs/fanae/user/cvico/WorkSpace/ttw-differential/cmssw-aug2024/CMSSW_10_4_0/src/CMGTools/TTHAnalysis/data//fakerate/fr_2016APV_2016_recorrected.root to FR_mva085_mu_data_comb_recorrected_pt1
Loading FR_mu_i40 from file /nfs/fanae/user/cvico/WorkSpace/ttw-differential/cmssw-aug2024/CMSSW_10_4_0/src/CMGTools/TTHAnalysis/data//fakerate/fr_2016APV_2016_recorrected.root to FR_mva085_mu_data_comb_recorrected_pt2
Loading FR_el_i50 from file /nfs/fanae/user/cvico/WorkSpace/ttw-differential/cmssw-aug2024/CMSSW_10_4_0/src/CMGTools/TTHAnalysis/data//fakerate/fr_2016APV_2016_recorrected.root to FR_mva090_el_data_comb_NC_recorrected_be1
Loading FR_el_i60 from file /nfs/fanae/user/cvico/WorkSpace/ttw-differential/cmssw-aug2024/CMSSW_10_4_0/src/CMGTools/TTHAnalysis/data//fakerate/fr_2016APV_2016_recorrected.root to FR_mva090_el_data_comb_NC_recorrected_be2
Loading FR_el_i70 from file /nfs/fanae/user/cvico/WorkSpace/ttw-differential/cmssw-aug2024/CMSSW_10_4_0/src/CMGTools/TTHAnalysis/data//fakerate/fr_2016APV_2016_recorrected.root to FR_mva090_el_data_comb_NC_recorrected
Loading FR_el_i30 from file /nfs/fanae/user/cvico/WorkSpace/ttw-differential/cmssw-aug2024/CMSSW_10_4_0/src/CMGTools/TTHAnalysis/data//fakerate/fr_2016APV_2016_recorrected.root to FR_mva090_el_data_comb_NC_recorrected_pt1
Loading FR_el_i40 from file /nfs/fanae/user/cvico/WorkSpace/ttw-differential/cmssw-aug2024/CMSSW_10_4_0/src/CMGTools/TTHAnalysis/data//fakerate/fr_2016APV_2016_recorrected.root to FR_mva090_el_data_comb_NC_recorrected_pt2
Loading FR_mu_i70 from file /nfs/fanae/user/cvico/WorkSpace/ttw-differential/cmssw-aug2024/CMSSW_10_4_0/src/CMGTools/TTHAnalysis/data//fakerate/fr_2016APV_2016_recorrected.root to FR_mva085_mu_data_comb_recorrected
Loading FR_el_i70 from file /nfs/fanae/user/cvico/WorkSpace/ttw-differential/cmssw-aug2024/CMSSW_10_4_0/src/CMGTools/TTHAnalysis/data//fakerate/fr_2016APV_2016_recorrected.root to FR_mva090_el_data_comb_NC_recorrected
Loading FR_el_i30 from file /nfs/fanae/user/cvico/WorkSpace/ttw-differential/cmssw-aug2024/CMSSW_10_4_0/src/CMGTools/TTHAnalysis/data//fakerate/fr_2016APV_2016_recorrected.root to FR_mva090_el_data_comb_NC_recorrected_pt1
Loading FR_el_i40 from file /nfs/fanae/user/cvico/WorkSpace/ttw-differential/cmssw-aug2024/CMSSW_10_4_0/src/CMGTools/TTHAnalysis/data//fakerate/fr_2016APV_2016_recorrected.root to FR_mva090_el_data_comb_NC_recorrected_pt2
Loading FR_mu_i70 from file /nfs/fanae/user/cvico/WorkSpace/ttw-differential/cmssw-aug2024/CMSSW_10_4_0/src/CMGTools/TTHAnalysis/data//fakerate/fr_2016APV_2016_recorrected.root to FR_mva085_mu_data_comb_recorrected
Loading FR_mu_i10 from file /nfs/fanae/user/cvico/WorkSpace/ttw-differential/cmssw-aug2024/CMSSW_10_4_0/src/CMGTools/TTHAnalysis/data//fakerate/fr_2016APV_2016_recorrected.root to FR_mva085_mu_data_comb_recorrected_up
Loading FR_mu_i20 from file /nfs/fanae/user/cvico/WorkSpace/ttw-differential/cmssw-aug2024/CMSSW_10_4_0/src/CMGTools/TTHAnalysis/data//fakerate/fr_2016APV_2016_recorrected.root to FR_mva085_mu_data_comb_recorrected_down
Loading FR_el_i10 from file /nfs/fanae/user/cvico/WorkSpace/ttw-differential/cmssw-aug2024/CMSSW_10_4_0/src/CMGTools/TTHAnalysis/data//fakerate/fr_2016APV_2016_recorrected.root to FR_mva090_el_data_comb_NC_recorrected_up
Loading FR_el_i20 from file /nfs/fanae/user/cvico/WorkSpace/ttw-differential/cmssw-aug2024/CMSSW_10_4_0/src/CMGTools/TTHAnalysis/data//fakerate/fr_2016APV_2016_recorrected.root to FR_mva090_el_data_comb_NC_recorrected_down
Loading FR_mu_i10 from file /nfs/fanae/user/cvico/WorkSpace/ttw-differential/cmssw-aug2024/CMSSW_10_4_0/src/CMGTools/TTHAnalysis/data//fakerate/fr_2016APV_2016_recorrected.root to FR_mva085_mu_data_comb_recorrected_up
Loading FR_mu_i20 from file /nfs/fanae/user/cvico/WorkSpace/ttw-differential/cmssw-aug2024/CMSSW_10_4_0/src/CMGTools/TTHAnalysis/data//fakerate/fr_2016APV_2016_recorrected.root to FR_mva085_mu_data_comb_recorrected_down
Loading FR_mu_i50 from file /nfs/fanae/user/cvico/WorkSpace/ttw-differential/cmssw-aug2024/CMSSW_10_4_0/src/CMGTools/TTHAnalysis/data//fakerate/fr_2016APV_2016_recorrected.root to FR_mva085_mu_data_comb_recorrected_be1
Loading FR_el_i10 from file /nfs/fanae/user/cvico/WorkSpace/ttw-differential/cmssw-aug2024/CMSSW_10_4_0/src/CMGTools/TTHAnalysis/data//fakerate/fr_2016APV_2016_recorrected.root to FR_mva090_el_data_comb_NC_recorrected_up
Loading FR_mu_i60 from file /nfs/fanae/user/cvico/WorkSpace/ttw-differential/cmssw-aug2024/CMSSW_10_4_0/src/CMGTools/TTHAnalysis/data//fakerate/fr_2016APV_2016_recorrected.root to FR_mva085_mu_data_comb_recorrected_be2
Loading FR_el_i20 from file /nfs/fanae/user/cvico/WorkSpace/ttw-differential/cmssw-aug2024/CMSSW_10_4_0/src/CMGTools/TTHAnalysis/data//fakerate/fr_2016APV_2016_recorrected.root to FR_mva090_el_data_comb_NC_recorrected_down
Loading FR_mu_i50 from file /nfs/fanae/user/cvico/WorkSpace/ttw-differential/cmssw-aug2024/CMSSW_10_4_0/src/CMGTools/TTHAnalysis/data//fakerate/fr_2016APV_2016_recorrected.root to FR_mva085_mu_data_comb_recorrected_be1
Loading FR_mu_i60 from file /nfs/fanae/user/cvico/WorkSpace/ttw-differential/cmssw-aug2024/CMSSW_10_4_0/src/CMGTools/TTHAnalysis/data//fakerate/fr_2016APV_2016_recorrected.root to FR_mva085_mu_data_comb_recorrected_be2
Loading FR_mu_i70 from file /nfs/fanae/user/cvico/WorkSpace/ttw-differential/cmssw-aug2024/CMSSW_10_4_0/src/CMGTools/TTHAnalysis/data//fakerate/fr_2016APV_2016_recorrected.root to FR_mva085_mu_data_comb_recorrected
Loading FR_mu_i10 from file /nfs/fanae/user/cvico/WorkSpace/ttw-differential/cmssw-aug2024/CMSSW_10_4_0/src/CMGTools/TTHAnalysis/data//fakerate/fr_2016APV_2016_recorrected.root to FR_mva085_mu_data_comb_recorrected_up
Loading FR_mu_i20 from file /nfs/fanae/user/cvico/WorkSpace/ttw-differential/cmssw-aug2024/CMSSW_10_4_0/src/CMGTools/TTHAnalysis/data//fakerate/fr_2016APV_2016_recorrected.root to FR_mva085_mu_data_comb_recorrected_down
Loading FR_mu_i50 from file /nfs/fanae/user/cvico/WorkSpace/ttw-differential/cmssw-aug2024/CMSSW_10_4_0/src/CMGTools/TTHAnalysis/data//fakerate/fr_2016APV_2016_recorrected.root to FR_mva085_mu_data_comb_recorrected_be1
Loading FR_mu_i60 from file /nfs/fanae/user/cvico/WorkSpace/ttw-differential/cmssw-aug2024/CMSSW_10_4_0/src/CMGTools/TTHAnalysis/data//fakerate/fr_2016APV_2016_recorrected.root to FR_mva085_mu_data_comb_recorrected_be2
Loading FR_mu_i30 from file /nfs/fanae/user/cvico/WorkSpace/ttw-differential/cmssw-aug2024/CMSSW_10_4_0/src/CMGTools/TTHAnalysis/data//fakerate/fr_2016APV_2016_recorrected.root to FR_mva085_mu_data_comb_recorrected_pt1
Loading FR_mu_i40 from file /nfs/fanae/user/cvico/WorkSpace/ttw-differential/cmssw-aug2024/CMSSW_10_4_0/src/CMGTools/TTHAnalysis/data//fakerate/fr_2016APV_2016_recorrected.root to FR_mva085_mu_data_comb_recorrected_pt2
Loading FR_mu_i70 from file /nfs/fanae/user/cvico/WorkSpace/ttw-differential/cmssw-aug2024/CMSSW_10_4_0/src/CMGTools/TTHAnalysis/data//fakerate/fr_2016APV_2016_recorrected.root to FR_mva085_mu_data_comb_recorrected
Loading FR_el_i70 from file /nfs/fanae/user/cvico/WorkSpace/ttw-differential/cmssw-aug2024/CMSSW_10_4_0/src/CMGTools/TTHAnalysis/data//fakerate/fr_2016APV_2016_recorrected.root to FR_mva090_el_data_comb_NC_recorrected
Loading FR_mu_i70 from file /nfs/fanae/user/cvico/WorkSpace/ttw-differential/cmssw-aug2024/CMSSW_10_4_0/src/CMGTools/TTHAnalysis/data//fakerate/fr_2016APV_2016_recorrected.root to FR_mva085_mu_data_comb_recorrected
Loading FR_mu_i10 from file /nfs/fanae/user/cvico/WorkSpace/ttw-differential/cmssw-aug2024/CMSSW_10_4_0/src/CMGTools/TTHAnalysis/data//fakerate/fr_2016APV_2016_recorrected.root to FR_mva085_mu_data_comb_recorrected_up
Loading FR_mu_i70 from file /nfs/fanae/user/cvico/WorkSpace/ttw-differential/cmssw-aug2024/CMSSW_10_4_0/src/CMGTools/TTHAnalysis/data//fakerate/fr_2016APV_2016_recorrected.root to FR_mva085_mu_data_comb_recorrected
Loading FR_el_i50 from file /nfs/fanae/user/cvico/WorkSpace/ttw-differential/cmssw-aug2024/CMSSW_10_4_0/src/CMGTools/TTHAnalysis/data//fakerate/fr_2016APV_2016_recorrected.root to FR_mva090_el_data_comb_NC_recorrected_be1
Loading FR_mu_i10 from file /nfs/fanae/user/cvico/WorkSpace/ttw-differential/cmssw-aug2024/CMSSW_10_4_0/src/CMGTools/TTHAnalysis/data//fakerate/fr_2016APV_2016_recorrected.root to FR_mva085_mu_data_comb_recorrected_up
Loading FR_mu_i20 from file /nfs/fanae/user/cvico/WorkSpace/ttw-differential/cmssw-aug2024/CMSSW_10_4_0/src/CMGTools/TTHAnalysis/data//fakerate/fr_2016APV_2016_recorrected.root to FR_mva085_mu_data_comb_recorrected_down
Loading FR_el_i60 from file /nfs/fanae/user/cvico/WorkSpace/ttw-differential/cmssw-aug2024/CMSSW_10_4_0/src/CMGTools/TTHAnalysis/data//fakerate/fr_2016APV_2016_recorrected.root to FR_mva090_el_data_comb_NC_recorrected_be2
Loading FR_mu_i10 from file /nfs/fanae/user/cvico/WorkSpace/ttw-differential/cmssw-aug2024/CMSSW_10_4_0/src/CMGTools/TTHAnalysis/data//fakerate/fr_2016APV_2016_recorrected.root to FR_mva085_mu_data_comb_recorrected_up
Loading FR_mu_i20 from file /nfs/fanae/user/cvico/WorkSpace/ttw-differential/cmssw-aug2024/CMSSW_10_4_0/src/CMGTools/TTHAnalysis/data//fakerate/fr_2016APV_2016_recorrected.root to FR_mva085_mu_data_comb_recorrected_down
Loading FR_mu_i50 from file /nfs/fanae/user/cvico/WorkSpace/ttw-differential/cmssw-aug2024/CMSSW_10_4_0/src/CMGTools/TTHAnalysis/data//fakerate/fr_2016APV_2016_recorrected.root to FR_mva085_mu_data_comb_recorrected_be1
Loading FR_el_i30 from file /nfs/fanae/user/cvico/WorkSpace/ttw-differential/cmssw-aug2024/CMSSW_10_4_0/src/CMGTools/TTHAnalysis/data//fakerate/fr_2016APV_2016_recorrected.root to FR_mva090_el_data_comb_NC_recorrected_pt1
Loading FR_mu_i20 from file /nfs/fanae/user/cvico/WorkSpace/ttw-differential/cmssw-aug2024/CMSSW_10_4_0/src/CMGTools/TTHAnalysis/data//fakerate/fr_2016APV_2016_recorrected.root to FR_mva085_mu_data_comb_recorrected_down
Loading FR_mu_i50 from file /nfs/fanae/user/cvico/WorkSpace/ttw-differential/cmssw-aug2024/CMSSW_10_4_0/src/CMGTools/TTHAnalysis/data//fakerate/fr_2016APV_2016_recorrected.root to FR_mva085_mu_data_comb_recorrected_be1
Loading FR_mu_i60 from file /nfs/fanae/user/cvico/WorkSpace/ttw-differential/cmssw-aug2024/CMSSW_10_4_0/src/CMGTools/TTHAnalysis/data//fakerate/fr_2016APV_2016_recorrected.root to FR_mva085_mu_data_comb_recorrected_be2
Loading FR_el_i40 from file /nfs/fanae/user/cvico/WorkSpace/ttw-differential/cmssw-aug2024/CMSSW_10_4_0/src/CMGTools/TTHAnalysis/data//fakerate/fr_2016APV_2016_recorrected.root to FR_mva090_el_data_comb_NC_recorrected_pt2
Loading FR_mu_i50 from file /nfs/fanae/user/cvico/WorkSpace/ttw-differential/cmssw-aug2024/CMSSW_10_4_0/src/CMGTools/TTHAnalysis/data//fakerate/fr_2016APV_2016_recorrected.root to FR_mva085_mu_data_comb_recorrected_be1
Loading FR_mu_i60 from file /nfs/fanae/user/cvico/WorkSpace/ttw-differential/cmssw-aug2024/CMSSW_10_4_0/src/CMGTools/TTHAnalysis/data//fakerate/fr_2016APV_2016_recorrected.root to FR_mva085_mu_data_comb_recorrected_be2
Loading FR_mu_i30 from file /nfs/fanae/user/cvico/WorkSpace/ttw-differential/cmssw-aug2024/CMSSW_10_4_0/src/CMGTools/TTHAnalysis/data//fakerate/fr_2016APV_2016_recorrected.root to FR_mva085_mu_data_comb_recorrected_pt1
Loading FR_el_i10 from file /nfs/fanae/user/cvico/WorkSpace/ttw-differential/cmssw-aug2024/CMSSW_10_4_0/src/CMGTools/TTHAnalysis/data//fakerate/fr_2016APV_2016_recorrected.root to FR_mva090_el_data_comb_NC_recorrected_up
Loading FR_mu_i70 from file /nfs/fanae/user/cvico/WorkSpace/ttw-differential/cmssw-aug2024/CMSSW_10_4_0/src/CMGTools/TTHAnalysis/data//fakerate/fr_2016APV_2016_recorrected.root to FR_mva085_mu_data_comb_recorrected
Loading FR_mu_i60 from file /nfs/fanae/user/cvico/WorkSpace/ttw-differential/cmssw-aug2024/CMSSW_10_4_0/src/CMGTools/TTHAnalysis/data//fakerate/fr_2016APV_2016_recorrected.root to FR_mva085_mu_data_comb_recorrected_be2
Loading FR_mu_i30 from file /nfs/fanae/user/cvico/WorkSpace/ttw-differential/cmssw-aug2024/CMSSW_10_4_0/src/CMGTools/TTHAnalysis/data//fakerate/fr_2016APV_2016_recorrected.root to FR_mva085_mu_data_comb_recorrected_pt1
Loading FR_mu_i40 from file /nfs/fanae/user/cvico/WorkSpace/ttw-differential/cmssw-aug2024/CMSSW_10_4_0/src/CMGTools/TTHAnalysis/data//fakerate/fr_2016APV_2016_recorrected.root to FR_mva085_mu_data_comb_recorrected_pt2
Loading FR_el_i20 from file /nfs/fanae/user/cvico/WorkSpace/ttw-differential/cmssw-aug2024/CMSSW_10_4_0/src/CMGTools/TTHAnalysis/data//fakerate/fr_2016APV_2016_recorrected.root to FR_mva090_el_data_comb_NC_recorrected_down
Loading FR_mu_i30 from file /nfs/fanae/user/cvico/WorkSpace/ttw-differential/cmssw-aug2024/CMSSW_10_4_0/src/CMGTools/TTHAnalysis/data//fakerate/fr_2016APV_2016_recorrected.root to FR_mva085_mu_data_comb_recorrected_pt1
Loading FR_mu_i40 from file /nfs/fanae/user/cvico/WorkSpace/ttw-differential/cmssw-aug2024/CMSSW_10_4_0/src/CMGTools/TTHAnalysis/data//fakerate/fr_2016APV_2016_recorrected.root to FR_mva085_mu_data_comb_recorrected_pt2
Loading FR_mu_i10 from file /nfs/fanae/user/cvico/WorkSpace/ttw-differential/cmssw-aug2024/CMSSW_10_4_0/src/CMGTools/TTHAnalysis/data//fakerate/fr_2016APV_2016_recorrected.root to FR_mva085_mu_data_comb_recorrected_up
Loading FR_el_i70 from file /nfs/fanae/user/cvico/WorkSpace/ttw-differential/cmssw-aug2024/CMSSW_10_4_0/src/CMGTools/TTHAnalysis/data//fakerate/fr_2016APV_2016_recorrected.root to FR_mva090_el_data_comb_NC_recorrected
Loading FR_el_i70 from file /nfs/fanae/user/cvico/WorkSpace/ttw-differential/cmssw-aug2024/CMSSW_10_4_0/src/CMGTools/TTHAnalysis/data//fakerate/fr_2016APV_2016_recorrected.root to FR_mva090_el_data_comb_NC_recorrected
Loading FR_mu_i40 from file /nfs/fanae/user/cvico/WorkSpace/ttw-differential/cmssw-aug2024/CMSSW_10_4_0/src/CMGTools/TTHAnalysis/data//fakerate/fr_2016APV_2016_recorrected.root to FR_mva085_mu_data_comb_recorrected_pt2
Loading FR_mu_i20 from file /nfs/fanae/user/cvico/WorkSpace/ttw-differential/cmssw-aug2024/CMSSW_10_4_0/src/CMGTools/TTHAnalysis/data//fakerate/fr_2016APV_2016_recorrected.root to FR_mva085_mu_data_comb_recorrected_down
Loading FR_el_i50 from file /nfs/fanae/user/cvico/WorkSpace/ttw-differential/cmssw-aug2024/CMSSW_10_4_0/src/CMGTools/TTHAnalysis/data//fakerate/fr_2016APV_2016_recorrected.root to FR_mva090_el_data_comb_NC_recorrected_be1
Loading FR_el_i70 from file /nfs/fanae/user/cvico/WorkSpace/ttw-differential/cmssw-aug2024/CMSSW_10_4_0/src/CMGTools/TTHAnalysis/data//fakerate/fr_2016APV_2016_recorrected.root to FR_mva090_el_data_comb_NC_recorrected
Loading FR_el_i50 from file /nfs/fanae/user/cvico/WorkSpace/ttw-differential/cmssw-aug2024/CMSSW_10_4_0/src/CMGTools/TTHAnalysis/data//fakerate/fr_2016APV_2016_recorrected.root to FR_mva090_el_data_comb_NC_recorrected_be1
Loading FR_mu_i50 from file /nfs/fanae/user/cvico/WorkSpace/ttw-differential/cmssw-aug2024/CMSSW_10_4_0/src/CMGTools/TTHAnalysis/data//fakerate/fr_2016APV_2016_recorrected.root to FR_mva085_mu_data_comb_recorrected_be1
Loading FR_el_i60 from file /nfs/fanae/user/cvico/WorkSpace/ttw-differential/cmssw-aug2024/CMSSW_10_4_0/src/CMGTools/TTHAnalysis/data//fakerate/fr_2016APV_2016_recorrected.root to FR_mva090_el_data_comb_NC_recorrected_be2
Loading FR_el_i60 from file /nfs/fanae/user/cvico/WorkSpace/ttw-differential/cmssw-aug2024/CMSSW_10_4_0/src/CMGTools/TTHAnalysis/data//fakerate/fr_2016APV_2016_recorrected.root to FR_mva090_el_data_comb_NC_recorrected_be2
Loading FR_mu_i60 from file /nfs/fanae/user/cvico/WorkSpace/ttw-differential/cmssw-aug2024/CMSSW_10_4_0/src/CMGTools/TTHAnalysis/data//fakerate/fr_2016APV_2016_recorrected.root to FR_mva085_mu_data_comb_recorrected_be2
Loading FR_el_i50 from file /nfs/fanae/user/cvico/WorkSpace/ttw-differential/cmssw-aug2024/CMSSW_10_4_0/src/CMGTools/TTHAnalysis/data//fakerate/fr_2016APV_2016_recorrected.root to FR_mva090_el_data_comb_NC_recorrected_be1
Loading FR_el_i30 from file /nfs/fanae/user/cvico/WorkSpace/ttw-differential/cmssw-aug2024/CMSSW_10_4_0/src/CMGTools/TTHAnalysis/data//fakerate/fr_2016APV_2016_recorrected.root to FR_mva090_el_data_comb_NC_recorrected_pt1
Loading FR_el_i30 from file /nfs/fanae/user/cvico/WorkSpace/ttw-differential/cmssw-aug2024/CMSSW_10_4_0/src/CMGTools/TTHAnalysis/data//fakerate/fr_2016APV_2016_recorrected.root to FR_mva090_el_data_comb_NC_recorrected_pt1
Loading FR_el_i60 from file /nfs/fanae/user/cvico/WorkSpace/ttw-differential/cmssw-aug2024/CMSSW_10_4_0/src/CMGTools/TTHAnalysis/data//fakerate/fr_2016APV_2016_recorrected.root to FR_mva090_el_data_comb_NC_recorrected_be2
Loading FR_mu_i30 from file /nfs/fanae/user/cvico/WorkSpace/ttw-differential/cmssw-aug2024/CMSSW_10_4_0/src/CMGTools/TTHAnalysis/data//fakerate/fr_2016APV_2016_recorrected.root to FR_mva085_mu_data_comb_recorrected_pt1
Loading FR_el_i40 from file /nfs/fanae/user/cvico/WorkSpace/ttw-differential/cmssw-aug2024/CMSSW_10_4_0/src/CMGTools/TTHAnalysis/data//fakerate/fr_2016APV_2016_recorrected.root to FR_mva090_el_data_comb_NC_recorrected_pt2
Loading FR_el_i40 from file /nfs/fanae/user/cvico/WorkSpace/ttw-differential/cmssw-aug2024/CMSSW_10_4_0/src/CMGTools/TTHAnalysis/data//fakerate/fr_2016APV_2016_recorrected.root to FR_mva090_el_data_comb_NC_recorrected_pt2
Loading FR_mu_i40 from file /nfs/fanae/user/cvico/WorkSpace/ttw-differential/cmssw-aug2024/CMSSW_10_4_0/src/CMGTools/TTHAnalysis/data//fakerate/fr_2016APV_2016_recorrected.root to FR_mva085_mu_data_comb_recorrected_pt2
Loading FR_el_i30 from file /nfs/fanae/user/cvico/WorkSpace/ttw-differential/cmssw-aug2024/CMSSW_10_4_0/src/CMGTools/TTHAnalysis/data//fakerate/fr_2016APV_2016_recorrected.root to FR_mva090_el_data_comb_NC_recorrected_pt1
Loading FR_el_i10 from file /nfs/fanae/user/cvico/WorkSpace/ttw-differential/cmssw-aug2024/CMSSW_10_4_0/src/CMGTools/TTHAnalysis/data//fakerate/fr_2016APV_2016_recorrected.root to FR_mva090_el_data_comb_NC_recorrected_up
Loading FR_el_i10 from file /nfs/fanae/user/cvico/WorkSpace/ttw-differential/cmssw-aug2024/CMSSW_10_4_0/src/CMGTools/TTHAnalysis/data//fakerate/fr_2016APV_2016_recorrected.root to FR_mva090_el_data_comb_NC_recorrected_up
Loading FR_el_i70 from file /nfs/fanae/user/cvico/WorkSpace/ttw-differential/cmssw-aug2024/CMSSW_10_4_0/src/CMGTools/TTHAnalysis/data//fakerate/fr_2016APV_2016_recorrected.root to FR_mva090_el_data_comb_NC_recorrected
Loading FR_el_i40 from file /nfs/fanae/user/cvico/WorkSpace/ttw-differential/cmssw-aug2024/CMSSW_10_4_0/src/CMGTools/TTHAnalysis/data//fakerate/fr_2016APV_2016_recorrected.root to FR_mva090_el_data_comb_NC_recorrected_pt2
Loading FR_el_i20 from file /nfs/fanae/user/cvico/WorkSpace/ttw-differential/cmssw-aug2024/CMSSW_10_4_0/src/CMGTools/TTHAnalysis/data//fakerate/fr_2016APV_2016_recorrected.root to FR_mva090_el_data_comb_NC_recorrected_down
Loading FR_el_i20 from file /nfs/fanae/user/cvico/WorkSpace/ttw-differential/cmssw-aug2024/CMSSW_10_4_0/src/CMGTools/TTHAnalysis/data//fakerate/fr_2016APV_2016_recorrected.root to FR_mva090_el_data_comb_NC_recorrected_down
Loading FR_el_i10 from file /nfs/fanae/user/cvico/WorkSpace/ttw-differential/cmssw-aug2024/CMSSW_10_4_0/src/CMGTools/TTHAnalysis/data//fakerate/fr_2016APV_2016_recorrected.root to FR_mva090_el_data_comb_NC_recorrected_up
Loading FR_el_i50 from file /nfs/fanae/user/cvico/WorkSpace/ttw-differential/cmssw-aug2024/CMSSW_10_4_0/src/CMGTools/TTHAnalysis/data//fakerate/fr_2016APV_2016_recorrected.root to FR_mva090_el_data_comb_NC_recorrected_be1
Loading FR_el_i20 from file /nfs/fanae/user/cvico/WorkSpace/ttw-differential/cmssw-aug2024/CMSSW_10_4_0/src/CMGTools/TTHAnalysis/data//fakerate/fr_2016APV_2016_recorrected.root to FR_mva090_el_data_comb_NC_recorrected_down
Loading FR_mu_i70 from file /nfs/fanae/user/cvico/WorkSpace/ttw-differential/cmssw-aug2024/CMSSW_10_4_0/src/CMGTools/TTHAnalysis/data//fakerate/fr_2016APV_2016_recorrected.root to FR_mva085_mu_data_comb_recorrected
Loading FR_el_i60 from file /nfs/fanae/user/cvico/WorkSpace/ttw-differential/cmssw-aug2024/CMSSW_10_4_0/src/CMGTools/TTHAnalysis/data//fakerate/fr_2016APV_2016_recorrected.root to FR_mva090_el_data_comb_NC_recorrected_be2
Loading FR_el_i30 from file /nfs/fanae/user/cvico/WorkSpace/ttw-differential/cmssw-aug2024/CMSSW_10_4_0/src/CMGTools/TTHAnalysis/data//fakerate/fr_2016APV_2016_recorrected.root to FR_mva090_el_data_comb_NC_recorrected_pt1
Loading FR_mu_i10 from file /nfs/fanae/user/cvico/WorkSpace/ttw-differential/cmssw-aug2024/CMSSW_10_4_0/src/CMGTools/TTHAnalysis/data//fakerate/fr_2016APV_2016_recorrected.root to FR_mva085_mu_data_comb_recorrected_up
Loading FR_el_i40 from file /nfs/fanae/user/cvico/WorkSpace/ttw-differential/cmssw-aug2024/CMSSW_10_4_0/src/CMGTools/TTHAnalysis/data//fakerate/fr_2016APV_2016_recorrected.root to FR_mva090_el_data_comb_NC_recorrected_pt2
Loading FR_el_i10 from file /nfs/fanae/user/cvico/WorkSpace/ttw-differential/cmssw-aug2024/CMSSW_10_4_0/src/CMGTools/TTHAnalysis/data//fakerate/fr_2016APV_2016_recorrected.root to FR_mva090_el_data_comb_NC_recorrected_up
Loading FR_mu_i20 from file /nfs/fanae/user/cvico/WorkSpace/ttw-differential/cmssw-aug2024/CMSSW_10_4_0/src/CMGTools/TTHAnalysis/data//fakerate/fr_2016APV_2016_recorrected.root to FR_mva085_mu_data_comb_recorrected_down
Loading FR_el_i20 from file /nfs/fanae/user/cvico/WorkSpace/ttw-differential/cmssw-aug2024/CMSSW_10_4_0/src/CMGTools/TTHAnalysis/data//fakerate/fr_2016APV_2016_recorrected.root to FR_mva090_el_data_comb_NC_recorrected_down
Loading FR_mu_i50 from file /nfs/fanae/user/cvico/WorkSpace/ttw-differential/cmssw-aug2024/CMSSW_10_4_0/src/CMGTools/TTHAnalysis/data//fakerate/fr_2016APV_2016_recorrected.root to FR_mva085_mu_data_comb_recorrected_be1
Loading FR_mu_i60 from file /nfs/fanae/user/cvico/WorkSpace/ttw-differential/cmssw-aug2024/CMSSW_10_4_0/src/CMGTools/TTHAnalysis/data//fakerate/fr_2016APV_2016_recorrected.root to FR_mva085_mu_data_comb_recorrected_be2
Loading FR_mu_i30 from file /nfs/fanae/user/cvico/WorkSpace/ttw-differential/cmssw-aug2024/CMSSW_10_4_0/src/CMGTools/TTHAnalysis/data//fakerate/fr_2016APV_2016_recorrected.root to FR_mva085_mu_data_comb_recorrected_pt1
Loading FR_mu_i40 from file /nfs/fanae/user/cvico/WorkSpace/ttw-differential/cmssw-aug2024/CMSSW_10_4_0/src/CMGTools/TTHAnalysis/data//fakerate/fr_2016APV_2016_recorrected.root to FR_mva085_mu_data_comb_recorrected_pt2
Loading FR_el_i70 from file /nfs/fanae/user/cvico/WorkSpace/ttw-differential/cmssw-aug2024/CMSSW_10_4_0/src/CMGTools/TTHAnalysis/data//fakerate/fr_2016APV_2016_recorrected.root to FR_mva090_el_data_comb_NC_recorrected
Loading FR_el_i50 from file /nfs/fanae/user/cvico/WorkSpace/ttw-differential/cmssw-aug2024/CMSSW_10_4_0/src/CMGTools/TTHAnalysis/data//fakerate/fr_2016APV_2016_recorrected.root to FR_mva090_el_data_comb_NC_recorrected_be1
Loading FR_el_i60 from file /nfs/fanae/user/cvico/WorkSpace/ttw-differential/cmssw-aug2024/CMSSW_10_4_0/src/CMGTools/TTHAnalysis/data//fakerate/fr_2016APV_2016_recorrected.root to FR_mva090_el_data_comb_NC_recorrected_be2
Loading FR_el_i30 from file /nfs/fanae/user/cvico/WorkSpace/ttw-differential/cmssw-aug2024/CMSSW_10_4_0/src/CMGTools/TTHAnalysis/data//fakerate/fr_2016APV_2016_recorrected.root to FR_mva090_el_data_comb_NC_recorrected_pt1
Loading FR_el_i40 from file /nfs/fanae/user/cvico/WorkSpace/ttw-differential/cmssw-aug2024/CMSSW_10_4_0/src/CMGTools/TTHAnalysis/data//fakerate/fr_2016APV_2016_recorrected.root to FR_mva090_el_data_comb_NC_recorrected_pt2
Loading FR_el_i10 from file /nfs/fanae/user/cvico/WorkSpace/ttw-differential/cmssw-aug2024/CMSSW_10_4_0/src/CMGTools/TTHAnalysis/data//fakerate/fr_2016APV_2016_recorrected.root to FR_mva090_el_data_comb_NC_recorrected_up
Loading FR_el_i20 from file /nfs/fanae/user/cvico/WorkSpace/ttw-differential/cmssw-aug2024/CMSSW_10_4_0/src/CMGTools/TTHAnalysis/data//fakerate/fr_2016APV_2016_recorrected.root to FR_mva090_el_data_comb_NC_recorrected_down
Loading FR_mu_i70 from file /nfs/fanae/user/cvico/WorkSpace/ttw-differential/cmssw-aug2024/CMSSW_10_4_0/src/CMGTools/TTHAnalysis/data//fakerate/fr_2016APV_2016_recorrected.root to FR_mva085_mu_data_comb_recorrected
Loading FR_mu_i10 from file /nfs/fanae/user/cvico/WorkSpace/ttw-differential/cmssw-aug2024/CMSSW_10_4_0/src/CMGTools/TTHAnalysis/data//fakerate/fr_2016APV_2016_recorrected.root to FR_mva085_mu_data_comb_recorrected_up
Loading FR_mu_i20 from file /nfs/fanae/user/cvico/WorkSpace/ttw-differential/cmssw-aug2024/CMSSW_10_4_0/src/CMGTools/TTHAnalysis/data//fakerate/fr_2016APV_2016_recorrected.root to FR_mva085_mu_data_comb_recorrected_down
Loading FR_mu_i50 from file /nfs/fanae/user/cvico/WorkSpace/ttw-differential/cmssw-aug2024/CMSSW_10_4_0/src/CMGTools/TTHAnalysis/data//fakerate/fr_2016APV_2016_recorrected.root to FR_mva085_mu_data_comb_recorrected_be1
Loading FR_mu_i60 from file /nfs/fanae/user/cvico/WorkSpace/ttw-differential/cmssw-aug2024/CMSSW_10_4_0/src/CMGTools/TTHAnalysis/data//fakerate/fr_2016APV_2016_recorrected.root to FR_mva085_mu_data_comb_recorrected_be2
Loading FR_mu_i30 from file /nfs/fanae/user/cvico/WorkSpace/ttw-differential/cmssw-aug2024/CMSSW_10_4_0/src/CMGTools/TTHAnalysis/data//fakerate/fr_2016APV_2016_recorrected.root to FR_mva085_mu_data_comb_recorrected_pt1
Loading FR_mu_i40 from file /nfs/fanae/user/cvico/WorkSpace/ttw-differential/cmssw-aug2024/CMSSW_10_4_0/src/CMGTools/TTHAnalysis/data//fakerate/fr_2016APV_2016_recorrected.root to FR_mva085_mu_data_comb_recorrected_pt2
Loading FR_el_i70 from file /nfs/fanae/user/cvico/WorkSpace/ttw-differential/cmssw-aug2024/CMSSW_10_4_0/src/CMGTools/TTHAnalysis/data//fakerate/fr_2016APV_2016_recorrected.root to FR_mva090_el_data_comb_NC_recorrected
Loading FR_el_i50 from file /nfs/fanae/user/cvico/WorkSpace/ttw-differential/cmssw-aug2024/CMSSW_10_4_0/src/CMGTools/TTHAnalysis/data//fakerate/fr_2016APV_2016_recorrected.root to FR_mva090_el_data_comb_NC_recorrected_be1
Loading FR_el_i60 from file /nfs/fanae/user/cvico/WorkSpace/ttw-differential/cmssw-aug2024/CMSSW_10_4_0/src/CMGTools/TTHAnalysis/data//fakerate/fr_2016APV_2016_recorrected.root to FR_mva090_el_data_comb_NC_recorrected_be2
Loading FR_el_i30 from file /nfs/fanae/user/cvico/WorkSpace/ttw-differential/cmssw-aug2024/CMSSW_10_4_0/src/CMGTools/TTHAnalysis/data//fakerate/fr_2016APV_2016_recorrected.root to FR_mva090_el_data_comb_NC_recorrected_pt1
Loading FR_el_i40 from file /nfs/fanae/user/cvico/WorkSpace/ttw-differential/cmssw-aug2024/CMSSW_10_4_0/src/CMGTools/TTHAnalysis/data//fakerate/fr_2016APV_2016_recorrected.root to FR_mva090_el_data_comb_NC_recorrected_pt2
Loading FR_el_i10 from file /nfs/fanae/user/cvico/WorkSpace/ttw-differential/cmssw-aug2024/CMSSW_10_4_0/src/CMGTools/TTHAnalysis/data//fakerate/fr_2016APV_2016_recorrected.root to FR_mva090_el_data_comb_NC_recorrected_up
Loading FR_el_i20 from file /nfs/fanae/user/cvico/WorkSpace/ttw-differential/cmssw-aug2024/CMSSW_10_4_0/src/CMGTools/TTHAnalysis/data//fakerate/fr_2016APV_2016_recorrected.root to FR_mva090_el_data_comb_NC_recorrected_down
Loading FR_mu_i70 from file /nfs/fanae/user/cvico/WorkSpace/ttw-differential/cmssw-aug2024/CMSSW_10_4_0/src/CMGTools/TTHAnalysis/data//fakerate/fr_2016APV_2016_recorrected.root to FR_mva085_mu_data_comb_recorrected
Loading FR_mu_i10 from file /nfs/fanae/user/cvico/WorkSpace/ttw-differential/cmssw-aug2024/CMSSW_10_4_0/src/CMGTools/TTHAnalysis/data//fakerate/fr_2016APV_2016_recorrected.root to FR_mva085_mu_data_comb_recorrected_up
Loading FR_mu_i20 from file /nfs/fanae/user/cvico/WorkSpace/ttw-differential/cmssw-aug2024/CMSSW_10_4_0/src/CMGTools/TTHAnalysis/data//fakerate/fr_2016APV_2016_recorrected.root to FR_mva085_mu_data_comb_recorrected_down
Loading FR_mu_i50 from file /nfs/fanae/user/cvico/WorkSpace/ttw-differential/cmssw-aug2024/CMSSW_10_4_0/src/CMGTools/TTHAnalysis/data//fakerate/fr_2016APV_2016_recorrected.root to FR_mva085_mu_data_comb_recorrected_be1
Loading FR_mu_i60 from file /nfs/fanae/user/cvico/WorkSpace/ttw-differential/cmssw-aug2024/CMSSW_10_4_0/src/CMGTools/TTHAnalysis/data//fakerate/fr_2016APV_2016_recorrected.root to FR_mva085_mu_data_comb_recorrected_be2
Loading FR_mu_i30 from file /nfs/fanae/user/cvico/WorkSpace/ttw-differential/cmssw-aug2024/CMSSW_10_4_0/src/CMGTools/TTHAnalysis/data//fakerate/fr_2016APV_2016_recorrected.root to FR_mva085_mu_data_comb_recorrected_pt1
Loading FR_mu_i70 from file /nfs/fanae/user/cvico/WorkSpace/ttw-differential/cmssw-aug2024/CMSSW_10_4_0/src/CMGTools/TTHAnalysis/data//fakerate/fr_2016APV_2016_recorrected.root to FR_mva085_mu_data_comb_recorrected
Loading FR_mu_i70 from file /nfs/fanae/user/cvico/WorkSpace/ttw-differential/cmssw-aug2024/CMSSW_10_4_0/src/CMGTools/TTHAnalysis/data//fakerate/fr_2016APV_2016_recorrected.root to FR_mva085_mu_data_comb_recorrected
Loading FR_mu_i40 from file /nfs/fanae/user/cvico/WorkSpace/ttw-differential/cmssw-aug2024/CMSSW_10_4_0/src/CMGTools/TTHAnalysis/data//fakerate/fr_2016APV_2016_recorrected.root to FR_mva085_mu_data_comb_recorrected_pt2
Loading FR_el_i70 from file /nfs/fanae/user/cvico/WorkSpace/ttw-differential/cmssw-aug2024/CMSSW_10_4_0/src/CMGTools/TTHAnalysis/data//fakerate/fr_2016APV_2016_recorrected.root to FR_mva090_el_data_comb_NC_recorrected
Loading FR_mu_i10 from file /nfs/fanae/user/cvico/WorkSpace/ttw-differential/cmssw-aug2024/CMSSW_10_4_0/src/CMGTools/TTHAnalysis/data//fakerate/fr_2016APV_2016_recorrected.root to FR_mva085_mu_data_comb_recorrected_up
Loading FR_mu_i10 from file /nfs/fanae/user/cvico/WorkSpace/ttw-differential/cmssw-aug2024/CMSSW_10_4_0/src/CMGTools/TTHAnalysis/data//fakerate/fr_2016APV_2016_recorrected.root to FR_mva085_mu_data_comb_recorrected_up
Loading FR_mu_i20 from file /nfs/fanae/user/cvico/WorkSpace/ttw-differential/cmssw-aug2024/CMSSW_10_4_0/src/CMGTools/TTHAnalysis/data//fakerate/fr_2016APV_2016_recorrected.root to FR_mva085_mu_data_comb_recorrected_down
Loading FR_mu_i20 from file /nfs/fanae/user/cvico/WorkSpace/ttw-differential/cmssw-aug2024/CMSSW_10_4_0/src/CMGTools/TTHAnalysis/data//fakerate/fr_2016APV_2016_recorrected.root to FR_mva085_mu_data_comb_recorrected_down
Loading FR_mu_i70 from file /nfs/fanae/user/cvico/WorkSpace/ttw-differential/cmssw-aug2024/CMSSW_10_4_0/src/CMGTools/TTHAnalysis/data//fakerate/fr_2016APV_2016_recorrected.root to FR_mva085_mu_data_comb_recorrected
Loading FR_el_i50 from file /nfs/fanae/user/cvico/WorkSpace/ttw-differential/cmssw-aug2024/CMSSW_10_4_0/src/CMGTools/TTHAnalysis/data//fakerate/fr_2016APV_2016_recorrected.root to FR_mva090_el_data_comb_NC_recorrected_be1
Loading FR_mu_i50 from file /nfs/fanae/user/cvico/WorkSpace/ttw-differential/cmssw-aug2024/CMSSW_10_4_0/src/CMGTools/TTHAnalysis/data//fakerate/fr_2016APV_2016_recorrected.root to FR_mva085_mu_data_comb_recorrected_be1
Loading FR_mu_i50 from file /nfs/fanae/user/cvico/WorkSpace/ttw-differential/cmssw-aug2024/CMSSW_10_4_0/src/CMGTools/TTHAnalysis/data//fakerate/fr_2016APV_2016_recorrected.root to FR_mva085_mu_data_comb_recorrected_be1
Loading FR_el_i60 from file /nfs/fanae/user/cvico/WorkSpace/ttw-differential/cmssw-aug2024/CMSSW_10_4_0/src/CMGTools/TTHAnalysis/data//fakerate/fr_2016APV_2016_recorrected.root to FR_mva090_el_data_comb_NC_recorrected_be2
Loading FR_mu_i10 from file /nfs/fanae/user/cvico/WorkSpace/ttw-differential/cmssw-aug2024/CMSSW_10_4_0/src/CMGTools/TTHAnalysis/data//fakerate/fr_2016APV_2016_recorrected.root to FR_mva085_mu_data_comb_recorrected_up
Loading FR_el_i30 from file /nfs/fanae/user/cvico/WorkSpace/ttw-differential/cmssw-aug2024/CMSSW_10_4_0/src/CMGTools/TTHAnalysis/data//fakerate/fr_2016APV_2016_recorrected.root to FR_mva090_el_data_comb_NC_recorrected_pt1
Loading FR_mu_i60 from file /nfs/fanae/user/cvico/WorkSpace/ttw-differential/cmssw-aug2024/CMSSW_10_4_0/src/CMGTools/TTHAnalysis/data//fakerate/fr_2016APV_2016_recorrected.root to FR_mva085_mu_data_comb_recorrected_be2
Loading FR_mu_i60 from file /nfs/fanae/user/cvico/WorkSpace/ttw-differential/cmssw-aug2024/CMSSW_10_4_0/src/CMGTools/TTHAnalysis/data//fakerate/fr_2016APV_2016_recorrected.root to FR_mva085_mu_data_comb_recorrected_be2
Loading FR_el_i40 from file /nfs/fanae/user/cvico/WorkSpace/ttw-differential/cmssw-aug2024/CMSSW_10_4_0/src/CMGTools/TTHAnalysis/data//fakerate/fr_2016APV_2016_recorrected.root to FR_mva090_el_data_comb_NC_recorrected_pt2
Loading FR_mu_i20 from file /nfs/fanae/user/cvico/WorkSpace/ttw-differential/cmssw-aug2024/CMSSW_10_4_0/src/CMGTools/TTHAnalysis/data//fakerate/fr_2016APV_2016_recorrected.root to FR_mva085_mu_data_comb_recorrected_down
Loading FR_mu_i30 from file /nfs/fanae/user/cvico/WorkSpace/ttw-differential/cmssw-aug2024/CMSSW_10_4_0/src/CMGTools/TTHAnalysis/data//fakerate/fr_2016APV_2016_recorrected.root to FR_mva085_mu_data_comb_recorrected_pt1
Loading FR_mu_i30 from file /nfs/fanae/user/cvico/WorkSpace/ttw-differential/cmssw-aug2024/CMSSW_10_4_0/src/CMGTools/TTHAnalysis/data//fakerate/fr_2016APV_2016_recorrected.root to FR_mva085_mu_data_comb_recorrected_pt1
Loading FR_el_i10 from file /nfs/fanae/user/cvico/WorkSpace/ttw-differential/cmssw-aug2024/CMSSW_10_4_0/src/CMGTools/TTHAnalysis/data//fakerate/fr_2016APV_2016_recorrected.root to FR_mva090_el_data_comb_NC_recorrected_up
Loading FR_mu_i40 from file /nfs/fanae/user/cvico/WorkSpace/ttw-differential/cmssw-aug2024/CMSSW_10_4_0/src/CMGTools/TTHAnalysis/data//fakerate/fr_2016APV_2016_recorrected.root to FR_mva085_mu_data_comb_recorrected_pt2
Loading FR_el_i20 from file /nfs/fanae/user/cvico/WorkSpace/ttw-differential/cmssw-aug2024/CMSSW_10_4_0/src/CMGTools/TTHAnalysis/data//fakerate/fr_2016APV_2016_recorrected.root to FR_mva090_el_data_comb_NC_recorrected_down
Loading FR_mu_i50 from file /nfs/fanae/user/cvico/WorkSpace/ttw-differential/cmssw-aug2024/CMSSW_10_4_0/src/CMGTools/TTHAnalysis/data//fakerate/fr_2016APV_2016_recorrected.root to FR_mva085_mu_data_comb_recorrected_be1
Loading FR_mu_i40 from file /nfs/fanae/user/cvico/WorkSpace/ttw-differential/cmssw-aug2024/CMSSW_10_4_0/src/CMGTools/TTHAnalysis/data//fakerate/fr_2016APV_2016_recorrected.root to FR_mva085_mu_data_comb_recorrected_pt2
Loading FR_el_i70 from file /nfs/fanae/user/cvico/WorkSpace/ttw-differential/cmssw-aug2024/CMSSW_10_4_0/src/CMGTools/TTHAnalysis/data//fakerate/fr_2016APV_2016_recorrected.root to FR_mva090_el_data_comb_NC_recorrected
Loading FR_mu_i60 from file /nfs/fanae/user/cvico/WorkSpace/ttw-differential/cmssw-aug2024/CMSSW_10_4_0/src/CMGTools/TTHAnalysis/data//fakerate/fr_2016APV_2016_recorrected.root to FR_mva085_mu_data_comb_recorrected_be2
Loading FR_el_i50 from file /nfs/fanae/user/cvico/WorkSpace/ttw-differential/cmssw-aug2024/CMSSW_10_4_0/src/CMGTools/TTHAnalysis/data//fakerate/fr_2016APV_2016_recorrected.root to FR_mva090_el_data_comb_NC_recorrected_be1
Loading FR_el_i70 from file /nfs/fanae/user/cvico/WorkSpace/ttw-differential/cmssw-aug2024/CMSSW_10_4_0/src/CMGTools/TTHAnalysis/data//fakerate/fr_2016APV_2016_recorrected.root to FR_mva090_el_data_comb_NC_recorrected
Loading FR_mu_i70 from file /nfs/fanae/user/cvico/WorkSpace/ttw-differential/cmssw-aug2024/CMSSW_10_4_0/src/CMGTools/TTHAnalysis/data//fakerate/fr_2016APV_2016_recorrected.root to FR_mva085_mu_data_comb_recorrected
Loading FR_el_i60 from file /nfs/fanae/user/cvico/WorkSpace/ttw-differential/cmssw-aug2024/CMSSW_10_4_0/src/CMGTools/TTHAnalysis/data//fakerate/fr_2016APV_2016_recorrected.root to FR_mva090_el_data_comb_NC_recorrected_be2
Loading FR_mu_i30 from file /nfs/fanae/user/cvico/WorkSpace/ttw-differential/cmssw-aug2024/CMSSW_10_4_0/src/CMGTools/TTHAnalysis/data//fakerate/fr_2016APV_2016_recorrected.root to FR_mva085_mu_data_comb_recorrected_pt1
Loading FR_el_i50 from file /nfs/fanae/user/cvico/WorkSpace/ttw-differential/cmssw-aug2024/CMSSW_10_4_0/src/CMGTools/TTHAnalysis/data//fakerate/fr_2016APV_2016_recorrected.root to FR_mva090_el_data_comb_NC_recorrected_be1
Loading FR_mu_i10 from file /nfs/fanae/user/cvico/WorkSpace/ttw-differential/cmssw-aug2024/CMSSW_10_4_0/src/CMGTools/TTHAnalysis/data//fakerate/fr_2016APV_2016_recorrected.root to FR_mva085_mu_data_comb_recorrected_up
Loading FR_el_i30 from file /nfs/fanae/user/cvico/WorkSpace/ttw-differential/cmssw-aug2024/CMSSW_10_4_0/src/CMGTools/TTHAnalysis/data//fakerate/fr_2016APV_2016_recorrected.root to FR_mva090_el_data_comb_NC_recorrected_pt1
Loading FR_mu_i40 from file /nfs/fanae/user/cvico/WorkSpace/ttw-differential/cmssw-aug2024/CMSSW_10_4_0/src/CMGTools/TTHAnalysis/data//fakerate/fr_2016APV_2016_recorrected.root to FR_mva085_mu_data_comb_recorrected_pt2
Loading FR_el_i60 from file /nfs/fanae/user/cvico/WorkSpace/ttw-differential/cmssw-aug2024/CMSSW_10_4_0/src/CMGTools/TTHAnalysis/data//fakerate/fr_2016APV_2016_recorrected.root to FR_mva090_el_data_comb_NC_recorrected_be2
Loading FR_el_i70 from file /nfs/fanae/user/cvico/WorkSpace/ttw-differential/cmssw-aug2024/CMSSW_10_4_0/src/CMGTools/TTHAnalysis/data//fakerate/fr_2016APV_2016_recorrected.root to FR_mva090_el_data_comb_NC_recorrected
Loading FR_el_i40 from file /nfs/fanae/user/cvico/WorkSpace/ttw-differential/cmssw-aug2024/CMSSW_10_4_0/src/CMGTools/TTHAnalysis/data//fakerate/fr_2016APV_2016_recorrected.root to FR_mva090_el_data_comb_NC_recorrected_pt2
Loading FR_mu_i20 from file /nfs/fanae/user/cvico/WorkSpace/ttw-differential/cmssw-aug2024/CMSSW_10_4_0/src/CMGTools/TTHAnalysis/data//fakerate/fr_2016APV_2016_recorrected.root to FR_mva085_mu_data_comb_recorrected_down
Loading FR_el_i30 from file /nfs/fanae/user/cvico/WorkSpace/ttw-differential/cmssw-aug2024/CMSSW_10_4_0/src/CMGTools/TTHAnalysis/data//fakerate/fr_2016APV_2016_recorrected.root to FR_mva090_el_data_comb_NC_recorrected_pt1
Loading FR_mu_i50 from file /nfs/fanae/user/cvico/WorkSpace/ttw-differential/cmssw-aug2024/CMSSW_10_4_0/src/CMGTools/TTHAnalysis/data//fakerate/fr_2016APV_2016_recorrected.root to FR_mva085_mu_data_comb_recorrected_be1
Loading FR_el_i10 from file /nfs/fanae/user/cvico/WorkSpace/ttw-differential/cmssw-aug2024/CMSSW_10_4_0/src/CMGTools/TTHAnalysis/data//fakerate/fr_2016APV_2016_recorrected.root to FR_mva090_el_data_comb_NC_recorrected_up
Loading FR_el_i50 from file /nfs/fanae/user/cvico/WorkSpace/ttw-differential/cmssw-aug2024/CMSSW_10_4_0/src/CMGTools/TTHAnalysis/data//fakerate/fr_2016APV_2016_recorrected.root to FR_mva090_el_data_comb_NC_recorrected_be1
Loading FR_el_i40 from file /nfs/fanae/user/cvico/WorkSpace/ttw-differential/cmssw-aug2024/CMSSW_10_4_0/src/CMGTools/TTHAnalysis/data//fakerate/fr_2016APV_2016_recorrected.root to FR_mva090_el_data_comb_NC_recorrected_pt2
Loading FR_mu_i60 from file /nfs/fanae/user/cvico/WorkSpace/ttw-differential/cmssw-aug2024/CMSSW_10_4_0/src/CMGTools/TTHAnalysis/data//fakerate/fr_2016APV_2016_recorrected.root to FR_mva085_mu_data_comb_recorrected_be2
Loading FR_el_i20 from file /nfs/fanae/user/cvico/WorkSpace/ttw-differential/cmssw-aug2024/CMSSW_10_4_0/src/CMGTools/TTHAnalysis/data//fakerate/fr_2016APV_2016_recorrected.root to FR_mva090_el_data_comb_NC_recorrected_down
Loading FR_el_i60 from file /nfs/fanae/user/cvico/WorkSpace/ttw-differential/cmssw-aug2024/CMSSW_10_4_0/src/CMGTools/TTHAnalysis/data//fakerate/fr_2016APV_2016_recorrected.root to FR_mva090_el_data_comb_NC_recorrected_be2
Loading FR_el_i10 from file /nfs/fanae/user/cvico/WorkSpace/ttw-differential/cmssw-aug2024/CMSSW_10_4_0/src/CMGTools/TTHAnalysis/data//fakerate/fr_2016APV_2016_recorrected.root to FR_mva090_el_data_comb_NC_recorrected_up
Loading FR_mu_i30 from file /nfs/fanae/user/cvico/WorkSpace/ttw-differential/cmssw-aug2024/CMSSW_10_4_0/src/CMGTools/TTHAnalysis/data//fakerate/fr_2016APV_2016_recorrected.root to FR_mva085_mu_data_comb_recorrected_pt1
Loading FR_el_i20 from file /nfs/fanae/user/cvico/WorkSpace/ttw-differential/cmssw-aug2024/CMSSW_10_4_0/src/CMGTools/TTHAnalysis/data//fakerate/fr_2016APV_2016_recorrected.root to FR_mva090_el_data_comb_NC_recorrected_down
Loading FR_el_i30 from file /nfs/fanae/user/cvico/WorkSpace/ttw-differential/cmssw-aug2024/CMSSW_10_4_0/src/CMGTools/TTHAnalysis/data//fakerate/fr_2016APV_2016_recorrected.root to FR_mva090_el_data_comb_NC_recorrected_pt1
Loading FR_mu_i40 from file /nfs/fanae/user/cvico/WorkSpace/ttw-differential/cmssw-aug2024/CMSSW_10_4_0/src/CMGTools/TTHAnalysis/data//fakerate/fr_2016APV_2016_recorrected.root to FR_mva085_mu_data_comb_recorrected_pt2
Loading FR_el_i40 from file /nfs/fanae/user/cvico/WorkSpace/ttw-differential/cmssw-aug2024/CMSSW_10_4_0/src/CMGTools/TTHAnalysis/data//fakerate/fr_2016APV_2016_recorrected.root to FR_mva090_el_data_comb_NC_recorrected_pt2
Loading FR_el_i70 from file /nfs/fanae/user/cvico/WorkSpace/ttw-differential/cmssw-aug2024/CMSSW_10_4_0/src/CMGTools/TTHAnalysis/data//fakerate/fr_2016APV_2016_recorrected.root to FR_mva090_el_data_comb_NC_recorrected
Loading FR_el_i10 from file /nfs/fanae/user/cvico/WorkSpace/ttw-differential/cmssw-aug2024/CMSSW_10_4_0/src/CMGTools/TTHAnalysis/data//fakerate/fr_2016APV_2016_recorrected.root to FR_mva090_el_data_comb_NC_recorrected_up
Loading FR_el_i50 from file /nfs/fanae/user/cvico/WorkSpace/ttw-differential/cmssw-aug2024/CMSSW_10_4_0/src/CMGTools/TTHAnalysis/data//fakerate/fr_2016APV_2016_recorrected.root to FR_mva090_el_data_comb_NC_recorrected_be1
Loading FR_el_i20 from file /nfs/fanae/user/cvico/WorkSpace/ttw-differential/cmssw-aug2024/CMSSW_10_4_0/src/CMGTools/TTHAnalysis/data//fakerate/fr_2016APV_2016_recorrected.root to FR_mva090_el_data_comb_NC_recorrected_down
Loading FR_el_i60 from file /nfs/fanae/user/cvico/WorkSpace/ttw-differential/cmssw-aug2024/CMSSW_10_4_0/src/CMGTools/TTHAnalysis/data//fakerate/fr_2016APV_2016_recorrected.root to FR_mva090_el_data_comb_NC_recorrected_be2
Loading FR_el_i30 from file /nfs/fanae/user/cvico/WorkSpace/ttw-differential/cmssw-aug2024/CMSSW_10_4_0/src/CMGTools/TTHAnalysis/data//fakerate/fr_2016APV_2016_recorrected.root to FR_mva090_el_data_comb_NC_recorrected_pt1
Loading FR_el_i40 from file /nfs/fanae/user/cvico/WorkSpace/ttw-differential/cmssw-aug2024/CMSSW_10_4_0/src/CMGTools/TTHAnalysis/data//fakerate/fr_2016APV_2016_recorrected.root to FR_mva090_el_data_comb_NC_recorrected_pt2
Loading FR_el_i10 from file /nfs/fanae/user/cvico/WorkSpace/ttw-differential/cmssw-aug2024/CMSSW_10_4_0/src/CMGTools/TTHAnalysis/data//fakerate/fr_2016APV_2016_recorrected.root to FR_mva090_el_data_comb_NC_recorrected_up
Loading FR_el_i20 from file /nfs/fanae/user/cvico/WorkSpace/ttw-differential/cmssw-aug2024/CMSSW_10_4_0/src/CMGTools/TTHAnalysis/data//fakerate/fr_2016APV_2016_recorrected.root to FR_mva090_el_data_comb_NC_recorrected_down
Loading FR_mu_i70 from file /nfs/fanae/user/cvico/WorkSpace/ttw-differential/cmssw-aug2024/CMSSW_10_4_0/src/CMGTools/TTHAnalysis/data//fakerate/fr_2016APV_2016_recorrected.root to FR_mva085_mu_data_comb_recorrected
Loading FR_mu_i10 from file /nfs/fanae/user/cvico/WorkSpace/ttw-differential/cmssw-aug2024/CMSSW_10_4_0/src/CMGTools/TTHAnalysis/data//fakerate/fr_2016APV_2016_recorrected.root to FR_mva085_mu_data_comb_recorrected_up
Loading FR_mu_i20 from file /nfs/fanae/user/cvico/WorkSpace/ttw-differential/cmssw-aug2024/CMSSW_10_4_0/src/CMGTools/TTHAnalysis/data//fakerate/fr_2016APV_2016_recorrected.root to FR_mva085_mu_data_comb_recorrected_down
Loading FR_mu_i50 from file /nfs/fanae/user/cvico/WorkSpace/ttw-differential/cmssw-aug2024/CMSSW_10_4_0/src/CMGTools/TTHAnalysis/data//fakerate/fr_2016APV_2016_recorrected.root to FR_mva085_mu_data_comb_recorrected_be1
Loading FR_mu_i60 from file /nfs/fanae/user/cvico/WorkSpace/ttw-differential/cmssw-aug2024/CMSSW_10_4_0/src/CMGTools/TTHAnalysis/data//fakerate/fr_2016APV_2016_recorrected.root to FR_mva085_mu_data_comb_recorrected_be2
Loading FR_mu_i30 from file /nfs/fanae/user/cvico/WorkSpace/ttw-differential/cmssw-aug2024/CMSSW_10_4_0/src/CMGTools/TTHAnalysis/data//fakerate/fr_2016APV_2016_recorrected.root to FR_mva085_mu_data_comb_recorrected_pt1
Loading FR_mu_i40 from file /nfs/fanae/user/cvico/WorkSpace/ttw-differential/cmssw-aug2024/CMSSW_10_4_0/src/CMGTools/TTHAnalysis/data//fakerate/fr_2016APV_2016_recorrected.root to FR_mva085_mu_data_comb_recorrected_pt2
Loading FR_el_i70 from file /nfs/fanae/user/cvico/WorkSpace/ttw-differential/cmssw-aug2024/CMSSW_10_4_0/src/CMGTools/TTHAnalysis/data//fakerate/fr_2016APV_2016_recorrected.root to FR_mva090_el_data_comb_NC_recorrected
Loading FR_el_i50 from file /nfs/fanae/user/cvico/WorkSpace/ttw-differential/cmssw-aug2024/CMSSW_10_4_0/src/CMGTools/TTHAnalysis/data//fakerate/fr_2016APV_2016_recorrected.root to FR_mva090_el_data_comb_NC_recorrected_be1
Loading FR_el_i60 from file /nfs/fanae/user/cvico/WorkSpace/ttw-differential/cmssw-aug2024/CMSSW_10_4_0/src/CMGTools/TTHAnalysis/data//fakerate/fr_2016APV_2016_recorrected.root to FR_mva090_el_data_comb_NC_recorrected_be2
Loading FR_el_i30 from file /nfs/fanae/user/cvico/WorkSpace/ttw-differential/cmssw-aug2024/CMSSW_10_4_0/src/CMGTools/TTHAnalysis/data//fakerate/fr_2016APV_2016_recorrected.root to FR_mva090_el_data_comb_NC_recorrected_pt1
Loading FR_el_i40 from file /nfs/fanae/user/cvico/WorkSpace/ttw-differential/cmssw-aug2024/CMSSW_10_4_0/src/CMGTools/TTHAnalysis/data//fakerate/fr_2016APV_2016_recorrected.root to FR_mva090_el_data_comb_NC_recorrected_pt2
Loading FR_el_i10 from file /nfs/fanae/user/cvico/WorkSpace/ttw-differential/cmssw-aug2024/CMSSW_10_4_0/src/CMGTools/TTHAnalysis/data//fakerate/fr_2016APV_2016_recorrected.root to FR_mva090_el_data_comb_NC_recorrected_up
Loading FR_el_i20 from file /nfs/fanae/user/cvico/WorkSpace/ttw-differential/cmssw-aug2024/CMSSW_10_4_0/src/CMGTools/TTHAnalysis/data//fakerate/fr_2016APV_2016_recorrected.root to FR_mva090_el_data_comb_NC_recorrected_down
Loading FR_mu_i70 from file /nfs/fanae/user/cvico/WorkSpace/ttw-differential/cmssw-aug2024/CMSSW_10_4_0/src/CMGTools/TTHAnalysis/data//fakerate/fr_2016APV_2016_recorrected.root to FR_mva085_mu_data_comb_recorrected
Loading FR_mu_i10 from file /nfs/fanae/user/cvico/WorkSpace/ttw-differential/cmssw-aug2024/CMSSW_10_4_0/src/CMGTools/TTHAnalysis/data//fakerate/fr_2016APV_2016_recorrected.root to FR_mva085_mu_data_comb_recorrected_up
Loading FR_mu_i20 from file /nfs/fanae/user/cvico/WorkSpace/ttw-differential/cmssw-aug2024/CMSSW_10_4_0/src/CMGTools/TTHAnalysis/data//fakerate/fr_2016APV_2016_recorrected.root to FR_mva085_mu_data_comb_recorrected_down
Loading FR_mu_i50 from file /nfs/fanae/user/cvico/WorkSpace/ttw-differential/cmssw-aug2024/CMSSW_10_4_0/src/CMGTools/TTHAnalysis/data//fakerate/fr_2016APV_2016_recorrected.root to FR_mva085_mu_data_comb_recorrected_be1
Loading FR_mu_i60 from file /nfs/fanae/user/cvico/WorkSpace/ttw-differential/cmssw-aug2024/CMSSW_10_4_0/src/CMGTools/TTHAnalysis/data//fakerate/fr_2016APV_2016_recorrected.root to FR_mva085_mu_data_comb_recorrected_be2
Loading FR_mu_i30 from file /nfs/fanae/user/cvico/WorkSpace/ttw-differential/cmssw-aug2024/CMSSW_10_4_0/src/CMGTools/TTHAnalysis/data//fakerate/fr_2016APV_2016_recorrected.root to FR_mva085_mu_data_comb_recorrected_pt1
Loading FR_mu_i40 from file /nfs/fanae/user/cvico/WorkSpace/ttw-differential/cmssw-aug2024/CMSSW_10_4_0/src/CMGTools/TTHAnalysis/data//fakerate/fr_2016APV_2016_recorrected.root to FR_mva085_mu_data_comb_recorrected_pt2
Loading FR_el_i70 from file /nfs/fanae/user/cvico/WorkSpace/ttw-differential/cmssw-aug2024/CMSSW_10_4_0/src/CMGTools/TTHAnalysis/data//fakerate/fr_2016APV_2016_recorrected.root to FR_mva090_el_data_comb_NC_recorrected
Loading FR_el_i50 from file /nfs/fanae/user/cvico/WorkSpace/ttw-differential/cmssw-aug2024/CMSSW_10_4_0/src/CMGTools/TTHAnalysis/data//fakerate/fr_2016APV_2016_recorrected.root to FR_mva090_el_data_comb_NC_recorrected_be1
Loading FR_el_i60 from file /nfs/fanae/user/cvico/WorkSpace/ttw-differential/cmssw-aug2024/CMSSW_10_4_0/src/CMGTools/TTHAnalysis/data//fakerate/fr_2016APV_2016_recorrected.root to FR_mva090_el_data_comb_NC_recorrected_be2
Loading FR_el_i30 from file /nfs/fanae/user/cvico/WorkSpace/ttw-differential/cmssw-aug2024/CMSSW_10_4_0/src/CMGTools/TTHAnalysis/data//fakerate/fr_2016APV_2016_recorrected.root to FR_mva090_el_data_comb_NC_recorrected_pt1
Loading FR_el_i40 from file /nfs/fanae/user/cvico/WorkSpace/ttw-differential/cmssw-aug2024/CMSSW_10_4_0/src/CMGTools/TTHAnalysis/data//fakerate/fr_2016APV_2016_recorrected.root to FR_mva090_el_data_comb_NC_recorrected_pt2
Loading FR_el_i10 from file /nfs/fanae/user/cvico/WorkSpace/ttw-differential/cmssw-aug2024/CMSSW_10_4_0/src/CMGTools/TTHAnalysis/data//fakerate/fr_2016APV_2016_recorrected.root to FR_mva090_el_data_comb_NC_recorrected_up
Loading FR_el_i20 from file /nfs/fanae/user/cvico/WorkSpace/ttw-differential/cmssw-aug2024/CMSSW_10_4_0/src/CMGTools/TTHAnalysis/data//fakerate/fr_2016APV_2016_recorrected.root to FR_mva090_el_data_comb_NC_recorrected_down
Loading FR_mu_i70 from file /nfs/fanae/user/cvico/WorkSpace/ttw-differential/cmssw-aug2024/CMSSW_10_4_0/src/CMGTools/TTHAnalysis/data//fakerate/fr_2016APV_2016_recorrected.root to FR_mva085_mu_data_comb_recorrected
Loading FR_mu_i10 from file /nfs/fanae/user/cvico/WorkSpace/ttw-differential/cmssw-aug2024/CMSSW_10_4_0/src/CMGTools/TTHAnalysis/data//fakerate/fr_2016APV_2016_recorrected.root to FR_mva085_mu_data_comb_recorrected_up
Loading FR_mu_i20 from file /nfs/fanae/user/cvico/WorkSpace/ttw-differential/cmssw-aug2024/CMSSW_10_4_0/src/CMGTools/TTHAnalysis/data//fakerate/fr_2016APV_2016_recorrected.root to FR_mva085_mu_data_comb_recorrected_down
Loading FR_mu_i50 from file /nfs/fanae/user/cvico/WorkSpace/ttw-differential/cmssw-aug2024/CMSSW_10_4_0/src/CMGTools/TTHAnalysis/data//fakerate/fr_2016APV_2016_recorrected.root to FR_mva085_mu_data_comb_recorrected_be1
Loading FR_mu_i60 from file /nfs/fanae/user/cvico/WorkSpace/ttw-differential/cmssw-aug2024/CMSSW_10_4_0/src/CMGTools/TTHAnalysis/data//fakerate/fr_2016APV_2016_recorrected.root to FR_mva085_mu_data_comb_recorrected_be2
Loading FR_mu_i30 from file /nfs/fanae/user/cvico/WorkSpace/ttw-differential/cmssw-aug2024/CMSSW_10_4_0/src/CMGTools/TTHAnalysis/data//fakerate/fr_2016APV_2016_recorrected.root to FR_mva085_mu_data_comb_recorrected_pt1
Loading FR_mu_i40 from file /nfs/fanae/user/cvico/WorkSpace/ttw-differential/cmssw-aug2024/CMSSW_10_4_0/src/CMGTools/TTHAnalysis/data//fakerate/fr_2016APV_2016_recorrected.root to FR_mva085_mu_data_comb_recorrected_pt2
Loading FR_el_i70 from file /nfs/fanae/user/cvico/WorkSpace/ttw-differential/cmssw-aug2024/CMSSW_10_4_0/src/CMGTools/TTHAnalysis/data//fakerate/fr_2016APV_2016_recorrected.root to FR_mva090_el_data_comb_NC_recorrected
Loading FR_el_i50 from file /nfs/fanae/user/cvico/WorkSpace/ttw-differential/cmssw-aug2024/CMSSW_10_4_0/src/CMGTools/TTHAnalysis/data//fakerate/fr_2016APV_2016_recorrected.root to FR_mva090_el_data_comb_NC_recorrected_be1
Loading FR_el_i60 from file /nfs/fanae/user/cvico/WorkSpace/ttw-differential/cmssw-aug2024/CMSSW_10_4_0/src/CMGTools/TTHAnalysis/data//fakerate/fr_2016APV_2016_recorrected.root to FR_mva090_el_data_comb_NC_recorrected_be2
Loading FR_el_i30 from file /nfs/fanae/user/cvico/WorkSpace/ttw-differential/cmssw-aug2024/CMSSW_10_4_0/src/CMGTools/TTHAnalysis/data//fakerate/fr_2016APV_2016_recorrected.root to FR_mva090_el_data_comb_NC_recorrected_pt1
Loading FR_el_i40 from file /nfs/fanae/user/cvico/WorkSpace/ttw-differential/cmssw-aug2024/CMSSW_10_4_0/src/CMGTools/TTHAnalysis/data//fakerate/fr_2016APV_2016_recorrected.root to FR_mva090_el_data_comb_NC_recorrected_pt2
Loading FR_el_i10 from file /nfs/fanae/user/cvico/WorkSpace/ttw-differential/cmssw-aug2024/CMSSW_10_4_0/src/CMGTools/TTHAnalysis/data//fakerate/fr_2016APV_2016_recorrected.root to FR_mva090_el_data_comb_NC_recorrected_up
Loading FR_el_i20 from file /nfs/fanae/user/cvico/WorkSpace/ttw-differential/cmssw-aug2024/CMSSW_10_4_0/src/CMGTools/TTHAnalysis/data//fakerate/fr_2016APV_2016_recorrected.root to FR_mva090_el_data_comb_NC_recorrected_down
Loading FR_mu_i70 from file /nfs/fanae/user/cvico/WorkSpace/ttw-differential/cmssw-aug2024/CMSSW_10_4_0/src/CMGTools/TTHAnalysis/data//fakerate/fr_2016APV_2016_recorrected.root to FR_mva085_mu_data_comb_recorrected
Loading FR_mu_i10 from file /nfs/fanae/user/cvico/WorkSpace/ttw-differential/cmssw-aug2024/CMSSW_10_4_0/src/CMGTools/TTHAnalysis/data//fakerate/fr_2016APV_2016_recorrected.root to FR_mva085_mu_data_comb_recorrected_up
Loading FR_mu_i20 from file /nfs/fanae/user/cvico/WorkSpace/ttw-differential/cmssw-aug2024/CMSSW_10_4_0/src/CMGTools/TTHAnalysis/data//fakerate/fr_2016APV_2016_recorrected.root to FR_mva085_mu_data_comb_recorrected_down
Loading FR_mu_i50 from file /nfs/fanae/user/cvico/WorkSpace/ttw-differential/cmssw-aug2024/CMSSW_10_4_0/src/CMGTools/TTHAnalysis/data//fakerate/fr_2016APV_2016_recorrected.root to FR_mva085_mu_data_comb_recorrected_be1
Loading FR_mu_i60 from file /nfs/fanae/user/cvico/WorkSpace/ttw-differential/cmssw-aug2024/CMSSW_10_4_0/src/CMGTools/TTHAnalysis/data//fakerate/fr_2016APV_2016_recorrected.root to FR_mva085_mu_data_comb_recorrected_be2
Loading FR_mu_i30 from file /nfs/fanae/user/cvico/WorkSpace/ttw-differential/cmssw-aug2024/CMSSW_10_4_0/src/CMGTools/TTHAnalysis/data//fakerate/fr_2016APV_2016_recorrected.root to FR_mva085_mu_data_comb_recorrected_pt1
Loading FR_mu_i40 from file /nfs/fanae/user/cvico/WorkSpace/ttw-differential/cmssw-aug2024/CMSSW_10_4_0/src/CMGTools/TTHAnalysis/data//fakerate/fr_2016APV_2016_recorrected.root to FR_mva085_mu_data_comb_recorrected_pt2
Loading FR_el_i70 from file /nfs/fanae/user/cvico/WorkSpace/ttw-differential/cmssw-aug2024/CMSSW_10_4_0/src/CMGTools/TTHAnalysis/data//fakerate/fr_2016APV_2016_recorrected.root to FR_mva090_el_data_comb_NC_recorrected
Loading FR_el_i50 from file /nfs/fanae/user/cvico/WorkSpace/ttw-differential/cmssw-aug2024/CMSSW_10_4_0/src/CMGTools/TTHAnalysis/data//fakerate/fr_2016APV_2016_recorrected.root to FR_mva090_el_data_comb_NC_recorrected_be1
Loading FR_el_i60 from file /nfs/fanae/user/cvico/WorkSpace/ttw-differential/cmssw-aug2024/CMSSW_10_4_0/src/CMGTools/TTHAnalysis/data//fakerate/fr_2016APV_2016_recorrected.root to FR_mva090_el_data_comb_NC_recorrected_be2
Loading FR_el_i30 from file /nfs/fanae/user/cvico/WorkSpace/ttw-differential/cmssw-aug2024/CMSSW_10_4_0/src/CMGTools/TTHAnalysis/data//fakerate/fr_2016APV_2016_recorrected.root to FR_mva090_el_data_comb_NC_recorrected_pt1
Loading FR_el_i40 from file /nfs/fanae/user/cvico/WorkSpace/ttw-differential/cmssw-aug2024/CMSSW_10_4_0/src/CMGTools/TTHAnalysis/data//fakerate/fr_2016APV_2016_recorrected.root to FR_mva090_el_data_comb_NC_recorrected_pt2
Loading FR_el_i10 from file /nfs/fanae/user/cvico/WorkSpace/ttw-differential/cmssw-aug2024/CMSSW_10_4_0/src/CMGTools/TTHAnalysis/data//fakerate/fr_2016APV_2016_recorrected.root to FR_mva090_el_data_comb_NC_recorrected_up
Loading FR_el_i20 from file /nfs/fanae/user/cvico/WorkSpace/ttw-differential/cmssw-aug2024/CMSSW_10_4_0/src/CMGTools/TTHAnalysis/data//fakerate/fr_2016APV_2016_recorrected.root to FR_mva090_el_data_comb_NC_recorrected_down
Loading FR_mu_i70 from file /nfs/fanae/user/cvico/WorkSpace/ttw-differential/cmssw-aug2024/CMSSW_10_4_0/src/CMGTools/TTHAnalysis/data//fakerate/fr_2016APV_2016_recorrected.root to FR_mva085_mu_data_comb_recorrected
Loading FR_mu_i10 from file /nfs/fanae/user/cvico/WorkSpace/ttw-differential/cmssw-aug2024/CMSSW_10_4_0/src/CMGTools/TTHAnalysis/data//fakerate/fr_2016APV_2016_recorrected.root to FR_mva085_mu_data_comb_recorrected_up
Loading FR_mu_i20 from file /nfs/fanae/user/cvico/WorkSpace/ttw-differential/cmssw-aug2024/CMSSW_10_4_0/src/CMGTools/TTHAnalysis/data//fakerate/fr_2016APV_2016_recorrected.root to FR_mva085_mu_data_comb_recorrected_down
Loading FR_mu_i50 from file /nfs/fanae/user/cvico/WorkSpace/ttw-differential/cmssw-aug2024/CMSSW_10_4_0/src/CMGTools/TTHAnalysis/data//fakerate/fr_2016APV_2016_recorrected.root to FR_mva085_mu_data_comb_recorrected_be1
Loading FR_mu_i60 from file /nfs/fanae/user/cvico/WorkSpace/ttw-differential/cmssw-aug2024/CMSSW_10_4_0/src/CMGTools/TTHAnalysis/data//fakerate/fr_2016APV_2016_recorrected.root to FR_mva085_mu_data_comb_recorrected_be2
Loading FR_mu_i30 from file /nfs/fanae/user/cvico/WorkSpace/ttw-differential/cmssw-aug2024/CMSSW_10_4_0/src/CMGTools/TTHAnalysis/data//fakerate/fr_2016APV_2016_recorrected.root to FR_mva085_mu_data_comb_recorrected_pt1
Loading FR_mu_i40 from file /nfs/fanae/user/cvico/WorkSpace/ttw-differential/cmssw-aug2024/CMSSW_10_4_0/src/CMGTools/TTHAnalysis/data//fakerate/fr_2016APV_2016_recorrected.root to FR_mva085_mu_data_comb_recorrected_pt2
Loading FR_el_i70 from file /nfs/fanae/user/cvico/WorkSpace/ttw-differential/cmssw-aug2024/CMSSW_10_4_0/src/CMGTools/TTHAnalysis/data//fakerate/fr_2016APV_2016_recorrected.root to FR_mva090_el_data_comb_NC_recorrected
Loading FR_el_i50 from file /nfs/fanae/user/cvico/WorkSpace/ttw-differential/cmssw-aug2024/CMSSW_10_4_0/src/CMGTools/TTHAnalysis/data//fakerate/fr_2016APV_2016_recorrected.root to FR_mva090_el_data_comb_NC_recorrected_be1
Loading FR_el_i60 from file /nfs/fanae/user/cvico/WorkSpace/ttw-differential/cmssw-aug2024/CMSSW_10_4_0/src/CMGTools/TTHAnalysis/data//fakerate/fr_2016APV_2016_recorrected.root to FR_mva090_el_data_comb_NC_recorrected_be2
Loading FR_el_i30 from file /nfs/fanae/user/cvico/WorkSpace/ttw-differential/cmssw-aug2024/CMSSW_10_4_0/src/CMGTools/TTHAnalysis/data//fakerate/fr_2016APV_2016_recorrected.root to FR_mva090_el_data_comb_NC_recorrected_pt1
Loading FR_el_i40 from file /nfs/fanae/user/cvico/WorkSpace/ttw-differential/cmssw-aug2024/CMSSW_10_4_0/src/CMGTools/TTHAnalysis/data//fakerate/fr_2016APV_2016_recorrected.root to FR_mva090_el_data_comb_NC_recorrected_pt2
Loading FR_el_i10 from file /nfs/fanae/user/cvico/WorkSpace/ttw-differential/cmssw-aug2024/CMSSW_10_4_0/src/CMGTools/TTHAnalysis/data//fakerate/fr_2016APV_2016_recorrected.root to FR_mva090_el_data_comb_NC_recorrected_up
Loading FR_el_i20 from file /nfs/fanae/user/cvico/WorkSpace/ttw-differential/cmssw-aug2024/CMSSW_10_4_0/src/CMGTools/TTHAnalysis/data//fakerate/fr_2016APV_2016_recorrected.root to FR_mva090_el_data_comb_NC_recorrected_down
Loading FR_mu_i70 from file /nfs/fanae/user/cvico/WorkSpace/ttw-differential/cmssw-aug2024/CMSSW_10_4_0/src/CMGTools/TTHAnalysis/data//fakerate/fr_2016APV_2016_recorrected.root to FR_mva085_mu_data_comb_recorrected
Loading FR_mu_i10 from file /nfs/fanae/user/cvico/WorkSpace/ttw-differential/cmssw-aug2024/CMSSW_10_4_0/src/CMGTools/TTHAnalysis/data//fakerate/fr_2016APV_2016_recorrected.root to FR_mva085_mu_data_comb_recorrected_up
Loading FR_mu_i20 from file /nfs/fanae/user/cvico/WorkSpace/ttw-differential/cmssw-aug2024/CMSSW_10_4_0/src/CMGTools/TTHAnalysis/data//fakerate/fr_2016APV_2016_recorrected.root to FR_mva085_mu_data_comb_recorrected_down
Loading FR_mu_i50 from file /nfs/fanae/user/cvico/WorkSpace/ttw-differential/cmssw-aug2024/CMSSW_10_4_0/src/CMGTools/TTHAnalysis/data//fakerate/fr_2016APV_2016_recorrected.root to FR_mva085_mu_data_comb_recorrected_be1
Loading FR_mu_i60 from file /nfs/fanae/user/cvico/WorkSpace/ttw-differential/cmssw-aug2024/CMSSW_10_4_0/src/CMGTools/TTHAnalysis/data//fakerate/fr_2016APV_2016_recorrected.root to FR_mva085_mu_data_comb_recorrected_be2
Loading FR_mu_i30 from file /nfs/fanae/user/cvico/WorkSpace/ttw-differential/cmssw-aug2024/CMSSW_10_4_0/src/CMGTools/TTHAnalysis/data//fakerate/fr_2016APV_2016_recorrected.root to FR_mva085_mu_data_comb_recorrected_pt1
Loading FR_mu_i40 from file /nfs/fanae/user/cvico/WorkSpace/ttw-differential/cmssw-aug2024/CMSSW_10_4_0/src/CMGTools/TTHAnalysis/data//fakerate/fr_2016APV_2016_recorrected.root to FR_mva085_mu_data_comb_recorrected_pt2
Loading FR_el_i70 from file /nfs/fanae/user/cvico/WorkSpace/ttw-differential/cmssw-aug2024/CMSSW_10_4_0/src/CMGTools/TTHAnalysis/data//fakerate/fr_2016APV_2016_recorrected.root to FR_mva090_el_data_comb_NC_recorrected
Loading FR_el_i50 from file /nfs/fanae/user/cvico/WorkSpace/ttw-differential/cmssw-aug2024/CMSSW_10_4_0/src/CMGTools/TTHAnalysis/data//fakerate/fr_2016APV_2016_recorrected.root to FR_mva090_el_data_comb_NC_recorrected_be1
Loading FR_el_i60 from file /nfs/fanae/user/cvico/WorkSpace/ttw-differential/cmssw-aug2024/CMSSW_10_4_0/src/CMGTools/TTHAnalysis/data//fakerate/fr_2016APV_2016_recorrected.root to FR_mva090_el_data_comb_NC_recorrected_be2
Loading FR_el_i30 from file /nfs/fanae/user/cvico/WorkSpace/ttw-differential/cmssw-aug2024/CMSSW_10_4_0/src/CMGTools/TTHAnalysis/data//fakerate/fr_2016APV_2016_recorrected.root to FR_mva090_el_data_comb_NC_recorrected_pt1
Loading FR_el_i40 from file /nfs/fanae/user/cvico/WorkSpace/ttw-differential/cmssw-aug2024/CMSSW_10_4_0/src/CMGTools/TTHAnalysis/data//fakerate/fr_2016APV_2016_recorrected.root to FR_mva090_el_data_comb_NC_recorrected_pt2
Loading FR_el_i10 from file /nfs/fanae/user/cvico/WorkSpace/ttw-differential/cmssw-aug2024/CMSSW_10_4_0/src/CMGTools/TTHAnalysis/data//fakerate/fr_2016APV_2016_recorrected.root to FR_mva090_el_data_comb_NC_recorrected_up
Loading FR_el_i20 from file /nfs/fanae/user/cvico/WorkSpace/ttw-differential/cmssw-aug2024/CMSSW_10_4_0/src/CMGTools/TTHAnalysis/data//fakerate/fr_2016APV_2016_recorrected.root to FR_mva090_el_data_comb_NC_recorrected_down
Warning: big shift in template for ttW_2lss_0tau_mll_2016 Rares CMS_res_j_barrel_2016 0 in bin 5: variation = 14.075
Warning: big shift in template for ttW_2lss_0tau_mll_2016 Rares CMS_scale_j_Absolute 0 in bin 5: variation = 14.1061
Warning: big shift in template for ttW_2lss_0tau_mll_2016 Rares CMS_scale_j_Absolute_2016 0 in bin 5: variation = 14.1018
Warning: big shift in template for ttW_2lss_0tau_mll_2016 Rares CMS_scale_j_BBEC1 0 in bin 5: variation = 14.1172
Warning: big shift in template for ttW_2lss_0tau_mll_2016 Rares CMS_scale_j_FlavorPureGluon 0 in bin 5: variation = 14.1037
Warning: big shift in template for ttW_2lss_0tau_mll_2016 Rares CMS_scale_j_RelativeBal 1 in bin 5: variation = 14.1233
Warning: big shift in template for ttW_2lss_0tau_mll_2016 Rares CMS_scale_j_RelativeSample_2016 0 in bin 5: variation = 14.0994
Warning: big shift in template for ttW_2lss_0tau_mll_2016 ttH CMS_ttWl_thu_shape_ttH_muF 0 in bin 7: variation = 0.0559293
Warning: big shift in template for ttW_2lss_0tau_mll_2016 ttH CMS_ttWl_thu_shape_ttH_muF 1 in bin 7: variation = 17.8797
Warning: big shift in template for ttW_2lss_0tau_mll_2016 ttH CMS_ttWl_thu_shape_ttH_muR 0 in bin 7: variation = 11.439
Warning: big shift in template for ttW_2lss_0tau_mll_2016 ttH FSR 0 in bin 7: variation = 0.00521145
Warning: big shift in template for ttW_2lss_0tau_mll_2016 ttH FSR 1 in bin 7: variation = 191.885
Warning: big shift in template for ttW_2lss_0tau_mll_2016 ttH QCDpdf_ACCEPT_1 0 in bin 7: variation = 0.0791092
Warning: big shift in template for ttW_2lss_0tau_mll_2016 ttH QCDpdf_ACCEPT_1 1 in bin 7: variation = 12.6408
Warning: big shift in template for ttW_2lss_0tau_mll_2016 ttH QCDpdf_ACCEPT_62 0 in bin 7: variation = 0.0431445
Warning: big shift in template for ttW_2lss_0tau_mll_2016 ttH QCDpdf_ACCEPT_62 1 in bin 7: variation = 23.1779
Warning: big shift in template for ttW_2lss_0tau_mll_2016 ttH QCDpdf_ACCEPT_67 0 in bin 7: variation = 0.00185978
Warning: big shift in template for ttW_2lss_0tau_mll_2016 ttH QCDpdf_ACCEPT_67 1 in bin 7: variation = 537.698
Warning: big shift in template for ttW_2lss_0tau_mll_2016 ttH QCDpdf_ACCEPT_72 0 in bin 7: variation = 0.073737
Warning: big shift in template for ttW_2lss_0tau_mll_2016 ttH QCDpdf_ACCEPT_72 1 in bin 7: variation = 13.5617
Wrote to cards/cards/22Aug/unblinded/cr_nonprompt/mll/ttW_2lss_0tau_mll_2016.txt and cards/cards/22Aug/unblinded/cr_nonprompt/mll/ttW_2lss_0tau_mll_2016.root 
