/mnt_pool/c3_users/user/cvico/WorkSpace/ttw-differential/postfit-plots/counting/3l/HT
WARNING: the default behaviour of PostFitShapesFromWorkspace is to use the covariance matrix sampling method for the post-fit uncertainty. The option --sampling is deprecated and will be removed in future versions of CombineHarvester
[SetFlag] Changing value of flag "workspaces-use-clone" from 0 to 1
[#1] INFO:ObjectHandling -- RooWorkspace::import(w) importing dataset ch1
[#1] INFO:ObjectHandling -- RooWorkspace::import(w) importing dataset ch10
[#1] INFO:ObjectHandling -- RooWorkspace::import(w) importing dataset ch11
[#1] INFO:ObjectHandling -- RooWorkspace::import(w) importing dataset ch12
[#1] INFO:ObjectHandling -- RooWorkspace::import(w) importing dataset ch13
[#1] INFO:ObjectHandling -- RooWorkspace::import(w) importing dataset ch14
[#1] INFO:ObjectHandling -- RooWorkspace::import(w) importing dataset ch15
[#1] INFO:ObjectHandling -- RooWorkspace::import(w) importing dataset ch16
[#1] INFO:ObjectHandling -- RooWorkspace::import(w) importing dataset ch2
[#1] INFO:ObjectHandling -- RooWorkspace::import(w) importing dataset ch3
[#1] INFO:ObjectHandling -- RooWorkspace::import(w) importing dataset ch4
[#1] INFO:ObjectHandling -- RooWorkspace::import(w) importing dataset ch5
[#1] INFO:ObjectHandling -- RooWorkspace::import(w) importing dataset ch6
[#1] INFO:ObjectHandling -- RooWorkspace::import(w) importing dataset ch7
[#1] INFO:ObjectHandling -- RooWorkspace::import(w) importing dataset ch8
[#1] INFO:ObjectHandling -- RooWorkspace::import(w) importing dataset ch9
[SetFlag] Changing value of flag "workspaces-use-clone" from 0 to 1
>> Doing prefit: TotalBkg
>> Doing prefit: TotalSig
>> Doing prefit: TotalProcs
>> Doing prefit: ch1,Convs
>> Doing prefit: ch1,Rares
>> Doing prefit: ch1,TTW_HT_bin0
>> Doing prefit: ch1,TTW_HT_bin1
>> Doing prefit: ch1,TTW_HT_bin2
>> Doing prefit: ch1,TTW_HT_bin3
>> Doing prefit: ch1,TTW_ooa
>> Doing prefit: ch1,TTZ
>> Doing prefit: ch1,WZ
>> Doing prefit: ch1,ZZ
>> Doing prefit: ch1,data_fakes
>> Doing prefit: ch1,tZq
>> Doing prefit: ch1,ttH
>> Doing prefit: ch1,ttVV
>> Doing prefit: ch1,TotalBkg
>> Doing prefit: ch1,TotalSig
>> Doing prefit: ch1,TotalProcs
>> Doing prefit: ch10,Convs
>> Doing prefit: ch10,Rares
>> Doing prefit: ch10,TTW_HT_bin0
>> Doing prefit: ch10,TTW_HT_bin1
>> Doing prefit: ch10,TTW_HT_bin2
>> Doing prefit: ch10,TTW_HT_bin3
>> Doing prefit: ch10,TTW_ooa
>> Doing prefit: ch10,TTZ
>> Doing prefit: ch10,VVV
>> Doing prefit: ch10,WZ
>> Doing prefit: ch10,ZZ
>> Doing prefit: ch10,data_fakes
>> Doing prefit: ch10,tHW
>> Doing prefit: ch10,tHq
>> Doing prefit: ch10,tZq
>> Doing prefit: ch10,ttH
>> Doing prefit: ch10,ttVV
>> Doing prefit: ch10,TotalBkg
>> Doing prefit: ch10,TotalSig
>> Doing prefit: ch10,TotalProcs
>> Doing prefit: ch11,Convs
>> Doing prefit: ch11,Rares
>> Doing prefit: ch11,TTW_HT_bin0
>> Doing prefit: ch11,TTW_HT_bin1
>> Doing prefit: ch11,TTW_HT_bin2
>> Doing prefit: ch11,TTW_HT_bin3
>> Doing prefit: ch11,TTW_ooa
>> Doing prefit: ch11,TTZ
>> Doing prefit: ch11,VVV
>> Doing prefit: ch11,WZ
>> Doing prefit: ch11,ZZ
>> Doing prefit: ch11,data_fakes
>> Doing prefit: ch11,tHW
>> Doing prefit: ch11,tHq
>> Doing prefit: ch11,tZq
>> Doing prefit: ch11,ttH
>> Doing prefit: ch11,ttVV
>> Doing prefit: ch11,TotalBkg
>> Doing prefit: ch11,TotalSig
>> Doing prefit: ch11,TotalProcs
>> Doing prefit: ch12,Rares
>> Doing prefit: ch12,TTW_HT_bin0
>> Doing prefit: ch12,TTW_HT_bin1
>> Doing prefit: ch12,TTW_HT_bin2
>> Doing prefit: ch12,TTW_HT_bin3
>> Doing prefit: ch12,TTW_ooa
>> Doing prefit: ch12,TTZ
>> Doing prefit: ch12,VVV
>> Doing prefit: ch12,WZ
>> Doing prefit: ch12,ZZ
>> Doing prefit: ch12,data_fakes
>> Doing prefit: ch12,tHW
>> Doing prefit: ch12,tHq
>> Doing prefit: ch12,tZq
>> Doing prefit: ch12,ttH
>> Doing prefit: ch12,ttVV
>> Doing prefit: ch12,TotalBkg
>> Doing prefit: ch12,TotalSig
>> Doing prefit: ch12,TotalProcs
>> Doing prefit: ch13,Convs
>> Doing prefit: ch13,Rares
>> Doing prefit: ch13,TTW_HT_bin0
>> Doing prefit: ch13,TTW_HT_bin1
>> Doing prefit: ch13,TTW_HT_bin2
>> Doing prefit: ch13,TTW_HT_bin3
>> Doing prefit: ch13,TTW_ooa
>> Doing prefit: ch13,TTZ
>> Doing prefit: ch13,VVV
>> Doing prefit: ch13,WZ
>> Doing prefit: ch13,ZZ
>> Doing prefit: ch13,data_fakes
>> Doing prefit: ch13,tHW
>> Doing prefit: ch13,tHq
>> Doing prefit: ch13,tZq
>> Doing prefit: ch13,ttH
>> Doing prefit: ch13,ttVV
>> Doing prefit: ch13,TotalBkg
>> Doing prefit: ch13,TotalSig
>> Doing prefit: ch13,TotalProcs
>> Doing prefit: ch14,Convs
>> Doing prefit: ch14,Rares
>> Doing prefit: ch14,TTW_HT_bin0
>> Doing prefit: ch14,TTW_HT_bin1
>> Doing prefit: ch14,TTW_HT_bin2
>> Doing prefit: ch14,TTW_HT_bin3
>> Doing prefit: ch14,TTW_ooa
>> Doing prefit: ch14,TTZ
>> Doing prefit: ch14,VVV
>> Doing prefit: ch14,WZ
>> Doing prefit: ch14,ZZ
>> Doing prefit: ch14,data_fakes
>> Doing prefit: ch14,tHW
>> Doing prefit: ch14,tHq
>> Doing prefit: ch14,tZq
>> Doing prefit: ch14,ttH
>> Doing prefit: ch14,ttVV
>> Doing prefit: ch14,TotalBkg
>> Doing prefit: ch14,TotalSig
>> Doing prefit: ch14,TotalProcs
>> Doing prefit: ch15,Convs
>> Doing prefit: ch15,Rares
>> Doing prefit: ch15,TTW_HT_bin0
>> Doing prefit: ch15,TTW_HT_bin1
>> Doing prefit: ch15,TTW_HT_bin2
>> Doing prefit: ch15,TTW_HT_bin3
>> Doing prefit: ch15,TTW_ooa
>> Doing prefit: ch15,TTZ
>> Doing prefit: ch15,VVV
>> Doing prefit: ch15,WZ
>> Doing prefit: ch15,ZZ
>> Doing prefit: ch15,data_fakes
>> Doing prefit: ch15,tHW
>> Doing prefit: ch15,tHq
>> Doing prefit: ch15,tZq
>> Doing prefit: ch15,ttH
>> Doing prefit: ch15,ttVV
>> Doing prefit: ch15,TotalBkg
>> Doing prefit: ch15,TotalSig
>> Doing prefit: ch15,TotalProcs
>> Doing prefit: ch16,Rares
>> Doing prefit: ch16,TTW_HT_bin0
>> Doing prefit: ch16,TTW_HT_bin1
>> Doing prefit: ch16,TTW_HT_bin2
>> Doing prefit: ch16,TTW_HT_bin3
>> Doing prefit: ch16,TTW_ooa
>> Doing prefit: ch16,TTZ
>> Doing prefit: ch16,VVV
>> Doing prefit: ch16,WZ
>> Doing prefit: ch16,ZZ
>> Doing prefit: ch16,data_fakes
>> Doing prefit: ch16,tHW
>> Doing prefit: ch16,tHq
>> Doing prefit: ch16,tZq
>> Doing prefit: ch16,ttH
>> Doing prefit: ch16,ttVV
>> Doing prefit: ch16,TotalBkg
>> Doing prefit: ch16,TotalSig
>> Doing prefit: ch16,TotalProcs
>> Doing prefit: ch2,Convs
>> Doing prefit: ch2,Rares
>> Doing prefit: ch2,TTW_HT_bin0
>> Doing prefit: ch2,TTW_HT_bin1
>> Doing prefit: ch2,TTW_HT_bin2
>> Doing prefit: ch2,TTW_HT_bin3
>> Doing prefit: ch2,TTW_ooa
>> Doing prefit: ch2,TTZ
>> Doing prefit: ch2,VVV
>> Doing prefit: ch2,WZ
>> Doing prefit: ch2,ZZ
>> Doing prefit: ch2,data_fakes
>> Doing prefit: ch2,tHW
>> Doing prefit: ch2,tHq
>> Doing prefit: ch2,tZq
>> Doing prefit: ch2,ttH
>> Doing prefit: ch2,ttVV
>> Doing prefit: ch2,TotalBkg
>> Doing prefit: ch2,TotalSig
>> Doing prefit: ch2,TotalProcs
>> Doing prefit: ch3,Convs
>> Doing prefit: ch3,Rares
>> Doing prefit: ch3,TTW_HT_bin0
>> Doing prefit: ch3,TTW_HT_bin1
>> Doing prefit: ch3,TTW_HT_bin2
>> Doing prefit: ch3,TTW_HT_bin3
>> Doing prefit: ch3,TTW_ooa
>> Doing prefit: ch3,TTZ
>> Doing prefit: ch3,VVV
>> Doing prefit: ch3,WZ
>> Doing prefit: ch3,ZZ
>> Doing prefit: ch3,data_fakes
>> Doing prefit: ch3,tHW
>> Doing prefit: ch3,tHq
>> Doing prefit: ch3,tZq
>> Doing prefit: ch3,ttH
>> Doing prefit: ch3,ttVV
>> Doing prefit: ch3,TotalBkg
>> Doing prefit: ch3,TotalSig
>> Doing prefit: ch3,TotalProcs
>> Doing prefit: ch4,Rares
>> Doing prefit: ch4,TTW_HT_bin0
>> Doing prefit: ch4,TTW_HT_bin1
>> Doing prefit: ch4,TTW_HT_bin2
>> Doing prefit: ch4,TTW_HT_bin3
>> Doing prefit: ch4,TTW_ooa
>> Doing prefit: ch4,TTZ
>> Doing prefit: ch4,VVV
>> Doing prefit: ch4,WZ
>> Doing prefit: ch4,ZZ
>> Doing prefit: ch4,data_fakes
>> Doing prefit: ch4,tHW
>> Doing prefit: ch4,tHq
>> Doing prefit: ch4,tZq
>> Doing prefit: ch4,ttH
>> Doing prefit: ch4,ttVV
>> Doing prefit: ch4,TotalBkg
>> Doing prefit: ch4,TotalSig
>> Doing prefit: ch4,TotalProcs
>> Doing prefit: ch5,Convs
>> Doing prefit: ch5,Rares
>> Doing prefit: ch5,TTW_HT_bin0
>> Doing prefit: ch5,TTW_HT_bin1
>> Doing prefit: ch5,TTW_HT_bin2
>> Doing prefit: ch5,TTW_HT_bin3
>> Doing prefit: ch5,TTW_ooa
>> Doing prefit: ch5,TTZ
>> Doing prefit: ch5,WZ
>> Doing prefit: ch5,ZZ
>> Doing prefit: ch5,data_fakes
>> Doing prefit: ch5,tZq
>> Doing prefit: ch5,ttH
>> Doing prefit: ch5,ttVV
>> Doing prefit: ch5,TotalBkg
>> Doing prefit: ch5,TotalSig
>> Doing prefit: ch5,TotalProcs
>> Doing prefit: ch6,Convs
>> Doing prefit: ch6,Rares
>> Doing prefit: ch6,TTW_HT_bin0
>> Doing prefit: ch6,TTW_HT_bin1
>> Doing prefit: ch6,TTW_HT_bin2
>> Doing prefit: ch6,TTW_HT_bin3
>> Doing prefit: ch6,TTW_ooa
>> Doing prefit: ch6,TTZ
>> Doing prefit: ch6,WZ
>> Doing prefit: ch6,ZZ
>> Doing prefit: ch6,data_fakes
>> Doing prefit: ch6,tHW
>> Doing prefit: ch6,tHq
>> Doing prefit: ch6,tZq
>> Doing prefit: ch6,ttH
>> Doing prefit: ch6,ttVV
>> Doing prefit: ch6,TotalBkg
>> Doing prefit: ch6,TotalSig
>> Doing prefit: ch6,TotalProcs
>> Doing prefit: ch7,Convs
>> Doing prefit: ch7,Rares
>> Doing prefit: ch7,TTW_HT_bin0
>> Doing prefit: ch7,TTW_HT_bin1
>> Doing prefit: ch7,TTW_HT_bin2
>> Doing prefit: ch7,TTW_HT_bin3
>> Doing prefit: ch7,TTW_ooa
>> Doing prefit: ch7,TTZ
>> Doing prefit: ch7,VVV
>> Doing prefit: ch7,WZ
>> Doing prefit: ch7,ZZ
>> Doing prefit: ch7,data_fakes
>> Doing prefit: ch7,tHW
>> Doing prefit: ch7,tHq
>> Doing prefit: ch7,tZq
>> Doing prefit: ch7,ttH
>> Doing prefit: ch7,ttVV
>> Doing prefit: ch7,TotalBkg
>> Doing prefit: ch7,TotalSig
>> Doing prefit: ch7,TotalProcs
>> Doing prefit: ch8,Rares
>> Doing prefit: ch8,TTW_HT_bin0
>> Doing prefit: ch8,TTW_HT_bin1
>> Doing prefit: ch8,TTW_HT_bin2
>> Doing prefit: ch8,TTW_HT_bin3
>> Doing prefit: ch8,TTW_ooa
>> Doing prefit: ch8,TTZ
>> Doing prefit: ch8,VVV
>> Doing prefit: ch8,WZ
>> Doing prefit: ch8,ZZ
>> Doing prefit: ch8,data_fakes
>> Doing prefit: ch8,tHW
>> Doing prefit: ch8,tHq
>> Doing prefit: ch8,tZq
>> Doing prefit: ch8,ttH
>> Doing prefit: ch8,ttVV
>> Doing prefit: ch8,TotalBkg
>> Doing prefit: ch8,TotalSig
>> Doing prefit: ch8,TotalProcs
>> Doing prefit: ch9,Convs
>> Doing prefit: ch9,Rares
>> Doing prefit: ch9,TTW_HT_bin0
>> Doing prefit: ch9,TTW_HT_bin1
>> Doing prefit: ch9,TTW_HT_bin2
>> Doing prefit: ch9,TTW_HT_bin3
>> Doing prefit: ch9,TTW_ooa
>> Doing prefit: ch9,TTZ
>> Doing prefit: ch9,VVV
>> Doing prefit: ch9,WZ
>> Doing prefit: ch9,ZZ
>> Doing prefit: ch9,data_fakes
>> Doing prefit: ch9,tHW
>> Doing prefit: ch9,tHq
>> Doing prefit: ch9,tZq
>> Doing prefit: ch9,ttH
>> Doing prefit: ch9,ttVV
>> Doing prefit: ch9,TotalBkg
>> Doing prefit: ch9,TotalSig
>> Doing prefit: ch9,TotalProcs
Bin                       Total relative bkg uncert. (prefit)
----------------------------------------------------------
ch1                       0.17484   
ch10                      0.12649   
ch11                      0.10183   
ch12                      0.12099   
ch13                      0.14282   
ch14                      0.11327   
ch15                      0.11079   
ch16                      0.11611   
ch2                       0.14738   
ch3                       0.13423   
ch4                       0.12152   
ch5                       0.13775   
ch6                       0.13554   
ch7                       0.09941   
ch8                       0.12184   
ch9                       0.13869   
>> Doing postfit: TotalBkg
>> Doing postfit: TotalSig
>> Doing postfit: TotalProcs
>> Doing postfit: ch1,Convs
>> Doing postfit: ch1,Rares
>> Doing postfit: ch1,TTW_HT_bin0
>> Doing postfit: ch1,TTW_HT_bin1
>> Doing postfit: ch1,TTW_HT_bin2
>> Doing postfit: ch1,TTW_HT_bin3
>> Doing postfit: ch1,TTW_ooa
>> Doing postfit: ch1,TTZ
>> Doing postfit: ch1,WZ
>> Doing postfit: ch1,ZZ
>> Doing postfit: ch1,data_fakes
>> Doing postfit: ch1,tZq
>> Doing postfit: ch1,ttH
>> Doing postfit: ch1,ttVV
>> Doing postfit: ch1,TotalBkg
>> Doing postfit: ch1,TotalSig
>> Doing postfit: ch1,TotalProcs
>> Doing postfit: ch10,Convs
>> Doing postfit: ch10,Rares
>> Doing postfit: ch10,TTW_HT_bin0
>> Doing postfit: ch10,TTW_HT_bin1
>> Doing postfit: ch10,TTW_HT_bin2
>> Doing postfit: ch10,TTW_HT_bin3
>> Doing postfit: ch10,TTW_ooa
>> Doing postfit: ch10,TTZ
>> Doing postfit: ch10,VVV
>> Doing postfit: ch10,WZ
>> Doing postfit: ch10,ZZ
>> Doing postfit: ch10,data_fakes
>> Doing postfit: ch10,tHW
>> Doing postfit: ch10,tHq
>> Doing postfit: ch10,tZq
>> Doing postfit: ch10,ttH
>> Doing postfit: ch10,ttVV
>> Doing postfit: ch10,TotalBkg
>> Doing postfit: ch10,TotalSig
>> Doing postfit: ch10,TotalProcs
>> Doing postfit: ch11,Convs
>> Doing postfit: ch11,Rares
>> Doing postfit: ch11,TTW_HT_bin0
>> Doing postfit: ch11,TTW_HT_bin1
>> Doing postfit: ch11,TTW_HT_bin2
>> Doing postfit: ch11,TTW_HT_bin3
>> Doing postfit: ch11,TTW_ooa
>> Doing postfit: ch11,TTZ
>> Doing postfit: ch11,VVV
>> Doing postfit: ch11,WZ
>> Doing postfit: ch11,ZZ
>> Doing postfit: ch11,data_fakes
>> Doing postfit: ch11,tHW
>> Doing postfit: ch11,tHq
>> Doing postfit: ch11,tZq
>> Doing postfit: ch11,ttH
>> Doing postfit: ch11,ttVV
>> Doing postfit: ch11,TotalBkg
>> Doing postfit: ch11,TotalSig
>> Doing postfit: ch11,TotalProcs
>> Doing postfit: ch12,Rares
>> Doing postfit: ch12,TTW_HT_bin0
>> Doing postfit: ch12,TTW_HT_bin1
>> Doing postfit: ch12,TTW_HT_bin2
>> Doing postfit: ch12,TTW_HT_bin3
>> Doing postfit: ch12,TTW_ooa
>> Doing postfit: ch12,TTZ
>> Doing postfit: ch12,VVV
>> Doing postfit: ch12,WZ
>> Doing postfit: ch12,ZZ
>> Doing postfit: ch12,data_fakes
>> Doing postfit: ch12,tHW
>> Doing postfit: ch12,tHq
>> Doing postfit: ch12,tZq
>> Doing postfit: ch12,ttH
>> Doing postfit: ch12,ttVV
>> Doing postfit: ch12,TotalBkg
>> Doing postfit: ch12,TotalSig
>> Doing postfit: ch12,TotalProcs
>> Doing postfit: ch13,Convs
>> Doing postfit: ch13,Rares
>> Doing postfit: ch13,TTW_HT_bin0
>> Doing postfit: ch13,TTW_HT_bin1
>> Doing postfit: ch13,TTW_HT_bin2
>> Doing postfit: ch13,TTW_HT_bin3
>> Doing postfit: ch13,TTW_ooa
>> Doing postfit: ch13,TTZ
>> Doing postfit: ch13,VVV
>> Doing postfit: ch13,WZ
>> Doing postfit: ch13,ZZ
>> Doing postfit: ch13,data_fakes
>> Doing postfit: ch13,tHW
>> Doing postfit: ch13,tHq
>> Doing postfit: ch13,tZq
>> Doing postfit: ch13,ttH
>> Doing postfit: ch13,ttVV
>> Doing postfit: ch13,TotalBkg
>> Doing postfit: ch13,TotalSig
>> Doing postfit: ch13,TotalProcs
>> Doing postfit: ch14,Convs
>> Doing postfit: ch14,Rares
>> Doing postfit: ch14,TTW_HT_bin0
>> Doing postfit: ch14,TTW_HT_bin1
>> Doing postfit: ch14,TTW_HT_bin2
>> Doing postfit: ch14,TTW_HT_bin3
>> Doing postfit: ch14,TTW_ooa
>> Doing postfit: ch14,TTZ
>> Doing postfit: ch14,VVV
>> Doing postfit: ch14,WZ
>> Doing postfit: ch14,ZZ
>> Doing postfit: ch14,data_fakes
>> Doing postfit: ch14,tHW
>> Doing postfit: ch14,tHq
>> Doing postfit: ch14,tZq
>> Doing postfit: ch14,ttH
>> Doing postfit: ch14,ttVV
>> Doing postfit: ch14,TotalBkg
>> Doing postfit: ch14,TotalSig
>> Doing postfit: ch14,TotalProcs
>> Doing postfit: ch15,Convs
>> Doing postfit: ch15,Rares
>> Doing postfit: ch15,TTW_HT_bin0
>> Doing postfit: ch15,TTW_HT_bin1
>> Doing postfit: ch15,TTW_HT_bin2
>> Doing postfit: ch15,TTW_HT_bin3
>> Doing postfit: ch15,TTW_ooa
>> Doing postfit: ch15,TTZ
>> Doing postfit: ch15,VVV
>> Doing postfit: ch15,WZ
>> Doing postfit: ch15,ZZ
>> Doing postfit: ch15,data_fakes
>> Doing postfit: ch15,tHW
>> Doing postfit: ch15,tHq
>> Doing postfit: ch15,tZq
>> Doing postfit: ch15,ttH
>> Doing postfit: ch15,ttVV
>> Doing postfit: ch15,TotalBkg
>> Doing postfit: ch15,TotalSig
>> Doing postfit: ch15,TotalProcs
>> Doing postfit: ch16,Rares
>> Doing postfit: ch16,TTW_HT_bin0
>> Doing postfit: ch16,TTW_HT_bin1
>> Doing postfit: ch16,TTW_HT_bin2
>> Doing postfit: ch16,TTW_HT_bin3
>> Doing postfit: ch16,TTW_ooa
>> Doing postfit: ch16,TTZ
>> Doing postfit: ch16,VVV
>> Doing postfit: ch16,WZ
>> Doing postfit: ch16,ZZ
>> Doing postfit: ch16,data_fakes
>> Doing postfit: ch16,tHW
>> Doing postfit: ch16,tHq
>> Doing postfit: ch16,tZq
>> Doing postfit: ch16,ttH
>> Doing postfit: ch16,ttVV
>> Doing postfit: ch16,TotalBkg
>> Doing postfit: ch16,TotalSig
>> Doing postfit: ch16,TotalProcs
>> Doing postfit: ch2,Convs
>> Doing postfit: ch2,Rares
>> Doing postfit: ch2,TTW_HT_bin0
>> Doing postfit: ch2,TTW_HT_bin1
>> Doing postfit: ch2,TTW_HT_bin2
>> Doing postfit: ch2,TTW_HT_bin3
>> Doing postfit: ch2,TTW_ooa
>> Doing postfit: ch2,TTZ
>> Doing postfit: ch2,VVV
>> Doing postfit: ch2,WZ
>> Doing postfit: ch2,ZZ
>> Doing postfit: ch2,data_fakes
>> Doing postfit: ch2,tHW
>> Doing postfit: ch2,tHq
>> Doing postfit: ch2,tZq
>> Doing postfit: ch2,ttH
>> Doing postfit: ch2,ttVV
>> Doing postfit: ch2,TotalBkg
>> Doing postfit: ch2,TotalSig
>> Doing postfit: ch2,TotalProcs
>> Doing postfit: ch3,Convs
>> Doing postfit: ch3,Rares
>> Doing postfit: ch3,TTW_HT_bin0
>> Doing postfit: ch3,TTW_HT_bin1
>> Doing postfit: ch3,TTW_HT_bin2
>> Doing postfit: ch3,TTW_HT_bin3
>> Doing postfit: ch3,TTW_ooa
>> Doing postfit: ch3,TTZ
>> Doing postfit: ch3,VVV
>> Doing postfit: ch3,WZ
>> Doing postfit: ch3,ZZ
>> Doing postfit: ch3,data_fakes
>> Doing postfit: ch3,tHW
>> Doing postfit: ch3,tHq
>> Doing postfit: ch3,tZq
>> Doing postfit: ch3,ttH
>> Doing postfit: ch3,ttVV
>> Doing postfit: ch3,TotalBkg
>> Doing postfit: ch3,TotalSig
>> Doing postfit: ch3,TotalProcs
>> Doing postfit: ch4,Rares
>> Doing postfit: ch4,TTW_HT_bin0
>> Doing postfit: ch4,TTW_HT_bin1
>> Doing postfit: ch4,TTW_HT_bin2
>> Doing postfit: ch4,TTW_HT_bin3
>> Doing postfit: ch4,TTW_ooa
>> Doing postfit: ch4,TTZ
>> Doing postfit: ch4,VVV
>> Doing postfit: ch4,WZ
>> Doing postfit: ch4,ZZ
>> Doing postfit: ch4,data_fakes
>> Doing postfit: ch4,tHW
>> Doing postfit: ch4,tHq
>> Doing postfit: ch4,tZq
>> Doing postfit: ch4,ttH
>> Doing postfit: ch4,ttVV
>> Doing postfit: ch4,TotalBkg
>> Doing postfit: ch4,TotalSig
>> Doing postfit: ch4,TotalProcs
>> Doing postfit: ch5,Convs
>> Doing postfit: ch5,Rares
>> Doing postfit: ch5,TTW_HT_bin0
>> Doing postfit: ch5,TTW_HT_bin1
>> Doing postfit: ch5,TTW_HT_bin2
>> Doing postfit: ch5,TTW_HT_bin3
>> Doing postfit: ch5,TTW_ooa
>> Doing postfit: ch5,TTZ
>> Doing postfit: ch5,WZ
>> Doing postfit: ch5,ZZ
>> Doing postfit: ch5,data_fakes
>> Doing postfit: ch5,tZq
>> Doing postfit: ch5,ttH
>> Doing postfit: ch5,ttVV
>> Doing postfit: ch5,TotalBkg
>> Doing postfit: ch5,TotalSig
>> Doing postfit: ch5,TotalProcs
>> Doing postfit: ch6,Convs
>> Doing postfit: ch6,Rares
>> Doing postfit: ch6,TTW_HT_bin0
>> Doing postfit: ch6,TTW_HT_bin1
>> Doing postfit: ch6,TTW_HT_bin2
>> Doing postfit: ch6,TTW_HT_bin3
>> Doing postfit: ch6,TTW_ooa
>> Doing postfit: ch6,TTZ
>> Doing postfit: ch6,WZ
>> Doing postfit: ch6,ZZ
>> Doing postfit: ch6,data_fakes
>> Doing postfit: ch6,tHW
>> Doing postfit: ch6,tHq
>> Doing postfit: ch6,tZq
>> Doing postfit: ch6,ttH
>> Doing postfit: ch6,ttVV
>> Doing postfit: ch6,TotalBkg
>> Doing postfit: ch6,TotalSig
>> Doing postfit: ch6,TotalProcs
>> Doing postfit: ch7,Convs
>> Doing postfit: ch7,Rares
>> Doing postfit: ch7,TTW_HT_bin0
>> Doing postfit: ch7,TTW_HT_bin1
>> Doing postfit: ch7,TTW_HT_bin2
>> Doing postfit: ch7,TTW_HT_bin3
>> Doing postfit: ch7,TTW_ooa
>> Doing postfit: ch7,TTZ
>> Doing postfit: ch7,VVV
>> Doing postfit: ch7,WZ
>> Doing postfit: ch7,ZZ
>> Doing postfit: ch7,data_fakes
>> Doing postfit: ch7,tHW
>> Doing postfit: ch7,tHq
>> Doing postfit: ch7,tZq
>> Doing postfit: ch7,ttH
>> Doing postfit: ch7,ttVV
>> Doing postfit: ch7,TotalBkg
>> Doing postfit: ch7,TotalSig
>> Doing postfit: ch7,TotalProcs
>> Doing postfit: ch8,Rares
>> Doing postfit: ch8,TTW_HT_bin0
>> Doing postfit: ch8,TTW_HT_bin1
>> Doing postfit: ch8,TTW_HT_bin2
>> Doing postfit: ch8,TTW_HT_bin3
>> Doing postfit: ch8,TTW_ooa
>> Doing postfit: ch8,TTZ
>> Doing postfit: ch8,VVV
>> Doing postfit: ch8,WZ
>> Doing postfit: ch8,ZZ
>> Doing postfit: ch8,data_fakes
>> Doing postfit: ch8,tHW
>> Doing postfit: ch8,tHq
>> Doing postfit: ch8,tZq
>> Doing postfit: ch8,ttH
>> Doing postfit: ch8,ttVV
>> Doing postfit: ch8,TotalBkg
>> Doing postfit: ch8,TotalSig
>> Doing postfit: ch8,TotalProcs
>> Doing postfit: ch9,Convs
>> Doing postfit: ch9,Rares
>> Doing postfit: ch9,TTW_HT_bin0
>> Doing postfit: ch9,TTW_HT_bin1
>> Doing postfit: ch9,TTW_HT_bin2
>> Doing postfit: ch9,TTW_HT_bin3
>> Doing postfit: ch9,TTW_ooa
>> Doing postfit: ch9,TTZ
>> Doing postfit: ch9,VVV
>> Doing postfit: ch9,WZ
>> Doing postfit: ch9,ZZ
>> Doing postfit: ch9,data_fakes
>> Doing postfit: ch9,tHW
>> Doing postfit: ch9,tHq
>> Doing postfit: ch9,tZq
>> Doing postfit: ch9,ttH
>> Doing postfit: ch9,ttVV
>> Doing postfit: ch9,TotalBkg
>> Doing postfit: ch9,TotalSig
>> Doing postfit: ch9,TotalProcs

Bin                       Total relative bkg uncert. (postfit)
----------------------------------------------------------
ch1                       0.02016   
ch10                      0.01017   
ch11                      0.00975   
ch12                      0.02104   
ch13                      0.01171   
ch14                      0.00851   
ch15                      0.00947   
ch16                      0.00817   
ch2                       0.01380   
ch3                       0.01316   
ch4                       0.00786   
ch5                       0.01512   
ch6                       0.01101   
ch7                       0.00741   
ch8                       0.00834   
ch9                       0.03117   

Bin                       Process              Scale factor
----------------------------------------------------------
ch1                       Convs                1.04829   
ch1                       Rares                1.33979   
ch1                       TTW_HT_bin0          0.60596   
ch1                       TTW_HT_bin1          0.45287   
ch1                       TTW_HT_bin2          0.79286   
ch1                       TTW_HT_bin3          4.61292   
ch1                       TTW_ooa              1.16110   
ch1                       TTZ                  1.20277   
ch1                       WZ                   1.04760   
ch1                       ZZ                   1.48008   
ch1                       data_fakes           4.15902   
ch1                       tZq                  1.21183   
ch1                       ttH                  1.10379   
ch1                       ttVV                 1.11507   
ch10                      Convs                1.03346   
ch10                      Rares                1.45870   
ch10                      TTW_HT_bin0          0.61800   
ch10                      TTW_HT_bin1          0.45523   
ch10                      TTW_HT_bin2          0.88534   
ch10                      TTW_HT_bin3          4.42936   
ch10                      TTW_ooa              1.20948   
ch10                      TTZ                  1.17004   
ch10                      VVV                  1.30743   
ch10                      WZ                   1.21250   
ch10                      ZZ                   1.43588   
ch10                      data_fakes           1.49033   
ch10                      tHW                  1.09233   
ch10                      tHq                  1.08401   
ch10                      tZq                  1.16888   
ch10                      ttH                  1.08807   
ch10                      ttVV                 1.08854   
ch11                      Convs                0.56514   
ch11                      Rares                1.29865   
ch11                      TTW_HT_bin0          0.60437   
ch11                      TTW_HT_bin1          0.44368   
ch11                      TTW_HT_bin2          0.86849   
ch11                      TTW_HT_bin3          4.37664   
ch11                      TTW_ooa              1.11495   
ch11                      TTZ                  1.15361   
ch11                      VVV                  1.35411   
ch11                      WZ                   1.06499   
ch11                      ZZ                   1.39501   
ch11                      data_fakes           1.30727   
ch11                      tHW                  1.06350   
ch11                      tHq                  1.15018   
ch11                      tZq                  1.13394   
ch11                      ttH                  1.06042   
ch11                      ttVV                 1.06053   
ch12                      Rares                1.21786   
ch12                      TTW_HT_bin0          0.58648   
ch12                      TTW_HT_bin1          0.43753   
ch12                      TTW_HT_bin2          0.84642   
ch12                      TTW_HT_bin3          4.16304   
ch12                      TTW_ooa              1.06674   
ch12                      TTZ                  1.13695   
ch12                      VVV                  1.26441   
ch12                      WZ                   1.10527   
ch12                      ZZ                   1.36647   
ch12                      data_fakes           0.88263   
ch12                      tHW                  1.05166   
ch12                      tHq                  1.02853   
ch12                      tZq                  1.11819   
ch12                      ttH                  1.02799   
ch12                      ttVV                 1.04503   
ch13                      Convs                0.98520   
ch13                      Rares                1.29747   
ch13                      TTW_HT_bin0          0.58481   
ch13                      TTW_HT_bin1          0.44999   
ch13                      TTW_HT_bin2          0.87207   
ch13                      TTW_HT_bin3          4.38885   
ch13                      TTW_ooa              1.19181   
ch13                      TTZ                  1.16341   
ch13                      VVV                  1.26949   
ch13                      WZ                   0.98620   
ch13                      ZZ                   1.62460   
ch13                      data_fakes           2.20304   
ch13                      tHW                  1.05303   
ch13                      tHq                  1.07341   
ch13                      tZq                  1.18288   
ch13                      ttH                  1.05231   
ch13                      ttVV                 1.05878   
ch14                      Convs                1.06774   
ch14                      Rares                1.38057   
ch14                      TTW_HT_bin0          0.59279   
ch14                      TTW_HT_bin1          0.43629   
ch14                      TTW_HT_bin2          0.84618   
ch14                      TTW_HT_bin3          4.32091   
ch14                      TTW_ooa              1.03200   
ch14                      TTZ                  1.15994   
ch14                      VVV                  3.22472   
ch14                      WZ                   0.95985   
ch14                      ZZ                   1.06778   
ch14                      data_fakes           1.64107   
ch14                      tHW                  1.05477   
ch14                      tHq                  1.04528   
ch14                      tZq                  1.10405   
ch14                      ttH                  1.03682   
ch14                      ttVV                 1.03968   
ch15                      Convs                1.09371   
ch15                      Rares                1.19553   
ch15                      TTW_HT_bin0          0.57448   
ch15                      TTW_HT_bin1          0.42201   
ch15                      TTW_HT_bin2          0.83437   
ch15                      TTW_HT_bin3          4.15760   
ch15                      TTW_ooa              1.04840   
ch15                      TTZ                  1.12775   
ch15                      VVV                  1.41942   
ch15                      WZ                   0.95742   
ch15                      ZZ                   1.25600   
ch15                      data_fakes           1.22398   
ch15                      tHW                  1.00933   
ch15                      tHq                  1.00923   
ch15                      tZq                  1.08281   
ch15                      ttH                  1.00981   
ch15                      ttVV                 1.01545   
ch16                      Rares                1.19927   
ch16                      TTW_HT_bin0          0.55705   
ch16                      TTW_HT_bin1          0.40786   
ch16                      TTW_HT_bin2          0.81453   
ch16                      TTW_HT_bin3          4.07454   
ch16                      TTW_ooa              0.95614   
ch16                      TTZ                  1.08440   
ch16                      VVV                  1.13569   
ch16                      WZ                   0.91681   
ch16                      ZZ                   1.10851   
ch16                      data_fakes           0.85659   
ch16                      tHW                  1.01425   
ch16                      tHq                  0.97096   
ch16                      tZq                  1.05676   
ch16                      ttH                  0.99301   
ch16                      ttVV                 0.99377   
ch2                       Convs                1.10002   
ch2                       Rares                1.30790   
ch2                       TTW_HT_bin0          0.60382   
ch2                       TTW_HT_bin1          0.44893   
ch2                       TTW_HT_bin2          0.86774   
ch2                       TTW_HT_bin3          4.41569   
ch2                       TTW_ooa              1.08460   
ch2                       TTZ                  1.15363   
ch2                       VVV                  1.33156   
ch2                       WZ                   1.14610   
ch2                       ZZ                   1.54774   
ch2                       data_fakes           1.99073   
ch2                       tHW                  1.07350   
ch2                       tHq                  1.06083   
ch2                       tZq                  1.16147   
ch2                       ttH                  1.06032   
ch2                       ttVV                 1.06776   
ch3                       Convs                1.04460   
ch3                       Rares                1.26722   
ch3                       TTW_HT_bin0          0.58069   
ch3                       TTW_HT_bin1          0.43103   
ch3                       TTW_HT_bin2          0.86426   
ch3                       TTW_HT_bin3          4.18288   
ch3                       TTW_ooa              1.01678   
ch3                       TTZ                  1.15894   
ch3                       VVV                  1.24277   
ch3                       WZ                   1.03849   
ch3                       ZZ                   1.31618   
ch3                       data_fakes           1.18984   
ch3                       tHW                  1.03628   
ch3                       tHq                  1.03894   
ch3                       tZq                  1.15665   
ch3                       ttH                  1.03534   
ch3                       ttVV                 1.03716   
ch4                       Rares                1.24110   
ch4                       TTW_HT_bin0          0.59049   
ch4                       TTW_HT_bin1          0.41604   
ch4                       TTW_HT_bin2          0.82034   
ch4                       TTW_HT_bin3          4.12041   
ch4                       TTW_ooa              1.03126   
ch4                       TTZ                  1.10984   
ch4                       VVV                  1.21160   
ch4                       WZ                   1.08517   
ch4                       ZZ                   1.52160   
ch4                       data_fakes           0.92805   
ch4                       tHW                  1.00233   
ch4                       tHq                  1.00093   
ch4                       tZq                  1.08878   
ch4                       ttH                  1.02638   
ch4                       ttVV                 1.00649   
ch5                       Convs                1.04817   
ch5                       Rares                1.32502   
ch5                       TTW_HT_bin0          0.56625   
ch5                       TTW_HT_bin1          0.31732   
ch5                       TTW_HT_bin2          0.86837   
ch5                       TTW_HT_bin3          4.29389   
ch5                       TTW_ooa              1.31539   
ch5                       TTZ                  1.38695   
ch5                       WZ                   1.19888   
ch5                       ZZ                   5.30295   
ch5                       data_fakes           2.51271   
ch5                       tZq                  1.25747   
ch5                       ttH                  0.97355   
ch5                       ttVV                 1.04801   
ch6                       Convs                1.05381   
ch6                       Rares                1.31069   
ch6                       TTW_HT_bin0          0.60039   
ch6                       TTW_HT_bin1          0.43537   
ch6                       TTW_HT_bin2          0.86848   
ch6                       TTW_HT_bin3          4.45688   
ch6                       TTW_ooa              1.64995   
ch6                       TTZ                  1.15993   
ch6                       WZ                   1.50224   
ch6                       ZZ                   1.23882   
ch6                       data_fakes           2.40900   
ch6                       tHW                  1.08479   
ch6                       tHq                  1.07982   
ch6                       tZq                  1.11409   
ch6                       ttH                  1.02386   
ch6                       ttVV                 1.06804   
ch7                       Convs                1.04838   
ch7                       Rares                1.25736   
ch7                       TTW_HT_bin0          0.58443   
ch7                       TTW_HT_bin1          0.42883   
ch7                       TTW_HT_bin2          0.83849   
ch7                       TTW_HT_bin3          4.38468   
ch7                       TTW_ooa              1.11602   
ch7                       TTZ                  1.18091   
ch7                       VVV                  1.29534   
ch7                       WZ                   1.25471   
ch7                       ZZ                   1.57855   
ch7                       data_fakes           1.23353   
ch7                       tHW                  1.08344   
ch7                       tHq                  1.04134   
ch7                       tZq                  1.08857   
ch7                       ttH                  1.04353   
ch7                       ttVV                 1.03748   
ch8                       Rares                1.24927   
ch8                       TTW_HT_bin0          0.58744   
ch8                       TTW_HT_bin1          0.41698   
ch8                       TTW_HT_bin2          0.83946   
ch8                       TTW_HT_bin3          4.09555   
ch8                       TTW_ooa              1.01775   
ch8                       TTZ                  1.10603   
ch8                       VVV                  1.25348   
ch8                       WZ                   1.26944   
ch8                       ZZ                   1.40537   
ch8                       data_fakes           0.85215   
ch8                       tHW                  1.03793   
ch8                       tHq                  1.01529   
ch8                       tZq                  1.09602   
ch8                       ttH                  1.02729   
ch8                       ttVV                 1.01500   
ch9                       Convs                0.63781   
ch9                       Rares                1.35533   
ch9                       TTW_HT_bin0          0.62460   
ch9                       TTW_HT_bin1          0.45646   
ch9                       TTW_HT_bin2          0.93524   
ch9                       TTW_HT_bin3          4.40584   
ch9                       TTW_ooa              1.10135   
ch9                       TTZ                  1.22559   
ch9                       VVV                  1.29556   
ch9                       WZ                   1.43982   
ch9                       ZZ                   2.19307   
ch9                       data_fakes           3.01145   
ch9                       tHW                  1.10769   
ch9                       tHq                  1.10694   
ch9                       tZq                  1.16907   
ch9                       ttH                  1.10009   
ch9                       ttVV                 1.10327   
