/mnt_pool/c3_users/user/cvico/WorkSpace/ttw-differential/postfit-plots/counting/3l/HT
WARNING: the default behaviour of PostFitShapesFromWorkspace is to use the covariance matrix sampling method for the post-fit uncertainty. The option --sampling is deprecated and will be removed in future versions of CombineHarvester
[SetFlag] Changing value of flag "workspaces-use-clone" from 0 to 1
[#1] INFO:ObjectHandling -- RooWorkspace::import(w) importing dataset ch1
[#1] INFO:ObjectHandling -- RooWorkspace::import(w) importing dataset ch10
[#1] INFO:ObjectHandling -- RooWorkspace::import(w) importing dataset ch11
[#1] INFO:ObjectHandling -- RooWorkspace::import(w) importing dataset ch12
[#1] INFO:ObjectHandling -- RooWorkspace::import(w) importing dataset ch13
[#1] INFO:ObjectHandling -- RooWorkspace::import(w) importing dataset ch14
[#1] INFO:ObjectHandling -- RooWorkspace::import(w) importing dataset ch15
[#1] INFO:ObjectHandling -- RooWorkspace::import(w) importing dataset ch16
[#1] INFO:ObjectHandling -- RooWorkspace::import(w) importing dataset ch17
[#1] INFO:ObjectHandling -- RooWorkspace::import(w) importing dataset ch18
[#1] INFO:ObjectHandling -- RooWorkspace::import(w) importing dataset ch19
[#1] INFO:ObjectHandling -- RooWorkspace::import(w) importing dataset ch2
[#1] INFO:ObjectHandling -- RooWorkspace::import(w) importing dataset ch20
[#1] INFO:ObjectHandling -- RooWorkspace::import(w) importing dataset ch21
[#1] INFO:ObjectHandling -- RooWorkspace::import(w) importing dataset ch22
[#1] INFO:ObjectHandling -- RooWorkspace::import(w) importing dataset ch23
[#1] INFO:ObjectHandling -- RooWorkspace::import(w) importing dataset ch24
[#1] INFO:ObjectHandling -- RooWorkspace::import(w) importing dataset ch25
[#1] INFO:ObjectHandling -- RooWorkspace::import(w) importing dataset ch26
[#1] INFO:ObjectHandling -- RooWorkspace::import(w) importing dataset ch27
[#1] INFO:ObjectHandling -- RooWorkspace::import(w) importing dataset ch28
[#1] INFO:ObjectHandling -- RooWorkspace::import(w) importing dataset ch29
[#1] INFO:ObjectHandling -- RooWorkspace::import(w) importing dataset ch3
[#1] INFO:ObjectHandling -- RooWorkspace::import(w) importing dataset ch30
[#1] INFO:ObjectHandling -- RooWorkspace::import(w) importing dataset ch31
[#1] INFO:ObjectHandling -- RooWorkspace::import(w) importing dataset ch32
[#1] INFO:ObjectHandling -- RooWorkspace::import(w) importing dataset ch33
[#1] INFO:ObjectHandling -- RooWorkspace::import(w) importing dataset ch34
[#1] INFO:ObjectHandling -- RooWorkspace::import(w) importing dataset ch35
[#1] INFO:ObjectHandling -- RooWorkspace::import(w) importing dataset ch36
[#1] INFO:ObjectHandling -- RooWorkspace::import(w) importing dataset ch4
[#1] INFO:ObjectHandling -- RooWorkspace::import(w) importing dataset ch5
[#1] INFO:ObjectHandling -- RooWorkspace::import(w) importing dataset ch6
[#1] INFO:ObjectHandling -- RooWorkspace::import(w) importing dataset ch7
[#1] INFO:ObjectHandling -- RooWorkspace::import(w) importing dataset ch8
[#1] INFO:ObjectHandling -- RooWorkspace::import(w) importing dataset ch9
[SetFlag] Changing value of flag "workspaces-use-clone" from 0 to 1
>> Doing prefit: TotalBkg
>> Doing prefit: TotalSig
>> Doing prefit: TotalProcs
Info in <TH1F::Add>: Attempt to add histograms with different number of bins - trying to use TH1::Merge
Error in <Merge>: Cannot merge histograms - limits are inconsistent:
 first: x_data_obs (8, 0.000000, 1000.000000), second: x_data_obs (12, 0.500000, 12.500000)
Info in <TH1F::Add>: Attempt to add histograms with different number of bins - trying to use TH1::Merge
Error in <Merge>: Cannot merge histograms - limits are inconsistent:
 first: x_data_obs (8, 0.000000, 1000.000000), second: x_data_obs (12, 0.500000, 12.500000)
Info in <TH1F::Add>: Attempt to add histograms with different number of bins - trying to use TH1::Merge
Error in <Merge>: Cannot merge histograms - limits are inconsistent:
 first: x_data_obs (8, 0.000000, 1000.000000), second: x_data_obs (12, 0.500000, 12.500000)
Info in <TH1F::Add>: Attempt to add histograms with different number of bins - trying to use TH1::Merge
Error in <Merge>: Cannot merge histograms - limits are inconsistent:
 first: x_data_obs (8, 0.000000, 1000.000000), second: x_data_obs (12, 0.500000, 12.500000)
Info in <TH1F::Add>: Attempt to add histograms with different number of bins - trying to use TH1::Merge
Error in <Merge>: Cannot merge histograms - limits are inconsistent:
 first: x_data_obs (8, 0.000000, 1000.000000), second: x_data_obs (12, 0.500000, 12.500000)
Info in <TH1F::Add>: Attempt to add histograms with different number of bins - trying to use TH1::Merge
Error in <Merge>: Cannot merge histograms - limits are inconsistent:
 first: x_data_obs (8, 0.000000, 1000.000000), second: x_data_obs (12, 0.500000, 12.500000)
Info in <TH1F::Add>: Attempt to add histograms with different number of bins - trying to use TH1::Merge
Error in <Merge>: Cannot merge histograms - limits are inconsistent:
 first: x_data_obs (8, 0.000000, 1000.000000), second: x_data_obs (12, 0.500000, 12.500000)
Info in <TH1F::Add>: Attempt to add histograms with different number of bins - trying to use TH1::Merge
Error in <Merge>: Cannot merge histograms - limits are inconsistent:
 first: x_data_obs (8, 0.000000, 1000.000000), second: x_data_obs (12, 0.500000, 12.500000)
Info in <TH1F::Add>: Attempt to add histograms with different number of bins - trying to use TH1::Merge
Error in <Merge>: Cannot merge histograms - limits are inconsistent:
 first: x_data_obs (8, 0.000000, 1000.000000), second: x_data_obs (12, 0.500000, 12.500000)
Info in <TH1F::Add>: Attempt to add histograms with different number of bins - trying to use TH1::Merge
Error in <Merge>: Cannot merge histograms - limits are inconsistent:
 first: x_data_obs (8, 0.000000, 1000.000000), second: x_data_obs (12, 0.500000, 12.500000)
Info in <TH1F::Add>: Attempt to add histograms with different number of bins - trying to use TH1::Merge
Error in <Merge>: Cannot merge histograms - limits are inconsistent:
 first: x_data_obs (8, 0.000000, 1000.000000), second: x_data_obs (12, 0.500000, 12.500000)
Info in <TH1F::Add>: Attempt to add histograms with different number of bins - trying to use TH1::Merge
Error in <Merge>: Cannot merge histograms - limits are inconsistent:
 first: x_data_obs (8, 0.000000, 1000.000000), second: x_data_obs (12, 0.500000, 12.500000)
Info in <TH1F::Add>: Attempt to add histograms with different number of bins - trying to use TH1::Merge
Error in <Merge>: Cannot merge histograms - limits are inconsistent:
 first: x_data_obs (8, 0.000000, 1000.000000), second: x_data_obs (12, 0.500000, 12.500000)
Info in <TH1F::Add>: Attempt to add histograms with different number of bins - trying to use TH1::Merge
Error in <Merge>: Cannot merge histograms - limits are inconsistent:
 first: x_data_obs (8, 0.000000, 1000.000000), second: x_data_obs (12, 0.500000, 12.500000)
Info in <TH1F::Add>: Attempt to add histograms with different number of bins - trying to use TH1::Merge
Error in <Merge>: Cannot merge histograms - limits are inconsistent:
 first: x_data_obs (8, 0.000000, 1000.000000), second: x_data_obs (12, 0.500000, 12.500000)
Info in <TH1F::Add>: Attempt to add histograms with different number of bins - trying to use TH1::Merge
Error in <Merge>: Cannot merge histograms - limits are inconsistent:
 first: x_data_obs (8, 0.000000, 1000.000000), second: x_data_obs (12, 0.500000, 12.500000)
Info in <TH1F::Add>: Attempt to add histograms with different number of bins - trying to use TH1::Merge
Error in <Merge>: Cannot merge histograms - limits are inconsistent:
 first: x_data_obs (8, 0.000000, 1000.000000), second: x_data_obs (4, 0.500000, 4.500000)
Info in <TH1F::Add>: Attempt to add histograms with different number of bins - trying to use TH1::Merge
Error in <Merge>: Cannot merge histograms - limits are inconsistent:
 first: x_data_obs (8, 0.000000, 1000.000000), second: x_data_obs (4, 0.500000, 4.500000)
Info in <TH1F::Add>: Attempt to add histograms with different number of bins - trying to use TH1::Merge
Error in <Merge>: Cannot merge histograms - limits are inconsistent:
 first: x_data_obs (8, 0.000000, 1000.000000), second: x_data_obs (4, 0.500000, 4.500000)
Info in <TH1F::Add>: Attempt to add histograms with different number of bins - trying to use TH1::Merge
Error in <Merge>: Cannot merge histograms - limits are inconsistent:
 first: x_data_obs (8, 0.000000, 1000.000000), second: x_data_obs (4, 0.500000, 4.500000)
>> Doing prefit: ch1,Convs
>> Doing prefit: ch1,Rares
>> Doing prefit: ch1,TTW_HT_bin0
>> Doing prefit: ch1,TTW_HT_bin1
>> Doing prefit: ch1,TTW_HT_bin2
>> Doing prefit: ch1,TTW_HT_bin3
>> Doing prefit: ch1,TTW_ooa
>> Doing prefit: ch1,TTZ
>> Doing prefit: ch1,VVV
>> Doing prefit: ch1,WZ
>> Doing prefit: ch1,ZZ
>> Doing prefit: ch1,data_fakes
>> Doing prefit: ch1,tHW
>> Doing prefit: ch1,tHq
>> Doing prefit: ch1,tZq
>> Doing prefit: ch1,ttH
>> Doing prefit: ch1,ttVV
>> Doing prefit: ch1,TotalBkg
>> Doing prefit: ch1,TotalSig
>> Doing prefit: ch1,TotalProcs
>> Doing prefit: ch10,Rares
>> Doing prefit: ch10,TTW_HT_bin0
>> Doing prefit: ch10,TTW_HT_bin1
>> Doing prefit: ch10,TTW_HT_bin2
>> Doing prefit: ch10,TTW_HT_bin3
>> Doing prefit: ch10,TTW_ooa
>> Doing prefit: ch10,TTZ
>> Doing prefit: ch10,VVV
>> Doing prefit: ch10,WZ
>> Doing prefit: ch10,ZZ
>> Doing prefit: ch10,data_fakes
>> Doing prefit: ch10,tHW
>> Doing prefit: ch10,tHq
>> Doing prefit: ch10,tZq
>> Doing prefit: ch10,ttH
>> Doing prefit: ch10,ttVV
>> Doing prefit: ch10,TotalBkg
>> Doing prefit: ch10,TotalSig
>> Doing prefit: ch10,TotalProcs
>> Doing prefit: ch11,Convs
>> Doing prefit: ch11,Rares
>> Doing prefit: ch11,TTW_HT_bin0
>> Doing prefit: ch11,TTW_HT_bin1
>> Doing prefit: ch11,TTW_HT_bin2
>> Doing prefit: ch11,TTW_HT_bin3
>> Doing prefit: ch11,TTW_ooa
>> Doing prefit: ch11,TTZ
>> Doing prefit: ch11,VVV
>> Doing prefit: ch11,WZ
>> Doing prefit: ch11,ZZ
>> Doing prefit: ch11,data_fakes
>> Doing prefit: ch11,tHW
>> Doing prefit: ch11,tHq
>> Doing prefit: ch11,tZq
>> Doing prefit: ch11,ttH
>> Doing prefit: ch11,ttVV
>> Doing prefit: ch11,TotalBkg
>> Doing prefit: ch11,TotalSig
>> Doing prefit: ch11,TotalProcs
>> Doing prefit: ch12,Convs
>> Doing prefit: ch12,Rares
>> Doing prefit: ch12,TTW_HT_bin0
>> Doing prefit: ch12,TTW_HT_bin1
>> Doing prefit: ch12,TTW_HT_bin2
>> Doing prefit: ch12,TTW_HT_bin3
>> Doing prefit: ch12,TTW_ooa
>> Doing prefit: ch12,TTZ
>> Doing prefit: ch12,VVV
>> Doing prefit: ch12,WZ
>> Doing prefit: ch12,ZZ
>> Doing prefit: ch12,data_fakes
>> Doing prefit: ch12,tHW
>> Doing prefit: ch12,tHq
>> Doing prefit: ch12,tZq
>> Doing prefit: ch12,ttH
>> Doing prefit: ch12,ttVV
>> Doing prefit: ch12,TotalBkg
>> Doing prefit: ch12,TotalSig
>> Doing prefit: ch12,TotalProcs
>> Doing prefit: ch13,Convs
>> Doing prefit: ch13,Rares
>> Doing prefit: ch13,TTW_HT_bin0
>> Doing prefit: ch13,TTW_HT_bin1
>> Doing prefit: ch13,TTW_HT_bin2
>> Doing prefit: ch13,TTW_HT_bin3
>> Doing prefit: ch13,TTW_ooa
>> Doing prefit: ch13,TTZ
>> Doing prefit: ch13,VVV
>> Doing prefit: ch13,WZ
>> Doing prefit: ch13,ZZ
>> Doing prefit: ch13,data_fakes
>> Doing prefit: ch13,tHW
>> Doing prefit: ch13,tHq
>> Doing prefit: ch13,tZq
>> Doing prefit: ch13,ttH
>> Doing prefit: ch13,ttVV
>> Doing prefit: ch13,TotalBkg
>> Doing prefit: ch13,TotalSig
>> Doing prefit: ch13,TotalProcs
>> Doing prefit: ch14,Convs
>> Doing prefit: ch14,Rares
>> Doing prefit: ch14,TTW_HT_bin0
>> Doing prefit: ch14,TTW_HT_bin1
>> Doing prefit: ch14,TTW_HT_bin2
>> Doing prefit: ch14,TTW_HT_bin3
>> Doing prefit: ch14,TTW_ooa
>> Doing prefit: ch14,TTZ
>> Doing prefit: ch14,VVV
>> Doing prefit: ch14,WZ
>> Doing prefit: ch14,ZZ
>> Doing prefit: ch14,data_fakes
>> Doing prefit: ch14,tHW
>> Doing prefit: ch14,tHq
>> Doing prefit: ch14,tZq
>> Doing prefit: ch14,ttH
>> Doing prefit: ch14,ttVV
>> Doing prefit: ch14,TotalBkg
>> Doing prefit: ch14,TotalSig
>> Doing prefit: ch14,TotalProcs
>> Doing prefit: ch15,Rares
>> Doing prefit: ch15,TTW_HT_bin0
>> Doing prefit: ch15,TTW_HT_bin1
>> Doing prefit: ch15,TTW_HT_bin2
>> Doing prefit: ch15,TTW_HT_bin3
>> Doing prefit: ch15,TTW_ooa
>> Doing prefit: ch15,TTZ
>> Doing prefit: ch15,VVV
>> Doing prefit: ch15,WZ
>> Doing prefit: ch15,ZZ
>> Doing prefit: ch15,data_fakes
>> Doing prefit: ch15,tHW
>> Doing prefit: ch15,tHq
>> Doing prefit: ch15,tZq
>> Doing prefit: ch15,ttH
>> Doing prefit: ch15,ttVV
>> Doing prefit: ch15,TotalBkg
>> Doing prefit: ch15,TotalSig
>> Doing prefit: ch15,TotalProcs
>> Doing prefit: ch16,Convs
>> Doing prefit: ch16,Rares
>> Doing prefit: ch16,TTW_HT_bin0
>> Doing prefit: ch16,TTW_HT_bin1
>> Doing prefit: ch16,TTW_HT_bin2
>> Doing prefit: ch16,TTW_HT_bin3
>> Doing prefit: ch16,TTW_ooa
>> Doing prefit: ch16,TTZ
>> Doing prefit: ch16,VVV
>> Doing prefit: ch16,WZ
>> Doing prefit: ch16,ZZ
>> Doing prefit: ch16,data_fakes
>> Doing prefit: ch16,tHW
>> Doing prefit: ch16,tHq
>> Doing prefit: ch16,tZq
>> Doing prefit: ch16,ttH
>> Doing prefit: ch16,ttVV
>> Doing prefit: ch16,TotalBkg
>> Doing prefit: ch16,TotalSig
>> Doing prefit: ch16,TotalProcs
>> Doing prefit: ch17,Convs
>> Doing prefit: ch17,Rares
>> Doing prefit: ch17,TTW_inclusive
>> Doing prefit: ch17,TTZ
>> Doing prefit: ch17,VVV
>> Doing prefit: ch17,WZ
>> Doing prefit: ch17,ZZ
>> Doing prefit: ch17,data_fakes
>> Doing prefit: ch17,tHq
>> Doing prefit: ch17,tZq
>> Doing prefit: ch17,ttH
>> Doing prefit: ch17,ttVV
>> Doing prefit: ch17,TotalBkg
>> Doing prefit: ch17,TotalSig
>> Doing prefit: ch17,TotalProcs
>> Doing prefit: ch18,Rares
>> Doing prefit: ch18,TTW_inclusive
>> Doing prefit: ch18,TTZ
>> Doing prefit: ch18,VVV
>> Doing prefit: ch18,WZ
>> Doing prefit: ch18,ZZ
>> Doing prefit: ch18,data_fakes
>> Doing prefit: ch18,tHW
>> Doing prefit: ch18,tHq
>> Doing prefit: ch18,tZq
>> Doing prefit: ch18,ttH
>> Doing prefit: ch18,ttVV
>> Doing prefit: ch18,TotalBkg
>> Doing prefit: ch18,TotalSig
>> Doing prefit: ch18,TotalProcs
>> Doing prefit: ch19,Convs
>> Doing prefit: ch19,Rares
>> Doing prefit: ch19,TTW_inclusive
>> Doing prefit: ch19,TTZ
>> Doing prefit: ch19,VVV
>> Doing prefit: ch19,WZ
>> Doing prefit: ch19,ZZ
>> Doing prefit: ch19,data_fakes
>> Doing prefit: ch19,tHW
>> Doing prefit: ch19,tHq
>> Doing prefit: ch19,tZq
>> Doing prefit: ch19,ttH
>> Doing prefit: ch19,ttVV
>> Doing prefit: ch19,TotalBkg
>> Doing prefit: ch19,TotalSig
>> Doing prefit: ch19,TotalProcs
>> Doing prefit: ch2,Convs
>> Doing prefit: ch2,Rares
>> Doing prefit: ch2,TTW_HT_bin0
>> Doing prefit: ch2,TTW_HT_bin1
>> Doing prefit: ch2,TTW_HT_bin2
>> Doing prefit: ch2,TTW_HT_bin3
>> Doing prefit: ch2,TTW_ooa
>> Doing prefit: ch2,TTZ
>> Doing prefit: ch2,WZ
>> Doing prefit: ch2,ZZ
>> Doing prefit: ch2,data_fakes
>> Doing prefit: ch2,tZq
>> Doing prefit: ch2,ttH
>> Doing prefit: ch2,ttVV
>> Doing prefit: ch2,TotalBkg
>> Doing prefit: ch2,TotalSig
>> Doing prefit: ch2,TotalProcs
>> Doing prefit: ch20,Rares
>> Doing prefit: ch20,TTW_inclusive
>> Doing prefit: ch20,TTZ
>> Doing prefit: ch20,VVV
>> Doing prefit: ch20,WZ
>> Doing prefit: ch20,ZZ
>> Doing prefit: ch20,data_fakes
>> Doing prefit: ch20,tHW
>> Doing prefit: ch20,tHq
>> Doing prefit: ch20,tZq
>> Doing prefit: ch20,ttH
>> Doing prefit: ch20,ttVV
>> Doing prefit: ch20,TotalBkg
>> Doing prefit: ch20,TotalSig
>> Doing prefit: ch20,TotalProcs
>> Doing prefit: ch21,Convs
>> Doing prefit: ch21,Rares
>> Doing prefit: ch21,TTW_inclusive
>> Doing prefit: ch21,TTZ
>> Doing prefit: ch21,VVV
>> Doing prefit: ch21,WZ
>> Doing prefit: ch21,ZZ
>> Doing prefit: ch21,data_fakes
>> Doing prefit: ch21,tHq
>> Doing prefit: ch21,tZq
>> Doing prefit: ch21,ttH
>> Doing prefit: ch21,ttVV
>> Doing prefit: ch21,TotalBkg
>> Doing prefit: ch21,TotalSig
>> Doing prefit: ch21,TotalProcs
>> Doing prefit: ch22,Convs
>> Doing prefit: ch22,Rares
>> Doing prefit: ch22,TTW_inclusive
>> Doing prefit: ch22,TTZ
>> Doing prefit: ch22,VVV
>> Doing prefit: ch22,WZ
>> Doing prefit: ch22,ZZ
>> Doing prefit: ch22,data_fakes
>> Doing prefit: ch22,tHW
>> Doing prefit: ch22,tHq
>> Doing prefit: ch22,tZq
>> Doing prefit: ch22,ttH
>> Doing prefit: ch22,ttVV
>> Doing prefit: ch22,TotalBkg
>> Doing prefit: ch22,TotalSig
>> Doing prefit: ch22,TotalProcs
>> Doing prefit: ch23,Convs
>> Doing prefit: ch23,Rares
>> Doing prefit: ch23,TTW_inclusive
>> Doing prefit: ch23,TTZ
>> Doing prefit: ch23,VVV
>> Doing prefit: ch23,WZ
>> Doing prefit: ch23,ZZ
>> Doing prefit: ch23,data_fakes
>> Doing prefit: ch23,tHW
>> Doing prefit: ch23,tHq
>> Doing prefit: ch23,tZq
>> Doing prefit: ch23,ttH
>> Doing prefit: ch23,ttVV
>> Doing prefit: ch23,TotalBkg
>> Doing prefit: ch23,TotalSig
>> Doing prefit: ch23,TotalProcs
>> Doing prefit: ch24,Rares
>> Doing prefit: ch24,TTW_inclusive
>> Doing prefit: ch24,TTZ
>> Doing prefit: ch24,VVV
>> Doing prefit: ch24,WZ
>> Doing prefit: ch24,ZZ
>> Doing prefit: ch24,data_fakes
>> Doing prefit: ch24,tHW
>> Doing prefit: ch24,tHq
>> Doing prefit: ch24,tZq
>> Doing prefit: ch24,ttH
>> Doing prefit: ch24,ttVV
>> Doing prefit: ch24,TotalBkg
>> Doing prefit: ch24,TotalSig
>> Doing prefit: ch24,TotalProcs
>> Doing prefit: ch25,Convs
>> Doing prefit: ch25,Rares
>> Doing prefit: ch25,TTW_inclusive
>> Doing prefit: ch25,TTZ
>> Doing prefit: ch25,VVV
>> Doing prefit: ch25,WZ
>> Doing prefit: ch25,ZZ
>> Doing prefit: ch25,data_fakes
>> Doing prefit: ch25,tHW
>> Doing prefit: ch25,tHq
>> Doing prefit: ch25,tZq
>> Doing prefit: ch25,ttH
>> Doing prefit: ch25,ttVV
>> Doing prefit: ch25,TotalBkg
>> Doing prefit: ch25,TotalSig
>> Doing prefit: ch25,TotalProcs
>> Doing prefit: ch26,Convs
>> Doing prefit: ch26,Rares
>> Doing prefit: ch26,TTW_inclusive
>> Doing prefit: ch26,TTZ
>> Doing prefit: ch26,VVV
>> Doing prefit: ch26,WZ
>> Doing prefit: ch26,ZZ
>> Doing prefit: ch26,data_fakes
>> Doing prefit: ch26,tHW
>> Doing prefit: ch26,tHq
>> Doing prefit: ch26,tZq
>> Doing prefit: ch26,ttH
>> Doing prefit: ch26,ttVV
>> Doing prefit: ch26,TotalBkg
>> Doing prefit: ch26,TotalSig
>> Doing prefit: ch26,TotalProcs
>> Doing prefit: ch27,Convs
>> Doing prefit: ch27,Rares
>> Doing prefit: ch27,TTW_inclusive
>> Doing prefit: ch27,TTZ
>> Doing prefit: ch27,VVV
>> Doing prefit: ch27,WZ
>> Doing prefit: ch27,ZZ
>> Doing prefit: ch27,data_fakes
>> Doing prefit: ch27,tHW
>> Doing prefit: ch27,tHq
>> Doing prefit: ch27,tZq
>> Doing prefit: ch27,ttH
>> Doing prefit: ch27,ttVV
>> Doing prefit: ch27,TotalBkg
>> Doing prefit: ch27,TotalSig
>> Doing prefit: ch27,TotalProcs
>> Doing prefit: ch28,Rares
>> Doing prefit: ch28,TTW_inclusive
>> Doing prefit: ch28,TTZ
>> Doing prefit: ch28,VVV
>> Doing prefit: ch28,WZ
>> Doing prefit: ch28,ZZ
>> Doing prefit: ch28,data_fakes
>> Doing prefit: ch28,tHW
>> Doing prefit: ch28,tHq
>> Doing prefit: ch28,tZq
>> Doing prefit: ch28,ttH
>> Doing prefit: ch28,ttVV
>> Doing prefit: ch28,TotalBkg
>> Doing prefit: ch28,TotalSig
>> Doing prefit: ch28,TotalProcs
>> Doing prefit: ch29,Convs
>> Doing prefit: ch29,Rares
>> Doing prefit: ch29,TTW_inclusive
>> Doing prefit: ch29,TTZ
>> Doing prefit: ch29,VVV
>> Doing prefit: ch29,WZ
>> Doing prefit: ch29,ZZ
>> Doing prefit: ch29,data_fakes
>> Doing prefit: ch29,tHW
>> Doing prefit: ch29,tHq
>> Doing prefit: ch29,tZq
>> Doing prefit: ch29,ttH
>> Doing prefit: ch29,ttVV
>> Doing prefit: ch29,TotalBkg
>> Doing prefit: ch29,TotalSig
>> Doing prefit: ch29,TotalProcs
>> Doing prefit: ch3,Rares
>> Doing prefit: ch3,TTW_HT_bin0
>> Doing prefit: ch3,TTW_HT_bin1
>> Doing prefit: ch3,TTW_HT_bin2
>> Doing prefit: ch3,TTW_HT_bin3
>> Doing prefit: ch3,TTW_ooa
>> Doing prefit: ch3,TTZ
>> Doing prefit: ch3,VVV
>> Doing prefit: ch3,WZ
>> Doing prefit: ch3,ZZ
>> Doing prefit: ch3,data_fakes
>> Doing prefit: ch3,tHW
>> Doing prefit: ch3,tHq
>> Doing prefit: ch3,tZq
>> Doing prefit: ch3,ttH
>> Doing prefit: ch3,ttVV
>> Doing prefit: ch3,TotalBkg
>> Doing prefit: ch3,TotalSig
>> Doing prefit: ch3,TotalProcs
>> Doing prefit: ch30,Convs
>> Doing prefit: ch30,Rares
>> Doing prefit: ch30,TTW_inclusive
>> Doing prefit: ch30,TTZ
>> Doing prefit: ch30,VVV
>> Doing prefit: ch30,WZ
>> Doing prefit: ch30,ZZ
>> Doing prefit: ch30,data_fakes
>> Doing prefit: ch30,tHW
>> Doing prefit: ch30,tHq
>> Doing prefit: ch30,tZq
>> Doing prefit: ch30,ttH
>> Doing prefit: ch30,ttVV
>> Doing prefit: ch30,TotalBkg
>> Doing prefit: ch30,TotalSig
>> Doing prefit: ch30,TotalProcs
>> Doing prefit: ch31,Convs
>> Doing prefit: ch31,Rares
>> Doing prefit: ch31,TTW_inclusive
>> Doing prefit: ch31,TTZ
>> Doing prefit: ch31,VVV
>> Doing prefit: ch31,WZ
>> Doing prefit: ch31,ZZ
>> Doing prefit: ch31,data_fakes
>> Doing prefit: ch31,tHW
>> Doing prefit: ch31,tHq
>> Doing prefit: ch31,tZq
>> Doing prefit: ch31,ttH
>> Doing prefit: ch31,ttVV
>> Doing prefit: ch31,TotalBkg
>> Doing prefit: ch31,TotalSig
>> Doing prefit: ch31,TotalProcs
>> Doing prefit: ch32,Rares
>> Doing prefit: ch32,TTW_inclusive
>> Doing prefit: ch32,TTZ
>> Doing prefit: ch32,VVV
>> Doing prefit: ch32,WZ
>> Doing prefit: ch32,ZZ
>> Doing prefit: ch32,data_fakes
>> Doing prefit: ch32,tHW
>> Doing prefit: ch32,tHq
>> Doing prefit: ch32,tZq
>> Doing prefit: ch32,ttH
>> Doing prefit: ch32,ttVV
>> Doing prefit: ch32,TotalBkg
>> Doing prefit: ch32,TotalSig
>> Doing prefit: ch32,TotalProcs
>> Doing prefit: ch33,MC_fakes
>> Doing prefit: ch33,Rares
>> Doing prefit: ch33,TTZ
>> Doing prefit: ch33,WZ
>> Doing prefit: ch33,ZZ
>> Doing prefit: ch33,ttH
>> Doing prefit: ch33,TotalBkg
>> Doing prefit: ch33,TotalSig
>> Doing prefit: ch33,TotalProcs
>> Doing prefit: ch34,Convs
>> Doing prefit: ch34,MC_fakes
>> Doing prefit: ch34,Rares
>> Doing prefit: ch34,TTZ
>> Doing prefit: ch34,WZ
>> Doing prefit: ch34,ZZ
>> Doing prefit: ch34,ttH
>> Doing prefit: ch34,TotalBkg
>> Doing prefit: ch34,TotalSig
>> Doing prefit: ch34,TotalProcs
>> Doing prefit: ch35,Convs
>> Doing prefit: ch35,MC_fakes
>> Doing prefit: ch35,Rares
>> Doing prefit: ch35,TTWW
>> Doing prefit: ch35,TTZ
>> Doing prefit: ch35,WZ
>> Doing prefit: ch35,ZZ
>> Doing prefit: ch35,ttH
>> Doing prefit: ch35,TotalBkg
>> Doing prefit: ch35,TotalSig
>> Doing prefit: ch35,TotalProcs
>> Doing prefit: ch36,Convs
>> Doing prefit: ch36,MC_fakes
>> Doing prefit: ch36,Rares
>> Doing prefit: ch36,TTWW
>> Doing prefit: ch36,TTZ
>> Doing prefit: ch36,WZ
>> Doing prefit: ch36,ZZ
>> Doing prefit: ch36,tHW
>> Doing prefit: ch36,ttH
>> Doing prefit: ch36,TotalBkg
>> Doing prefit: ch36,TotalSig
>> Doing prefit: ch36,TotalProcs
>> Doing prefit: ch4,Convs
>> Doing prefit: ch4,Rares
>> Doing prefit: ch4,TTW_HT_bin0
>> Doing prefit: ch4,TTW_HT_bin1
>> Doing prefit: ch4,TTW_HT_bin2
>> Doing prefit: ch4,TTW_HT_bin3
>> Doing prefit: ch4,TTW_ooa
>> Doing prefit: ch4,TTZ
>> Doing prefit: ch4,VVV
>> Doing prefit: ch4,WZ
>> Doing prefit: ch4,ZZ
>> Doing prefit: ch4,data_fakes
>> Doing prefit: ch4,tHW
>> Doing prefit: ch4,tHq
>> Doing prefit: ch4,tZq
>> Doing prefit: ch4,ttH
>> Doing prefit: ch4,ttVV
>> Doing prefit: ch4,TotalBkg
>> Doing prefit: ch4,TotalSig
>> Doing prefit: ch4,TotalProcs
>> Doing prefit: ch5,Convs
>> Doing prefit: ch5,Rares
>> Doing prefit: ch5,TTW_HT_bin0
>> Doing prefit: ch5,TTW_HT_bin1
>> Doing prefit: ch5,TTW_HT_bin2
>> Doing prefit: ch5,TTW_HT_bin3
>> Doing prefit: ch5,TTW_ooa
>> Doing prefit: ch5,TTZ
>> Doing prefit: ch5,VVV
>> Doing prefit: ch5,WZ
>> Doing prefit: ch5,ZZ
>> Doing prefit: ch5,data_fakes
>> Doing prefit: ch5,tHW
>> Doing prefit: ch5,tHq
>> Doing prefit: ch5,tZq
>> Doing prefit: ch5,ttH
>> Doing prefit: ch5,ttVV
>> Doing prefit: ch5,TotalBkg
>> Doing prefit: ch5,TotalSig
>> Doing prefit: ch5,TotalProcs
>> Doing prefit: ch6,Convs
>> Doing prefit: ch6,Rares
>> Doing prefit: ch6,TTW_HT_bin0
>> Doing prefit: ch6,TTW_HT_bin1
>> Doing prefit: ch6,TTW_HT_bin2
>> Doing prefit: ch6,TTW_HT_bin3
>> Doing prefit: ch6,TTW_ooa
>> Doing prefit: ch6,TTZ
>> Doing prefit: ch6,WZ
>> Doing prefit: ch6,ZZ
>> Doing prefit: ch6,data_fakes
>> Doing prefit: ch6,tZq
>> Doing prefit: ch6,ttH
>> Doing prefit: ch6,ttVV
>> Doing prefit: ch6,TotalBkg
>> Doing prefit: ch6,TotalSig
>> Doing prefit: ch6,TotalProcs
>> Doing prefit: ch7,Convs
>> Doing prefit: ch7,Rares
>> Doing prefit: ch7,TTW_HT_bin0
>> Doing prefit: ch7,TTW_HT_bin1
>> Doing prefit: ch7,TTW_HT_bin2
>> Doing prefit: ch7,TTW_HT_bin3
>> Doing prefit: ch7,TTW_ooa
>> Doing prefit: ch7,TTZ
>> Doing prefit: ch7,WZ
>> Doing prefit: ch7,ZZ
>> Doing prefit: ch7,data_fakes
>> Doing prefit: ch7,tHW
>> Doing prefit: ch7,tHq
>> Doing prefit: ch7,tZq
>> Doing prefit: ch7,ttH
>> Doing prefit: ch7,ttVV
>> Doing prefit: ch7,TotalBkg
>> Doing prefit: ch7,TotalSig
>> Doing prefit: ch7,TotalProcs
>> Doing prefit: ch8,Rares
>> Doing prefit: ch8,TTW_HT_bin0
>> Doing prefit: ch8,TTW_HT_bin1
>> Doing prefit: ch8,TTW_HT_bin2
>> Doing prefit: ch8,TTW_HT_bin3
>> Doing prefit: ch8,TTW_ooa
>> Doing prefit: ch8,TTZ
>> Doing prefit: ch8,VVV
>> Doing prefit: ch8,WZ
>> Doing prefit: ch8,ZZ
>> Doing prefit: ch8,data_fakes
>> Doing prefit: ch8,tHW
>> Doing prefit: ch8,tHq
>> Doing prefit: ch8,tZq
>> Doing prefit: ch8,ttH
>> Doing prefit: ch8,ttVV
>> Doing prefit: ch8,TotalBkg
>> Doing prefit: ch8,TotalSig
>> Doing prefit: ch8,TotalProcs
>> Doing prefit: ch9,Convs
>> Doing prefit: ch9,Rares
>> Doing prefit: ch9,TTW_HT_bin0
>> Doing prefit: ch9,TTW_HT_bin1
>> Doing prefit: ch9,TTW_HT_bin2
>> Doing prefit: ch9,TTW_HT_bin3
>> Doing prefit: ch9,TTW_ooa
>> Doing prefit: ch9,TTZ
>> Doing prefit: ch9,VVV
>> Doing prefit: ch9,WZ
>> Doing prefit: ch9,ZZ
>> Doing prefit: ch9,data_fakes
>> Doing prefit: ch9,tHW
>> Doing prefit: ch9,tHq
>> Doing prefit: ch9,tZq
>> Doing prefit: ch9,ttH
>> Doing prefit: ch9,ttVV
>> Doing prefit: ch9,TotalBkg
>> Doing prefit: ch9,TotalSig
>> Doing prefit: ch9,TotalProcs
Bin                       Total relative bkg uncert. (prefit)
----------------------------------------------------------
ch1                       0.14738   
ch10                      0.12099   
ch11                      0.10183   
ch12                      0.12649   
ch13                      0.11327   
ch14                      0.14282   
ch15                      0.11611   
ch16                      0.11079   
ch17                      0.17141   
ch18                      0.15950   
ch19                      0.15218   
ch2                       0.17484   
ch20                      0.15210   
ch21                      0.16433   
ch22                      0.15370   
ch23                      0.14967   
ch24                      0.14932   
ch25                      0.16386   
ch26                      0.15532   
ch27                      0.15306   
ch28                      0.15213   
ch29                      0.16964   
ch3                       0.12184   
ch30                      0.15828   
ch31                      0.15478   
ch32                      0.15291   
ch33                      0.11007   
ch34                      0.11217   
ch35                      0.11281   
ch36                      0.11255   
ch4                       0.09941   
ch5                       0.13423   
ch6                       0.13775   
ch7                       0.13554   
ch8                       0.12152   
ch9                       0.13869   
>> Doing postfit: TotalBkg
>> Doing postfit: TotalSig
>> Doing postfit: TotalProcs
Info in <TH1F::Add>: Attempt to add histograms with different number of bins - trying to use TH1::Merge
Error in <Merge>: Cannot merge histograms - limits are inconsistent:
 first: x_data_obs (8, 0.000000, 1000.000000), second: x_data_obs (12, 0.500000, 12.500000)
Info in <TH1F::Add>: Attempt to add histograms with different number of bins - trying to use TH1::Merge
Error in <Merge>: Cannot merge histograms - limits are inconsistent:
 first: x_data_obs (8, 0.000000, 1000.000000), second: x_data_obs (12, 0.500000, 12.500000)
Info in <TH1F::Add>: Attempt to add histograms with different number of bins - trying to use TH1::Merge
Error in <Merge>: Cannot merge histograms - limits are inconsistent:
 first: x_data_obs (8, 0.000000, 1000.000000), second: x_data_obs (12, 0.500000, 12.500000)
Info in <TH1F::Add>: Attempt to add histograms with different number of bins - trying to use TH1::Merge
Error in <Merge>: Cannot merge histograms - limits are inconsistent:
 first: x_data_obs (8, 0.000000, 1000.000000), second: x_data_obs (12, 0.500000, 12.500000)
Info in <TH1F::Add>: Attempt to add histograms with different number of bins - trying to use TH1::Merge
Error in <Merge>: Cannot merge histograms - limits are inconsistent:
 first: x_data_obs (8, 0.000000, 1000.000000), second: x_data_obs (12, 0.500000, 12.500000)
Info in <TH1F::Add>: Attempt to add histograms with different number of bins - trying to use TH1::Merge
Error in <Merge>: Cannot merge histograms - limits are inconsistent:
 first: x_data_obs (8, 0.000000, 1000.000000), second: x_data_obs (12, 0.500000, 12.500000)
Info in <TH1F::Add>: Attempt to add histograms with different number of bins - trying to use TH1::Merge
Error in <Merge>: Cannot merge histograms - limits are inconsistent:
 first: x_data_obs (8, 0.000000, 1000.000000), second: x_data_obs (12, 0.500000, 12.500000)
Info in <TH1F::Add>: Attempt to add histograms with different number of bins - trying to use TH1::Merge
Error in <Merge>: Cannot merge histograms - limits are inconsistent:
 first: x_data_obs (8, 0.000000, 1000.000000), second: x_data_obs (12, 0.500000, 12.500000)
Info in <TH1F::Add>: Attempt to add histograms with different number of bins - trying to use TH1::Merge
Error in <Merge>: Cannot merge histograms - limits are inconsistent:
 first: x_data_obs (8, 0.000000, 1000.000000), second: x_data_obs (12, 0.500000, 12.500000)
Info in <TH1F::Add>: Attempt to add histograms with different number of bins - trying to use TH1::Merge
Error in <Merge>: Cannot merge histograms - limits are inconsistent:
 first: x_data_obs (8, 0.000000, 1000.000000), second: x_data_obs (12, 0.500000, 12.500000)
Info in <TH1F::Add>: Attempt to add histograms with different number of bins - trying to use TH1::Merge
Error in <Merge>: Cannot merge histograms - limits are inconsistent:
 first: x_data_obs (8, 0.000000, 1000.000000), second: x_data_obs (12, 0.500000, 12.500000)
Info in <TH1F::Add>: Attempt to add histograms with different number of bins - trying to use TH1::Merge
Error in <Merge>: Cannot merge histograms - limits are inconsistent:
 first: x_data_obs (8, 0.000000, 1000.000000), second: x_data_obs (12, 0.500000, 12.500000)
Info in <TH1F::Add>: Attempt to add histograms with different number of bins - trying to use TH1::Merge
Error in <Merge>: Cannot merge histograms - limits are inconsistent:
 first: x_data_obs (8, 0.000000, 1000.000000), second: x_data_obs (12, 0.500000, 12.500000)
Info in <TH1F::Add>: Attempt to add histograms with different number of bins - trying to use TH1::Merge
Error in <Merge>: Cannot merge histograms - limits are inconsistent:
 first: x_data_obs (8, 0.000000, 1000.000000), second: x_data_obs (12, 0.500000, 12.500000)
Info in <TH1F::Add>: Attempt to add histograms with different number of bins - trying to use TH1::Merge
Error in <Merge>: Cannot merge histograms - limits are inconsistent:
 first: x_data_obs (8, 0.000000, 1000.000000), second: x_data_obs (12, 0.500000, 12.500000)
Info in <TH1F::Add>: Attempt to add histograms with different number of bins - trying to use TH1::Merge
Error in <Merge>: Cannot merge histograms - limits are inconsistent:
 first: x_data_obs (8, 0.000000, 1000.000000), second: x_data_obs (12, 0.500000, 12.500000)
Info in <TH1F::Add>: Attempt to add histograms with different number of bins - trying to use TH1::Merge
Error in <Merge>: Cannot merge histograms - limits are inconsistent:
 first: x_data_obs (8, 0.000000, 1000.000000), second: x_data_obs (4, 0.500000, 4.500000)
Info in <TH1F::Add>: Attempt to add histograms with different number of bins - trying to use TH1::Merge
Error in <Merge>: Cannot merge histograms - limits are inconsistent:
 first: x_data_obs (8, 0.000000, 1000.000000), second: x_data_obs (4, 0.500000, 4.500000)
Info in <TH1F::Add>: Attempt to add histograms with different number of bins - trying to use TH1::Merge
Error in <Merge>: Cannot merge histograms - limits are inconsistent:
 first: x_data_obs (8, 0.000000, 1000.000000), second: x_data_obs (4, 0.500000, 4.500000)
Info in <TH1F::Add>: Attempt to add histograms with different number of bins - trying to use TH1::Merge
Error in <Merge>: Cannot merge histograms - limits are inconsistent:
 first: x_data_obs (8, 0.000000, 1000.000000), second: x_data_obs (4, 0.500000, 4.500000)
>> Doing postfit: ch1,Convs
>> Doing postfit: ch1,Rares
>> Doing postfit: ch1,TTW_HT_bin0
>> Doing postfit: ch1,TTW_HT_bin1
>> Doing postfit: ch1,TTW_HT_bin2
>> Doing postfit: ch1,TTW_HT_bin3
>> Doing postfit: ch1,TTW_ooa
>> Doing postfit: ch1,TTZ
>> Doing postfit: ch1,VVV
>> Doing postfit: ch1,WZ
>> Doing postfit: ch1,ZZ
>> Doing postfit: ch1,data_fakes
>> Doing postfit: ch1,tHW
>> Doing postfit: ch1,tHq
>> Doing postfit: ch1,tZq
>> Doing postfit: ch1,ttH
>> Doing postfit: ch1,ttVV
>> Doing postfit: ch1,TotalBkg
>> Doing postfit: ch1,TotalSig
>> Doing postfit: ch1,TotalProcs
>> Doing postfit: ch10,Rares
>> Doing postfit: ch10,TTW_HT_bin0
>> Doing postfit: ch10,TTW_HT_bin1
>> Doing postfit: ch10,TTW_HT_bin2
>> Doing postfit: ch10,TTW_HT_bin3
>> Doing postfit: ch10,TTW_ooa
>> Doing postfit: ch10,TTZ
>> Doing postfit: ch10,VVV
>> Doing postfit: ch10,WZ
>> Doing postfit: ch10,ZZ
>> Doing postfit: ch10,data_fakes
>> Doing postfit: ch10,tHW
>> Doing postfit: ch10,tHq
>> Doing postfit: ch10,tZq
>> Doing postfit: ch10,ttH
>> Doing postfit: ch10,ttVV
>> Doing postfit: ch10,TotalBkg
>> Doing postfit: ch10,TotalSig
>> Doing postfit: ch10,TotalProcs
>> Doing postfit: ch11,Convs
>> Doing postfit: ch11,Rares
>> Doing postfit: ch11,TTW_HT_bin0
>> Doing postfit: ch11,TTW_HT_bin1
>> Doing postfit: ch11,TTW_HT_bin2
>> Doing postfit: ch11,TTW_HT_bin3
>> Doing postfit: ch11,TTW_ooa
>> Doing postfit: ch11,TTZ
>> Doing postfit: ch11,VVV
>> Doing postfit: ch11,WZ
>> Doing postfit: ch11,ZZ
>> Doing postfit: ch11,data_fakes
>> Doing postfit: ch11,tHW
>> Doing postfit: ch11,tHq
>> Doing postfit: ch11,tZq
>> Doing postfit: ch11,ttH
>> Doing postfit: ch11,ttVV
>> Doing postfit: ch11,TotalBkg
>> Doing postfit: ch11,TotalSig
>> Doing postfit: ch11,TotalProcs
>> Doing postfit: ch12,Convs
>> Doing postfit: ch12,Rares
>> Doing postfit: ch12,TTW_HT_bin0
>> Doing postfit: ch12,TTW_HT_bin1
>> Doing postfit: ch12,TTW_HT_bin2
>> Doing postfit: ch12,TTW_HT_bin3
>> Doing postfit: ch12,TTW_ooa
>> Doing postfit: ch12,TTZ
>> Doing postfit: ch12,VVV
>> Doing postfit: ch12,WZ
>> Doing postfit: ch12,ZZ
>> Doing postfit: ch12,data_fakes
>> Doing postfit: ch12,tHW
>> Doing postfit: ch12,tHq
>> Doing postfit: ch12,tZq
>> Doing postfit: ch12,ttH
>> Doing postfit: ch12,ttVV
>> Doing postfit: ch12,TotalBkg
>> Doing postfit: ch12,TotalSig
>> Doing postfit: ch12,TotalProcs
>> Doing postfit: ch13,Convs
>> Doing postfit: ch13,Rares
>> Doing postfit: ch13,TTW_HT_bin0
>> Doing postfit: ch13,TTW_HT_bin1
>> Doing postfit: ch13,TTW_HT_bin2
>> Doing postfit: ch13,TTW_HT_bin3
>> Doing postfit: ch13,TTW_ooa
>> Doing postfit: ch13,TTZ
>> Doing postfit: ch13,VVV
>> Doing postfit: ch13,WZ
>> Doing postfit: ch13,ZZ
>> Doing postfit: ch13,data_fakes
>> Doing postfit: ch13,tHW
>> Doing postfit: ch13,tHq
>> Doing postfit: ch13,tZq
>> Doing postfit: ch13,ttH
>> Doing postfit: ch13,ttVV
>> Doing postfit: ch13,TotalBkg
>> Doing postfit: ch13,TotalSig
>> Doing postfit: ch13,TotalProcs
>> Doing postfit: ch14,Convs
>> Doing postfit: ch14,Rares
>> Doing postfit: ch14,TTW_HT_bin0
>> Doing postfit: ch14,TTW_HT_bin1
>> Doing postfit: ch14,TTW_HT_bin2
>> Doing postfit: ch14,TTW_HT_bin3
>> Doing postfit: ch14,TTW_ooa
>> Doing postfit: ch14,TTZ
>> Doing postfit: ch14,VVV
>> Doing postfit: ch14,WZ
>> Doing postfit: ch14,ZZ
>> Doing postfit: ch14,data_fakes
>> Doing postfit: ch14,tHW
>> Doing postfit: ch14,tHq
>> Doing postfit: ch14,tZq
>> Doing postfit: ch14,ttH
>> Doing postfit: ch14,ttVV
>> Doing postfit: ch14,TotalBkg
>> Doing postfit: ch14,TotalSig
>> Doing postfit: ch14,TotalProcs
>> Doing postfit: ch15,Rares
>> Doing postfit: ch15,TTW_HT_bin0
>> Doing postfit: ch15,TTW_HT_bin1
>> Doing postfit: ch15,TTW_HT_bin2
>> Doing postfit: ch15,TTW_HT_bin3
>> Doing postfit: ch15,TTW_ooa
>> Doing postfit: ch15,TTZ
>> Doing postfit: ch15,VVV
>> Doing postfit: ch15,WZ
>> Doing postfit: ch15,ZZ
>> Doing postfit: ch15,data_fakes
>> Doing postfit: ch15,tHW
>> Doing postfit: ch15,tHq
>> Doing postfit: ch15,tZq
>> Doing postfit: ch15,ttH
>> Doing postfit: ch15,ttVV
>> Doing postfit: ch15,TotalBkg
>> Doing postfit: ch15,TotalSig
>> Doing postfit: ch15,TotalProcs
>> Doing postfit: ch16,Convs
>> Doing postfit: ch16,Rares
>> Doing postfit: ch16,TTW_HT_bin0
>> Doing postfit: ch16,TTW_HT_bin1
>> Doing postfit: ch16,TTW_HT_bin2
>> Doing postfit: ch16,TTW_HT_bin3
>> Doing postfit: ch16,TTW_ooa
>> Doing postfit: ch16,TTZ
>> Doing postfit: ch16,VVV
>> Doing postfit: ch16,WZ
>> Doing postfit: ch16,ZZ
>> Doing postfit: ch16,data_fakes
>> Doing postfit: ch16,tHW
>> Doing postfit: ch16,tHq
>> Doing postfit: ch16,tZq
>> Doing postfit: ch16,ttH
>> Doing postfit: ch16,ttVV
>> Doing postfit: ch16,TotalBkg
>> Doing postfit: ch16,TotalSig
>> Doing postfit: ch16,TotalProcs
>> Doing postfit: ch17,Convs
>> Doing postfit: ch17,Rares
>> Doing postfit: ch17,TTW_inclusive
>> Doing postfit: ch17,TTZ
>> Doing postfit: ch17,VVV
>> Doing postfit: ch17,WZ
>> Doing postfit: ch17,ZZ
>> Doing postfit: ch17,data_fakes
>> Doing postfit: ch17,tHq
>> Doing postfit: ch17,tZq
>> Doing postfit: ch17,ttH
>> Doing postfit: ch17,ttVV
>> Doing postfit: ch17,TotalBkg
>> Doing postfit: ch17,TotalSig
>> Doing postfit: ch17,TotalProcs
>> Doing postfit: ch18,Rares
>> Doing postfit: ch18,TTW_inclusive
>> Doing postfit: ch18,TTZ
>> Doing postfit: ch18,VVV
>> Doing postfit: ch18,WZ
>> Doing postfit: ch18,ZZ
>> Doing postfit: ch18,data_fakes
>> Doing postfit: ch18,tHW
>> Doing postfit: ch18,tHq
>> Doing postfit: ch18,tZq
>> Doing postfit: ch18,ttH
>> Doing postfit: ch18,ttVV
>> Doing postfit: ch18,TotalBkg
>> Doing postfit: ch18,TotalSig
>> Doing postfit: ch18,TotalProcs
>> Doing postfit: ch19,Convs
>> Doing postfit: ch19,Rares
>> Doing postfit: ch19,TTW_inclusive
>> Doing postfit: ch19,TTZ
>> Doing postfit: ch19,VVV
>> Doing postfit: ch19,WZ
>> Doing postfit: ch19,ZZ
>> Doing postfit: ch19,data_fakes
>> Doing postfit: ch19,tHW
>> Doing postfit: ch19,tHq
>> Doing postfit: ch19,tZq
>> Doing postfit: ch19,ttH
>> Doing postfit: ch19,ttVV
>> Doing postfit: ch19,TotalBkg
>> Doing postfit: ch19,TotalSig
>> Doing postfit: ch19,TotalProcs
>> Doing postfit: ch2,Convs
>> Doing postfit: ch2,Rares
>> Doing postfit: ch2,TTW_HT_bin0
>> Doing postfit: ch2,TTW_HT_bin1
>> Doing postfit: ch2,TTW_HT_bin2
>> Doing postfit: ch2,TTW_HT_bin3
>> Doing postfit: ch2,TTW_ooa
>> Doing postfit: ch2,TTZ
>> Doing postfit: ch2,WZ
>> Doing postfit: ch2,ZZ
>> Doing postfit: ch2,data_fakes
>> Doing postfit: ch2,tZq
>> Doing postfit: ch2,ttH
>> Doing postfit: ch2,ttVV
>> Doing postfit: ch2,TotalBkg
>> Doing postfit: ch2,TotalSig
>> Doing postfit: ch2,TotalProcs
>> Doing postfit: ch20,Rares
>> Doing postfit: ch20,TTW_inclusive
>> Doing postfit: ch20,TTZ
>> Doing postfit: ch20,VVV
>> Doing postfit: ch20,WZ
>> Doing postfit: ch20,ZZ
>> Doing postfit: ch20,data_fakes
>> Doing postfit: ch20,tHW
>> Doing postfit: ch20,tHq
>> Doing postfit: ch20,tZq
>> Doing postfit: ch20,ttH
>> Doing postfit: ch20,ttVV
>> Doing postfit: ch20,TotalBkg
>> Doing postfit: ch20,TotalSig
>> Doing postfit: ch20,TotalProcs
>> Doing postfit: ch21,Convs
>> Doing postfit: ch21,Rares
>> Doing postfit: ch21,TTW_inclusive
>> Doing postfit: ch21,TTZ
>> Doing postfit: ch21,VVV
>> Doing postfit: ch21,WZ
>> Doing postfit: ch21,ZZ
>> Doing postfit: ch21,data_fakes
>> Doing postfit: ch21,tHq
>> Doing postfit: ch21,tZq
>> Doing postfit: ch21,ttH
>> Doing postfit: ch21,ttVV
>> Doing postfit: ch21,TotalBkg
>> Doing postfit: ch21,TotalSig
>> Doing postfit: ch21,TotalProcs
>> Doing postfit: ch22,Convs
>> Doing postfit: ch22,Rares
>> Doing postfit: ch22,TTW_inclusive
>> Doing postfit: ch22,TTZ
>> Doing postfit: ch22,VVV
>> Doing postfit: ch22,WZ
>> Doing postfit: ch22,ZZ
>> Doing postfit: ch22,data_fakes
>> Doing postfit: ch22,tHW
>> Doing postfit: ch22,tHq
>> Doing postfit: ch22,tZq
>> Doing postfit: ch22,ttH
>> Doing postfit: ch22,ttVV
>> Doing postfit: ch22,TotalBkg
>> Doing postfit: ch22,TotalSig
>> Doing postfit: ch22,TotalProcs
>> Doing postfit: ch23,Convs
>> Doing postfit: ch23,Rares
>> Doing postfit: ch23,TTW_inclusive
>> Doing postfit: ch23,TTZ
>> Doing postfit: ch23,VVV
>> Doing postfit: ch23,WZ
>> Doing postfit: ch23,ZZ
>> Doing postfit: ch23,data_fakes
>> Doing postfit: ch23,tHW
>> Doing postfit: ch23,tHq
>> Doing postfit: ch23,tZq
>> Doing postfit: ch23,ttH
>> Doing postfit: ch23,ttVV
>> Doing postfit: ch23,TotalBkg
>> Doing postfit: ch23,TotalSig
>> Doing postfit: ch23,TotalProcs
>> Doing postfit: ch24,Rares
>> Doing postfit: ch24,TTW_inclusive
>> Doing postfit: ch24,TTZ
>> Doing postfit: ch24,VVV
>> Doing postfit: ch24,WZ
>> Doing postfit: ch24,ZZ
>> Doing postfit: ch24,data_fakes
>> Doing postfit: ch24,tHW
>> Doing postfit: ch24,tHq
>> Doing postfit: ch24,tZq
>> Doing postfit: ch24,ttH
>> Doing postfit: ch24,ttVV
>> Doing postfit: ch24,TotalBkg
>> Doing postfit: ch24,TotalSig
>> Doing postfit: ch24,TotalProcs
>> Doing postfit: ch25,Convs
>> Doing postfit: ch25,Rares
>> Doing postfit: ch25,TTW_inclusive
>> Doing postfit: ch25,TTZ
>> Doing postfit: ch25,VVV
>> Doing postfit: ch25,WZ
>> Doing postfit: ch25,ZZ
>> Doing postfit: ch25,data_fakes
>> Doing postfit: ch25,tHW
>> Doing postfit: ch25,tHq
>> Doing postfit: ch25,tZq
>> Doing postfit: ch25,ttH
>> Doing postfit: ch25,ttVV
>> Doing postfit: ch25,TotalBkg
>> Doing postfit: ch25,TotalSig
>> Doing postfit: ch25,TotalProcs
>> Doing postfit: ch26,Convs
>> Doing postfit: ch26,Rares
>> Doing postfit: ch26,TTW_inclusive
>> Doing postfit: ch26,TTZ
>> Doing postfit: ch26,VVV
>> Doing postfit: ch26,WZ
>> Doing postfit: ch26,ZZ
>> Doing postfit: ch26,data_fakes
>> Doing postfit: ch26,tHW
>> Doing postfit: ch26,tHq
>> Doing postfit: ch26,tZq
>> Doing postfit: ch26,ttH
>> Doing postfit: ch26,ttVV
>> Doing postfit: ch26,TotalBkg
>> Doing postfit: ch26,TotalSig
>> Doing postfit: ch26,TotalProcs
>> Doing postfit: ch27,Convs
>> Doing postfit: ch27,Rares
>> Doing postfit: ch27,TTW_inclusive
>> Doing postfit: ch27,TTZ
>> Doing postfit: ch27,VVV
>> Doing postfit: ch27,WZ
>> Doing postfit: ch27,ZZ
>> Doing postfit: ch27,data_fakes
>> Doing postfit: ch27,tHW
>> Doing postfit: ch27,tHq
>> Doing postfit: ch27,tZq
>> Doing postfit: ch27,ttH
>> Doing postfit: ch27,ttVV
>> Doing postfit: ch27,TotalBkg
>> Doing postfit: ch27,TotalSig
>> Doing postfit: ch27,TotalProcs
>> Doing postfit: ch28,Rares
>> Doing postfit: ch28,TTW_inclusive
>> Doing postfit: ch28,TTZ
>> Doing postfit: ch28,VVV
>> Doing postfit: ch28,WZ
>> Doing postfit: ch28,ZZ
>> Doing postfit: ch28,data_fakes
>> Doing postfit: ch28,tHW
>> Doing postfit: ch28,tHq
>> Doing postfit: ch28,tZq
>> Doing postfit: ch28,ttH
>> Doing postfit: ch28,ttVV
>> Doing postfit: ch28,TotalBkg
>> Doing postfit: ch28,TotalSig
>> Doing postfit: ch28,TotalProcs
>> Doing postfit: ch29,Convs
>> Doing postfit: ch29,Rares
>> Doing postfit: ch29,TTW_inclusive
>> Doing postfit: ch29,TTZ
>> Doing postfit: ch29,VVV
>> Doing postfit: ch29,WZ
>> Doing postfit: ch29,ZZ
>> Doing postfit: ch29,data_fakes
>> Doing postfit: ch29,tHW
>> Doing postfit: ch29,tHq
>> Doing postfit: ch29,tZq
>> Doing postfit: ch29,ttH
>> Doing postfit: ch29,ttVV
>> Doing postfit: ch29,TotalBkg
>> Doing postfit: ch29,TotalSig
>> Doing postfit: ch29,TotalProcs
>> Doing postfit: ch3,Rares
>> Doing postfit: ch3,TTW_HT_bin0
>> Doing postfit: ch3,TTW_HT_bin1
>> Doing postfit: ch3,TTW_HT_bin2
>> Doing postfit: ch3,TTW_HT_bin3
>> Doing postfit: ch3,TTW_ooa
>> Doing postfit: ch3,TTZ
>> Doing postfit: ch3,VVV
>> Doing postfit: ch3,WZ
>> Doing postfit: ch3,ZZ
>> Doing postfit: ch3,data_fakes
>> Doing postfit: ch3,tHW
>> Doing postfit: ch3,tHq
>> Doing postfit: ch3,tZq
>> Doing postfit: ch3,ttH
>> Doing postfit: ch3,ttVV
>> Doing postfit: ch3,TotalBkg
>> Doing postfit: ch3,TotalSig
>> Doing postfit: ch3,TotalProcs
>> Doing postfit: ch30,Convs
>> Doing postfit: ch30,Rares
>> Doing postfit: ch30,TTW_inclusive
>> Doing postfit: ch30,TTZ
>> Doing postfit: ch30,VVV
>> Doing postfit: ch30,WZ
>> Doing postfit: ch30,ZZ
>> Doing postfit: ch30,data_fakes
>> Doing postfit: ch30,tHW
>> Doing postfit: ch30,tHq
>> Doing postfit: ch30,tZq
>> Doing postfit: ch30,ttH
>> Doing postfit: ch30,ttVV
>> Doing postfit: ch30,TotalBkg
>> Doing postfit: ch30,TotalSig
>> Doing postfit: ch30,TotalProcs
>> Doing postfit: ch31,Convs
>> Doing postfit: ch31,Rares
>> Doing postfit: ch31,TTW_inclusive
>> Doing postfit: ch31,TTZ
>> Doing postfit: ch31,VVV
>> Doing postfit: ch31,WZ
>> Doing postfit: ch31,ZZ
>> Doing postfit: ch31,data_fakes
>> Doing postfit: ch31,tHW
>> Doing postfit: ch31,tHq
>> Doing postfit: ch31,tZq
>> Doing postfit: ch31,ttH
>> Doing postfit: ch31,ttVV
>> Doing postfit: ch31,TotalBkg
>> Doing postfit: ch31,TotalSig
>> Doing postfit: ch31,TotalProcs
>> Doing postfit: ch32,Rares
>> Doing postfit: ch32,TTW_inclusive
>> Doing postfit: ch32,TTZ
>> Doing postfit: ch32,VVV
>> Doing postfit: ch32,WZ
>> Doing postfit: ch32,ZZ
>> Doing postfit: ch32,data_fakes
>> Doing postfit: ch32,tHW
>> Doing postfit: ch32,tHq
>> Doing postfit: ch32,tZq
>> Doing postfit: ch32,ttH
>> Doing postfit: ch32,ttVV
>> Doing postfit: ch32,TotalBkg
>> Doing postfit: ch32,TotalSig
>> Doing postfit: ch32,TotalProcs
>> Doing postfit: ch33,MC_fakes
>> Doing postfit: ch33,Rares
>> Doing postfit: ch33,TTZ
>> Doing postfit: ch33,WZ
>> Doing postfit: ch33,ZZ
>> Doing postfit: ch33,ttH
>> Doing postfit: ch33,TotalBkg
>> Doing postfit: ch33,TotalSig
>> Doing postfit: ch33,TotalProcs
>> Doing postfit: ch34,Convs
>> Doing postfit: ch34,MC_fakes
>> Doing postfit: ch34,Rares
>> Doing postfit: ch34,TTZ
>> Doing postfit: ch34,WZ
>> Doing postfit: ch34,ZZ
>> Doing postfit: ch34,ttH
>> Doing postfit: ch34,TotalBkg
>> Doing postfit: ch34,TotalSig
>> Doing postfit: ch34,TotalProcs
>> Doing postfit: ch35,Convs
>> Doing postfit: ch35,MC_fakes
>> Doing postfit: ch35,Rares
>> Doing postfit: ch35,TTWW
>> Doing postfit: ch35,TTZ
>> Doing postfit: ch35,WZ
>> Doing postfit: ch35,ZZ
>> Doing postfit: ch35,ttH
>> Doing postfit: ch35,TotalBkg
>> Doing postfit: ch35,TotalSig
>> Doing postfit: ch35,TotalProcs
>> Doing postfit: ch36,Convs
>> Doing postfit: ch36,MC_fakes
>> Doing postfit: ch36,Rares
>> Doing postfit: ch36,TTWW
>> Doing postfit: ch36,TTZ
>> Doing postfit: ch36,WZ
>> Doing postfit: ch36,ZZ
>> Doing postfit: ch36,tHW
>> Doing postfit: ch36,ttH
>> Doing postfit: ch36,TotalBkg
>> Doing postfit: ch36,TotalSig
>> Doing postfit: ch36,TotalProcs
>> Doing postfit: ch4,Convs
>> Doing postfit: ch4,Rares
>> Doing postfit: ch4,TTW_HT_bin0
>> Doing postfit: ch4,TTW_HT_bin1
>> Doing postfit: ch4,TTW_HT_bin2
>> Doing postfit: ch4,TTW_HT_bin3
>> Doing postfit: ch4,TTW_ooa
>> Doing postfit: ch4,TTZ
>> Doing postfit: ch4,VVV
>> Doing postfit: ch4,WZ
>> Doing postfit: ch4,ZZ
>> Doing postfit: ch4,data_fakes
>> Doing postfit: ch4,tHW
>> Doing postfit: ch4,tHq
>> Doing postfit: ch4,tZq
>> Doing postfit: ch4,ttH
>> Doing postfit: ch4,ttVV
>> Doing postfit: ch4,TotalBkg
>> Doing postfit: ch4,TotalSig
>> Doing postfit: ch4,TotalProcs
>> Doing postfit: ch5,Convs
>> Doing postfit: ch5,Rares
>> Doing postfit: ch5,TTW_HT_bin0
>> Doing postfit: ch5,TTW_HT_bin1
>> Doing postfit: ch5,TTW_HT_bin2
>> Doing postfit: ch5,TTW_HT_bin3
>> Doing postfit: ch5,TTW_ooa
>> Doing postfit: ch5,TTZ
>> Doing postfit: ch5,VVV
>> Doing postfit: ch5,WZ
>> Doing postfit: ch5,ZZ
>> Doing postfit: ch5,data_fakes
>> Doing postfit: ch5,tHW
>> Doing postfit: ch5,tHq
>> Doing postfit: ch5,tZq
>> Doing postfit: ch5,ttH
>> Doing postfit: ch5,ttVV
>> Doing postfit: ch5,TotalBkg
>> Doing postfit: ch5,TotalSig
>> Doing postfit: ch5,TotalProcs
>> Doing postfit: ch6,Convs
>> Doing postfit: ch6,Rares
>> Doing postfit: ch6,TTW_HT_bin0
>> Doing postfit: ch6,TTW_HT_bin1
>> Doing postfit: ch6,TTW_HT_bin2
>> Doing postfit: ch6,TTW_HT_bin3
>> Doing postfit: ch6,TTW_ooa
>> Doing postfit: ch6,TTZ
>> Doing postfit: ch6,WZ
>> Doing postfit: ch6,ZZ
>> Doing postfit: ch6,data_fakes
>> Doing postfit: ch6,tZq
>> Doing postfit: ch6,ttH
>> Doing postfit: ch6,ttVV
>> Doing postfit: ch6,TotalBkg
>> Doing postfit: ch6,TotalSig
>> Doing postfit: ch6,TotalProcs
>> Doing postfit: ch7,Convs
>> Doing postfit: ch7,Rares
>> Doing postfit: ch7,TTW_HT_bin0
>> Doing postfit: ch7,TTW_HT_bin1
>> Doing postfit: ch7,TTW_HT_bin2
>> Doing postfit: ch7,TTW_HT_bin3
>> Doing postfit: ch7,TTW_ooa
>> Doing postfit: ch7,TTZ
>> Doing postfit: ch7,WZ
>> Doing postfit: ch7,ZZ
>> Doing postfit: ch7,data_fakes
>> Doing postfit: ch7,tHW
>> Doing postfit: ch7,tHq
>> Doing postfit: ch7,tZq
>> Doing postfit: ch7,ttH
>> Doing postfit: ch7,ttVV
>> Doing postfit: ch7,TotalBkg
>> Doing postfit: ch7,TotalSig
>> Doing postfit: ch7,TotalProcs
>> Doing postfit: ch8,Rares
>> Doing postfit: ch8,TTW_HT_bin0
>> Doing postfit: ch8,TTW_HT_bin1
>> Doing postfit: ch8,TTW_HT_bin2
>> Doing postfit: ch8,TTW_HT_bin3
>> Doing postfit: ch8,TTW_ooa
>> Doing postfit: ch8,TTZ
>> Doing postfit: ch8,VVV
>> Doing postfit: ch8,WZ
>> Doing postfit: ch8,ZZ
>> Doing postfit: ch8,data_fakes
>> Doing postfit: ch8,tHW
>> Doing postfit: ch8,tHq
>> Doing postfit: ch8,tZq
>> Doing postfit: ch8,ttH
>> Doing postfit: ch8,ttVV
>> Doing postfit: ch8,TotalBkg
>> Doing postfit: ch8,TotalSig
>> Doing postfit: ch8,TotalProcs
>> Doing postfit: ch9,Convs
>> Doing postfit: ch9,Rares
>> Doing postfit: ch9,TTW_HT_bin0
>> Doing postfit: ch9,TTW_HT_bin1
>> Doing postfit: ch9,TTW_HT_bin2
>> Doing postfit: ch9,TTW_HT_bin3
>> Doing postfit: ch9,TTW_ooa
>> Doing postfit: ch9,TTZ
>> Doing postfit: ch9,VVV
>> Doing postfit: ch9,WZ
>> Doing postfit: ch9,ZZ
>> Doing postfit: ch9,data_fakes
>> Doing postfit: ch9,tHW
>> Doing postfit: ch9,tHq
>> Doing postfit: ch9,tZq
>> Doing postfit: ch9,ttH
>> Doing postfit: ch9,ttVV
>> Doing postfit: ch9,TotalBkg
>> Doing postfit: ch9,TotalSig
>> Doing postfit: ch9,TotalProcs

Bin                       Total relative bkg uncert. (postfit)
----------------------------------------------------------
ch1                       0.01264   
ch10                      0.02063   
ch11                      0.00973   
ch12                      0.00931   
ch13                      0.00833   
ch14                      0.01214   
ch15                      0.00788   
ch16                      0.00934   
ch17                      0.01970   
ch18                      0.01759   
ch19                      0.01517   
ch2                       0.02118   
ch20                      0.01536   
ch21                      0.01623   
ch22                      0.01305   
ch23                      0.01279   
ch24                      0.01161   
ch25                      0.00974   
ch26                      0.00849   
ch27                      0.00650   
ch28                      0.00734   
ch29                      0.01077   
ch3                       0.00834   
ch30                      0.01133   
ch31                      0.00908   
ch32                      0.00943   
ch33                      0.00660   
ch34                      0.01018   
ch35                      0.00712   
ch36                      0.00565   
ch4                       0.00857   
ch5                       0.01399   
ch6                       0.01812   
ch7                       0.01316   
ch8                       0.00829   
ch9                       0.02966   

Bin                       Process              Scale factor
----------------------------------------------------------
ch1                       Convs                1.13652   
ch1                       Rares                1.30530   
ch1                       TTW_HT_bin0          0.60406   
ch1                       TTW_HT_bin1          0.44908   
ch1                       TTW_HT_bin2          0.86951   
ch1                       TTW_HT_bin3          4.39041   
ch1                       TTW_ooa              1.08709   
ch1                       TTZ                  1.20082   
ch1                       VVV                  1.43237   
ch1                       WZ                   1.15236   
ch1                       ZZ                   1.55674   
ch1                       data_fakes           1.94074   
ch1                       tHW                  1.07247   
ch1                       tHq                  1.06096   
ch1                       tZq                  1.16177   
ch1                       ttH                  1.06036   
ch1                       ttVV                 1.06773   
ch10                      Rares                1.20252   
ch10                      TTW_HT_bin0          0.58575   
ch10                      TTW_HT_bin1          0.43727   
ch10                      TTW_HT_bin2          0.84687   
ch10                      TTW_HT_bin3          4.23905   
ch10                      TTW_ooa              1.06582   
ch10                      TTZ                  1.12739   
ch10                      VVV                  1.26441   
ch10                      WZ                   1.10472   
ch10                      ZZ                   1.35796   
ch10                      data_fakes           0.85514   
ch10                      tHW                  1.05229   
ch10                      tHq                  1.03758   
ch10                      tZq                  1.11885   
ch10                      ttH                  1.03223   
ch10                      ttVV                 1.04525   
ch11                      Convs                0.56514   
ch11                      Rares                1.29865   
ch11                      TTW_HT_bin0          0.60437   
ch11                      TTW_HT_bin1          0.44368   
ch11                      TTW_HT_bin2          0.86849   
ch11                      TTW_HT_bin3          4.37664   
ch11                      TTW_ooa              1.11495   
ch11                      TTZ                  1.15361   
ch11                      VVV                  1.35411   
ch11                      WZ                   1.06499   
ch11                      ZZ                   1.39501   
ch11                      data_fakes           1.30727   
ch11                      tHW                  1.06350   
ch11                      tHq                  1.15018   
ch11                      tZq                  1.13394   
ch11                      ttH                  1.06042   
ch11                      ttVV                 1.06053   
ch12                      Convs                0.93464   
ch12                      Rares                1.46856   
ch12                      TTW_HT_bin0          0.61852   
ch12                      TTW_HT_bin1          0.45541   
ch12                      TTW_HT_bin2          0.88523   
ch12                      TTW_HT_bin3          4.39899   
ch12                      TTW_ooa              1.21095   
ch12                      TTZ                  1.16250   
ch12                      VVV                  1.30755   
ch12                      WZ                   1.23000   
ch12                      ZZ                   1.46436   
ch12                      data_fakes           1.47638   
ch12                      tHW                  1.09232   
ch12                      tHq                  1.08461   
ch12                      tZq                  1.16886   
ch12                      ttH                  1.08652   
ch12                      ttVV                 1.08846   
ch13                      Convs                1.01118   
ch13                      Rares                1.36442   
ch13                      TTW_HT_bin0          0.59292   
ch13                      TTW_HT_bin1          0.43602   
ch13                      TTW_HT_bin2          0.84477   
ch13                      TTW_HT_bin3          4.26704   
ch13                      TTW_ooa              1.03228   
ch13                      TTZ                  1.10245   
ch13                      VVV                  3.22398   
ch13                      WZ                   0.95028   
ch13                      ZZ                   1.07684   
ch13                      data_fakes           1.44874   
ch13                      tHW                  1.05174   
ch13                      tHq                  1.04484   
ch13                      tZq                  1.10202   
ch13                      ttH                  1.02983   
ch13                      ttVV                 1.03944   
ch14                      Convs                1.14681   
ch14                      Rares                1.29776   
ch14                      TTW_HT_bin0          0.58507   
ch14                      TTW_HT_bin1          0.45085   
ch14                      TTW_HT_bin2          0.87657   
ch14                      TTW_HT_bin3          4.48017   
ch14                      TTW_ooa              1.19174   
ch14                      TTZ                  1.16867   
ch14                      VVV                  1.27083   
ch14                      WZ                   1.03000   
ch14                      ZZ                   1.57075   
ch14                      data_fakes           3.00255   
ch14                      tHW                  1.05340   
ch14                      tHq                  1.07384   
ch14                      tZq                  1.18968   
ch14                      ttH                  1.06431   
ch14                      ttVV                 1.05921   
ch15                      Rares                1.20598   
ch15                      TTW_HT_bin0          0.55692   
ch15                      TTW_HT_bin1          0.40812   
ch15                      TTW_HT_bin2          0.81670   
ch15                      TTW_HT_bin3          4.10002   
ch15                      TTW_ooa              0.95628   
ch15                      TTZ                  1.08616   
ch15                      VVV                  1.15036   
ch15                      WZ                   0.92798   
ch15                      ZZ                   1.11499   
ch15                      data_fakes           0.94603   
ch15                      tHW                  1.01454   
ch15                      tHq                  0.97111   
ch15                      tZq                  1.05820   
ch15                      ttH                  0.99760   
ch15                      ttVV                 0.99392   
ch16                      Convs                1.07145   
ch16                      Rares                1.12917   
ch16                      TTW_HT_bin0          0.57458   
ch16                      TTW_HT_bin1          0.42192   
ch16                      TTW_HT_bin2          0.83336   
ch16                      TTW_HT_bin3          4.14554   
ch16                      TTW_ooa              1.04851   
ch16                      TTZ                  1.05666   
ch16                      VVV                  1.42392   
ch16                      WZ                   0.95338   
ch16                      ZZ                   1.25902   
ch16                      data_fakes           1.19396   
ch16                      tHW                  1.00893   
ch16                      tHq                  1.00916   
ch16                      tZq                  1.08227   
ch16                      ttH                  1.00808   
ch16                      ttVV                 1.01538   
ch17                      Convs                0.81120   
ch17                      Rares                1.36478   
ch17                      TTW_inclusive        1.09605   
ch17                      TTZ                  1.19909   
ch17                      VVV                  1.30089   
ch17                      WZ                   0.94177   
ch17                      ZZ                   1.25897   
ch17                      data_fakes           1.54467   
ch17                      tHq                  1.10332   
ch17                      tZq                  1.16364   
ch17                      ttH                  1.10132   
ch17                      ttVV                 1.10101   
ch18                      Rares                1.27807   
ch18                      TTW_inclusive        1.05242   
ch18                      TTZ                  1.16885   
ch18                      VVV                  1.25981   
ch18                      WZ                   0.92193   
ch18                      ZZ                   1.21165   
ch18                      data_fakes           0.75052   
ch18                      tHW                  1.06139   
ch18                      tHq                  1.08885   
ch18                      tZq                  1.12610   
ch18                      ttH                  1.04948   
ch18                      ttVV                 1.05983   
ch19                      Convs                1.07145   
ch19                      Rares                1.26174   
ch19                      TTW_inclusive        1.02736   
ch19                      TTZ                  1.13657   
ch19                      VVV                  1.23905   
ch19                      WZ                   0.89884   
ch19                      ZZ                   1.20255   
ch19                      data_fakes           1.81451   
ch19                      tHW                  1.03586   
ch19                      tHq                  1.03132   
ch19                      tZq                  1.09501   
ch19                      ttH                  1.04208   
ch19                      ttVV                 1.03426   
ch2                       Convs                0.95690   
ch2                       Rares                1.33973   
ch2                       TTW_HT_bin0          0.60655   
ch2                       TTW_HT_bin1          0.45366   
ch2                       TTW_HT_bin2          0.78955   
ch2                       TTW_HT_bin3          4.56061   
ch2                       TTW_ooa              1.16228   
ch2                       TTZ                  1.20193   
ch2                       WZ                   1.02735   
ch2                       ZZ                   1.46722   
ch2                       data_fakes           4.48010   
ch2                       tZq                  1.21015   
ch2                       ttH                  1.10126   
ch2                       ttVV                 1.11490   
ch20                      Rares                1.23308   
ch20                      TTW_inclusive        1.00364   
ch20                      TTZ                  1.10721   
ch20                      VVV                  1.20321   
ch20                      WZ                   0.87227   
ch20                      ZZ                   1.16664   
ch20                      data_fakes           0.84468   
ch20                      tHW                  1.05112   
ch20                      tHq                  1.01646   
ch20                      tZq                  1.07125   
ch20                      ttH                  1.01058   
ch20                      ttVV                 1.00939   
ch21                      Convs                1.00822   
ch21                      Rares                1.30287   
ch21                      TTW_inclusive        1.04966   
ch21                      TTZ                  1.16851   
ch21                      VVV                  1.27616   
ch21                      WZ                   0.91302   
ch21                      ZZ                   1.23247   
ch21                      data_fakes           1.75190   
ch21                      tHq                  1.07440   
ch21                      tZq                  1.13049   
ch21                      ttH                  1.05989   
ch21                      ttVV                 1.07744   
ch22                      Convs                1.01448   
ch22                      Rares                1.27677   
ch22                      TTW_inclusive        1.03606   
ch22                      TTZ                  1.14421   
ch22                      VVV                  1.25710   
ch22                      WZ                   0.89068   
ch22                      ZZ                   1.18589   
ch22                      data_fakes           0.79050   
ch22                      tHW                  1.04702   
ch22                      tHq                  1.03248   
ch22                      tZq                  1.10830   
ch22                      ttH                  1.06605   
ch22                      ttVV                 1.04942   
ch23                      Convs                1.03682   
ch23                      Rares                1.26474   
ch23                      TTW_inclusive        1.01792   
ch23                      TTZ                  1.12446   
ch23                      VVV                  1.21473   
ch23                      WZ                   0.87689   
ch23                      ZZ                   1.18702   
ch23                      data_fakes           1.93339   
ch23                      tHW                  1.02021   
ch23                      tHq                  1.02085   
ch23                      tZq                  1.09329   
ch23                      ttH                  1.02040   
ch23                      ttVV                 1.03140   
ch24                      Rares                1.20246   
ch24                      TTW_inclusive        0.99704   
ch24                      TTZ                  1.10210   
ch24                      VVV                  1.19986   
ch24                      WZ                   0.85574   
ch24                      ZZ                   1.15283   
ch24                      data_fakes           0.86568   
ch24                      tHW                  1.00386   
ch24                      tHq                  1.00315   
ch24                      tZq                  1.06789   
ch24                      ttH                  1.00221   
ch24                      ttVV                 1.00488   
ch25                      Convs                1.12185   
ch25                      Rares                1.33384   
ch25                      TTW_inclusive        1.11128   
ch25                      TTZ                  1.21215   
ch25                      VVV                  1.32908   
ch25                      WZ                   0.96263   
ch25                      ZZ                   1.28738   
ch25                      data_fakes           2.20138   
ch25                      tHW                  1.08343   
ch25                      tHq                  1.08280   
ch25                      tZq                  1.18867   
ch25                      ttH                  1.08974   
ch25                      ttVV                 1.10446   
ch26                      Convs                1.03401   
ch26                      Rares                1.30936   
ch26                      TTW_inclusive        1.08088   
ch26                      TTZ                  1.18436   
ch26                      VVV                  1.29245   
ch26                      WZ                   0.93877   
ch26                      ZZ                   1.28021   
ch26                      data_fakes           1.00129   
ch26                      tHW                  1.07359   
ch26                      tHq                  1.08030   
ch26                      tZq                  1.16049   
ch26                      ttH                  1.06043   
ch26                      ttVV                 1.07183   
ch27                      Convs                1.14627   
ch27                      Rares                1.29080   
ch27                      TTW_inclusive        1.05969   
ch27                      TTZ                  1.16013   
ch27                      VVV                  1.26754   
ch27                      WZ                   0.91846   
ch27                      ZZ                   1.24433   
ch27                      data_fakes           1.95552   
ch27                      tHW                  1.09775   
ch27                      tHq                  1.04485   
ch27                      tZq                  1.13170   
ch27                      ttH                  1.05609   
ch27                      ttVV                 1.05932   
ch28                      Rares                1.29999   
ch28                      TTW_inclusive        1.02425   
ch28                      TTZ                  1.13707   
ch28                      VVV                  1.23206   
ch28                      WZ                   0.89840   
ch28                      ZZ                   1.20458   
ch28                      data_fakes           0.86781   
ch28                      tHW                  1.02988   
ch28                      tHq                  1.03056   
ch28                      tZq                  1.10854   
ch28                      ttH                  1.03564   
ch28                      ttVV                 1.04067   
ch29                      Convs                0.62059   
ch29                      Rares                1.31321   
ch29                      TTW_inclusive        1.06237   
ch29                      TTZ                  1.16450   
ch29                      VVV                  1.26770   
ch29                      WZ                   0.91214   
ch29                      ZZ                   1.21301   
ch29                      data_fakes           2.24784   
ch29                      tHW                  1.06139   
ch29                      tHq                  1.14024   
ch29                      tZq                  1.12702   
ch29                      ttH                  1.06911   
ch29                      ttVV                 1.06577   
ch3                       Rares                1.24949   
ch3                       TTW_HT_bin0          0.58767   
ch3                       TTW_HT_bin1          0.41691   
ch3                       TTW_HT_bin2          0.83818   
ch3                       TTW_HT_bin3          4.15497   
ch3                       TTW_ooa              1.01686   
ch3                       TTZ                  1.10761   
ch3                       VVV                  1.25353   
ch3                       WZ                   1.26685   
ch3                       ZZ                   1.40177   
ch3                       data_fakes           0.90667   
ch3                       tHW                  1.03921   
ch3                       tHq                  1.01545   
ch3                       tZq                  1.09706   
ch3                       ttH                  1.03042   
ch3                       ttVV                 1.01524   
ch30                      Convs                1.05276   
ch30                      Rares                1.25570   
ch30                      TTW_inclusive        1.03604   
ch30                      TTZ                  1.13946   
ch30                      VVV                  1.24431   
ch30                      WZ                   0.89115   
ch30                      ZZ                   1.18127   
ch30                      data_fakes           0.90836   
ch30                      tHW                  1.03839   
ch30                      tHq                  1.02840   
ch30                      tZq                  1.09983   
ch30                      ttH                  1.03457   
ch30                      ttVV                 1.03461   
ch31                      Convs                0.87811   
ch31                      Rares                1.25064   
ch31                      TTW_inclusive        1.00586   
ch31                      TTZ                  1.11539   
ch31                      VVV                  1.21158   
ch31                      WZ                   0.87838   
ch31                      ZZ                   1.16668   
ch31                      data_fakes           1.86676   
ch31                      tHW                  1.00827   
ch31                      tHq                  1.01909   
ch31                      tZq                  1.08423   
ch31                      ttH                  1.00988   
ch31                      ttVV                 1.01465   
ch32                      Rares                1.19493   
ch32                      TTW_inclusive        0.99040   
ch32                      TTZ                  1.09048   
ch32                      VVV                  1.17756   
ch32                      WZ                   0.85453   
ch32                      ZZ                   1.14016   
ch32                      data_fakes           0.90075   
ch32                      tHW                  0.97877   
ch32                      tHq                  0.98765   
ch32                      tZq                  1.05932   
ch32                      ttH                  0.98127   
ch32                      ttVV                 0.99824   
ch33                      MC_fakes             1.00114   
ch33                      Rares                1.23704   
ch33                      TTZ                  1.11738   
ch33                      WZ                   0.78404   
ch33                      ZZ                   1.07209   
ch33                      ttH                  1.00345   
ch34                      Convs                1.05112   
ch34                      MC_fakes             0.99978   
ch34                      Rares                1.26522   
ch34                      TTZ                  1.12549   
ch34                      WZ                   0.74805   
ch34                      ZZ                   1.08021   
ch34                      ttH                  1.03040   
ch35                      Convs                1.04541   
ch35                      MC_fakes             0.99961   
ch35                      Rares                1.27677   
ch35                      TTWW                 0.99995   
ch35                      TTZ                  1.15257   
ch35                      WZ                   0.74685   
ch35                      ZZ                   1.10631   
ch35                      ttH                  1.03536   
ch36                      Convs                1.05247   
ch36                      MC_fakes             0.99787   
ch36                      Rares                1.25455   
ch36                      TTWW                 0.99993   
ch36                      TTZ                  1.10887   
ch36                      WZ                   0.80768   
ch36                      ZZ                   1.07023   
ch36                      tHW                  1.01003   
ch36                      ttH                  1.00741   
ch4                       Convs                0.99032   
ch4                       Rares                1.27055   
ch4                       TTW_HT_bin0          0.58442   
ch4                       TTW_HT_bin1          0.42954   
ch4                       TTW_HT_bin2          0.84150   
ch4                       TTW_HT_bin3          4.30263   
ch4                       TTW_ooa              1.11632   
ch4                       TTZ                  1.11686   
ch4                       VVV                  1.29520   
ch4                       WZ                   1.24754   
ch4                       ZZ                   1.57769   
ch4                       data_fakes           1.19742   
ch4                       tHW                  1.08336   
ch4                       tHq                  1.04094   
ch4                       tZq                  1.08821   
ch4                       ttH                  1.04096   
ch4                       ttVV                 1.03727   
ch5                       Convs                1.06367   
ch5                       Rares                1.26714   
ch5                       TTW_HT_bin0          0.58091   
ch5                       TTW_HT_bin1          0.43102   
ch5                       TTW_HT_bin2          0.86432   
ch5                       TTW_HT_bin3          4.16667   
ch5                       TTW_ooa              1.01873   
ch5                       TTZ                  1.17731   
ch5                       VVV                  1.24278   
ch5                       WZ                   1.04657   
ch5                       ZZ                   1.32194   
ch5                       data_fakes           1.19364   
ch5                       tHW                  1.03662   
ch5                       tHq                  1.03896   
ch5                       tZq                  1.15722   
ch5                       ttH                  1.03496   
ch5                       ttVV                 1.03708   
ch6                       Convs                1.13453   
ch6                       Rares                1.32492   
ch6                       TTW_HT_bin0          0.59542   
ch6                       TTW_HT_bin1          0.43914   
ch6                       TTW_HT_bin2          0.86626   
ch6                       TTW_HT_bin3          4.29246   
ch6                       TTW_ooa              1.24876   
ch6                       TTZ                  1.17193   
ch6                       WZ                   1.18951   
ch6                       ZZ                   5.23977   
ch6                       data_fakes           2.33420   
ch6                       tZq                  1.16081   
ch6                       ttH                  1.03210   
ch6                       ttVV                 1.08215   
ch7                       Convs                1.03791   
ch7                       Rares                1.28994   
ch7                       TTW_HT_bin0          0.60045   
ch7                       TTW_HT_bin1          0.43642   
ch7                       TTW_HT_bin2          0.87127   
ch7                       TTW_HT_bin3          4.53544   
ch7                       TTW_ooa              1.19823   
ch7                       TTZ                  1.16345   
ch7                       WZ                   1.37400   
ch7                       ZZ                   1.41277   
ch7                       data_fakes           2.58908   
ch7                       tHW                  1.08496   
ch7                       tHq                  1.08010   
ch7                       tZq                  1.15648   
ch7                       ttH                  1.04404   
ch7                       ttVV                 1.05502   
ch8                       Rares                1.24105   
ch8                       TTW_HT_bin0          0.59150   
ch8                       TTW_HT_bin1          0.41567   
ch8                       TTW_HT_bin2          0.81846   
ch8                       TTW_HT_bin3          4.10929   
ch8                       TTW_ooa              1.03582   
ch8                       TTZ                  1.10926   
ch8                       VVV                  1.21181   
ch8                       WZ                   1.09793   
ch8                       ZZ                   1.54380   
ch8                       data_fakes           0.92262   
ch8                       tHW                  1.00226   
ch8                       tHq                  1.00116   
ch8                       tZq                  1.08911   
ch8                       ttH                  1.02468   
ch8                       ttVV                 1.00650   
ch9                       Convs                0.63781   
ch9                       Rares                1.35533   
ch9                       TTW_HT_bin0          0.62460   
ch9                       TTW_HT_bin1          0.45646   
ch9                       TTW_HT_bin2          0.93524   
ch9                       TTW_HT_bin3          4.40584   
ch9                       TTW_ooa              1.10135   
ch9                       TTZ                  1.22559   
ch9                       VVV                  1.29556   
ch9                       WZ                   1.43982   
ch9                       ZZ                   2.19307   
ch9                       data_fakes           3.01145   
ch9                       tHW                  1.10769   
ch9                       tHq                  1.10694   
ch9                       tZq                  1.16907   
ch9                       ttH                  1.10009   
ch9                       ttVV                 1.10327   
