/mnt_pool/c3_users/user/cvico/WorkSpace/ttw-differential/postfit-plots/counting/2lss/nbjets
WARNING: the default behaviour of PostFitShapesFromWorkspace is to use the covariance matrix sampling method for the post-fit uncertainty. The option --sampling is deprecated and will be removed in future versions of CombineHarvester
[SetFlag] Changing value of flag "workspaces-use-clone" from 0 to 1
[#1] INFO:ObjectHandling -- RooWorkspace::import(w) importing dataset ch1
[#1] INFO:ObjectHandling -- RooWorkspace::import(w) importing dataset ch10
[#1] INFO:ObjectHandling -- RooWorkspace::import(w) importing dataset ch11
[#1] INFO:ObjectHandling -- RooWorkspace::import(w) importing dataset ch12
[#1] INFO:ObjectHandling -- RooWorkspace::import(w) importing dataset ch13
[#1] INFO:ObjectHandling -- RooWorkspace::import(w) importing dataset ch14
[#1] INFO:ObjectHandling -- RooWorkspace::import(w) importing dataset ch15
[#1] INFO:ObjectHandling -- RooWorkspace::import(w) importing dataset ch16
[#1] INFO:ObjectHandling -- RooWorkspace::import(w) importing dataset ch17
[#1] INFO:ObjectHandling -- RooWorkspace::import(w) importing dataset ch18
[#1] INFO:ObjectHandling -- RooWorkspace::import(w) importing dataset ch19
[#1] INFO:ObjectHandling -- RooWorkspace::import(w) importing dataset ch2
[#1] INFO:ObjectHandling -- RooWorkspace::import(w) importing dataset ch20
[#1] INFO:ObjectHandling -- RooWorkspace::import(w) importing dataset ch21
[#1] INFO:ObjectHandling -- RooWorkspace::import(w) importing dataset ch22
[#1] INFO:ObjectHandling -- RooWorkspace::import(w) importing dataset ch23
[#1] INFO:ObjectHandling -- RooWorkspace::import(w) importing dataset ch24
[#1] INFO:ObjectHandling -- RooWorkspace::import(w) importing dataset ch25
[#1] INFO:ObjectHandling -- RooWorkspace::import(w) importing dataset ch26
[#1] INFO:ObjectHandling -- RooWorkspace::import(w) importing dataset ch27
[#1] INFO:ObjectHandling -- RooWorkspace::import(w) importing dataset ch28
[#1] INFO:ObjectHandling -- RooWorkspace::import(w) importing dataset ch29
[#1] INFO:ObjectHandling -- RooWorkspace::import(w) importing dataset ch3
[#1] INFO:ObjectHandling -- RooWorkspace::import(w) importing dataset ch30
[#1] INFO:ObjectHandling -- RooWorkspace::import(w) importing dataset ch31
[#1] INFO:ObjectHandling -- RooWorkspace::import(w) importing dataset ch32
[#1] INFO:ObjectHandling -- RooWorkspace::import(w) importing dataset ch33
[#1] INFO:ObjectHandling -- RooWorkspace::import(w) importing dataset ch34
[#1] INFO:ObjectHandling -- RooWorkspace::import(w) importing dataset ch35
[#1] INFO:ObjectHandling -- RooWorkspace::import(w) importing dataset ch36
[#1] INFO:ObjectHandling -- RooWorkspace::import(w) importing dataset ch37
[#1] INFO:ObjectHandling -- RooWorkspace::import(w) importing dataset ch38
[#1] INFO:ObjectHandling -- RooWorkspace::import(w) importing dataset ch39
[#1] INFO:ObjectHandling -- RooWorkspace::import(w) importing dataset ch4
[#1] INFO:ObjectHandling -- RooWorkspace::import(w) importing dataset ch40
[#1] INFO:ObjectHandling -- RooWorkspace::import(w) importing dataset ch41
[#1] INFO:ObjectHandling -- RooWorkspace::import(w) importing dataset ch42
[#1] INFO:ObjectHandling -- RooWorkspace::import(w) importing dataset ch43
[#1] INFO:ObjectHandling -- RooWorkspace::import(w) importing dataset ch44
[#1] INFO:ObjectHandling -- RooWorkspace::import(w) importing dataset ch5
[#1] INFO:ObjectHandling -- RooWorkspace::import(w) importing dataset ch6
[#1] INFO:ObjectHandling -- RooWorkspace::import(w) importing dataset ch7
[#1] INFO:ObjectHandling -- RooWorkspace::import(w) importing dataset ch8
[#1] INFO:ObjectHandling -- RooWorkspace::import(w) importing dataset ch9
[SetFlag] Changing value of flag "workspaces-use-clone" from 0 to 1
>> Doing prefit: TotalBkg
>> Doing prefit: TotalSig
>> Doing prefit: TotalProcs
Info in <TH1F::Add>: Attempt to add histograms with different number of bins - trying to use TH1::Merge
Error in <TH1Merger::DifferentAxesMerge>: Cannot merge histograms - the histograms x_data_obs can extend the X axis or have different limits and underflows/overflows are present in the histogram x_data_obs.
Info in <TH1F::Add>: Attempt to add histograms with different number of bins - trying to use TH1::Merge
Error in <TH1Merger::DifferentAxesMerge>: Cannot merge histograms - the histograms x_data_obs can extend the X axis or have different limits and underflows/overflows are present in the histogram x_data_obs.
Info in <TH1F::Add>: Attempt to add histograms with different number of bins - trying to use TH1::Merge
Error in <TH1Merger::DifferentAxesMerge>: Cannot merge histograms - the histograms x_data_obs can extend the X axis or have different limits and underflows/overflows are present in the histogram x_data_obs.
Info in <TH1F::Add>: Attempt to add histograms with different number of bins - trying to use TH1::Merge
Error in <TH1Merger::DifferentAxesMerge>: Cannot merge histograms - the histograms x_data_obs can extend the X axis or have different limits and underflows/overflows are present in the histogram x_data_obs.
Info in <TH1F::Add>: Attempt to add histograms with different number of bins - trying to use TH1::Merge
Error in <TH1Merger::DifferentAxesMerge>: Cannot merge histograms - the histograms x_data_obs can extend the X axis or have different limits and underflows/overflows are present in the histogram x_data_obs.
>> Doing prefit: ch1,Convs
>> Doing prefit: ch1,Rares
>> Doing prefit: ch1,TTW_nbjets_bin0
>> Doing prefit: ch1,TTW_nbjets_bin1
>> Doing prefit: ch1,TTW_ooa
>> Doing prefit: ch1,TTZ
>> Doing prefit: ch1,VVV
>> Doing prefit: ch1,WZ
>> Doing prefit: ch1,ZZ
>> Doing prefit: ch1,data_fakes
>> Doing prefit: ch1,data_flips
>> Doing prefit: ch1,tHW
>> Doing prefit: ch1,tHq
>> Doing prefit: ch1,tZq
>> Doing prefit: ch1,ttH
>> Doing prefit: ch1,ttVV
>> Doing prefit: ch1,TotalBkg
>> Doing prefit: ch1,TotalSig
>> Doing prefit: ch1,TotalProcs
>> Doing prefit: ch10,Convs
>> Doing prefit: ch10,Rares
>> Doing prefit: ch10,TTW_nbjets_bin0
>> Doing prefit: ch10,TTW_nbjets_bin1
>> Doing prefit: ch10,TTW_ooa
>> Doing prefit: ch10,TTZ
>> Doing prefit: ch10,VVV
>> Doing prefit: ch10,WZ
>> Doing prefit: ch10,ZZ
>> Doing prefit: ch10,data_fakes
>> Doing prefit: ch10,data_flips
>> Doing prefit: ch10,tHW
>> Doing prefit: ch10,tHq
>> Doing prefit: ch10,tZq
>> Doing prefit: ch10,ttH
>> Doing prefit: ch10,ttVV
>> Doing prefit: ch10,TotalBkg
>> Doing prefit: ch10,TotalSig
>> Doing prefit: ch10,TotalProcs
>> Doing prefit: ch11,Convs
>> Doing prefit: ch11,Rares
>> Doing prefit: ch11,TTW_nbjets_bin0
>> Doing prefit: ch11,TTW_nbjets_bin1
>> Doing prefit: ch11,TTW_ooa
>> Doing prefit: ch11,TTZ
>> Doing prefit: ch11,VVV
>> Doing prefit: ch11,WZ
>> Doing prefit: ch11,ZZ
>> Doing prefit: ch11,data_fakes
>> Doing prefit: ch11,data_flips
>> Doing prefit: ch11,tHW
>> Doing prefit: ch11,tHq
>> Doing prefit: ch11,tZq
>> Doing prefit: ch11,ttH
>> Doing prefit: ch11,ttVV
>> Doing prefit: ch11,TotalBkg
>> Doing prefit: ch11,TotalSig
>> Doing prefit: ch11,TotalProcs
>> Doing prefit: ch12,Rares
>> Doing prefit: ch12,TTW_nbjets_bin0
>> Doing prefit: ch12,TTW_nbjets_bin1
>> Doing prefit: ch12,TTW_ooa
>> Doing prefit: ch12,TTZ
>> Doing prefit: ch12,VVV
>> Doing prefit: ch12,WZ
>> Doing prefit: ch12,ZZ
>> Doing prefit: ch12,data_fakes
>> Doing prefit: ch12,tHW
>> Doing prefit: ch12,tHq
>> Doing prefit: ch12,tZq
>> Doing prefit: ch12,ttH
>> Doing prefit: ch12,ttVV
>> Doing prefit: ch12,TotalBkg
>> Doing prefit: ch12,TotalSig
>> Doing prefit: ch12,TotalProcs
>> Doing prefit: ch13,Convs
>> Doing prefit: ch13,Rares
>> Doing prefit: ch13,TTW_nbjets_bin0
>> Doing prefit: ch13,TTW_nbjets_bin1
>> Doing prefit: ch13,TTW_ooa
>> Doing prefit: ch13,TTZ
>> Doing prefit: ch13,VVV
>> Doing prefit: ch13,WZ
>> Doing prefit: ch13,ZZ
>> Doing prefit: ch13,data_fakes
>> Doing prefit: ch13,data_flips
>> Doing prefit: ch13,tHW
>> Doing prefit: ch13,tHq
>> Doing prefit: ch13,tZq
>> Doing prefit: ch13,ttH
>> Doing prefit: ch13,ttVV
>> Doing prefit: ch13,TotalBkg
>> Doing prefit: ch13,TotalSig
>> Doing prefit: ch13,TotalProcs
>> Doing prefit: ch14,Convs
>> Doing prefit: ch14,Rares
>> Doing prefit: ch14,TTW_nbjets_bin0
>> Doing prefit: ch14,TTW_nbjets_bin1
>> Doing prefit: ch14,TTW_ooa
>> Doing prefit: ch14,TTZ
>> Doing prefit: ch14,VVV
>> Doing prefit: ch14,WZ
>> Doing prefit: ch14,ZZ
>> Doing prefit: ch14,data_fakes
>> Doing prefit: ch14,data_flips
>> Doing prefit: ch14,tHW
>> Doing prefit: ch14,tHq
>> Doing prefit: ch14,tZq
>> Doing prefit: ch14,ttH
>> Doing prefit: ch14,ttVV
>> Doing prefit: ch14,TotalBkg
>> Doing prefit: ch14,TotalSig
>> Doing prefit: ch14,TotalProcs
>> Doing prefit: ch15,Rares
>> Doing prefit: ch15,TTW_nbjets_bin0
>> Doing prefit: ch15,TTW_nbjets_bin1
>> Doing prefit: ch15,TTW_ooa
>> Doing prefit: ch15,TTZ
>> Doing prefit: ch15,VVV
>> Doing prefit: ch15,WZ
>> Doing prefit: ch15,ZZ
>> Doing prefit: ch15,data_fakes
>> Doing prefit: ch15,tHW
>> Doing prefit: ch15,tHq
>> Doing prefit: ch15,tZq
>> Doing prefit: ch15,ttH
>> Doing prefit: ch15,ttVV
>> Doing prefit: ch15,TotalBkg
>> Doing prefit: ch15,TotalSig
>> Doing prefit: ch15,TotalProcs
>> Doing prefit: ch16,Convs
>> Doing prefit: ch16,Rares
>> Doing prefit: ch16,TTW_nbjets_bin0
>> Doing prefit: ch16,TTW_nbjets_bin1
>> Doing prefit: ch16,TTW_ooa
>> Doing prefit: ch16,TTZ
>> Doing prefit: ch16,VVV
>> Doing prefit: ch16,WZ
>> Doing prefit: ch16,ZZ
>> Doing prefit: ch16,data_fakes
>> Doing prefit: ch16,data_flips
>> Doing prefit: ch16,tHW
>> Doing prefit: ch16,tHq
>> Doing prefit: ch16,tZq
>> Doing prefit: ch16,ttH
>> Doing prefit: ch16,ttVV
>> Doing prefit: ch16,TotalBkg
>> Doing prefit: ch16,TotalSig
>> Doing prefit: ch16,TotalProcs
>> Doing prefit: ch17,Convs
>> Doing prefit: ch17,Rares
>> Doing prefit: ch17,TTW_nbjets_bin0
>> Doing prefit: ch17,TTW_nbjets_bin1
>> Doing prefit: ch17,TTW_ooa
>> Doing prefit: ch17,TTZ
>> Doing prefit: ch17,VVV
>> Doing prefit: ch17,WZ
>> Doing prefit: ch17,ZZ
>> Doing prefit: ch17,data_fakes
>> Doing prefit: ch17,data_flips
>> Doing prefit: ch17,tHW
>> Doing prefit: ch17,tHq
>> Doing prefit: ch17,tZq
>> Doing prefit: ch17,ttH
>> Doing prefit: ch17,ttVV
>> Doing prefit: ch17,TotalBkg
>> Doing prefit: ch17,TotalSig
>> Doing prefit: ch17,TotalProcs
>> Doing prefit: ch18,Rares
>> Doing prefit: ch18,TTW_nbjets_bin0
>> Doing prefit: ch18,TTW_nbjets_bin1
>> Doing prefit: ch18,TTW_ooa
>> Doing prefit: ch18,TTZ
>> Doing prefit: ch18,VVV
>> Doing prefit: ch18,WZ
>> Doing prefit: ch18,ZZ
>> Doing prefit: ch18,data_fakes
>> Doing prefit: ch18,tHW
>> Doing prefit: ch18,tHq
>> Doing prefit: ch18,tZq
>> Doing prefit: ch18,ttH
>> Doing prefit: ch18,ttVV
>> Doing prefit: ch18,TotalBkg
>> Doing prefit: ch18,TotalSig
>> Doing prefit: ch18,TotalProcs
>> Doing prefit: ch19,Convs
>> Doing prefit: ch19,Rares
>> Doing prefit: ch19,TTW_nbjets_bin0
>> Doing prefit: ch19,TTW_nbjets_bin1
>> Doing prefit: ch19,TTW_ooa
>> Doing prefit: ch19,TTZ
>> Doing prefit: ch19,VVV
>> Doing prefit: ch19,WZ
>> Doing prefit: ch19,ZZ
>> Doing prefit: ch19,data_fakes
>> Doing prefit: ch19,data_flips
>> Doing prefit: ch19,tHW
>> Doing prefit: ch19,tHq
>> Doing prefit: ch19,tZq
>> Doing prefit: ch19,ttH
>> Doing prefit: ch19,ttVV
>> Doing prefit: ch19,TotalBkg
>> Doing prefit: ch19,TotalSig
>> Doing prefit: ch19,TotalProcs
>> Doing prefit: ch2,Convs
>> Doing prefit: ch2,Rares
>> Doing prefit: ch2,TTW_nbjets_bin0
>> Doing prefit: ch2,TTW_nbjets_bin1
>> Doing prefit: ch2,TTW_ooa
>> Doing prefit: ch2,TTZ
>> Doing prefit: ch2,VVV
>> Doing prefit: ch2,WZ
>> Doing prefit: ch2,ZZ
>> Doing prefit: ch2,data_fakes
>> Doing prefit: ch2,data_flips
>> Doing prefit: ch2,tHW
>> Doing prefit: ch2,tHq
>> Doing prefit: ch2,tZq
>> Doing prefit: ch2,ttH
>> Doing prefit: ch2,ttVV
>> Doing prefit: ch2,TotalBkg
>> Doing prefit: ch2,TotalSig
>> Doing prefit: ch2,TotalProcs
>> Doing prefit: ch20,Convs
>> Doing prefit: ch20,Rares
>> Doing prefit: ch20,TTW_nbjets_bin0
>> Doing prefit: ch20,TTW_nbjets_bin1
>> Doing prefit: ch20,TTW_ooa
>> Doing prefit: ch20,TTZ
>> Doing prefit: ch20,VVV
>> Doing prefit: ch20,WZ
>> Doing prefit: ch20,ZZ
>> Doing prefit: ch20,data_fakes
>> Doing prefit: ch20,data_flips
>> Doing prefit: ch20,tHW
>> Doing prefit: ch20,tHq
>> Doing prefit: ch20,tZq
>> Doing prefit: ch20,ttH
>> Doing prefit: ch20,ttVV
>> Doing prefit: ch20,TotalBkg
>> Doing prefit: ch20,TotalSig
>> Doing prefit: ch20,TotalProcs
>> Doing prefit: ch21,Rares
>> Doing prefit: ch21,TTW_nbjets_bin0
>> Doing prefit: ch21,TTW_nbjets_bin1
>> Doing prefit: ch21,TTW_ooa
>> Doing prefit: ch21,TTZ
>> Doing prefit: ch21,VVV
>> Doing prefit: ch21,WZ
>> Doing prefit: ch21,ZZ
>> Doing prefit: ch21,data_fakes
>> Doing prefit: ch21,tHW
>> Doing prefit: ch21,tHq
>> Doing prefit: ch21,tZq
>> Doing prefit: ch21,ttH
>> Doing prefit: ch21,ttVV
>> Doing prefit: ch21,TotalBkg
>> Doing prefit: ch21,TotalSig
>> Doing prefit: ch21,TotalProcs
>> Doing prefit: ch22,Rares
>> Doing prefit: ch22,TTW_nbjets_bin0
>> Doing prefit: ch22,TTW_nbjets_bin1
>> Doing prefit: ch22,TTW_ooa
>> Doing prefit: ch22,TTZ
>> Doing prefit: ch22,VVV
>> Doing prefit: ch22,WZ
>> Doing prefit: ch22,ZZ
>> Doing prefit: ch22,data_fakes
>> Doing prefit: ch22,tHW
>> Doing prefit: ch22,tHq
>> Doing prefit: ch22,tZq
>> Doing prefit: ch22,ttH
>> Doing prefit: ch22,ttVV
>> Doing prefit: ch22,TotalBkg
>> Doing prefit: ch22,TotalSig
>> Doing prefit: ch22,TotalProcs
>> Doing prefit: ch23,Convs
>> Doing prefit: ch23,Rares
>> Doing prefit: ch23,TTW_nbjets_bin0
>> Doing prefit: ch23,TTW_nbjets_bin1
>> Doing prefit: ch23,TTW_ooa
>> Doing prefit: ch23,TTZ
>> Doing prefit: ch23,VVV
>> Doing prefit: ch23,WZ
>> Doing prefit: ch23,ZZ
>> Doing prefit: ch23,data_fakes
>> Doing prefit: ch23,data_flips
>> Doing prefit: ch23,tHW
>> Doing prefit: ch23,tHq
>> Doing prefit: ch23,tZq
>> Doing prefit: ch23,ttH
>> Doing prefit: ch23,ttVV
>> Doing prefit: ch23,TotalBkg
>> Doing prefit: ch23,TotalSig
>> Doing prefit: ch23,TotalProcs
>> Doing prefit: ch24,Convs
>> Doing prefit: ch24,Rares
>> Doing prefit: ch24,TTW_nbjets_bin0
>> Doing prefit: ch24,TTW_nbjets_bin1
>> Doing prefit: ch24,TTW_ooa
>> Doing prefit: ch24,TTZ
>> Doing prefit: ch24,VVV
>> Doing prefit: ch24,WZ
>> Doing prefit: ch24,ZZ
>> Doing prefit: ch24,data_fakes
>> Doing prefit: ch24,data_flips
>> Doing prefit: ch24,tHW
>> Doing prefit: ch24,tHq
>> Doing prefit: ch24,tZq
>> Doing prefit: ch24,ttH
>> Doing prefit: ch24,ttVV
>> Doing prefit: ch24,TotalBkg
>> Doing prefit: ch24,TotalSig
>> Doing prefit: ch24,TotalProcs
>> Doing prefit: ch25,Convs
>> Doing prefit: ch25,Rares
>> Doing prefit: ch25,TTW_inclusive
>> Doing prefit: ch25,TTZ
>> Doing prefit: ch25,VVV
>> Doing prefit: ch25,WZ
>> Doing prefit: ch25,ZZ
>> Doing prefit: ch25,data_fakes
>> Doing prefit: ch25,tHq
>> Doing prefit: ch25,tZq
>> Doing prefit: ch25,ttH
>> Doing prefit: ch25,ttVV
>> Doing prefit: ch25,TotalBkg
>> Doing prefit: ch25,TotalSig
>> Doing prefit: ch25,TotalProcs
>> Doing prefit: ch26,Rares
>> Doing prefit: ch26,TTW_inclusive
>> Doing prefit: ch26,TTZ
>> Doing prefit: ch26,VVV
>> Doing prefit: ch26,WZ
>> Doing prefit: ch26,ZZ
>> Doing prefit: ch26,data_fakes
>> Doing prefit: ch26,tHW
>> Doing prefit: ch26,tHq
>> Doing prefit: ch26,tZq
>> Doing prefit: ch26,ttH
>> Doing prefit: ch26,ttVV
>> Doing prefit: ch26,TotalBkg
>> Doing prefit: ch26,TotalSig
>> Doing prefit: ch26,TotalProcs
>> Doing prefit: ch27,Convs
>> Doing prefit: ch27,Rares
>> Doing prefit: ch27,TTW_inclusive
>> Doing prefit: ch27,TTZ
>> Doing prefit: ch27,VVV
>> Doing prefit: ch27,WZ
>> Doing prefit: ch27,ZZ
>> Doing prefit: ch27,data_fakes
>> Doing prefit: ch27,tHW
>> Doing prefit: ch27,tHq
>> Doing prefit: ch27,tZq
>> Doing prefit: ch27,ttH
>> Doing prefit: ch27,ttVV
>> Doing prefit: ch27,TotalBkg
>> Doing prefit: ch27,TotalSig
>> Doing prefit: ch27,TotalProcs
>> Doing prefit: ch28,Rares
>> Doing prefit: ch28,TTW_inclusive
>> Doing prefit: ch28,TTZ
>> Doing prefit: ch28,VVV
>> Doing prefit: ch28,WZ
>> Doing prefit: ch28,ZZ
>> Doing prefit: ch28,data_fakes
>> Doing prefit: ch28,tHW
>> Doing prefit: ch28,tHq
>> Doing prefit: ch28,tZq
>> Doing prefit: ch28,ttH
>> Doing prefit: ch28,ttVV
>> Doing prefit: ch28,TotalBkg
>> Doing prefit: ch28,TotalSig
>> Doing prefit: ch28,TotalProcs
>> Doing prefit: ch29,Convs
>> Doing prefit: ch29,Rares
>> Doing prefit: ch29,TTW_inclusive
>> Doing prefit: ch29,TTZ
>> Doing prefit: ch29,VVV
>> Doing prefit: ch29,WZ
>> Doing prefit: ch29,ZZ
>> Doing prefit: ch29,data_fakes
>> Doing prefit: ch29,tHq
>> Doing prefit: ch29,tZq
>> Doing prefit: ch29,ttH
>> Doing prefit: ch29,ttVV
>> Doing prefit: ch29,TotalBkg
>> Doing prefit: ch29,TotalSig
>> Doing prefit: ch29,TotalProcs
>> Doing prefit: ch3,Rares
>> Doing prefit: ch3,TTW_nbjets_bin0
>> Doing prefit: ch3,TTW_nbjets_bin1
>> Doing prefit: ch3,TTW_ooa
>> Doing prefit: ch3,TTZ
>> Doing prefit: ch3,VVV
>> Doing prefit: ch3,WZ
>> Doing prefit: ch3,ZZ
>> Doing prefit: ch3,data_fakes
>> Doing prefit: ch3,tHW
>> Doing prefit: ch3,tHq
>> Doing prefit: ch3,tZq
>> Doing prefit: ch3,ttH
>> Doing prefit: ch3,ttVV
>> Doing prefit: ch3,TotalBkg
>> Doing prefit: ch3,TotalSig
>> Doing prefit: ch3,TotalProcs
>> Doing prefit: ch30,Convs
>> Doing prefit: ch30,Rares
>> Doing prefit: ch30,TTW_inclusive
>> Doing prefit: ch30,TTZ
>> Doing prefit: ch30,VVV
>> Doing prefit: ch30,WZ
>> Doing prefit: ch30,ZZ
>> Doing prefit: ch30,data_fakes
>> Doing prefit: ch30,tHW
>> Doing prefit: ch30,tHq
>> Doing prefit: ch30,tZq
>> Doing prefit: ch30,ttH
>> Doing prefit: ch30,ttVV
>> Doing prefit: ch30,TotalBkg
>> Doing prefit: ch30,TotalSig
>> Doing prefit: ch30,TotalProcs
>> Doing prefit: ch31,Convs
>> Doing prefit: ch31,Rares
>> Doing prefit: ch31,TTW_inclusive
>> Doing prefit: ch31,TTZ
>> Doing prefit: ch31,VVV
>> Doing prefit: ch31,WZ
>> Doing prefit: ch31,ZZ
>> Doing prefit: ch31,data_fakes
>> Doing prefit: ch31,tHW
>> Doing prefit: ch31,tHq
>> Doing prefit: ch31,tZq
>> Doing prefit: ch31,ttH
>> Doing prefit: ch31,ttVV
>> Doing prefit: ch31,TotalBkg
>> Doing prefit: ch31,TotalSig
>> Doing prefit: ch31,TotalProcs
>> Doing prefit: ch32,Rares
>> Doing prefit: ch32,TTW_inclusive
>> Doing prefit: ch32,TTZ
>> Doing prefit: ch32,VVV
>> Doing prefit: ch32,WZ
>> Doing prefit: ch32,ZZ
>> Doing prefit: ch32,data_fakes
>> Doing prefit: ch32,tHW
>> Doing prefit: ch32,tHq
>> Doing prefit: ch32,tZq
>> Doing prefit: ch32,ttH
>> Doing prefit: ch32,ttVV
>> Doing prefit: ch32,TotalBkg
>> Doing prefit: ch32,TotalSig
>> Doing prefit: ch32,TotalProcs
>> Doing prefit: ch33,Convs
>> Doing prefit: ch33,Rares
>> Doing prefit: ch33,TTW_inclusive
>> Doing prefit: ch33,TTZ
>> Doing prefit: ch33,VVV
>> Doing prefit: ch33,WZ
>> Doing prefit: ch33,ZZ
>> Doing prefit: ch33,data_fakes
>> Doing prefit: ch33,tHW
>> Doing prefit: ch33,tHq
>> Doing prefit: ch33,tZq
>> Doing prefit: ch33,ttH
>> Doing prefit: ch33,ttVV
>> Doing prefit: ch33,TotalBkg
>> Doing prefit: ch33,TotalSig
>> Doing prefit: ch33,TotalProcs
>> Doing prefit: ch34,Convs
>> Doing prefit: ch34,Rares
>> Doing prefit: ch34,TTW_inclusive
>> Doing prefit: ch34,TTZ
>> Doing prefit: ch34,VVV
>> Doing prefit: ch34,WZ
>> Doing prefit: ch34,ZZ
>> Doing prefit: ch34,data_fakes
>> Doing prefit: ch34,tHW
>> Doing prefit: ch34,tHq
>> Doing prefit: ch34,tZq
>> Doing prefit: ch34,ttH
>> Doing prefit: ch34,ttVV
>> Doing prefit: ch34,TotalBkg
>> Doing prefit: ch34,TotalSig
>> Doing prefit: ch34,TotalProcs
>> Doing prefit: ch35,Convs
>> Doing prefit: ch35,Rares
>> Doing prefit: ch35,TTW_inclusive
>> Doing prefit: ch35,TTZ
>> Doing prefit: ch35,VVV
>> Doing prefit: ch35,WZ
>> Doing prefit: ch35,ZZ
>> Doing prefit: ch35,data_fakes
>> Doing prefit: ch35,tHW
>> Doing prefit: ch35,tHq
>> Doing prefit: ch35,tZq
>> Doing prefit: ch35,ttH
>> Doing prefit: ch35,ttVV
>> Doing prefit: ch35,TotalBkg
>> Doing prefit: ch35,TotalSig
>> Doing prefit: ch35,TotalProcs
>> Doing prefit: ch36,Rares
>> Doing prefit: ch36,TTW_inclusive
>> Doing prefit: ch36,TTZ
>> Doing prefit: ch36,VVV
>> Doing prefit: ch36,WZ
>> Doing prefit: ch36,ZZ
>> Doing prefit: ch36,data_fakes
>> Doing prefit: ch36,tHW
>> Doing prefit: ch36,tHq
>> Doing prefit: ch36,tZq
>> Doing prefit: ch36,ttH
>> Doing prefit: ch36,ttVV
>> Doing prefit: ch36,TotalBkg
>> Doing prefit: ch36,TotalSig
>> Doing prefit: ch36,TotalProcs
>> Doing prefit: ch37,Convs
>> Doing prefit: ch37,Rares
>> Doing prefit: ch37,TTW_inclusive
>> Doing prefit: ch37,TTZ
>> Doing prefit: ch37,VVV
>> Doing prefit: ch37,WZ
>> Doing prefit: ch37,ZZ
>> Doing prefit: ch37,data_fakes
>> Doing prefit: ch37,tHW
>> Doing prefit: ch37,tHq
>> Doing prefit: ch37,tZq
>> Doing prefit: ch37,ttH
>> Doing prefit: ch37,ttVV
>> Doing prefit: ch37,TotalBkg
>> Doing prefit: ch37,TotalSig
>> Doing prefit: ch37,TotalProcs
>> Doing prefit: ch38,Convs
>> Doing prefit: ch38,Rares
>> Doing prefit: ch38,TTW_inclusive
>> Doing prefit: ch38,TTZ
>> Doing prefit: ch38,VVV
>> Doing prefit: ch38,WZ
>> Doing prefit: ch38,ZZ
>> Doing prefit: ch38,data_fakes
>> Doing prefit: ch38,tHW
>> Doing prefit: ch38,tHq
>> Doing prefit: ch38,tZq
>> Doing prefit: ch38,ttH
>> Doing prefit: ch38,ttVV
>> Doing prefit: ch38,TotalBkg
>> Doing prefit: ch38,TotalSig
>> Doing prefit: ch38,TotalProcs
>> Doing prefit: ch39,Convs
>> Doing prefit: ch39,Rares
>> Doing prefit: ch39,TTW_inclusive
>> Doing prefit: ch39,TTZ
>> Doing prefit: ch39,VVV
>> Doing prefit: ch39,WZ
>> Doing prefit: ch39,ZZ
>> Doing prefit: ch39,data_fakes
>> Doing prefit: ch39,tHW
>> Doing prefit: ch39,tHq
>> Doing prefit: ch39,tZq
>> Doing prefit: ch39,ttH
>> Doing prefit: ch39,ttVV
>> Doing prefit: ch39,TotalBkg
>> Doing prefit: ch39,TotalSig
>> Doing prefit: ch39,TotalProcs
>> Doing prefit: ch4,Convs
>> Doing prefit: ch4,Rares
>> Doing prefit: ch4,TTW_nbjets_bin0
>> Doing prefit: ch4,TTW_nbjets_bin1
>> Doing prefit: ch4,TTW_ooa
>> Doing prefit: ch4,TTZ
>> Doing prefit: ch4,VVV
>> Doing prefit: ch4,WZ
>> Doing prefit: ch4,ZZ
>> Doing prefit: ch4,data_fakes
>> Doing prefit: ch4,data_flips
>> Doing prefit: ch4,tHW
>> Doing prefit: ch4,tHq
>> Doing prefit: ch4,tZq
>> Doing prefit: ch4,ttH
>> Doing prefit: ch4,ttVV
>> Doing prefit: ch4,TotalBkg
>> Doing prefit: ch4,TotalSig
>> Doing prefit: ch4,TotalProcs
>> Doing prefit: ch40,Rares
>> Doing prefit: ch40,TTW_inclusive
>> Doing prefit: ch40,TTZ
>> Doing prefit: ch40,VVV
>> Doing prefit: ch40,WZ
>> Doing prefit: ch40,ZZ
>> Doing prefit: ch40,data_fakes
>> Doing prefit: ch40,tHW
>> Doing prefit: ch40,tHq
>> Doing prefit: ch40,tZq
>> Doing prefit: ch40,ttH
>> Doing prefit: ch40,ttVV
>> Doing prefit: ch40,TotalBkg
>> Doing prefit: ch40,TotalSig
>> Doing prefit: ch40,TotalProcs
>> Doing prefit: ch41,MC_fakes
>> Doing prefit: ch41,Rares
>> Doing prefit: ch41,TTZ
>> Doing prefit: ch41,WZ
>> Doing prefit: ch41,ZZ
>> Doing prefit: ch41,ttH
>> Doing prefit: ch41,TotalBkg
>> Doing prefit: ch41,TotalSig
>> Doing prefit: ch41,TotalProcs
>> Doing prefit: ch42,Convs
>> Doing prefit: ch42,MC_fakes
>> Doing prefit: ch42,Rares
>> Doing prefit: ch42,TTZ
>> Doing prefit: ch42,WZ
>> Doing prefit: ch42,ZZ
>> Doing prefit: ch42,ttH
>> Doing prefit: ch42,TotalBkg
>> Doing prefit: ch42,TotalSig
>> Doing prefit: ch42,TotalProcs
>> Doing prefit: ch43,Convs
>> Doing prefit: ch43,MC_fakes
>> Doing prefit: ch43,Rares
>> Doing prefit: ch43,TTWW
>> Doing prefit: ch43,TTZ
>> Doing prefit: ch43,WZ
>> Doing prefit: ch43,ZZ
>> Doing prefit: ch43,ttH
>> Doing prefit: ch43,TotalBkg
>> Doing prefit: ch43,TotalSig
>> Doing prefit: ch43,TotalProcs
>> Doing prefit: ch44,Convs
>> Doing prefit: ch44,MC_fakes
>> Doing prefit: ch44,Rares
>> Doing prefit: ch44,TTWW
>> Doing prefit: ch44,TTZ
>> Doing prefit: ch44,WZ
>> Doing prefit: ch44,ZZ
>> Doing prefit: ch44,tHW
>> Doing prefit: ch44,ttH
>> Doing prefit: ch44,TotalBkg
>> Doing prefit: ch44,TotalSig
>> Doing prefit: ch44,TotalProcs
>> Doing prefit: ch5,Convs
>> Doing prefit: ch5,Rares
>> Doing prefit: ch5,TTW_nbjets_bin0
>> Doing prefit: ch5,TTW_nbjets_bin1
>> Doing prefit: ch5,TTW_ooa
>> Doing prefit: ch5,TTZ
>> Doing prefit: ch5,VVV
>> Doing prefit: ch5,WZ
>> Doing prefit: ch5,ZZ
>> Doing prefit: ch5,data_fakes
>> Doing prefit: ch5,data_flips
>> Doing prefit: ch5,tHW
>> Doing prefit: ch5,tHq
>> Doing prefit: ch5,tZq
>> Doing prefit: ch5,ttH
>> Doing prefit: ch5,ttVV
>> Doing prefit: ch5,TotalBkg
>> Doing prefit: ch5,TotalSig
>> Doing prefit: ch5,TotalProcs
>> Doing prefit: ch6,Convs
>> Doing prefit: ch6,Rares
>> Doing prefit: ch6,TTW_nbjets_bin0
>> Doing prefit: ch6,TTW_nbjets_bin1
>> Doing prefit: ch6,TTW_ooa
>> Doing prefit: ch6,TTZ
>> Doing prefit: ch6,VVV
>> Doing prefit: ch6,WZ
>> Doing prefit: ch6,ZZ
>> Doing prefit: ch6,data_fakes
>> Doing prefit: ch6,data_flips
>> Doing prefit: ch6,tHW
>> Doing prefit: ch6,tHq
>> Doing prefit: ch6,tZq
>> Doing prefit: ch6,ttH
>> Doing prefit: ch6,ttVV
>> Doing prefit: ch6,TotalBkg
>> Doing prefit: ch6,TotalSig
>> Doing prefit: ch6,TotalProcs
>> Doing prefit: ch7,Rares
>> Doing prefit: ch7,TTW_nbjets_bin0
>> Doing prefit: ch7,TTW_nbjets_bin1
>> Doing prefit: ch7,TTW_ooa
>> Doing prefit: ch7,TTZ
>> Doing prefit: ch7,VVV
>> Doing prefit: ch7,WZ
>> Doing prefit: ch7,ZZ
>> Doing prefit: ch7,data_fakes
>> Doing prefit: ch7,tHW
>> Doing prefit: ch7,tHq
>> Doing prefit: ch7,tZq
>> Doing prefit: ch7,ttH
>> Doing prefit: ch7,ttVV
>> Doing prefit: ch7,TotalBkg
>> Doing prefit: ch7,TotalSig
>> Doing prefit: ch7,TotalProcs
>> Doing prefit: ch8,Convs
>> Doing prefit: ch8,Rares
>> Doing prefit: ch8,TTW_nbjets_bin0
>> Doing prefit: ch8,TTW_nbjets_bin1
>> Doing prefit: ch8,TTW_ooa
>> Doing prefit: ch8,TTZ
>> Doing prefit: ch8,VVV
>> Doing prefit: ch8,WZ
>> Doing prefit: ch8,ZZ
>> Doing prefit: ch8,data_fakes
>> Doing prefit: ch8,data_flips
>> Doing prefit: ch8,tHW
>> Doing prefit: ch8,tHq
>> Doing prefit: ch8,tZq
>> Doing prefit: ch8,ttH
>> Doing prefit: ch8,ttVV
>> Doing prefit: ch8,TotalBkg
>> Doing prefit: ch8,TotalSig
>> Doing prefit: ch8,TotalProcs
>> Doing prefit: ch9,Rares
>> Doing prefit: ch9,TTW_nbjets_bin0
>> Doing prefit: ch9,TTW_nbjets_bin1
>> Doing prefit: ch9,TTW_ooa
>> Doing prefit: ch9,TTZ
>> Doing prefit: ch9,VVV
>> Doing prefit: ch9,WZ
>> Doing prefit: ch9,ZZ
>> Doing prefit: ch9,data_fakes
>> Doing prefit: ch9,tHW
>> Doing prefit: ch9,tHq
>> Doing prefit: ch9,tZq
>> Doing prefit: ch9,ttH
>> Doing prefit: ch9,ttVV
>> Doing prefit: ch9,TotalBkg
>> Doing prefit: ch9,TotalSig
>> Doing prefit: ch9,TotalProcs
Bin                       Total relative bkg uncert. (prefit)
----------------------------------------------------------
ch1                       0.13446   
ch10                      0.17420   
ch11                      0.12032   
ch12                      0.20802   
ch13                      0.12494   
ch14                      0.15079   
ch15                      0.17527   
ch16                      0.15193   
ch17                      0.12533   
ch18                      0.12269   
ch19                      0.15398   
ch2                       0.12124   
ch20                      0.16413   
ch21                      0.15635   
ch22                      0.14590   
ch23                      0.11724   
ch24                      0.10809   
ch25                      0.17141   
ch26                      0.15950   
ch27                      0.15218   
ch28                      0.15210   
ch29                      0.16433   
ch3                       0.14558   
ch30                      0.15370   
ch31                      0.14967   
ch32                      0.14932   
ch33                      0.16386   
ch34                      0.15532   
ch35                      0.15306   
ch36                      0.15213   
ch37                      0.16964   
ch38                      0.15828   
ch39                      0.15478   
ch4                       0.15311   
ch40                      0.15291   
ch41                      0.11007   
ch42                      0.11217   
ch43                      0.11281   
ch44                      0.11255   
ch5                       0.21526   
ch6                       0.11005   
ch7                       0.14140   
ch8                       0.11596   
ch9                       0.15354   
>> Doing postfit: TotalBkg
>> Doing postfit: TotalSig
>> Doing postfit: TotalProcs
Info in <TH1F::Add>: Attempt to add histograms with different number of bins - trying to use TH1::Merge
Error in <TH1Merger::DifferentAxesMerge>: Cannot merge histograms - the histograms x_data_obs can extend the X axis or have different limits and underflows/overflows are present in the histogram x_data_obs.
Info in <TH1F::Add>: Attempt to add histograms with different number of bins - trying to use TH1::Merge
Error in <TH1Merger::DifferentAxesMerge>: Cannot merge histograms - the histograms x_data_obs can extend the X axis or have different limits and underflows/overflows are present in the histogram x_data_obs.
Info in <TH1F::Add>: Attempt to add histograms with different number of bins - trying to use TH1::Merge
Error in <TH1Merger::DifferentAxesMerge>: Cannot merge histograms - the histograms x_data_obs can extend the X axis or have different limits and underflows/overflows are present in the histogram x_data_obs.
Info in <TH1F::Add>: Attempt to add histograms with different number of bins - trying to use TH1::Merge
Error in <TH1Merger::DifferentAxesMerge>: Cannot merge histograms - the histograms x_data_obs can extend the X axis or have different limits and underflows/overflows are present in the histogram x_data_obs.
Info in <TH1F::Add>: Attempt to add histograms with different number of bins - trying to use TH1::Merge
Error in <TH1Merger::DifferentAxesMerge>: Cannot merge histograms - the histograms x_data_obs can extend the X axis or have different limits and underflows/overflows are present in the histogram x_data_obs.
>> Doing postfit: ch1,Convs
>> Doing postfit: ch1,Rares
>> Doing postfit: ch1,TTW_nbjets_bin0
>> Doing postfit: ch1,TTW_nbjets_bin1
>> Doing postfit: ch1,TTW_ooa
>> Doing postfit: ch1,TTZ
>> Doing postfit: ch1,VVV
>> Doing postfit: ch1,WZ
>> Doing postfit: ch1,ZZ
>> Doing postfit: ch1,data_fakes
>> Doing postfit: ch1,data_flips
>> Doing postfit: ch1,tHW
>> Doing postfit: ch1,tHq
>> Doing postfit: ch1,tZq
>> Doing postfit: ch1,ttH
>> Doing postfit: ch1,ttVV
>> Doing postfit: ch1,TotalBkg
>> Doing postfit: ch1,TotalSig
>> Doing postfit: ch1,TotalProcs
>> Doing postfit: ch10,Convs
>> Doing postfit: ch10,Rares
>> Doing postfit: ch10,TTW_nbjets_bin0
>> Doing postfit: ch10,TTW_nbjets_bin1
>> Doing postfit: ch10,TTW_ooa
>> Doing postfit: ch10,TTZ
>> Doing postfit: ch10,VVV
>> Doing postfit: ch10,WZ
>> Doing postfit: ch10,ZZ
>> Doing postfit: ch10,data_fakes
>> Doing postfit: ch10,data_flips
>> Doing postfit: ch10,tHW
>> Doing postfit: ch10,tHq
>> Doing postfit: ch10,tZq
>> Doing postfit: ch10,ttH
>> Doing postfit: ch10,ttVV
>> Doing postfit: ch10,TotalBkg
>> Doing postfit: ch10,TotalSig
>> Doing postfit: ch10,TotalProcs
>> Doing postfit: ch11,Convs
>> Doing postfit: ch11,Rares
>> Doing postfit: ch11,TTW_nbjets_bin0
>> Doing postfit: ch11,TTW_nbjets_bin1
>> Doing postfit: ch11,TTW_ooa
>> Doing postfit: ch11,TTZ
>> Doing postfit: ch11,VVV
>> Doing postfit: ch11,WZ
>> Doing postfit: ch11,ZZ
>> Doing postfit: ch11,data_fakes
>> Doing postfit: ch11,data_flips
>> Doing postfit: ch11,tHW
>> Doing postfit: ch11,tHq
>> Doing postfit: ch11,tZq
>> Doing postfit: ch11,ttH
>> Doing postfit: ch11,ttVV
>> Doing postfit: ch11,TotalBkg
>> Doing postfit: ch11,TotalSig
>> Doing postfit: ch11,TotalProcs
>> Doing postfit: ch12,Rares
>> Doing postfit: ch12,TTW_nbjets_bin0
>> Doing postfit: ch12,TTW_nbjets_bin1
>> Doing postfit: ch12,TTW_ooa
>> Doing postfit: ch12,TTZ
>> Doing postfit: ch12,VVV
>> Doing postfit: ch12,WZ
>> Doing postfit: ch12,ZZ
>> Doing postfit: ch12,data_fakes
>> Doing postfit: ch12,tHW
>> Doing postfit: ch12,tHq
>> Doing postfit: ch12,tZq
>> Doing postfit: ch12,ttH
>> Doing postfit: ch12,ttVV
>> Doing postfit: ch12,TotalBkg
>> Doing postfit: ch12,TotalSig
>> Doing postfit: ch12,TotalProcs
>> Doing postfit: ch13,Convs
>> Doing postfit: ch13,Rares
>> Doing postfit: ch13,TTW_nbjets_bin0
>> Doing postfit: ch13,TTW_nbjets_bin1
>> Doing postfit: ch13,TTW_ooa
>> Doing postfit: ch13,TTZ
>> Doing postfit: ch13,VVV
>> Doing postfit: ch13,WZ
>> Doing postfit: ch13,ZZ
>> Doing postfit: ch13,data_fakes
>> Doing postfit: ch13,data_flips
>> Doing postfit: ch13,tHW
>> Doing postfit: ch13,tHq
>> Doing postfit: ch13,tZq
>> Doing postfit: ch13,ttH
>> Doing postfit: ch13,ttVV
>> Doing postfit: ch13,TotalBkg
>> Doing postfit: ch13,TotalSig
>> Doing postfit: ch13,TotalProcs
>> Doing postfit: ch14,Convs
>> Doing postfit: ch14,Rares
>> Doing postfit: ch14,TTW_nbjets_bin0
>> Doing postfit: ch14,TTW_nbjets_bin1
>> Doing postfit: ch14,TTW_ooa
>> Doing postfit: ch14,TTZ
>> Doing postfit: ch14,VVV
>> Doing postfit: ch14,WZ
>> Doing postfit: ch14,ZZ
>> Doing postfit: ch14,data_fakes
>> Doing postfit: ch14,data_flips
>> Doing postfit: ch14,tHW
>> Doing postfit: ch14,tHq
>> Doing postfit: ch14,tZq
>> Doing postfit: ch14,ttH
>> Doing postfit: ch14,ttVV
>> Doing postfit: ch14,TotalBkg
>> Doing postfit: ch14,TotalSig
>> Doing postfit: ch14,TotalProcs
>> Doing postfit: ch15,Rares
>> Doing postfit: ch15,TTW_nbjets_bin0
>> Doing postfit: ch15,TTW_nbjets_bin1
>> Doing postfit: ch15,TTW_ooa
>> Doing postfit: ch15,TTZ
>> Doing postfit: ch15,VVV
>> Doing postfit: ch15,WZ
>> Doing postfit: ch15,ZZ
>> Doing postfit: ch15,data_fakes
>> Doing postfit: ch15,tHW
>> Doing postfit: ch15,tHq
>> Doing postfit: ch15,tZq
>> Doing postfit: ch15,ttH
>> Doing postfit: ch15,ttVV
>> Doing postfit: ch15,TotalBkg
>> Doing postfit: ch15,TotalSig
>> Doing postfit: ch15,TotalProcs
>> Doing postfit: ch16,Convs
>> Doing postfit: ch16,Rares
>> Doing postfit: ch16,TTW_nbjets_bin0
>> Doing postfit: ch16,TTW_nbjets_bin1
>> Doing postfit: ch16,TTW_ooa
>> Doing postfit: ch16,TTZ
>> Doing postfit: ch16,VVV
>> Doing postfit: ch16,WZ
>> Doing postfit: ch16,ZZ
>> Doing postfit: ch16,data_fakes
>> Doing postfit: ch16,data_flips
>> Doing postfit: ch16,tHW
>> Doing postfit: ch16,tHq
>> Doing postfit: ch16,tZq
>> Doing postfit: ch16,ttH
>> Doing postfit: ch16,ttVV
>> Doing postfit: ch16,TotalBkg
>> Doing postfit: ch16,TotalSig
>> Doing postfit: ch16,TotalProcs
>> Doing postfit: ch17,Convs
>> Doing postfit: ch17,Rares
>> Doing postfit: ch17,TTW_nbjets_bin0
>> Doing postfit: ch17,TTW_nbjets_bin1
>> Doing postfit: ch17,TTW_ooa
>> Doing postfit: ch17,TTZ
>> Doing postfit: ch17,VVV
>> Doing postfit: ch17,WZ
>> Doing postfit: ch17,ZZ
>> Doing postfit: ch17,data_fakes
>> Doing postfit: ch17,data_flips
>> Doing postfit: ch17,tHW
>> Doing postfit: ch17,tHq
>> Doing postfit: ch17,tZq
>> Doing postfit: ch17,ttH
>> Doing postfit: ch17,ttVV
>> Doing postfit: ch17,TotalBkg
>> Doing postfit: ch17,TotalSig
>> Doing postfit: ch17,TotalProcs
>> Doing postfit: ch18,Rares
>> Doing postfit: ch18,TTW_nbjets_bin0
>> Doing postfit: ch18,TTW_nbjets_bin1
>> Doing postfit: ch18,TTW_ooa
>> Doing postfit: ch18,TTZ
>> Doing postfit: ch18,VVV
>> Doing postfit: ch18,WZ
>> Doing postfit: ch18,ZZ
>> Doing postfit: ch18,data_fakes
>> Doing postfit: ch18,tHW
>> Doing postfit: ch18,tHq
>> Doing postfit: ch18,tZq
>> Doing postfit: ch18,ttH
>> Doing postfit: ch18,ttVV
>> Doing postfit: ch18,TotalBkg
>> Doing postfit: ch18,TotalSig
>> Doing postfit: ch18,TotalProcs
>> Doing postfit: ch19,Convs
>> Doing postfit: ch19,Rares
>> Doing postfit: ch19,TTW_nbjets_bin0
>> Doing postfit: ch19,TTW_nbjets_bin1
>> Doing postfit: ch19,TTW_ooa
>> Doing postfit: ch19,TTZ
>> Doing postfit: ch19,VVV
>> Doing postfit: ch19,WZ
>> Doing postfit: ch19,ZZ
>> Doing postfit: ch19,data_fakes
>> Doing postfit: ch19,data_flips
>> Doing postfit: ch19,tHW
>> Doing postfit: ch19,tHq
>> Doing postfit: ch19,tZq
>> Doing postfit: ch19,ttH
>> Doing postfit: ch19,ttVV
>> Doing postfit: ch19,TotalBkg
>> Doing postfit: ch19,TotalSig
>> Doing postfit: ch19,TotalProcs
>> Doing postfit: ch2,Convs
>> Doing postfit: ch2,Rares
>> Doing postfit: ch2,TTW_nbjets_bin0
>> Doing postfit: ch2,TTW_nbjets_bin1
>> Doing postfit: ch2,TTW_ooa
>> Doing postfit: ch2,TTZ
>> Doing postfit: ch2,VVV
>> Doing postfit: ch2,WZ
>> Doing postfit: ch2,ZZ
>> Doing postfit: ch2,data_fakes
>> Doing postfit: ch2,data_flips
>> Doing postfit: ch2,tHW
>> Doing postfit: ch2,tHq
>> Doing postfit: ch2,tZq
>> Doing postfit: ch2,ttH
>> Doing postfit: ch2,ttVV
>> Doing postfit: ch2,TotalBkg
>> Doing postfit: ch2,TotalSig
>> Doing postfit: ch2,TotalProcs
>> Doing postfit: ch20,Convs
>> Doing postfit: ch20,Rares
>> Doing postfit: ch20,TTW_nbjets_bin0
>> Doing postfit: ch20,TTW_nbjets_bin1
>> Doing postfit: ch20,TTW_ooa
>> Doing postfit: ch20,TTZ
>> Doing postfit: ch20,VVV
>> Doing postfit: ch20,WZ
>> Doing postfit: ch20,ZZ
>> Doing postfit: ch20,data_fakes
>> Doing postfit: ch20,data_flips
>> Doing postfit: ch20,tHW
>> Doing postfit: ch20,tHq
>> Doing postfit: ch20,tZq
>> Doing postfit: ch20,ttH
>> Doing postfit: ch20,ttVV
>> Doing postfit: ch20,TotalBkg
>> Doing postfit: ch20,TotalSig
>> Doing postfit: ch20,TotalProcs
>> Doing postfit: ch21,Rares
>> Doing postfit: ch21,TTW_nbjets_bin0
>> Doing postfit: ch21,TTW_nbjets_bin1
>> Doing postfit: ch21,TTW_ooa
>> Doing postfit: ch21,TTZ
>> Doing postfit: ch21,VVV
>> Doing postfit: ch21,WZ
>> Doing postfit: ch21,ZZ
>> Doing postfit: ch21,data_fakes
>> Doing postfit: ch21,tHW
>> Doing postfit: ch21,tHq
>> Doing postfit: ch21,tZq
>> Doing postfit: ch21,ttH
>> Doing postfit: ch21,ttVV
>> Doing postfit: ch21,TotalBkg
>> Doing postfit: ch21,TotalSig
>> Doing postfit: ch21,TotalProcs
>> Doing postfit: ch22,Rares
>> Doing postfit: ch22,TTW_nbjets_bin0
>> Doing postfit: ch22,TTW_nbjets_bin1
>> Doing postfit: ch22,TTW_ooa
>> Doing postfit: ch22,TTZ
>> Doing postfit: ch22,VVV
>> Doing postfit: ch22,WZ
>> Doing postfit: ch22,ZZ
>> Doing postfit: ch22,data_fakes
>> Doing postfit: ch22,tHW
>> Doing postfit: ch22,tHq
>> Doing postfit: ch22,tZq
>> Doing postfit: ch22,ttH
>> Doing postfit: ch22,ttVV
>> Doing postfit: ch22,TotalBkg
>> Doing postfit: ch22,TotalSig
>> Doing postfit: ch22,TotalProcs
>> Doing postfit: ch23,Convs
>> Doing postfit: ch23,Rares
>> Doing postfit: ch23,TTW_nbjets_bin0
>> Doing postfit: ch23,TTW_nbjets_bin1
>> Doing postfit: ch23,TTW_ooa
>> Doing postfit: ch23,TTZ
>> Doing postfit: ch23,VVV
>> Doing postfit: ch23,WZ
>> Doing postfit: ch23,ZZ
>> Doing postfit: ch23,data_fakes
>> Doing postfit: ch23,data_flips
>> Doing postfit: ch23,tHW
>> Doing postfit: ch23,tHq
>> Doing postfit: ch23,tZq
>> Doing postfit: ch23,ttH
>> Doing postfit: ch23,ttVV
>> Doing postfit: ch23,TotalBkg
>> Doing postfit: ch23,TotalSig
>> Doing postfit: ch23,TotalProcs
>> Doing postfit: ch24,Convs
>> Doing postfit: ch24,Rares
>> Doing postfit: ch24,TTW_nbjets_bin0
>> Doing postfit: ch24,TTW_nbjets_bin1
>> Doing postfit: ch24,TTW_ooa
>> Doing postfit: ch24,TTZ
>> Doing postfit: ch24,VVV
>> Doing postfit: ch24,WZ
>> Doing postfit: ch24,ZZ
>> Doing postfit: ch24,data_fakes
>> Doing postfit: ch24,data_flips
>> Doing postfit: ch24,tHW
>> Doing postfit: ch24,tHq
>> Doing postfit: ch24,tZq
>> Doing postfit: ch24,ttH
>> Doing postfit: ch24,ttVV
>> Doing postfit: ch24,TotalBkg
>> Doing postfit: ch24,TotalSig
>> Doing postfit: ch24,TotalProcs
>> Doing postfit: ch25,Convs
>> Doing postfit: ch25,Rares
>> Doing postfit: ch25,TTW_inclusive
>> Doing postfit: ch25,TTZ
>> Doing postfit: ch25,VVV
>> Doing postfit: ch25,WZ
>> Doing postfit: ch25,ZZ
>> Doing postfit: ch25,data_fakes
>> Doing postfit: ch25,tHq
>> Doing postfit: ch25,tZq
>> Doing postfit: ch25,ttH
>> Doing postfit: ch25,ttVV
>> Doing postfit: ch25,TotalBkg
>> Doing postfit: ch25,TotalSig
>> Doing postfit: ch25,TotalProcs
>> Doing postfit: ch26,Rares
>> Doing postfit: ch26,TTW_inclusive
>> Doing postfit: ch26,TTZ
>> Doing postfit: ch26,VVV
>> Doing postfit: ch26,WZ
>> Doing postfit: ch26,ZZ
>> Doing postfit: ch26,data_fakes
>> Doing postfit: ch26,tHW
>> Doing postfit: ch26,tHq
>> Doing postfit: ch26,tZq
>> Doing postfit: ch26,ttH
>> Doing postfit: ch26,ttVV
>> Doing postfit: ch26,TotalBkg
>> Doing postfit: ch26,TotalSig
>> Doing postfit: ch26,TotalProcs
>> Doing postfit: ch27,Convs
>> Doing postfit: ch27,Rares
>> Doing postfit: ch27,TTW_inclusive
>> Doing postfit: ch27,TTZ
>> Doing postfit: ch27,VVV
>> Doing postfit: ch27,WZ
>> Doing postfit: ch27,ZZ
>> Doing postfit: ch27,data_fakes
>> Doing postfit: ch27,tHW
>> Doing postfit: ch27,tHq
>> Doing postfit: ch27,tZq
>> Doing postfit: ch27,ttH
>> Doing postfit: ch27,ttVV
>> Doing postfit: ch27,TotalBkg
>> Doing postfit: ch27,TotalSig
>> Doing postfit: ch27,TotalProcs
>> Doing postfit: ch28,Rares
>> Doing postfit: ch28,TTW_inclusive
>> Doing postfit: ch28,TTZ
>> Doing postfit: ch28,VVV
>> Doing postfit: ch28,WZ
>> Doing postfit: ch28,ZZ
>> Doing postfit: ch28,data_fakes
>> Doing postfit: ch28,tHW
>> Doing postfit: ch28,tHq
>> Doing postfit: ch28,tZq
>> Doing postfit: ch28,ttH
>> Doing postfit: ch28,ttVV
>> Doing postfit: ch28,TotalBkg
>> Doing postfit: ch28,TotalSig
>> Doing postfit: ch28,TotalProcs
>> Doing postfit: ch29,Convs
>> Doing postfit: ch29,Rares
>> Doing postfit: ch29,TTW_inclusive
>> Doing postfit: ch29,TTZ
>> Doing postfit: ch29,VVV
>> Doing postfit: ch29,WZ
>> Doing postfit: ch29,ZZ
>> Doing postfit: ch29,data_fakes
>> Doing postfit: ch29,tHq
>> Doing postfit: ch29,tZq
>> Doing postfit: ch29,ttH
>> Doing postfit: ch29,ttVV
>> Doing postfit: ch29,TotalBkg
>> Doing postfit: ch29,TotalSig
>> Doing postfit: ch29,TotalProcs
>> Doing postfit: ch3,Rares
>> Doing postfit: ch3,TTW_nbjets_bin0
>> Doing postfit: ch3,TTW_nbjets_bin1
>> Doing postfit: ch3,TTW_ooa
>> Doing postfit: ch3,TTZ
>> Doing postfit: ch3,VVV
>> Doing postfit: ch3,WZ
>> Doing postfit: ch3,ZZ
>> Doing postfit: ch3,data_fakes
>> Doing postfit: ch3,tHW
>> Doing postfit: ch3,tHq
>> Doing postfit: ch3,tZq
>> Doing postfit: ch3,ttH
>> Doing postfit: ch3,ttVV
>> Doing postfit: ch3,TotalBkg
>> Doing postfit: ch3,TotalSig
>> Doing postfit: ch3,TotalProcs
>> Doing postfit: ch30,Convs
>> Doing postfit: ch30,Rares
>> Doing postfit: ch30,TTW_inclusive
>> Doing postfit: ch30,TTZ
>> Doing postfit: ch30,VVV
>> Doing postfit: ch30,WZ
>> Doing postfit: ch30,ZZ
>> Doing postfit: ch30,data_fakes
>> Doing postfit: ch30,tHW
>> Doing postfit: ch30,tHq
>> Doing postfit: ch30,tZq
>> Doing postfit: ch30,ttH
>> Doing postfit: ch30,ttVV
>> Doing postfit: ch30,TotalBkg
>> Doing postfit: ch30,TotalSig
>> Doing postfit: ch30,TotalProcs
>> Doing postfit: ch31,Convs
>> Doing postfit: ch31,Rares
>> Doing postfit: ch31,TTW_inclusive
>> Doing postfit: ch31,TTZ
>> Doing postfit: ch31,VVV
>> Doing postfit: ch31,WZ
>> Doing postfit: ch31,ZZ
>> Doing postfit: ch31,data_fakes
>> Doing postfit: ch31,tHW
>> Doing postfit: ch31,tHq
>> Doing postfit: ch31,tZq
>> Doing postfit: ch31,ttH
>> Doing postfit: ch31,ttVV
>> Doing postfit: ch31,TotalBkg
>> Doing postfit: ch31,TotalSig
>> Doing postfit: ch31,TotalProcs
>> Doing postfit: ch32,Rares
>> Doing postfit: ch32,TTW_inclusive
>> Doing postfit: ch32,TTZ
>> Doing postfit: ch32,VVV
>> Doing postfit: ch32,WZ
>> Doing postfit: ch32,ZZ
>> Doing postfit: ch32,data_fakes
>> Doing postfit: ch32,tHW
>> Doing postfit: ch32,tHq
>> Doing postfit: ch32,tZq
>> Doing postfit: ch32,ttH
>> Doing postfit: ch32,ttVV
>> Doing postfit: ch32,TotalBkg
>> Doing postfit: ch32,TotalSig
>> Doing postfit: ch32,TotalProcs
>> Doing postfit: ch33,Convs
>> Doing postfit: ch33,Rares
>> Doing postfit: ch33,TTW_inclusive
>> Doing postfit: ch33,TTZ
>> Doing postfit: ch33,VVV
>> Doing postfit: ch33,WZ
>> Doing postfit: ch33,ZZ
>> Doing postfit: ch33,data_fakes
>> Doing postfit: ch33,tHW
>> Doing postfit: ch33,tHq
>> Doing postfit: ch33,tZq
>> Doing postfit: ch33,ttH
>> Doing postfit: ch33,ttVV
>> Doing postfit: ch33,TotalBkg
>> Doing postfit: ch33,TotalSig
>> Doing postfit: ch33,TotalProcs
>> Doing postfit: ch34,Convs
>> Doing postfit: ch34,Rares
>> Doing postfit: ch34,TTW_inclusive
>> Doing postfit: ch34,TTZ
>> Doing postfit: ch34,VVV
>> Doing postfit: ch34,WZ
>> Doing postfit: ch34,ZZ
>> Doing postfit: ch34,data_fakes
>> Doing postfit: ch34,tHW
>> Doing postfit: ch34,tHq
>> Doing postfit: ch34,tZq
>> Doing postfit: ch34,ttH
>> Doing postfit: ch34,ttVV
>> Doing postfit: ch34,TotalBkg
>> Doing postfit: ch34,TotalSig
>> Doing postfit: ch34,TotalProcs
>> Doing postfit: ch35,Convs
>> Doing postfit: ch35,Rares
>> Doing postfit: ch35,TTW_inclusive
>> Doing postfit: ch35,TTZ
>> Doing postfit: ch35,VVV
>> Doing postfit: ch35,WZ
>> Doing postfit: ch35,ZZ
>> Doing postfit: ch35,data_fakes
>> Doing postfit: ch35,tHW
>> Doing postfit: ch35,tHq
>> Doing postfit: ch35,tZq
>> Doing postfit: ch35,ttH
>> Doing postfit: ch35,ttVV
>> Doing postfit: ch35,TotalBkg
>> Doing postfit: ch35,TotalSig
>> Doing postfit: ch35,TotalProcs
>> Doing postfit: ch36,Rares
>> Doing postfit: ch36,TTW_inclusive
>> Doing postfit: ch36,TTZ
>> Doing postfit: ch36,VVV
>> Doing postfit: ch36,WZ
>> Doing postfit: ch36,ZZ
>> Doing postfit: ch36,data_fakes
>> Doing postfit: ch36,tHW
>> Doing postfit: ch36,tHq
>> Doing postfit: ch36,tZq
>> Doing postfit: ch36,ttH
>> Doing postfit: ch36,ttVV
>> Doing postfit: ch36,TotalBkg
>> Doing postfit: ch36,TotalSig
>> Doing postfit: ch36,TotalProcs
>> Doing postfit: ch37,Convs
>> Doing postfit: ch37,Rares
>> Doing postfit: ch37,TTW_inclusive
>> Doing postfit: ch37,TTZ
>> Doing postfit: ch37,VVV
>> Doing postfit: ch37,WZ
>> Doing postfit: ch37,ZZ
>> Doing postfit: ch37,data_fakes
>> Doing postfit: ch37,tHW
>> Doing postfit: ch37,tHq
>> Doing postfit: ch37,tZq
>> Doing postfit: ch37,ttH
>> Doing postfit: ch37,ttVV
>> Doing postfit: ch37,TotalBkg
>> Doing postfit: ch37,TotalSig
>> Doing postfit: ch37,TotalProcs
>> Doing postfit: ch38,Convs
>> Doing postfit: ch38,Rares
>> Doing postfit: ch38,TTW_inclusive
>> Doing postfit: ch38,TTZ
>> Doing postfit: ch38,VVV
>> Doing postfit: ch38,WZ
>> Doing postfit: ch38,ZZ
>> Doing postfit: ch38,data_fakes
>> Doing postfit: ch38,tHW
>> Doing postfit: ch38,tHq
>> Doing postfit: ch38,tZq
>> Doing postfit: ch38,ttH
>> Doing postfit: ch38,ttVV
>> Doing postfit: ch38,TotalBkg
>> Doing postfit: ch38,TotalSig
>> Doing postfit: ch38,TotalProcs
>> Doing postfit: ch39,Convs
>> Doing postfit: ch39,Rares
>> Doing postfit: ch39,TTW_inclusive
>> Doing postfit: ch39,TTZ
>> Doing postfit: ch39,VVV
>> Doing postfit: ch39,WZ
>> Doing postfit: ch39,ZZ
>> Doing postfit: ch39,data_fakes
>> Doing postfit: ch39,tHW
>> Doing postfit: ch39,tHq
>> Doing postfit: ch39,tZq
>> Doing postfit: ch39,ttH
>> Doing postfit: ch39,ttVV
>> Doing postfit: ch39,TotalBkg
>> Doing postfit: ch39,TotalSig
>> Doing postfit: ch39,TotalProcs
>> Doing postfit: ch4,Convs
>> Doing postfit: ch4,Rares
>> Doing postfit: ch4,TTW_nbjets_bin0
>> Doing postfit: ch4,TTW_nbjets_bin1
>> Doing postfit: ch4,TTW_ooa
>> Doing postfit: ch4,TTZ
>> Doing postfit: ch4,VVV
>> Doing postfit: ch4,WZ
>> Doing postfit: ch4,ZZ
>> Doing postfit: ch4,data_fakes
>> Doing postfit: ch4,data_flips
>> Doing postfit: ch4,tHW
>> Doing postfit: ch4,tHq
>> Doing postfit: ch4,tZq
>> Doing postfit: ch4,ttH
>> Doing postfit: ch4,ttVV
>> Doing postfit: ch4,TotalBkg
>> Doing postfit: ch4,TotalSig
>> Doing postfit: ch4,TotalProcs
>> Doing postfit: ch40,Rares
>> Doing postfit: ch40,TTW_inclusive
>> Doing postfit: ch40,TTZ
>> Doing postfit: ch40,VVV
>> Doing postfit: ch40,WZ
>> Doing postfit: ch40,ZZ
>> Doing postfit: ch40,data_fakes
>> Doing postfit: ch40,tHW
>> Doing postfit: ch40,tHq
>> Doing postfit: ch40,tZq
>> Doing postfit: ch40,ttH
>> Doing postfit: ch40,ttVV
>> Doing postfit: ch40,TotalBkg
>> Doing postfit: ch40,TotalSig
>> Doing postfit: ch40,TotalProcs
>> Doing postfit: ch41,MC_fakes
>> Doing postfit: ch41,Rares
>> Doing postfit: ch41,TTZ
>> Doing postfit: ch41,WZ
>> Doing postfit: ch41,ZZ
>> Doing postfit: ch41,ttH
>> Doing postfit: ch41,TotalBkg
>> Doing postfit: ch41,TotalSig
>> Doing postfit: ch41,TotalProcs
>> Doing postfit: ch42,Convs
>> Doing postfit: ch42,MC_fakes
>> Doing postfit: ch42,Rares
>> Doing postfit: ch42,TTZ
>> Doing postfit: ch42,WZ
>> Doing postfit: ch42,ZZ
>> Doing postfit: ch42,ttH
>> Doing postfit: ch42,TotalBkg
>> Doing postfit: ch42,TotalSig
>> Doing postfit: ch42,TotalProcs
>> Doing postfit: ch43,Convs
>> Doing postfit: ch43,MC_fakes
>> Doing postfit: ch43,Rares
>> Doing postfit: ch43,TTWW
>> Doing postfit: ch43,TTZ
>> Doing postfit: ch43,WZ
>> Doing postfit: ch43,ZZ
>> Doing postfit: ch43,ttH
>> Doing postfit: ch43,TotalBkg
>> Doing postfit: ch43,TotalSig
>> Doing postfit: ch43,TotalProcs
>> Doing postfit: ch44,Convs
>> Doing postfit: ch44,MC_fakes
>> Doing postfit: ch44,Rares
>> Doing postfit: ch44,TTWW
>> Doing postfit: ch44,TTZ
>> Doing postfit: ch44,WZ
>> Doing postfit: ch44,ZZ
>> Doing postfit: ch44,tHW
>> Doing postfit: ch44,ttH
>> Doing postfit: ch44,TotalBkg
>> Doing postfit: ch44,TotalSig
>> Doing postfit: ch44,TotalProcs
>> Doing postfit: ch5,Convs
>> Doing postfit: ch5,Rares
>> Doing postfit: ch5,TTW_nbjets_bin0
>> Doing postfit: ch5,TTW_nbjets_bin1
>> Doing postfit: ch5,TTW_ooa
>> Doing postfit: ch5,TTZ
>> Doing postfit: ch5,VVV
>> Doing postfit: ch5,WZ
>> Doing postfit: ch5,ZZ
>> Doing postfit: ch5,data_fakes
>> Doing postfit: ch5,data_flips
>> Doing postfit: ch5,tHW
>> Doing postfit: ch5,tHq
>> Doing postfit: ch5,tZq
>> Doing postfit: ch5,ttH
>> Doing postfit: ch5,ttVV
>> Doing postfit: ch5,TotalBkg
>> Doing postfit: ch5,TotalSig
>> Doing postfit: ch5,TotalProcs
>> Doing postfit: ch6,Convs
>> Doing postfit: ch6,Rares
>> Doing postfit: ch6,TTW_nbjets_bin0
>> Doing postfit: ch6,TTW_nbjets_bin1
>> Doing postfit: ch6,TTW_ooa
>> Doing postfit: ch6,TTZ
>> Doing postfit: ch6,VVV
>> Doing postfit: ch6,WZ
>> Doing postfit: ch6,ZZ
>> Doing postfit: ch6,data_fakes
>> Doing postfit: ch6,data_flips
>> Doing postfit: ch6,tHW
>> Doing postfit: ch6,tHq
>> Doing postfit: ch6,tZq
>> Doing postfit: ch6,ttH
>> Doing postfit: ch6,ttVV
>> Doing postfit: ch6,TotalBkg
>> Doing postfit: ch6,TotalSig
>> Doing postfit: ch6,TotalProcs
>> Doing postfit: ch7,Rares
>> Doing postfit: ch7,TTW_nbjets_bin0
>> Doing postfit: ch7,TTW_nbjets_bin1
>> Doing postfit: ch7,TTW_ooa
>> Doing postfit: ch7,TTZ
>> Doing postfit: ch7,VVV
>> Doing postfit: ch7,WZ
>> Doing postfit: ch7,ZZ
>> Doing postfit: ch7,data_fakes
>> Doing postfit: ch7,tHW
>> Doing postfit: ch7,tHq
>> Doing postfit: ch7,tZq
>> Doing postfit: ch7,ttH
>> Doing postfit: ch7,ttVV
>> Doing postfit: ch7,TotalBkg
>> Doing postfit: ch7,TotalSig
>> Doing postfit: ch7,TotalProcs
>> Doing postfit: ch8,Convs
>> Doing postfit: ch8,Rares
>> Doing postfit: ch8,TTW_nbjets_bin0
>> Doing postfit: ch8,TTW_nbjets_bin1
>> Doing postfit: ch8,TTW_ooa
>> Doing postfit: ch8,TTZ
>> Doing postfit: ch8,VVV
>> Doing postfit: ch8,WZ
>> Doing postfit: ch8,ZZ
>> Doing postfit: ch8,data_fakes
>> Doing postfit: ch8,data_flips
>> Doing postfit: ch8,tHW
>> Doing postfit: ch8,tHq
>> Doing postfit: ch8,tZq
>> Doing postfit: ch8,ttH
>> Doing postfit: ch8,ttVV
>> Doing postfit: ch8,TotalBkg
>> Doing postfit: ch8,TotalSig
>> Doing postfit: ch8,TotalProcs
>> Doing postfit: ch9,Rares
>> Doing postfit: ch9,TTW_nbjets_bin0
>> Doing postfit: ch9,TTW_nbjets_bin1
>> Doing postfit: ch9,TTW_ooa
>> Doing postfit: ch9,TTZ
>> Doing postfit: ch9,VVV
>> Doing postfit: ch9,WZ
>> Doing postfit: ch9,ZZ
>> Doing postfit: ch9,data_fakes
>> Doing postfit: ch9,tHW
>> Doing postfit: ch9,tHq
>> Doing postfit: ch9,tZq
>> Doing postfit: ch9,ttH
>> Doing postfit: ch9,ttVV
>> Doing postfit: ch9,TotalBkg
>> Doing postfit: ch9,TotalSig
>> Doing postfit: ch9,TotalProcs

Bin                       Total relative bkg uncert. (postfit)
----------------------------------------------------------
ch1                       0.09333   
ch10                      0.13617   
ch11                      0.08187   
ch12                      0.11537   
ch13                      0.08432   
ch14                      0.08682   
ch15                      0.09178   
ch16                      0.09738   
ch17                      0.07971   
ch18                      0.07362   
ch19                      0.08562   
ch2                       0.08100   
ch20                      0.09429   
ch21                      0.09031   
ch22                      0.08535   
ch23                      0.07073   
ch24                      0.06530   
ch25                      0.03588   
ch26                      0.03087   
ch27                      0.02895   
ch28                      0.02620   
ch29                      0.03324   
ch3                       0.09055   
ch30                      0.02800   
ch31                      0.02992   
ch32                      0.02529   
ch33                      0.03093   
ch34                      0.02596   
ch35                      0.02425   
ch36                      0.02490   
ch37                      0.02811   
ch38                      0.02228   
ch39                      0.02120   
ch4                       0.10394   
ch40                      0.02205   
ch41                      0.03821   
ch42                      0.03661   
ch43                      0.03410   
ch44                      0.03372   
ch5                       0.13915   
ch6                       0.07382   
ch7                       0.08864   
ch8                       0.07696   
ch9                       0.13618   

Bin                       Process              Scale factor
----------------------------------------------------------
ch1                       Convs                1.18811   
ch1                       Rares                1.27241   
ch1                       TTW_nbjets_bin0      1.55783   
ch1                       TTW_nbjets_bin1      -5.04641  
ch1                       TTW_ooa              1.08879   
ch1                       TTZ                  1.14942   
ch1                       VVV                  1.22990   
ch1                       WZ                   1.01304   
ch1                       ZZ                   1.36836   
ch1                       data_fakes           1.58946   
ch1                       data_flips           0.93541   
ch1                       tHW                  1.04511   
ch1                       tHq                  1.05598   
ch1                       tZq                  1.09929   
ch1                       ttH                  1.04080   
ch1                       ttVV                 1.04637   
ch10                      Convs                1.45948   
ch10                      Rares                1.27813   
ch10                      TTW_nbjets_bin0      1.56146   
ch10                      TTW_nbjets_bin1      -5.28768  
ch10                      TTW_ooa              1.10305   
ch10                      TTZ                  1.28620   
ch10                      VVV                  1.43407   
ch10                      WZ                   1.31784   
ch10                      ZZ                   1.62299   
ch10                      data_fakes           1.61200   
ch10                      data_flips           0.93562   
ch10                      tHW                  1.08119   
ch10                      tHq                  1.06907   
ch10                      tZq                  1.22845   
ch10                      ttH                  1.07074   
ch10                      ttVV                 1.04979   
ch11                      Convs                1.12859   
ch11                      Rares                1.17871   
ch11                      TTW_nbjets_bin0      1.52089   
ch11                      TTW_nbjets_bin1      -5.00649  
ch11                      TTW_ooa              1.07111   
ch11                      TTZ                  1.21491   
ch11                      VVV                  1.36053   
ch11                      WZ                   1.37707   
ch11                      ZZ                   1.58783   
ch11                      data_fakes           1.37685   
ch11                      data_flips           0.93500   
ch11                      tHW                  1.04764   
ch11                      tHq                  1.06362   
ch11                      tZq                  1.14629   
ch11                      ttH                  1.04221   
ch11                      ttVV                 1.02815   
ch12                      Rares                1.22377   
ch12                      TTW_nbjets_bin0      1.47905   
ch12                      TTW_nbjets_bin1      -4.86277  
ch12                      TTW_ooa              1.04522   
ch12                      TTZ                  1.15783   
ch12                      VVV                  1.32973   
ch12                      WZ                   1.25146   
ch12                      ZZ                   1.38810   
ch12                      data_fakes           1.28610   
ch12                      tHW                  1.02695   
ch12                      tHq                  1.02292   
ch12                      tZq                  1.19230   
ch12                      ttH                  1.02532   
ch12                      ttVV                 1.00416   
ch13                      Convs                1.01378   
ch13                      Rares                1.22658   
ch13                      TTW_nbjets_bin0      1.51284   
ch13                      TTW_nbjets_bin1      -5.11747  
ch13                      TTW_ooa              1.01915   
ch13                      TTZ                  1.11331   
ch13                      VVV                  1.19178   
ch13                      WZ                   0.97485   
ch13                      ZZ                   1.26351   
ch13                      data_fakes           1.42194   
ch13                      data_flips           0.93486   
ch13                      tHW                  1.01886   
ch13                      tHq                  1.01716   
ch13                      tZq                  1.07931   
ch13                      ttH                  1.02146   
ch13                      ttVV                 1.01285   
ch14                      Convs                1.14196   
ch14                      Rares                1.28994   
ch14                      TTW_nbjets_bin0      1.54919   
ch14                      TTW_nbjets_bin1      -5.35961  
ch14                      TTW_ooa              1.05697   
ch14                      TTZ                  1.18027   
ch14                      VVV                  1.13135   
ch14                      WZ                   0.97247   
ch14                      ZZ                   1.35106   
ch14                      data_fakes           1.66116   
ch14                      data_flips           0.93491   
ch14                      tHW                  1.02575   
ch14                      tHq                  1.05051   
ch14                      tZq                  1.11167   
ch14                      ttH                  1.05698   
ch14                      ttVV                 1.03481   
ch15                      Rares                1.13859   
ch15                      TTW_nbjets_bin0      1.47715   
ch15                      TTW_nbjets_bin1      -4.94976  
ch15                      TTW_ooa              0.98469   
ch15                      TTZ                  1.11575   
ch15                      VVV                  1.11133   
ch15                      WZ                   0.94935   
ch15                      ZZ                   1.45020   
ch15                      data_fakes           1.20792   
ch15                      tHW                  0.98645   
ch15                      tHq                  1.02270   
ch15                      tZq                  1.04236   
ch15                      ttH                  0.99627   
ch15                      ttVV                 0.98659   
ch16                      Convs                0.82076   
ch16                      Rares                1.19425   
ch16                      TTW_nbjets_bin0      1.54186   
ch16                      TTW_nbjets_bin1      -5.22721  
ch16                      TTW_ooa              1.05836   
ch16                      TTZ                  1.11266   
ch16                      VVV                  1.21575   
ch16                      WZ                   0.94304   
ch16                      ZZ                   1.10676   
ch16                      data_fakes           1.60624   
ch16                      data_flips           0.93468   
ch16                      tHW                  1.03564   
ch16                      tHq                  1.03385   
ch16                      tZq                  1.13277   
ch16                      ttH                  1.04002   
ch16                      ttVV                 1.03754   
ch17                      Convs                1.03522   
ch17                      Rares                1.22923   
ch17                      TTW_nbjets_bin0      1.51382   
ch17                      TTW_nbjets_bin1      -5.08268  
ch17                      TTW_ooa              1.02685   
ch17                      TTZ                  1.12253   
ch17                      VVV                  1.12318   
ch17                      WZ                   0.96537   
ch17                      ZZ                   1.42793   
ch17                      data_fakes           1.45112   
ch17                      data_flips           0.93489   
ch17                      tHW                  1.00949   
ch17                      tHq                  1.00933   
ch17                      tZq                  1.08847   
ch17                      ttH                  1.02999   
ch17                      ttVV                 1.01236   
ch18                      Rares                1.11159   
ch18                      TTW_nbjets_bin0      1.45481   
ch18                      TTW_nbjets_bin1      -4.89539  
ch18                      TTW_ooa              0.94331   
ch18                      TTZ                  1.07334   
ch18                      VVV                  1.11893   
ch18                      WZ                   0.95503   
ch18                      ZZ                   1.31038   
ch18                      data_fakes           1.16595   
ch18                      tHW                  0.97247   
ch18                      tHq                  0.95276   
ch18                      tZq                  1.03094   
ch18                      ttH                  0.98585   
ch18                      ttVV                 0.97037   
ch19                      Convs                1.11550   
ch19                      Rares                1.22578   
ch19                      TTW_nbjets_bin0      1.52710   
ch19                      TTW_nbjets_bin1      -5.13378  
ch19                      TTW_ooa              0.99264   
ch19                      TTZ                  1.16692   
ch19                      VVV                  1.16780   
ch19                      WZ                   0.94190   
ch19                      ZZ                   1.07354   
ch19                      data_fakes           1.75064   
ch19                      data_flips           0.93492   
ch19                      tHW                  1.03029   
ch19                      tHq                  0.99926   
ch19                      tZq                  1.07425   
ch19                      ttH                  1.01688   
ch19                      ttVV                 1.02400   
ch2                       Convs                1.18240   
ch2                       Rares                1.27652   
ch2                       TTW_nbjets_bin0      1.51734   
ch2                       TTW_nbjets_bin1      -4.92760  
ch2                       TTW_ooa              1.03598   
ch2                       TTZ                  1.18525   
ch2                       VVV                  1.20494   
ch2                       WZ                   0.96754   
ch2                       ZZ                   1.27037   
ch2                       data_fakes           1.50760   
ch2                       data_flips           0.93516   
ch2                       tHW                  0.99926   
ch2                       tHq                  1.01308   
ch2                       tZq                  1.08584   
ch2                       ttH                  1.01174   
ch2                       ttVV                 1.00268   
ch20                      Convs                1.06121   
ch20                      Rares                1.18441   
ch20                      TTW_nbjets_bin0      1.52400   
ch20                      TTW_nbjets_bin1      -5.17378  
ch20                      TTW_ooa              1.00376   
ch20                      TTZ                  1.11721   
ch20                      VVV                  0.96053   
ch20                      WZ                   0.83808   
ch20                      ZZ                   1.11474   
ch20                      data_fakes           1.75670   
ch20                      data_flips           0.93484   
ch20                      tHW                  0.97850   
ch20                      tHq                  1.01932   
ch20                      tZq                  1.09515   
ch20                      ttH                  1.01434   
ch20                      ttVV                 1.02393   
ch21                      Rares                1.12208   
ch21                      TTW_nbjets_bin0      1.47873   
ch21                      TTW_nbjets_bin1      -4.85225  
ch21                      TTW_ooa              0.99038   
ch21                      TTZ                  1.11784   
ch21                      VVV                  1.17545   
ch21                      WZ                   0.95130   
ch21                      ZZ                   0.89991   
ch21                      data_fakes           1.14725   
ch21                      tHW                  0.98916   
ch21                      tHq                  0.98016   
ch21                      tZq                  1.08326   
ch21                      ttH                  0.99398   
ch21                      ttVV                 0.98762   
ch22                      Rares                1.32264   
ch22                      TTW_nbjets_bin0      1.45135   
ch22                      TTW_nbjets_bin1      -4.84492  
ch22                      TTW_ooa              0.94753   
ch22                      TTZ                  1.10075   
ch22                      VVV                  1.15500   
ch22                      WZ                   0.96266   
ch22                      ZZ                   1.10812   
ch22                      data_fakes           1.21821   
ch22                      tHW                  0.96943   
ch22                      tHq                  0.96331   
ch22                      tZq                  1.06925   
ch22                      ttH                  0.98093   
ch22                      ttVV                 0.96621   
ch23                      Convs                1.10372   
ch23                      Rares                1.22832   
ch23                      TTW_nbjets_bin0      1.49009   
ch23                      TTW_nbjets_bin1      -4.84465  
ch23                      TTW_ooa              0.97057   
ch23                      TTZ                  1.13080   
ch23                      VVV                  1.15000   
ch23                      WZ                   0.92088   
ch23                      ZZ                   1.13761   
ch23                      data_fakes           1.45097   
ch23                      data_flips           0.93494   
ch23                      tHW                  0.99441   
ch23                      tHq                  0.97886   
ch23                      tZq                  1.03983   
ch23                      ttH                  1.00573   
ch23                      ttVV                 0.99595   
ch24                      Convs                1.20923   
ch24                      Rares                1.15402   
ch24                      TTW_nbjets_bin0      1.48898   
ch24                      TTW_nbjets_bin1      -4.93225  
ch24                      TTW_ooa              0.98378   
ch24                      TTZ                  1.18599   
ch24                      VVV                  1.16171   
ch24                      WZ                   0.94277   
ch24                      ZZ                   1.29146   
ch24                      data_fakes           1.38223   
ch24                      data_flips           0.93497   
ch24                      tHW                  0.99876   
ch24                      tHq                  0.98633   
ch24                      tZq                  1.02228   
ch24                      ttH                  0.99721   
ch24                      ttVV                 0.99860   
ch25                      Convs                0.83145   
ch25                      Rares                1.31958   
ch25                      TTW_inclusive        1.10746   
ch25                      TTZ                  1.24502   
ch25                      VVV                  1.33639   
ch25                      WZ                   0.95020   
ch25                      ZZ                   1.28898   
ch25                      data_fakes           1.15335   
ch25                      tHq                  1.10753   
ch25                      tZq                  1.17592   
ch25                      ttH                  1.12051   
ch25                      ttVV                 1.10088   
ch26                      Rares                1.27686   
ch26                      TTW_inclusive        1.06694   
ch26                      TTZ                  1.20758   
ch26                      VVV                  1.28654   
ch26                      WZ                   0.92041   
ch26                      ZZ                   1.24168   
ch26                      data_fakes           0.99867   
ch26                      tHW                  1.05482   
ch26                      tHq                  1.07132   
ch26                      tZq                  1.14935   
ch26                      ttH                  1.04648   
ch26                      ttVV                 1.05365   
ch27                      Convs                1.16223   
ch27                      Rares                1.22550   
ch27                      TTW_inclusive        1.04105   
ch27                      TTZ                  1.16501   
ch27                      VVV                  1.25142   
ch27                      WZ                   0.89480   
ch27                      ZZ                   1.21784   
ch27                      data_fakes           1.33960   
ch27                      tHW                  1.04232   
ch27                      tHq                  1.03760   
ch27                      tZq                  1.10190   
ch27                      ttH                  1.03334   
ch27                      ttVV                 1.01606   
ch28                      Rares                1.20579   
ch28                      TTW_inclusive        1.00764   
ch28                      TTZ                  1.13115   
ch28                      VVV                  1.20223   
ch28                      WZ                   0.86393   
ch28                      ZZ                   1.17659   
ch28                      data_fakes           1.13177   
ch28                      tHW                  1.01700   
ch28                      tHq                  1.00770   
ch28                      tZq                  1.07224   
ch28                      ttH                  1.00074   
ch28                      ttVV                 0.99642   
ch29                      Convs                1.03779   
ch29                      Rares                1.28099   
ch29                      TTW_inclusive        1.08860   
ch29                      TTZ                  1.22120   
ch29                      VVV                  1.29526   
ch29                      WZ                   0.91488   
ch29                      ZZ                   1.26969   
ch29                      data_fakes           1.39534   
ch29                      tHq                  1.08649   
ch29                      tZq                  1.15322   
ch29                      ttH                  1.04219   
ch29                      ttVV                 1.07636   
ch3                       Rares                1.30579   
ch3                       TTW_nbjets_bin0      1.46195   
ch3                       TTW_nbjets_bin1      -4.83125  
ch3                       TTW_ooa              0.97777   
ch3                       TTZ                  1.12162   
ch3                       VVV                  1.01045   
ch3                       WZ                   0.92290   
ch3                       ZZ                   1.38400   
ch3                       data_fakes           1.16303   
ch3                       tHW                  0.97609   
ch3                       tHq                  0.98300   
ch3                       tZq                  1.03004   
ch3                       ttH                  0.98338   
ch3                       ttVV                 0.97406   
ch30                      Convs                1.07384   
ch30                      Rares                1.25263   
ch30                      TTW_inclusive        1.05697   
ch30                      TTZ                  1.17502   
ch30                      VVV                  1.25613   
ch30                      WZ                   0.88754   
ch30                      ZZ                   1.21198   
ch30                      data_fakes           0.95244   
ch30                      tHW                  1.05316   
ch30                      tHq                  1.04115   
ch30                      tZq                  1.12188   
ch30                      ttH                  1.03921   
ch30                      ttVV                 1.04838   
ch31                      Convs                1.13444   
ch31                      Rares                1.24401   
ch31                      TTW_inclusive        1.02167   
ch31                      TTZ                  1.15898   
ch31                      VVV                  1.22158   
ch31                      WZ                   0.86881   
ch31                      ZZ                   1.21026   
ch31                      data_fakes           1.58232   
ch31                      tHW                  1.02370   
ch31                      tHq                  1.01970   
ch31                      tZq                  1.10475   
ch31                      ttH                  1.02586   
ch31                      ttVV                 1.02416   
ch32                      Rares                1.17630   
ch32                      TTW_inclusive        1.01049   
ch32                      TTZ                  1.12042   
ch32                      VVV                  1.20009   
ch32                      WZ                   0.84494   
ch32                      ZZ                   1.15989   
ch32                      data_fakes           1.09461   
ch32                      tHW                  1.00584   
ch32                      tHq                  0.99922   
ch32                      tZq                  1.06953   
ch32                      ttH                  0.99160   
ch32                      ttVV                 0.99112   
ch33                      Convs                1.23115   
ch33                      Rares                1.32710   
ch33                      TTW_inclusive        1.11220   
ch33                      TTZ                  1.24360   
ch33                      VVV                  1.33870   
ch33                      WZ                   0.95905   
ch33                      ZZ                   1.30627   
ch33                      data_fakes           1.67136   
ch33                      tHW                  1.08606   
ch33                      tHq                  1.07262   
ch33                      tZq                  1.18138   
ch33                      ttH                  1.08616   
ch33                      ttVV                 1.09200   
ch34                      Convs                1.09911   
ch34                      Rares                1.28041   
ch34                      TTW_inclusive        1.08336   
ch34                      TTZ                  1.20764   
ch34                      VVV                  1.29165   
ch34                      WZ                   0.92848   
ch34                      ZZ                   1.27158   
ch34                      data_fakes           1.21155   
ch34                      tHW                  1.07098   
ch34                      tHq                  1.09673   
ch34                      tZq                  1.15886   
ch34                      ttH                  1.06387   
ch34                      ttVV                 1.04682   
ch35                      Convs                1.25348   
ch35                      Rares                1.24909   
ch35                      TTW_inclusive        1.04829   
ch35                      TTZ                  1.18014   
ch35                      VVV                  1.26197   
ch35                      WZ                   0.90782   
ch35                      ZZ                   1.24320   
ch35                      data_fakes           1.65118   
ch35                      tHW                  1.07295   
ch35                      tHq                  1.02666   
ch35                      tZq                  1.12601   
ch35                      ttH                  1.03830   
ch35                      ttVV                 1.03306   
ch36                      Rares                1.25249   
ch36                      TTW_inclusive        1.01974   
ch36                      TTZ                  1.14776   
ch36                      VVV                  1.22850   
ch36                      WZ                   0.88129   
ch36                      ZZ                   1.20239   
ch36                      data_fakes           1.16075   
ch36                      tHW                  1.00778   
ch36                      tHq                  1.02894   
ch36                      tZq                  1.09787   
ch36                      ttH                  1.01681   
ch36                      ttVV                 1.01961   
ch37                      Convs                0.60742   
ch37                      Rares                1.30416   
ch37                      TTW_inclusive        1.07385   
ch37                      TTZ                  1.21330   
ch37                      VVV                  1.29638   
ch37                      WZ                   0.92177   
ch37                      ZZ                   1.24786   
ch37                      data_fakes           1.54504   
ch37                      tHW                  1.08674   
ch37                      tHq                  1.13250   
ch37                      tZq                  1.14099   
ch37                      ttH                  1.10083   
ch37                      ttVV                 1.06315   
ch38                      Convs                1.11870   
ch38                      Rares                1.22822   
ch38                      TTW_inclusive        1.04148   
ch38                      TTZ                  1.17918   
ch38                      VVV                  1.26635   
ch38                      WZ                   0.89221   
ch38                      ZZ                   1.20319   
ch38                      data_fakes           1.06036   
ch38                      tHW                  1.04753   
ch38                      tHq                  1.03862   
ch38                      tZq                  1.11791   
ch38                      ttH                  1.03603   
ch38                      ttVV                 1.02632   
ch39                      Convs                0.95915   
ch39                      Rares                1.22981   
ch39                      TTW_inclusive        1.02134   
ch39                      TTZ                  1.15231   
ch39                      VVV                  1.22532   
ch39                      WZ                   0.87595   
ch39                      ZZ                   1.18715   
ch39                      data_fakes           1.52462   
ch39                      tHW                  1.02124   
ch39                      tHq                  1.02066   
ch39                      tZq                  1.09308   
ch39                      ttH                  1.00455   
ch39                      ttVV                 1.00475   
ch4                       Convs                1.04414   
ch4                       Rares                1.24463   
ch4                       TTW_nbjets_bin0      1.54411   
ch4                       TTW_nbjets_bin1      -5.68867  
ch4                       TTW_ooa              1.06913   
ch4                       TTZ                  1.11294   
ch4                       VVV                  1.18597   
ch4                       WZ                   0.89524   
ch4                       ZZ                   1.33226   
ch4                       data_fakes           1.67223   
ch4                       data_flips           0.93450   
ch4                       tHW                  1.04550   
ch4                       tHq                  1.04516   
ch4                       tZq                  1.10114   
ch4                       ttH                  1.05702   
ch4                       ttVV                 1.04489   
ch40                      Rares                1.18583   
ch40                      TTW_inclusive        0.99663   
ch40                      TTZ                  1.11878   
ch40                      VVV                  1.18047   
ch40                      WZ                   0.84803   
ch40                      ZZ                   1.14548   
ch40                      data_fakes           1.06908   
ch40                      tHW                  0.96611   
ch40                      tHq                  0.97597   
ch40                      tZq                  1.06298   
ch40                      ttH                  0.98916   
ch40                      ttVV                 0.98637   
ch41                      MC_fakes             1.00115   
ch41                      Rares                1.22496   
ch41                      TTZ                  1.14012   
ch41                      WZ                   0.77719   
ch41                      ZZ                   1.07282   
ch41                      ttH                  1.03065   
ch42                      Convs                1.11846   
ch42                      MC_fakes             0.99977   
ch42                      Rares                1.23764   
ch42                      TTZ                  1.15585   
ch42                      WZ                   0.76900   
ch42                      ZZ                   1.08137   
ch42                      ttH                  0.99158   
ch43                      Convs                1.11207   
ch43                      MC_fakes             0.99963   
ch43                      Rares                1.24322   
ch43                      TTWW                 0.99995   
ch43                      TTZ                  1.16510   
ch43                      WZ                   0.72661   
ch43                      ZZ                   1.10176   
ch43                      ttH                  1.04323   
ch44                      Convs                1.11960   
ch44                      MC_fakes             0.99771   
ch44                      Rares                1.24307   
ch44                      TTWW                 0.99993   
ch44                      TTZ                  1.13922   
ch44                      WZ                   0.68078   
ch44                      ZZ                   1.07757   
ch44                      tHW                  1.01035   
ch44                      ttH                  1.01837   
ch5                       Convs                1.03889   
ch5                       Rares                1.27645   
ch5                       TTW_nbjets_bin0      1.56495   
ch5                       TTW_nbjets_bin1      -5.05599  
ch5                       TTW_ooa              1.08810   
ch5                       TTZ                  1.23500   
ch5                       VVV                  1.41810   
ch5                       WZ                   1.24880   
ch5                       ZZ                   1.80465   
ch5                       data_fakes           2.23505   
ch5                       data_flips           0.93523   
ch5                       tHW                  1.09388   
ch5                       tHq                  1.09853   
ch5                       tZq                  1.21429   
ch5                       ttH                  1.07158   
ch5                       ttVV                 1.05297   
ch6                       Convs                0.96566   
ch6                       Rares                1.13721   
ch6                       TTW_nbjets_bin0      1.51038   
ch6                       TTW_nbjets_bin1      -5.04026  
ch6                       TTW_ooa              1.01981   
ch6                       TTZ                  1.09336   
ch6                       VVV                  1.17454   
ch6                       WZ                   0.95173   
ch6                       ZZ                   1.21940   
ch6                       data_fakes           1.41725   
ch6                       data_flips           0.93518   
ch6                       tHW                  1.00041   
ch6                       tHq                  1.01225   
ch6                       tZq                  1.05237   
ch6                       ttH                  1.01386   
ch6                       ttVV                 1.00884   
ch7                       Rares                1.15911   
ch7                       TTW_nbjets_bin0      1.46481   
ch7                       TTW_nbjets_bin1      -4.94052  
ch7                       TTW_ooa              0.97960   
ch7                       TTZ                  1.09669   
ch7                       VVV                  1.16648   
ch7                       WZ                   0.92000   
ch7                       ZZ                   1.38150   
ch7                       data_fakes           1.12734   
ch7                       tHW                  0.96453   
ch7                       tHq                  0.98553   
ch7                       tZq                  1.02450   
ch7                       ttH                  0.99178   
ch7                       ttVV                 0.97425   
ch8                       Convs                1.00499   
ch8                       Rares                1.26200   
ch8                       TTW_nbjets_bin0      1.52008   
ch8                       TTW_nbjets_bin1      -5.02244  
ch8                       TTW_ooa              1.07613   
ch8                       TTZ                  1.14962   
ch8                       VVV                  1.44716   
ch8                       WZ                   1.22061   
ch8                       ZZ                   1.61131   
ch8                       data_fakes           1.36910   
ch8                       data_flips           0.93469   
ch8                       tHW                  1.06564   
ch8                       tHq                  1.05325   
ch8                       tZq                  1.12383   
ch8                       ttH                  1.04375   
ch8                       ttVV                 1.02626   
ch9                       Rares                1.28257   
ch9                       TTW_nbjets_bin0      1.49053   
ch9                       TTW_nbjets_bin1      -4.80787  
ch9                       TTW_ooa              1.04600   
ch9                       TTZ                  1.14214   
ch9                       VVV                  2.84275   
ch9                       WZ                   1.15140   
ch9                       ZZ                   1.77159   
ch9                       data_fakes           1.23450   
ch9                       tHW                  1.03273   
ch9                       tHq                  1.04417   
ch9                       tZq                  1.12214   
ch9                       ttH                  1.01105   
ch9                       ttVV                 0.99799   
