WARNING: the default behaviour of PostFitShapesFromWorkspace is to use the covariance matrix sampling method for the post-fit uncertainty. The option --sampling is deprecated and will be removed in future versions of CombineHarvester
[SetFlag] Changing value of flag "workspaces-use-clone" from 0 to 1
[#1] INFO:ObjectHandling -- RooWorkspace::import(w) importing dataset ch1
[#1] INFO:ObjectHandling -- RooWorkspace::import(w) importing dataset ch10
[#1] INFO:ObjectHandling -- RooWorkspace::import(w) importing dataset ch11
[#1] INFO:ObjectHandling -- RooWorkspace::import(w) importing dataset ch12
[#1] INFO:ObjectHandling -- RooWorkspace::import(w) importing dataset ch2
[#1] INFO:ObjectHandling -- RooWorkspace::import(w) importing dataset ch3
[#1] INFO:ObjectHandling -- RooWorkspace::import(w) importing dataset ch4
[#1] INFO:ObjectHandling -- RooWorkspace::import(w) importing dataset ch5
[#1] INFO:ObjectHandling -- RooWorkspace::import(w) importing dataset ch6
[#1] INFO:ObjectHandling -- RooWorkspace::import(w) importing dataset ch7
[#1] INFO:ObjectHandling -- RooWorkspace::import(w) importing dataset ch8
[#1] INFO:ObjectHandling -- RooWorkspace::import(w) importing dataset ch9
[SetFlag] Changing value of flag "workspaces-use-clone" from 0 to 1
>> Doing prefit: TotalBkg
>> Doing prefit: TotalSig
>> Doing prefit: TotalProcs
>> Doing prefit: ch1,Convs
>> Doing prefit: ch1,Rares
>> Doing prefit: ch1,TTW_jet1_eta_bin0
>> Doing prefit: ch1,TTW_jet1_eta_bin1
>> Doing prefit: ch1,TTW_jet1_eta_bin2
>> Doing prefit: ch1,TTW_jet1_eta_bin3
>> Doing prefit: ch1,TTW_ooa
>> Doing prefit: ch1,TTZ
>> Doing prefit: ch1,VVV
>> Doing prefit: ch1,WZ
>> Doing prefit: ch1,ZZ
>> Doing prefit: ch1,data_fakes
>> Doing prefit: ch1,data_flips
>> Doing prefit: ch1,tHW
>> Doing prefit: ch1,tHq
>> Doing prefit: ch1,tZq
>> Doing prefit: ch1,ttH
>> Doing prefit: ch1,ttVV
>> Doing prefit: ch1,TotalBkg
>> Doing prefit: ch1,TotalSig
>> Doing prefit: ch1,TotalProcs
>> Doing prefit: ch10,Convs
>> Doing prefit: ch10,Rares
>> Doing prefit: ch10,TTW_jet1_eta_bin0
>> Doing prefit: ch10,TTW_jet1_eta_bin1
>> Doing prefit: ch10,TTW_jet1_eta_bin2
>> Doing prefit: ch10,TTW_jet1_eta_bin3
>> Doing prefit: ch10,TTW_ooa
>> Doing prefit: ch10,TTZ
>> Doing prefit: ch10,VVV
>> Doing prefit: ch10,WZ
>> Doing prefit: ch10,ZZ
>> Doing prefit: ch10,data_fakes
>> Doing prefit: ch10,data_flips
>> Doing prefit: ch10,tHW
>> Doing prefit: ch10,tHq
>> Doing prefit: ch10,tZq
>> Doing prefit: ch10,ttH
>> Doing prefit: ch10,ttVV
>> Doing prefit: ch10,TotalBkg
>> Doing prefit: ch10,TotalSig
>> Doing prefit: ch10,TotalProcs
>> Doing prefit: ch11,Convs
>> Doing prefit: ch11,Rares
>> Doing prefit: ch11,TTW_jet1_eta_bin0
>> Doing prefit: ch11,TTW_jet1_eta_bin1
>> Doing prefit: ch11,TTW_jet1_eta_bin2
>> Doing prefit: ch11,TTW_jet1_eta_bin3
>> Doing prefit: ch11,TTW_ooa
>> Doing prefit: ch11,TTZ
>> Doing prefit: ch11,VVV
>> Doing prefit: ch11,WZ
>> Doing prefit: ch11,ZZ
>> Doing prefit: ch11,data_fakes
>> Doing prefit: ch11,data_flips
>> Doing prefit: ch11,tHW
>> Doing prefit: ch11,tHq
>> Doing prefit: ch11,tZq
>> Doing prefit: ch11,ttH
>> Doing prefit: ch11,ttVV
>> Doing prefit: ch11,TotalBkg
>> Doing prefit: ch11,TotalSig
>> Doing prefit: ch11,TotalProcs
>> Doing prefit: ch12,Rares
>> Doing prefit: ch12,TTW_jet1_eta_bin0
>> Doing prefit: ch12,TTW_jet1_eta_bin1
>> Doing prefit: ch12,TTW_jet1_eta_bin2
>> Doing prefit: ch12,TTW_jet1_eta_bin3
>> Doing prefit: ch12,TTW_ooa
>> Doing prefit: ch12,TTZ
>> Doing prefit: ch12,VVV
>> Doing prefit: ch12,WZ
>> Doing prefit: ch12,ZZ
>> Doing prefit: ch12,data_fakes
>> Doing prefit: ch12,tHW
>> Doing prefit: ch12,tHq
>> Doing prefit: ch12,tZq
>> Doing prefit: ch12,ttH
>> Doing prefit: ch12,ttVV
>> Doing prefit: ch12,TotalBkg
>> Doing prefit: ch12,TotalSig
>> Doing prefit: ch12,TotalProcs
>> Doing prefit: ch2,Convs
>> Doing prefit: ch2,Rares
>> Doing prefit: ch2,TTW_jet1_eta_bin0
>> Doing prefit: ch2,TTW_jet1_eta_bin1
>> Doing prefit: ch2,TTW_jet1_eta_bin2
>> Doing prefit: ch2,TTW_jet1_eta_bin3
>> Doing prefit: ch2,TTW_ooa
>> Doing prefit: ch2,TTZ
>> Doing prefit: ch2,VVV
>> Doing prefit: ch2,WZ
>> Doing prefit: ch2,ZZ
>> Doing prefit: ch2,data_fakes
>> Doing prefit: ch2,data_flips
>> Doing prefit: ch2,tHW
>> Doing prefit: ch2,tHq
>> Doing prefit: ch2,tZq
>> Doing prefit: ch2,ttH
>> Doing prefit: ch2,ttVV
>> Doing prefit: ch2,TotalBkg
>> Doing prefit: ch2,TotalSig
>> Doing prefit: ch2,TotalProcs
>> Doing prefit: ch3,Rares
>> Doing prefit: ch3,TTW_jet1_eta_bin0
>> Doing prefit: ch3,TTW_jet1_eta_bin1
>> Doing prefit: ch3,TTW_jet1_eta_bin2
>> Doing prefit: ch3,TTW_jet1_eta_bin3
>> Doing prefit: ch3,TTW_ooa
>> Doing prefit: ch3,TTZ
>> Doing prefit: ch3,VVV
>> Doing prefit: ch3,WZ
>> Doing prefit: ch3,ZZ
>> Doing prefit: ch3,data_fakes
>> Doing prefit: ch3,tHW
>> Doing prefit: ch3,tHq
>> Doing prefit: ch3,tZq
>> Doing prefit: ch3,ttH
>> Doing prefit: ch3,ttVV
>> Doing prefit: ch3,TotalBkg
>> Doing prefit: ch3,TotalSig
>> Doing prefit: ch3,TotalProcs
>> Doing prefit: ch4,Convs
>> Doing prefit: ch4,Rares
>> Doing prefit: ch4,TTW_jet1_eta_bin0
>> Doing prefit: ch4,TTW_jet1_eta_bin1
>> Doing prefit: ch4,TTW_jet1_eta_bin2
>> Doing prefit: ch4,TTW_jet1_eta_bin3
>> Doing prefit: ch4,TTW_ooa
>> Doing prefit: ch4,TTZ
>> Doing prefit: ch4,VVV
>> Doing prefit: ch4,WZ
>> Doing prefit: ch4,ZZ
>> Doing prefit: ch4,data_fakes
>> Doing prefit: ch4,data_flips
>> Doing prefit: ch4,tHW
>> Doing prefit: ch4,tHq
>> Doing prefit: ch4,tZq
>> Doing prefit: ch4,ttH
>> Doing prefit: ch4,ttVV
>> Doing prefit: ch4,TotalBkg
>> Doing prefit: ch4,TotalSig
>> Doing prefit: ch4,TotalProcs
>> Doing prefit: ch5,Convs
>> Doing prefit: ch5,Rares
>> Doing prefit: ch5,TTW_jet1_eta_bin0
>> Doing prefit: ch5,TTW_jet1_eta_bin1
>> Doing prefit: ch5,TTW_jet1_eta_bin2
>> Doing prefit: ch5,TTW_jet1_eta_bin3
>> Doing prefit: ch5,TTW_ooa
>> Doing prefit: ch5,TTZ
>> Doing prefit: ch5,VVV
>> Doing prefit: ch5,WZ
>> Doing prefit: ch5,ZZ
>> Doing prefit: ch5,data_fakes
>> Doing prefit: ch5,data_flips
>> Doing prefit: ch5,tHW
>> Doing prefit: ch5,tHq
>> Doing prefit: ch5,tZq
>> Doing prefit: ch5,ttH
>> Doing prefit: ch5,ttVV
>> Doing prefit: ch5,TotalBkg
>> Doing prefit: ch5,TotalSig
>> Doing prefit: ch5,TotalProcs
>> Doing prefit: ch6,Rares
>> Doing prefit: ch6,TTW_jet1_eta_bin0
>> Doing prefit: ch6,TTW_jet1_eta_bin1
>> Doing prefit: ch6,TTW_jet1_eta_bin2
>> Doing prefit: ch6,TTW_jet1_eta_bin3
>> Doing prefit: ch6,TTW_ooa
>> Doing prefit: ch6,TTZ
>> Doing prefit: ch6,VVV
>> Doing prefit: ch6,WZ
>> Doing prefit: ch6,ZZ
>> Doing prefit: ch6,data_fakes
>> Doing prefit: ch6,tHW
>> Doing prefit: ch6,tHq
>> Doing prefit: ch6,tZq
>> Doing prefit: ch6,ttH
>> Doing prefit: ch6,ttVV
>> Doing prefit: ch6,TotalBkg
>> Doing prefit: ch6,TotalSig
>> Doing prefit: ch6,TotalProcs
>> Doing prefit: ch7,Convs
>> Doing prefit: ch7,Rares
>> Doing prefit: ch7,TTW_jet1_eta_bin0
>> Doing prefit: ch7,TTW_jet1_eta_bin1
>> Doing prefit: ch7,TTW_jet1_eta_bin2
>> Doing prefit: ch7,TTW_jet1_eta_bin3
>> Doing prefit: ch7,TTW_ooa
>> Doing prefit: ch7,TTZ
>> Doing prefit: ch7,VVV
>> Doing prefit: ch7,WZ
>> Doing prefit: ch7,ZZ
>> Doing prefit: ch7,data_fakes
>> Doing prefit: ch7,data_flips
>> Doing prefit: ch7,tHW
>> Doing prefit: ch7,tHq
>> Doing prefit: ch7,tZq
>> Doing prefit: ch7,ttH
>> Doing prefit: ch7,ttVV
>> Doing prefit: ch7,TotalBkg
>> Doing prefit: ch7,TotalSig
>> Doing prefit: ch7,TotalProcs
>> Doing prefit: ch8,Convs
>> Doing prefit: ch8,Rares
>> Doing prefit: ch8,TTW_jet1_eta_bin0
>> Doing prefit: ch8,TTW_jet1_eta_bin1
>> Doing prefit: ch8,TTW_jet1_eta_bin2
>> Doing prefit: ch8,TTW_jet1_eta_bin3
>> Doing prefit: ch8,TTW_ooa
>> Doing prefit: ch8,TTZ
>> Doing prefit: ch8,VVV
>> Doing prefit: ch8,WZ
>> Doing prefit: ch8,ZZ
>> Doing prefit: ch8,data_fakes
>> Doing prefit: ch8,data_flips
>> Doing prefit: ch8,tHW
>> Doing prefit: ch8,tHq
>> Doing prefit: ch8,tZq
>> Doing prefit: ch8,ttH
>> Doing prefit: ch8,ttVV
>> Doing prefit: ch8,TotalBkg
>> Doing prefit: ch8,TotalSig
>> Doing prefit: ch8,TotalProcs
>> Doing prefit: ch9,Rares
>> Doing prefit: ch9,TTW_jet1_eta_bin0
>> Doing prefit: ch9,TTW_jet1_eta_bin1
>> Doing prefit: ch9,TTW_jet1_eta_bin2
>> Doing prefit: ch9,TTW_jet1_eta_bin3
>> Doing prefit: ch9,TTW_ooa
>> Doing prefit: ch9,TTZ
>> Doing prefit: ch9,VVV
>> Doing prefit: ch9,WZ
>> Doing prefit: ch9,ZZ
>> Doing prefit: ch9,data_fakes
>> Doing prefit: ch9,tHW
>> Doing prefit: ch9,tHq
>> Doing prefit: ch9,tZq
>> Doing prefit: ch9,ttH
>> Doing prefit: ch9,ttVV
>> Doing prefit: ch9,TotalBkg
>> Doing prefit: ch9,TotalSig
>> Doing prefit: ch9,TotalProcs
Bin                       Total relative bkg uncert. (prefit)
----------------------------------------------------------
ch1                       0.13314   
ch10                      0.16146   
ch11                      0.10718   
ch12                      0.14581   
ch2                       0.11791   
ch3                       0.14531   
ch4                       0.18910   
ch5                       0.11554   
ch6                       0.15330   
ch7                       0.15101   
ch8                       0.12483   
ch9                       0.15605   
>> Doing postfit: TotalBkg
>> Doing postfit: TotalSig
>> Doing postfit: TotalProcs
>> Doing postfit: ch1,Convs
>> Doing postfit: ch1,Rares
>> Doing postfit: ch1,TTW_jet1_eta_bin0
>> Doing postfit: ch1,TTW_jet1_eta_bin1
>> Doing postfit: ch1,TTW_jet1_eta_bin2
>> Doing postfit: ch1,TTW_jet1_eta_bin3
>> Doing postfit: ch1,TTW_ooa
>> Doing postfit: ch1,TTZ
>> Doing postfit: ch1,VVV
>> Doing postfit: ch1,WZ
>> Doing postfit: ch1,ZZ
>> Doing postfit: ch1,data_fakes
>> Doing postfit: ch1,data_flips
>> Doing postfit: ch1,tHW
>> Doing postfit: ch1,tHq
>> Doing postfit: ch1,tZq
>> Doing postfit: ch1,ttH
>> Doing postfit: ch1,ttVV
>> Doing postfit: ch1,TotalBkg
>> Doing postfit: ch1,TotalSig
>> Doing postfit: ch1,TotalProcs
>> Doing postfit: ch10,Convs
>> Doing postfit: ch10,Rares
>> Doing postfit: ch10,TTW_jet1_eta_bin0
>> Doing postfit: ch10,TTW_jet1_eta_bin1
>> Doing postfit: ch10,TTW_jet1_eta_bin2
>> Doing postfit: ch10,TTW_jet1_eta_bin3
>> Doing postfit: ch10,TTW_ooa
>> Doing postfit: ch10,TTZ
>> Doing postfit: ch10,VVV
>> Doing postfit: ch10,WZ
>> Doing postfit: ch10,ZZ
>> Doing postfit: ch10,data_fakes
>> Doing postfit: ch10,data_flips
>> Doing postfit: ch10,tHW
>> Doing postfit: ch10,tHq
>> Doing postfit: ch10,tZq
>> Doing postfit: ch10,ttH
>> Doing postfit: ch10,ttVV
>> Doing postfit: ch10,TotalBkg
>> Doing postfit: ch10,TotalSig
>> Doing postfit: ch10,TotalProcs
>> Doing postfit: ch11,Convs
>> Doing postfit: ch11,Rares
>> Doing postfit: ch11,TTW_jet1_eta_bin0
>> Doing postfit: ch11,TTW_jet1_eta_bin1
>> Doing postfit: ch11,TTW_jet1_eta_bin2
>> Doing postfit: ch11,TTW_jet1_eta_bin3
>> Doing postfit: ch11,TTW_ooa
>> Doing postfit: ch11,TTZ
>> Doing postfit: ch11,VVV
>> Doing postfit: ch11,WZ
>> Doing postfit: ch11,ZZ
>> Doing postfit: ch11,data_fakes
>> Doing postfit: ch11,data_flips
>> Doing postfit: ch11,tHW
>> Doing postfit: ch11,tHq
>> Doing postfit: ch11,tZq
>> Doing postfit: ch11,ttH
>> Doing postfit: ch11,ttVV
>> Doing postfit: ch11,TotalBkg
>> Doing postfit: ch11,TotalSig
>> Doing postfit: ch11,TotalProcs
>> Doing postfit: ch12,Rares
>> Doing postfit: ch12,TTW_jet1_eta_bin0
>> Doing postfit: ch12,TTW_jet1_eta_bin1
>> Doing postfit: ch12,TTW_jet1_eta_bin2
>> Doing postfit: ch12,TTW_jet1_eta_bin3
>> Doing postfit: ch12,TTW_ooa
>> Doing postfit: ch12,TTZ
>> Doing postfit: ch12,VVV
>> Doing postfit: ch12,WZ
>> Doing postfit: ch12,ZZ
>> Doing postfit: ch12,data_fakes
>> Doing postfit: ch12,tHW
>> Doing postfit: ch12,tHq
>> Doing postfit: ch12,tZq
>> Doing postfit: ch12,ttH
>> Doing postfit: ch12,ttVV
>> Doing postfit: ch12,TotalBkg
>> Doing postfit: ch12,TotalSig
>> Doing postfit: ch12,TotalProcs
>> Doing postfit: ch2,Convs
>> Doing postfit: ch2,Rares
>> Doing postfit: ch2,TTW_jet1_eta_bin0
>> Doing postfit: ch2,TTW_jet1_eta_bin1
>> Doing postfit: ch2,TTW_jet1_eta_bin2
>> Doing postfit: ch2,TTW_jet1_eta_bin3
>> Doing postfit: ch2,TTW_ooa
>> Doing postfit: ch2,TTZ
>> Doing postfit: ch2,VVV
>> Doing postfit: ch2,WZ
>> Doing postfit: ch2,ZZ
>> Doing postfit: ch2,data_fakes
>> Doing postfit: ch2,data_flips
>> Doing postfit: ch2,tHW
>> Doing postfit: ch2,tHq
>> Doing postfit: ch2,tZq
>> Doing postfit: ch2,ttH
>> Doing postfit: ch2,ttVV
>> Doing postfit: ch2,TotalBkg
>> Doing postfit: ch2,TotalSig
>> Doing postfit: ch2,TotalProcs
>> Doing postfit: ch3,Rares
>> Doing postfit: ch3,TTW_jet1_eta_bin0
>> Doing postfit: ch3,TTW_jet1_eta_bin1
>> Doing postfit: ch3,TTW_jet1_eta_bin2
>> Doing postfit: ch3,TTW_jet1_eta_bin3
>> Doing postfit: ch3,TTW_ooa
>> Doing postfit: ch3,TTZ
>> Doing postfit: ch3,VVV
>> Doing postfit: ch3,WZ
>> Doing postfit: ch3,ZZ
>> Doing postfit: ch3,data_fakes
>> Doing postfit: ch3,tHW
>> Doing postfit: ch3,tHq
>> Doing postfit: ch3,tZq
>> Doing postfit: ch3,ttH
>> Doing postfit: ch3,ttVV
>> Doing postfit: ch3,TotalBkg
>> Doing postfit: ch3,TotalSig
>> Doing postfit: ch3,TotalProcs
>> Doing postfit: ch4,Convs
>> Doing postfit: ch4,Rares
>> Doing postfit: ch4,TTW_jet1_eta_bin0
>> Doing postfit: ch4,TTW_jet1_eta_bin1
>> Doing postfit: ch4,TTW_jet1_eta_bin2
>> Doing postfit: ch4,TTW_jet1_eta_bin3
>> Doing postfit: ch4,TTW_ooa
>> Doing postfit: ch4,TTZ
>> Doing postfit: ch4,VVV
>> Doing postfit: ch4,WZ
>> Doing postfit: ch4,ZZ
>> Doing postfit: ch4,data_fakes
>> Doing postfit: ch4,data_flips
>> Doing postfit: ch4,tHW
>> Doing postfit: ch4,tHq
>> Doing postfit: ch4,tZq
>> Doing postfit: ch4,ttH
>> Doing postfit: ch4,ttVV
>> Doing postfit: ch4,TotalBkg
>> Doing postfit: ch4,TotalSig
>> Doing postfit: ch4,TotalProcs
>> Doing postfit: ch5,Convs
>> Doing postfit: ch5,Rares
>> Doing postfit: ch5,TTW_jet1_eta_bin0
>> Doing postfit: ch5,TTW_jet1_eta_bin1
>> Doing postfit: ch5,TTW_jet1_eta_bin2
>> Doing postfit: ch5,TTW_jet1_eta_bin3
>> Doing postfit: ch5,TTW_ooa
>> Doing postfit: ch5,TTZ
>> Doing postfit: ch5,VVV
>> Doing postfit: ch5,WZ
>> Doing postfit: ch5,ZZ
>> Doing postfit: ch5,data_fakes
>> Doing postfit: ch5,data_flips
>> Doing postfit: ch5,tHW
>> Doing postfit: ch5,tHq
>> Doing postfit: ch5,tZq
>> Doing postfit: ch5,ttH
>> Doing postfit: ch5,ttVV
>> Doing postfit: ch5,TotalBkg
>> Doing postfit: ch5,TotalSig
>> Doing postfit: ch5,TotalProcs
>> Doing postfit: ch6,Rares
>> Doing postfit: ch6,TTW_jet1_eta_bin0
>> Doing postfit: ch6,TTW_jet1_eta_bin1
>> Doing postfit: ch6,TTW_jet1_eta_bin2
>> Doing postfit: ch6,TTW_jet1_eta_bin3
>> Doing postfit: ch6,TTW_ooa
>> Doing postfit: ch6,TTZ
>> Doing postfit: ch6,VVV
>> Doing postfit: ch6,WZ
>> Doing postfit: ch6,ZZ
>> Doing postfit: ch6,data_fakes
>> Doing postfit: ch6,tHW
>> Doing postfit: ch6,tHq
>> Doing postfit: ch6,tZq
>> Doing postfit: ch6,ttH
>> Doing postfit: ch6,ttVV
>> Doing postfit: ch6,TotalBkg
>> Doing postfit: ch6,TotalSig
>> Doing postfit: ch6,TotalProcs
>> Doing postfit: ch7,Convs
>> Doing postfit: ch7,Rares
>> Doing postfit: ch7,TTW_jet1_eta_bin0
>> Doing postfit: ch7,TTW_jet1_eta_bin1
>> Doing postfit: ch7,TTW_jet1_eta_bin2
>> Doing postfit: ch7,TTW_jet1_eta_bin3
>> Doing postfit: ch7,TTW_ooa
>> Doing postfit: ch7,TTZ
>> Doing postfit: ch7,VVV
>> Doing postfit: ch7,WZ
>> Doing postfit: ch7,ZZ
>> Doing postfit: ch7,data_fakes
>> Doing postfit: ch7,data_flips
>> Doing postfit: ch7,tHW
>> Doing postfit: ch7,tHq
>> Doing postfit: ch7,tZq
>> Doing postfit: ch7,ttH
>> Doing postfit: ch7,ttVV
>> Doing postfit: ch7,TotalBkg
>> Doing postfit: ch7,TotalSig
>> Doing postfit: ch7,TotalProcs
>> Doing postfit: ch8,Convs
>> Doing postfit: ch8,Rares
>> Doing postfit: ch8,TTW_jet1_eta_bin0
>> Doing postfit: ch8,TTW_jet1_eta_bin1
>> Doing postfit: ch8,TTW_jet1_eta_bin2
>> Doing postfit: ch8,TTW_jet1_eta_bin3
>> Doing postfit: ch8,TTW_ooa
>> Doing postfit: ch8,TTZ
>> Doing postfit: ch8,VVV
>> Doing postfit: ch8,WZ
>> Doing postfit: ch8,ZZ
>> Doing postfit: ch8,data_fakes
>> Doing postfit: ch8,data_flips
>> Doing postfit: ch8,tHW
>> Doing postfit: ch8,tHq
>> Doing postfit: ch8,tZq
>> Doing postfit: ch8,ttH
>> Doing postfit: ch8,ttVV
>> Doing postfit: ch8,TotalBkg
>> Doing postfit: ch8,TotalSig
>> Doing postfit: ch8,TotalProcs
>> Doing postfit: ch9,Rares
>> Doing postfit: ch9,TTW_jet1_eta_bin0
>> Doing postfit: ch9,TTW_jet1_eta_bin1
>> Doing postfit: ch9,TTW_jet1_eta_bin2
>> Doing postfit: ch9,TTW_jet1_eta_bin3
>> Doing postfit: ch9,TTW_ooa
>> Doing postfit: ch9,TTZ
>> Doing postfit: ch9,VVV
>> Doing postfit: ch9,WZ
>> Doing postfit: ch9,ZZ
>> Doing postfit: ch9,data_fakes
>> Doing postfit: ch9,tHW
>> Doing postfit: ch9,tHq
>> Doing postfit: ch9,tZq
>> Doing postfit: ch9,ttH
>> Doing postfit: ch9,ttVV
>> Doing postfit: ch9,TotalBkg
>> Doing postfit: ch9,TotalSig
>> Doing postfit: ch9,TotalProcs

Bin                       Total relative bkg uncert. (postfit)
----------------------------------------------------------
ch1                       0.09142   
ch10                      0.09823   
ch11                      0.06495   
ch12                      0.07623   
ch2                       0.07817   
ch3                       0.08695   
ch4                       0.12540   
ch5                       0.07945   
ch6                       0.39065   
ch7                       0.09541   
ch8                       0.08311   
ch9                       0.08593   

Bin                       Process              Scale factor
----------------------------------------------------------
ch1                       Convs                1.12828   
ch1                       Rares                1.38302   
ch1                       TTW_jet1_eta_bin0    1.03101   
ch1                       TTW_jet1_eta_bin1    1.21958   
ch1                       TTW_jet1_eta_bin2    1.53553   
ch1                       TTW_jet1_eta_bin3    1.28314   
ch1                       TTW_ooa              1.12307   
ch1                       TTZ                  1.18759   
ch1                       VVV                  1.31061   
ch1                       WZ                   1.05754   
ch1                       ZZ                   1.49746   
ch1                       data_fakes           1.45059   
ch1                       data_flips           1.00185   
ch1                       tHW                  1.06315   
ch1                       tHq                  1.07807   
ch1                       tZq                  1.12097   
ch1                       ttH                  1.06536   
ch1                       ttVV                 1.07054   
ch10                      Convs                1.03797   
ch10                      Rares                1.31385   
ch10                      TTW_jet1_eta_bin0    0.99970   
ch10                      TTW_jet1_eta_bin1    1.18275   
ch10                      TTW_jet1_eta_bin2    1.50089   
ch10                      TTW_jet1_eta_bin3    1.27544   
ch10                      TTW_ooa              1.03927   
ch10                      TTZ                  1.21849   
ch10                      VVV                  1.06063   
ch10                      WZ                   0.94135   
ch10                      ZZ                   1.18813   
ch10                      data_fakes           1.63680   
ch10                      data_flips           1.00181   
ch10                      tHW                  1.01021   
ch10                      tHq                  1.04352   
ch10                      tZq                  1.14247   
ch10                      ttH                  1.04358   
ch10                      ttVV                 1.04744   
ch11                      Convs                1.04901   
ch11                      Rares                1.22883   
ch11                      TTW_jet1_eta_bin0    0.97324   
ch11                      TTW_jet1_eta_bin1    1.15954   
ch11                      TTW_jet1_eta_bin2    1.46210   
ch11                      TTW_jet1_eta_bin3    1.22788   
ch11                      TTW_ooa              1.01982   
ch11                      TTZ                  1.18921   
ch11                      VVV                  1.25402   
ch11                      WZ                   1.00363   
ch11                      ZZ                   1.35147   
ch11                      data_fakes           1.28348   
ch11                      data_flips           1.00155   
ch11                      tHW                  1.01915   
ch11                      tHq                  1.00865   
ch11                      tZq                  1.04468   
ch11                      ttH                  1.01033   
ch11                      ttVV                 1.02169   
ch12                      Rares                1.34807   
ch12                      TTW_jet1_eta_bin0    0.94438   
ch12                      TTW_jet1_eta_bin1    1.12580   
ch12                      TTW_jet1_eta_bin2    1.42810   
ch12                      TTW_jet1_eta_bin3    1.20810   
ch12                      TTW_ooa              0.97237   
ch12                      TTZ                  1.10358   
ch12                      VVV                  1.23245   
ch12                      WZ                   1.00083   
ch12                      ZZ                   1.19558   
ch12                      data_fakes           1.14914   
ch12                      tHW                  0.98751   
ch12                      tHq                  0.98323   
ch12                      tZq                  1.10330   
ch12                      ttH                  0.99820   
ch12                      ttVV                 0.98889   
ch2                       Convs                1.01840   
ch2                       Rares                1.30454   
ch2                       TTW_jet1_eta_bin0    0.98085   
ch2                       TTW_jet1_eta_bin1    1.19212   
ch2                       TTW_jet1_eta_bin2    1.49213   
ch2                       TTW_jet1_eta_bin3    1.26162   
ch2                       TTW_ooa              1.05430   
ch2                       TTZ                  1.14601   
ch2                       VVV                  1.27334   
ch2                       WZ                   1.01498   
ch2                       ZZ                   1.30430   
ch2                       data_fakes           1.33992   
ch2                       data_flips           1.00168   
ch2                       tHW                  1.01565   
ch2                       tHq                  1.02538   
ch2                       tZq                  1.10160   
ch2                       ttH                  1.03132   
ch2                       ttVV                 1.02857   
ch3                       Rares                1.44134   
ch3                       TTW_jet1_eta_bin0    0.95552   
ch3                       TTW_jet1_eta_bin1    1.13268   
ch3                       TTW_jet1_eta_bin2    1.43983   
ch3                       TTW_jet1_eta_bin3    1.21664   
ch3                       TTW_ooa              1.00579   
ch3                       TTZ                  1.13082   
ch3                       VVV                  1.05196   
ch3                       WZ                   0.96687   
ch3                       ZZ                   1.45607   
ch3                       data_fakes           1.11222   
ch3                       tHW                  0.99139   
ch3                       tHq                  0.99769   
ch3                       tZq                  1.04709   
ch3                       ttH                  1.00409   
ch3                       ttVV                 0.99724   
ch4                       Convs                0.86547   
ch4                       Rares                1.33648   
ch4                       TTW_jet1_eta_bin0    1.02336   
ch4                       TTW_jet1_eta_bin1    1.21852   
ch4                       TTW_jet1_eta_bin2    1.56778   
ch4                       TTW_jet1_eta_bin3    1.32346   
ch4                       TTW_ooa              1.08215   
ch4                       TTZ                  1.20463   
ch4                       VVV                  1.45443   
ch4                       WZ                   1.24188   
ch4                       ZZ                   1.64980   
ch4                       data_fakes           1.73186   
ch4                       data_flips           1.00230   
ch4                       tHW                  1.09913   
ch4                       tHq                  1.10837   
ch4                       tZq                  1.22853   
ch4                       ttH                  1.10079   
ch4                       ttVV                 1.07231   
ch5                       Convs                0.97723   
ch5                       Rares                1.32964   
ch5                       TTW_jet1_eta_bin0    0.99439   
ch5                       TTW_jet1_eta_bin1    1.18596   
ch5                       TTW_jet1_eta_bin2    1.51806   
ch5                       TTW_jet1_eta_bin3    1.28947   
ch5                       TTW_ooa              1.08649   
ch5                       TTZ                  1.15153   
ch5                       VVV                  1.54859   
ch5                       WZ                   1.21154   
ch5                       ZZ                   1.58457   
ch5                       data_fakes           1.26466   
ch5                       data_flips           1.00151   
ch5                       tHW                  1.07151   
ch5                       tHq                  1.06023   
ch5                       tZq                  1.13332   
ch5                       ttH                  1.06583   
ch5                       ttVV                 1.04430   
ch6                       Rares                1.23535   
ch6                       TTW_jet1_eta_bin0    0.97191   
ch6                       TTW_jet1_eta_bin1    1.16163   
ch6                       TTW_jet1_eta_bin2    1.47863   
ch6                       TTW_jet1_eta_bin3    1.23280   
ch6                       TTW_ooa              1.05326   
ch6                       TTZ                  1.12233   
ch6                       VVV                  3.71541   
ch6                       WZ                   1.12178   
ch6                       ZZ                   1.60480   
ch6                       data_fakes           1.09284   
ch6                       tHW                  1.03499   
ch6                       tHq                  1.05075   
ch6                       tZq                  1.12040   
ch6                       ttH                  1.01396   
ch6                       ttVV                 1.01397   
ch7                       Convs                0.88792   
ch7                       Rares                1.24576   
ch7                       TTW_jet1_eta_bin0    0.99726   
ch7                       TTW_jet1_eta_bin1    1.20284   
ch7                       TTW_jet1_eta_bin2    1.50000   
ch7                       TTW_jet1_eta_bin3    1.27841   
ch7                       TTW_ooa              1.07529   
ch7                       TTZ                  1.12782   
ch7                       VVV                  1.26591   
ch7                       WZ                   0.98275   
ch7                       ZZ                   1.14902   
ch7                       data_fakes           1.44520   
ch7                       data_flips           1.00140   
ch7                       tHW                  1.04661   
ch7                       tHq                  1.04308   
ch7                       tZq                  1.16855   
ch7                       ttH                  1.06192   
ch7                       ttVV                 1.06085   
ch8                       Convs                1.09921   
ch8                       Rares                1.32055   
ch8                       TTW_jet1_eta_bin0    0.98336   
ch8                       TTW_jet1_eta_bin1    1.17853   
ch8                       TTW_jet1_eta_bin2    1.49352   
ch8                       TTW_jet1_eta_bin3    1.27138   
ch8                       TTW_ooa              1.03769   
ch8                       TTZ                  1.16591   
ch8                       VVV                  1.24026   
ch8                       WZ                   1.00443   
ch8                       ZZ                   1.25371   
ch8                       data_fakes           1.30735   
ch8                       data_flips           1.00153   
ch8                       tHW                  1.02880   
ch8                       tHq                  1.02979   
ch8                       tZq                  1.09815   
ch8                       ttH                  1.03738   
ch8                       ttVV                 1.03523   
ch9                       Rares                1.16684   
ch9                       TTW_jet1_eta_bin0    0.95448   
ch9                       TTW_jet1_eta_bin1    1.14862   
ch9                       TTW_jet1_eta_bin2    1.46098   
ch9                       TTW_jet1_eta_bin3    1.22192   
ch9                       TTW_ooa              1.00916   
ch9                       TTZ                  1.11154   
ch9                       VVV                  1.23209   
ch9                       WZ                   0.96131   
ch9                       ZZ                   1.06684   
ch9                       data_fakes           1.09654   
ch9                       tHW                  1.00067   
ch9                       tHq                  0.99153   
ch9                       tZq                  1.10191   
ch9                       ttH                  1.00612   
ch9                       ttVV                 1.00766   
