/mnt_pool/c3_users/user/cvico/WorkSpace/ttw-differential/cmssw-aug2024/CMSSW_10_4_0/src/CMGTools/TTHAnalysis/python/plotter/cards/cards/22Aug/unblinded/cr_nonprompt/lep2_eta
WARNING: the default behaviour of PostFitShapesFromWorkspace is to use the covariance matrix sampling method for the post-fit uncertainty. The option --sampling is deprecated and will be removed in future versions of CombineHarvester
[SetFlag] Changing value of flag "workspaces-use-clone" from 0 to 1
[#1] INFO:ObjectHandling -- RooWorkspace::import(w) importing dataset ch1
[#1] INFO:ObjectHandling -- RooWorkspace::import(w) importing dataset ch2
[#1] INFO:ObjectHandling -- RooWorkspace::import(w) importing dataset ch3
[#1] INFO:ObjectHandling -- RooWorkspace::import(w) importing dataset ch4
[SetFlag] Changing value of flag "workspaces-use-clone" from 0 to 1
>> Doing prefit: TotalBkg
>> Doing prefit: TotalSig
>> Doing prefit: TotalProcs
>> Doing prefit: ch1,Convs
>> Doing prefit: ch1,Rares
>> Doing prefit: ch1,TTW_lep2_eta_bin0
>> Doing prefit: ch1,TTW_lep2_eta_bin1
>> Doing prefit: ch1,TTW_lep2_eta_bin2
>> Doing prefit: ch1,TTW_lep2_eta_bin3
>> Doing prefit: ch1,TTW_ooa
>> Doing prefit: ch1,TTZ
>> Doing prefit: ch1,VVV
>> Doing prefit: ch1,WZ
>> Doing prefit: ch1,ZZ
>> Doing prefit: ch1,data_fakes
>> Doing prefit: ch1,data_flips
>> Doing prefit: ch1,tHW
>> Doing prefit: ch1,tHq
>> Doing prefit: ch1,tZq
>> Doing prefit: ch1,ttH
>> Doing prefit: ch1,ttVV
>> Doing prefit: ch1,TotalBkg
>> Doing prefit: ch1,TotalSig
>> Doing prefit: ch1,TotalProcs
>> Doing prefit: ch2,Convs
>> Doing prefit: ch2,Rares
>> Doing prefit: ch2,TTW_lep2_eta_bin0
>> Doing prefit: ch2,TTW_lep2_eta_bin1
>> Doing prefit: ch2,TTW_lep2_eta_bin2
>> Doing prefit: ch2,TTW_lep2_eta_bin3
>> Doing prefit: ch2,TTW_ooa
>> Doing prefit: ch2,TTZ
>> Doing prefit: ch2,VVV
>> Doing prefit: ch2,WZ
>> Doing prefit: ch2,ZZ
>> Doing prefit: ch2,data_fakes
>> Doing prefit: ch2,data_flips
>> Doing prefit: ch2,tHW
>> Doing prefit: ch2,tHq
>> Doing prefit: ch2,tZq
>> Doing prefit: ch2,ttH
>> Doing prefit: ch2,ttVV
>> Doing prefit: ch2,TotalBkg
>> Doing prefit: ch2,TotalSig
>> Doing prefit: ch2,TotalProcs
>> Doing prefit: ch3,Convs
>> Doing prefit: ch3,Rares
>> Doing prefit: ch3,TTW_lep2_eta_bin0
>> Doing prefit: ch3,TTW_lep2_eta_bin1
>> Doing prefit: ch3,TTW_lep2_eta_bin2
>> Doing prefit: ch3,TTW_lep2_eta_bin3
>> Doing prefit: ch3,TTW_ooa
>> Doing prefit: ch3,TTZ
>> Doing prefit: ch3,VVV
>> Doing prefit: ch3,WZ
>> Doing prefit: ch3,ZZ
>> Doing prefit: ch3,data_fakes
>> Doing prefit: ch3,data_flips
>> Doing prefit: ch3,tHW
>> Doing prefit: ch3,tHq
>> Doing prefit: ch3,tZq
>> Doing prefit: ch3,ttH
>> Doing prefit: ch3,ttVV
>> Doing prefit: ch3,TotalBkg
>> Doing prefit: ch3,TotalSig
>> Doing prefit: ch3,TotalProcs
>> Doing prefit: ch4,Convs
>> Doing prefit: ch4,Rares
>> Doing prefit: ch4,TTW_lep2_eta_bin0
>> Doing prefit: ch4,TTW_lep2_eta_bin1
>> Doing prefit: ch4,TTW_lep2_eta_bin2
>> Doing prefit: ch4,TTW_lep2_eta_bin3
>> Doing prefit: ch4,TTW_ooa
>> Doing prefit: ch4,TTZ
>> Doing prefit: ch4,VVV
>> Doing prefit: ch4,WZ
>> Doing prefit: ch4,ZZ
>> Doing prefit: ch4,data_fakes
>> Doing prefit: ch4,data_flips
>> Doing prefit: ch4,tHW
>> Doing prefit: ch4,tHq
>> Doing prefit: ch4,tZq
>> Doing prefit: ch4,ttH
>> Doing prefit: ch4,ttVV
>> Doing prefit: ch4,TotalBkg
>> Doing prefit: ch4,TotalSig
>> Doing prefit: ch4,TotalProcs
Bin                       Total relative bkg uncert. (prefit)
----------------------------------------------------------
ch1                       0.14526   
ch2                       0.14891   
ch3                       0.15099   
ch4                       0.13862   
>> Doing postfit: TotalBkg
>> Doing postfit: TotalSig
>> Doing postfit: TotalProcs
>> Doing postfit: ch1,Convs
>> Doing postfit: ch1,Rares
>> Doing postfit: ch1,TTW_lep2_eta_bin0
>> Doing postfit: ch1,TTW_lep2_eta_bin1
>> Doing postfit: ch1,TTW_lep2_eta_bin2
>> Doing postfit: ch1,TTW_lep2_eta_bin3
>> Doing postfit: ch1,TTW_ooa
>> Doing postfit: ch1,TTZ
>> Doing postfit: ch1,VVV
>> Doing postfit: ch1,WZ
>> Doing postfit: ch1,ZZ
>> Doing postfit: ch1,data_fakes
>> Doing postfit: ch1,data_flips
>> Doing postfit: ch1,tHW
>> Doing postfit: ch1,tHq
>> Doing postfit: ch1,tZq
>> Doing postfit: ch1,ttH
>> Doing postfit: ch1,ttVV
>> Doing postfit: ch1,TotalBkg
>> Doing postfit: ch1,TotalSig
>> Doing postfit: ch1,TotalProcs
>> Doing postfit: ch2,Convs
>> Doing postfit: ch2,Rares
>> Doing postfit: ch2,TTW_lep2_eta_bin0
>> Doing postfit: ch2,TTW_lep2_eta_bin1
>> Doing postfit: ch2,TTW_lep2_eta_bin2
>> Doing postfit: ch2,TTW_lep2_eta_bin3
>> Doing postfit: ch2,TTW_ooa
>> Doing postfit: ch2,TTZ
>> Doing postfit: ch2,VVV
>> Doing postfit: ch2,WZ
>> Doing postfit: ch2,ZZ
>> Doing postfit: ch2,data_fakes
>> Doing postfit: ch2,data_flips
>> Doing postfit: ch2,tHW
>> Doing postfit: ch2,tHq
>> Doing postfit: ch2,tZq
>> Doing postfit: ch2,ttH
>> Doing postfit: ch2,ttVV
>> Doing postfit: ch2,TotalBkg
>> Doing postfit: ch2,TotalSig
>> Doing postfit: ch2,TotalProcs
>> Doing postfit: ch3,Convs
>> Doing postfit: ch3,Rares
>> Doing postfit: ch3,TTW_lep2_eta_bin0
>> Doing postfit: ch3,TTW_lep2_eta_bin1
>> Doing postfit: ch3,TTW_lep2_eta_bin2
>> Doing postfit: ch3,TTW_lep2_eta_bin3
>> Doing postfit: ch3,TTW_ooa
>> Doing postfit: ch3,TTZ
>> Doing postfit: ch3,VVV
>> Doing postfit: ch3,WZ
>> Doing postfit: ch3,ZZ
>> Doing postfit: ch3,data_fakes
>> Doing postfit: ch3,data_flips
>> Doing postfit: ch3,tHW
>> Doing postfit: ch3,tHq
>> Doing postfit: ch3,tZq
>> Doing postfit: ch3,ttH
>> Doing postfit: ch3,ttVV
>> Doing postfit: ch3,TotalBkg
>> Doing postfit: ch3,TotalSig
>> Doing postfit: ch3,TotalProcs
>> Doing postfit: ch4,Convs
>> Doing postfit: ch4,Rares
>> Doing postfit: ch4,TTW_lep2_eta_bin0
>> Doing postfit: ch4,TTW_lep2_eta_bin1
>> Doing postfit: ch4,TTW_lep2_eta_bin2
>> Doing postfit: ch4,TTW_lep2_eta_bin3
>> Doing postfit: ch4,TTW_ooa
>> Doing postfit: ch4,TTZ
>> Doing postfit: ch4,VVV
>> Doing postfit: ch4,WZ
>> Doing postfit: ch4,ZZ
>> Doing postfit: ch4,data_fakes
>> Doing postfit: ch4,data_flips
>> Doing postfit: ch4,tHW
>> Doing postfit: ch4,tHq
>> Doing postfit: ch4,tZq
>> Doing postfit: ch4,ttH
>> Doing postfit: ch4,ttVV
>> Doing postfit: ch4,TotalBkg
>> Doing postfit: ch4,TotalSig
>> Doing postfit: ch4,TotalProcs

Bin                       Total relative bkg uncert. (postfit)
----------------------------------------------------------
ch1                       0.13153   
ch2                       0.12529   
ch3                       0.12017   
ch4                       0.10547   

Bin                       Process              Scale factor
----------------------------------------------------------
ch1                       Convs                1.34619   
ch1                       Rares                2.63477   
ch1                       TTW_lep2_eta_bin0    1.12883   
ch1                       TTW_lep2_eta_bin1    1.48445   
ch1                       TTW_lep2_eta_bin2    1.43965   
ch1                       TTW_lep2_eta_bin3    1.49886   
ch1                       TTW_ooa              1.03882   
ch1                       TTZ                  1.10147   
ch1                       VVV                  1.32971   
ch1                       WZ                   1.12457   
ch1                       ZZ                   1.40689   
ch1                       data_fakes           1.09945   
ch1                       data_flips           1.02700   
ch1                       tHW                  1.09381   
ch1                       tHq                  1.05989   
ch1                       tZq                  1.15859   
ch1                       ttH                  1.00171   
ch1                       ttVV                 1.01915   
ch2                       Convs                1.26636   
ch2                       Rares                2.51687   
ch2                       TTW_lep2_eta_bin0    1.15449   
ch2                       TTW_lep2_eta_bin1    1.43881   
ch2                       TTW_lep2_eta_bin2    1.32256   
ch2                       TTW_lep2_eta_bin3    1.50045   
ch2                       TTW_ooa              1.00136   
ch2                       TTZ                  1.08949   
ch2                       VVV                  1.17600   
ch2                       WZ                   0.86574   
ch2                       ZZ                   1.09068   
ch2                       data_fakes           1.06072   
ch2                       data_flips           1.02692   
ch2                       tHW                  1.04616   
ch2                       tHq                  1.01679   
ch2                       tZq                  1.09028   
ch2                       ttH                  0.95660   
ch2                       ttVV                 0.98649   
ch3                       Convs                1.42112   
ch3                       Rares                1.58392   
ch3                       TTW_lep2_eta_bin0    1.12312   
ch3                       TTW_lep2_eta_bin1    1.44383   
ch3                       TTW_lep2_eta_bin2    1.41603   
ch3                       TTW_lep2_eta_bin3    1.43091   
ch3                       TTW_ooa              1.01667   
ch3                       TTZ                  1.08062   
ch3                       VVV                  1.21232   
ch3                       WZ                   0.81892   
ch3                       ZZ                   1.15152   
ch3                       data_fakes           1.05007   
ch3                       data_flips           1.02651   
ch3                       tHW                  0.96532   
ch3                       tHq                  1.03409   
ch3                       tZq                  1.06578   
ch3                       ttH                  1.02560   
ch3                       ttVV                 1.02665   
ch4                       Convs                1.57441   
ch4                       Rares                1.46893   
ch4                       TTW_lep2_eta_bin0    1.14016   
ch4                       TTW_lep2_eta_bin1    1.47704   
ch4                       TTW_lep2_eta_bin2    1.44722   
ch4                       TTW_lep2_eta_bin3    1.41927   
ch4                       TTW_ooa              1.01564   
ch4                       TTZ                  1.10878   
ch4                       VVV                  1.24677   
ch4                       WZ                   0.78696   
ch4                       ZZ                   1.15913   
ch4                       data_fakes           1.06532   
ch4                       data_flips           1.02669   
ch4                       tHW                  0.99670   
ch4                       tHq                  0.96336   
ch4                       tZq                  1.06479   
ch4                       ttH                  1.00627   
ch4                       ttVV                 1.03485   
