WARNING: the default behaviour of PostFitShapesFromWorkspace is to use the covariance matrix sampling method for the post-fit uncertainty. The option --sampling is deprecated and will be removed in future versions of CombineHarvester
[SetFlag] Changing value of flag "workspaces-use-clone" from 0 to 1
[#1] INFO:ObjectHandling -- RooWorkspace::import(w) importing dataset ch1
[#1] INFO:ObjectHandling -- RooWorkspace::import(w) importing dataset ch2
[#1] INFO:ObjectHandling -- RooWorkspace::import(w) importing dataset ch3
[#1] INFO:ObjectHandling -- RooWorkspace::import(w) importing dataset ch4
[SetFlag] Changing value of flag "workspaces-use-clone" from 0 to 1
>> Doing prefit: TotalBkg
>> Doing prefit: TotalSig
>> Doing prefit: TotalProcs
>> Doing prefit: ch1,Convs
>> Doing prefit: ch1,Rares
>> Doing prefit: ch1,TTW_HT_bin0
>> Doing prefit: ch1,TTW_HT_bin1
>> Doing prefit: ch1,TTW_HT_bin2
>> Doing prefit: ch1,TTW_HT_bin3
>> Doing prefit: ch1,TTW_ooa
>> Doing prefit: ch1,TTZ
>> Doing prefit: ch1,VVV
>> Doing prefit: ch1,WZ
>> Doing prefit: ch1,ZZ
>> Doing prefit: ch1,data_fakes
>> Doing prefit: ch1,data_flips
>> Doing prefit: ch1,tHW
>> Doing prefit: ch1,tHq
>> Doing prefit: ch1,tZq
>> Doing prefit: ch1,ttH
>> Doing prefit: ch1,ttVV
>> Doing prefit: ch1,TotalBkg
>> Doing prefit: ch1,TotalSig
>> Doing prefit: ch1,TotalProcs
>> Doing prefit: ch2,Convs
>> Doing prefit: ch2,Rares
>> Doing prefit: ch2,TTW_HT_bin0
>> Doing prefit: ch2,TTW_HT_bin1
>> Doing prefit: ch2,TTW_HT_bin2
>> Doing prefit: ch2,TTW_HT_bin3
>> Doing prefit: ch2,TTW_ooa
>> Doing prefit: ch2,TTZ
>> Doing prefit: ch2,VVV
>> Doing prefit: ch2,WZ
>> Doing prefit: ch2,ZZ
>> Doing prefit: ch2,data_fakes
>> Doing prefit: ch2,data_flips
>> Doing prefit: ch2,tHW
>> Doing prefit: ch2,tHq
>> Doing prefit: ch2,tZq
>> Doing prefit: ch2,ttH
>> Doing prefit: ch2,ttVV
>> Doing prefit: ch2,TotalBkg
>> Doing prefit: ch2,TotalSig
>> Doing prefit: ch2,TotalProcs
>> Doing prefit: ch3,Convs
>> Doing prefit: ch3,Rares
>> Doing prefit: ch3,TTW_HT_bin0
>> Doing prefit: ch3,TTW_HT_bin1
>> Doing prefit: ch3,TTW_HT_bin2
>> Doing prefit: ch3,TTW_HT_bin3
>> Doing prefit: ch3,TTW_ooa
>> Doing prefit: ch3,TTZ
>> Doing prefit: ch3,VVV
>> Doing prefit: ch3,WZ
>> Doing prefit: ch3,ZZ
>> Doing prefit: ch3,data_fakes
>> Doing prefit: ch3,data_flips
>> Doing prefit: ch3,tHW
>> Doing prefit: ch3,tHq
>> Doing prefit: ch3,tZq
>> Doing prefit: ch3,ttH
>> Doing prefit: ch3,ttVV
>> Doing prefit: ch3,TotalBkg
>> Doing prefit: ch3,TotalSig
>> Doing prefit: ch3,TotalProcs
>> Doing prefit: ch4,Convs
>> Doing prefit: ch4,Rares
>> Doing prefit: ch4,TTW_HT_bin0
>> Doing prefit: ch4,TTW_HT_bin1
>> Doing prefit: ch4,TTW_HT_bin2
>> Doing prefit: ch4,TTW_HT_bin3
>> Doing prefit: ch4,TTW_ooa
>> Doing prefit: ch4,TTZ
>> Doing prefit: ch4,VVV
>> Doing prefit: ch4,WZ
>> Doing prefit: ch4,ZZ
>> Doing prefit: ch4,data_fakes
>> Doing prefit: ch4,data_flips
>> Doing prefit: ch4,tHW
>> Doing prefit: ch4,tHq
>> Doing prefit: ch4,tZq
>> Doing prefit: ch4,ttH
>> Doing prefit: ch4,ttVV
>> Doing prefit: ch4,TotalBkg
>> Doing prefit: ch4,TotalSig
>> Doing prefit: ch4,TotalProcs
Bin                       Total relative bkg uncert. (prefit)
----------------------------------------------------------
ch1                       0.12823   
ch2                       0.12859   
ch3                       0.13741   
ch4                       0.11489   
>> Doing postfit: TotalBkg
>> Doing postfit: TotalSig
>> Doing postfit: TotalProcs
>> Doing postfit: ch1,Convs
>> Doing postfit: ch1,Rares
>> Doing postfit: ch1,TTW_HT_bin0
>> Doing postfit: ch1,TTW_HT_bin1
>> Doing postfit: ch1,TTW_HT_bin2
>> Doing postfit: ch1,TTW_HT_bin3
>> Doing postfit: ch1,TTW_ooa
>> Doing postfit: ch1,TTZ
>> Doing postfit: ch1,VVV
>> Doing postfit: ch1,WZ
>> Doing postfit: ch1,ZZ
>> Doing postfit: ch1,data_fakes
>> Doing postfit: ch1,data_flips
>> Doing postfit: ch1,tHW
>> Doing postfit: ch1,tHq
>> Doing postfit: ch1,tZq
>> Doing postfit: ch1,ttH
>> Doing postfit: ch1,ttVV
>> Doing postfit: ch1,TotalBkg
>> Doing postfit: ch1,TotalSig
>> Doing postfit: ch1,TotalProcs
>> Doing postfit: ch2,Convs
>> Doing postfit: ch2,Rares
>> Doing postfit: ch2,TTW_HT_bin0
>> Doing postfit: ch2,TTW_HT_bin1
>> Doing postfit: ch2,TTW_HT_bin2
>> Doing postfit: ch2,TTW_HT_bin3
>> Doing postfit: ch2,TTW_ooa
>> Doing postfit: ch2,TTZ
>> Doing postfit: ch2,VVV
>> Doing postfit: ch2,WZ
>> Doing postfit: ch2,ZZ
>> Doing postfit: ch2,data_fakes
>> Doing postfit: ch2,data_flips
>> Doing postfit: ch2,tHW
>> Doing postfit: ch2,tHq
>> Doing postfit: ch2,tZq
>> Doing postfit: ch2,ttH
>> Doing postfit: ch2,ttVV
>> Doing postfit: ch2,TotalBkg
>> Doing postfit: ch2,TotalSig
>> Doing postfit: ch2,TotalProcs
>> Doing postfit: ch3,Convs
>> Doing postfit: ch3,Rares
>> Doing postfit: ch3,TTW_HT_bin0
>> Doing postfit: ch3,TTW_HT_bin1
>> Doing postfit: ch3,TTW_HT_bin2
>> Doing postfit: ch3,TTW_HT_bin3
>> Doing postfit: ch3,TTW_ooa
>> Doing postfit: ch3,TTZ
>> Doing postfit: ch3,VVV
>> Doing postfit: ch3,WZ
>> Doing postfit: ch3,ZZ
>> Doing postfit: ch3,data_fakes
>> Doing postfit: ch3,data_flips
>> Doing postfit: ch3,tHW
>> Doing postfit: ch3,tHq
>> Doing postfit: ch3,tZq
>> Doing postfit: ch3,ttH
>> Doing postfit: ch3,ttVV
>> Doing postfit: ch3,TotalBkg
>> Doing postfit: ch3,TotalSig
>> Doing postfit: ch3,TotalProcs
>> Doing postfit: ch4,Convs
>> Doing postfit: ch4,Rares
>> Doing postfit: ch4,TTW_HT_bin0
>> Doing postfit: ch4,TTW_HT_bin1
>> Doing postfit: ch4,TTW_HT_bin2
>> Doing postfit: ch4,TTW_HT_bin3
>> Doing postfit: ch4,TTW_ooa
>> Doing postfit: ch4,TTZ
>> Doing postfit: ch4,VVV
>> Doing postfit: ch4,WZ
>> Doing postfit: ch4,ZZ
>> Doing postfit: ch4,data_fakes
>> Doing postfit: ch4,data_flips
>> Doing postfit: ch4,tHW
>> Doing postfit: ch4,tHq
>> Doing postfit: ch4,tZq
>> Doing postfit: ch4,ttH
>> Doing postfit: ch4,ttVV
>> Doing postfit: ch4,TotalBkg
>> Doing postfit: ch4,TotalSig
>> Doing postfit: ch4,TotalProcs

Bin                       Total relative bkg uncert. (postfit)
----------------------------------------------------------
ch1                       0.08999   
ch2                       0.08938   
ch3                       0.09077   
ch4                       0.07643   

Bin                       Process              Scale factor
----------------------------------------------------------
ch1                       Convs                1.11734   
ch1                       Rares                1.22676   
ch1                       TTW_HT_bin0          0.99338   
ch1                       TTW_HT_bin1          0.99149   
ch1                       TTW_HT_bin2          1.03418   
ch1                       TTW_HT_bin3          0.93767   
ch1                       TTW_ooa              1.01729   
ch1                       TTZ                  1.13810   
ch1                       VVV                  1.39273   
ch1                       WZ                   0.93211   
ch1                       ZZ                   1.30368   
ch1                       data_fakes           1.22626   
ch1                       data_flips           0.92972   
ch1                       tHW                  1.00349   
ch1                       tHq                  1.01224   
ch1                       tZq                  1.07530   
ch1                       ttH                  1.02465   
ch1                       ttVV                 1.01472   
ch2                       Convs                0.97404   
ch2                       Rares                1.15200   
ch2                       TTW_HT_bin0          0.98636   
ch2                       TTW_HT_bin1          0.97309   
ch2                       TTW_HT_bin2          1.00101   
ch2                       TTW_HT_bin3          1.01893   
ch2                       TTW_ooa              1.02430   
ch2                       TTZ                  1.08709   
ch2                       VVV                  1.20982   
ch2                       WZ                   0.82037   
ch2                       ZZ                   1.11196   
ch2                       data_fakes           1.20996   
ch2                       data_flips           0.92930   
ch2                       tHW                  1.01575   
ch2                       tHq                  1.02118   
ch2                       tZq                  1.08949   
ch2                       ttH                  1.02791   
ch2                       ttVV                 1.01496   
ch3                       Convs                1.14142   
ch3                       Rares                1.20321   
ch3                       TTW_HT_bin0          1.01938   
ch3                       TTW_HT_bin1          1.02990   
ch3                       TTW_HT_bin2          0.98285   
ch3                       TTW_HT_bin3          0.93587   
ch3                       TTW_ooa              1.03306   
ch3                       TTZ                  1.20635   
ch3                       VVV                  1.28043   
ch3                       WZ                   0.83659   
ch3                       ZZ                   1.15342   
ch3                       data_fakes           1.23887   
ch3                       data_flips           0.92965   
ch3                       tHW                  1.01360   
ch3                       tHq                  1.02531   
ch3                       tZq                  1.09554   
ch3                       ttH                  1.01961   
ch3                       ttVV                 1.03020   
ch4                       Convs                1.01580   
ch4                       Rares                1.16473   
ch4                       TTW_HT_bin0          1.07437   
ch4                       TTW_HT_bin1          1.04757   
ch4                       TTW_HT_bin2          0.99503   
ch4                       TTW_HT_bin3          1.03407   
ch4                       TTW_ooa              1.04222   
ch4                       TTZ                  1.19222   
ch4                       VVV                  1.24594   
ch4                       WZ                   0.82861   
ch4                       ZZ                   1.12777   
ch4                       data_fakes           1.18625   
ch4                       data_flips           0.92949   
ch4                       tHW                  1.03259   
ch4                       tHq                  1.03168   
ch4                       tZq                  1.09520   
ch4                       ttH                  1.05504   
ch4                       ttVV                 1.04595   
