/mnt_pool/c3_users/user/cvico/WorkSpace/ttw-differential/cmssw-aug2024/CMSSW_10_4_0/src/CMGTools/TTHAnalysis/python/plotter/cards/cards/22Aug/unblinded/cr_nonprompt/HT
WARNING: the default behaviour of PostFitShapesFromWorkspace is to use the covariance matrix sampling method for the post-fit uncertainty. The option --sampling is deprecated and will be removed in future versions of CombineHarvester
[SetFlag] Changing value of flag "workspaces-use-clone" from 0 to 1
[#1] INFO:ObjectHandling -- RooWorkspace::import(w) importing dataset ch1
[#1] INFO:ObjectHandling -- RooWorkspace::import(w) importing dataset ch2
[#1] INFO:ObjectHandling -- RooWorkspace::import(w) importing dataset ch3
[#1] INFO:ObjectHandling -- RooWorkspace::import(w) importing dataset ch4
[SetFlag] Changing value of flag "workspaces-use-clone" from 0 to 1
>> Doing prefit: TotalBkg
>> Doing prefit: TotalSig
>> Doing prefit: TotalProcs
>> Doing prefit: ch1,Convs
>> Doing prefit: ch1,Rares
>> Doing prefit: ch1,TTW_HT_bin0
>> Doing prefit: ch1,TTW_HT_bin1
>> Doing prefit: ch1,TTW_HT_bin2
>> Doing prefit: ch1,TTW_HT_bin3
>> Doing prefit: ch1,TTW_ooa
>> Doing prefit: ch1,TTZ
>> Doing prefit: ch1,VVV
>> Doing prefit: ch1,WZ
>> Doing prefit: ch1,ZZ
>> Doing prefit: ch1,data_fakes
>> Doing prefit: ch1,data_flips
>> Doing prefit: ch1,tHW
>> Doing prefit: ch1,tHq
>> Doing prefit: ch1,tZq
>> Doing prefit: ch1,ttH
>> Doing prefit: ch1,ttVV
>> Doing prefit: ch1,TotalBkg
>> Doing prefit: ch1,TotalSig
>> Doing prefit: ch1,TotalProcs
>> Doing prefit: ch2,Convs
>> Doing prefit: ch2,Rares
>> Doing prefit: ch2,TTW_HT_bin0
>> Doing prefit: ch2,TTW_HT_bin1
>> Doing prefit: ch2,TTW_HT_bin2
>> Doing prefit: ch2,TTW_HT_bin3
>> Doing prefit: ch2,TTW_ooa
>> Doing prefit: ch2,TTZ
>> Doing prefit: ch2,VVV
>> Doing prefit: ch2,WZ
>> Doing prefit: ch2,ZZ
>> Doing prefit: ch2,data_fakes
>> Doing prefit: ch2,data_flips
>> Doing prefit: ch2,tHW
>> Doing prefit: ch2,tHq
>> Doing prefit: ch2,tZq
>> Doing prefit: ch2,ttH
>> Doing prefit: ch2,ttVV
>> Doing prefit: ch2,TotalBkg
>> Doing prefit: ch2,TotalSig
>> Doing prefit: ch2,TotalProcs
>> Doing prefit: ch3,Convs
>> Doing prefit: ch3,Rares
>> Doing prefit: ch3,TTW_HT_bin0
>> Doing prefit: ch3,TTW_HT_bin1
>> Doing prefit: ch3,TTW_HT_bin2
>> Doing prefit: ch3,TTW_HT_bin3
>> Doing prefit: ch3,TTW_ooa
>> Doing prefit: ch3,TTZ
>> Doing prefit: ch3,VVV
>> Doing prefit: ch3,WZ
>> Doing prefit: ch3,ZZ
>> Doing prefit: ch3,data_fakes
>> Doing prefit: ch3,data_flips
>> Doing prefit: ch3,tHW
>> Doing prefit: ch3,tHq
>> Doing prefit: ch3,tZq
>> Doing prefit: ch3,ttH
>> Doing prefit: ch3,ttVV
>> Doing prefit: ch3,TotalBkg
>> Doing prefit: ch3,TotalSig
>> Doing prefit: ch3,TotalProcs
>> Doing prefit: ch4,Convs
>> Doing prefit: ch4,Rares
>> Doing prefit: ch4,TTW_HT_bin0
>> Doing prefit: ch4,TTW_HT_bin1
>> Doing prefit: ch4,TTW_HT_bin2
>> Doing prefit: ch4,TTW_HT_bin3
>> Doing prefit: ch4,TTW_ooa
>> Doing prefit: ch4,TTZ
>> Doing prefit: ch4,VVV
>> Doing prefit: ch4,WZ
>> Doing prefit: ch4,ZZ
>> Doing prefit: ch4,data_fakes
>> Doing prefit: ch4,data_flips
>> Doing prefit: ch4,tHW
>> Doing prefit: ch4,tHq
>> Doing prefit: ch4,tZq
>> Doing prefit: ch4,ttH
>> Doing prefit: ch4,ttVV
>> Doing prefit: ch4,TotalBkg
>> Doing prefit: ch4,TotalSig
>> Doing prefit: ch4,TotalProcs
Bin                       Total relative bkg uncert. (prefit)
----------------------------------------------------------
ch1                       0.16361   
ch2                       0.14765   
ch3                       0.14836   
ch4                       0.13860   
>> Doing postfit: TotalBkg
>> Doing postfit: TotalSig
>> Doing postfit: TotalProcs
>> Doing postfit: ch1,Convs
>> Doing postfit: ch1,Rares
>> Doing postfit: ch1,TTW_HT_bin0
>> Doing postfit: ch1,TTW_HT_bin1
>> Doing postfit: ch1,TTW_HT_bin2
>> Doing postfit: ch1,TTW_HT_bin3
>> Doing postfit: ch1,TTW_ooa
>> Doing postfit: ch1,TTZ
>> Doing postfit: ch1,VVV
>> Doing postfit: ch1,WZ
>> Doing postfit: ch1,ZZ
>> Doing postfit: ch1,data_fakes
>> Doing postfit: ch1,data_flips
>> Doing postfit: ch1,tHW
>> Doing postfit: ch1,tHq
>> Doing postfit: ch1,tZq
>> Doing postfit: ch1,ttH
>> Doing postfit: ch1,ttVV
>> Doing postfit: ch1,TotalBkg
>> Doing postfit: ch1,TotalSig
>> Doing postfit: ch1,TotalProcs
>> Doing postfit: ch2,Convs
>> Doing postfit: ch2,Rares
>> Doing postfit: ch2,TTW_HT_bin0
>> Doing postfit: ch2,TTW_HT_bin1
>> Doing postfit: ch2,TTW_HT_bin2
>> Doing postfit: ch2,TTW_HT_bin3
>> Doing postfit: ch2,TTW_ooa
>> Doing postfit: ch2,TTZ
>> Doing postfit: ch2,VVV
>> Doing postfit: ch2,WZ
>> Doing postfit: ch2,ZZ
>> Doing postfit: ch2,data_fakes
>> Doing postfit: ch2,data_flips
>> Doing postfit: ch2,tHW
>> Doing postfit: ch2,tHq
>> Doing postfit: ch2,tZq
>> Doing postfit: ch2,ttH
>> Doing postfit: ch2,ttVV
>> Doing postfit: ch2,TotalBkg
>> Doing postfit: ch2,TotalSig
>> Doing postfit: ch2,TotalProcs
>> Doing postfit: ch3,Convs
>> Doing postfit: ch3,Rares
>> Doing postfit: ch3,TTW_HT_bin0
>> Doing postfit: ch3,TTW_HT_bin1
>> Doing postfit: ch3,TTW_HT_bin2
>> Doing postfit: ch3,TTW_HT_bin3
>> Doing postfit: ch3,TTW_ooa
>> Doing postfit: ch3,TTZ
>> Doing postfit: ch3,VVV
>> Doing postfit: ch3,WZ
>> Doing postfit: ch3,ZZ
>> Doing postfit: ch3,data_fakes
>> Doing postfit: ch3,data_flips
>> Doing postfit: ch3,tHW
>> Doing postfit: ch3,tHq
>> Doing postfit: ch3,tZq
>> Doing postfit: ch3,ttH
>> Doing postfit: ch3,ttVV
>> Doing postfit: ch3,TotalBkg
>> Doing postfit: ch3,TotalSig
>> Doing postfit: ch3,TotalProcs
>> Doing postfit: ch4,Convs
>> Doing postfit: ch4,Rares
>> Doing postfit: ch4,TTW_HT_bin0
>> Doing postfit: ch4,TTW_HT_bin1
>> Doing postfit: ch4,TTW_HT_bin2
>> Doing postfit: ch4,TTW_HT_bin3
>> Doing postfit: ch4,TTW_ooa
>> Doing postfit: ch4,TTZ
>> Doing postfit: ch4,VVV
>> Doing postfit: ch4,WZ
>> Doing postfit: ch4,ZZ
>> Doing postfit: ch4,data_fakes
>> Doing postfit: ch4,data_flips
>> Doing postfit: ch4,tHW
>> Doing postfit: ch4,tHq
>> Doing postfit: ch4,tZq
>> Doing postfit: ch4,ttH
>> Doing postfit: ch4,ttVV
>> Doing postfit: ch4,TotalBkg
>> Doing postfit: ch4,TotalSig
>> Doing postfit: ch4,TotalProcs

Bin                       Total relative bkg uncert. (postfit)
----------------------------------------------------------
ch1                       0.15308   
ch2                       0.10097   
ch3                       0.10396   
ch4                       0.08559   

Bin                       Process              Scale factor
----------------------------------------------------------
ch1                       Convs                0.75075   
ch1                       Rares                4.28064   
ch1                       TTW_HT_bin0          0.72386   
ch1                       TTW_HT_bin1          1.40157   
ch1                       TTW_HT_bin2          1.31246   
ch1                       TTW_HT_bin3          1.87640   
ch1                       TTW_ooa              1.04117   
ch1                       TTZ                  1.14024   
ch1                       VVV                  1.90689   
ch1                       WZ                   1.16972   
ch1                       ZZ                   1.66690   
ch1                       data_fakes           1.11045   
ch1                       data_flips           1.06329   
ch1                       tHW                  1.06838   
ch1                       tHq                  1.09061   
ch1                       tZq                  1.20924   
ch1                       ttH                  0.99133   
ch1                       ttVV                 1.02261   
ch2                       Convs                1.00502   
ch2                       Rares                1.26859   
ch2                       TTW_HT_bin0          0.68578   
ch2                       TTW_HT_bin1          1.49163   
ch2                       TTW_HT_bin2          1.16818   
ch2                       TTW_HT_bin3          1.88181   
ch2                       TTW_ooa              1.02672   
ch2                       TTZ                  1.16240   
ch2                       VVV                  1.72789   
ch2                       WZ                   0.85647   
ch2                       ZZ                   1.08068   
ch2                       data_fakes           1.11035   
ch2                       data_flips           1.06498   
ch2                       tHW                  1.04229   
ch2                       tHq                  1.00243   
ch2                       tZq                  1.15605   
ch2                       ttH                  1.07038   
ch2                       ttVV                 1.03580   
ch3                       Convs                1.06969   
ch3                       Rares                1.01627   
ch3                       TTW_HT_bin0          0.73682   
ch3                       TTW_HT_bin1          1.52094   
ch3                       TTW_HT_bin2          1.15282   
ch3                       TTW_HT_bin3          1.78023   
ch3                       TTW_ooa              1.02329   
ch3                       TTZ                  1.08090   
ch3                       VVV                  1.73705   
ch3                       WZ                   0.79482   
ch3                       ZZ                   1.09051   
ch3                       data_fakes           1.11951   
ch3                       data_flips           1.06380   
ch3                       tHW                  0.95990   
ch3                       tHq                  1.01615   
ch3                       tZq                  1.09122   
ch3                       ttH                  0.98444   
ch3                       ttVV                 1.03464   
ch4                       Convs                0.81437   
ch4                       Rares                0.86099   
ch4                       TTW_HT_bin0          0.76493   
ch4                       TTW_HT_bin1          1.40936   
ch4                       TTW_HT_bin2          0.97316   
ch4                       TTW_HT_bin3          0.87589   
ch4                       TTW_ooa              1.03978   
ch4                       TTZ                  1.17662   
ch4                       VVV                  1.76792   
ch4                       WZ                   0.82543   
ch4                       ZZ                   1.18334   
ch4                       data_fakes           1.09698   
ch4                       data_flips           1.06308   
ch4                       tHW                  0.97031   
ch4                       tHq                  0.97435   
ch4                       tZq                  1.09256   
ch4                       ttH                  0.94354   
ch4                       ttVV                 0.99636   
