WARNING: the default behaviour of PostFitShapesFromWorkspace is to use the covariance matrix sampling method for the post-fit uncertainty. The option --sampling is deprecated and will be removed in future versions of CombineHarvester
[SetFlag] Changing value of flag "workspaces-use-clone" from 0 to 1
[#1] INFO:ObjectHandling -- RooWorkspace::import(w) importing dataset ch1
[#1] INFO:ObjectHandling -- RooWorkspace::import(w) importing dataset ch10
[#1] INFO:ObjectHandling -- RooWorkspace::import(w) importing dataset ch11
[#1] INFO:ObjectHandling -- RooWorkspace::import(w) importing dataset ch12
[#1] INFO:ObjectHandling -- RooWorkspace::import(w) importing dataset ch13
[#1] INFO:ObjectHandling -- RooWorkspace::import(w) importing dataset ch14
[#1] INFO:ObjectHandling -- RooWorkspace::import(w) importing dataset ch15
[#1] INFO:ObjectHandling -- RooWorkspace::import(w) importing dataset ch16
[#1] INFO:ObjectHandling -- RooWorkspace::import(w) importing dataset ch17
[#1] INFO:ObjectHandling -- RooWorkspace::import(w) importing dataset ch18
[#1] INFO:ObjectHandling -- RooWorkspace::import(w) importing dataset ch19
[#1] INFO:ObjectHandling -- RooWorkspace::import(w) importing dataset ch2
[#1] INFO:ObjectHandling -- RooWorkspace::import(w) importing dataset ch20
[#1] INFO:ObjectHandling -- RooWorkspace::import(w) importing dataset ch21
[#1] INFO:ObjectHandling -- RooWorkspace::import(w) importing dataset ch22
[#1] INFO:ObjectHandling -- RooWorkspace::import(w) importing dataset ch23
[#1] INFO:ObjectHandling -- RooWorkspace::import(w) importing dataset ch24
[#1] INFO:ObjectHandling -- RooWorkspace::import(w) importing dataset ch3
[#1] INFO:ObjectHandling -- RooWorkspace::import(w) importing dataset ch4
[#1] INFO:ObjectHandling -- RooWorkspace::import(w) importing dataset ch5
[#1] INFO:ObjectHandling -- RooWorkspace::import(w) importing dataset ch6
[#1] INFO:ObjectHandling -- RooWorkspace::import(w) importing dataset ch7
[#1] INFO:ObjectHandling -- RooWorkspace::import(w) importing dataset ch8
[#1] INFO:ObjectHandling -- RooWorkspace::import(w) importing dataset ch9
[SetFlag] Changing value of flag "workspaces-use-clone" from 0 to 1
>> Doing prefit: TotalBkg
>> Doing prefit: TotalSig
>> Doing prefit: TotalProcs
>> Doing prefit: ch1,Convs
>> Doing prefit: ch1,Rares
>> Doing prefit: ch1,TTW_deta_llss_bin0
>> Doing prefit: ch1,TTW_deta_llss_bin1
>> Doing prefit: ch1,TTW_deta_llss_bin2
>> Doing prefit: ch1,TTW_deta_llss_bin3
>> Doing prefit: ch1,TTW_ooa
>> Doing prefit: ch1,TTZ
>> Doing prefit: ch1,VVV
>> Doing prefit: ch1,WZ
>> Doing prefit: ch1,ZZ
>> Doing prefit: ch1,data_fakes
>> Doing prefit: ch1,data_flips
>> Doing prefit: ch1,tHW
>> Doing prefit: ch1,tHq
>> Doing prefit: ch1,tZq
>> Doing prefit: ch1,ttH
>> Doing prefit: ch1,ttVV
>> Doing prefit: ch1,TotalBkg
>> Doing prefit: ch1,TotalSig
>> Doing prefit: ch1,TotalProcs
>> Doing prefit: ch10,Rares
>> Doing prefit: ch10,TTW_deta_llss_bin0
>> Doing prefit: ch10,TTW_deta_llss_bin1
>> Doing prefit: ch10,TTW_deta_llss_bin2
>> Doing prefit: ch10,TTW_deta_llss_bin3
>> Doing prefit: ch10,TTW_ooa
>> Doing prefit: ch10,TTZ
>> Doing prefit: ch10,VVV
>> Doing prefit: ch10,WZ
>> Doing prefit: ch10,ZZ
>> Doing prefit: ch10,data_fakes
>> Doing prefit: ch10,tHW
>> Doing prefit: ch10,tHq
>> Doing prefit: ch10,tZq
>> Doing prefit: ch10,ttH
>> Doing prefit: ch10,ttVV
>> Doing prefit: ch10,TotalBkg
>> Doing prefit: ch10,TotalSig
>> Doing prefit: ch10,TotalProcs
>> Doing prefit: ch11,Convs
>> Doing prefit: ch11,Rares
>> Doing prefit: ch11,TTW_deta_llss_bin0
>> Doing prefit: ch11,TTW_deta_llss_bin1
>> Doing prefit: ch11,TTW_deta_llss_bin2
>> Doing prefit: ch11,TTW_deta_llss_bin3
>> Doing prefit: ch11,TTW_ooa
>> Doing prefit: ch11,TTZ
>> Doing prefit: ch11,VVV
>> Doing prefit: ch11,WZ
>> Doing prefit: ch11,ZZ
>> Doing prefit: ch11,data_fakes
>> Doing prefit: ch11,data_flips
>> Doing prefit: ch11,tHW
>> Doing prefit: ch11,tHq
>> Doing prefit: ch11,tZq
>> Doing prefit: ch11,ttH
>> Doing prefit: ch11,ttVV
>> Doing prefit: ch11,TotalBkg
>> Doing prefit: ch11,TotalSig
>> Doing prefit: ch11,TotalProcs
>> Doing prefit: ch12,Rares
>> Doing prefit: ch12,TTW_deta_llss_bin0
>> Doing prefit: ch12,TTW_deta_llss_bin1
>> Doing prefit: ch12,TTW_deta_llss_bin2
>> Doing prefit: ch12,TTW_deta_llss_bin3
>> Doing prefit: ch12,TTW_ooa
>> Doing prefit: ch12,TTZ
>> Doing prefit: ch12,VVV
>> Doing prefit: ch12,WZ
>> Doing prefit: ch12,ZZ
>> Doing prefit: ch12,data_fakes
>> Doing prefit: ch12,tHW
>> Doing prefit: ch12,tHq
>> Doing prefit: ch12,tZq
>> Doing prefit: ch12,ttH
>> Doing prefit: ch12,ttVV
>> Doing prefit: ch12,TotalBkg
>> Doing prefit: ch12,TotalSig
>> Doing prefit: ch12,TotalProcs
>> Doing prefit: ch13,Convs
>> Doing prefit: ch13,Rares
>> Doing prefit: ch13,TTW_deta_llss_bin0
>> Doing prefit: ch13,TTW_deta_llss_bin1
>> Doing prefit: ch13,TTW_deta_llss_bin2
>> Doing prefit: ch13,TTW_deta_llss_bin3
>> Doing prefit: ch13,TTW_ooa
>> Doing prefit: ch13,TTZ
>> Doing prefit: ch13,VVV
>> Doing prefit: ch13,WZ
>> Doing prefit: ch13,ZZ
>> Doing prefit: ch13,data_fakes
>> Doing prefit: ch13,data_flips
>> Doing prefit: ch13,tHW
>> Doing prefit: ch13,tHq
>> Doing prefit: ch13,tZq
>> Doing prefit: ch13,ttH
>> Doing prefit: ch13,ttVV
>> Doing prefit: ch13,TotalBkg
>> Doing prefit: ch13,TotalSig
>> Doing prefit: ch13,TotalProcs
>> Doing prefit: ch14,Convs
>> Doing prefit: ch14,Rares
>> Doing prefit: ch14,TTW_deta_llss_bin0
>> Doing prefit: ch14,TTW_deta_llss_bin1
>> Doing prefit: ch14,TTW_deta_llss_bin2
>> Doing prefit: ch14,TTW_deta_llss_bin3
>> Doing prefit: ch14,TTW_ooa
>> Doing prefit: ch14,TTZ
>> Doing prefit: ch14,VVV
>> Doing prefit: ch14,WZ
>> Doing prefit: ch14,ZZ
>> Doing prefit: ch14,data_fakes
>> Doing prefit: ch14,data_flips
>> Doing prefit: ch14,tHW
>> Doing prefit: ch14,tHq
>> Doing prefit: ch14,tZq
>> Doing prefit: ch14,ttH
>> Doing prefit: ch14,ttVV
>> Doing prefit: ch14,TotalBkg
>> Doing prefit: ch14,TotalSig
>> Doing prefit: ch14,TotalProcs
>> Doing prefit: ch15,Rares
>> Doing prefit: ch15,TTW_deta_llss_bin0
>> Doing prefit: ch15,TTW_deta_llss_bin1
>> Doing prefit: ch15,TTW_deta_llss_bin2
>> Doing prefit: ch15,TTW_deta_llss_bin3
>> Doing prefit: ch15,TTW_ooa
>> Doing prefit: ch15,TTZ
>> Doing prefit: ch15,VVV
>> Doing prefit: ch15,WZ
>> Doing prefit: ch15,ZZ
>> Doing prefit: ch15,data_fakes
>> Doing prefit: ch15,tHW
>> Doing prefit: ch15,tHq
>> Doing prefit: ch15,tZq
>> Doing prefit: ch15,ttH
>> Doing prefit: ch15,ttVV
>> Doing prefit: ch15,TotalBkg
>> Doing prefit: ch15,TotalSig
>> Doing prefit: ch15,TotalProcs
>> Doing prefit: ch16,Convs
>> Doing prefit: ch16,Rares
>> Doing prefit: ch16,TTW_deta_llss_bin0
>> Doing prefit: ch16,TTW_deta_llss_bin1
>> Doing prefit: ch16,TTW_deta_llss_bin2
>> Doing prefit: ch16,TTW_deta_llss_bin3
>> Doing prefit: ch16,TTW_ooa
>> Doing prefit: ch16,TTZ
>> Doing prefit: ch16,VVV
>> Doing prefit: ch16,WZ
>> Doing prefit: ch16,ZZ
>> Doing prefit: ch16,data_fakes
>> Doing prefit: ch16,data_flips
>> Doing prefit: ch16,tHW
>> Doing prefit: ch16,tHq
>> Doing prefit: ch16,tZq
>> Doing prefit: ch16,ttH
>> Doing prefit: ch16,ttVV
>> Doing prefit: ch16,TotalBkg
>> Doing prefit: ch16,TotalSig
>> Doing prefit: ch16,TotalProcs
>> Doing prefit: ch17,Convs
>> Doing prefit: ch17,Rares
>> Doing prefit: ch17,TTW_deta_llss_bin0
>> Doing prefit: ch17,TTW_deta_llss_bin1
>> Doing prefit: ch17,TTW_deta_llss_bin2
>> Doing prefit: ch17,TTW_deta_llss_bin3
>> Doing prefit: ch17,TTW_ooa
>> Doing prefit: ch17,TTZ
>> Doing prefit: ch17,VVV
>> Doing prefit: ch17,WZ
>> Doing prefit: ch17,ZZ
>> Doing prefit: ch17,data_fakes
>> Doing prefit: ch17,data_flips
>> Doing prefit: ch17,tHW
>> Doing prefit: ch17,tHq
>> Doing prefit: ch17,tZq
>> Doing prefit: ch17,ttH
>> Doing prefit: ch17,ttVV
>> Doing prefit: ch17,TotalBkg
>> Doing prefit: ch17,TotalSig
>> Doing prefit: ch17,TotalProcs
>> Doing prefit: ch18,Rares
>> Doing prefit: ch18,TTW_deta_llss_bin0
>> Doing prefit: ch18,TTW_deta_llss_bin1
>> Doing prefit: ch18,TTW_deta_llss_bin2
>> Doing prefit: ch18,TTW_deta_llss_bin3
>> Doing prefit: ch18,TTW_ooa
>> Doing prefit: ch18,TTZ
>> Doing prefit: ch18,VVV
>> Doing prefit: ch18,WZ
>> Doing prefit: ch18,ZZ
>> Doing prefit: ch18,data_fakes
>> Doing prefit: ch18,tHW
>> Doing prefit: ch18,tHq
>> Doing prefit: ch18,tZq
>> Doing prefit: ch18,ttH
>> Doing prefit: ch18,ttVV
>> Doing prefit: ch18,TotalBkg
>> Doing prefit: ch18,TotalSig
>> Doing prefit: ch18,TotalProcs
>> Doing prefit: ch19,Convs
>> Doing prefit: ch19,Rares
>> Doing prefit: ch19,TTW_deta_llss_bin0
>> Doing prefit: ch19,TTW_deta_llss_bin1
>> Doing prefit: ch19,TTW_deta_llss_bin2
>> Doing prefit: ch19,TTW_deta_llss_bin3
>> Doing prefit: ch19,TTW_ooa
>> Doing prefit: ch19,TTZ
>> Doing prefit: ch19,VVV
>> Doing prefit: ch19,WZ
>> Doing prefit: ch19,ZZ
>> Doing prefit: ch19,data_fakes
>> Doing prefit: ch19,data_flips
>> Doing prefit: ch19,tHW
>> Doing prefit: ch19,tHq
>> Doing prefit: ch19,tZq
>> Doing prefit: ch19,ttH
>> Doing prefit: ch19,ttVV
>> Doing prefit: ch19,TotalBkg
>> Doing prefit: ch19,TotalSig
>> Doing prefit: ch19,TotalProcs
>> Doing prefit: ch2,Convs
>> Doing prefit: ch2,Rares
>> Doing prefit: ch2,TTW_deta_llss_bin0
>> Doing prefit: ch2,TTW_deta_llss_bin1
>> Doing prefit: ch2,TTW_deta_llss_bin2
>> Doing prefit: ch2,TTW_deta_llss_bin3
>> Doing prefit: ch2,TTW_ooa
>> Doing prefit: ch2,TTZ
>> Doing prefit: ch2,VVV
>> Doing prefit: ch2,WZ
>> Doing prefit: ch2,ZZ
>> Doing prefit: ch2,data_fakes
>> Doing prefit: ch2,data_flips
>> Doing prefit: ch2,tHW
>> Doing prefit: ch2,tHq
>> Doing prefit: ch2,tZq
>> Doing prefit: ch2,ttH
>> Doing prefit: ch2,ttVV
>> Doing prefit: ch2,TotalBkg
>> Doing prefit: ch2,TotalSig
>> Doing prefit: ch2,TotalProcs
>> Doing prefit: ch20,Convs
>> Doing prefit: ch20,Rares
>> Doing prefit: ch20,TTW_deta_llss_bin0
>> Doing prefit: ch20,TTW_deta_llss_bin1
>> Doing prefit: ch20,TTW_deta_llss_bin2
>> Doing prefit: ch20,TTW_deta_llss_bin3
>> Doing prefit: ch20,TTW_ooa
>> Doing prefit: ch20,TTZ
>> Doing prefit: ch20,VVV
>> Doing prefit: ch20,WZ
>> Doing prefit: ch20,ZZ
>> Doing prefit: ch20,data_fakes
>> Doing prefit: ch20,data_flips
>> Doing prefit: ch20,tHW
>> Doing prefit: ch20,tHq
>> Doing prefit: ch20,tZq
>> Doing prefit: ch20,ttH
>> Doing prefit: ch20,ttVV
>> Doing prefit: ch20,TotalBkg
>> Doing prefit: ch20,TotalSig
>> Doing prefit: ch20,TotalProcs
>> Doing prefit: ch21,Rares
>> Doing prefit: ch21,TTW_deta_llss_bin0
>> Doing prefit: ch21,TTW_deta_llss_bin1
>> Doing prefit: ch21,TTW_deta_llss_bin2
>> Doing prefit: ch21,TTW_deta_llss_bin3
>> Doing prefit: ch21,TTW_ooa
>> Doing prefit: ch21,TTZ
>> Doing prefit: ch21,VVV
>> Doing prefit: ch21,WZ
>> Doing prefit: ch21,ZZ
>> Doing prefit: ch21,data_fakes
>> Doing prefit: ch21,tHW
>> Doing prefit: ch21,tHq
>> Doing prefit: ch21,tZq
>> Doing prefit: ch21,ttH
>> Doing prefit: ch21,ttVV
>> Doing prefit: ch21,TotalBkg
>> Doing prefit: ch21,TotalSig
>> Doing prefit: ch21,TotalProcs
>> Doing prefit: ch22,Convs
>> Doing prefit: ch22,Rares
>> Doing prefit: ch22,TTW_deta_llss_bin0
>> Doing prefit: ch22,TTW_deta_llss_bin1
>> Doing prefit: ch22,TTW_deta_llss_bin2
>> Doing prefit: ch22,TTW_deta_llss_bin3
>> Doing prefit: ch22,TTW_ooa
>> Doing prefit: ch22,TTZ
>> Doing prefit: ch22,VVV
>> Doing prefit: ch22,WZ
>> Doing prefit: ch22,ZZ
>> Doing prefit: ch22,data_fakes
>> Doing prefit: ch22,data_flips
>> Doing prefit: ch22,tHW
>> Doing prefit: ch22,tHq
>> Doing prefit: ch22,tZq
>> Doing prefit: ch22,ttH
>> Doing prefit: ch22,ttVV
>> Doing prefit: ch22,TotalBkg
>> Doing prefit: ch22,TotalSig
>> Doing prefit: ch22,TotalProcs
>> Doing prefit: ch23,Convs
>> Doing prefit: ch23,Rares
>> Doing prefit: ch23,TTW_deta_llss_bin0
>> Doing prefit: ch23,TTW_deta_llss_bin1
>> Doing prefit: ch23,TTW_deta_llss_bin2
>> Doing prefit: ch23,TTW_deta_llss_bin3
>> Doing prefit: ch23,TTW_ooa
>> Doing prefit: ch23,TTZ
>> Doing prefit: ch23,VVV
>> Doing prefit: ch23,WZ
>> Doing prefit: ch23,ZZ
>> Doing prefit: ch23,data_fakes
>> Doing prefit: ch23,data_flips
>> Doing prefit: ch23,tHW
>> Doing prefit: ch23,tHq
>> Doing prefit: ch23,tZq
>> Doing prefit: ch23,ttH
>> Doing prefit: ch23,ttVV
>> Doing prefit: ch23,TotalBkg
>> Doing prefit: ch23,TotalSig
>> Doing prefit: ch23,TotalProcs
>> Doing prefit: ch24,Rares
>> Doing prefit: ch24,TTW_deta_llss_bin0
>> Doing prefit: ch24,TTW_deta_llss_bin1
>> Doing prefit: ch24,TTW_deta_llss_bin2
>> Doing prefit: ch24,TTW_deta_llss_bin3
>> Doing prefit: ch24,TTW_ooa
>> Doing prefit: ch24,TTZ
>> Doing prefit: ch24,VVV
>> Doing prefit: ch24,WZ
>> Doing prefit: ch24,ZZ
>> Doing prefit: ch24,data_fakes
>> Doing prefit: ch24,tHW
>> Doing prefit: ch24,tHq
>> Doing prefit: ch24,tZq
>> Doing prefit: ch24,ttH
>> Doing prefit: ch24,ttVV
>> Doing prefit: ch24,TotalBkg
>> Doing prefit: ch24,TotalSig
>> Doing prefit: ch24,TotalProcs
>> Doing prefit: ch3,Convs
>> Doing prefit: ch3,Rares
>> Doing prefit: ch3,TTW_deta_llss_bin0
>> Doing prefit: ch3,TTW_deta_llss_bin1
>> Doing prefit: ch3,TTW_deta_llss_bin2
>> Doing prefit: ch3,TTW_deta_llss_bin3
>> Doing prefit: ch3,TTW_ooa
>> Doing prefit: ch3,TTZ
>> Doing prefit: ch3,VVV
>> Doing prefit: ch3,WZ
>> Doing prefit: ch3,ZZ
>> Doing prefit: ch3,data_fakes
>> Doing prefit: ch3,data_flips
>> Doing prefit: ch3,tHW
>> Doing prefit: ch3,tHq
>> Doing prefit: ch3,tZq
>> Doing prefit: ch3,ttH
>> Doing prefit: ch3,ttVV
>> Doing prefit: ch3,TotalBkg
>> Doing prefit: ch3,TotalSig
>> Doing prefit: ch3,TotalProcs
>> Doing prefit: ch4,Convs
>> Doing prefit: ch4,Rares
>> Doing prefit: ch4,TTW_deta_llss_bin0
>> Doing prefit: ch4,TTW_deta_llss_bin1
>> Doing prefit: ch4,TTW_deta_llss_bin2
>> Doing prefit: ch4,TTW_deta_llss_bin3
>> Doing prefit: ch4,TTW_ooa
>> Doing prefit: ch4,TTZ
>> Doing prefit: ch4,VVV
>> Doing prefit: ch4,WZ
>> Doing prefit: ch4,ZZ
>> Doing prefit: ch4,data_fakes
>> Doing prefit: ch4,data_flips
>> Doing prefit: ch4,tHW
>> Doing prefit: ch4,tHq
>> Doing prefit: ch4,tZq
>> Doing prefit: ch4,ttH
>> Doing prefit: ch4,ttVV
>> Doing prefit: ch4,TotalBkg
>> Doing prefit: ch4,TotalSig
>> Doing prefit: ch4,TotalProcs
>> Doing prefit: ch5,Rares
>> Doing prefit: ch5,TTW_deta_llss_bin0
>> Doing prefit: ch5,TTW_deta_llss_bin1
>> Doing prefit: ch5,TTW_deta_llss_bin2
>> Doing prefit: ch5,TTW_deta_llss_bin3
>> Doing prefit: ch5,TTW_ooa
>> Doing prefit: ch5,TTZ
>> Doing prefit: ch5,VVV
>> Doing prefit: ch5,WZ
>> Doing prefit: ch5,ZZ
>> Doing prefit: ch5,data_fakes
>> Doing prefit: ch5,tHW
>> Doing prefit: ch5,tHq
>> Doing prefit: ch5,tZq
>> Doing prefit: ch5,ttH
>> Doing prefit: ch5,ttVV
>> Doing prefit: ch5,TotalBkg
>> Doing prefit: ch5,TotalSig
>> Doing prefit: ch5,TotalProcs
>> Doing prefit: ch6,Convs
>> Doing prefit: ch6,Rares
>> Doing prefit: ch6,TTW_deta_llss_bin0
>> Doing prefit: ch6,TTW_deta_llss_bin1
>> Doing prefit: ch6,TTW_deta_llss_bin2
>> Doing prefit: ch6,TTW_deta_llss_bin3
>> Doing prefit: ch6,TTW_ooa
>> Doing prefit: ch6,TTZ
>> Doing prefit: ch6,VVV
>> Doing prefit: ch6,WZ
>> Doing prefit: ch6,ZZ
>> Doing prefit: ch6,data_fakes
>> Doing prefit: ch6,data_flips
>> Doing prefit: ch6,tHW
>> Doing prefit: ch6,tHq
>> Doing prefit: ch6,tZq
>> Doing prefit: ch6,ttH
>> Doing prefit: ch6,ttVV
>> Doing prefit: ch6,TotalBkg
>> Doing prefit: ch6,TotalSig
>> Doing prefit: ch6,TotalProcs
>> Doing prefit: ch7,Convs
>> Doing prefit: ch7,Rares
>> Doing prefit: ch7,TTW_deta_llss_bin0
>> Doing prefit: ch7,TTW_deta_llss_bin1
>> Doing prefit: ch7,TTW_deta_llss_bin2
>> Doing prefit: ch7,TTW_deta_llss_bin3
>> Doing prefit: ch7,TTW_ooa
>> Doing prefit: ch7,TTZ
>> Doing prefit: ch7,VVV
>> Doing prefit: ch7,WZ
>> Doing prefit: ch7,ZZ
>> Doing prefit: ch7,data_fakes
>> Doing prefit: ch7,data_flips
>> Doing prefit: ch7,tHW
>> Doing prefit: ch7,tHq
>> Doing prefit: ch7,tZq
>> Doing prefit: ch7,ttH
>> Doing prefit: ch7,ttVV
>> Doing prefit: ch7,TotalBkg
>> Doing prefit: ch7,TotalSig
>> Doing prefit: ch7,TotalProcs
>> Doing prefit: ch8,Rares
>> Doing prefit: ch8,TTW_deta_llss_bin0
>> Doing prefit: ch8,TTW_deta_llss_bin1
>> Doing prefit: ch8,TTW_deta_llss_bin2
>> Doing prefit: ch8,TTW_deta_llss_bin3
>> Doing prefit: ch8,TTW_ooa
>> Doing prefit: ch8,TTZ
>> Doing prefit: ch8,VVV
>> Doing prefit: ch8,WZ
>> Doing prefit: ch8,ZZ
>> Doing prefit: ch8,data_fakes
>> Doing prefit: ch8,tHW
>> Doing prefit: ch8,tHq
>> Doing prefit: ch8,tZq
>> Doing prefit: ch8,ttH
>> Doing prefit: ch8,ttVV
>> Doing prefit: ch8,TotalBkg
>> Doing prefit: ch8,TotalSig
>> Doing prefit: ch8,TotalProcs
>> Doing prefit: ch9,Convs
>> Doing prefit: ch9,Rares
>> Doing prefit: ch9,TTW_deta_llss_bin0
>> Doing prefit: ch9,TTW_deta_llss_bin1
>> Doing prefit: ch9,TTW_deta_llss_bin2
>> Doing prefit: ch9,TTW_deta_llss_bin3
>> Doing prefit: ch9,TTW_ooa
>> Doing prefit: ch9,TTZ
>> Doing prefit: ch9,VVV
>> Doing prefit: ch9,WZ
>> Doing prefit: ch9,ZZ
>> Doing prefit: ch9,data_fakes
>> Doing prefit: ch9,data_flips
>> Doing prefit: ch9,tHW
>> Doing prefit: ch9,tHq
>> Doing prefit: ch9,tZq
>> Doing prefit: ch9,ttH
>> Doing prefit: ch9,ttVV
>> Doing prefit: ch9,TotalBkg
>> Doing prefit: ch9,TotalSig
>> Doing prefit: ch9,TotalProcs
Bin                       Total relative bkg uncert. (prefit)
----------------------------------------------------------
ch1                       0.18747   
ch10                      0.20800   
ch11                      0.11554   
ch12                      0.15340   
ch13                      0.14580   
ch14                      0.12519   
ch15                      0.17526   
ch16                      0.15153   
ch17                      0.12483   
ch18                      0.15625   
ch19                      0.14879   
ch2                       0.11920   
ch20                      0.11714   
ch21                      0.12264   
ch22                      0.16037   
ch23                      0.10753   
ch24                      0.14576   
ch3                       0.15160   
ch4                       0.10941   
ch5                       0.14146   
ch6                       0.13236   
ch7                       0.11887   
ch8                       0.14511   
ch9                       0.13156   
>> Doing postfit: TotalBkg
>> Doing postfit: TotalSig
>> Doing postfit: TotalProcs
>> Doing postfit: ch1,Convs
>> Doing postfit: ch1,Rares
>> Doing postfit: ch1,TTW_deta_llss_bin0
>> Doing postfit: ch1,TTW_deta_llss_bin1
>> Doing postfit: ch1,TTW_deta_llss_bin2
>> Doing postfit: ch1,TTW_deta_llss_bin3
>> Doing postfit: ch1,TTW_ooa
>> Doing postfit: ch1,TTZ
>> Doing postfit: ch1,VVV
>> Doing postfit: ch1,WZ
>> Doing postfit: ch1,ZZ
>> Doing postfit: ch1,data_fakes
>> Doing postfit: ch1,data_flips
>> Doing postfit: ch1,tHW
>> Doing postfit: ch1,tHq
>> Doing postfit: ch1,tZq
>> Doing postfit: ch1,ttH
>> Doing postfit: ch1,ttVV
>> Doing postfit: ch1,TotalBkg
>> Doing postfit: ch1,TotalSig
>> Doing postfit: ch1,TotalProcs
>> Doing postfit: ch10,Rares
>> Doing postfit: ch10,TTW_deta_llss_bin0
>> Doing postfit: ch10,TTW_deta_llss_bin1
>> Doing postfit: ch10,TTW_deta_llss_bin2
>> Doing postfit: ch10,TTW_deta_llss_bin3
>> Doing postfit: ch10,TTW_ooa
>> Doing postfit: ch10,TTZ
>> Doing postfit: ch10,VVV
>> Doing postfit: ch10,WZ
>> Doing postfit: ch10,ZZ
>> Doing postfit: ch10,data_fakes
>> Doing postfit: ch10,tHW
>> Doing postfit: ch10,tHq
>> Doing postfit: ch10,tZq
>> Doing postfit: ch10,ttH
>> Doing postfit: ch10,ttVV
>> Doing postfit: ch10,TotalBkg
>> Doing postfit: ch10,TotalSig
>> Doing postfit: ch10,TotalProcs
>> Doing postfit: ch11,Convs
>> Doing postfit: ch11,Rares
>> Doing postfit: ch11,TTW_deta_llss_bin0
>> Doing postfit: ch11,TTW_deta_llss_bin1
>> Doing postfit: ch11,TTW_deta_llss_bin2
>> Doing postfit: ch11,TTW_deta_llss_bin3
>> Doing postfit: ch11,TTW_ooa
>> Doing postfit: ch11,TTZ
>> Doing postfit: ch11,VVV
>> Doing postfit: ch11,WZ
>> Doing postfit: ch11,ZZ
>> Doing postfit: ch11,data_fakes
>> Doing postfit: ch11,data_flips
>> Doing postfit: ch11,tHW
>> Doing postfit: ch11,tHq
>> Doing postfit: ch11,tZq
>> Doing postfit: ch11,ttH
>> Doing postfit: ch11,ttVV
>> Doing postfit: ch11,TotalBkg
>> Doing postfit: ch11,TotalSig
>> Doing postfit: ch11,TotalProcs
>> Doing postfit: ch12,Rares
>> Doing postfit: ch12,TTW_deta_llss_bin0
>> Doing postfit: ch12,TTW_deta_llss_bin1
>> Doing postfit: ch12,TTW_deta_llss_bin2
>> Doing postfit: ch12,TTW_deta_llss_bin3
>> Doing postfit: ch12,TTW_ooa
>> Doing postfit: ch12,TTZ
>> Doing postfit: ch12,VVV
>> Doing postfit: ch12,WZ
>> Doing postfit: ch12,ZZ
>> Doing postfit: ch12,data_fakes
>> Doing postfit: ch12,tHW
>> Doing postfit: ch12,tHq
>> Doing postfit: ch12,tZq
>> Doing postfit: ch12,ttH
>> Doing postfit: ch12,ttVV
>> Doing postfit: ch12,TotalBkg
>> Doing postfit: ch12,TotalSig
>> Doing postfit: ch12,TotalProcs
>> Doing postfit: ch13,Convs
>> Doing postfit: ch13,Rares
>> Doing postfit: ch13,TTW_deta_llss_bin0
>> Doing postfit: ch13,TTW_deta_llss_bin1
>> Doing postfit: ch13,TTW_deta_llss_bin2
>> Doing postfit: ch13,TTW_deta_llss_bin3
>> Doing postfit: ch13,TTW_ooa
>> Doing postfit: ch13,TTZ
>> Doing postfit: ch13,VVV
>> Doing postfit: ch13,WZ
>> Doing postfit: ch13,ZZ
>> Doing postfit: ch13,data_fakes
>> Doing postfit: ch13,data_flips
>> Doing postfit: ch13,tHW
>> Doing postfit: ch13,tHq
>> Doing postfit: ch13,tZq
>> Doing postfit: ch13,ttH
>> Doing postfit: ch13,ttVV
>> Doing postfit: ch13,TotalBkg
>> Doing postfit: ch13,TotalSig
>> Doing postfit: ch13,TotalProcs
>> Doing postfit: ch14,Convs
>> Doing postfit: ch14,Rares
>> Doing postfit: ch14,TTW_deta_llss_bin0
>> Doing postfit: ch14,TTW_deta_llss_bin1
>> Doing postfit: ch14,TTW_deta_llss_bin2
>> Doing postfit: ch14,TTW_deta_llss_bin3
>> Doing postfit: ch14,TTW_ooa
>> Doing postfit: ch14,TTZ
>> Doing postfit: ch14,VVV
>> Doing postfit: ch14,WZ
>> Doing postfit: ch14,ZZ
>> Doing postfit: ch14,data_fakes
>> Doing postfit: ch14,data_flips
>> Doing postfit: ch14,tHW
>> Doing postfit: ch14,tHq
>> Doing postfit: ch14,tZq
>> Doing postfit: ch14,ttH
>> Doing postfit: ch14,ttVV
>> Doing postfit: ch14,TotalBkg
>> Doing postfit: ch14,TotalSig
>> Doing postfit: ch14,TotalProcs
>> Doing postfit: ch15,Rares
>> Doing postfit: ch15,TTW_deta_llss_bin0
>> Doing postfit: ch15,TTW_deta_llss_bin1
>> Doing postfit: ch15,TTW_deta_llss_bin2
>> Doing postfit: ch15,TTW_deta_llss_bin3
>> Doing postfit: ch15,TTW_ooa
>> Doing postfit: ch15,TTZ
>> Doing postfit: ch15,VVV
>> Doing postfit: ch15,WZ
>> Doing postfit: ch15,ZZ
>> Doing postfit: ch15,data_fakes
>> Doing postfit: ch15,tHW
>> Doing postfit: ch15,tHq
>> Doing postfit: ch15,tZq
>> Doing postfit: ch15,ttH
>> Doing postfit: ch15,ttVV
>> Doing postfit: ch15,TotalBkg
>> Doing postfit: ch15,TotalSig
>> Doing postfit: ch15,TotalProcs
>> Doing postfit: ch16,Convs
>> Doing postfit: ch16,Rares
>> Doing postfit: ch16,TTW_deta_llss_bin0
>> Doing postfit: ch16,TTW_deta_llss_bin1
>> Doing postfit: ch16,TTW_deta_llss_bin2
>> Doing postfit: ch16,TTW_deta_llss_bin3
>> Doing postfit: ch16,TTW_ooa
>> Doing postfit: ch16,TTZ
>> Doing postfit: ch16,VVV
>> Doing postfit: ch16,WZ
>> Doing postfit: ch16,ZZ
>> Doing postfit: ch16,data_fakes
>> Doing postfit: ch16,data_flips
>> Doing postfit: ch16,tHW
>> Doing postfit: ch16,tHq
>> Doing postfit: ch16,tZq
>> Doing postfit: ch16,ttH
>> Doing postfit: ch16,ttVV
>> Doing postfit: ch16,TotalBkg
>> Doing postfit: ch16,TotalSig
>> Doing postfit: ch16,TotalProcs
>> Doing postfit: ch17,Convs
>> Doing postfit: ch17,Rares
>> Doing postfit: ch17,TTW_deta_llss_bin0
>> Doing postfit: ch17,TTW_deta_llss_bin1
>> Doing postfit: ch17,TTW_deta_llss_bin2
>> Doing postfit: ch17,TTW_deta_llss_bin3
>> Doing postfit: ch17,TTW_ooa
>> Doing postfit: ch17,TTZ
>> Doing postfit: ch17,VVV
>> Doing postfit: ch17,WZ
>> Doing postfit: ch17,ZZ
>> Doing postfit: ch17,data_fakes
>> Doing postfit: ch17,data_flips
>> Doing postfit: ch17,tHW
>> Doing postfit: ch17,tHq
>> Doing postfit: ch17,tZq
>> Doing postfit: ch17,ttH
>> Doing postfit: ch17,ttVV
>> Doing postfit: ch17,TotalBkg
>> Doing postfit: ch17,TotalSig
>> Doing postfit: ch17,TotalProcs
>> Doing postfit: ch18,Rares
>> Doing postfit: ch18,TTW_deta_llss_bin0
>> Doing postfit: ch18,TTW_deta_llss_bin1
>> Doing postfit: ch18,TTW_deta_llss_bin2
>> Doing postfit: ch18,TTW_deta_llss_bin3
>> Doing postfit: ch18,TTW_ooa
>> Doing postfit: ch18,TTZ
>> Doing postfit: ch18,VVV
>> Doing postfit: ch18,WZ
>> Doing postfit: ch18,ZZ
>> Doing postfit: ch18,data_fakes
>> Doing postfit: ch18,tHW
>> Doing postfit: ch18,tHq
>> Doing postfit: ch18,tZq
>> Doing postfit: ch18,ttH
>> Doing postfit: ch18,ttVV
>> Doing postfit: ch18,TotalBkg
>> Doing postfit: ch18,TotalSig
>> Doing postfit: ch18,TotalProcs
>> Doing postfit: ch19,Convs
>> Doing postfit: ch19,Rares
>> Doing postfit: ch19,TTW_deta_llss_bin0
>> Doing postfit: ch19,TTW_deta_llss_bin1
>> Doing postfit: ch19,TTW_deta_llss_bin2
>> Doing postfit: ch19,TTW_deta_llss_bin3
>> Doing postfit: ch19,TTW_ooa
>> Doing postfit: ch19,TTZ
>> Doing postfit: ch19,VVV
>> Doing postfit: ch19,WZ
>> Doing postfit: ch19,ZZ
>> Doing postfit: ch19,data_fakes
>> Doing postfit: ch19,data_flips
>> Doing postfit: ch19,tHW
>> Doing postfit: ch19,tHq
>> Doing postfit: ch19,tZq
>> Doing postfit: ch19,ttH
>> Doing postfit: ch19,ttVV
>> Doing postfit: ch19,TotalBkg
>> Doing postfit: ch19,TotalSig
>> Doing postfit: ch19,TotalProcs
>> Doing postfit: ch2,Convs
>> Doing postfit: ch2,Rares
>> Doing postfit: ch2,TTW_deta_llss_bin0
>> Doing postfit: ch2,TTW_deta_llss_bin1
>> Doing postfit: ch2,TTW_deta_llss_bin2
>> Doing postfit: ch2,TTW_deta_llss_bin3
>> Doing postfit: ch2,TTW_ooa
>> Doing postfit: ch2,TTZ
>> Doing postfit: ch2,VVV
>> Doing postfit: ch2,WZ
>> Doing postfit: ch2,ZZ
>> Doing postfit: ch2,data_fakes
>> Doing postfit: ch2,data_flips
>> Doing postfit: ch2,tHW
>> Doing postfit: ch2,tHq
>> Doing postfit: ch2,tZq
>> Doing postfit: ch2,ttH
>> Doing postfit: ch2,ttVV
>> Doing postfit: ch2,TotalBkg
>> Doing postfit: ch2,TotalSig
>> Doing postfit: ch2,TotalProcs
>> Doing postfit: ch20,Convs
>> Doing postfit: ch20,Rares
>> Doing postfit: ch20,TTW_deta_llss_bin0
>> Doing postfit: ch20,TTW_deta_llss_bin1
>> Doing postfit: ch20,TTW_deta_llss_bin2
>> Doing postfit: ch20,TTW_deta_llss_bin3
>> Doing postfit: ch20,TTW_ooa
>> Doing postfit: ch20,TTZ
>> Doing postfit: ch20,VVV
>> Doing postfit: ch20,WZ
>> Doing postfit: ch20,ZZ
>> Doing postfit: ch20,data_fakes
>> Doing postfit: ch20,data_flips
>> Doing postfit: ch20,tHW
>> Doing postfit: ch20,tHq
>> Doing postfit: ch20,tZq
>> Doing postfit: ch20,ttH
>> Doing postfit: ch20,ttVV
>> Doing postfit: ch20,TotalBkg
>> Doing postfit: ch20,TotalSig
>> Doing postfit: ch20,TotalProcs
>> Doing postfit: ch21,Rares
>> Doing postfit: ch21,TTW_deta_llss_bin0
>> Doing postfit: ch21,TTW_deta_llss_bin1
>> Doing postfit: ch21,TTW_deta_llss_bin2
>> Doing postfit: ch21,TTW_deta_llss_bin3
>> Doing postfit: ch21,TTW_ooa
>> Doing postfit: ch21,TTZ
>> Doing postfit: ch21,VVV
>> Doing postfit: ch21,WZ
>> Doing postfit: ch21,ZZ
>> Doing postfit: ch21,data_fakes
>> Doing postfit: ch21,tHW
>> Doing postfit: ch21,tHq
>> Doing postfit: ch21,tZq
>> Doing postfit: ch21,ttH
>> Doing postfit: ch21,ttVV
>> Doing postfit: ch21,TotalBkg
>> Doing postfit: ch21,TotalSig
>> Doing postfit: ch21,TotalProcs
>> Doing postfit: ch22,Convs
>> Doing postfit: ch22,Rares
>> Doing postfit: ch22,TTW_deta_llss_bin0
>> Doing postfit: ch22,TTW_deta_llss_bin1
>> Doing postfit: ch22,TTW_deta_llss_bin2
>> Doing postfit: ch22,TTW_deta_llss_bin3
>> Doing postfit: ch22,TTW_ooa
>> Doing postfit: ch22,TTZ
>> Doing postfit: ch22,VVV
>> Doing postfit: ch22,WZ
>> Doing postfit: ch22,ZZ
>> Doing postfit: ch22,data_fakes
>> Doing postfit: ch22,data_flips
>> Doing postfit: ch22,tHW
>> Doing postfit: ch22,tHq
>> Doing postfit: ch22,tZq
>> Doing postfit: ch22,ttH
>> Doing postfit: ch22,ttVV
>> Doing postfit: ch22,TotalBkg
>> Doing postfit: ch22,TotalSig
>> Doing postfit: ch22,TotalProcs
>> Doing postfit: ch23,Convs
>> Doing postfit: ch23,Rares
>> Doing postfit: ch23,TTW_deta_llss_bin0
>> Doing postfit: ch23,TTW_deta_llss_bin1
>> Doing postfit: ch23,TTW_deta_llss_bin2
>> Doing postfit: ch23,TTW_deta_llss_bin3
>> Doing postfit: ch23,TTW_ooa
>> Doing postfit: ch23,TTZ
>> Doing postfit: ch23,VVV
>> Doing postfit: ch23,WZ
>> Doing postfit: ch23,ZZ
>> Doing postfit: ch23,data_fakes
>> Doing postfit: ch23,data_flips
>> Doing postfit: ch23,tHW
>> Doing postfit: ch23,tHq
>> Doing postfit: ch23,tZq
>> Doing postfit: ch23,ttH
>> Doing postfit: ch23,ttVV
>> Doing postfit: ch23,TotalBkg
>> Doing postfit: ch23,TotalSig
>> Doing postfit: ch23,TotalProcs
>> Doing postfit: ch24,Rares
>> Doing postfit: ch24,TTW_deta_llss_bin0
>> Doing postfit: ch24,TTW_deta_llss_bin1
>> Doing postfit: ch24,TTW_deta_llss_bin2
>> Doing postfit: ch24,TTW_deta_llss_bin3
>> Doing postfit: ch24,TTW_ooa
>> Doing postfit: ch24,TTZ
>> Doing postfit: ch24,VVV
>> Doing postfit: ch24,WZ
>> Doing postfit: ch24,ZZ
>> Doing postfit: ch24,data_fakes
>> Doing postfit: ch24,tHW
>> Doing postfit: ch24,tHq
>> Doing postfit: ch24,tZq
>> Doing postfit: ch24,ttH
>> Doing postfit: ch24,ttVV
>> Doing postfit: ch24,TotalBkg
>> Doing postfit: ch24,TotalSig
>> Doing postfit: ch24,TotalProcs
>> Doing postfit: ch3,Convs
>> Doing postfit: ch3,Rares
>> Doing postfit: ch3,TTW_deta_llss_bin0
>> Doing postfit: ch3,TTW_deta_llss_bin1
>> Doing postfit: ch3,TTW_deta_llss_bin2
>> Doing postfit: ch3,TTW_deta_llss_bin3
>> Doing postfit: ch3,TTW_ooa
>> Doing postfit: ch3,TTZ
>> Doing postfit: ch3,VVV
>> Doing postfit: ch3,WZ
>> Doing postfit: ch3,ZZ
>> Doing postfit: ch3,data_fakes
>> Doing postfit: ch3,data_flips
>> Doing postfit: ch3,tHW
>> Doing postfit: ch3,tHq
>> Doing postfit: ch3,tZq
>> Doing postfit: ch3,ttH
>> Doing postfit: ch3,ttVV
>> Doing postfit: ch3,TotalBkg
>> Doing postfit: ch3,TotalSig
>> Doing postfit: ch3,TotalProcs
>> Doing postfit: ch4,Convs
>> Doing postfit: ch4,Rares
>> Doing postfit: ch4,TTW_deta_llss_bin0
>> Doing postfit: ch4,TTW_deta_llss_bin1
>> Doing postfit: ch4,TTW_deta_llss_bin2
>> Doing postfit: ch4,TTW_deta_llss_bin3
>> Doing postfit: ch4,TTW_ooa
>> Doing postfit: ch4,TTZ
>> Doing postfit: ch4,VVV
>> Doing postfit: ch4,WZ
>> Doing postfit: ch4,ZZ
>> Doing postfit: ch4,data_fakes
>> Doing postfit: ch4,data_flips
>> Doing postfit: ch4,tHW
>> Doing postfit: ch4,tHq
>> Doing postfit: ch4,tZq
>> Doing postfit: ch4,ttH
>> Doing postfit: ch4,ttVV
>> Doing postfit: ch4,TotalBkg
>> Doing postfit: ch4,TotalSig
>> Doing postfit: ch4,TotalProcs
>> Doing postfit: ch5,Rares
>> Doing postfit: ch5,TTW_deta_llss_bin0
>> Doing postfit: ch5,TTW_deta_llss_bin1
>> Doing postfit: ch5,TTW_deta_llss_bin2
>> Doing postfit: ch5,TTW_deta_llss_bin3
>> Doing postfit: ch5,TTW_ooa
>> Doing postfit: ch5,TTZ
>> Doing postfit: ch5,VVV
>> Doing postfit: ch5,WZ
>> Doing postfit: ch5,ZZ
>> Doing postfit: ch5,data_fakes
>> Doing postfit: ch5,tHW
>> Doing postfit: ch5,tHq
>> Doing postfit: ch5,tZq
>> Doing postfit: ch5,ttH
>> Doing postfit: ch5,ttVV
>> Doing postfit: ch5,TotalBkg
>> Doing postfit: ch5,TotalSig
>> Doing postfit: ch5,TotalProcs
>> Doing postfit: ch6,Convs
>> Doing postfit: ch6,Rares
>> Doing postfit: ch6,TTW_deta_llss_bin0
>> Doing postfit: ch6,TTW_deta_llss_bin1
>> Doing postfit: ch6,TTW_deta_llss_bin2
>> Doing postfit: ch6,TTW_deta_llss_bin3
>> Doing postfit: ch6,TTW_ooa
>> Doing postfit: ch6,TTZ
>> Doing postfit: ch6,VVV
>> Doing postfit: ch6,WZ
>> Doing postfit: ch6,ZZ
>> Doing postfit: ch6,data_fakes
>> Doing postfit: ch6,data_flips
>> Doing postfit: ch6,tHW
>> Doing postfit: ch6,tHq
>> Doing postfit: ch6,tZq
>> Doing postfit: ch6,ttH
>> Doing postfit: ch6,ttVV
>> Doing postfit: ch6,TotalBkg
>> Doing postfit: ch6,TotalSig
>> Doing postfit: ch6,TotalProcs
>> Doing postfit: ch7,Convs
>> Doing postfit: ch7,Rares
>> Doing postfit: ch7,TTW_deta_llss_bin0
>> Doing postfit: ch7,TTW_deta_llss_bin1
>> Doing postfit: ch7,TTW_deta_llss_bin2
>> Doing postfit: ch7,TTW_deta_llss_bin3
>> Doing postfit: ch7,TTW_ooa
>> Doing postfit: ch7,TTZ
>> Doing postfit: ch7,VVV
>> Doing postfit: ch7,WZ
>> Doing postfit: ch7,ZZ
>> Doing postfit: ch7,data_fakes
>> Doing postfit: ch7,data_flips
>> Doing postfit: ch7,tHW
>> Doing postfit: ch7,tHq
>> Doing postfit: ch7,tZq
>> Doing postfit: ch7,ttH
>> Doing postfit: ch7,ttVV
>> Doing postfit: ch7,TotalBkg
>> Doing postfit: ch7,TotalSig
>> Doing postfit: ch7,TotalProcs
>> Doing postfit: ch8,Rares
>> Doing postfit: ch8,TTW_deta_llss_bin0
>> Doing postfit: ch8,TTW_deta_llss_bin1
>> Doing postfit: ch8,TTW_deta_llss_bin2
>> Doing postfit: ch8,TTW_deta_llss_bin3
>> Doing postfit: ch8,TTW_ooa
>> Doing postfit: ch8,TTZ
>> Doing postfit: ch8,VVV
>> Doing postfit: ch8,WZ
>> Doing postfit: ch8,ZZ
>> Doing postfit: ch8,data_fakes
>> Doing postfit: ch8,tHW
>> Doing postfit: ch8,tHq
>> Doing postfit: ch8,tZq
>> Doing postfit: ch8,ttH
>> Doing postfit: ch8,ttVV
>> Doing postfit: ch8,TotalBkg
>> Doing postfit: ch8,TotalSig
>> Doing postfit: ch8,TotalProcs
>> Doing postfit: ch9,Convs
>> Doing postfit: ch9,Rares
>> Doing postfit: ch9,TTW_deta_llss_bin0
>> Doing postfit: ch9,TTW_deta_llss_bin1
>> Doing postfit: ch9,TTW_deta_llss_bin2
>> Doing postfit: ch9,TTW_deta_llss_bin3
>> Doing postfit: ch9,TTW_ooa
>> Doing postfit: ch9,TTZ
>> Doing postfit: ch9,VVV
>> Doing postfit: ch9,WZ
>> Doing postfit: ch9,ZZ
>> Doing postfit: ch9,data_fakes
>> Doing postfit: ch9,data_flips
>> Doing postfit: ch9,tHW
>> Doing postfit: ch9,tHq
>> Doing postfit: ch9,tZq
>> Doing postfit: ch9,ttH
>> Doing postfit: ch9,ttVV
>> Doing postfit: ch9,TotalBkg
>> Doing postfit: ch9,TotalSig
>> Doing postfit: ch9,TotalProcs

Bin                       Total relative bkg uncert. (postfit)
----------------------------------------------------------
ch1                       0.10754   
ch10                      0.11633   
ch11                      0.07170   
ch12                      0.11599   
ch13                      0.09534   
ch14                      0.08689   
ch15                      0.09630   
ch16                      0.09816   
ch17                      0.08555   
ch18                      0.09105   
ch19                      0.09322   
ch2                       0.08851   
ch20                      0.07248   
ch21                      0.06904   
ch22                      0.09163   
ch23                      0.07016   
ch24                      0.07253   
ch3                       0.10370   
ch4                       0.07596   
ch5                       0.08866   
ch6                       0.09170   
ch7                       0.08194   
ch8                       0.09492   
ch9                       0.09446   

Bin                       Process              Scale factor
----------------------------------------------------------
ch1                       Convs                1.16033   
ch1                       Rares                1.09134   
ch1                       TTW_deta_llss_bin0   1.32139   
ch1                       TTW_deta_llss_bin1   1.36399   
ch1                       TTW_deta_llss_bin2   1.32074   
ch1                       TTW_deta_llss_bin3   2.01247   
ch1                       TTW_ooa              1.09443   
ch1                       TTZ                  1.32027   
ch1                       VVV                  1.41259   
ch1                       WZ                   1.24696   
ch1                       ZZ                   1.76920   
ch1                       data_fakes           1.36575   
ch1                       data_flips           0.95228   
ch1                       tHW                  1.08489   
ch1                       tHq                  1.08663   
ch1                       tZq                  1.21206   
ch1                       ttH                  1.05799   
ch1                       ttVV                 1.06504   
ch10                      Rares                1.06033   
ch10                      TTW_deta_llss_bin0   1.24358   
ch10                      TTW_deta_llss_bin1   1.30386   
ch10                      TTW_deta_llss_bin2   1.25106   
ch10                      TTW_deta_llss_bin3   1.89096   
ch10                      TTW_ooa              1.03533   
ch10                      TTZ                  1.19633   
ch10                      VVV                  1.32748   
ch10                      WZ                   1.23163   
ch10                      ZZ                   1.39868   
ch10                      data_fakes           0.94088   
ch10                      tHW                  1.02123   
ch10                      tHq                  1.02088   
ch10                      tZq                  1.17506   
ch10                      ttH                  1.01613   
ch10                      ttVV                 1.01995   
ch11                      Convs                0.97332   
ch11                      Rares                1.07239   
ch11                      TTW_deta_llss_bin0   1.27500   
ch11                      TTW_deta_llss_bin1   1.32685   
ch11                      TTW_deta_llss_bin2   1.29199   
ch11                      TTW_deta_llss_bin3   1.94031   
ch11                      TTW_ooa              1.06786   
ch11                      TTZ                  1.19006   
ch11                      VVV                  1.45894   
ch11                      WZ                   1.21123   
ch11                      ZZ                   1.56047   
ch11                      data_fakes           1.09304   
ch11                      data_flips           0.95215   
ch11                      tHW                  1.05866   
ch11                      tHq                  1.04592   
ch11                      tZq                  1.11776   
ch11                      ttH                  1.03783   
ch11                      ttVV                 1.03931   
ch12                      Rares                1.13358   
ch12                      TTW_deta_llss_bin0   1.24230   
ch12                      TTW_deta_llss_bin1   1.30242   
ch12                      TTW_deta_llss_bin2   1.25863   
ch12                      TTW_deta_llss_bin3   1.89386   
ch12                      TTW_ooa              1.03737   
ch12                      TTZ                  1.18937   
ch12                      VVV                  2.16968   
ch12                      WZ                   1.14380   
ch12                      ZZ                   1.70056   
ch12                      data_fakes           0.97007   
ch12                      tHW                  1.02572   
ch12                      tHq                  1.03306   
ch12                      tZq                  1.10511   
ch12                      ttH                  1.01437   
ch12                      ttVV                 1.01360   
ch13                      Convs                1.15638   
ch13                      Rares                1.15533   
ch13                      TTW_deta_llss_bin0   1.30240   
ch13                      TTW_deta_llss_bin1   1.35638   
ch13                      TTW_deta_llss_bin2   1.31032   
ch13                      TTW_deta_llss_bin3   1.99921   
ch13                      TTW_ooa              1.07634   
ch13                      TTZ                  0.94901   
ch13                      VVV                  1.19615   
ch13                      WZ                   1.01387   
ch13                      ZZ                   1.34241   
ch13                      data_fakes           1.28337   
ch13                      data_flips           0.95199   
ch13                      tHW                  1.03712   
ch13                      tHq                  1.05653   
ch13                      tZq                  1.11207   
ch13                      ttH                  1.04916   
ch13                      ttVV                 1.05641   
ch14                      Convs                1.14550   
ch14                      Rares                1.08094   
ch14                      TTW_deta_llss_bin0   1.26976   
ch14                      TTW_deta_llss_bin1   1.32730   
ch14                      TTW_deta_llss_bin2   1.28335   
ch14                      TTW_deta_llss_bin3   1.93058   
ch14                      TTW_ooa              1.03382   
ch14                      TTZ                  1.17948   
ch14                      VVV                  1.17027   
ch14                      WZ                   1.00585   
ch14                      ZZ                   1.56217   
ch14                      data_fakes           1.06809   
ch14                      data_flips           0.95209   
ch14                      tHW                  1.01929   
ch14                      tHq                  1.01984   
ch14                      tZq                  1.09560   
ch14                      ttH                  1.03075   
ch14                      ttVV                 1.03571   
ch15                      Rares                1.00456   
ch15                      TTW_deta_llss_bin0   1.23962   
ch15                      TTW_deta_llss_bin1   1.29308   
ch15                      TTW_deta_llss_bin2   1.25040   
ch15                      TTW_deta_llss_bin3   1.87482   
ch15                      TTW_ooa              0.99538   
ch15                      TTZ                  1.16569   
ch15                      VVV                  1.16504   
ch15                      WZ                   0.98340   
ch15                      ZZ                   1.44846   
ch15                      data_fakes           0.90983   
ch15                      tHW                  0.99111   
ch15                      tHq                  1.02403   
ch15                      tZq                  1.05015   
ch15                      ttH                  1.00264   
ch15                      ttVV                 1.00954   
ch16                      Convs                1.05431   
ch16                      Rares                1.05472   
ch16                      TTW_deta_llss_bin0   1.29893   
ch16                      TTW_deta_llss_bin1   1.35428   
ch16                      TTW_deta_llss_bin2   1.31235   
ch16                      TTW_deta_llss_bin3   1.99222   
ch16                      TTW_ooa              1.07252   
ch16                      TTZ                  1.22621   
ch16                      VVV                  1.27276   
ch16                      WZ                   1.01871   
ch16                      ZZ                   1.17557   
ch16                      data_fakes           1.33190   
ch16                      data_flips           0.95238   
ch16                      tHW                  1.04309   
ch16                      tHq                  1.05260   
ch16                      tZq                  1.12976   
ch16                      ttH                  1.04825   
ch16                      ttVV                 1.06088   
ch17                      Convs                1.06465   
ch17                      Rares                1.08478   
ch17                      TTW_deta_llss_bin0   1.27063   
ch17                      TTW_deta_llss_bin1   1.32577   
ch17                      TTW_deta_llss_bin2   1.27888   
ch17                      TTW_deta_llss_bin3   1.93773   
ch17                      TTW_ooa              1.02763   
ch17                      TTZ                  1.17902   
ch17                      VVV                  1.24327   
ch17                      WZ                   1.02995   
ch17                      ZZ                   1.32828   
ch17                      data_fakes           1.08008   
ch17                      data_flips           0.95220   
ch17                      tHW                  1.02393   
ch17                      tHq                  1.02672   
ch17                      tZq                  1.08612   
ch17                      ttH                  1.02880   
ch17                      ttVV                 1.03632   
ch18                      Rares                1.00051   
ch18                      TTW_deta_llss_bin0   1.24274   
ch18                      TTW_deta_llss_bin1   1.29009   
ch18                      TTW_deta_llss_bin2   1.25330   
ch18                      TTW_deta_llss_bin3   1.88525   
ch18                      TTW_ooa              0.99852   
ch18                      TTZ                  1.17126   
ch18                      VVV                  1.21149   
ch18                      WZ                   1.01228   
ch18                      ZZ                   1.11086   
ch18                      data_fakes           0.93651   
ch18                      tHW                  0.99476   
ch18                      tHq                  0.98997   
ch18                      tZq                  1.08657   
ch18                      ttH                  1.00488   
ch18                      ttVV                 1.01161   
ch19                      Convs                1.13782   
ch19                      Rares                0.89959   
ch19                      TTW_deta_llss_bin0   1.27725   
ch19                      TTW_deta_llss_bin1   1.33518   
ch19                      TTW_deta_llss_bin2   1.28774   
ch19                      TTW_deta_llss_bin3   1.95002   
ch19                      TTW_ooa              1.00574   
ch19                      TTZ                  1.11574   
ch19                      VVV                  1.21673   
ch19                      WZ                   0.96920   
ch19                      ZZ                   1.41768   
ch19                      data_fakes           1.27512   
ch19                      data_flips           0.95211   
ch19                      tHW                  1.03232   
ch19                      tHq                  1.00763   
ch19                      tZq                  1.08427   
ch19                      ttH                  1.02855   
ch19                      ttVV                 1.04547   
ch2                       Convs                1.17551   
ch2                       Rares                1.09279   
ch2                       TTW_deta_llss_bin0   1.28482   
ch2                       TTW_deta_llss_bin1   1.32766   
ch2                       TTW_deta_llss_bin2   1.29342   
ch2                       TTW_deta_llss_bin3   1.97213   
ch2                       TTW_ooa              1.06408   
ch2                       TTZ                  1.23276   
ch2                       VVV                  1.33934   
ch2                       WZ                   1.37361   
ch2                       ZZ                   1.52907   
ch2                       data_fakes           1.08667   
ch2                       data_flips           0.95245   
ch2                       tHW                  1.04046   
ch2                       tHq                  1.05661   
ch2                       tZq                  1.16143   
ch2                       ttH                  1.03595   
ch2                       ttVV                 1.04172   
ch20                      Convs                1.19908   
ch20                      Rares                1.06503   
ch20                      TTW_deta_llss_bin0   1.24890   
ch20                      TTW_deta_llss_bin1   1.30334   
ch20                      TTW_deta_llss_bin2   1.25218   
ch20                      TTW_deta_llss_bin3   1.88928   
ch20                      TTW_ooa              0.98719   
ch20                      TTZ                  1.20873   
ch20                      VVV                  1.21091   
ch20                      WZ                   1.00035   
ch20                      ZZ                   1.23363   
ch20                      data_fakes           1.11663   
ch20                      data_flips           0.95233   
ch20                      tHW                  1.00463   
ch20                      tHq                  0.98591   
ch20                      tZq                  1.05568   
ch20                      ttH                  1.01274   
ch20                      ttVV                 1.01756   
ch21                      Rares                0.92426   
ch21                      TTW_deta_llss_bin0   1.21989   
ch21                      TTW_deta_llss_bin1   1.27054   
ch21                      TTW_deta_llss_bin2   1.22824   
ch21                      TTW_deta_llss_bin3   1.84047   
ch21                      TTW_ooa              0.96254   
ch21                      TTZ                  1.13116   
ch21                      VVV                  1.18109   
ch21                      WZ                   0.98558   
ch21                      ZZ                   0.87383   
ch21                      data_fakes           0.94487   
ch21                      tHW                  0.98047   
ch21                      tHq                  0.96093   
ch21                      tZq                  1.04483   
ch21                      ttH                  0.98584   
ch21                      ttVV                 0.99130   
ch22                      Convs                1.18691   
ch22                      Rares                1.14395   
ch22                      TTW_deta_llss_bin0   1.27952   
ch22                      TTW_deta_llss_bin1   1.32638   
ch22                      TTW_deta_llss_bin2   1.28703   
ch22                      TTW_deta_llss_bin3   1.93355   
ch22                      TTW_ooa              1.02692   
ch22                      TTZ                  1.28870   
ch22                      VVV                  0.98830   
ch22                      WZ                   0.91325   
ch22                      ZZ                   1.29492   
ch22                      data_fakes           1.28791   
ch22                      data_flips           0.95215   
ch22                      tHW                  0.99685   
ch22                      tHq                  1.02250   
ch22                      tZq                  1.09883   
ch22                      ttH                  1.02455   
ch22                      ttVV                 1.04263   
ch23                      Convs                1.26277   
ch23                      Rares                1.04197   
ch23                      TTW_deta_llss_bin0   1.24995   
ch23                      TTW_deta_llss_bin1   1.29509   
ch23                      TTW_deta_llss_bin2   1.25708   
ch23                      TTW_deta_llss_bin3   1.89402   
ch23                      TTW_ooa              0.99486   
ch23                      TTZ                  1.13765   
ch23                      VVV                  1.21577   
ch23                      WZ                   0.99851   
ch23                      ZZ                   1.34160   
ch23                      data_fakes           1.08800   
ch23                      data_flips           0.95229   
ch23                      tHW                  1.00487   
ch23                      tHq                  0.99545   
ch23                      tZq                  1.04196   
ch23                      ttH                  1.00470   
ch23                      ttVV                 1.01828   
ch24                      Rares                1.08466   
ch24                      TTW_deta_llss_bin0   1.21609   
ch24                      TTW_deta_llss_bin1   1.26702   
ch24                      TTW_deta_llss_bin2   1.22017   
ch24                      TTW_deta_llss_bin3   1.84484   
ch24                      TTW_ooa              0.95919   
ch24                      TTZ                  1.14283   
ch24                      VVV                  1.19341   
ch24                      WZ                   0.99757   
ch24                      ZZ                   1.24204   
ch24                      data_fakes           0.95527   
ch24                      tHW                  0.97664   
ch24                      tHq                  0.97009   
ch24                      tZq                  1.06715   
ch24                      ttH                  0.98920   
ch24                      ttVV                 0.98748   
ch3                       Convs                1.12976   
ch3                       Rares                1.08342   
ch3                       TTW_deta_llss_bin0   1.30133   
ch3                       TTW_deta_llss_bin1   1.36857   
ch3                       TTW_deta_llss_bin2   1.30174   
ch3                       TTW_deta_llss_bin3   1.93328   
ch3                       TTW_ooa              1.07433   
ch3                       TTZ                  1.13370   
ch3                       VVV                  1.25427   
ch3                       WZ                   0.96498   
ch3                       ZZ                   1.36521   
ch3                       data_fakes           1.30796   
ch3                       data_flips           0.95173   
ch3                       tHW                  1.04956   
ch3                       tHq                  1.04350   
ch3                       tZq                  1.13519   
ch3                       ttH                  1.05387   
ch3                       ttVV                 1.06847   
ch4                       Convs                1.11493   
ch4                       Rares                0.97201   
ch4                       TTW_deta_llss_bin0   1.26381   
ch4                       TTW_deta_llss_bin1   1.32200   
ch4                       TTW_deta_llss_bin2   1.27067   
ch4                       TTW_deta_llss_bin3   1.92176   
ch4                       TTW_ooa              1.02806   
ch4                       TTZ                  1.24949   
ch4                       VVV                  1.26066   
ch4                       WZ                   1.01111   
ch4                       ZZ                   1.25412   
ch4                       data_fakes           1.14382   
ch4                       data_flips           0.95242   
ch4                       tHW                  1.01404   
ch4                       tHq                  1.02067   
ch4                       tZq                  1.08507   
ch4                       ttH                  1.02244   
ch4                       ttVV                 1.03002   
ch5                       Rares                1.02823   
ch5                       TTW_deta_llss_bin0   1.23189   
ch5                       TTW_deta_llss_bin1   1.27849   
ch5                       TTW_deta_llss_bin2   1.24176   
ch5                       TTW_deta_llss_bin3   1.85967   
ch5                       TTW_ooa              0.98915   
ch5                       TTZ                  1.15637   
ch5                       VVV                  1.22445   
ch5                       WZ                   0.98244   
ch5                       ZZ                   1.42435   
ch5                       data_fakes           0.93244   
ch5                       tHW                  0.98058   
ch5                       tHq                  0.99092   
ch5                       tZq                  1.02629   
ch5                       ttH                  0.99524   
ch5                       ttVV                 0.99598   
ch6                       Convs                1.28306   
ch6                       Rares                1.13905   
ch6                       TTW_deta_llss_bin0   1.31048   
ch6                       TTW_deta_llss_bin1   1.35964   
ch6                       TTW_deta_llss_bin2   1.31199   
ch6                       TTW_deta_llss_bin3   1.97382   
ch6                       TTW_ooa              1.09074   
ch6                       TTZ                  1.23069   
ch6                       VVV                  1.32772   
ch6                       WZ                   1.09334   
ch6                       ZZ                   1.43044   
ch6                       data_fakes           1.35331   
ch6                       data_flips           0.95333   
ch6                       tHW                  1.05501   
ch6                       tHq                  1.06408   
ch6                       tZq                  1.12180   
ch6                       ttH                  1.05086   
ch6                       ttVV                 1.06363   
ch7                       Convs                1.21369   
ch7                       Rares                1.06635   
ch7                       TTW_deta_llss_bin0   1.26509   
ch7                       TTW_deta_llss_bin1   1.31774   
ch7                       TTW_deta_llss_bin2   1.27657   
ch7                       TTW_deta_llss_bin3   1.92067   
ch7                       TTW_ooa              1.04196   
ch7                       TTZ                  1.21647   
ch7                       VVV                  1.24130   
ch7                       WZ                   1.03316   
ch7                       ZZ                   1.34164   
ch7                       data_fakes           1.12275   
ch7                       data_flips           0.95251   
ch7                       tHW                  1.01296   
ch7                       tHq                  1.02481   
ch7                       tZq                  1.09876   
ch7                       ttH                  1.02235   
ch7                       ttVV                 1.02829   
ch8                       Rares                1.06795   
ch8                       TTW_deta_llss_bin0   1.22858   
ch8                       TTW_deta_llss_bin1   1.28218   
ch8                       TTW_deta_llss_bin2   1.24215   
ch8                       TTW_deta_llss_bin3   1.85512   
ch8                       TTW_ooa              0.98792   
ch8                       TTZ                  1.16348   
ch8                       VVV                  1.17093   
ch8                       WZ                   0.98041   
ch8                       ZZ                   1.45489   
ch8                       data_fakes           0.96685   
ch8                       tHW                  0.98769   
ch8                       tHq                  0.99070   
ch8                       tZq                  1.04430   
ch8                       ttH                  0.99249   
ch8                       ttVV                 0.99847   
ch9                       Convs                1.15115   
ch9                       Rares                1.10557   
ch9                       TTW_deta_llss_bin0   1.30635   
ch9                       TTW_deta_llss_bin1   1.36208   
ch9                       TTW_deta_llss_bin2   1.30911   
ch9                       TTW_deta_llss_bin3   2.00728   
ch9                       TTW_ooa              1.08912   
ch9                       TTZ                  1.29555   
ch9                       VVV                  1.40605   
ch9                       WZ                   1.33511   
ch9                       ZZ                   1.52469   
ch9                       data_fakes           1.23431   
ch9                       data_flips           0.95130   
ch9                       tHW                  1.07052   
ch9                       tHq                  1.06123   
ch9                       tZq                  1.23616   
ch9                       ttH                  1.04765   
ch9                       ttVV                 1.06463   
