/mnt_pool/c3_users/user/cvico/WorkSpace/ttw-differential/cmssw-aug2024/CMSSW_10_4_0/src/CMGTools/TTHAnalysis/python/plotter/cards/cards/22Aug/unblinded/cr_nonprompt/nbjets_medium
WARNING: the default behaviour of PostFitShapesFromWorkspace is to use the covariance matrix sampling method for the post-fit uncertainty. The option --sampling is deprecated and will be removed in future versions of CombineHarvester
[SetFlag] Changing value of flag "workspaces-use-clone" from 0 to 1
[#1] INFO:ObjectHandling -- RooWorkspace::import(w) importing dataset ch1
[#1] INFO:ObjectHandling -- RooWorkspace::import(w) importing dataset ch2
[#1] INFO:ObjectHandling -- RooWorkspace::import(w) importing dataset ch3
[#1] INFO:ObjectHandling -- RooWorkspace::import(w) importing dataset ch4
[SetFlag] Changing value of flag "workspaces-use-clone" from 0 to 1
>> Doing prefit: TotalBkg
>> Doing prefit: TotalSig
>> Doing prefit: TotalProcs
>> Doing prefit: ch1,Convs
>> Doing prefit: ch1,Rares
>> Doing prefit: ch1,TTW_nbjets_medium_bin0
>> Doing prefit: ch1,TTW_nbjets_medium_bin1
>> Doing prefit: ch1,TTW_ooa
>> Doing prefit: ch1,TTZ
>> Doing prefit: ch1,VVV
>> Doing prefit: ch1,WZ
>> Doing prefit: ch1,ZZ
>> Doing prefit: ch1,data_fakes
>> Doing prefit: ch1,data_flips
>> Doing prefit: ch1,tHW
>> Doing prefit: ch1,tHq
>> Doing prefit: ch1,tZq
>> Doing prefit: ch1,ttH
>> Doing prefit: ch1,ttVV
>> Doing prefit: ch1,TotalBkg
>> Doing prefit: ch1,TotalSig
>> Doing prefit: ch1,TotalProcs
>> Doing prefit: ch2,Convs
>> Doing prefit: ch2,Rares
>> Doing prefit: ch2,TTW_nbjets_medium_bin0
>> Doing prefit: ch2,TTW_nbjets_medium_bin1
>> Doing prefit: ch2,TTW_ooa
>> Doing prefit: ch2,TTZ
>> Doing prefit: ch2,VVV
>> Doing prefit: ch2,WZ
>> Doing prefit: ch2,ZZ
>> Doing prefit: ch2,data_fakes
>> Doing prefit: ch2,data_flips
>> Doing prefit: ch2,tHW
>> Doing prefit: ch2,tHq
>> Doing prefit: ch2,tZq
>> Doing prefit: ch2,ttH
>> Doing prefit: ch2,ttVV
>> Doing prefit: ch2,TotalBkg
>> Doing prefit: ch2,TotalSig
>> Doing prefit: ch2,TotalProcs
>> Doing prefit: ch3,Convs
>> Doing prefit: ch3,Rares
>> Doing prefit: ch3,TTW_nbjets_medium_bin0
>> Doing prefit: ch3,TTW_nbjets_medium_bin1
>> Doing prefit: ch3,TTW_ooa
>> Doing prefit: ch3,TTZ
>> Doing prefit: ch3,VVV
>> Doing prefit: ch3,WZ
>> Doing prefit: ch3,ZZ
>> Doing prefit: ch3,data_fakes
>> Doing prefit: ch3,data_flips
>> Doing prefit: ch3,tHW
>> Doing prefit: ch3,tHq
>> Doing prefit: ch3,tZq
>> Doing prefit: ch3,ttH
>> Doing prefit: ch3,ttVV
>> Doing prefit: ch3,TotalBkg
>> Doing prefit: ch3,TotalSig
>> Doing prefit: ch3,TotalProcs
>> Doing prefit: ch4,Convs
>> Doing prefit: ch4,Rares
>> Doing prefit: ch4,TTW_nbjets_medium_bin0
>> Doing prefit: ch4,TTW_nbjets_medium_bin1
>> Doing prefit: ch4,TTW_nbjets_medium_bin2
>> Doing prefit: ch4,TTW_ooa
>> Doing prefit: ch4,TTZ
>> Doing prefit: ch4,VVV
>> Doing prefit: ch4,WZ
>> Doing prefit: ch4,ZZ
>> Doing prefit: ch4,data_fakes
>> Doing prefit: ch4,data_flips
>> Doing prefit: ch4,tHW
>> Doing prefit: ch4,tHq
>> Doing prefit: ch4,tZq
>> Doing prefit: ch4,ttH
>> Doing prefit: ch4,ttVV
>> Doing prefit: ch4,TotalBkg
>> Doing prefit: ch4,TotalSig
>> Doing prefit: ch4,TotalProcs
Bin                       Total relative bkg uncert. (prefit)
----------------------------------------------------------
ch1                       0.16392   
ch2                       0.14962   
ch3                       0.15098   
ch4                       0.13857   
>> Doing postfit: TotalBkg
>> Doing postfit: TotalSig
>> Doing postfit: TotalProcs
>> Doing postfit: ch1,Convs
>> Doing postfit: ch1,Rares
>> Doing postfit: ch1,TTW_nbjets_medium_bin0
>> Doing postfit: ch1,TTW_nbjets_medium_bin1
>> Doing postfit: ch1,TTW_ooa
>> Doing postfit: ch1,TTZ
>> Doing postfit: ch1,VVV
>> Doing postfit: ch1,WZ
>> Doing postfit: ch1,ZZ
>> Doing postfit: ch1,data_fakes
>> Doing postfit: ch1,data_flips
>> Doing postfit: ch1,tHW
>> Doing postfit: ch1,tHq
>> Doing postfit: ch1,tZq
>> Doing postfit: ch1,ttH
>> Doing postfit: ch1,ttVV
>> Doing postfit: ch1,TotalBkg
>> Doing postfit: ch1,TotalSig
>> Doing postfit: ch1,TotalProcs
>> Doing postfit: ch2,Convs
>> Doing postfit: ch2,Rares
>> Doing postfit: ch2,TTW_nbjets_medium_bin0
>> Doing postfit: ch2,TTW_nbjets_medium_bin1
>> Doing postfit: ch2,TTW_ooa
>> Doing postfit: ch2,TTZ
>> Doing postfit: ch2,VVV
>> Doing postfit: ch2,WZ
>> Doing postfit: ch2,ZZ
>> Doing postfit: ch2,data_fakes
>> Doing postfit: ch2,data_flips
>> Doing postfit: ch2,tHW
>> Doing postfit: ch2,tHq
>> Doing postfit: ch2,tZq
>> Doing postfit: ch2,ttH
>> Doing postfit: ch2,ttVV
>> Doing postfit: ch2,TotalBkg
>> Doing postfit: ch2,TotalSig
>> Doing postfit: ch2,TotalProcs
>> Doing postfit: ch3,Convs
>> Doing postfit: ch3,Rares
>> Doing postfit: ch3,TTW_nbjets_medium_bin0
>> Doing postfit: ch3,TTW_nbjets_medium_bin1
>> Doing postfit: ch3,TTW_ooa
>> Doing postfit: ch3,TTZ
>> Doing postfit: ch3,VVV
>> Doing postfit: ch3,WZ
>> Doing postfit: ch3,ZZ
>> Doing postfit: ch3,data_fakes
>> Doing postfit: ch3,data_flips
>> Doing postfit: ch3,tHW
>> Doing postfit: ch3,tHq
>> Doing postfit: ch3,tZq
>> Doing postfit: ch3,ttH
>> Doing postfit: ch3,ttVV
>> Doing postfit: ch3,TotalBkg
>> Doing postfit: ch3,TotalSig
>> Doing postfit: ch3,TotalProcs
>> Doing postfit: ch4,Convs
>> Doing postfit: ch4,Rares
>> Doing postfit: ch4,TTW_nbjets_medium_bin0
>> Doing postfit: ch4,TTW_nbjets_medium_bin1
>> Doing postfit: ch4,TTW_nbjets_medium_bin2
>> Doing postfit: ch4,TTW_ooa
>> Doing postfit: ch4,TTZ
>> Doing postfit: ch4,VVV
>> Doing postfit: ch4,WZ
>> Doing postfit: ch4,ZZ
>> Doing postfit: ch4,data_fakes
>> Doing postfit: ch4,data_flips
>> Doing postfit: ch4,tHW
>> Doing postfit: ch4,tHq
>> Doing postfit: ch4,tZq
>> Doing postfit: ch4,ttH
>> Doing postfit: ch4,ttVV
>> Doing postfit: ch4,TotalBkg
>> Doing postfit: ch4,TotalSig
>> Doing postfit: ch4,TotalProcs

Bin                       Total relative bkg uncert. (postfit)
----------------------------------------------------------
ch1                       0.15451   
ch2                       0.11630   
ch3                       0.11532   
ch4                       0.10111   

Bin                       Process              Scale factor
----------------------------------------------------------
ch1                       Convs                1.14267   
ch1                       Rares                1.85588   
ch1                       TTW_nbjets_medium_bin0 4.48486   
ch1                       TTW_nbjets_medium_bin1 0.20167   
ch1                       TTW_ooa              1.05191   
ch1                       TTZ                  1.16116   
ch1                       VVV                  1.33820   
ch1                       WZ                   1.13144   
ch1                       ZZ                   1.49330   
ch1                       data_fakes           1.35043   
ch1                       data_flips           0.93924   
ch1                       tHW                  1.09758   
ch1                       tHq                  1.07535   
ch1                       tZq                  1.16662   
ch1                       ttH                  1.04250   
ch1                       ttVV                 1.03430   
ch2                       Convs                1.14312   
ch2                       Rares                1.38715   
ch2                       TTW_nbjets_medium_bin0 4.42275   
ch2                       TTW_nbjets_medium_bin1 0.19115   
ch2                       TTW_ooa              1.00717   
ch2                       TTZ                  1.13561   
ch2                       VVV                  1.15017   
ch2                       WZ                   0.82683   
ch2                       ZZ                   1.08793   
ch2                       data_fakes           1.29444   
ch2                       data_flips           0.93924   
ch2                       tHW                  1.02720   
ch2                       tHq                  1.00680   
ch2                       tZq                  1.08910   
ch2                       ttH                  0.99784   
ch2                       ttVV                 0.99152   
ch3                       Convs                1.14267   
ch3                       Rares                1.20107   
ch3                       TTW_nbjets_medium_bin0 4.37184   
ch3                       TTW_nbjets_medium_bin1 0.20103   
ch3                       TTW_ooa              1.01686   
ch3                       TTZ                  1.10214   
ch3                       VVV                  1.17529   
ch3                       WZ                   0.79812   
ch3                       ZZ                   1.13793   
ch3                       data_fakes           1.39887   
ch3                       data_flips           0.93924   
ch3                       tHW                  0.97244   
ch3                       tHq                  1.03040   
ch3                       tZq                  1.06417   
ch3                       ttH                  1.01341   
ch3                       ttVV                 1.02255   
ch4                       Convs                1.14267   
ch4                       Rares                1.15453   
ch4                       TTW_nbjets_medium_bin0 4.37145   
ch4                       TTW_nbjets_medium_bin1 0.20686   
ch4                       TTW_nbjets_medium_bin2 0.90235   
ch4                       TTW_ooa              1.02271   
ch4                       TTZ                  1.19127   
ch4                       VVV                  1.19899   
ch4                       WZ                   0.73747   
ch4                       ZZ                   1.08744   
ch4                       data_fakes           1.32294   
ch4                       data_flips           0.93924   
ch4                       tHW                  0.99243   
ch4                       tHq                  0.95382   
ch4                       tZq                  1.06384   
ch4                       ttH                  0.99377   
ch4                       ttVV                 1.00875   
