WARNING: the default behaviour of PostFitShapesFromWorkspace is to use the covariance matrix sampling method for the post-fit uncertainty. The option --sampling is deprecated and will be removed in future versions of CombineHarvester
[SetFlag] Changing value of flag "workspaces-use-clone" from 0 to 1
[#1] INFO:ObjectHandling -- RooWorkspace::import(w) importing dataset ch1
[#1] INFO:ObjectHandling -- RooWorkspace::import(w) importing dataset ch10
[#1] INFO:ObjectHandling -- RooWorkspace::import(w) importing dataset ch11
[#1] INFO:ObjectHandling -- RooWorkspace::import(w) importing dataset ch12
[#1] INFO:ObjectHandling -- RooWorkspace::import(w) importing dataset ch2
[#1] INFO:ObjectHandling -- RooWorkspace::import(w) importing dataset ch3
[#1] INFO:ObjectHandling -- RooWorkspace::import(w) importing dataset ch4
[#1] INFO:ObjectHandling -- RooWorkspace::import(w) importing dataset ch5
[#1] INFO:ObjectHandling -- RooWorkspace::import(w) importing dataset ch6
[#1] INFO:ObjectHandling -- RooWorkspace::import(w) importing dataset ch7
[#1] INFO:ObjectHandling -- RooWorkspace::import(w) importing dataset ch8
[#1] INFO:ObjectHandling -- RooWorkspace::import(w) importing dataset ch9
[SetFlag] Changing value of flag "workspaces-use-clone" from 0 to 1
>> Doing prefit: TotalBkg
>> Doing prefit: TotalSig
>> Doing prefit: TotalProcs
>> Doing prefit: ch1,Convs
>> Doing prefit: ch1,Rares
>> Doing prefit: ch1,TTW_lep1_pt_bin0
>> Doing prefit: ch1,TTW_lep1_pt_bin1
>> Doing prefit: ch1,TTW_lep1_pt_bin2
>> Doing prefit: ch1,TTW_lep1_pt_bin3
>> Doing prefit: ch1,TTW_ooa
>> Doing prefit: ch1,TTZ
>> Doing prefit: ch1,VVV
>> Doing prefit: ch1,WZ
>> Doing prefit: ch1,ZZ
>> Doing prefit: ch1,data_fakes
>> Doing prefit: ch1,data_flips
>> Doing prefit: ch1,tHW
>> Doing prefit: ch1,tHq
>> Doing prefit: ch1,tZq
>> Doing prefit: ch1,ttH
>> Doing prefit: ch1,ttVV
>> Doing prefit: ch1,TotalBkg
>> Doing prefit: ch1,TotalSig
>> Doing prefit: ch1,TotalProcs
>> Doing prefit: ch10,Convs
>> Doing prefit: ch10,Rares
>> Doing prefit: ch10,TTW_lep1_pt_bin0
>> Doing prefit: ch10,TTW_lep1_pt_bin1
>> Doing prefit: ch10,TTW_lep1_pt_bin2
>> Doing prefit: ch10,TTW_lep1_pt_bin3
>> Doing prefit: ch10,TTW_ooa
>> Doing prefit: ch10,TTZ
>> Doing prefit: ch10,VVV
>> Doing prefit: ch10,WZ
>> Doing prefit: ch10,ZZ
>> Doing prefit: ch10,data_fakes
>> Doing prefit: ch10,data_flips
>> Doing prefit: ch10,tHW
>> Doing prefit: ch10,tHq
>> Doing prefit: ch10,tZq
>> Doing prefit: ch10,ttH
>> Doing prefit: ch10,ttVV
>> Doing prefit: ch10,TotalBkg
>> Doing prefit: ch10,TotalSig
>> Doing prefit: ch10,TotalProcs
>> Doing prefit: ch11,Convs
>> Doing prefit: ch11,Rares
>> Doing prefit: ch11,TTW_lep1_pt_bin0
>> Doing prefit: ch11,TTW_lep1_pt_bin1
>> Doing prefit: ch11,TTW_lep1_pt_bin2
>> Doing prefit: ch11,TTW_lep1_pt_bin3
>> Doing prefit: ch11,TTW_ooa
>> Doing prefit: ch11,TTZ
>> Doing prefit: ch11,VVV
>> Doing prefit: ch11,WZ
>> Doing prefit: ch11,ZZ
>> Doing prefit: ch11,data_fakes
>> Doing prefit: ch11,data_flips
>> Doing prefit: ch11,tHW
>> Doing prefit: ch11,tHq
>> Doing prefit: ch11,tZq
>> Doing prefit: ch11,ttH
>> Doing prefit: ch11,ttVV
>> Doing prefit: ch11,TotalBkg
>> Doing prefit: ch11,TotalSig
>> Doing prefit: ch11,TotalProcs
>> Doing prefit: ch12,Rares
>> Doing prefit: ch12,TTW_lep1_pt_bin0
>> Doing prefit: ch12,TTW_lep1_pt_bin1
>> Doing prefit: ch12,TTW_lep1_pt_bin2
>> Doing prefit: ch12,TTW_lep1_pt_bin3
>> Doing prefit: ch12,TTW_ooa
>> Doing prefit: ch12,TTZ
>> Doing prefit: ch12,VVV
>> Doing prefit: ch12,WZ
>> Doing prefit: ch12,ZZ
>> Doing prefit: ch12,data_fakes
>> Doing prefit: ch12,tHW
>> Doing prefit: ch12,tHq
>> Doing prefit: ch12,tZq
>> Doing prefit: ch12,ttH
>> Doing prefit: ch12,ttVV
>> Doing prefit: ch12,TotalBkg
>> Doing prefit: ch12,TotalSig
>> Doing prefit: ch12,TotalProcs
>> Doing prefit: ch2,Convs
>> Doing prefit: ch2,Rares
>> Doing prefit: ch2,TTW_lep1_pt_bin0
>> Doing prefit: ch2,TTW_lep1_pt_bin1
>> Doing prefit: ch2,TTW_lep1_pt_bin2
>> Doing prefit: ch2,TTW_lep1_pt_bin3
>> Doing prefit: ch2,TTW_ooa
>> Doing prefit: ch2,TTZ
>> Doing prefit: ch2,VVV
>> Doing prefit: ch2,WZ
>> Doing prefit: ch2,ZZ
>> Doing prefit: ch2,data_fakes
>> Doing prefit: ch2,data_flips
>> Doing prefit: ch2,tHW
>> Doing prefit: ch2,tHq
>> Doing prefit: ch2,tZq
>> Doing prefit: ch2,ttH
>> Doing prefit: ch2,ttVV
>> Doing prefit: ch2,TotalBkg
>> Doing prefit: ch2,TotalSig
>> Doing prefit: ch2,TotalProcs
>> Doing prefit: ch3,Rares
>> Doing prefit: ch3,TTW_lep1_pt_bin0
>> Doing prefit: ch3,TTW_lep1_pt_bin1
>> Doing prefit: ch3,TTW_lep1_pt_bin2
>> Doing prefit: ch3,TTW_lep1_pt_bin3
>> Doing prefit: ch3,TTW_ooa
>> Doing prefit: ch3,TTZ
>> Doing prefit: ch3,VVV
>> Doing prefit: ch3,WZ
>> Doing prefit: ch3,ZZ
>> Doing prefit: ch3,data_fakes
>> Doing prefit: ch3,tHW
>> Doing prefit: ch3,tHq
>> Doing prefit: ch3,tZq
>> Doing prefit: ch3,ttH
>> Doing prefit: ch3,ttVV
>> Doing prefit: ch3,TotalBkg
>> Doing prefit: ch3,TotalSig
>> Doing prefit: ch3,TotalProcs
>> Doing prefit: ch4,Convs
>> Doing prefit: ch4,Rares
>> Doing prefit: ch4,TTW_lep1_pt_bin0
>> Doing prefit: ch4,TTW_lep1_pt_bin1
>> Doing prefit: ch4,TTW_lep1_pt_bin2
>> Doing prefit: ch4,TTW_lep1_pt_bin3
>> Doing prefit: ch4,TTW_ooa
>> Doing prefit: ch4,TTZ
>> Doing prefit: ch4,VVV
>> Doing prefit: ch4,WZ
>> Doing prefit: ch4,ZZ
>> Doing prefit: ch4,data_fakes
>> Doing prefit: ch4,data_flips
>> Doing prefit: ch4,tHW
>> Doing prefit: ch4,tHq
>> Doing prefit: ch4,tZq
>> Doing prefit: ch4,ttH
>> Doing prefit: ch4,ttVV
>> Doing prefit: ch4,TotalBkg
>> Doing prefit: ch4,TotalSig
>> Doing prefit: ch4,TotalProcs
>> Doing prefit: ch5,Convs
>> Doing prefit: ch5,Rares
>> Doing prefit: ch5,TTW_lep1_pt_bin0
>> Doing prefit: ch5,TTW_lep1_pt_bin1
>> Doing prefit: ch5,TTW_lep1_pt_bin2
>> Doing prefit: ch5,TTW_lep1_pt_bin3
>> Doing prefit: ch5,TTW_ooa
>> Doing prefit: ch5,TTZ
>> Doing prefit: ch5,VVV
>> Doing prefit: ch5,WZ
>> Doing prefit: ch5,ZZ
>> Doing prefit: ch5,data_fakes
>> Doing prefit: ch5,data_flips
>> Doing prefit: ch5,tHW
>> Doing prefit: ch5,tHq
>> Doing prefit: ch5,tZq
>> Doing prefit: ch5,ttH
>> Doing prefit: ch5,ttVV
>> Doing prefit: ch5,TotalBkg
>> Doing prefit: ch5,TotalSig
>> Doing prefit: ch5,TotalProcs
>> Doing prefit: ch6,Rares
>> Doing prefit: ch6,TTW_lep1_pt_bin0
>> Doing prefit: ch6,TTW_lep1_pt_bin1
>> Doing prefit: ch6,TTW_lep1_pt_bin2
>> Doing prefit: ch6,TTW_lep1_pt_bin3
>> Doing prefit: ch6,TTW_ooa
>> Doing prefit: ch6,TTZ
>> Doing prefit: ch6,VVV
>> Doing prefit: ch6,WZ
>> Doing prefit: ch6,ZZ
>> Doing prefit: ch6,data_fakes
>> Doing prefit: ch6,tHW
>> Doing prefit: ch6,tHq
>> Doing prefit: ch6,tZq
>> Doing prefit: ch6,ttH
>> Doing prefit: ch6,ttVV
>> Doing prefit: ch6,TotalBkg
>> Doing prefit: ch6,TotalSig
>> Doing prefit: ch6,TotalProcs
>> Doing prefit: ch7,Convs
>> Doing prefit: ch7,Rares
>> Doing prefit: ch7,TTW_lep1_pt_bin0
>> Doing prefit: ch7,TTW_lep1_pt_bin1
>> Doing prefit: ch7,TTW_lep1_pt_bin2
>> Doing prefit: ch7,TTW_lep1_pt_bin3
>> Doing prefit: ch7,TTW_ooa
>> Doing prefit: ch7,TTZ
>> Doing prefit: ch7,VVV
>> Doing prefit: ch7,WZ
>> Doing prefit: ch7,ZZ
>> Doing prefit: ch7,data_fakes
>> Doing prefit: ch7,data_flips
>> Doing prefit: ch7,tHW
>> Doing prefit: ch7,tHq
>> Doing prefit: ch7,tZq
>> Doing prefit: ch7,ttH
>> Doing prefit: ch7,ttVV
>> Doing prefit: ch7,TotalBkg
>> Doing prefit: ch7,TotalSig
>> Doing prefit: ch7,TotalProcs
>> Doing prefit: ch8,Convs
>> Doing prefit: ch8,Rares
>> Doing prefit: ch8,TTW_lep1_pt_bin0
>> Doing prefit: ch8,TTW_lep1_pt_bin1
>> Doing prefit: ch8,TTW_lep1_pt_bin2
>> Doing prefit: ch8,TTW_lep1_pt_bin3
>> Doing prefit: ch8,TTW_ooa
>> Doing prefit: ch8,TTZ
>> Doing prefit: ch8,VVV
>> Doing prefit: ch8,WZ
>> Doing prefit: ch8,ZZ
>> Doing prefit: ch8,data_fakes
>> Doing prefit: ch8,data_flips
>> Doing prefit: ch8,tHW
>> Doing prefit: ch8,tHq
>> Doing prefit: ch8,tZq
>> Doing prefit: ch8,ttH
>> Doing prefit: ch8,ttVV
>> Doing prefit: ch8,TotalBkg
>> Doing prefit: ch8,TotalSig
>> Doing prefit: ch8,TotalProcs
>> Doing prefit: ch9,Rares
>> Doing prefit: ch9,TTW_lep1_pt_bin0
>> Doing prefit: ch9,TTW_lep1_pt_bin1
>> Doing prefit: ch9,TTW_lep1_pt_bin2
>> Doing prefit: ch9,TTW_lep1_pt_bin3
>> Doing prefit: ch9,TTW_ooa
>> Doing prefit: ch9,TTZ
>> Doing prefit: ch9,VVV
>> Doing prefit: ch9,WZ
>> Doing prefit: ch9,ZZ
>> Doing prefit: ch9,data_fakes
>> Doing prefit: ch9,tHW
>> Doing prefit: ch9,tHq
>> Doing prefit: ch9,tZq
>> Doing prefit: ch9,ttH
>> Doing prefit: ch9,ttVV
>> Doing prefit: ch9,TotalBkg
>> Doing prefit: ch9,TotalSig
>> Doing prefit: ch9,TotalProcs
Bin                       Total relative bkg uncert. (prefit)
----------------------------------------------------------
ch1                       0.13352   
ch10                      0.16242   
ch11                      0.10732   
ch12                      0.14571   
ch2                       0.11744   
ch3                       0.14518   
ch4                       0.18746   
ch5                       0.11569   
ch6                       0.15333   
ch7                       0.15078   
ch8                       0.12475   
ch9                       0.15622   
>> Doing postfit: TotalBkg
>> Doing postfit: TotalSig
>> Doing postfit: TotalProcs
>> Doing postfit: ch1,Convs
>> Doing postfit: ch1,Rares
>> Doing postfit: ch1,TTW_lep1_pt_bin0
>> Doing postfit: ch1,TTW_lep1_pt_bin1
>> Doing postfit: ch1,TTW_lep1_pt_bin2
>> Doing postfit: ch1,TTW_lep1_pt_bin3
>> Doing postfit: ch1,TTW_ooa
>> Doing postfit: ch1,TTZ
>> Doing postfit: ch1,VVV
>> Doing postfit: ch1,WZ
>> Doing postfit: ch1,ZZ
>> Doing postfit: ch1,data_fakes
>> Doing postfit: ch1,data_flips
>> Doing postfit: ch1,tHW
>> Doing postfit: ch1,tHq
>> Doing postfit: ch1,tZq
>> Doing postfit: ch1,ttH
>> Doing postfit: ch1,ttVV
>> Doing postfit: ch1,TotalBkg
>> Doing postfit: ch1,TotalSig
>> Doing postfit: ch1,TotalProcs
>> Doing postfit: ch10,Convs
>> Doing postfit: ch10,Rares
>> Doing postfit: ch10,TTW_lep1_pt_bin0
>> Doing postfit: ch10,TTW_lep1_pt_bin1
>> Doing postfit: ch10,TTW_lep1_pt_bin2
>> Doing postfit: ch10,TTW_lep1_pt_bin3
>> Doing postfit: ch10,TTW_ooa
>> Doing postfit: ch10,TTZ
>> Doing postfit: ch10,VVV
>> Doing postfit: ch10,WZ
>> Doing postfit: ch10,ZZ
>> Doing postfit: ch10,data_fakes
>> Doing postfit: ch10,data_flips
>> Doing postfit: ch10,tHW
>> Doing postfit: ch10,tHq
>> Doing postfit: ch10,tZq
>> Doing postfit: ch10,ttH
>> Doing postfit: ch10,ttVV
>> Doing postfit: ch10,TotalBkg
>> Doing postfit: ch10,TotalSig
>> Doing postfit: ch10,TotalProcs
>> Doing postfit: ch11,Convs
>> Doing postfit: ch11,Rares
>> Doing postfit: ch11,TTW_lep1_pt_bin0
>> Doing postfit: ch11,TTW_lep1_pt_bin1
>> Doing postfit: ch11,TTW_lep1_pt_bin2
>> Doing postfit: ch11,TTW_lep1_pt_bin3
>> Doing postfit: ch11,TTW_ooa
>> Doing postfit: ch11,TTZ
>> Doing postfit: ch11,VVV
>> Doing postfit: ch11,WZ
>> Doing postfit: ch11,ZZ
>> Doing postfit: ch11,data_fakes
>> Doing postfit: ch11,data_flips
>> Doing postfit: ch11,tHW
>> Doing postfit: ch11,tHq
>> Doing postfit: ch11,tZq
>> Doing postfit: ch11,ttH
>> Doing postfit: ch11,ttVV
>> Doing postfit: ch11,TotalBkg
>> Doing postfit: ch11,TotalSig
>> Doing postfit: ch11,TotalProcs
>> Doing postfit: ch12,Rares
>> Doing postfit: ch12,TTW_lep1_pt_bin0
>> Doing postfit: ch12,TTW_lep1_pt_bin1
>> Doing postfit: ch12,TTW_lep1_pt_bin2
>> Doing postfit: ch12,TTW_lep1_pt_bin3
>> Doing postfit: ch12,TTW_ooa
>> Doing postfit: ch12,TTZ
>> Doing postfit: ch12,VVV
>> Doing postfit: ch12,WZ
>> Doing postfit: ch12,ZZ
>> Doing postfit: ch12,data_fakes
>> Doing postfit: ch12,tHW
>> Doing postfit: ch12,tHq
>> Doing postfit: ch12,tZq
>> Doing postfit: ch12,ttH
>> Doing postfit: ch12,ttVV
>> Doing postfit: ch12,TotalBkg
>> Doing postfit: ch12,TotalSig
>> Doing postfit: ch12,TotalProcs
>> Doing postfit: ch2,Convs
>> Doing postfit: ch2,Rares
>> Doing postfit: ch2,TTW_lep1_pt_bin0
>> Doing postfit: ch2,TTW_lep1_pt_bin1
>> Doing postfit: ch2,TTW_lep1_pt_bin2
>> Doing postfit: ch2,TTW_lep1_pt_bin3
>> Doing postfit: ch2,TTW_ooa
>> Doing postfit: ch2,TTZ
>> Doing postfit: ch2,VVV
>> Doing postfit: ch2,WZ
>> Doing postfit: ch2,ZZ
>> Doing postfit: ch2,data_fakes
>> Doing postfit: ch2,data_flips
>> Doing postfit: ch2,tHW
>> Doing postfit: ch2,tHq
>> Doing postfit: ch2,tZq
>> Doing postfit: ch2,ttH
>> Doing postfit: ch2,ttVV
>> Doing postfit: ch2,TotalBkg
>> Doing postfit: ch2,TotalSig
>> Doing postfit: ch2,TotalProcs
>> Doing postfit: ch3,Rares
>> Doing postfit: ch3,TTW_lep1_pt_bin0
>> Doing postfit: ch3,TTW_lep1_pt_bin1
>> Doing postfit: ch3,TTW_lep1_pt_bin2
>> Doing postfit: ch3,TTW_lep1_pt_bin3
>> Doing postfit: ch3,TTW_ooa
>> Doing postfit: ch3,TTZ
>> Doing postfit: ch3,VVV
>> Doing postfit: ch3,WZ
>> Doing postfit: ch3,ZZ
>> Doing postfit: ch3,data_fakes
>> Doing postfit: ch3,tHW
>> Doing postfit: ch3,tHq
>> Doing postfit: ch3,tZq
>> Doing postfit: ch3,ttH
>> Doing postfit: ch3,ttVV
>> Doing postfit: ch3,TotalBkg
>> Doing postfit: ch3,TotalSig
>> Doing postfit: ch3,TotalProcs
>> Doing postfit: ch4,Convs
>> Doing postfit: ch4,Rares
>> Doing postfit: ch4,TTW_lep1_pt_bin0
>> Doing postfit: ch4,TTW_lep1_pt_bin1
>> Doing postfit: ch4,TTW_lep1_pt_bin2
>> Doing postfit: ch4,TTW_lep1_pt_bin3
>> Doing postfit: ch4,TTW_ooa
>> Doing postfit: ch4,TTZ
>> Doing postfit: ch4,VVV
>> Doing postfit: ch4,WZ
>> Doing postfit: ch4,ZZ
>> Doing postfit: ch4,data_fakes
>> Doing postfit: ch4,data_flips
>> Doing postfit: ch4,tHW
>> Doing postfit: ch4,tHq
>> Doing postfit: ch4,tZq
>> Doing postfit: ch4,ttH
>> Doing postfit: ch4,ttVV
>> Doing postfit: ch4,TotalBkg
>> Doing postfit: ch4,TotalSig
>> Doing postfit: ch4,TotalProcs
>> Doing postfit: ch5,Convs
>> Doing postfit: ch5,Rares
>> Doing postfit: ch5,TTW_lep1_pt_bin0
>> Doing postfit: ch5,TTW_lep1_pt_bin1
>> Doing postfit: ch5,TTW_lep1_pt_bin2
>> Doing postfit: ch5,TTW_lep1_pt_bin3
>> Doing postfit: ch5,TTW_ooa
>> Doing postfit: ch5,TTZ
>> Doing postfit: ch5,VVV
>> Doing postfit: ch5,WZ
>> Doing postfit: ch5,ZZ
>> Doing postfit: ch5,data_fakes
>> Doing postfit: ch5,data_flips
>> Doing postfit: ch5,tHW
>> Doing postfit: ch5,tHq
>> Doing postfit: ch5,tZq
>> Doing postfit: ch5,ttH
>> Doing postfit: ch5,ttVV
>> Doing postfit: ch5,TotalBkg
>> Doing postfit: ch5,TotalSig
>> Doing postfit: ch5,TotalProcs
>> Doing postfit: ch6,Rares
>> Doing postfit: ch6,TTW_lep1_pt_bin0
>> Doing postfit: ch6,TTW_lep1_pt_bin1
>> Doing postfit: ch6,TTW_lep1_pt_bin2
>> Doing postfit: ch6,TTW_lep1_pt_bin3
>> Doing postfit: ch6,TTW_ooa
>> Doing postfit: ch6,TTZ
>> Doing postfit: ch6,VVV
>> Doing postfit: ch6,WZ
>> Doing postfit: ch6,ZZ
>> Doing postfit: ch6,data_fakes
>> Doing postfit: ch6,tHW
>> Doing postfit: ch6,tHq
>> Doing postfit: ch6,tZq
>> Doing postfit: ch6,ttH
>> Doing postfit: ch6,ttVV
>> Doing postfit: ch6,TotalBkg
>> Doing postfit: ch6,TotalSig
>> Doing postfit: ch6,TotalProcs
>> Doing postfit: ch7,Convs
>> Doing postfit: ch7,Rares
>> Doing postfit: ch7,TTW_lep1_pt_bin0
>> Doing postfit: ch7,TTW_lep1_pt_bin1
>> Doing postfit: ch7,TTW_lep1_pt_bin2
>> Doing postfit: ch7,TTW_lep1_pt_bin3
>> Doing postfit: ch7,TTW_ooa
>> Doing postfit: ch7,TTZ
>> Doing postfit: ch7,VVV
>> Doing postfit: ch7,WZ
>> Doing postfit: ch7,ZZ
>> Doing postfit: ch7,data_fakes
>> Doing postfit: ch7,data_flips
>> Doing postfit: ch7,tHW
>> Doing postfit: ch7,tHq
>> Doing postfit: ch7,tZq
>> Doing postfit: ch7,ttH
>> Doing postfit: ch7,ttVV
>> Doing postfit: ch7,TotalBkg
>> Doing postfit: ch7,TotalSig
>> Doing postfit: ch7,TotalProcs
>> Doing postfit: ch8,Convs
>> Doing postfit: ch8,Rares
>> Doing postfit: ch8,TTW_lep1_pt_bin0
>> Doing postfit: ch8,TTW_lep1_pt_bin1
>> Doing postfit: ch8,TTW_lep1_pt_bin2
>> Doing postfit: ch8,TTW_lep1_pt_bin3
>> Doing postfit: ch8,TTW_ooa
>> Doing postfit: ch8,TTZ
>> Doing postfit: ch8,VVV
>> Doing postfit: ch8,WZ
>> Doing postfit: ch8,ZZ
>> Doing postfit: ch8,data_fakes
>> Doing postfit: ch8,data_flips
>> Doing postfit: ch8,tHW
>> Doing postfit: ch8,tHq
>> Doing postfit: ch8,tZq
>> Doing postfit: ch8,ttH
>> Doing postfit: ch8,ttVV
>> Doing postfit: ch8,TotalBkg
>> Doing postfit: ch8,TotalSig
>> Doing postfit: ch8,TotalProcs
>> Doing postfit: ch9,Rares
>> Doing postfit: ch9,TTW_lep1_pt_bin0
>> Doing postfit: ch9,TTW_lep1_pt_bin1
>> Doing postfit: ch9,TTW_lep1_pt_bin2
>> Doing postfit: ch9,TTW_lep1_pt_bin3
>> Doing postfit: ch9,TTW_ooa
>> Doing postfit: ch9,TTZ
>> Doing postfit: ch9,VVV
>> Doing postfit: ch9,WZ
>> Doing postfit: ch9,ZZ
>> Doing postfit: ch9,data_fakes
>> Doing postfit: ch9,tHW
>> Doing postfit: ch9,tHq
>> Doing postfit: ch9,tZq
>> Doing postfit: ch9,ttH
>> Doing postfit: ch9,ttVV
>> Doing postfit: ch9,TotalBkg
>> Doing postfit: ch9,TotalSig
>> Doing postfit: ch9,TotalProcs

Bin                       Total relative bkg uncert. (postfit)
----------------------------------------------------------
ch1                       0.09112   
ch10                      0.09963   
ch11                      0.07064   
ch12                      0.07527   
ch2                       0.08137   
ch3                       0.08343   
ch4                       0.14728   
ch5                       0.08136   
ch6                       0.10125   
ch7                       0.10499   
ch8                       0.08903   
ch9                       0.08660   

Bin                       Process              Scale factor
----------------------------------------------------------
ch1                       Convs                1.15304   
ch1                       Rares                1.07703   
ch1                       TTW_lep1_pt_bin0     1.52513   
ch1                       TTW_lep1_pt_bin1     1.33685   
ch1                       TTW_lep1_pt_bin2     1.42147   
ch1                       TTW_lep1_pt_bin3     1.42027   
ch1                       TTW_ooa              1.07529   
ch1                       TTZ                  1.05107   
ch1                       VVV                  1.30509   
ch1                       WZ                   1.06975   
ch1                       ZZ                   1.41973   
ch1                       data_fakes           1.16385   
ch1                       data_flips           1.00135   
ch1                       tHW                  1.06186   
ch1                       tHq                  1.07260   
ch1                       tZq                  1.21073   
ch1                       ttH                  1.06072   
ch1                       ttVV                 1.08295   
ch10                      Convs                1.25841   
ch10                      Rares                1.05744   
ch10                      TTW_lep1_pt_bin0     1.42848   
ch10                      TTW_lep1_pt_bin1     1.31459   
ch10                      TTW_lep1_pt_bin2     1.41378   
ch10                      TTW_lep1_pt_bin3     1.43384   
ch10                      TTW_ooa              1.06697   
ch10                      TTZ                  1.20468   
ch10                      VVV                  1.02333   
ch10                      WZ                   0.93762   
ch10                      ZZ                   1.38609   
ch10                      data_fakes           1.22943   
ch10                      data_flips           1.00075   
ch10                      tHW                  1.01169   
ch10                      tHq                  1.03831   
ch10                      tZq                  1.07680   
ch10                      ttH                  1.03745   
ch10                      ttVV                 1.06283   
ch11                      Convs                1.05387   
ch11                      Rares                1.04398   
ch11                      TTW_lep1_pt_bin0     1.44132   
ch11                      TTW_lep1_pt_bin1     1.26614   
ch11                      TTW_lep1_pt_bin2     1.38418   
ch11                      TTW_lep1_pt_bin3     1.40193   
ch11                      TTW_ooa              0.98213   
ch11                      TTZ                  1.13084   
ch11                      VVV                  1.25127   
ch11                      WZ                   1.00616   
ch11                      ZZ                   1.38950   
ch11                      data_fakes           1.05999   
ch11                      data_flips           1.00068   
ch11                      tHW                  1.01748   
ch11                      tHq                  1.00648   
ch11                      tZq                  1.06828   
ch11                      ttH                  1.02156   
ch11                      ttVV                 1.03575   
ch12                      Rares                1.09206   
ch12                      TTW_lep1_pt_bin0     1.39535   
ch12                      TTW_lep1_pt_bin1     1.24416   
ch12                      TTW_lep1_pt_bin2     1.32217   
ch12                      TTW_lep1_pt_bin3     1.37261   
ch12                      TTW_ooa              0.96346   
ch12                      TTZ                  1.16100   
ch12                      VVV                  1.21840   
ch12                      WZ                   1.00237   
ch12                      ZZ                   1.41955   
ch12                      data_fakes           0.99977   
ch12                      tHW                  0.98627   
ch12                      tHq                  0.97803   
ch12                      tZq                  1.03720   
ch12                      ttH                  0.97704   
ch12                      ttVV                 1.00262   
ch2                       Convs                1.00426   
ch2                       Rares                1.07566   
ch2                       TTW_lep1_pt_bin0     1.42485   
ch2                       TTW_lep1_pt_bin1     1.26944   
ch2                       TTW_lep1_pt_bin2     1.41161   
ch2                       TTW_lep1_pt_bin3     1.39009   
ch2                       TTW_ooa              1.04522   
ch2                       TTZ                  1.22213   
ch2                       VVV                  1.24366   
ch2                       WZ                   1.01926   
ch2                       ZZ                   1.33101   
ch2                       data_fakes           1.03533   
ch2                       data_flips           1.00048   
ch2                       tHW                  1.01548   
ch2                       tHq                  1.02456   
ch2                       tZq                  1.16283   
ch2                       ttH                  1.01439   
ch2                       ttVV                 1.04128   
ch3                       Rares                1.09689   
ch3                       TTW_lep1_pt_bin0     1.41895   
ch3                       TTW_lep1_pt_bin1     1.24022   
ch3                       TTW_lep1_pt_bin2     1.35786   
ch3                       TTW_lep1_pt_bin3     1.35641   
ch3                       TTW_ooa              0.96998   
ch3                       TTZ                  1.13671   
ch3                       VVV                  1.09148   
ch3                       WZ                   0.96462   
ch3                       ZZ                   1.45941   
ch3                       data_fakes           0.93110   
ch3                       tHW                  0.98907   
ch3                       tHq                  0.99397   
ch3                       tZq                  0.97433   
ch3                       ttH                  0.96827   
ch3                       ttVV                 1.00904   
ch4                       Convs                1.46126   
ch4                       Rares                1.17819   
ch4                       TTW_lep1_pt_bin0     1.60150   
ch4                       TTW_lep1_pt_bin1     1.26503   
ch4                       TTW_lep1_pt_bin2     1.48523   
ch4                       TTW_lep1_pt_bin3     1.43135   
ch4                       TTW_ooa              1.16716   
ch4                       TTZ                  1.06131   
ch4                       VVV                  1.44078   
ch4                       WZ                   1.22580   
ch4                       ZZ                   1.73984   
ch4                       data_fakes           1.23642   
ch4                       data_flips           1.00118   
ch4                       tHW                  1.09179   
ch4                       tHq                  1.09555   
ch4                       tZq                  1.33830   
ch4                       ttH                  0.99247   
ch4                       ttVV                 1.08365   
ch5                       Convs                1.08271   
ch5                       Rares                1.08885   
ch5                       TTW_lep1_pt_bin0     1.39881   
ch5                       TTW_lep1_pt_bin1     1.27358   
ch5                       TTW_lep1_pt_bin2     1.42909   
ch5                       TTW_lep1_pt_bin3     1.42513   
ch5                       TTW_ooa              1.09340   
ch5                       TTZ                  1.15780   
ch5                       VVV                  1.44458   
ch5                       WZ                   1.19788   
ch5                       ZZ                   1.58487   
ch5                       data_fakes           1.06665   
ch5                       data_flips           1.00050   
ch5                       tHW                  1.06195   
ch5                       tHq                  1.05142   
ch5                       tZq                  1.19571   
ch5                       ttH                  1.00837   
ch5                       ttVV                 1.05493   
ch6                       Rares                1.10845   
ch6                       TTW_lep1_pt_bin0     1.43111   
ch6                       TTW_lep1_pt_bin1     1.27878   
ch6                       TTW_lep1_pt_bin2     1.39065   
ch6                       TTW_lep1_pt_bin3     1.35093   
ch6                       TTW_ooa              1.04210   
ch6                       TTZ                  1.20822   
ch6                       VVV                  1.93917   
ch6                       WZ                   1.13247   
ch6                       ZZ                   1.70944   
ch6                       data_fakes           1.02033   
ch6                       tHW                  1.02840   
ch6                       tHq                  1.03954   
ch6                       tZq                  1.05449   
ch6                       ttH                  1.05187   
ch6                       ttVV                 1.02482   
ch7                       Convs                0.98462   
ch7                       Rares                1.07860   
ch7                       TTW_lep1_pt_bin0     1.58199   
ch7                       TTW_lep1_pt_bin1     1.35278   
ch7                       TTW_lep1_pt_bin2     1.46959   
ch7                       TTW_lep1_pt_bin3     1.48669   
ch7                       TTW_ooa              1.10315   
ch7                       TTZ                  1.12347   
ch7                       VVV                  1.26725   
ch7                       WZ                   1.00131   
ch7                       ZZ                   1.19392   
ch7                       data_fakes           1.13358   
ch7                       data_flips           1.00030   
ch7                       tHW                  1.04878   
ch7                       tHq                  1.04765   
ch7                       tZq                  1.09295   
ch7                       ttH                  1.05653   
ch7                       ttVV                 1.07713   
ch8                       Convs                1.25583   
ch8                       Rares                1.13306   
ch8                       TTW_lep1_pt_bin0     1.47158   
ch8                       TTW_lep1_pt_bin1     1.28759   
ch8                       TTW_lep1_pt_bin2     1.41369   
ch8                       TTW_lep1_pt_bin3     1.41481   
ch8                       TTW_ooa              1.02446   
ch8                       TTZ                  1.23005   
ch8                       VVV                  1.25060   
ch8                       WZ                   1.02261   
ch8                       ZZ                   1.29728   
ch8                       data_fakes           1.04917   
ch8                       data_flips           1.00075   
ch8                       tHW                  1.02937   
ch8                       tHq                  1.02922   
ch8                       tZq                  1.05599   
ch8                       ttH                  1.01403   
ch8                       ttVV                 1.04885   
ch9                       Rares                1.04589   
ch9                       TTW_lep1_pt_bin0     1.45852   
ch9                       TTW_lep1_pt_bin1     1.27684   
ch9                       TTW_lep1_pt_bin2     1.33024   
ch9                       TTW_lep1_pt_bin3     1.38182   
ch9                       TTW_ooa              0.99336   
ch9                       TTZ                  1.18856   
ch9                       VVV                  1.22930   
ch9                       WZ                   1.00065   
ch9                       ZZ                   1.09705   
ch9                       data_fakes           0.97752   
ch9                       tHW                  0.99886   
ch9                       tHq                  0.99351   
ch9                       tZq                  1.08504   
ch9                       ttH                  1.00942   
ch9                       ttVV                 1.02103   
