WARNING: the default behaviour of PostFitShapesFromWorkspace is to use the covariance matrix sampling method for the post-fit uncertainty. The option --sampling is deprecated and will be removed in future versions of CombineHarvester
[SetFlag] Changing value of flag "workspaces-use-clone" from 0 to 1
[#1] INFO:ObjectHandling -- RooWorkspace::import(w) importing dataset ch1
[#1] INFO:ObjectHandling -- RooWorkspace::import(w) importing dataset ch2
[#1] INFO:ObjectHandling -- RooWorkspace::import(w) importing dataset ch3
[#1] INFO:ObjectHandling -- RooWorkspace::import(w) importing dataset ch4
[SetFlag] Changing value of flag "workspaces-use-clone" from 0 to 1
>> Doing prefit: TotalBkg
>> Doing prefit: TotalSig
>> Doing prefit: TotalProcs
>> Doing prefit: ch1,Convs
>> Doing prefit: ch1,Rares
>> Doing prefit: ch1,TTW_dR_ll_bin0
>> Doing prefit: ch1,TTW_dR_ll_bin1
>> Doing prefit: ch1,TTW_dR_ll_bin2
>> Doing prefit: ch1,TTW_dR_ll_bin3
>> Doing prefit: ch1,TTW_ooa
>> Doing prefit: ch1,TTZ
>> Doing prefit: ch1,VVV
>> Doing prefit: ch1,WZ
>> Doing prefit: ch1,ZZ
>> Doing prefit: ch1,data_fakes
>> Doing prefit: ch1,data_flips
>> Doing prefit: ch1,tHW
>> Doing prefit: ch1,tHq
>> Doing prefit: ch1,tZq
>> Doing prefit: ch1,ttH
>> Doing prefit: ch1,ttVV
>> Doing prefit: ch1,TotalBkg
>> Doing prefit: ch1,TotalSig
>> Doing prefit: ch1,TotalProcs
>> Doing prefit: ch2,Convs
>> Doing prefit: ch2,Rares
>> Doing prefit: ch2,TTW_dR_ll_bin0
>> Doing prefit: ch2,TTW_dR_ll_bin1
>> Doing prefit: ch2,TTW_dR_ll_bin2
>> Doing prefit: ch2,TTW_dR_ll_bin3
>> Doing prefit: ch2,TTW_ooa
>> Doing prefit: ch2,TTZ
>> Doing prefit: ch2,VVV
>> Doing prefit: ch2,WZ
>> Doing prefit: ch2,ZZ
>> Doing prefit: ch2,data_fakes
>> Doing prefit: ch2,data_flips
>> Doing prefit: ch2,tHW
>> Doing prefit: ch2,tHq
>> Doing prefit: ch2,tZq
>> Doing prefit: ch2,ttH
>> Doing prefit: ch2,ttVV
>> Doing prefit: ch2,TotalBkg
>> Doing prefit: ch2,TotalSig
>> Doing prefit: ch2,TotalProcs
>> Doing prefit: ch3,Convs
>> Doing prefit: ch3,Rares
>> Doing prefit: ch3,TTW_dR_ll_bin0
>> Doing prefit: ch3,TTW_dR_ll_bin1
>> Doing prefit: ch3,TTW_dR_ll_bin2
>> Doing prefit: ch3,TTW_dR_ll_bin3
>> Doing prefit: ch3,TTW_ooa
>> Doing prefit: ch3,TTZ
>> Doing prefit: ch3,VVV
>> Doing prefit: ch3,WZ
>> Doing prefit: ch3,ZZ
>> Doing prefit: ch3,data_fakes
>> Doing prefit: ch3,data_flips
>> Doing prefit: ch3,tHW
>> Doing prefit: ch3,tHq
>> Doing prefit: ch3,tZq
>> Doing prefit: ch3,ttH
>> Doing prefit: ch3,ttVV
>> Doing prefit: ch3,TotalBkg
>> Doing prefit: ch3,TotalSig
>> Doing prefit: ch3,TotalProcs
>> Doing prefit: ch4,Convs
>> Doing prefit: ch4,Rares
>> Doing prefit: ch4,TTW_dR_ll_bin0
>> Doing prefit: ch4,TTW_dR_ll_bin1
>> Doing prefit: ch4,TTW_dR_ll_bin2
>> Doing prefit: ch4,TTW_dR_ll_bin3
>> Doing prefit: ch4,TTW_ooa
>> Doing prefit: ch4,TTZ
>> Doing prefit: ch4,VVV
>> Doing prefit: ch4,WZ
>> Doing prefit: ch4,ZZ
>> Doing prefit: ch4,data_fakes
>> Doing prefit: ch4,data_flips
>> Doing prefit: ch4,tHW
>> Doing prefit: ch4,tHq
>> Doing prefit: ch4,tZq
>> Doing prefit: ch4,ttH
>> Doing prefit: ch4,ttVV
>> Doing prefit: ch4,TotalBkg
>> Doing prefit: ch4,TotalSig
>> Doing prefit: ch4,TotalProcs
Bin                       Total relative bkg uncert. (prefit)
----------------------------------------------------------
ch1                       0.13732   
ch2                       0.12812   
ch3                       0.12785   
ch4                       0.11488   
>> Doing postfit: TotalBkg
>> Doing postfit: TotalSig
>> Doing postfit: TotalProcs
>> Doing postfit: ch1,Convs
>> Doing postfit: ch1,Rares
>> Doing postfit: ch1,TTW_dR_ll_bin0
>> Doing postfit: ch1,TTW_dR_ll_bin1
>> Doing postfit: ch1,TTW_dR_ll_bin2
>> Doing postfit: ch1,TTW_dR_ll_bin3
>> Doing postfit: ch1,TTW_ooa
>> Doing postfit: ch1,TTZ
>> Doing postfit: ch1,VVV
>> Doing postfit: ch1,WZ
>> Doing postfit: ch1,ZZ
>> Doing postfit: ch1,data_fakes
>> Doing postfit: ch1,data_flips
>> Doing postfit: ch1,tHW
>> Doing postfit: ch1,tHq
>> Doing postfit: ch1,tZq
>> Doing postfit: ch1,ttH
>> Doing postfit: ch1,ttVV
>> Doing postfit: ch1,TotalBkg
>> Doing postfit: ch1,TotalSig
>> Doing postfit: ch1,TotalProcs
>> Doing postfit: ch2,Convs
>> Doing postfit: ch2,Rares
>> Doing postfit: ch2,TTW_dR_ll_bin0
>> Doing postfit: ch2,TTW_dR_ll_bin1
>> Doing postfit: ch2,TTW_dR_ll_bin2
>> Doing postfit: ch2,TTW_dR_ll_bin3
>> Doing postfit: ch2,TTW_ooa
>> Doing postfit: ch2,TTZ
>> Doing postfit: ch2,VVV
>> Doing postfit: ch2,WZ
>> Doing postfit: ch2,ZZ
>> Doing postfit: ch2,data_fakes
>> Doing postfit: ch2,data_flips
>> Doing postfit: ch2,tHW
>> Doing postfit: ch2,tHq
>> Doing postfit: ch2,tZq
>> Doing postfit: ch2,ttH
>> Doing postfit: ch2,ttVV
>> Doing postfit: ch2,TotalBkg
>> Doing postfit: ch2,TotalSig
>> Doing postfit: ch2,TotalProcs
>> Doing postfit: ch3,Convs
>> Doing postfit: ch3,Rares
>> Doing postfit: ch3,TTW_dR_ll_bin0
>> Doing postfit: ch3,TTW_dR_ll_bin1
>> Doing postfit: ch3,TTW_dR_ll_bin2
>> Doing postfit: ch3,TTW_dR_ll_bin3
>> Doing postfit: ch3,TTW_ooa
>> Doing postfit: ch3,TTZ
>> Doing postfit: ch3,VVV
>> Doing postfit: ch3,WZ
>> Doing postfit: ch3,ZZ
>> Doing postfit: ch3,data_fakes
>> Doing postfit: ch3,data_flips
>> Doing postfit: ch3,tHW
>> Doing postfit: ch3,tHq
>> Doing postfit: ch3,tZq
>> Doing postfit: ch3,ttH
>> Doing postfit: ch3,ttVV
>> Doing postfit: ch3,TotalBkg
>> Doing postfit: ch3,TotalSig
>> Doing postfit: ch3,TotalProcs
>> Doing postfit: ch4,Convs
>> Doing postfit: ch4,Rares
>> Doing postfit: ch4,TTW_dR_ll_bin0
>> Doing postfit: ch4,TTW_dR_ll_bin1
>> Doing postfit: ch4,TTW_dR_ll_bin2
>> Doing postfit: ch4,TTW_dR_ll_bin3
>> Doing postfit: ch4,TTW_ooa
>> Doing postfit: ch4,TTZ
>> Doing postfit: ch4,VVV
>> Doing postfit: ch4,WZ
>> Doing postfit: ch4,ZZ
>> Doing postfit: ch4,data_fakes
>> Doing postfit: ch4,data_flips
>> Doing postfit: ch4,tHW
>> Doing postfit: ch4,tHq
>> Doing postfit: ch4,tZq
>> Doing postfit: ch4,ttH
>> Doing postfit: ch4,ttVV
>> Doing postfit: ch4,TotalBkg
>> Doing postfit: ch4,TotalSig
>> Doing postfit: ch4,TotalProcs

Bin                       Total relative bkg uncert. (postfit)
----------------------------------------------------------
ch1                       0.09412   
ch2                       0.08762   
ch3                       0.08110   
ch4                       0.07397   

Bin                       Process              Scale factor
----------------------------------------------------------
ch1                       Convs                1.05875   
ch1                       Rares                1.19979   
ch1                       TTW_dR_ll_bin0       1.00687   
ch1                       TTW_dR_ll_bin1       1.03061   
ch1                       TTW_dR_ll_bin2       1.01378   
ch1                       TTW_dR_ll_bin3       1.01631   
ch1                       TTW_ooa              1.03296   
ch1                       TTZ                  1.20060   
ch1                       VVV                  1.23257   
ch1                       WZ                   0.83574   
ch1                       ZZ                   1.15322   
ch1                       data_fakes           1.23072   
ch1                       data_flips           0.92958   
ch1                       tHW                  1.01358   
ch1                       tHq                  1.02524   
ch1                       tZq                  1.09547   
ch1                       ttH                  1.01940   
ch1                       ttVV                 1.03018   
ch2                       Convs                0.97246   
ch2                       Rares                1.20251   
ch2                       TTW_dR_ll_bin0       0.98748   
ch2                       TTW_dR_ll_bin1       0.99916   
ch2                       TTW_dR_ll_bin2       0.99473   
ch2                       TTW_dR_ll_bin3       0.99540   
ch2                       TTW_ooa              1.01714   
ch2                       TTZ                  1.13374   
ch2                       VVV                  1.34010   
ch2                       WZ                   0.93106   
ch2                       ZZ                   1.30308   
ch2                       data_fakes           1.21544   
ch2                       data_flips           0.92948   
ch2                       tHW                  1.00346   
ch2                       tHq                  1.01222   
ch2                       tZq                  1.07510   
ch2                       ttH                  1.02450   
ch2                       ttVV                 1.01470   
ch3                       Convs                1.12285   
ch3                       Rares                1.20917   
ch3                       TTW_dR_ll_bin0       0.99675   
ch3                       TTW_dR_ll_bin1       0.96231   
ch3                       TTW_dR_ll_bin2       1.00261   
ch3                       TTW_dR_ll_bin3       0.97630   
ch3                       TTW_ooa              1.02480   
ch3                       TTZ                  1.10936   
ch3                       VVV                  1.21102   
ch3                       WZ                   0.82244   
ch3                       ZZ                   1.11255   
ch3                       data_fakes           1.22773   
ch3                       data_flips           0.92971   
ch3                       tHW                  1.01579   
ch3                       tHq                  1.02121   
ch3                       tZq                  1.08994   
ch3                       ttH                  1.02860   
ch3                       ttVV                 1.01502   
ch4                       Convs                1.02551   
ch4                       Rares                1.15435   
ch4                       TTW_dR_ll_bin0       1.06446   
ch4                       TTW_dR_ll_bin1       1.04043   
ch4                       TTW_dR_ll_bin2       1.07633   
ch4                       TTW_dR_ll_bin3       1.09453   
ch4                       TTW_ooa              1.04228   
ch4                       TTZ                  1.20623   
ch4                       VVV                  1.24964   
ch4                       WZ                   0.82938   
ch4                       ZZ                   1.12812   
ch4                       data_fakes           1.19128   
ch4                       data_flips           0.92954   
ch4                       tHW                  1.03260   
ch4                       tHq                  1.03173   
ch4                       tZq                  1.09528   
ch4                       ttH                  1.05521   
ch4                       ttVV                 1.04596   
