WARNING: the default behaviour of PostFitShapesFromWorkspace is to use the covariance matrix sampling method for the post-fit uncertainty. The option --sampling is deprecated and will be removed in future versions of CombineHarvester
[SetFlag] Changing value of flag "workspaces-use-clone" from 0 to 1
[#1] INFO:ObjectHandling -- RooWorkspace::import(w) importing dataset ch1
[#1] INFO:ObjectHandling -- RooWorkspace::import(w) importing dataset ch10
[#1] INFO:ObjectHandling -- RooWorkspace::import(w) importing dataset ch11
[#1] INFO:ObjectHandling -- RooWorkspace::import(w) importing dataset ch12
[#1] INFO:ObjectHandling -- RooWorkspace::import(w) importing dataset ch2
[#1] INFO:ObjectHandling -- RooWorkspace::import(w) importing dataset ch3
[#1] INFO:ObjectHandling -- RooWorkspace::import(w) importing dataset ch4
[#1] INFO:ObjectHandling -- RooWorkspace::import(w) importing dataset ch5
[#1] INFO:ObjectHandling -- RooWorkspace::import(w) importing dataset ch6
[#1] INFO:ObjectHandling -- RooWorkspace::import(w) importing dataset ch7
[#1] INFO:ObjectHandling -- RooWorkspace::import(w) importing dataset ch8
[#1] INFO:ObjectHandling -- RooWorkspace::import(w) importing dataset ch9
[SetFlag] Changing value of flag "workspaces-use-clone" from 0 to 1
>> Doing prefit: TotalBkg
>> Doing prefit: TotalSig
>> Doing prefit: TotalProcs
>> Doing prefit: ch1,Convs
>> Doing prefit: ch1,Rares
>> Doing prefit: ch1,TTW_dR_ll_bin0
>> Doing prefit: ch1,TTW_dR_ll_bin1
>> Doing prefit: ch1,TTW_dR_ll_bin2
>> Doing prefit: ch1,TTW_dR_ll_bin3
>> Doing prefit: ch1,TTW_ooa
>> Doing prefit: ch1,TTZ
>> Doing prefit: ch1,VVV
>> Doing prefit: ch1,WZ
>> Doing prefit: ch1,ZZ
>> Doing prefit: ch1,data_fakes
>> Doing prefit: ch1,data_flips
>> Doing prefit: ch1,tHW
>> Doing prefit: ch1,tHq
>> Doing prefit: ch1,tZq
>> Doing prefit: ch1,ttH
>> Doing prefit: ch1,ttVV
>> Doing prefit: ch1,TotalBkg
>> Doing prefit: ch1,TotalSig
>> Doing prefit: ch1,TotalProcs
>> Doing prefit: ch10,Convs
>> Doing prefit: ch10,Rares
>> Doing prefit: ch10,TTW_dR_ll_bin0
>> Doing prefit: ch10,TTW_dR_ll_bin1
>> Doing prefit: ch10,TTW_dR_ll_bin2
>> Doing prefit: ch10,TTW_dR_ll_bin3
>> Doing prefit: ch10,TTW_ooa
>> Doing prefit: ch10,TTZ
>> Doing prefit: ch10,VVV
>> Doing prefit: ch10,WZ
>> Doing prefit: ch10,ZZ
>> Doing prefit: ch10,data_fakes
>> Doing prefit: ch10,data_flips
>> Doing prefit: ch10,tHW
>> Doing prefit: ch10,tHq
>> Doing prefit: ch10,tZq
>> Doing prefit: ch10,ttH
>> Doing prefit: ch10,ttVV
>> Doing prefit: ch10,TotalBkg
>> Doing prefit: ch10,TotalSig
>> Doing prefit: ch10,TotalProcs
>> Doing prefit: ch11,Rares
>> Doing prefit: ch11,TTW_dR_ll_bin0
>> Doing prefit: ch11,TTW_dR_ll_bin1
>> Doing prefit: ch11,TTW_dR_ll_bin2
>> Doing prefit: ch11,TTW_dR_ll_bin3
>> Doing prefit: ch11,TTW_ooa
>> Doing prefit: ch11,TTZ
>> Doing prefit: ch11,VVV
>> Doing prefit: ch11,WZ
>> Doing prefit: ch11,data_fakes
>> Doing prefit: ch11,tHW
>> Doing prefit: ch11,tHq
>> Doing prefit: ch11,tZq
>> Doing prefit: ch11,ttH
>> Doing prefit: ch11,ttVV
>> Doing prefit: ch11,TotalBkg
>> Doing prefit: ch11,TotalSig
>> Doing prefit: ch11,TotalProcs
>> Doing prefit: ch12,Convs
>> Doing prefit: ch12,Rares
>> Doing prefit: ch12,TTW_dR_ll_bin0
>> Doing prefit: ch12,TTW_dR_ll_bin1
>> Doing prefit: ch12,TTW_dR_ll_bin2
>> Doing prefit: ch12,TTW_dR_ll_bin3
>> Doing prefit: ch12,TTW_ooa
>> Doing prefit: ch12,TTZ
>> Doing prefit: ch12,VVV
>> Doing prefit: ch12,WZ
>> Doing prefit: ch12,ZZ
>> Doing prefit: ch12,data_fakes
>> Doing prefit: ch12,data_flips
>> Doing prefit: ch12,tHW
>> Doing prefit: ch12,tHq
>> Doing prefit: ch12,tZq
>> Doing prefit: ch12,ttH
>> Doing prefit: ch12,ttVV
>> Doing prefit: ch12,TotalBkg
>> Doing prefit: ch12,TotalSig
>> Doing prefit: ch12,TotalProcs
>> Doing prefit: ch2,Rares
>> Doing prefit: ch2,TTW_dR_ll_bin0
>> Doing prefit: ch2,TTW_dR_ll_bin1
>> Doing prefit: ch2,TTW_dR_ll_bin2
>> Doing prefit: ch2,TTW_dR_ll_bin3
>> Doing prefit: ch2,TTW_ooa
>> Doing prefit: ch2,TTZ
>> Doing prefit: ch2,VVV
>> Doing prefit: ch2,WZ
>> Doing prefit: ch2,ZZ
>> Doing prefit: ch2,data_fakes
>> Doing prefit: ch2,tHW
>> Doing prefit: ch2,tHq
>> Doing prefit: ch2,tZq
>> Doing prefit: ch2,ttH
>> Doing prefit: ch2,ttVV
>> Doing prefit: ch2,TotalBkg
>> Doing prefit: ch2,TotalSig
>> Doing prefit: ch2,TotalProcs
>> Doing prefit: ch3,Convs
>> Doing prefit: ch3,Rares
>> Doing prefit: ch3,TTW_dR_ll_bin0
>> Doing prefit: ch3,TTW_dR_ll_bin1
>> Doing prefit: ch3,TTW_dR_ll_bin2
>> Doing prefit: ch3,TTW_dR_ll_bin3
>> Doing prefit: ch3,TTW_ooa
>> Doing prefit: ch3,TTZ
>> Doing prefit: ch3,VVV
>> Doing prefit: ch3,WZ
>> Doing prefit: ch3,ZZ
>> Doing prefit: ch3,data_fakes
>> Doing prefit: ch3,data_flips
>> Doing prefit: ch3,tHW
>> Doing prefit: ch3,tHq
>> Doing prefit: ch3,tZq
>> Doing prefit: ch3,ttH
>> Doing prefit: ch3,ttVV
>> Doing prefit: ch3,TotalBkg
>> Doing prefit: ch3,TotalSig
>> Doing prefit: ch3,TotalProcs
>> Doing prefit: ch4,Convs
>> Doing prefit: ch4,Rares
>> Doing prefit: ch4,TTW_dR_ll_bin0
>> Doing prefit: ch4,TTW_dR_ll_bin1
>> Doing prefit: ch4,TTW_dR_ll_bin2
>> Doing prefit: ch4,TTW_dR_ll_bin3
>> Doing prefit: ch4,TTW_ooa
>> Doing prefit: ch4,TTZ
>> Doing prefit: ch4,VVV
>> Doing prefit: ch4,WZ
>> Doing prefit: ch4,ZZ
>> Doing prefit: ch4,data_fakes
>> Doing prefit: ch4,data_flips
>> Doing prefit: ch4,tHW
>> Doing prefit: ch4,tHq
>> Doing prefit: ch4,tZq
>> Doing prefit: ch4,ttH
>> Doing prefit: ch4,ttVV
>> Doing prefit: ch4,TotalBkg
>> Doing prefit: ch4,TotalSig
>> Doing prefit: ch4,TotalProcs
>> Doing prefit: ch5,Rares
>> Doing prefit: ch5,TTW_dR_ll_bin0
>> Doing prefit: ch5,TTW_dR_ll_bin1
>> Doing prefit: ch5,TTW_dR_ll_bin2
>> Doing prefit: ch5,TTW_dR_ll_bin3
>> Doing prefit: ch5,TTW_ooa
>> Doing prefit: ch5,TTZ
>> Doing prefit: ch5,VVV
>> Doing prefit: ch5,WZ
>> Doing prefit: ch5,ZZ
>> Doing prefit: ch5,data_fakes
>> Doing prefit: ch5,tHW
>> Doing prefit: ch5,tHq
>> Doing prefit: ch5,tZq
>> Doing prefit: ch5,ttH
>> Doing prefit: ch5,ttVV
>> Doing prefit: ch5,TotalBkg
>> Doing prefit: ch5,TotalSig
>> Doing prefit: ch5,TotalProcs
>> Doing prefit: ch6,Convs
>> Doing prefit: ch6,Rares
>> Doing prefit: ch6,TTW_dR_ll_bin0
>> Doing prefit: ch6,TTW_dR_ll_bin1
>> Doing prefit: ch6,TTW_dR_ll_bin2
>> Doing prefit: ch6,TTW_dR_ll_bin3
>> Doing prefit: ch6,TTW_ooa
>> Doing prefit: ch6,TTZ
>> Doing prefit: ch6,VVV
>> Doing prefit: ch6,WZ
>> Doing prefit: ch6,ZZ
>> Doing prefit: ch6,data_fakes
>> Doing prefit: ch6,data_flips
>> Doing prefit: ch6,tHW
>> Doing prefit: ch6,tHq
>> Doing prefit: ch6,tZq
>> Doing prefit: ch6,ttH
>> Doing prefit: ch6,ttVV
>> Doing prefit: ch6,TotalBkg
>> Doing prefit: ch6,TotalSig
>> Doing prefit: ch6,TotalProcs
>> Doing prefit: ch7,Convs
>> Doing prefit: ch7,Rares
>> Doing prefit: ch7,TTW_dR_ll_bin0
>> Doing prefit: ch7,TTW_dR_ll_bin1
>> Doing prefit: ch7,TTW_dR_ll_bin2
>> Doing prefit: ch7,TTW_dR_ll_bin3
>> Doing prefit: ch7,TTW_ooa
>> Doing prefit: ch7,TTZ
>> Doing prefit: ch7,VVV
>> Doing prefit: ch7,WZ
>> Doing prefit: ch7,ZZ
>> Doing prefit: ch7,data_fakes
>> Doing prefit: ch7,data_flips
>> Doing prefit: ch7,tHW
>> Doing prefit: ch7,tHq
>> Doing prefit: ch7,tZq
>> Doing prefit: ch7,ttH
>> Doing prefit: ch7,ttVV
>> Doing prefit: ch7,TotalBkg
>> Doing prefit: ch7,TotalSig
>> Doing prefit: ch7,TotalProcs
>> Doing prefit: ch8,Convs
>> Doing prefit: ch8,Rares
>> Doing prefit: ch8,TTW_dR_ll_bin0
>> Doing prefit: ch8,TTW_dR_ll_bin1
>> Doing prefit: ch8,TTW_dR_ll_bin2
>> Doing prefit: ch8,TTW_dR_ll_bin3
>> Doing prefit: ch8,TTW_ooa
>> Doing prefit: ch8,TTZ
>> Doing prefit: ch8,VVV
>> Doing prefit: ch8,WZ
>> Doing prefit: ch8,ZZ
>> Doing prefit: ch8,data_fakes
>> Doing prefit: ch8,data_flips
>> Doing prefit: ch8,tHW
>> Doing prefit: ch8,tHq
>> Doing prefit: ch8,tZq
>> Doing prefit: ch8,ttH
>> Doing prefit: ch8,ttVV
>> Doing prefit: ch8,TotalBkg
>> Doing prefit: ch8,TotalSig
>> Doing prefit: ch8,TotalProcs
>> Doing prefit: ch9,Rares
>> Doing prefit: ch9,TTW_dR_ll_bin0
>> Doing prefit: ch9,TTW_dR_ll_bin1
>> Doing prefit: ch9,TTW_dR_ll_bin2
>> Doing prefit: ch9,TTW_dR_ll_bin3
>> Doing prefit: ch9,TTW_ooa
>> Doing prefit: ch9,TTZ
>> Doing prefit: ch9,VVV
>> Doing prefit: ch9,WZ
>> Doing prefit: ch9,ZZ
>> Doing prefit: ch9,data_fakes
>> Doing prefit: ch9,tHW
>> Doing prefit: ch9,tHq
>> Doing prefit: ch9,tZq
>> Doing prefit: ch9,ttH
>> Doing prefit: ch9,ttVV
>> Doing prefit: ch9,TotalBkg
>> Doing prefit: ch9,TotalSig
>> Doing prefit: ch9,TotalProcs
Bin                       Total relative bkg uncert. (prefit)
----------------------------------------------------------
ch1                       0.15096   
ch10                      0.15110   
ch11                      0.12264   
ch12                      0.10421   
ch2                       0.14125   
ch3                       0.13232   
ch4                       0.11904   
ch5                       0.20836   
ch6                       0.11715   
ch7                       0.14659   
ch8                       0.12527   
ch9                       0.17550   
>> Doing postfit: TotalBkg
>> Doing postfit: TotalSig
>> Doing postfit: TotalProcs
>> Doing postfit: ch1,Convs
>> Doing postfit: ch1,Rares
>> Doing postfit: ch1,TTW_dR_ll_bin0
>> Doing postfit: ch1,TTW_dR_ll_bin1
>> Doing postfit: ch1,TTW_dR_ll_bin2
>> Doing postfit: ch1,TTW_dR_ll_bin3
>> Doing postfit: ch1,TTW_ooa
>> Doing postfit: ch1,TTZ
>> Doing postfit: ch1,VVV
>> Doing postfit: ch1,WZ
>> Doing postfit: ch1,ZZ
>> Doing postfit: ch1,data_fakes
>> Doing postfit: ch1,data_flips
>> Doing postfit: ch1,tHW
>> Doing postfit: ch1,tHq
>> Doing postfit: ch1,tZq
>> Doing postfit: ch1,ttH
>> Doing postfit: ch1,ttVV
>> Doing postfit: ch1,TotalBkg
>> Doing postfit: ch1,TotalSig
>> Doing postfit: ch1,TotalProcs
>> Doing postfit: ch10,Convs
>> Doing postfit: ch10,Rares
>> Doing postfit: ch10,TTW_dR_ll_bin0
>> Doing postfit: ch10,TTW_dR_ll_bin1
>> Doing postfit: ch10,TTW_dR_ll_bin2
>> Doing postfit: ch10,TTW_dR_ll_bin3
>> Doing postfit: ch10,TTW_ooa
>> Doing postfit: ch10,TTZ
>> Doing postfit: ch10,VVV
>> Doing postfit: ch10,WZ
>> Doing postfit: ch10,ZZ
>> Doing postfit: ch10,data_fakes
>> Doing postfit: ch10,data_flips
>> Doing postfit: ch10,tHW
>> Doing postfit: ch10,tHq
>> Doing postfit: ch10,tZq
>> Doing postfit: ch10,ttH
>> Doing postfit: ch10,ttVV
>> Doing postfit: ch10,TotalBkg
>> Doing postfit: ch10,TotalSig
>> Doing postfit: ch10,TotalProcs
>> Doing postfit: ch11,Rares
>> Doing postfit: ch11,TTW_dR_ll_bin0
>> Doing postfit: ch11,TTW_dR_ll_bin1
>> Doing postfit: ch11,TTW_dR_ll_bin2
>> Doing postfit: ch11,TTW_dR_ll_bin3
>> Doing postfit: ch11,TTW_ooa
>> Doing postfit: ch11,TTZ
>> Doing postfit: ch11,VVV
>> Doing postfit: ch11,WZ
>> Doing postfit: ch11,data_fakes
>> Doing postfit: ch11,tHW
>> Doing postfit: ch11,tHq
>> Doing postfit: ch11,tZq
>> Doing postfit: ch11,ttH
>> Doing postfit: ch11,ttVV
>> Doing postfit: ch11,TotalBkg
>> Doing postfit: ch11,TotalSig
>> Doing postfit: ch11,TotalProcs
>> Doing postfit: ch12,Convs
>> Doing postfit: ch12,Rares
>> Doing postfit: ch12,TTW_dR_ll_bin0
>> Doing postfit: ch12,TTW_dR_ll_bin1
>> Doing postfit: ch12,TTW_dR_ll_bin2
>> Doing postfit: ch12,TTW_dR_ll_bin3
>> Doing postfit: ch12,TTW_ooa
>> Doing postfit: ch12,TTZ
>> Doing postfit: ch12,VVV
>> Doing postfit: ch12,WZ
>> Doing postfit: ch12,ZZ
>> Doing postfit: ch12,data_fakes
>> Doing postfit: ch12,data_flips
>> Doing postfit: ch12,tHW
>> Doing postfit: ch12,tHq
>> Doing postfit: ch12,tZq
>> Doing postfit: ch12,ttH
>> Doing postfit: ch12,ttVV
>> Doing postfit: ch12,TotalBkg
>> Doing postfit: ch12,TotalSig
>> Doing postfit: ch12,TotalProcs
>> Doing postfit: ch2,Rares
>> Doing postfit: ch2,TTW_dR_ll_bin0
>> Doing postfit: ch2,TTW_dR_ll_bin1
>> Doing postfit: ch2,TTW_dR_ll_bin2
>> Doing postfit: ch2,TTW_dR_ll_bin3
>> Doing postfit: ch2,TTW_ooa
>> Doing postfit: ch2,TTZ
>> Doing postfit: ch2,VVV
>> Doing postfit: ch2,WZ
>> Doing postfit: ch2,ZZ
>> Doing postfit: ch2,data_fakes
>> Doing postfit: ch2,tHW
>> Doing postfit: ch2,tHq
>> Doing postfit: ch2,tZq
>> Doing postfit: ch2,ttH
>> Doing postfit: ch2,ttVV
>> Doing postfit: ch2,TotalBkg
>> Doing postfit: ch2,TotalSig
>> Doing postfit: ch2,TotalProcs
>> Doing postfit: ch3,Convs
>> Doing postfit: ch3,Rares
>> Doing postfit: ch3,TTW_dR_ll_bin0
>> Doing postfit: ch3,TTW_dR_ll_bin1
>> Doing postfit: ch3,TTW_dR_ll_bin2
>> Doing postfit: ch3,TTW_dR_ll_bin3
>> Doing postfit: ch3,TTW_ooa
>> Doing postfit: ch3,TTZ
>> Doing postfit: ch3,VVV
>> Doing postfit: ch3,WZ
>> Doing postfit: ch3,ZZ
>> Doing postfit: ch3,data_fakes
>> Doing postfit: ch3,data_flips
>> Doing postfit: ch3,tHW
>> Doing postfit: ch3,tHq
>> Doing postfit: ch3,tZq
>> Doing postfit: ch3,ttH
>> Doing postfit: ch3,ttVV
>> Doing postfit: ch3,TotalBkg
>> Doing postfit: ch3,TotalSig
>> Doing postfit: ch3,TotalProcs
>> Doing postfit: ch4,Convs
>> Doing postfit: ch4,Rares
>> Doing postfit: ch4,TTW_dR_ll_bin0
>> Doing postfit: ch4,TTW_dR_ll_bin1
>> Doing postfit: ch4,TTW_dR_ll_bin2
>> Doing postfit: ch4,TTW_dR_ll_bin3
>> Doing postfit: ch4,TTW_ooa
>> Doing postfit: ch4,TTZ
>> Doing postfit: ch4,VVV
>> Doing postfit: ch4,WZ
>> Doing postfit: ch4,ZZ
>> Doing postfit: ch4,data_fakes
>> Doing postfit: ch4,data_flips
>> Doing postfit: ch4,tHW
>> Doing postfit: ch4,tHq
>> Doing postfit: ch4,tZq
>> Doing postfit: ch4,ttH
>> Doing postfit: ch4,ttVV
>> Doing postfit: ch4,TotalBkg
>> Doing postfit: ch4,TotalSig
>> Doing postfit: ch4,TotalProcs
>> Doing postfit: ch5,Rares
>> Doing postfit: ch5,TTW_dR_ll_bin0
>> Doing postfit: ch5,TTW_dR_ll_bin1
>> Doing postfit: ch5,TTW_dR_ll_bin2
>> Doing postfit: ch5,TTW_dR_ll_bin3
>> Doing postfit: ch5,TTW_ooa
>> Doing postfit: ch5,TTZ
>> Doing postfit: ch5,VVV
>> Doing postfit: ch5,WZ
>> Doing postfit: ch5,ZZ
>> Doing postfit: ch5,data_fakes
>> Doing postfit: ch5,tHW
>> Doing postfit: ch5,tHq
>> Doing postfit: ch5,tZq
>> Doing postfit: ch5,ttH
>> Doing postfit: ch5,ttVV
>> Doing postfit: ch5,TotalBkg
>> Doing postfit: ch5,TotalSig
>> Doing postfit: ch5,TotalProcs
>> Doing postfit: ch6,Convs
>> Doing postfit: ch6,Rares
>> Doing postfit: ch6,TTW_dR_ll_bin0
>> Doing postfit: ch6,TTW_dR_ll_bin1
>> Doing postfit: ch6,TTW_dR_ll_bin2
>> Doing postfit: ch6,TTW_dR_ll_bin3
>> Doing postfit: ch6,TTW_ooa
>> Doing postfit: ch6,TTZ
>> Doing postfit: ch6,VVV
>> Doing postfit: ch6,WZ
>> Doing postfit: ch6,ZZ
>> Doing postfit: ch6,data_fakes
>> Doing postfit: ch6,data_flips
>> Doing postfit: ch6,tHW
>> Doing postfit: ch6,tHq
>> Doing postfit: ch6,tZq
>> Doing postfit: ch6,ttH
>> Doing postfit: ch6,ttVV
>> Doing postfit: ch6,TotalBkg
>> Doing postfit: ch6,TotalSig
>> Doing postfit: ch6,TotalProcs
>> Doing postfit: ch7,Convs
>> Doing postfit: ch7,Rares
>> Doing postfit: ch7,TTW_dR_ll_bin0
>> Doing postfit: ch7,TTW_dR_ll_bin1
>> Doing postfit: ch7,TTW_dR_ll_bin2
>> Doing postfit: ch7,TTW_dR_ll_bin3
>> Doing postfit: ch7,TTW_ooa
>> Doing postfit: ch7,TTZ
>> Doing postfit: ch7,VVV
>> Doing postfit: ch7,WZ
>> Doing postfit: ch7,ZZ
>> Doing postfit: ch7,data_fakes
>> Doing postfit: ch7,data_flips
>> Doing postfit: ch7,tHW
>> Doing postfit: ch7,tHq
>> Doing postfit: ch7,tZq
>> Doing postfit: ch7,ttH
>> Doing postfit: ch7,ttVV
>> Doing postfit: ch7,TotalBkg
>> Doing postfit: ch7,TotalSig
>> Doing postfit: ch7,TotalProcs
>> Doing postfit: ch8,Convs
>> Doing postfit: ch8,Rares
>> Doing postfit: ch8,TTW_dR_ll_bin0
>> Doing postfit: ch8,TTW_dR_ll_bin1
>> Doing postfit: ch8,TTW_dR_ll_bin2
>> Doing postfit: ch8,TTW_dR_ll_bin3
>> Doing postfit: ch8,TTW_ooa
>> Doing postfit: ch8,TTZ
>> Doing postfit: ch8,VVV
>> Doing postfit: ch8,WZ
>> Doing postfit: ch8,ZZ
>> Doing postfit: ch8,data_fakes
>> Doing postfit: ch8,data_flips
>> Doing postfit: ch8,tHW
>> Doing postfit: ch8,tHq
>> Doing postfit: ch8,tZq
>> Doing postfit: ch8,ttH
>> Doing postfit: ch8,ttVV
>> Doing postfit: ch8,TotalBkg
>> Doing postfit: ch8,TotalSig
>> Doing postfit: ch8,TotalProcs
>> Doing postfit: ch9,Rares
>> Doing postfit: ch9,TTW_dR_ll_bin0
>> Doing postfit: ch9,TTW_dR_ll_bin1
>> Doing postfit: ch9,TTW_dR_ll_bin2
>> Doing postfit: ch9,TTW_dR_ll_bin3
>> Doing postfit: ch9,TTW_ooa
>> Doing postfit: ch9,TTZ
>> Doing postfit: ch9,VVV
>> Doing postfit: ch9,WZ
>> Doing postfit: ch9,ZZ
>> Doing postfit: ch9,data_fakes
>> Doing postfit: ch9,tHW
>> Doing postfit: ch9,tHq
>> Doing postfit: ch9,tZq
>> Doing postfit: ch9,ttH
>> Doing postfit: ch9,ttVV
>> Doing postfit: ch9,TotalBkg
>> Doing postfit: ch9,TotalSig
>> Doing postfit: ch9,TotalProcs

Bin                       Total relative bkg uncert. (postfit)
----------------------------------------------------------
ch1                       0.11392   
ch10                      0.09050   
ch11                      0.07384   
ch12                      0.08270   
ch2                       0.09143   
ch3                       0.09318   
ch4                       0.07908   
ch5                       0.11956   
ch6                       0.07594   
ch7                       0.09163   
ch8                       0.08049   
ch9                       0.09200   

Bin                       Process              Scale factor
----------------------------------------------------------
ch1                       Convs                1.34754   
ch1                       Rares                1.26838   
ch1                       TTW_dR_ll_bin0       1.30389   
ch1                       TTW_dR_ll_bin1       1.29391   
ch1                       TTW_dR_ll_bin2       1.13690   
ch1                       TTW_dR_ll_bin3       1.50166   
ch1                       TTW_ooa              1.10508   
ch1                       TTZ                  1.18656   
ch1                       VVV                  1.25060   
ch1                       WZ                   0.93646   
ch1                       ZZ                   1.23200   
ch1                       data_fakes           1.36004   
ch1                       data_flips           1.02660   
ch1                       tHW                  1.00178   
ch1                       tHq                  1.09568   
ch1                       tZq                  1.02563   
ch1                       ttH                  1.07183   
ch1                       ttVV                 1.08188   
ch10                      Convs                1.20611   
ch10                      Rares                1.27930   
ch10                      TTW_dR_ll_bin0       1.27466   
ch10                      TTW_dR_ll_bin1       1.28427   
ch10                      TTW_dR_ll_bin2       1.11370   
ch10                      TTW_dR_ll_bin3       1.54951   
ch10                      TTW_ooa              0.99962   
ch10                      TTZ                  1.13776   
ch10                      VVV                  1.26413   
ch10                      WZ                   0.96966   
ch10                      ZZ                   1.45830   
ch10                      data_fakes           1.39988   
ch10                      data_flips           1.02579   
ch10                      tHW                  1.03632   
ch10                      tHq                  1.00120   
ch10                      tZq                  1.08206   
ch10                      ttH                  1.02496   
ch10                      ttVV                 1.04322   
ch11                      Rares                1.11833   
ch11                      TTW_dR_ll_bin0       1.22055   
ch11                      TTW_dR_ll_bin1       1.22384   
ch11                      TTW_dR_ll_bin2       1.06960   
ch11                      TTW_dR_ll_bin3       1.47412   
ch11                      TTW_ooa              0.96787   
ch11                      TTZ                  1.08468   
ch11                      VVV                  1.20820   
ch11                      WZ                   0.99144   
ch11                      data_fakes           1.05554   
ch11                      tHW                  0.98231   
ch11                      tHq                  0.95591   
ch11                      tZq                  1.05478   
ch11                      ttH                  0.99981   
ch11                      ttVV                 0.99704   
ch12                      Convs                0.73075   
ch12                      Rares                1.01946   
ch12                      TTW_dR_ll_bin0       1.26686   
ch12                      TTW_dR_ll_bin1       1.27037   
ch12                      TTW_dR_ll_bin2       1.10684   
ch12                      TTW_dR_ll_bin3       1.66506   
ch12                      TTW_ooa              1.01729   
ch12                      TTZ                  1.08996   
ch12                      VVV                  1.19570   
ch12                      WZ                   0.96730   
ch12                      ZZ                   1.25511   
ch12                      data_fakes           1.14757   
ch12                      data_flips           1.02578   
ch12                      tHW                  1.00750   
ch12                      tHq                  1.01147   
ch12                      tZq                  1.03629   
ch12                      ttH                  1.01961   
ch12                      ttVV                 1.03744   
ch2                       Rares                1.16576   
ch2                       TTW_dR_ll_bin0       1.24863   
ch2                       TTW_dR_ll_bin1       1.21305   
ch2                       TTW_dR_ll_bin2       1.07460   
ch2                       TTW_dR_ll_bin3       1.52111   
ch2                       TTW_ooa              1.00063   
ch2                       TTZ                  1.17039   
ch2                       VVV                  1.16747   
ch2                       WZ                   0.96414   
ch2                       ZZ                   1.42115   
ch2                       data_fakes           1.09720   
ch2                       tHW                  0.96944   
ch2                       tHq                  0.98177   
ch2                       tZq                  1.21931   
ch2                       ttH                  1.00766   
ch2                       ttVV                 0.97790   
ch3                       Convs                1.21214   
ch3                       Rares                1.25677   
ch3                       TTW_dR_ll_bin0       1.31611   
ch3                       TTW_dR_ll_bin1       1.31072   
ch3                       TTW_dR_ll_bin2       1.13129   
ch3                       TTW_dR_ll_bin3       1.62881   
ch3                       TTW_ooa              1.07565   
ch3                       TTZ                  1.24500   
ch3                       VVV                  1.34444   
ch3                       WZ                   1.24416   
ch3                       ZZ                   1.43852   
ch3                       data_fakes           1.18618   
ch3                       data_flips           1.02512   
ch3                       tHW                  1.06729   
ch3                       tHq                  1.05119   
ch3                       tZq                  1.29788   
ch3                       ttH                  1.06929   
ch3                       ttVV                 1.06029   
ch4                       Convs                1.23760   
ch4                       Rares                1.15031   
ch4                       TTW_dR_ll_bin0       1.29296   
ch4                       TTW_dR_ll_bin1       1.27232   
ch4                       TTW_dR_ll_bin2       1.12708   
ch4                       TTW_dR_ll_bin3       1.58507   
ch4                       TTW_ooa              1.05571   
ch4                       TTZ                  1.20701   
ch4                       VVV                  1.30727   
ch4                       WZ                   1.36643   
ch4                       ZZ                   1.45951   
ch4                       data_fakes           1.19035   
ch4                       data_flips           1.02605   
ch4                       tHW                  1.03253   
ch4                       tHq                  1.05495   
ch4                       tZq                  1.13332   
ch4                       ttH                  1.04972   
ch4                       ttVV                 1.03335   
ch5                       Rares                1.21475   
ch5                       TTW_dR_ll_bin0       1.24945   
ch5                       TTW_dR_ll_bin1       1.25038   
ch5                       TTW_dR_ll_bin2       1.09965   
ch5                       TTW_dR_ll_bin3       1.48725   
ch5                       TTW_ooa              1.03937   
ch5                       TTZ                  1.17058   
ch5                       VVV                  1.30505   
ch5                       WZ                   1.24512   
ch5                       ZZ                   1.52661   
ch5                       data_fakes           1.12504   
ch5                       tHW                  1.01370   
ch5                       tHq                  1.01409   
ch5                       tZq                  1.28615   
ch5                       ttH                  1.03500   
ch5                       ttVV                 1.01356   
ch6                       Convs                1.25788   
ch6                       Rares                1.21213   
ch6                       TTW_dR_ll_bin0       1.25959   
ch6                       TTW_dR_ll_bin1       1.24489   
ch6                       TTW_dR_ll_bin2       1.08807   
ch6                       TTW_dR_ll_bin3       1.50126   
ch6                       TTW_ooa              0.97298   
ch6                       TTZ                  1.14048   
ch6                       VVV                  1.23238   
ch6                       WZ                   0.99751   
ch6                       ZZ                   1.23957   
ch6                       data_fakes           1.24107   
ch6                       data_flips           1.02599   
ch6                       tHW                  1.00564   
ch6                       tHq                  0.97744   
ch6                       tZq                  1.04317   
ch6                       ttH                  1.02105   
ch6                       ttVV                 1.01326   
ch7                       Convs                1.21573   
ch7                       Rares                1.21899   
ch7                       TTW_dR_ll_bin0       1.31259   
ch7                       TTW_dR_ll_bin1       1.28641   
ch7                       TTW_dR_ll_bin2       1.15100   
ch7                       TTW_dR_ll_bin3       1.58887   
ch7                       TTW_ooa              1.06497   
ch7                       TTZ                  1.33814   
ch7                       VVV                  1.21889   
ch7                       WZ                   1.01692   
ch7                       ZZ                   1.43770   
ch7                       data_fakes           1.41753   
ch7                       data_flips           1.02627   
ch7                       tHW                  1.02831   
ch7                       tHq                  1.04543   
ch7                       tZq                  1.10657   
ch7                       ttH                  1.06702   
ch7                       ttVV                 1.05011   
ch8                       Convs                1.23084   
ch8                       Rares                1.25495   
ch8                       TTW_dR_ll_bin0       1.27573   
ch8                       TTW_dR_ll_bin1       1.26879   
ch8                       TTW_dR_ll_bin2       1.11595   
ch8                       TTW_dR_ll_bin3       1.53352   
ch8                       TTW_ooa              1.02944   
ch8                       TTZ                  1.15471   
ch8                       VVV                  1.20763   
ch8                       WZ                   0.98236   
ch8                       ZZ                   1.44133   
ch8                       data_fakes           1.24950   
ch8                       data_flips           1.02596   
ch8                       tHW                  1.01313   
ch8                       tHq                  1.00457   
ch8                       tZq                  1.07394   
ch8                       ttH                  1.03857   
ch8                       ttVV                 1.02880   
ch9                       Rares                1.13695   
ch9                       TTW_dR_ll_bin0       1.23703   
ch9                       TTW_dR_ll_bin1       1.23292   
ch9                       TTW_dR_ll_bin2       1.08832   
ch9                       TTW_dR_ll_bin3       1.50843   
ch9                       TTW_ooa              0.97305   
ch9                       TTZ                  1.14763   
ch9                       VVV                  1.16925   
ch9                       WZ                   0.97194   
ch9                       ZZ                   1.37221   
ch9                       data_fakes           1.11563   
ch9                       tHW                  0.98326   
ch9                       tHq                  1.02279   
ch9                       tZq                  1.02490   
ch9                       ttH                  1.00575   
ch9                       ttVV                 1.00136   
