Loading FR_mu_i02 from file /nfs/fanae/user/cvico/WorkSpace/ttw-differential/cmssw-aug2024/CMSSW_10_4_0/src/CMGTools/TTHAnalysis/data//fakerate/fr_2018_recorrected.root to FR_mva085_mu_data_comb_recorrected
Loading FR_el_i02 from file /nfs/fanae/user/cvico/WorkSpace/ttw-differential/cmssw-aug2024/CMSSW_10_4_0/src/CMGTools/TTHAnalysis/data//fakerate/fr_2018_recorrected.root to FR_mva090_el_data_comb_NC_recorrected
Loading FR_el_i52 from file /nfs/fanae/user/cvico/WorkSpace/ttw-differential/cmssw-aug2024/CMSSW_10_4_0/src/CMGTools/TTHAnalysis/data//fakerate/fr_2018_recorrected.root to FR_mva090_el_data_comb_NC_recorrected_be1
Loading FR_el_i62 from file /nfs/fanae/user/cvico/WorkSpace/ttw-differential/cmssw-aug2024/CMSSW_10_4_0/src/CMGTools/TTHAnalysis/data//fakerate/fr_2018_recorrected.root to FR_mva090_el_data_comb_NC_recorrected_be2
Loading FR_el_i52 from file /nfs/fanae/user/cvico/WorkSpace/ttw-differential/cmssw-aug2024/CMSSW_10_4_0/src/CMGTools/TTHAnalysis/data//fakerate/fr_2018_recorrected.root to FR_mva090_el_data_comb_NC_recorrected_be1
Loading FR_el_i62 from file /nfs/fanae/user/cvico/WorkSpace/ttw-differential/cmssw-aug2024/CMSSW_10_4_0/src/CMGTools/TTHAnalysis/data//fakerate/fr_2018_recorrected.root to FR_mva090_el_data_comb_NC_recorrected_be2
Loading FR_mu_i32 from file /nfs/fanae/user/cvico/WorkSpace/ttw-differential/cmssw-aug2024/CMSSW_10_4_0/src/CMGTools/TTHAnalysis/data//fakerate/fr_2018_recorrected.root to FR_mva085_mu_data_comb_recorrected_pt1
Loading FR_mu_i42 from file /nfs/fanae/user/cvico/WorkSpace/ttw-differential/cmssw-aug2024/CMSSW_10_4_0/src/CMGTools/TTHAnalysis/data//fakerate/fr_2018_recorrected.root to FR_mva085_mu_data_comb_recorrected_pt2
Loading FR_mu_i32 from file /nfs/fanae/user/cvico/WorkSpace/ttw-differential/cmssw-aug2024/CMSSW_10_4_0/src/CMGTools/TTHAnalysis/data//fakerate/fr_2018_recorrected.root to FR_mva085_mu_data_comb_recorrected_pt1
Loading FR_mu_i42 from file /nfs/fanae/user/cvico/WorkSpace/ttw-differential/cmssw-aug2024/CMSSW_10_4_0/src/CMGTools/TTHAnalysis/data//fakerate/fr_2018_recorrected.root to FR_mva085_mu_data_comb_recorrected_pt2
Loading FR_el_i72 from file /nfs/fanae/user/cvico/WorkSpace/ttw-differential/cmssw-aug2024/CMSSW_10_4_0/src/CMGTools/TTHAnalysis/data//fakerate/fr_2018_recorrected.root to FR_mva090_el_data_comb_NC_recorrected
Loading FR_el_i32 from file /nfs/fanae/user/cvico/WorkSpace/ttw-differential/cmssw-aug2024/CMSSW_10_4_0/src/CMGTools/TTHAnalysis/data//fakerate/fr_2018_recorrected.root to FR_mva090_el_data_comb_NC_recorrected_pt1
Loading FR_el_i42 from file /nfs/fanae/user/cvico/WorkSpace/ttw-differential/cmssw-aug2024/CMSSW_10_4_0/src/CMGTools/TTHAnalysis/data//fakerate/fr_2018_recorrected.root to FR_mva090_el_data_comb_NC_recorrected_pt2
Loading FR_mu_i72 from file /nfs/fanae/user/cvico/WorkSpace/ttw-differential/cmssw-aug2024/CMSSW_10_4_0/src/CMGTools/TTHAnalysis/data//fakerate/fr_2018_recorrected.root to FR_mva085_mu_data_comb_recorrected
Loading FR_el_i72 from file /nfs/fanae/user/cvico/WorkSpace/ttw-differential/cmssw-aug2024/CMSSW_10_4_0/src/CMGTools/TTHAnalysis/data//fakerate/fr_2018_recorrected.root to FR_mva090_el_data_comb_NC_recorrected
Loading FR_el_i32 from file /nfs/fanae/user/cvico/WorkSpace/ttw-differential/cmssw-aug2024/CMSSW_10_4_0/src/CMGTools/TTHAnalysis/data//fakerate/fr_2018_recorrected.root to FR_mva090_el_data_comb_NC_recorrected_pt1
Loading FR_el_i42 from file /nfs/fanae/user/cvico/WorkSpace/ttw-differential/cmssw-aug2024/CMSSW_10_4_0/src/CMGTools/TTHAnalysis/data//fakerate/fr_2018_recorrected.root to FR_mva090_el_data_comb_NC_recorrected_pt2
Loading FR_mu_i72 from file /nfs/fanae/user/cvico/WorkSpace/ttw-differential/cmssw-aug2024/CMSSW_10_4_0/src/CMGTools/TTHAnalysis/data//fakerate/fr_2018_recorrected.root to FR_mva085_mu_data_comb_recorrected
Loading FR_mu_i12 from file /nfs/fanae/user/cvico/WorkSpace/ttw-differential/cmssw-aug2024/CMSSW_10_4_0/src/CMGTools/TTHAnalysis/data//fakerate/fr_2018_recorrected.root to FR_mva085_mu_data_comb_recorrected_up
Loading FR_mu_i22 from file /nfs/fanae/user/cvico/WorkSpace/ttw-differential/cmssw-aug2024/CMSSW_10_4_0/src/CMGTools/TTHAnalysis/data//fakerate/fr_2018_recorrected.root to FR_mva085_mu_data_comb_recorrected_down
Loading FR_mu_i12 from file /nfs/fanae/user/cvico/WorkSpace/ttw-differential/cmssw-aug2024/CMSSW_10_4_0/src/CMGTools/TTHAnalysis/data//fakerate/fr_2018_recorrected.root to FR_mva085_mu_data_comb_recorrected_up
Loading FR_mu_i22 from file /nfs/fanae/user/cvico/WorkSpace/ttw-differential/cmssw-aug2024/CMSSW_10_4_0/src/CMGTools/TTHAnalysis/data//fakerate/fr_2018_recorrected.root to FR_mva085_mu_data_comb_recorrected_down
Loading FR_el_i12 from file /nfs/fanae/user/cvico/WorkSpace/ttw-differential/cmssw-aug2024/CMSSW_10_4_0/src/CMGTools/TTHAnalysis/data//fakerate/fr_2018_recorrected.root to FR_mva090_el_data_comb_NC_recorrected_up
Loading FR_el_i22 from file /nfs/fanae/user/cvico/WorkSpace/ttw-differential/cmssw-aug2024/CMSSW_10_4_0/src/CMGTools/TTHAnalysis/data//fakerate/fr_2018_recorrected.root to FR_mva090_el_data_comb_NC_recorrected_down
Loading FR_el_i12 from file /nfs/fanae/user/cvico/WorkSpace/ttw-differential/cmssw-aug2024/CMSSW_10_4_0/src/CMGTools/TTHAnalysis/data//fakerate/fr_2018_recorrected.root to FR_mva090_el_data_comb_NC_recorrected_up
Loading FR_el_i22 from file /nfs/fanae/user/cvico/WorkSpace/ttw-differential/cmssw-aug2024/CMSSW_10_4_0/src/CMGTools/TTHAnalysis/data//fakerate/fr_2018_recorrected.root to FR_mva090_el_data_comb_NC_recorrected_down
Loading FR_mu_i52 from file /nfs/fanae/user/cvico/WorkSpace/ttw-differential/cmssw-aug2024/CMSSW_10_4_0/src/CMGTools/TTHAnalysis/data//fakerate/fr_2018_recorrected.root to FR_mva085_mu_data_comb_recorrected_be1
Loading FR_mu_i62 from file /nfs/fanae/user/cvico/WorkSpace/ttw-differential/cmssw-aug2024/CMSSW_10_4_0/src/CMGTools/TTHAnalysis/data//fakerate/fr_2018_recorrected.root to FR_mva085_mu_data_comb_recorrected_be2
Loading FR_mu_i52 from file /nfs/fanae/user/cvico/WorkSpace/ttw-differential/cmssw-aug2024/CMSSW_10_4_0/src/CMGTools/TTHAnalysis/data//fakerate/fr_2018_recorrected.root to FR_mva085_mu_data_comb_recorrected_be1
Loading FR_mu_i62 from file /nfs/fanae/user/cvico/WorkSpace/ttw-differential/cmssw-aug2024/CMSSW_10_4_0/src/CMGTools/TTHAnalysis/data//fakerate/fr_2018_recorrected.root to FR_mva085_mu_data_comb_recorrected_be2
Loading FR_el_i52 from file /nfs/fanae/user/cvico/WorkSpace/ttw-differential/cmssw-aug2024/CMSSW_10_4_0/src/CMGTools/TTHAnalysis/data//fakerate/fr_2018_recorrected.root to FR_mva090_el_data_comb_NC_recorrected_be1
Loading FR_el_i62 from file /nfs/fanae/user/cvico/WorkSpace/ttw-differential/cmssw-aug2024/CMSSW_10_4_0/src/CMGTools/TTHAnalysis/data//fakerate/fr_2018_recorrected.root to FR_mva090_el_data_comb_NC_recorrected_be2
Loading FR_el_i52 from file /nfs/fanae/user/cvico/WorkSpace/ttw-differential/cmssw-aug2024/CMSSW_10_4_0/src/CMGTools/TTHAnalysis/data//fakerate/fr_2018_recorrected.root to FR_mva090_el_data_comb_NC_recorrected_be1
Loading FR_el_i62 from file /nfs/fanae/user/cvico/WorkSpace/ttw-differential/cmssw-aug2024/CMSSW_10_4_0/src/CMGTools/TTHAnalysis/data//fakerate/fr_2018_recorrected.root to FR_mva090_el_data_comb_NC_recorrected_be2
Loading FR_mu_i32 from file /nfs/fanae/user/cvico/WorkSpace/ttw-differential/cmssw-aug2024/CMSSW_10_4_0/src/CMGTools/TTHAnalysis/data//fakerate/fr_2018_recorrected.root to FR_mva085_mu_data_comb_recorrected_pt1
Loading FR_mu_i42 from file /nfs/fanae/user/cvico/WorkSpace/ttw-differential/cmssw-aug2024/CMSSW_10_4_0/src/CMGTools/TTHAnalysis/data//fakerate/fr_2018_recorrected.root to FR_mva085_mu_data_comb_recorrected_pt2
Loading FR_el_i72 from file /nfs/fanae/user/cvico/WorkSpace/ttw-differential/cmssw-aug2024/CMSSW_10_4_0/src/CMGTools/TTHAnalysis/data//fakerate/fr_2018_recorrected.root to FR_mva090_el_data_comb_NC_recorrected
Loading FR_el_i32 from file /nfs/fanae/user/cvico/WorkSpace/ttw-differential/cmssw-aug2024/CMSSW_10_4_0/src/CMGTools/TTHAnalysis/data//fakerate/fr_2018_recorrected.root to FR_mva090_el_data_comb_NC_recorrected_pt1
Loading FR_el_i42 from file /nfs/fanae/user/cvico/WorkSpace/ttw-differential/cmssw-aug2024/CMSSW_10_4_0/src/CMGTools/TTHAnalysis/data//fakerate/fr_2018_recorrected.root to FR_mva090_el_data_comb_NC_recorrected_pt2
Loading FR_mu_i72 from file /nfs/fanae/user/cvico/WorkSpace/ttw-differential/cmssw-aug2024/CMSSW_10_4_0/src/CMGTools/TTHAnalysis/data//fakerate/fr_2018_recorrected.root to FR_mva085_mu_data_comb_recorrected
Loading FR_mu_i32 from file /nfs/fanae/user/cvico/WorkSpace/ttw-differential/cmssw-aug2024/CMSSW_10_4_0/src/CMGTools/TTHAnalysis/data//fakerate/fr_2018_recorrected.root to FR_mva085_mu_data_comb_recorrected_pt1
Loading FR_mu_i42 from file /nfs/fanae/user/cvico/WorkSpace/ttw-differential/cmssw-aug2024/CMSSW_10_4_0/src/CMGTools/TTHAnalysis/data//fakerate/fr_2018_recorrected.root to FR_mva085_mu_data_comb_recorrected_pt2
Loading FR_el_i72 from file /nfs/fanae/user/cvico/WorkSpace/ttw-differential/cmssw-aug2024/CMSSW_10_4_0/src/CMGTools/TTHAnalysis/data//fakerate/fr_2018_recorrected.root to FR_mva090_el_data_comb_NC_recorrected
Loading FR_el_i32 from file /nfs/fanae/user/cvico/WorkSpace/ttw-differential/cmssw-aug2024/CMSSW_10_4_0/src/CMGTools/TTHAnalysis/data//fakerate/fr_2018_recorrected.root to FR_mva090_el_data_comb_NC_recorrected_pt1
Loading FR_el_i42 from file /nfs/fanae/user/cvico/WorkSpace/ttw-differential/cmssw-aug2024/CMSSW_10_4_0/src/CMGTools/TTHAnalysis/data//fakerate/fr_2018_recorrected.root to FR_mva090_el_data_comb_NC_recorrected_pt2
Loading FR_mu_i12 from file /nfs/fanae/user/cvico/WorkSpace/ttw-differential/cmssw-aug2024/CMSSW_10_4_0/src/CMGTools/TTHAnalysis/data//fakerate/fr_2018_recorrected.root to FR_mva085_mu_data_comb_recorrected_up
Loading FR_mu_i22 from file /nfs/fanae/user/cvico/WorkSpace/ttw-differential/cmssw-aug2024/CMSSW_10_4_0/src/CMGTools/TTHAnalysis/data//fakerate/fr_2018_recorrected.root to FR_mva085_mu_data_comb_recorrected_down
Loading FR_el_i52 from file /nfs/fanae/user/cvico/WorkSpace/ttw-differential/cmssw-aug2024/CMSSW_10_4_0/src/CMGTools/TTHAnalysis/data//fakerate/fr_2018_recorrected.root to FR_mva090_el_data_comb_NC_recorrected_be1
Loading FR_el_i62 from file /nfs/fanae/user/cvico/WorkSpace/ttw-differential/cmssw-aug2024/CMSSW_10_4_0/src/CMGTools/TTHAnalysis/data//fakerate/fr_2018_recorrected.root to FR_mva090_el_data_comb_NC_recorrected_be2
Loading FR_mu_i72 from file /nfs/fanae/user/cvico/WorkSpace/ttw-differential/cmssw-aug2024/CMSSW_10_4_0/src/CMGTools/TTHAnalysis/data//fakerate/fr_2018_recorrected.root to FR_mva085_mu_data_comb_recorrected
Loading FR_el_i52 from file /nfs/fanae/user/cvico/WorkSpace/ttw-differential/cmssw-aug2024/CMSSW_10_4_0/src/CMGTools/TTHAnalysis/data//fakerate/fr_2018_recorrected.root to FR_mva090_el_data_comb_NC_recorrected_be1
Loading FR_el_i62 from file /nfs/fanae/user/cvico/WorkSpace/ttw-differential/cmssw-aug2024/CMSSW_10_4_0/src/CMGTools/TTHAnalysis/data//fakerate/fr_2018_recorrected.root to FR_mva090_el_data_comb_NC_recorrected_be2
Loading FR_el_i12 from file /nfs/fanae/user/cvico/WorkSpace/ttw-differential/cmssw-aug2024/CMSSW_10_4_0/src/CMGTools/TTHAnalysis/data//fakerate/fr_2018_recorrected.root to FR_mva090_el_data_comb_NC_recorrected_up
Loading FR_el_i22 from file /nfs/fanae/user/cvico/WorkSpace/ttw-differential/cmssw-aug2024/CMSSW_10_4_0/src/CMGTools/TTHAnalysis/data//fakerate/fr_2018_recorrected.root to FR_mva090_el_data_comb_NC_recorrected_down
Loading FR_el_i52 from file /nfs/fanae/user/cvico/WorkSpace/ttw-differential/cmssw-aug2024/CMSSW_10_4_0/src/CMGTools/TTHAnalysis/data//fakerate/fr_2018_recorrected.root to FR_mva090_el_data_comb_NC_recorrected_be1
Loading FR_el_i62 from file /nfs/fanae/user/cvico/WorkSpace/ttw-differential/cmssw-aug2024/CMSSW_10_4_0/src/CMGTools/TTHAnalysis/data//fakerate/fr_2018_recorrected.root to FR_mva090_el_data_comb_NC_recorrected_be2
Loading FR_el_i52 from file /nfs/fanae/user/cvico/WorkSpace/ttw-differential/cmssw-aug2024/CMSSW_10_4_0/src/CMGTools/TTHAnalysis/data//fakerate/fr_2018_recorrected.root to FR_mva090_el_data_comb_NC_recorrected_be1
Loading FR_el_i62 from file /nfs/fanae/user/cvico/WorkSpace/ttw-differential/cmssw-aug2024/CMSSW_10_4_0/src/CMGTools/TTHAnalysis/data//fakerate/fr_2018_recorrected.root to FR_mva090_el_data_comb_NC_recorrected_be2
Loading FR_mu_i32 from file /nfs/fanae/user/cvico/WorkSpace/ttw-differential/cmssw-aug2024/CMSSW_10_4_0/src/CMGTools/TTHAnalysis/data//fakerate/fr_2018_recorrected.root to FR_mva085_mu_data_comb_recorrected_pt1
Loading FR_mu_i42 from file /nfs/fanae/user/cvico/WorkSpace/ttw-differential/cmssw-aug2024/CMSSW_10_4_0/src/CMGTools/TTHAnalysis/data//fakerate/fr_2018_recorrected.root to FR_mva085_mu_data_comb_recorrected_pt2
Loading FR_el_i52 from file /nfs/fanae/user/cvico/WorkSpace/ttw-differential/cmssw-aug2024/CMSSW_10_4_0/src/CMGTools/TTHAnalysis/data//fakerate/fr_2018_recorrected.root to FR_mva090_el_data_comb_NC_recorrected_be1
Loading FR_mu_i32 from file /nfs/fanae/user/cvico/WorkSpace/ttw-differential/cmssw-aug2024/CMSSW_10_4_0/src/CMGTools/TTHAnalysis/data//fakerate/fr_2018_recorrected.root to FR_mva085_mu_data_comb_recorrected_pt1
Loading FR_el_i62 from file /nfs/fanae/user/cvico/WorkSpace/ttw-differential/cmssw-aug2024/CMSSW_10_4_0/src/CMGTools/TTHAnalysis/data//fakerate/fr_2018_recorrected.root to FR_mva090_el_data_comb_NC_recorrected_be2
Loading FR_mu_i42 from file /nfs/fanae/user/cvico/WorkSpace/ttw-differential/cmssw-aug2024/CMSSW_10_4_0/src/CMGTools/TTHAnalysis/data//fakerate/fr_2018_recorrected.root to FR_mva085_mu_data_comb_recorrected_pt2
Loading FR_el_i52 from file /nfs/fanae/user/cvico/WorkSpace/ttw-differential/cmssw-aug2024/CMSSW_10_4_0/src/CMGTools/TTHAnalysis/data//fakerate/fr_2018_recorrected.root to FR_mva090_el_data_comb_NC_recorrected_be1
Loading FR_el_i72 from file /nfs/fanae/user/cvico/WorkSpace/ttw-differential/cmssw-aug2024/CMSSW_10_4_0/src/CMGTools/TTHAnalysis/data//fakerate/fr_2018_recorrected.root to FR_mva090_el_data_comb_NC_recorrected
Loading FR_mu_i32 from file /nfs/fanae/user/cvico/WorkSpace/ttw-differential/cmssw-aug2024/CMSSW_10_4_0/src/CMGTools/TTHAnalysis/data//fakerate/fr_2018_recorrected.root to FR_mva085_mu_data_comb_recorrected_pt1
Loading FR_mu_i52 from file /nfs/fanae/user/cvico/WorkSpace/ttw-differential/cmssw-aug2024/CMSSW_10_4_0/src/CMGTools/TTHAnalysis/data//fakerate/fr_2018_recorrected.root to FR_mva085_mu_data_comb_recorrected_be1
Loading FR_el_i62 from file /nfs/fanae/user/cvico/WorkSpace/ttw-differential/cmssw-aug2024/CMSSW_10_4_0/src/CMGTools/TTHAnalysis/data//fakerate/fr_2018_recorrected.root to FR_mva090_el_data_comb_NC_recorrected_be2
Loading FR_el_i32 from file /nfs/fanae/user/cvico/WorkSpace/ttw-differential/cmssw-aug2024/CMSSW_10_4_0/src/CMGTools/TTHAnalysis/data//fakerate/fr_2018_recorrected.root to FR_mva090_el_data_comb_NC_recorrected_pt1
Loading FR_mu_i62 from file /nfs/fanae/user/cvico/WorkSpace/ttw-differential/cmssw-aug2024/CMSSW_10_4_0/src/CMGTools/TTHAnalysis/data//fakerate/fr_2018_recorrected.root to FR_mva085_mu_data_comb_recorrected_be2
Loading FR_mu_i42 from file /nfs/fanae/user/cvico/WorkSpace/ttw-differential/cmssw-aug2024/CMSSW_10_4_0/src/CMGTools/TTHAnalysis/data//fakerate/fr_2018_recorrected.root to FR_mva085_mu_data_comb_recorrected_pt2
Loading FR_mu_i32 from file /nfs/fanae/user/cvico/WorkSpace/ttw-differential/cmssw-aug2024/CMSSW_10_4_0/src/CMGTools/TTHAnalysis/data//fakerate/fr_2018_recorrected.root to FR_mva085_mu_data_comb_recorrected_pt1
Loading FR_el_i42 from file /nfs/fanae/user/cvico/WorkSpace/ttw-differential/cmssw-aug2024/CMSSW_10_4_0/src/CMGTools/TTHAnalysis/data//fakerate/fr_2018_recorrected.root to FR_mva090_el_data_comb_NC_recorrected_pt2
Loading FR_mu_i42 from file /nfs/fanae/user/cvico/WorkSpace/ttw-differential/cmssw-aug2024/CMSSW_10_4_0/src/CMGTools/TTHAnalysis/data//fakerate/fr_2018_recorrected.root to FR_mva085_mu_data_comb_recorrected_pt2
Loading FR_el_i52 from file /nfs/fanae/user/cvico/WorkSpace/ttw-differential/cmssw-aug2024/CMSSW_10_4_0/src/CMGTools/TTHAnalysis/data//fakerate/fr_2018_recorrected.root to FR_mva090_el_data_comb_NC_recorrected_be1
Loading FR_mu_i72 from file /nfs/fanae/user/cvico/WorkSpace/ttw-differential/cmssw-aug2024/CMSSW_10_4_0/src/CMGTools/TTHAnalysis/data//fakerate/fr_2018_recorrected.root to FR_mva085_mu_data_comb_recorrected
Loading FR_el_i62 from file /nfs/fanae/user/cvico/WorkSpace/ttw-differential/cmssw-aug2024/CMSSW_10_4_0/src/CMGTools/TTHAnalysis/data//fakerate/fr_2018_recorrected.root to FR_mva090_el_data_comb_NC_recorrected_be2
Loading FR_el_i72 from file /nfs/fanae/user/cvico/WorkSpace/ttw-differential/cmssw-aug2024/CMSSW_10_4_0/src/CMGTools/TTHAnalysis/data//fakerate/fr_2018_recorrected.root to FR_mva090_el_data_comb_NC_recorrected
Loading FR_el_i32 from file /nfs/fanae/user/cvico/WorkSpace/ttw-differential/cmssw-aug2024/CMSSW_10_4_0/src/CMGTools/TTHAnalysis/data//fakerate/fr_2018_recorrected.root to FR_mva090_el_data_comb_NC_recorrected_pt1
Loading FR_el_i42 from file /nfs/fanae/user/cvico/WorkSpace/ttw-differential/cmssw-aug2024/CMSSW_10_4_0/src/CMGTools/TTHAnalysis/data//fakerate/fr_2018_recorrected.root to FR_mva090_el_data_comb_NC_recorrected_pt2
Loading FR_mu_i32 from file /nfs/fanae/user/cvico/WorkSpace/ttw-differential/cmssw-aug2024/CMSSW_10_4_0/src/CMGTools/TTHAnalysis/data//fakerate/fr_2018_recorrected.root to FR_mva085_mu_data_comb_recorrected_pt1
Loading FR_el_i72 from file /nfs/fanae/user/cvico/WorkSpace/ttw-differential/cmssw-aug2024/CMSSW_10_4_0/src/CMGTools/TTHAnalysis/data//fakerate/fr_2018_recorrected.root to FR_mva090_el_data_comb_NC_recorrected
Loading FR_mu_i42 from file /nfs/fanae/user/cvico/WorkSpace/ttw-differential/cmssw-aug2024/CMSSW_10_4_0/src/CMGTools/TTHAnalysis/data//fakerate/fr_2018_recorrected.root to FR_mva085_mu_data_comb_recorrected_pt2
Loading FR_el_i72 from file /nfs/fanae/user/cvico/WorkSpace/ttw-differential/cmssw-aug2024/CMSSW_10_4_0/src/CMGTools/TTHAnalysis/data//fakerate/fr_2018_recorrected.root to FR_mva090_el_data_comb_NC_recorrected
Loading FR_el_i32 from file /nfs/fanae/user/cvico/WorkSpace/ttw-differential/cmssw-aug2024/CMSSW_10_4_0/src/CMGTools/TTHAnalysis/data//fakerate/fr_2018_recorrected.root to FR_mva090_el_data_comb_NC_recorrected_pt1
Loading FR_mu_i72 from file /nfs/fanae/user/cvico/WorkSpace/ttw-differential/cmssw-aug2024/CMSSW_10_4_0/src/CMGTools/TTHAnalysis/data//fakerate/fr_2018_recorrected.root to FR_mva085_mu_data_comb_recorrected
Loading FR_el_i32 from file /nfs/fanae/user/cvico/WorkSpace/ttw-differential/cmssw-aug2024/CMSSW_10_4_0/src/CMGTools/TTHAnalysis/data//fakerate/fr_2018_recorrected.root to FR_mva090_el_data_comb_NC_recorrected_pt1
Loading FR_el_i42 from file /nfs/fanae/user/cvico/WorkSpace/ttw-differential/cmssw-aug2024/CMSSW_10_4_0/src/CMGTools/TTHAnalysis/data//fakerate/fr_2018_recorrected.root to FR_mva090_el_data_comb_NC_recorrected_pt2
Loading FR_mu_i32 from file /nfs/fanae/user/cvico/WorkSpace/ttw-differential/cmssw-aug2024/CMSSW_10_4_0/src/CMGTools/TTHAnalysis/data//fakerate/fr_2018_recorrected.root to FR_mva085_mu_data_comb_recorrected_pt1
Loading FR_el_i42 from file /nfs/fanae/user/cvico/WorkSpace/ttw-differential/cmssw-aug2024/CMSSW_10_4_0/src/CMGTools/TTHAnalysis/data//fakerate/fr_2018_recorrected.root to FR_mva090_el_data_comb_NC_recorrected_pt2
Loading FR_mu_i42 from file /nfs/fanae/user/cvico/WorkSpace/ttw-differential/cmssw-aug2024/CMSSW_10_4_0/src/CMGTools/TTHAnalysis/data//fakerate/fr_2018_recorrected.root to FR_mva085_mu_data_comb_recorrected_pt2
Loading FR_mu_i72 from file /nfs/fanae/user/cvico/WorkSpace/ttw-differential/cmssw-aug2024/CMSSW_10_4_0/src/CMGTools/TTHAnalysis/data//fakerate/fr_2018_recorrected.root to FR_mva085_mu_data_comb_recorrected
Loading FR_mu_i72 from file /nfs/fanae/user/cvico/WorkSpace/ttw-differential/cmssw-aug2024/CMSSW_10_4_0/src/CMGTools/TTHAnalysis/data//fakerate/fr_2018_recorrected.root to FR_mva085_mu_data_comb_recorrected
Loading FR_el_i52 from file /nfs/fanae/user/cvico/WorkSpace/ttw-differential/cmssw-aug2024/CMSSW_10_4_0/src/CMGTools/TTHAnalysis/data//fakerate/fr_2018_recorrected.root to FR_mva090_el_data_comb_NC_recorrected_be1
Loading FR_el_i62 from file /nfs/fanae/user/cvico/WorkSpace/ttw-differential/cmssw-aug2024/CMSSW_10_4_0/src/CMGTools/TTHAnalysis/data//fakerate/fr_2018_recorrected.root to FR_mva090_el_data_comb_NC_recorrected_be2
Loading FR_mu_i12 from file /nfs/fanae/user/cvico/WorkSpace/ttw-differential/cmssw-aug2024/CMSSW_10_4_0/src/CMGTools/TTHAnalysis/data//fakerate/fr_2018_recorrected.root to FR_mva085_mu_data_comb_recorrected_up
Loading FR_mu_i32 from file /nfs/fanae/user/cvico/WorkSpace/ttw-differential/cmssw-aug2024/CMSSW_10_4_0/src/CMGTools/TTHAnalysis/data//fakerate/fr_2018_recorrected.root to FR_mva085_mu_data_comb_recorrected_pt1
Loading FR_mu_i22 from file /nfs/fanae/user/cvico/WorkSpace/ttw-differential/cmssw-aug2024/CMSSW_10_4_0/src/CMGTools/TTHAnalysis/data//fakerate/fr_2018_recorrected.root to FR_mva085_mu_data_comb_recorrected_down
Loading FR_el_i72 from file /nfs/fanae/user/cvico/WorkSpace/ttw-differential/cmssw-aug2024/CMSSW_10_4_0/src/CMGTools/TTHAnalysis/data//fakerate/fr_2018_recorrected.root to FR_mva090_el_data_comb_NC_recorrected
Loading FR_mu_i42 from file /nfs/fanae/user/cvico/WorkSpace/ttw-differential/cmssw-aug2024/CMSSW_10_4_0/src/CMGTools/TTHAnalysis/data//fakerate/fr_2018_recorrected.root to FR_mva085_mu_data_comb_recorrected_pt2
Loading FR_el_i32 from file /nfs/fanae/user/cvico/WorkSpace/ttw-differential/cmssw-aug2024/CMSSW_10_4_0/src/CMGTools/TTHAnalysis/data//fakerate/fr_2018_recorrected.root to FR_mva090_el_data_comb_NC_recorrected_pt1
Loading FR_el_i42 from file /nfs/fanae/user/cvico/WorkSpace/ttw-differential/cmssw-aug2024/CMSSW_10_4_0/src/CMGTools/TTHAnalysis/data//fakerate/fr_2018_recorrected.root to FR_mva090_el_data_comb_NC_recorrected_pt2
Loading FR_el_i72 from file /nfs/fanae/user/cvico/WorkSpace/ttw-differential/cmssw-aug2024/CMSSW_10_4_0/src/CMGTools/TTHAnalysis/data//fakerate/fr_2018_recorrected.root to FR_mva090_el_data_comb_NC_recorrected
Loading FR_el_i52 from file /nfs/fanae/user/cvico/WorkSpace/ttw-differential/cmssw-aug2024/CMSSW_10_4_0/src/CMGTools/TTHAnalysis/data//fakerate/fr_2018_recorrected.root to FR_mva090_el_data_comb_NC_recorrected_be1
Loading FR_el_i32 from file /nfs/fanae/user/cvico/WorkSpace/ttw-differential/cmssw-aug2024/CMSSW_10_4_0/src/CMGTools/TTHAnalysis/data//fakerate/fr_2018_recorrected.root to FR_mva090_el_data_comb_NC_recorrected_pt1
Loading FR_el_i62 from file /nfs/fanae/user/cvico/WorkSpace/ttw-differential/cmssw-aug2024/CMSSW_10_4_0/src/CMGTools/TTHAnalysis/data//fakerate/fr_2018_recorrected.root to FR_mva090_el_data_comb_NC_recorrected_be2
Loading FR_mu_i72 from file /nfs/fanae/user/cvico/WorkSpace/ttw-differential/cmssw-aug2024/CMSSW_10_4_0/src/CMGTools/TTHAnalysis/data//fakerate/fr_2018_recorrected.root to FR_mva085_mu_data_comb_recorrected
Loading FR_el_i42 from file /nfs/fanae/user/cvico/WorkSpace/ttw-differential/cmssw-aug2024/CMSSW_10_4_0/src/CMGTools/TTHAnalysis/data//fakerate/fr_2018_recorrected.root to FR_mva090_el_data_comb_NC_recorrected_pt2
Loading FR_mu_i72 from file /nfs/fanae/user/cvico/WorkSpace/ttw-differential/cmssw-aug2024/CMSSW_10_4_0/src/CMGTools/TTHAnalysis/data//fakerate/fr_2018_recorrected.root to FR_mva085_mu_data_comb_recorrected
Loading FR_el_i12 from file /nfs/fanae/user/cvico/WorkSpace/ttw-differential/cmssw-aug2024/CMSSW_10_4_0/src/CMGTools/TTHAnalysis/data//fakerate/fr_2018_recorrected.root to FR_mva090_el_data_comb_NC_recorrected_up
Loading FR_el_i72 from file /nfs/fanae/user/cvico/WorkSpace/ttw-differential/cmssw-aug2024/CMSSW_10_4_0/src/CMGTools/TTHAnalysis/data//fakerate/fr_2018_recorrected.root to FR_mva090_el_data_comb_NC_recorrected
Loading FR_el_i22 from file /nfs/fanae/user/cvico/WorkSpace/ttw-differential/cmssw-aug2024/CMSSW_10_4_0/src/CMGTools/TTHAnalysis/data//fakerate/fr_2018_recorrected.root to FR_mva090_el_data_comb_NC_recorrected_down
Loading FR_mu_i32 from file /nfs/fanae/user/cvico/WorkSpace/ttw-differential/cmssw-aug2024/CMSSW_10_4_0/src/CMGTools/TTHAnalysis/data//fakerate/fr_2018_recorrected.root to FR_mva085_mu_data_comb_recorrected_pt1
Loading FR_el_i32 from file /nfs/fanae/user/cvico/WorkSpace/ttw-differential/cmssw-aug2024/CMSSW_10_4_0/src/CMGTools/TTHAnalysis/data//fakerate/fr_2018_recorrected.root to FR_mva090_el_data_comb_NC_recorrected_pt1
Loading FR_mu_i42 from file /nfs/fanae/user/cvico/WorkSpace/ttw-differential/cmssw-aug2024/CMSSW_10_4_0/src/CMGTools/TTHAnalysis/data//fakerate/fr_2018_recorrected.root to FR_mva085_mu_data_comb_recorrected_pt2
Loading FR_el_i42 from file /nfs/fanae/user/cvico/WorkSpace/ttw-differential/cmssw-aug2024/CMSSW_10_4_0/src/CMGTools/TTHAnalysis/data//fakerate/fr_2018_recorrected.root to FR_mva090_el_data_comb_NC_recorrected_pt2
Loading FR_mu_i12 from file /nfs/fanae/user/cvico/WorkSpace/ttw-differential/cmssw-aug2024/CMSSW_10_4_0/src/CMGTools/TTHAnalysis/data//fakerate/fr_2018_recorrected.root to FR_mva085_mu_data_comb_recorrected_up
Loading FR_mu_i22 from file /nfs/fanae/user/cvico/WorkSpace/ttw-differential/cmssw-aug2024/CMSSW_10_4_0/src/CMGTools/TTHAnalysis/data//fakerate/fr_2018_recorrected.root to FR_mva085_mu_data_comb_recorrected_down
Loading FR_mu_i12 from file /nfs/fanae/user/cvico/WorkSpace/ttw-differential/cmssw-aug2024/CMSSW_10_4_0/src/CMGTools/TTHAnalysis/data//fakerate/fr_2018_recorrected.root to FR_mva085_mu_data_comb_recorrected_up
Loading FR_mu_i72 from file /nfs/fanae/user/cvico/WorkSpace/ttw-differential/cmssw-aug2024/CMSSW_10_4_0/src/CMGTools/TTHAnalysis/data//fakerate/fr_2018_recorrected.root to FR_mva085_mu_data_comb_recorrected
Loading FR_mu_i22 from file /nfs/fanae/user/cvico/WorkSpace/ttw-differential/cmssw-aug2024/CMSSW_10_4_0/src/CMGTools/TTHAnalysis/data//fakerate/fr_2018_recorrected.root to FR_mva085_mu_data_comb_recorrected_down
Loading FR_mu_i12 from file /nfs/fanae/user/cvico/WorkSpace/ttw-differential/cmssw-aug2024/CMSSW_10_4_0/src/CMGTools/TTHAnalysis/data//fakerate/fr_2018_recorrected.root to FR_mva085_mu_data_comb_recorrected_up
Loading FR_mu_i22 from file /nfs/fanae/user/cvico/WorkSpace/ttw-differential/cmssw-aug2024/CMSSW_10_4_0/src/CMGTools/TTHAnalysis/data//fakerate/fr_2018_recorrected.root to FR_mva085_mu_data_comb_recorrected_down
Loading FR_mu_i32 from file /nfs/fanae/user/cvico/WorkSpace/ttw-differential/cmssw-aug2024/CMSSW_10_4_0/src/CMGTools/TTHAnalysis/data//fakerate/fr_2018_recorrected.root to FR_mva085_mu_data_comb_recorrected_pt1
Loading FR_el_i52 from file /nfs/fanae/user/cvico/WorkSpace/ttw-differential/cmssw-aug2024/CMSSW_10_4_0/src/CMGTools/TTHAnalysis/data//fakerate/fr_2018_recorrected.root to FR_mva090_el_data_comb_NC_recorrected_be1
Loading FR_mu_i42 from file /nfs/fanae/user/cvico/WorkSpace/ttw-differential/cmssw-aug2024/CMSSW_10_4_0/src/CMGTools/TTHAnalysis/data//fakerate/fr_2018_recorrected.root to FR_mva085_mu_data_comb_recorrected_pt2
Loading FR_el_i62 from file /nfs/fanae/user/cvico/WorkSpace/ttw-differential/cmssw-aug2024/CMSSW_10_4_0/src/CMGTools/TTHAnalysis/data//fakerate/fr_2018_recorrected.root to FR_mva090_el_data_comb_NC_recorrected_be2
Loading FR_mu_i12 from file /nfs/fanae/user/cvico/WorkSpace/ttw-differential/cmssw-aug2024/CMSSW_10_4_0/src/CMGTools/TTHAnalysis/data//fakerate/fr_2018_recorrected.root to FR_mva085_mu_data_comb_recorrected_up
Loading FR_mu_i22 from file /nfs/fanae/user/cvico/WorkSpace/ttw-differential/cmssw-aug2024/CMSSW_10_4_0/src/CMGTools/TTHAnalysis/data//fakerate/fr_2018_recorrected.root to FR_mva085_mu_data_comb_recorrected_down
Loading FR_el_i72 from file /nfs/fanae/user/cvico/WorkSpace/ttw-differential/cmssw-aug2024/CMSSW_10_4_0/src/CMGTools/TTHAnalysis/data//fakerate/fr_2018_recorrected.root to FR_mva090_el_data_comb_NC_recorrected
Loading FR_el_i32 from file /nfs/fanae/user/cvico/WorkSpace/ttw-differential/cmssw-aug2024/CMSSW_10_4_0/src/CMGTools/TTHAnalysis/data//fakerate/fr_2018_recorrected.root to FR_mva090_el_data_comb_NC_recorrected_pt1
Loading FR_el_i12 from file /nfs/fanae/user/cvico/WorkSpace/ttw-differential/cmssw-aug2024/CMSSW_10_4_0/src/CMGTools/TTHAnalysis/data//fakerate/fr_2018_recorrected.root to FR_mva090_el_data_comb_NC_recorrected_up
Loading FR_el_i42 from file /nfs/fanae/user/cvico/WorkSpace/ttw-differential/cmssw-aug2024/CMSSW_10_4_0/src/CMGTools/TTHAnalysis/data//fakerate/fr_2018_recorrected.root to FR_mva090_el_data_comb_NC_recorrected_pt2
Loading FR_el_i72 from file /nfs/fanae/user/cvico/WorkSpace/ttw-differential/cmssw-aug2024/CMSSW_10_4_0/src/CMGTools/TTHAnalysis/data//fakerate/fr_2018_recorrected.root to FR_mva090_el_data_comb_NC_recorrected
Loading FR_el_i22 from file /nfs/fanae/user/cvico/WorkSpace/ttw-differential/cmssw-aug2024/CMSSW_10_4_0/src/CMGTools/TTHAnalysis/data//fakerate/fr_2018_recorrected.root to FR_mva090_el_data_comb_NC_recorrected_down
Loading FR_el_i12 from file /nfs/fanae/user/cvico/WorkSpace/ttw-differential/cmssw-aug2024/CMSSW_10_4_0/src/CMGTools/TTHAnalysis/data//fakerate/fr_2018_recorrected.root to FR_mva090_el_data_comb_NC_recorrected_up
Loading FR_mu_i52 from file /nfs/fanae/user/cvico/WorkSpace/ttw-differential/cmssw-aug2024/CMSSW_10_4_0/src/CMGTools/TTHAnalysis/data//fakerate/fr_2018_recorrected.root to FR_mva085_mu_data_comb_recorrected_be1
Loading FR_el_i32 from file /nfs/fanae/user/cvico/WorkSpace/ttw-differential/cmssw-aug2024/CMSSW_10_4_0/src/CMGTools/TTHAnalysis/data//fakerate/fr_2018_recorrected.root to FR_mva090_el_data_comb_NC_recorrected_pt1
Loading FR_el_i12 from file /nfs/fanae/user/cvico/WorkSpace/ttw-differential/cmssw-aug2024/CMSSW_10_4_0/src/CMGTools/TTHAnalysis/data//fakerate/fr_2018_recorrected.root to FR_mva090_el_data_comb_NC_recorrected_up
Loading FR_mu_i72 from file /nfs/fanae/user/cvico/WorkSpace/ttw-differential/cmssw-aug2024/CMSSW_10_4_0/src/CMGTools/TTHAnalysis/data//fakerate/fr_2018_recorrected.root to FR_mva085_mu_data_comb_recorrected
Loading FR_el_i22 from file /nfs/fanae/user/cvico/WorkSpace/ttw-differential/cmssw-aug2024/CMSSW_10_4_0/src/CMGTools/TTHAnalysis/data//fakerate/fr_2018_recorrected.root to FR_mva090_el_data_comb_NC_recorrected_down
Loading FR_mu_i62 from file /nfs/fanae/user/cvico/WorkSpace/ttw-differential/cmssw-aug2024/CMSSW_10_4_0/src/CMGTools/TTHAnalysis/data//fakerate/fr_2018_recorrected.root to FR_mva085_mu_data_comb_recorrected_be2
Loading FR_el_i42 from file /nfs/fanae/user/cvico/WorkSpace/ttw-differential/cmssw-aug2024/CMSSW_10_4_0/src/CMGTools/TTHAnalysis/data//fakerate/fr_2018_recorrected.root to FR_mva090_el_data_comb_NC_recorrected_pt2
Loading FR_el_i22 from file /nfs/fanae/user/cvico/WorkSpace/ttw-differential/cmssw-aug2024/CMSSW_10_4_0/src/CMGTools/TTHAnalysis/data//fakerate/fr_2018_recorrected.root to FR_mva090_el_data_comb_NC_recorrected_down
Loading FR_mu_i12 from file /nfs/fanae/user/cvico/WorkSpace/ttw-differential/cmssw-aug2024/CMSSW_10_4_0/src/CMGTools/TTHAnalysis/data//fakerate/fr_2018_recorrected.root to FR_mva085_mu_data_comb_recorrected_up
Loading FR_el_i12 from file /nfs/fanae/user/cvico/WorkSpace/ttw-differential/cmssw-aug2024/CMSSW_10_4_0/src/CMGTools/TTHAnalysis/data//fakerate/fr_2018_recorrected.root to FR_mva090_el_data_comb_NC_recorrected_up
Loading FR_mu_i22 from file /nfs/fanae/user/cvico/WorkSpace/ttw-differential/cmssw-aug2024/CMSSW_10_4_0/src/CMGTools/TTHAnalysis/data//fakerate/fr_2018_recorrected.root to FR_mva085_mu_data_comb_recorrected_down
Loading FR_mu_i72 from file /nfs/fanae/user/cvico/WorkSpace/ttw-differential/cmssw-aug2024/CMSSW_10_4_0/src/CMGTools/TTHAnalysis/data//fakerate/fr_2018_recorrected.root to FR_mva085_mu_data_comb_recorrected
Loading FR_el_i22 from file /nfs/fanae/user/cvico/WorkSpace/ttw-differential/cmssw-aug2024/CMSSW_10_4_0/src/CMGTools/TTHAnalysis/data//fakerate/fr_2018_recorrected.root to FR_mva090_el_data_comb_NC_recorrected_down
Loading FR_mu_i12 from file /nfs/fanae/user/cvico/WorkSpace/ttw-differential/cmssw-aug2024/CMSSW_10_4_0/src/CMGTools/TTHAnalysis/data//fakerate/fr_2018_recorrected.root to FR_mva085_mu_data_comb_recorrected_up
Loading FR_mu_i32 from file /nfs/fanae/user/cvico/WorkSpace/ttw-differential/cmssw-aug2024/CMSSW_10_4_0/src/CMGTools/TTHAnalysis/data//fakerate/fr_2018_recorrected.root to FR_mva085_mu_data_comb_recorrected_pt1
Loading FR_mu_i22 from file /nfs/fanae/user/cvico/WorkSpace/ttw-differential/cmssw-aug2024/CMSSW_10_4_0/src/CMGTools/TTHAnalysis/data//fakerate/fr_2018_recorrected.root to FR_mva085_mu_data_comb_recorrected_down
Loading FR_mu_i42 from file /nfs/fanae/user/cvico/WorkSpace/ttw-differential/cmssw-aug2024/CMSSW_10_4_0/src/CMGTools/TTHAnalysis/data//fakerate/fr_2018_recorrected.root to FR_mva085_mu_data_comb_recorrected_pt2
Loading FR_mu_i12 from file /nfs/fanae/user/cvico/WorkSpace/ttw-differential/cmssw-aug2024/CMSSW_10_4_0/src/CMGTools/TTHAnalysis/data//fakerate/fr_2018_recorrected.root to FR_mva085_mu_data_comb_recorrected_up
Loading FR_mu_i22 from file /nfs/fanae/user/cvico/WorkSpace/ttw-differential/cmssw-aug2024/CMSSW_10_4_0/src/CMGTools/TTHAnalysis/data//fakerate/fr_2018_recorrected.root to FR_mva085_mu_data_comb_recorrected_down
Loading FR_el_i12 from file /nfs/fanae/user/cvico/WorkSpace/ttw-differential/cmssw-aug2024/CMSSW_10_4_0/src/CMGTools/TTHAnalysis/data//fakerate/fr_2018_recorrected.root to FR_mva090_el_data_comb_NC_recorrected_up
Loading FR_mu_i52 from file /nfs/fanae/user/cvico/WorkSpace/ttw-differential/cmssw-aug2024/CMSSW_10_4_0/src/CMGTools/TTHAnalysis/data//fakerate/fr_2018_recorrected.root to FR_mva085_mu_data_comb_recorrected_be1
Loading FR_el_i22 from file /nfs/fanae/user/cvico/WorkSpace/ttw-differential/cmssw-aug2024/CMSSW_10_4_0/src/CMGTools/TTHAnalysis/data//fakerate/fr_2018_recorrected.root to FR_mva090_el_data_comb_NC_recorrected_down
Loading FR_mu_i62 from file /nfs/fanae/user/cvico/WorkSpace/ttw-differential/cmssw-aug2024/CMSSW_10_4_0/src/CMGTools/TTHAnalysis/data//fakerate/fr_2018_recorrected.root to FR_mva085_mu_data_comb_recorrected_be2
Loading FR_el_i72 from file /nfs/fanae/user/cvico/WorkSpace/ttw-differential/cmssw-aug2024/CMSSW_10_4_0/src/CMGTools/TTHAnalysis/data//fakerate/fr_2018_recorrected.root to FR_mva090_el_data_comb_NC_recorrected
Loading FR_el_i12 from file /nfs/fanae/user/cvico/WorkSpace/ttw-differential/cmssw-aug2024/CMSSW_10_4_0/src/CMGTools/TTHAnalysis/data//fakerate/fr_2018_recorrected.root to FR_mva090_el_data_comb_NC_recorrected_up
Loading FR_mu_i52 from file /nfs/fanae/user/cvico/WorkSpace/ttw-differential/cmssw-aug2024/CMSSW_10_4_0/src/CMGTools/TTHAnalysis/data//fakerate/fr_2018_recorrected.root to FR_mva085_mu_data_comb_recorrected_be1
Loading FR_el_i32 from file /nfs/fanae/user/cvico/WorkSpace/ttw-differential/cmssw-aug2024/CMSSW_10_4_0/src/CMGTools/TTHAnalysis/data//fakerate/fr_2018_recorrected.root to FR_mva090_el_data_comb_NC_recorrected_pt1
Loading FR_mu_i62 from file /nfs/fanae/user/cvico/WorkSpace/ttw-differential/cmssw-aug2024/CMSSW_10_4_0/src/CMGTools/TTHAnalysis/data//fakerate/fr_2018_recorrected.root to FR_mva085_mu_data_comb_recorrected_be2
Loading FR_mu_i52 from file /nfs/fanae/user/cvico/WorkSpace/ttw-differential/cmssw-aug2024/CMSSW_10_4_0/src/CMGTools/TTHAnalysis/data//fakerate/fr_2018_recorrected.root to FR_mva085_mu_data_comb_recorrected_be1
Loading FR_el_i52 from file /nfs/fanae/user/cvico/WorkSpace/ttw-differential/cmssw-aug2024/CMSSW_10_4_0/src/CMGTools/TTHAnalysis/data//fakerate/fr_2018_recorrected.root to FR_mva090_el_data_comb_NC_recorrected_be1
Loading FR_el_i22 from file /nfs/fanae/user/cvico/WorkSpace/ttw-differential/cmssw-aug2024/CMSSW_10_4_0/src/CMGTools/TTHAnalysis/data//fakerate/fr_2018_recorrected.root to FR_mva090_el_data_comb_NC_recorrected_down
Loading FR_el_i42 from file /nfs/fanae/user/cvico/WorkSpace/ttw-differential/cmssw-aug2024/CMSSW_10_4_0/src/CMGTools/TTHAnalysis/data//fakerate/fr_2018_recorrected.root to FR_mva090_el_data_comb_NC_recorrected_pt2
Loading FR_el_i62 from file /nfs/fanae/user/cvico/WorkSpace/ttw-differential/cmssw-aug2024/CMSSW_10_4_0/src/CMGTools/TTHAnalysis/data//fakerate/fr_2018_recorrected.root to FR_mva090_el_data_comb_NC_recorrected_be2
Loading FR_mu_i62 from file /nfs/fanae/user/cvico/WorkSpace/ttw-differential/cmssw-aug2024/CMSSW_10_4_0/src/CMGTools/TTHAnalysis/data//fakerate/fr_2018_recorrected.root to FR_mva085_mu_data_comb_recorrected_be2
Loading FR_mu_i52 from file /nfs/fanae/user/cvico/WorkSpace/ttw-differential/cmssw-aug2024/CMSSW_10_4_0/src/CMGTools/TTHAnalysis/data//fakerate/fr_2018_recorrected.root to FR_mva085_mu_data_comb_recorrected_be1
Loading FR_mu_i72 from file /nfs/fanae/user/cvico/WorkSpace/ttw-differential/cmssw-aug2024/CMSSW_10_4_0/src/CMGTools/TTHAnalysis/data//fakerate/fr_2018_recorrected.root to FR_mva085_mu_data_comb_recorrected
Loading FR_mu_i62 from file /nfs/fanae/user/cvico/WorkSpace/ttw-differential/cmssw-aug2024/CMSSW_10_4_0/src/CMGTools/TTHAnalysis/data//fakerate/fr_2018_recorrected.root to FR_mva085_mu_data_comb_recorrected_be2
Loading FR_el_i12 from file /nfs/fanae/user/cvico/WorkSpace/ttw-differential/cmssw-aug2024/CMSSW_10_4_0/src/CMGTools/TTHAnalysis/data//fakerate/fr_2018_recorrected.root to FR_mva090_el_data_comb_NC_recorrected_up
Loading FR_el_i22 from file /nfs/fanae/user/cvico/WorkSpace/ttw-differential/cmssw-aug2024/CMSSW_10_4_0/src/CMGTools/TTHAnalysis/data//fakerate/fr_2018_recorrected.root to FR_mva090_el_data_comb_NC_recorrected_down
Loading FR_mu_i12 from file /nfs/fanae/user/cvico/WorkSpace/ttw-differential/cmssw-aug2024/CMSSW_10_4_0/src/CMGTools/TTHAnalysis/data//fakerate/fr_2018_recorrected.root to FR_mva085_mu_data_comb_recorrected_up
Loading FR_mu_i22 from file /nfs/fanae/user/cvico/WorkSpace/ttw-differential/cmssw-aug2024/CMSSW_10_4_0/src/CMGTools/TTHAnalysis/data//fakerate/fr_2018_recorrected.root to FR_mva085_mu_data_comb_recorrected_down
Loading FR_mu_i52 from file /nfs/fanae/user/cvico/WorkSpace/ttw-differential/cmssw-aug2024/CMSSW_10_4_0/src/CMGTools/TTHAnalysis/data//fakerate/fr_2018_recorrected.root to FR_mva085_mu_data_comb_recorrected_be1
Loading FR_mu_i32 from file /nfs/fanae/user/cvico/WorkSpace/ttw-differential/cmssw-aug2024/CMSSW_10_4_0/src/CMGTools/TTHAnalysis/data//fakerate/fr_2018_recorrected.root to FR_mva085_mu_data_comb_recorrected_pt1
Loading FR_mu_i62 from file /nfs/fanae/user/cvico/WorkSpace/ttw-differential/cmssw-aug2024/CMSSW_10_4_0/src/CMGTools/TTHAnalysis/data//fakerate/fr_2018_recorrected.root to FR_mva085_mu_data_comb_recorrected_be2
Loading FR_mu_i42 from file /nfs/fanae/user/cvico/WorkSpace/ttw-differential/cmssw-aug2024/CMSSW_10_4_0/src/CMGTools/TTHAnalysis/data//fakerate/fr_2018_recorrected.root to FR_mva085_mu_data_comb_recorrected_pt2
Loading FR_mu_i52 from file /nfs/fanae/user/cvico/WorkSpace/ttw-differential/cmssw-aug2024/CMSSW_10_4_0/src/CMGTools/TTHAnalysis/data//fakerate/fr_2018_recorrected.root to FR_mva085_mu_data_comb_recorrected_be1
Loading FR_mu_i12 from file /nfs/fanae/user/cvico/WorkSpace/ttw-differential/cmssw-aug2024/CMSSW_10_4_0/src/CMGTools/TTHAnalysis/data//fakerate/fr_2018_recorrected.root to FR_mva085_mu_data_comb_recorrected_up
Loading FR_el_i12 from file /nfs/fanae/user/cvico/WorkSpace/ttw-differential/cmssw-aug2024/CMSSW_10_4_0/src/CMGTools/TTHAnalysis/data//fakerate/fr_2018_recorrected.root to FR_mva090_el_data_comb_NC_recorrected_up
Loading FR_mu_i62 from file /nfs/fanae/user/cvico/WorkSpace/ttw-differential/cmssw-aug2024/CMSSW_10_4_0/src/CMGTools/TTHAnalysis/data//fakerate/fr_2018_recorrected.root to FR_mva085_mu_data_comb_recorrected_be2
Loading FR_mu_i22 from file /nfs/fanae/user/cvico/WorkSpace/ttw-differential/cmssw-aug2024/CMSSW_10_4_0/src/CMGTools/TTHAnalysis/data//fakerate/fr_2018_recorrected.root to FR_mva085_mu_data_comb_recorrected_down
Loading FR_el_i22 from file /nfs/fanae/user/cvico/WorkSpace/ttw-differential/cmssw-aug2024/CMSSW_10_4_0/src/CMGTools/TTHAnalysis/data//fakerate/fr_2018_recorrected.root to FR_mva090_el_data_comb_NC_recorrected_down
Loading FR_mu_i52 from file /nfs/fanae/user/cvico/WorkSpace/ttw-differential/cmssw-aug2024/CMSSW_10_4_0/src/CMGTools/TTHAnalysis/data//fakerate/fr_2018_recorrected.root to FR_mva085_mu_data_comb_recorrected_be1
Loading FR_mu_i62 from file /nfs/fanae/user/cvico/WorkSpace/ttw-differential/cmssw-aug2024/CMSSW_10_4_0/src/CMGTools/TTHAnalysis/data//fakerate/fr_2018_recorrected.root to FR_mva085_mu_data_comb_recorrected_be2
Loading FR_el_i72 from file /nfs/fanae/user/cvico/WorkSpace/ttw-differential/cmssw-aug2024/CMSSW_10_4_0/src/CMGTools/TTHAnalysis/data//fakerate/fr_2018_recorrected.root to FR_mva090_el_data_comb_NC_recorrected
Loading FR_el_i32 from file /nfs/fanae/user/cvico/WorkSpace/ttw-differential/cmssw-aug2024/CMSSW_10_4_0/src/CMGTools/TTHAnalysis/data//fakerate/fr_2018_recorrected.root to FR_mva090_el_data_comb_NC_recorrected_pt1
Loading FR_el_i12 from file /nfs/fanae/user/cvico/WorkSpace/ttw-differential/cmssw-aug2024/CMSSW_10_4_0/src/CMGTools/TTHAnalysis/data//fakerate/fr_2018_recorrected.root to FR_mva090_el_data_comb_NC_recorrected_up
Loading FR_mu_i12 from file /nfs/fanae/user/cvico/WorkSpace/ttw-differential/cmssw-aug2024/CMSSW_10_4_0/src/CMGTools/TTHAnalysis/data//fakerate/fr_2018_recorrected.root to FR_mva085_mu_data_comb_recorrected_up
Loading FR_el_i22 from file /nfs/fanae/user/cvico/WorkSpace/ttw-differential/cmssw-aug2024/CMSSW_10_4_0/src/CMGTools/TTHAnalysis/data//fakerate/fr_2018_recorrected.root to FR_mva090_el_data_comb_NC_recorrected_down
Loading FR_el_i42 from file /nfs/fanae/user/cvico/WorkSpace/ttw-differential/cmssw-aug2024/CMSSW_10_4_0/src/CMGTools/TTHAnalysis/data//fakerate/fr_2018_recorrected.root to FR_mva090_el_data_comb_NC_recorrected_pt2
Loading FR_mu_i22 from file /nfs/fanae/user/cvico/WorkSpace/ttw-differential/cmssw-aug2024/CMSSW_10_4_0/src/CMGTools/TTHAnalysis/data//fakerate/fr_2018_recorrected.root to FR_mva085_mu_data_comb_recorrected_down
Loading FR_mu_i72 from file /nfs/fanae/user/cvico/WorkSpace/ttw-differential/cmssw-aug2024/CMSSW_10_4_0/src/CMGTools/TTHAnalysis/data//fakerate/fr_2018_recorrected.root to FR_mva085_mu_data_comb_recorrected
Loading FR_mu_i52 from file /nfs/fanae/user/cvico/WorkSpace/ttw-differential/cmssw-aug2024/CMSSW_10_4_0/src/CMGTools/TTHAnalysis/data//fakerate/fr_2018_recorrected.root to FR_mva085_mu_data_comb_recorrected_be1
Loading FR_mu_i62 from file /nfs/fanae/user/cvico/WorkSpace/ttw-differential/cmssw-aug2024/CMSSW_10_4_0/src/CMGTools/TTHAnalysis/data//fakerate/fr_2018_recorrected.root to FR_mva085_mu_data_comb_recorrected_be2
Loading FR_el_i12 from file /nfs/fanae/user/cvico/WorkSpace/ttw-differential/cmssw-aug2024/CMSSW_10_4_0/src/CMGTools/TTHAnalysis/data//fakerate/fr_2018_recorrected.root to FR_mva090_el_data_comb_NC_recorrected_up
Loading FR_el_i22 from file /nfs/fanae/user/cvico/WorkSpace/ttw-differential/cmssw-aug2024/CMSSW_10_4_0/src/CMGTools/TTHAnalysis/data//fakerate/fr_2018_recorrected.root to FR_mva090_el_data_comb_NC_recorrected_down
Loading FR_mu_i52 from file /nfs/fanae/user/cvico/WorkSpace/ttw-differential/cmssw-aug2024/CMSSW_10_4_0/src/CMGTools/TTHAnalysis/data//fakerate/fr_2018_recorrected.root to FR_mva085_mu_data_comb_recorrected_be1
Loading FR_mu_i62 from file /nfs/fanae/user/cvico/WorkSpace/ttw-differential/cmssw-aug2024/CMSSW_10_4_0/src/CMGTools/TTHAnalysis/data//fakerate/fr_2018_recorrected.root to FR_mva085_mu_data_comb_recorrected_be2
Loading FR_el_i52 from file /nfs/fanae/user/cvico/WorkSpace/ttw-differential/cmssw-aug2024/CMSSW_10_4_0/src/CMGTools/TTHAnalysis/data//fakerate/fr_2018_recorrected.root to FR_mva090_el_data_comb_NC_recorrected_be1
Loading FR_el_i62 from file /nfs/fanae/user/cvico/WorkSpace/ttw-differential/cmssw-aug2024/CMSSW_10_4_0/src/CMGTools/TTHAnalysis/data//fakerate/fr_2018_recorrected.root to FR_mva090_el_data_comb_NC_recorrected_be2
Loading FR_mu_i12 from file /nfs/fanae/user/cvico/WorkSpace/ttw-differential/cmssw-aug2024/CMSSW_10_4_0/src/CMGTools/TTHAnalysis/data//fakerate/fr_2018_recorrected.root to FR_mva085_mu_data_comb_recorrected_up
Loading FR_mu_i52 from file /nfs/fanae/user/cvico/WorkSpace/ttw-differential/cmssw-aug2024/CMSSW_10_4_0/src/CMGTools/TTHAnalysis/data//fakerate/fr_2018_recorrected.root to FR_mva085_mu_data_comb_recorrected_be1
Loading FR_mu_i22 from file /nfs/fanae/user/cvico/WorkSpace/ttw-differential/cmssw-aug2024/CMSSW_10_4_0/src/CMGTools/TTHAnalysis/data//fakerate/fr_2018_recorrected.root to FR_mva085_mu_data_comb_recorrected_down
Loading FR_mu_i62 from file /nfs/fanae/user/cvico/WorkSpace/ttw-differential/cmssw-aug2024/CMSSW_10_4_0/src/CMGTools/TTHAnalysis/data//fakerate/fr_2018_recorrected.root to FR_mva085_mu_data_comb_recorrected_be2
Loading FR_mu_i32 from file /nfs/fanae/user/cvico/WorkSpace/ttw-differential/cmssw-aug2024/CMSSW_10_4_0/src/CMGTools/TTHAnalysis/data//fakerate/fr_2018_recorrected.root to FR_mva085_mu_data_comb_recorrected_pt1
Loading FR_mu_i42 from file /nfs/fanae/user/cvico/WorkSpace/ttw-differential/cmssw-aug2024/CMSSW_10_4_0/src/CMGTools/TTHAnalysis/data//fakerate/fr_2018_recorrected.root to FR_mva085_mu_data_comb_recorrected_pt2
Loading FR_el_i12 from file /nfs/fanae/user/cvico/WorkSpace/ttw-differential/cmssw-aug2024/CMSSW_10_4_0/src/CMGTools/TTHAnalysis/data//fakerate/fr_2018_recorrected.root to FR_mva090_el_data_comb_NC_recorrected_up
Loading FR_el_i22 from file /nfs/fanae/user/cvico/WorkSpace/ttw-differential/cmssw-aug2024/CMSSW_10_4_0/src/CMGTools/TTHAnalysis/data//fakerate/fr_2018_recorrected.root to FR_mva090_el_data_comb_NC_recorrected_down
Loading FR_el_i72 from file /nfs/fanae/user/cvico/WorkSpace/ttw-differential/cmssw-aug2024/CMSSW_10_4_0/src/CMGTools/TTHAnalysis/data//fakerate/fr_2018_recorrected.root to FR_mva090_el_data_comb_NC_recorrected
Loading FR_el_i32 from file /nfs/fanae/user/cvico/WorkSpace/ttw-differential/cmssw-aug2024/CMSSW_10_4_0/src/CMGTools/TTHAnalysis/data//fakerate/fr_2018_recorrected.root to FR_mva090_el_data_comb_NC_recorrected_pt1
Loading FR_el_i42 from file /nfs/fanae/user/cvico/WorkSpace/ttw-differential/cmssw-aug2024/CMSSW_10_4_0/src/CMGTools/TTHAnalysis/data//fakerate/fr_2018_recorrected.root to FR_mva090_el_data_comb_NC_recorrected_pt2
Loading FR_mu_i72 from file /nfs/fanae/user/cvico/WorkSpace/ttw-differential/cmssw-aug2024/CMSSW_10_4_0/src/CMGTools/TTHAnalysis/data//fakerate/fr_2018_recorrected.root to FR_mva085_mu_data_comb_recorrected
Loading FR_mu_i52 from file /nfs/fanae/user/cvico/WorkSpace/ttw-differential/cmssw-aug2024/CMSSW_10_4_0/src/CMGTools/TTHAnalysis/data//fakerate/fr_2018_recorrected.root to FR_mva085_mu_data_comb_recorrected_be1
Loading FR_mu_i62 from file /nfs/fanae/user/cvico/WorkSpace/ttw-differential/cmssw-aug2024/CMSSW_10_4_0/src/CMGTools/TTHAnalysis/data//fakerate/fr_2018_recorrected.root to FR_mva085_mu_data_comb_recorrected_be2
Loading FR_mu_i12 from file /nfs/fanae/user/cvico/WorkSpace/ttw-differential/cmssw-aug2024/CMSSW_10_4_0/src/CMGTools/TTHAnalysis/data//fakerate/fr_2018_recorrected.root to FR_mva085_mu_data_comb_recorrected_up
Loading FR_mu_i22 from file /nfs/fanae/user/cvico/WorkSpace/ttw-differential/cmssw-aug2024/CMSSW_10_4_0/src/CMGTools/TTHAnalysis/data//fakerate/fr_2018_recorrected.root to FR_mva085_mu_data_comb_recorrected_down
Loading FR_el_i12 from file /nfs/fanae/user/cvico/WorkSpace/ttw-differential/cmssw-aug2024/CMSSW_10_4_0/src/CMGTools/TTHAnalysis/data//fakerate/fr_2018_recorrected.root to FR_mva090_el_data_comb_NC_recorrected_up
Loading FR_el_i22 from file /nfs/fanae/user/cvico/WorkSpace/ttw-differential/cmssw-aug2024/CMSSW_10_4_0/src/CMGTools/TTHAnalysis/data//fakerate/fr_2018_recorrected.root to FR_mva090_el_data_comb_NC_recorrected_down
Loading FR_mu_i52 from file /nfs/fanae/user/cvico/WorkSpace/ttw-differential/cmssw-aug2024/CMSSW_10_4_0/src/CMGTools/TTHAnalysis/data//fakerate/fr_2018_recorrected.root to FR_mva085_mu_data_comb_recorrected_be1
Loading FR_mu_i62 from file /nfs/fanae/user/cvico/WorkSpace/ttw-differential/cmssw-aug2024/CMSSW_10_4_0/src/CMGTools/TTHAnalysis/data//fakerate/fr_2018_recorrected.root to FR_mva085_mu_data_comb_recorrected_be2
Warning: big shift in template for ttW_cr_3l_2018_eee_cr ttVV CMS_res_j_endcap1_2018 0 in bin 1: variation = 0.0296621
Warning: big shift in template for ttW_cr_3l_2018_eee_cr ttVV CMS_res_j_endcap1_2018 1 in bin 1: variation = 33.713
Warning: big shift in template for ttW_cr_3l_2018_eee_cr ttVV CMS_scale_j_Absolute 0 in bin 1: variation = 33.713
Warning: big shift in template for ttW_cr_3l_2018_eee_cr ttVV CMS_scale_j_Absolute_2018 0 in bin 1: variation = 33.713
Warning: big shift in template for ttW_cr_3l_2018_eee_cr ttVV CMS_scale_j_BBEC1 0 in bin 1: variation = 33.713
Warning: big shift in template for ttW_cr_3l_2018_eee_cr ttVV CMS_scale_j_BBEC1_2018 0 in bin 1: variation = 33.713
Warning: big shift in template for ttW_cr_3l_2018_eee_cr ttVV CMS_scale_j_FlavorPureGluon 0 in bin 1: variation = 33.713
Warning: big shift in template for ttW_cr_3l_2018_eee_cr ttVV CMS_scale_j_RelativeBal 0 in bin 1: variation = 0.0296621
Warning: big shift in template for ttW_cr_3l_2018_eee_cr ttVV CMS_scale_j_RelativeBal 1 in bin 1: variation = 33.713
Warning: big shift in template for ttW_cr_3l_2018_eee_cr ttVV CMS_scale_j_RelativeSample_2018 0 in bin 1: variation = 0.0296621
Warning: big shift in template for ttW_cr_3l_2018_eee_cr ttVV CMS_scale_j_RelativeSample_2018 1 in bin 1: variation = 33.713
Warning: big shift in template for ttW_cr_3l_2018_eee_cr data_fakes CMS_ttWl_FRe_be 0 in bin 4: variation = 0.00994685
Warning: big shift in template for ttW_cr_3l_2018_eee_cr ttH CMS_ttWl_pileup 0 in bin 1: variation = 0.0281477
Warning: big shift in template for ttW_cr_3l_2018_eee_cr ttH CMS_ttWl_pileup 1 in bin 1: variation = 35.5269
Warning: big shift in template for ttW_cr_3l_2018_eee_cr tZq CMS_ttWl_thu_shape_tZq_muR 1 in bin 8: variation = 0.0742822
Warning: big shift in template for ttW_cr_3l_2018_eee_cr ttH CMS_ttWl_thu_shape_ttH_muF 0 in bin 1: variation = 58.4098
Warning: big shift in template for ttW_cr_3l_2018_eee_cr ttH CMS_ttWl_thu_shape_ttH_muR 0 in bin 1: variation = 144.633
Warning: big shift in template for ttW_cr_3l_2018_eee_cr ttH FSR 0 in bin 1: variation = 204.886
Wrote to cards/cards/cards/22Aug/unblinded/cr3l/ttW_cr_3l_2018_eee_cr.txt and cards/cards/cards/22Aug/unblinded/cr3l/ttW_cr_3l_2018_eee_cr.root 
Wrote to cards/cards/cards/22Aug/unblinded/cr3l/ttW_cr_3l_2018_eem_cr.txt and cards/cards/cards/22Aug/unblinded/cr3l/ttW_cr_3l_2018_eem_cr.root 
Warning: big shift in template for ttW_cr_3l_2018_mmm_cr data_fakes CMS_ttWl_FRm_pt 1 in bin 9: variation = 0.0799102
Wrote to cards/cards/cards/22Aug/unblinded/cr3l/ttW_cr_3l_2018_mmm_cr.txt and cards/cards/cards/22Aug/unblinded/cr3l/ttW_cr_3l_2018_mmm_cr.root 
Warning: big shift in template for ttW_cr_3l_2018_emm_cr ZZ CMS_scale_j_FlavorPureGluon 0 in bin 12: variation = 2128.48
Warning: big shift in template for ttW_cr_3l_2018_emm_cr ZZ CMS_scale_j_RelativeBal 0 in bin 12: variation = 0.000469818
Warning: big shift in template for ttW_cr_3l_2018_emm_cr ZZ CMS_scale_j_RelativeBal 1 in bin 12: variation = 2128.48
Warning: big shift in template for ttW_cr_3l_2018_emm_cr ZZ CMS_scale_j_RelativeSample_2018 0 in bin 12: variation = 0.000469818
Warning: big shift in template for ttW_cr_3l_2018_emm_cr ZZ CMS_scale_j_RelativeSample_2018 1 in bin 12: variation = 2128.48
Wrote to cards/cards/cards/22Aug/unblinded/cr3l/ttW_cr_3l_2018_emm_cr.txt and cards/cards/cards/22Aug/unblinded/cr3l/ttW_cr_3l_2018_emm_cr.root 
