Loading FR_mu_i00 from file /nfs/fanae/user/cvico/WorkSpace/ttw-differential/cmssw-aug2024/CMSSW_10_4_0/src/CMGTools/TTHAnalysis/data//fakerate/fr_2016APV_2016_recorrected.root to FR_mva085_mu_data_comb_recorrected
Loading FR_el_i00 from file /nfs/fanae/user/cvico/WorkSpace/ttw-differential/cmssw-aug2024/CMSSW_10_4_0/src/CMGTools/TTHAnalysis/data//fakerate/fr_2016APV_2016_recorrected.root to FR_mva090_el_data_comb_NC_recorrected
Loading FR_mu_i30 from file /nfs/fanae/user/cvico/WorkSpace/ttw-differential/cmssw-aug2024/CMSSW_10_4_0/src/CMGTools/TTHAnalysis/data//fakerate/fr_2016APV_2016_recorrected.root to FR_mva085_mu_data_comb_recorrected_pt1
Loading FR_mu_i40 from file /nfs/fanae/user/cvico/WorkSpace/ttw-differential/cmssw-aug2024/CMSSW_10_4_0/src/CMGTools/TTHAnalysis/data//fakerate/fr_2016APV_2016_recorrected.root to FR_mva085_mu_data_comb_recorrected_pt2
Loading FR_el_i50 from file /nfs/fanae/user/cvico/WorkSpace/ttw-differential/cmssw-aug2024/CMSSW_10_4_0/src/CMGTools/TTHAnalysis/data//fakerate/fr_2016APV_2016_recorrected.root to FR_mva090_el_data_comb_NC_recorrected_be1
Loading FR_el_i60 from file /nfs/fanae/user/cvico/WorkSpace/ttw-differential/cmssw-aug2024/CMSSW_10_4_0/src/CMGTools/TTHAnalysis/data//fakerate/fr_2016APV_2016_recorrected.root to FR_mva090_el_data_comb_NC_recorrected_be2
Loading FR_el_i70 from file /nfs/fanae/user/cvico/WorkSpace/ttw-differential/cmssw-aug2024/CMSSW_10_4_0/src/CMGTools/TTHAnalysis/data//fakerate/fr_2016APV_2016_recorrected.root to FR_mva090_el_data_comb_NC_recorrected
Loading FR_el_i30 from file /nfs/fanae/user/cvico/WorkSpace/ttw-differential/cmssw-aug2024/CMSSW_10_4_0/src/CMGTools/TTHAnalysis/data//fakerate/fr_2016APV_2016_recorrected.root to FR_mva090_el_data_comb_NC_recorrected_pt1
Loading FR_el_i40 from file /nfs/fanae/user/cvico/WorkSpace/ttw-differential/cmssw-aug2024/CMSSW_10_4_0/src/CMGTools/TTHAnalysis/data//fakerate/fr_2016APV_2016_recorrected.root to FR_mva090_el_data_comb_NC_recorrected_pt2
Loading FR_mu_i70 from file /nfs/fanae/user/cvico/WorkSpace/ttw-differential/cmssw-aug2024/CMSSW_10_4_0/src/CMGTools/TTHAnalysis/data//fakerate/fr_2016APV_2016_recorrected.root to FR_mva085_mu_data_comb_recorrected
Loading FR_mu_i10 from file /nfs/fanae/user/cvico/WorkSpace/ttw-differential/cmssw-aug2024/CMSSW_10_4_0/src/CMGTools/TTHAnalysis/data//fakerate/fr_2016APV_2016_recorrected.root to FR_mva085_mu_data_comb_recorrected_up
Loading FR_mu_i20 from file /nfs/fanae/user/cvico/WorkSpace/ttw-differential/cmssw-aug2024/CMSSW_10_4_0/src/CMGTools/TTHAnalysis/data//fakerate/fr_2016APV_2016_recorrected.root to FR_mva085_mu_data_comb_recorrected_down
Loading FR_el_i10 from file /nfs/fanae/user/cvico/WorkSpace/ttw-differential/cmssw-aug2024/CMSSW_10_4_0/src/CMGTools/TTHAnalysis/data//fakerate/fr_2016APV_2016_recorrected.root to FR_mva090_el_data_comb_NC_recorrected_up
Loading FR_el_i20 from file /nfs/fanae/user/cvico/WorkSpace/ttw-differential/cmssw-aug2024/CMSSW_10_4_0/src/CMGTools/TTHAnalysis/data//fakerate/fr_2016APV_2016_recorrected.root to FR_mva090_el_data_comb_NC_recorrected_down
Loading FR_mu_i50 from file /nfs/fanae/user/cvico/WorkSpace/ttw-differential/cmssw-aug2024/CMSSW_10_4_0/src/CMGTools/TTHAnalysis/data//fakerate/fr_2016APV_2016_recorrected.root to FR_mva085_mu_data_comb_recorrected_be1
Loading FR_mu_i60 from file /nfs/fanae/user/cvico/WorkSpace/ttw-differential/cmssw-aug2024/CMSSW_10_4_0/src/CMGTools/TTHAnalysis/data//fakerate/fr_2016APV_2016_recorrected.root to FR_mva085_mu_data_comb_recorrected_be2
Loading FR_mu_i30 from file /nfs/fanae/user/cvico/WorkSpace/ttw-differential/cmssw-aug2024/CMSSW_10_4_0/src/CMGTools/TTHAnalysis/data//fakerate/fr_2016APV_2016_recorrected.root to FR_mva085_mu_data_comb_recorrected_pt1
Loading FR_mu_i40 from file /nfs/fanae/user/cvico/WorkSpace/ttw-differential/cmssw-aug2024/CMSSW_10_4_0/src/CMGTools/TTHAnalysis/data//fakerate/fr_2016APV_2016_recorrected.root to FR_mva085_mu_data_comb_recorrected_pt2
Loading FR_el_i50 from file /nfs/fanae/user/cvico/WorkSpace/ttw-differential/cmssw-aug2024/CMSSW_10_4_0/src/CMGTools/TTHAnalysis/data//fakerate/fr_2016APV_2016_recorrected.root to FR_mva090_el_data_comb_NC_recorrected_be1
Loading FR_el_i60 from file /nfs/fanae/user/cvico/WorkSpace/ttw-differential/cmssw-aug2024/CMSSW_10_4_0/src/CMGTools/TTHAnalysis/data//fakerate/fr_2016APV_2016_recorrected.root to FR_mva090_el_data_comb_NC_recorrected_be2
Loading FR_el_i70 from file /nfs/fanae/user/cvico/WorkSpace/ttw-differential/cmssw-aug2024/CMSSW_10_4_0/src/CMGTools/TTHAnalysis/data//fakerate/fr_2016APV_2016_recorrected.root to FR_mva090_el_data_comb_NC_recorrected
Loading FR_el_i30 from file /nfs/fanae/user/cvico/WorkSpace/ttw-differential/cmssw-aug2024/CMSSW_10_4_0/src/CMGTools/TTHAnalysis/data//fakerate/fr_2016APV_2016_recorrected.root to FR_mva090_el_data_comb_NC_recorrected_pt1
Loading FR_el_i40 from file /nfs/fanae/user/cvico/WorkSpace/ttw-differential/cmssw-aug2024/CMSSW_10_4_0/src/CMGTools/TTHAnalysis/data//fakerate/fr_2016APV_2016_recorrected.root to FR_mva090_el_data_comb_NC_recorrected_pt2
Loading FR_mu_i30 from file /nfs/fanae/user/cvico/WorkSpace/ttw-differential/cmssw-aug2024/CMSSW_10_4_0/src/CMGTools/TTHAnalysis/data//fakerate/fr_2016APV_2016_recorrected.root to FR_mva085_mu_data_comb_recorrected_pt1
Loading FR_mu_i70 from file /nfs/fanae/user/cvico/WorkSpace/ttw-differential/cmssw-aug2024/CMSSW_10_4_0/src/CMGTools/TTHAnalysis/data//fakerate/fr_2016APV_2016_recorrected.root to FR_mva085_mu_data_comb_recorrected
Loading FR_mu_i40 from file /nfs/fanae/user/cvico/WorkSpace/ttw-differential/cmssw-aug2024/CMSSW_10_4_0/src/CMGTools/TTHAnalysis/data//fakerate/fr_2016APV_2016_recorrected.root to FR_mva085_mu_data_comb_recorrected_pt2
Loading FR_el_i50 from file /nfs/fanae/user/cvico/WorkSpace/ttw-differential/cmssw-aug2024/CMSSW_10_4_0/src/CMGTools/TTHAnalysis/data//fakerate/fr_2016APV_2016_recorrected.root to FR_mva090_el_data_comb_NC_recorrected_be1
Loading FR_el_i60 from file /nfs/fanae/user/cvico/WorkSpace/ttw-differential/cmssw-aug2024/CMSSW_10_4_0/src/CMGTools/TTHAnalysis/data//fakerate/fr_2016APV_2016_recorrected.root to FR_mva090_el_data_comb_NC_recorrected_be2
Loading FR_mu_i30 from file /nfs/fanae/user/cvico/WorkSpace/ttw-differential/cmssw-aug2024/CMSSW_10_4_0/src/CMGTools/TTHAnalysis/data//fakerate/fr_2016APV_2016_recorrected.root to FR_mva085_mu_data_comb_recorrected_pt1
Loading FR_mu_i40 from file /nfs/fanae/user/cvico/WorkSpace/ttw-differential/cmssw-aug2024/CMSSW_10_4_0/src/CMGTools/TTHAnalysis/data//fakerate/fr_2016APV_2016_recorrected.root to FR_mva085_mu_data_comb_recorrected_pt2
Loading FR_el_i50 from file /nfs/fanae/user/cvico/WorkSpace/ttw-differential/cmssw-aug2024/CMSSW_10_4_0/src/CMGTools/TTHAnalysis/data//fakerate/fr_2016APV_2016_recorrected.root to FR_mva090_el_data_comb_NC_recorrected_be1
Loading FR_el_i60 from file /nfs/fanae/user/cvico/WorkSpace/ttw-differential/cmssw-aug2024/CMSSW_10_4_0/src/CMGTools/TTHAnalysis/data//fakerate/fr_2016APV_2016_recorrected.root to FR_mva090_el_data_comb_NC_recorrected_be2
Loading FR_el_i70 from file /nfs/fanae/user/cvico/WorkSpace/ttw-differential/cmssw-aug2024/CMSSW_10_4_0/src/CMGTools/TTHAnalysis/data//fakerate/fr_2016APV_2016_recorrected.root to FR_mva090_el_data_comb_NC_recorrected
Loading FR_el_i30 from file /nfs/fanae/user/cvico/WorkSpace/ttw-differential/cmssw-aug2024/CMSSW_10_4_0/src/CMGTools/TTHAnalysis/data//fakerate/fr_2016APV_2016_recorrected.root to FR_mva090_el_data_comb_NC_recorrected_pt1
Loading FR_el_i40 from file /nfs/fanae/user/cvico/WorkSpace/ttw-differential/cmssw-aug2024/CMSSW_10_4_0/src/CMGTools/TTHAnalysis/data//fakerate/fr_2016APV_2016_recorrected.root to FR_mva090_el_data_comb_NC_recorrected_pt2
Loading FR_mu_i10 from file /nfs/fanae/user/cvico/WorkSpace/ttw-differential/cmssw-aug2024/CMSSW_10_4_0/src/CMGTools/TTHAnalysis/data//fakerate/fr_2016APV_2016_recorrected.root to FR_mva085_mu_data_comb_recorrected_up
Loading FR_mu_i70 from file /nfs/fanae/user/cvico/WorkSpace/ttw-differential/cmssw-aug2024/CMSSW_10_4_0/src/CMGTools/TTHAnalysis/data//fakerate/fr_2016APV_2016_recorrected.root to FR_mva085_mu_data_comb_recorrected
Loading FR_mu_i20 from file /nfs/fanae/user/cvico/WorkSpace/ttw-differential/cmssw-aug2024/CMSSW_10_4_0/src/CMGTools/TTHAnalysis/data//fakerate/fr_2016APV_2016_recorrected.root to FR_mva085_mu_data_comb_recorrected_down
Loading FR_el_i70 from file /nfs/fanae/user/cvico/WorkSpace/ttw-differential/cmssw-aug2024/CMSSW_10_4_0/src/CMGTools/TTHAnalysis/data//fakerate/fr_2016APV_2016_recorrected.root to FR_mva090_el_data_comb_NC_recorrected
Loading FR_el_i30 from file /nfs/fanae/user/cvico/WorkSpace/ttw-differential/cmssw-aug2024/CMSSW_10_4_0/src/CMGTools/TTHAnalysis/data//fakerate/fr_2016APV_2016_recorrected.root to FR_mva090_el_data_comb_NC_recorrected_pt1
Loading FR_el_i40 from file /nfs/fanae/user/cvico/WorkSpace/ttw-differential/cmssw-aug2024/CMSSW_10_4_0/src/CMGTools/TTHAnalysis/data//fakerate/fr_2016APV_2016_recorrected.root to FR_mva090_el_data_comb_NC_recorrected_pt2
Loading FR_mu_i30 from file /nfs/fanae/user/cvico/WorkSpace/ttw-differential/cmssw-aug2024/CMSSW_10_4_0/src/CMGTools/TTHAnalysis/data//fakerate/fr_2016APV_2016_recorrected.root to FR_mva085_mu_data_comb_recorrected_pt1
Loading FR_mu_i70 from file /nfs/fanae/user/cvico/WorkSpace/ttw-differential/cmssw-aug2024/CMSSW_10_4_0/src/CMGTools/TTHAnalysis/data//fakerate/fr_2016APV_2016_recorrected.root to FR_mva085_mu_data_comb_recorrected
Loading FR_mu_i40 from file /nfs/fanae/user/cvico/WorkSpace/ttw-differential/cmssw-aug2024/CMSSW_10_4_0/src/CMGTools/TTHAnalysis/data//fakerate/fr_2016APV_2016_recorrected.root to FR_mva085_mu_data_comb_recorrected_pt2
Loading FR_el_i10 from file /nfs/fanae/user/cvico/WorkSpace/ttw-differential/cmssw-aug2024/CMSSW_10_4_0/src/CMGTools/TTHAnalysis/data//fakerate/fr_2016APV_2016_recorrected.root to FR_mva090_el_data_comb_NC_recorrected_up
Loading FR_el_i20 from file /nfs/fanae/user/cvico/WorkSpace/ttw-differential/cmssw-aug2024/CMSSW_10_4_0/src/CMGTools/TTHAnalysis/data//fakerate/fr_2016APV_2016_recorrected.root to FR_mva090_el_data_comb_NC_recorrected_down
Loading FR_el_i50 from file /nfs/fanae/user/cvico/WorkSpace/ttw-differential/cmssw-aug2024/CMSSW_10_4_0/src/CMGTools/TTHAnalysis/data//fakerate/fr_2016APV_2016_recorrected.root to FR_mva090_el_data_comb_NC_recorrected_be1
Loading FR_el_i60 from file /nfs/fanae/user/cvico/WorkSpace/ttw-differential/cmssw-aug2024/CMSSW_10_4_0/src/CMGTools/TTHAnalysis/data//fakerate/fr_2016APV_2016_recorrected.root to FR_mva090_el_data_comb_NC_recorrected_be2
Loading FR_mu_i10 from file /nfs/fanae/user/cvico/WorkSpace/ttw-differential/cmssw-aug2024/CMSSW_10_4_0/src/CMGTools/TTHAnalysis/data//fakerate/fr_2016APV_2016_recorrected.root to FR_mva085_mu_data_comb_recorrected_up
Loading FR_mu_i20 from file /nfs/fanae/user/cvico/WorkSpace/ttw-differential/cmssw-aug2024/CMSSW_10_4_0/src/CMGTools/TTHAnalysis/data//fakerate/fr_2016APV_2016_recorrected.root to FR_mva085_mu_data_comb_recorrected_down
Loading FR_el_i10 from file /nfs/fanae/user/cvico/WorkSpace/ttw-differential/cmssw-aug2024/CMSSW_10_4_0/src/CMGTools/TTHAnalysis/data//fakerate/fr_2016APV_2016_recorrected.root to FR_mva090_el_data_comb_NC_recorrected_up
Loading FR_el_i20 from file /nfs/fanae/user/cvico/WorkSpace/ttw-differential/cmssw-aug2024/CMSSW_10_4_0/src/CMGTools/TTHAnalysis/data//fakerate/fr_2016APV_2016_recorrected.root to FR_mva090_el_data_comb_NC_recorrected_down
Loading FR_mu_i10 from file /nfs/fanae/user/cvico/WorkSpace/ttw-differential/cmssw-aug2024/CMSSW_10_4_0/src/CMGTools/TTHAnalysis/data//fakerate/fr_2016APV_2016_recorrected.root to FR_mva085_mu_data_comb_recorrected_up
Loading FR_mu_i20 from file /nfs/fanae/user/cvico/WorkSpace/ttw-differential/cmssw-aug2024/CMSSW_10_4_0/src/CMGTools/TTHAnalysis/data//fakerate/fr_2016APV_2016_recorrected.root to FR_mva085_mu_data_comb_recorrected_down
Loading FR_mu_i50 from file /nfs/fanae/user/cvico/WorkSpace/ttw-differential/cmssw-aug2024/CMSSW_10_4_0/src/CMGTools/TTHAnalysis/data//fakerate/fr_2016APV_2016_recorrected.root to FR_mva085_mu_data_comb_recorrected_be1
Loading FR_mu_i60 from file /nfs/fanae/user/cvico/WorkSpace/ttw-differential/cmssw-aug2024/CMSSW_10_4_0/src/CMGTools/TTHAnalysis/data//fakerate/fr_2016APV_2016_recorrected.root to FR_mva085_mu_data_comb_recorrected_be2
Loading FR_mu_i50 from file /nfs/fanae/user/cvico/WorkSpace/ttw-differential/cmssw-aug2024/CMSSW_10_4_0/src/CMGTools/TTHAnalysis/data//fakerate/fr_2016APV_2016_recorrected.root to FR_mva085_mu_data_comb_recorrected_be1
Loading FR_mu_i60 from file /nfs/fanae/user/cvico/WorkSpace/ttw-differential/cmssw-aug2024/CMSSW_10_4_0/src/CMGTools/TTHAnalysis/data//fakerate/fr_2016APV_2016_recorrected.root to FR_mva085_mu_data_comb_recorrected_be2
Loading FR_mu_i30 from file /nfs/fanae/user/cvico/WorkSpace/ttw-differential/cmssw-aug2024/CMSSW_10_4_0/src/CMGTools/TTHAnalysis/data//fakerate/fr_2016APV_2016_recorrected.root to FR_mva085_mu_data_comb_recorrected_pt1
Loading FR_mu_i40 from file /nfs/fanae/user/cvico/WorkSpace/ttw-differential/cmssw-aug2024/CMSSW_10_4_0/src/CMGTools/TTHAnalysis/data//fakerate/fr_2016APV_2016_recorrected.root to FR_mva085_mu_data_comb_recorrected_pt2
Loading FR_el_i70 from file /nfs/fanae/user/cvico/WorkSpace/ttw-differential/cmssw-aug2024/CMSSW_10_4_0/src/CMGTools/TTHAnalysis/data//fakerate/fr_2016APV_2016_recorrected.root to FR_mva090_el_data_comb_NC_recorrected
Loading FR_el_i10 from file /nfs/fanae/user/cvico/WorkSpace/ttw-differential/cmssw-aug2024/CMSSW_10_4_0/src/CMGTools/TTHAnalysis/data//fakerate/fr_2016APV_2016_recorrected.root to FR_mva090_el_data_comb_NC_recorrected_up
Loading FR_el_i20 from file /nfs/fanae/user/cvico/WorkSpace/ttw-differential/cmssw-aug2024/CMSSW_10_4_0/src/CMGTools/TTHAnalysis/data//fakerate/fr_2016APV_2016_recorrected.root to FR_mva090_el_data_comb_NC_recorrected_down
Loading FR_el_i30 from file /nfs/fanae/user/cvico/WorkSpace/ttw-differential/cmssw-aug2024/CMSSW_10_4_0/src/CMGTools/TTHAnalysis/data//fakerate/fr_2016APV_2016_recorrected.root to FR_mva090_el_data_comb_NC_recorrected_pt1
Loading FR_el_i40 from file /nfs/fanae/user/cvico/WorkSpace/ttw-differential/cmssw-aug2024/CMSSW_10_4_0/src/CMGTools/TTHAnalysis/data//fakerate/fr_2016APV_2016_recorrected.root to FR_mva090_el_data_comb_NC_recorrected_pt2
Loading FR_el_i50 from file /nfs/fanae/user/cvico/WorkSpace/ttw-differential/cmssw-aug2024/CMSSW_10_4_0/src/CMGTools/TTHAnalysis/data//fakerate/fr_2016APV_2016_recorrected.root to FR_mva090_el_data_comb_NC_recorrected_be1
Loading FR_mu_i70 from file /nfs/fanae/user/cvico/WorkSpace/ttw-differential/cmssw-aug2024/CMSSW_10_4_0/src/CMGTools/TTHAnalysis/data//fakerate/fr_2016APV_2016_recorrected.root to FR_mva085_mu_data_comb_recorrected
Loading FR_el_i60 from file /nfs/fanae/user/cvico/WorkSpace/ttw-differential/cmssw-aug2024/CMSSW_10_4_0/src/CMGTools/TTHAnalysis/data//fakerate/fr_2016APV_2016_recorrected.root to FR_mva090_el_data_comb_NC_recorrected_be2
Loading FR_mu_i50 from file /nfs/fanae/user/cvico/WorkSpace/ttw-differential/cmssw-aug2024/CMSSW_10_4_0/src/CMGTools/TTHAnalysis/data//fakerate/fr_2016APV_2016_recorrected.root to FR_mva085_mu_data_comb_recorrected_be1
Loading FR_mu_i60 from file /nfs/fanae/user/cvico/WorkSpace/ttw-differential/cmssw-aug2024/CMSSW_10_4_0/src/CMGTools/TTHAnalysis/data//fakerate/fr_2016APV_2016_recorrected.root to FR_mva085_mu_data_comb_recorrected_be2
Loading FR_mu_i10 from file /nfs/fanae/user/cvico/WorkSpace/ttw-differential/cmssw-aug2024/CMSSW_10_4_0/src/CMGTools/TTHAnalysis/data//fakerate/fr_2016APV_2016_recorrected.root to FR_mva085_mu_data_comb_recorrected_up
Loading FR_mu_i20 from file /nfs/fanae/user/cvico/WorkSpace/ttw-differential/cmssw-aug2024/CMSSW_10_4_0/src/CMGTools/TTHAnalysis/data//fakerate/fr_2016APV_2016_recorrected.root to FR_mva085_mu_data_comb_recorrected_down
Loading FR_el_i70 from file /nfs/fanae/user/cvico/WorkSpace/ttw-differential/cmssw-aug2024/CMSSW_10_4_0/src/CMGTools/TTHAnalysis/data//fakerate/fr_2016APV_2016_recorrected.root to FR_mva090_el_data_comb_NC_recorrected
Loading FR_el_i30 from file /nfs/fanae/user/cvico/WorkSpace/ttw-differential/cmssw-aug2024/CMSSW_10_4_0/src/CMGTools/TTHAnalysis/data//fakerate/fr_2016APV_2016_recorrected.root to FR_mva090_el_data_comb_NC_recorrected_pt1
Loading FR_el_i40 from file /nfs/fanae/user/cvico/WorkSpace/ttw-differential/cmssw-aug2024/CMSSW_10_4_0/src/CMGTools/TTHAnalysis/data//fakerate/fr_2016APV_2016_recorrected.root to FR_mva090_el_data_comb_NC_recorrected_pt2
Loading FR_mu_i70 from file /nfs/fanae/user/cvico/WorkSpace/ttw-differential/cmssw-aug2024/CMSSW_10_4_0/src/CMGTools/TTHAnalysis/data//fakerate/fr_2016APV_2016_recorrected.root to FR_mva085_mu_data_comb_recorrected
Loading FR_el_i10 from file /nfs/fanae/user/cvico/WorkSpace/ttw-differential/cmssw-aug2024/CMSSW_10_4_0/src/CMGTools/TTHAnalysis/data//fakerate/fr_2016APV_2016_recorrected.root to FR_mva090_el_data_comb_NC_recorrected_up
Loading FR_el_i20 from file /nfs/fanae/user/cvico/WorkSpace/ttw-differential/cmssw-aug2024/CMSSW_10_4_0/src/CMGTools/TTHAnalysis/data//fakerate/fr_2016APV_2016_recorrected.root to FR_mva090_el_data_comb_NC_recorrected_down
Loading FR_mu_i30 from file /nfs/fanae/user/cvico/WorkSpace/ttw-differential/cmssw-aug2024/CMSSW_10_4_0/src/CMGTools/TTHAnalysis/data//fakerate/fr_2016APV_2016_recorrected.root to FR_mva085_mu_data_comb_recorrected_pt1
Loading FR_mu_i40 from file /nfs/fanae/user/cvico/WorkSpace/ttw-differential/cmssw-aug2024/CMSSW_10_4_0/src/CMGTools/TTHAnalysis/data//fakerate/fr_2016APV_2016_recorrected.root to FR_mva085_mu_data_comb_recorrected_pt2
Loading FR_el_i50 from file /nfs/fanae/user/cvico/WorkSpace/ttw-differential/cmssw-aug2024/CMSSW_10_4_0/src/CMGTools/TTHAnalysis/data//fakerate/fr_2016APV_2016_recorrected.root to FR_mva090_el_data_comb_NC_recorrected_be1
Loading FR_el_i60 from file /nfs/fanae/user/cvico/WorkSpace/ttw-differential/cmssw-aug2024/CMSSW_10_4_0/src/CMGTools/TTHAnalysis/data//fakerate/fr_2016APV_2016_recorrected.root to FR_mva090_el_data_comb_NC_recorrected_be2
Loading FR_mu_i50 from file /nfs/fanae/user/cvico/WorkSpace/ttw-differential/cmssw-aug2024/CMSSW_10_4_0/src/CMGTools/TTHAnalysis/data//fakerate/fr_2016APV_2016_recorrected.root to FR_mva085_mu_data_comb_recorrected_be1
Loading FR_mu_i10 from file /nfs/fanae/user/cvico/WorkSpace/ttw-differential/cmssw-aug2024/CMSSW_10_4_0/src/CMGTools/TTHAnalysis/data//fakerate/fr_2016APV_2016_recorrected.root to FR_mva085_mu_data_comb_recorrected_up
Loading FR_mu_i60 from file /nfs/fanae/user/cvico/WorkSpace/ttw-differential/cmssw-aug2024/CMSSW_10_4_0/src/CMGTools/TTHAnalysis/data//fakerate/fr_2016APV_2016_recorrected.root to FR_mva085_mu_data_comb_recorrected_be2
Loading FR_mu_i20 from file /nfs/fanae/user/cvico/WorkSpace/ttw-differential/cmssw-aug2024/CMSSW_10_4_0/src/CMGTools/TTHAnalysis/data//fakerate/fr_2016APV_2016_recorrected.root to FR_mva085_mu_data_comb_recorrected_down
Loading FR_el_i10 from file /nfs/fanae/user/cvico/WorkSpace/ttw-differential/cmssw-aug2024/CMSSW_10_4_0/src/CMGTools/TTHAnalysis/data//fakerate/fr_2016APV_2016_recorrected.root to FR_mva090_el_data_comb_NC_recorrected_up
Loading FR_el_i70 from file /nfs/fanae/user/cvico/WorkSpace/ttw-differential/cmssw-aug2024/CMSSW_10_4_0/src/CMGTools/TTHAnalysis/data//fakerate/fr_2016APV_2016_recorrected.root to FR_mva090_el_data_comb_NC_recorrected
Loading FR_el_i20 from file /nfs/fanae/user/cvico/WorkSpace/ttw-differential/cmssw-aug2024/CMSSW_10_4_0/src/CMGTools/TTHAnalysis/data//fakerate/fr_2016APV_2016_recorrected.root to FR_mva090_el_data_comb_NC_recorrected_down
Loading FR_el_i30 from file /nfs/fanae/user/cvico/WorkSpace/ttw-differential/cmssw-aug2024/CMSSW_10_4_0/src/CMGTools/TTHAnalysis/data//fakerate/fr_2016APV_2016_recorrected.root to FR_mva090_el_data_comb_NC_recorrected_pt1
Loading FR_el_i40 from file /nfs/fanae/user/cvico/WorkSpace/ttw-differential/cmssw-aug2024/CMSSW_10_4_0/src/CMGTools/TTHAnalysis/data//fakerate/fr_2016APV_2016_recorrected.root to FR_mva090_el_data_comb_NC_recorrected_pt2
Loading FR_mu_i70 from file /nfs/fanae/user/cvico/WorkSpace/ttw-differential/cmssw-aug2024/CMSSW_10_4_0/src/CMGTools/TTHAnalysis/data//fakerate/fr_2016APV_2016_recorrected.root to FR_mva085_mu_data_comb_recorrected
Loading FR_mu_i50 from file /nfs/fanae/user/cvico/WorkSpace/ttw-differential/cmssw-aug2024/CMSSW_10_4_0/src/CMGTools/TTHAnalysis/data//fakerate/fr_2016APV_2016_recorrected.root to FR_mva085_mu_data_comb_recorrected_be1
Loading FR_mu_i60 from file /nfs/fanae/user/cvico/WorkSpace/ttw-differential/cmssw-aug2024/CMSSW_10_4_0/src/CMGTools/TTHAnalysis/data//fakerate/fr_2016APV_2016_recorrected.root to FR_mva085_mu_data_comb_recorrected_be2
Loading FR_mu_i30 from file /nfs/fanae/user/cvico/WorkSpace/ttw-differential/cmssw-aug2024/CMSSW_10_4_0/src/CMGTools/TTHAnalysis/data//fakerate/fr_2016APV_2016_recorrected.root to FR_mva085_mu_data_comb_recorrected_pt1
Loading FR_mu_i40 from file /nfs/fanae/user/cvico/WorkSpace/ttw-differential/cmssw-aug2024/CMSSW_10_4_0/src/CMGTools/TTHAnalysis/data//fakerate/fr_2016APV_2016_recorrected.root to FR_mva085_mu_data_comb_recorrected_pt2
Loading FR_mu_i30 from file /nfs/fanae/user/cvico/WorkSpace/ttw-differential/cmssw-aug2024/CMSSW_10_4_0/src/CMGTools/TTHAnalysis/data//fakerate/fr_2016APV_2016_recorrected.root to FR_mva085_mu_data_comb_recorrected_pt1
Loading FR_mu_i10 from file /nfs/fanae/user/cvico/WorkSpace/ttw-differential/cmssw-aug2024/CMSSW_10_4_0/src/CMGTools/TTHAnalysis/data//fakerate/fr_2016APV_2016_recorrected.root to FR_mva085_mu_data_comb_recorrected_up
Loading FR_mu_i40 from file /nfs/fanae/user/cvico/WorkSpace/ttw-differential/cmssw-aug2024/CMSSW_10_4_0/src/CMGTools/TTHAnalysis/data//fakerate/fr_2016APV_2016_recorrected.root to FR_mva085_mu_data_comb_recorrected_pt2
Loading FR_mu_i20 from file /nfs/fanae/user/cvico/WorkSpace/ttw-differential/cmssw-aug2024/CMSSW_10_4_0/src/CMGTools/TTHAnalysis/data//fakerate/fr_2016APV_2016_recorrected.root to FR_mva085_mu_data_comb_recorrected_down
Loading FR_el_i50 from file /nfs/fanae/user/cvico/WorkSpace/ttw-differential/cmssw-aug2024/CMSSW_10_4_0/src/CMGTools/TTHAnalysis/data//fakerate/fr_2016APV_2016_recorrected.root to FR_mva090_el_data_comb_NC_recorrected_be1
Loading FR_el_i60 from file /nfs/fanae/user/cvico/WorkSpace/ttw-differential/cmssw-aug2024/CMSSW_10_4_0/src/CMGTools/TTHAnalysis/data//fakerate/fr_2016APV_2016_recorrected.root to FR_mva090_el_data_comb_NC_recorrected_be2
Loading FR_el_i50 from file /nfs/fanae/user/cvico/WorkSpace/ttw-differential/cmssw-aug2024/CMSSW_10_4_0/src/CMGTools/TTHAnalysis/data//fakerate/fr_2016APV_2016_recorrected.root to FR_mva090_el_data_comb_NC_recorrected_be1
Loading FR_el_i60 from file /nfs/fanae/user/cvico/WorkSpace/ttw-differential/cmssw-aug2024/CMSSW_10_4_0/src/CMGTools/TTHAnalysis/data//fakerate/fr_2016APV_2016_recorrected.root to FR_mva090_el_data_comb_NC_recorrected_be2
Loading FR_el_i10 from file /nfs/fanae/user/cvico/WorkSpace/ttw-differential/cmssw-aug2024/CMSSW_10_4_0/src/CMGTools/TTHAnalysis/data//fakerate/fr_2016APV_2016_recorrected.root to FR_mva090_el_data_comb_NC_recorrected_up
Loading FR_el_i20 from file /nfs/fanae/user/cvico/WorkSpace/ttw-differential/cmssw-aug2024/CMSSW_10_4_0/src/CMGTools/TTHAnalysis/data//fakerate/fr_2016APV_2016_recorrected.root to FR_mva090_el_data_comb_NC_recorrected_down
Loading FR_mu_i30 from file /nfs/fanae/user/cvico/WorkSpace/ttw-differential/cmssw-aug2024/CMSSW_10_4_0/src/CMGTools/TTHAnalysis/data//fakerate/fr_2016APV_2016_recorrected.root to FR_mva085_mu_data_comb_recorrected_pt1
Loading FR_mu_i40 from file /nfs/fanae/user/cvico/WorkSpace/ttw-differential/cmssw-aug2024/CMSSW_10_4_0/src/CMGTools/TTHAnalysis/data//fakerate/fr_2016APV_2016_recorrected.root to FR_mva085_mu_data_comb_recorrected_pt2
Loading FR_mu_i50 from file /nfs/fanae/user/cvico/WorkSpace/ttw-differential/cmssw-aug2024/CMSSW_10_4_0/src/CMGTools/TTHAnalysis/data//fakerate/fr_2016APV_2016_recorrected.root to FR_mva085_mu_data_comb_recorrected_be1
Loading FR_mu_i60 from file /nfs/fanae/user/cvico/WorkSpace/ttw-differential/cmssw-aug2024/CMSSW_10_4_0/src/CMGTools/TTHAnalysis/data//fakerate/fr_2016APV_2016_recorrected.root to FR_mva085_mu_data_comb_recorrected_be2
Loading FR_el_i70 from file /nfs/fanae/user/cvico/WorkSpace/ttw-differential/cmssw-aug2024/CMSSW_10_4_0/src/CMGTools/TTHAnalysis/data//fakerate/fr_2016APV_2016_recorrected.root to FR_mva090_el_data_comb_NC_recorrected
Loading FR_el_i30 from file /nfs/fanae/user/cvico/WorkSpace/ttw-differential/cmssw-aug2024/CMSSW_10_4_0/src/CMGTools/TTHAnalysis/data//fakerate/fr_2016APV_2016_recorrected.root to FR_mva090_el_data_comb_NC_recorrected_pt1
Loading FR_el_i40 from file /nfs/fanae/user/cvico/WorkSpace/ttw-differential/cmssw-aug2024/CMSSW_10_4_0/src/CMGTools/TTHAnalysis/data//fakerate/fr_2016APV_2016_recorrected.root to FR_mva090_el_data_comb_NC_recorrected_pt2
Loading FR_el_i70 from file /nfs/fanae/user/cvico/WorkSpace/ttw-differential/cmssw-aug2024/CMSSW_10_4_0/src/CMGTools/TTHAnalysis/data//fakerate/fr_2016APV_2016_recorrected.root to FR_mva090_el_data_comb_NC_recorrected
Loading FR_el_i30 from file /nfs/fanae/user/cvico/WorkSpace/ttw-differential/cmssw-aug2024/CMSSW_10_4_0/src/CMGTools/TTHAnalysis/data//fakerate/fr_2016APV_2016_recorrected.root to FR_mva090_el_data_comb_NC_recorrected_pt1
Loading FR_el_i50 from file /nfs/fanae/user/cvico/WorkSpace/ttw-differential/cmssw-aug2024/CMSSW_10_4_0/src/CMGTools/TTHAnalysis/data//fakerate/fr_2016APV_2016_recorrected.root to FR_mva090_el_data_comb_NC_recorrected_be1
Loading FR_mu_i70 from file /nfs/fanae/user/cvico/WorkSpace/ttw-differential/cmssw-aug2024/CMSSW_10_4_0/src/CMGTools/TTHAnalysis/data//fakerate/fr_2016APV_2016_recorrected.root to FR_mva085_mu_data_comb_recorrected
Loading FR_el_i40 from file /nfs/fanae/user/cvico/WorkSpace/ttw-differential/cmssw-aug2024/CMSSW_10_4_0/src/CMGTools/TTHAnalysis/data//fakerate/fr_2016APV_2016_recorrected.root to FR_mva090_el_data_comb_NC_recorrected_pt2
Loading FR_el_i60 from file /nfs/fanae/user/cvico/WorkSpace/ttw-differential/cmssw-aug2024/CMSSW_10_4_0/src/CMGTools/TTHAnalysis/data//fakerate/fr_2016APV_2016_recorrected.root to FR_mva090_el_data_comb_NC_recorrected_be2
Loading FR_mu_i30 from file /nfs/fanae/user/cvico/WorkSpace/ttw-differential/cmssw-aug2024/CMSSW_10_4_0/src/CMGTools/TTHAnalysis/data//fakerate/fr_2016APV_2016_recorrected.root to FR_mva085_mu_data_comb_recorrected_pt1
Loading FR_mu_i30 from file /nfs/fanae/user/cvico/WorkSpace/ttw-differential/cmssw-aug2024/CMSSW_10_4_0/src/CMGTools/TTHAnalysis/data//fakerate/fr_2016APV_2016_recorrected.root to FR_mva085_mu_data_comb_recorrected_pt1
Loading FR_mu_i40 from file /nfs/fanae/user/cvico/WorkSpace/ttw-differential/cmssw-aug2024/CMSSW_10_4_0/src/CMGTools/TTHAnalysis/data//fakerate/fr_2016APV_2016_recorrected.root to FR_mva085_mu_data_comb_recorrected_pt2
Loading FR_mu_i70 from file /nfs/fanae/user/cvico/WorkSpace/ttw-differential/cmssw-aug2024/CMSSW_10_4_0/src/CMGTools/TTHAnalysis/data//fakerate/fr_2016APV_2016_recorrected.root to FR_mva085_mu_data_comb_recorrected
Loading FR_mu_i40 from file /nfs/fanae/user/cvico/WorkSpace/ttw-differential/cmssw-aug2024/CMSSW_10_4_0/src/CMGTools/TTHAnalysis/data//fakerate/fr_2016APV_2016_recorrected.root to FR_mva085_mu_data_comb_recorrected_pt2
Loading FR_el_i50 from file /nfs/fanae/user/cvico/WorkSpace/ttw-differential/cmssw-aug2024/CMSSW_10_4_0/src/CMGTools/TTHAnalysis/data//fakerate/fr_2016APV_2016_recorrected.root to FR_mva090_el_data_comb_NC_recorrected_be1
Loading FR_el_i50 from file /nfs/fanae/user/cvico/WorkSpace/ttw-differential/cmssw-aug2024/CMSSW_10_4_0/src/CMGTools/TTHAnalysis/data//fakerate/fr_2016APV_2016_recorrected.root to FR_mva090_el_data_comb_NC_recorrected_be1
Loading FR_el_i60 from file /nfs/fanae/user/cvico/WorkSpace/ttw-differential/cmssw-aug2024/CMSSW_10_4_0/src/CMGTools/TTHAnalysis/data//fakerate/fr_2016APV_2016_recorrected.root to FR_mva090_el_data_comb_NC_recorrected_be2
Loading FR_el_i60 from file /nfs/fanae/user/cvico/WorkSpace/ttw-differential/cmssw-aug2024/CMSSW_10_4_0/src/CMGTools/TTHAnalysis/data//fakerate/fr_2016APV_2016_recorrected.root to FR_mva090_el_data_comb_NC_recorrected_be2
Loading FR_mu_i30 from file /nfs/fanae/user/cvico/WorkSpace/ttw-differential/cmssw-aug2024/CMSSW_10_4_0/src/CMGTools/TTHAnalysis/data//fakerate/fr_2016APV_2016_recorrected.root to FR_mva085_mu_data_comb_recorrected_pt1
Loading FR_mu_i40 from file /nfs/fanae/user/cvico/WorkSpace/ttw-differential/cmssw-aug2024/CMSSW_10_4_0/src/CMGTools/TTHAnalysis/data//fakerate/fr_2016APV_2016_recorrected.root to FR_mva085_mu_data_comb_recorrected_pt2
Loading FR_el_i70 from file /nfs/fanae/user/cvico/WorkSpace/ttw-differential/cmssw-aug2024/CMSSW_10_4_0/src/CMGTools/TTHAnalysis/data//fakerate/fr_2016APV_2016_recorrected.root to FR_mva090_el_data_comb_NC_recorrected
Loading FR_el_i30 from file /nfs/fanae/user/cvico/WorkSpace/ttw-differential/cmssw-aug2024/CMSSW_10_4_0/src/CMGTools/TTHAnalysis/data//fakerate/fr_2016APV_2016_recorrected.root to FR_mva090_el_data_comb_NC_recorrected_pt1
Loading FR_mu_i10 from file /nfs/fanae/user/cvico/WorkSpace/ttw-differential/cmssw-aug2024/CMSSW_10_4_0/src/CMGTools/TTHAnalysis/data//fakerate/fr_2016APV_2016_recorrected.root to FR_mva085_mu_data_comb_recorrected_up
Loading FR_el_i40 from file /nfs/fanae/user/cvico/WorkSpace/ttw-differential/cmssw-aug2024/CMSSW_10_4_0/src/CMGTools/TTHAnalysis/data//fakerate/fr_2016APV_2016_recorrected.root to FR_mva090_el_data_comb_NC_recorrected_pt2
Loading FR_mu_i20 from file /nfs/fanae/user/cvico/WorkSpace/ttw-differential/cmssw-aug2024/CMSSW_10_4_0/src/CMGTools/TTHAnalysis/data//fakerate/fr_2016APV_2016_recorrected.root to FR_mva085_mu_data_comb_recorrected_down
Loading FR_el_i50 from file /nfs/fanae/user/cvico/WorkSpace/ttw-differential/cmssw-aug2024/CMSSW_10_4_0/src/CMGTools/TTHAnalysis/data//fakerate/fr_2016APV_2016_recorrected.root to FR_mva090_el_data_comb_NC_recorrected_be1
Loading FR_mu_i70 from file /nfs/fanae/user/cvico/WorkSpace/ttw-differential/cmssw-aug2024/CMSSW_10_4_0/src/CMGTools/TTHAnalysis/data//fakerate/fr_2016APV_2016_recorrected.root to FR_mva085_mu_data_comb_recorrected
Loading FR_el_i70 from file /nfs/fanae/user/cvico/WorkSpace/ttw-differential/cmssw-aug2024/CMSSW_10_4_0/src/CMGTools/TTHAnalysis/data//fakerate/fr_2016APV_2016_recorrected.root to FR_mva090_el_data_comb_NC_recorrected
Loading FR_el_i60 from file /nfs/fanae/user/cvico/WorkSpace/ttw-differential/cmssw-aug2024/CMSSW_10_4_0/src/CMGTools/TTHAnalysis/data//fakerate/fr_2016APV_2016_recorrected.root to FR_mva090_el_data_comb_NC_recorrected_be2
Loading FR_el_i30 from file /nfs/fanae/user/cvico/WorkSpace/ttw-differential/cmssw-aug2024/CMSSW_10_4_0/src/CMGTools/TTHAnalysis/data//fakerate/fr_2016APV_2016_recorrected.root to FR_mva090_el_data_comb_NC_recorrected_pt1
Loading FR_mu_i10 from file /nfs/fanae/user/cvico/WorkSpace/ttw-differential/cmssw-aug2024/CMSSW_10_4_0/src/CMGTools/TTHAnalysis/data//fakerate/fr_2016APV_2016_recorrected.root to FR_mva085_mu_data_comb_recorrected_up
Loading FR_el_i70 from file /nfs/fanae/user/cvico/WorkSpace/ttw-differential/cmssw-aug2024/CMSSW_10_4_0/src/CMGTools/TTHAnalysis/data//fakerate/fr_2016APV_2016_recorrected.root to FR_mva090_el_data_comb_NC_recorrected
Loading FR_el_i40 from file /nfs/fanae/user/cvico/WorkSpace/ttw-differential/cmssw-aug2024/CMSSW_10_4_0/src/CMGTools/TTHAnalysis/data//fakerate/fr_2016APV_2016_recorrected.root to FR_mva090_el_data_comb_NC_recorrected_pt2
Loading FR_mu_i20 from file /nfs/fanae/user/cvico/WorkSpace/ttw-differential/cmssw-aug2024/CMSSW_10_4_0/src/CMGTools/TTHAnalysis/data//fakerate/fr_2016APV_2016_recorrected.root to FR_mva085_mu_data_comb_recorrected_down
Loading FR_el_i30 from file /nfs/fanae/user/cvico/WorkSpace/ttw-differential/cmssw-aug2024/CMSSW_10_4_0/src/CMGTools/TTHAnalysis/data//fakerate/fr_2016APV_2016_recorrected.root to FR_mva090_el_data_comb_NC_recorrected_pt1
Loading FR_mu_i70 from file /nfs/fanae/user/cvico/WorkSpace/ttw-differential/cmssw-aug2024/CMSSW_10_4_0/src/CMGTools/TTHAnalysis/data//fakerate/fr_2016APV_2016_recorrected.root to FR_mva085_mu_data_comb_recorrected
Loading FR_el_i40 from file /nfs/fanae/user/cvico/WorkSpace/ttw-differential/cmssw-aug2024/CMSSW_10_4_0/src/CMGTools/TTHAnalysis/data//fakerate/fr_2016APV_2016_recorrected.root to FR_mva090_el_data_comb_NC_recorrected_pt2
Loading FR_mu_i70 from file /nfs/fanae/user/cvico/WorkSpace/ttw-differential/cmssw-aug2024/CMSSW_10_4_0/src/CMGTools/TTHAnalysis/data//fakerate/fr_2016APV_2016_recorrected.root to FR_mva085_mu_data_comb_recorrected
Loading FR_el_i10 from file /nfs/fanae/user/cvico/WorkSpace/ttw-differential/cmssw-aug2024/CMSSW_10_4_0/src/CMGTools/TTHAnalysis/data//fakerate/fr_2016APV_2016_recorrected.root to FR_mva090_el_data_comb_NC_recorrected_up
Loading FR_el_i20 from file /nfs/fanae/user/cvico/WorkSpace/ttw-differential/cmssw-aug2024/CMSSW_10_4_0/src/CMGTools/TTHAnalysis/data//fakerate/fr_2016APV_2016_recorrected.root to FR_mva090_el_data_comb_NC_recorrected_down
Loading FR_mu_i30 from file /nfs/fanae/user/cvico/WorkSpace/ttw-differential/cmssw-aug2024/CMSSW_10_4_0/src/CMGTools/TTHAnalysis/data//fakerate/fr_2016APV_2016_recorrected.root to FR_mva085_mu_data_comb_recorrected_pt1
Loading FR_mu_i40 from file /nfs/fanae/user/cvico/WorkSpace/ttw-differential/cmssw-aug2024/CMSSW_10_4_0/src/CMGTools/TTHAnalysis/data//fakerate/fr_2016APV_2016_recorrected.root to FR_mva085_mu_data_comb_recorrected_pt2
Loading FR_el_i10 from file /nfs/fanae/user/cvico/WorkSpace/ttw-differential/cmssw-aug2024/CMSSW_10_4_0/src/CMGTools/TTHAnalysis/data//fakerate/fr_2016APV_2016_recorrected.root to FR_mva090_el_data_comb_NC_recorrected_up
Loading FR_el_i20 from file /nfs/fanae/user/cvico/WorkSpace/ttw-differential/cmssw-aug2024/CMSSW_10_4_0/src/CMGTools/TTHAnalysis/data//fakerate/fr_2016APV_2016_recorrected.root to FR_mva090_el_data_comb_NC_recorrected_down
Loading FR_el_i50 from file /nfs/fanae/user/cvico/WorkSpace/ttw-differential/cmssw-aug2024/CMSSW_10_4_0/src/CMGTools/TTHAnalysis/data//fakerate/fr_2016APV_2016_recorrected.root to FR_mva090_el_data_comb_NC_recorrected_be1
Loading FR_mu_i50 from file /nfs/fanae/user/cvico/WorkSpace/ttw-differential/cmssw-aug2024/CMSSW_10_4_0/src/CMGTools/TTHAnalysis/data//fakerate/fr_2016APV_2016_recorrected.root to FR_mva085_mu_data_comb_recorrected_be1
Loading FR_el_i60 from file /nfs/fanae/user/cvico/WorkSpace/ttw-differential/cmssw-aug2024/CMSSW_10_4_0/src/CMGTools/TTHAnalysis/data//fakerate/fr_2016APV_2016_recorrected.root to FR_mva090_el_data_comb_NC_recorrected_be2
Loading FR_mu_i60 from file /nfs/fanae/user/cvico/WorkSpace/ttw-differential/cmssw-aug2024/CMSSW_10_4_0/src/CMGTools/TTHAnalysis/data//fakerate/fr_2016APV_2016_recorrected.root to FR_mva085_mu_data_comb_recorrected_be2
Loading FR_el_i70 from file /nfs/fanae/user/cvico/WorkSpace/ttw-differential/cmssw-aug2024/CMSSW_10_4_0/src/CMGTools/TTHAnalysis/data//fakerate/fr_2016APV_2016_recorrected.root to FR_mva090_el_data_comb_NC_recorrected
Loading FR_el_i30 from file /nfs/fanae/user/cvico/WorkSpace/ttw-differential/cmssw-aug2024/CMSSW_10_4_0/src/CMGTools/TTHAnalysis/data//fakerate/fr_2016APV_2016_recorrected.root to FR_mva090_el_data_comb_NC_recorrected_pt1
Loading FR_el_i40 from file /nfs/fanae/user/cvico/WorkSpace/ttw-differential/cmssw-aug2024/CMSSW_10_4_0/src/CMGTools/TTHAnalysis/data//fakerate/fr_2016APV_2016_recorrected.root to FR_mva090_el_data_comb_NC_recorrected_pt2
Loading FR_mu_i10 from file /nfs/fanae/user/cvico/WorkSpace/ttw-differential/cmssw-aug2024/CMSSW_10_4_0/src/CMGTools/TTHAnalysis/data//fakerate/fr_2016APV_2016_recorrected.root to FR_mva085_mu_data_comb_recorrected_up
Loading FR_mu_i70 from file /nfs/fanae/user/cvico/WorkSpace/ttw-differential/cmssw-aug2024/CMSSW_10_4_0/src/CMGTools/TTHAnalysis/data//fakerate/fr_2016APV_2016_recorrected.root to FR_mva085_mu_data_comb_recorrected
Loading FR_mu_i20 from file /nfs/fanae/user/cvico/WorkSpace/ttw-differential/cmssw-aug2024/CMSSW_10_4_0/src/CMGTools/TTHAnalysis/data//fakerate/fr_2016APV_2016_recorrected.root to FR_mva085_mu_data_comb_recorrected_down
Loading FR_mu_i10 from file /nfs/fanae/user/cvico/WorkSpace/ttw-differential/cmssw-aug2024/CMSSW_10_4_0/src/CMGTools/TTHAnalysis/data//fakerate/fr_2016APV_2016_recorrected.root to FR_mva085_mu_data_comb_recorrected_up
Loading FR_mu_i20 from file /nfs/fanae/user/cvico/WorkSpace/ttw-differential/cmssw-aug2024/CMSSW_10_4_0/src/CMGTools/TTHAnalysis/data//fakerate/fr_2016APV_2016_recorrected.root to FR_mva085_mu_data_comb_recorrected_down
Loading FR_mu_i50 from file /nfs/fanae/user/cvico/WorkSpace/ttw-differential/cmssw-aug2024/CMSSW_10_4_0/src/CMGTools/TTHAnalysis/data//fakerate/fr_2016APV_2016_recorrected.root to FR_mva085_mu_data_comb_recorrected_be1
Loading FR_mu_i30 from file /nfs/fanae/user/cvico/WorkSpace/ttw-differential/cmssw-aug2024/CMSSW_10_4_0/src/CMGTools/TTHAnalysis/data//fakerate/fr_2016APV_2016_recorrected.root to FR_mva085_mu_data_comb_recorrected_pt1
Loading FR_mu_i60 from file /nfs/fanae/user/cvico/WorkSpace/ttw-differential/cmssw-aug2024/CMSSW_10_4_0/src/CMGTools/TTHAnalysis/data//fakerate/fr_2016APV_2016_recorrected.root to FR_mva085_mu_data_comb_recorrected_be2
Loading FR_mu_i40 from file /nfs/fanae/user/cvico/WorkSpace/ttw-differential/cmssw-aug2024/CMSSW_10_4_0/src/CMGTools/TTHAnalysis/data//fakerate/fr_2016APV_2016_recorrected.root to FR_mva085_mu_data_comb_recorrected_pt2
Loading FR_mu_i10 from file /nfs/fanae/user/cvico/WorkSpace/ttw-differential/cmssw-aug2024/CMSSW_10_4_0/src/CMGTools/TTHAnalysis/data//fakerate/fr_2016APV_2016_recorrected.root to FR_mva085_mu_data_comb_recorrected_up
Loading FR_mu_i20 from file /nfs/fanae/user/cvico/WorkSpace/ttw-differential/cmssw-aug2024/CMSSW_10_4_0/src/CMGTools/TTHAnalysis/data//fakerate/fr_2016APV_2016_recorrected.root to FR_mva085_mu_data_comb_recorrected_down
Loading FR_el_i10 from file /nfs/fanae/user/cvico/WorkSpace/ttw-differential/cmssw-aug2024/CMSSW_10_4_0/src/CMGTools/TTHAnalysis/data//fakerate/fr_2016APV_2016_recorrected.root to FR_mva090_el_data_comb_NC_recorrected_up
Loading FR_el_i50 from file /nfs/fanae/user/cvico/WorkSpace/ttw-differential/cmssw-aug2024/CMSSW_10_4_0/src/CMGTools/TTHAnalysis/data//fakerate/fr_2016APV_2016_recorrected.root to FR_mva090_el_data_comb_NC_recorrected_be1
Loading FR_el_i20 from file /nfs/fanae/user/cvico/WorkSpace/ttw-differential/cmssw-aug2024/CMSSW_10_4_0/src/CMGTools/TTHAnalysis/data//fakerate/fr_2016APV_2016_recorrected.root to FR_mva090_el_data_comb_NC_recorrected_down
Loading FR_el_i10 from file /nfs/fanae/user/cvico/WorkSpace/ttw-differential/cmssw-aug2024/CMSSW_10_4_0/src/CMGTools/TTHAnalysis/data//fakerate/fr_2016APV_2016_recorrected.root to FR_mva090_el_data_comb_NC_recorrected_up
Loading FR_el_i20 from file /nfs/fanae/user/cvico/WorkSpace/ttw-differential/cmssw-aug2024/CMSSW_10_4_0/src/CMGTools/TTHAnalysis/data//fakerate/fr_2016APV_2016_recorrected.root to FR_mva090_el_data_comb_NC_recorrected_down
Loading FR_el_i60 from file /nfs/fanae/user/cvico/WorkSpace/ttw-differential/cmssw-aug2024/CMSSW_10_4_0/src/CMGTools/TTHAnalysis/data//fakerate/fr_2016APV_2016_recorrected.root to FR_mva090_el_data_comb_NC_recorrected_be2
Loading FR_el_i70 from file /nfs/fanae/user/cvico/WorkSpace/ttw-differential/cmssw-aug2024/CMSSW_10_4_0/src/CMGTools/TTHAnalysis/data//fakerate/fr_2016APV_2016_recorrected.root to FR_mva090_el_data_comb_NC_recorrected
Loading FR_el_i30 from file /nfs/fanae/user/cvico/WorkSpace/ttw-differential/cmssw-aug2024/CMSSW_10_4_0/src/CMGTools/TTHAnalysis/data//fakerate/fr_2016APV_2016_recorrected.root to FR_mva090_el_data_comb_NC_recorrected_pt1
Loading FR_el_i10 from file /nfs/fanae/user/cvico/WorkSpace/ttw-differential/cmssw-aug2024/CMSSW_10_4_0/src/CMGTools/TTHAnalysis/data//fakerate/fr_2016APV_2016_recorrected.root to FR_mva090_el_data_comb_NC_recorrected_up
Loading FR_el_i40 from file /nfs/fanae/user/cvico/WorkSpace/ttw-differential/cmssw-aug2024/CMSSW_10_4_0/src/CMGTools/TTHAnalysis/data//fakerate/fr_2016APV_2016_recorrected.root to FR_mva090_el_data_comb_NC_recorrected_pt2
Loading FR_el_i20 from file /nfs/fanae/user/cvico/WorkSpace/ttw-differential/cmssw-aug2024/CMSSW_10_4_0/src/CMGTools/TTHAnalysis/data//fakerate/fr_2016APV_2016_recorrected.root to FR_mva090_el_data_comb_NC_recorrected_down
Loading FR_mu_i70 from file /nfs/fanae/user/cvico/WorkSpace/ttw-differential/cmssw-aug2024/CMSSW_10_4_0/src/CMGTools/TTHAnalysis/data//fakerate/fr_2016APV_2016_recorrected.root to FR_mva085_mu_data_comb_recorrected
Loading FR_mu_i10 from file /nfs/fanae/user/cvico/WorkSpace/ttw-differential/cmssw-aug2024/CMSSW_10_4_0/src/CMGTools/TTHAnalysis/data//fakerate/fr_2016APV_2016_recorrected.root to FR_mva085_mu_data_comb_recorrected_up
Loading FR_mu_i20 from file /nfs/fanae/user/cvico/WorkSpace/ttw-differential/cmssw-aug2024/CMSSW_10_4_0/src/CMGTools/TTHAnalysis/data//fakerate/fr_2016APV_2016_recorrected.root to FR_mva085_mu_data_comb_recorrected_down
Loading FR_mu_i50 from file /nfs/fanae/user/cvico/WorkSpace/ttw-differential/cmssw-aug2024/CMSSW_10_4_0/src/CMGTools/TTHAnalysis/data//fakerate/fr_2016APV_2016_recorrected.root to FR_mva085_mu_data_comb_recorrected_be1
Loading FR_mu_i50 from file /nfs/fanae/user/cvico/WorkSpace/ttw-differential/cmssw-aug2024/CMSSW_10_4_0/src/CMGTools/TTHAnalysis/data//fakerate/fr_2016APV_2016_recorrected.root to FR_mva085_mu_data_comb_recorrected_be1
Loading FR_mu_i60 from file /nfs/fanae/user/cvico/WorkSpace/ttw-differential/cmssw-aug2024/CMSSW_10_4_0/src/CMGTools/TTHAnalysis/data//fakerate/fr_2016APV_2016_recorrected.root to FR_mva085_mu_data_comb_recorrected_be2
Loading FR_mu_i60 from file /nfs/fanae/user/cvico/WorkSpace/ttw-differential/cmssw-aug2024/CMSSW_10_4_0/src/CMGTools/TTHAnalysis/data//fakerate/fr_2016APV_2016_recorrected.root to FR_mva085_mu_data_comb_recorrected_be2
Loading FR_mu_i30 from file /nfs/fanae/user/cvico/WorkSpace/ttw-differential/cmssw-aug2024/CMSSW_10_4_0/src/CMGTools/TTHAnalysis/data//fakerate/fr_2016APV_2016_recorrected.root to FR_mva085_mu_data_comb_recorrected_pt1
Loading FR_mu_i40 from file /nfs/fanae/user/cvico/WorkSpace/ttw-differential/cmssw-aug2024/CMSSW_10_4_0/src/CMGTools/TTHAnalysis/data//fakerate/fr_2016APV_2016_recorrected.root to FR_mva085_mu_data_comb_recorrected_pt2
Loading FR_el_i70 from file /nfs/fanae/user/cvico/WorkSpace/ttw-differential/cmssw-aug2024/CMSSW_10_4_0/src/CMGTools/TTHAnalysis/data//fakerate/fr_2016APV_2016_recorrected.root to FR_mva090_el_data_comb_NC_recorrected
Loading FR_mu_i50 from file /nfs/fanae/user/cvico/WorkSpace/ttw-differential/cmssw-aug2024/CMSSW_10_4_0/src/CMGTools/TTHAnalysis/data//fakerate/fr_2016APV_2016_recorrected.root to FR_mva085_mu_data_comb_recorrected_be1
Loading FR_mu_i60 from file /nfs/fanae/user/cvico/WorkSpace/ttw-differential/cmssw-aug2024/CMSSW_10_4_0/src/CMGTools/TTHAnalysis/data//fakerate/fr_2016APV_2016_recorrected.root to FR_mva085_mu_data_comb_recorrected_be2
Loading FR_el_i10 from file /nfs/fanae/user/cvico/WorkSpace/ttw-differential/cmssw-aug2024/CMSSW_10_4_0/src/CMGTools/TTHAnalysis/data//fakerate/fr_2016APV_2016_recorrected.root to FR_mva090_el_data_comb_NC_recorrected_up
Loading FR_el_i30 from file /nfs/fanae/user/cvico/WorkSpace/ttw-differential/cmssw-aug2024/CMSSW_10_4_0/src/CMGTools/TTHAnalysis/data//fakerate/fr_2016APV_2016_recorrected.root to FR_mva090_el_data_comb_NC_recorrected_pt1
Loading FR_el_i50 from file /nfs/fanae/user/cvico/WorkSpace/ttw-differential/cmssw-aug2024/CMSSW_10_4_0/src/CMGTools/TTHAnalysis/data//fakerate/fr_2016APV_2016_recorrected.root to FR_mva090_el_data_comb_NC_recorrected_be1
Loading FR_el_i20 from file /nfs/fanae/user/cvico/WorkSpace/ttw-differential/cmssw-aug2024/CMSSW_10_4_0/src/CMGTools/TTHAnalysis/data//fakerate/fr_2016APV_2016_recorrected.root to FR_mva090_el_data_comb_NC_recorrected_down
Loading FR_el_i40 from file /nfs/fanae/user/cvico/WorkSpace/ttw-differential/cmssw-aug2024/CMSSW_10_4_0/src/CMGTools/TTHAnalysis/data//fakerate/fr_2016APV_2016_recorrected.root to FR_mva090_el_data_comb_NC_recorrected_pt2
Loading FR_el_i60 from file /nfs/fanae/user/cvico/WorkSpace/ttw-differential/cmssw-aug2024/CMSSW_10_4_0/src/CMGTools/TTHAnalysis/data//fakerate/fr_2016APV_2016_recorrected.root to FR_mva090_el_data_comb_NC_recorrected_be2
Loading FR_mu_i70 from file /nfs/fanae/user/cvico/WorkSpace/ttw-differential/cmssw-aug2024/CMSSW_10_4_0/src/CMGTools/TTHAnalysis/data//fakerate/fr_2016APV_2016_recorrected.root to FR_mva085_mu_data_comb_recorrected
Loading FR_mu_i10 from file /nfs/fanae/user/cvico/WorkSpace/ttw-differential/cmssw-aug2024/CMSSW_10_4_0/src/CMGTools/TTHAnalysis/data//fakerate/fr_2016APV_2016_recorrected.root to FR_mva085_mu_data_comb_recorrected_up
Loading FR_mu_i20 from file /nfs/fanae/user/cvico/WorkSpace/ttw-differential/cmssw-aug2024/CMSSW_10_4_0/src/CMGTools/TTHAnalysis/data//fakerate/fr_2016APV_2016_recorrected.root to FR_mva085_mu_data_comb_recorrected_down
Loading FR_mu_i50 from file /nfs/fanae/user/cvico/WorkSpace/ttw-differential/cmssw-aug2024/CMSSW_10_4_0/src/CMGTools/TTHAnalysis/data//fakerate/fr_2016APV_2016_recorrected.root to FR_mva085_mu_data_comb_recorrected_be1
Loading FR_mu_i60 from file /nfs/fanae/user/cvico/WorkSpace/ttw-differential/cmssw-aug2024/CMSSW_10_4_0/src/CMGTools/TTHAnalysis/data//fakerate/fr_2016APV_2016_recorrected.root to FR_mva085_mu_data_comb_recorrected_be2
Loading FR_el_i70 from file /nfs/fanae/user/cvico/WorkSpace/ttw-differential/cmssw-aug2024/CMSSW_10_4_0/src/CMGTools/TTHAnalysis/data//fakerate/fr_2016APV_2016_recorrected.root to FR_mva090_el_data_comb_NC_recorrected
Loading FR_el_i10 from file /nfs/fanae/user/cvico/WorkSpace/ttw-differential/cmssw-aug2024/CMSSW_10_4_0/src/CMGTools/TTHAnalysis/data//fakerate/fr_2016APV_2016_recorrected.root to FR_mva090_el_data_comb_NC_recorrected_up
Loading FR_el_i20 from file /nfs/fanae/user/cvico/WorkSpace/ttw-differential/cmssw-aug2024/CMSSW_10_4_0/src/CMGTools/TTHAnalysis/data//fakerate/fr_2016APV_2016_recorrected.root to FR_mva090_el_data_comb_NC_recorrected_down
Loading FR_el_i30 from file /nfs/fanae/user/cvico/WorkSpace/ttw-differential/cmssw-aug2024/CMSSW_10_4_0/src/CMGTools/TTHAnalysis/data//fakerate/fr_2016APV_2016_recorrected.root to FR_mva090_el_data_comb_NC_recorrected_pt1
Loading FR_el_i40 from file /nfs/fanae/user/cvico/WorkSpace/ttw-differential/cmssw-aug2024/CMSSW_10_4_0/src/CMGTools/TTHAnalysis/data//fakerate/fr_2016APV_2016_recorrected.root to FR_mva090_el_data_comb_NC_recorrected_pt2
Loading FR_mu_i70 from file /nfs/fanae/user/cvico/WorkSpace/ttw-differential/cmssw-aug2024/CMSSW_10_4_0/src/CMGTools/TTHAnalysis/data//fakerate/fr_2016APV_2016_recorrected.root to FR_mva085_mu_data_comb_recorrected
Loading FR_mu_i10 from file /nfs/fanae/user/cvico/WorkSpace/ttw-differential/cmssw-aug2024/CMSSW_10_4_0/src/CMGTools/TTHAnalysis/data//fakerate/fr_2016APV_2016_recorrected.root to FR_mva085_mu_data_comb_recorrected_up
Loading FR_mu_i20 from file /nfs/fanae/user/cvico/WorkSpace/ttw-differential/cmssw-aug2024/CMSSW_10_4_0/src/CMGTools/TTHAnalysis/data//fakerate/fr_2016APV_2016_recorrected.root to FR_mva085_mu_data_comb_recorrected_down
Loading FR_mu_i50 from file /nfs/fanae/user/cvico/WorkSpace/ttw-differential/cmssw-aug2024/CMSSW_10_4_0/src/CMGTools/TTHAnalysis/data//fakerate/fr_2016APV_2016_recorrected.root to FR_mva085_mu_data_comb_recorrected_be1
Loading FR_mu_i60 from file /nfs/fanae/user/cvico/WorkSpace/ttw-differential/cmssw-aug2024/CMSSW_10_4_0/src/CMGTools/TTHAnalysis/data//fakerate/fr_2016APV_2016_recorrected.root to FR_mva085_mu_data_comb_recorrected_be2
Loading FR_el_i10 from file /nfs/fanae/user/cvico/WorkSpace/ttw-differential/cmssw-aug2024/CMSSW_10_4_0/src/CMGTools/TTHAnalysis/data//fakerate/fr_2016APV_2016_recorrected.root to FR_mva090_el_data_comb_NC_recorrected_up
Loading FR_el_i20 from file /nfs/fanae/user/cvico/WorkSpace/ttw-differential/cmssw-aug2024/CMSSW_10_4_0/src/CMGTools/TTHAnalysis/data//fakerate/fr_2016APV_2016_recorrected.root to FR_mva090_el_data_comb_NC_recorrected_down
Loading FR_mu_i10 from file /nfs/fanae/user/cvico/WorkSpace/ttw-differential/cmssw-aug2024/CMSSW_10_4_0/src/CMGTools/TTHAnalysis/data//fakerate/fr_2016APV_2016_recorrected.root to FR_mva085_mu_data_comb_recorrected_up
Loading FR_mu_i20 from file /nfs/fanae/user/cvico/WorkSpace/ttw-differential/cmssw-aug2024/CMSSW_10_4_0/src/CMGTools/TTHAnalysis/data//fakerate/fr_2016APV_2016_recorrected.root to FR_mva085_mu_data_comb_recorrected_down
Loading FR_el_i10 from file /nfs/fanae/user/cvico/WorkSpace/ttw-differential/cmssw-aug2024/CMSSW_10_4_0/src/CMGTools/TTHAnalysis/data//fakerate/fr_2016APV_2016_recorrected.root to FR_mva090_el_data_comb_NC_recorrected_up
Loading FR_el_i20 from file /nfs/fanae/user/cvico/WorkSpace/ttw-differential/cmssw-aug2024/CMSSW_10_4_0/src/CMGTools/TTHAnalysis/data//fakerate/fr_2016APV_2016_recorrected.root to FR_mva090_el_data_comb_NC_recorrected_down
Loading FR_mu_i50 from file /nfs/fanae/user/cvico/WorkSpace/ttw-differential/cmssw-aug2024/CMSSW_10_4_0/src/CMGTools/TTHAnalysis/data//fakerate/fr_2016APV_2016_recorrected.root to FR_mva085_mu_data_comb_recorrected_be1
Loading FR_mu_i60 from file /nfs/fanae/user/cvico/WorkSpace/ttw-differential/cmssw-aug2024/CMSSW_10_4_0/src/CMGTools/TTHAnalysis/data//fakerate/fr_2016APV_2016_recorrected.root to FR_mva085_mu_data_comb_recorrected_be2
Loading FR_mu_i50 from file /nfs/fanae/user/cvico/WorkSpace/ttw-differential/cmssw-aug2024/CMSSW_10_4_0/src/CMGTools/TTHAnalysis/data//fakerate/fr_2016APV_2016_recorrected.root to FR_mva085_mu_data_comb_recorrected_be1
Loading FR_mu_i60 from file /nfs/fanae/user/cvico/WorkSpace/ttw-differential/cmssw-aug2024/CMSSW_10_4_0/src/CMGTools/TTHAnalysis/data//fakerate/fr_2016APV_2016_recorrected.root to FR_mva085_mu_data_comb_recorrected_be2
Warning: big shift in template for ttW_cr_3l_2016_eee_cr tZq CMS_scale_j_FlavorPureGluon 1 in bin 8: variation = 0.0878781
Warning: big shift in template for ttW_cr_3l_2016_eee_cr data_fakes CMS_ttWl_FRe_be 0 in bin 11: variation = 0.0553965
Warning: big shift in template for ttW_cr_3l_2016_eee_cr TTW_inclusive CMS_ttWl_thu_shape_ttW_muR 1 in bin 12: variation = 0.0281619
Warning: big shift in template for ttW_cr_3l_2016_eee_cr tZq QCDpdf_ACCEPT_33 0 in bin 8: variation = 0.0916709
Wrote to cards/cards/cards/22Aug/unblinded/cr3l/ttW_cr_3l_2016_eee_cr.txt and cards/cards/cards/22Aug/unblinded/cr3l/ttW_cr_3l_2016_eee_cr.root 
Warning: big shift in template for ttW_cr_3l_2016_eem_cr tZq CMS_scale_j_Absolute 0 in bin 8: variation = 545.17
Warning: big shift in template for ttW_cr_3l_2016_eem_cr tZq CMS_scale_j_Absolute_2016 0 in bin 8: variation = 222.469
Warning: big shift in template for ttW_cr_3l_2016_eem_cr tZq CMS_scale_j_BBEC1 0 in bin 8: variation = 173.569
Warning: big shift in template for ttW_cr_3l_2016_eem_cr tZq CMS_scale_j_BBEC1_2016 0 in bin 8: variation = 55.6406
Warning: big shift in template for ttW_cr_3l_2016_eem_cr tZq CMS_scale_j_FlavorPureGluon 0 in bin 8: variation = 527.253
Warning: big shift in template for ttW_cr_3l_2016_eem_cr tZq CMS_scale_j_RelativeBal 0 in bin 8: variation = 0.00956567
Warning: big shift in template for ttW_cr_3l_2016_eem_cr tZq CMS_scale_j_RelativeBal 1 in bin 8: variation = 104.541
Warning: big shift in template for ttW_cr_3l_2016_eem_cr tZq CMS_scale_j_RelativeSample_2016 0 in bin 8: variation = 231.329
Warning: big shift in template for ttW_cr_3l_2016_eem_cr tZq CMS_scale_j_RelativeSample_2016 1 in bin 8: variation = 52.3551
Warning: big shift in template for ttW_cr_3l_2016_eem_cr tZq CMS_ttWl_thu_shape_tZq_muF 0 in bin 8: variation = 157.908
Warning: big shift in template for ttW_cr_3l_2016_eem_cr tZq CMS_ttWl_thu_shape_tZq_muR 0 in bin 8: variation = 618.786
Warning: big shift in template for ttW_cr_3l_2016_eem_cr tZq FSR 0 in bin 8: variation = 0.0389441
Warning: big shift in template for ttW_cr_3l_2016_eem_cr tZq FSR 1 in bin 8: variation = 25.6778
Warning: big shift in template for ttW_cr_3l_2016_eem_cr tZq QCDpdf_ACCEPT_33 0 in bin 8: variation = 0.030015
Warning: big shift in template for ttW_cr_3l_2016_eem_cr tZq QCDpdf_ACCEPT_33 1 in bin 8: variation = 33.3167
Wrote to cards/cards/cards/22Aug/unblinded/cr3l/ttW_cr_3l_2016_eem_cr.txt and cards/cards/cards/22Aug/unblinded/cr3l/ttW_cr_3l_2016_eem_cr.root 
Warning: big shift in template for ttW_cr_3l_2016_emm_cr tZq CMS_ttWl_thu_shape_tZq_muR 1 in bin 8: variation = 0.0261963
Wrote to cards/cards/cards/22Aug/unblinded/cr3l/ttW_cr_3l_2016_emm_cr.txt and cards/cards/cards/22Aug/unblinded/cr3l/ttW_cr_3l_2016_emm_cr.root 
Warning: big shift in template for ttW_cr_3l_2016_mmm_cr Rares CMS_res_j_barrel_2016 0 in bin 4: variation = 0.000188095
Warning: big shift in template for ttW_cr_3l_2016_mmm_cr Rares CMS_res_j_barrel_2016 1 in bin 4: variation = 5316.46
Warning: big shift in template for ttW_cr_3l_2016_mmm_cr Rares CMS_ttWl_thu_shape_Rares_muR 0 in bin 4: variation = 2496.78
Wrote to cards/cards/cards/22Aug/unblinded/cr3l/ttW_cr_3l_2016_mmm_cr.txt and cards/cards/cards/22Aug/unblinded/cr3l/ttW_cr_3l_2016_mmm_cr.root 
