Loading FR_mu_i00 from file /nfs/fanae/user/cvico/WorkSpace/ttw-differential/cmssw-aug2024/CMSSW_10_4_0/src/CMGTools/TTHAnalysis/data//fakerate/fr_2016APV_2016_recorrected.root to FR_mva085_mu_data_comb_recorrected
Loading FR_el_i00 from file /nfs/fanae/user/cvico/WorkSpace/ttw-differential/cmssw-aug2024/CMSSW_10_4_0/src/CMGTools/TTHAnalysis/data//fakerate/fr_2016APV_2016_recorrected.root to FR_mva090_el_data_comb_NC_recorrected
Loading FR_mu_i30 from file /nfs/fanae/user/cvico/WorkSpace/ttw-differential/cmssw-aug2024/CMSSW_10_4_0/src/CMGTools/TTHAnalysis/data//fakerate/fr_2016APV_2016_recorrected.root to FR_mva085_mu_data_comb_recorrected_pt1
Loading FR_mu_i40 from file /nfs/fanae/user/cvico/WorkSpace/ttw-differential/cmssw-aug2024/CMSSW_10_4_0/src/CMGTools/TTHAnalysis/data//fakerate/fr_2016APV_2016_recorrected.root to FR_mva085_mu_data_comb_recorrected_pt2
Loading FR_el_i50 from file /nfs/fanae/user/cvico/WorkSpace/ttw-differential/cmssw-aug2024/CMSSW_10_4_0/src/CMGTools/TTHAnalysis/data//fakerate/fr_2016APV_2016_recorrected.root to FR_mva090_el_data_comb_NC_recorrected_be1
Loading FR_el_i60 from file /nfs/fanae/user/cvico/WorkSpace/ttw-differential/cmssw-aug2024/CMSSW_10_4_0/src/CMGTools/TTHAnalysis/data//fakerate/fr_2016APV_2016_recorrected.root to FR_mva090_el_data_comb_NC_recorrected_be2
Loading FR_el_i70 from file /nfs/fanae/user/cvico/WorkSpace/ttw-differential/cmssw-aug2024/CMSSW_10_4_0/src/CMGTools/TTHAnalysis/data//fakerate/fr_2016APV_2016_recorrected.root to FR_mva090_el_data_comb_NC_recorrected
Loading FR_el_i30 from file /nfs/fanae/user/cvico/WorkSpace/ttw-differential/cmssw-aug2024/CMSSW_10_4_0/src/CMGTools/TTHAnalysis/data//fakerate/fr_2016APV_2016_recorrected.root to FR_mva090_el_data_comb_NC_recorrected_pt1
Loading FR_el_i40 from file /nfs/fanae/user/cvico/WorkSpace/ttw-differential/cmssw-aug2024/CMSSW_10_4_0/src/CMGTools/TTHAnalysis/data//fakerate/fr_2016APV_2016_recorrected.root to FR_mva090_el_data_comb_NC_recorrected_pt2
Loading FR_mu_i70 from file /nfs/fanae/user/cvico/WorkSpace/ttw-differential/cmssw-aug2024/CMSSW_10_4_0/src/CMGTools/TTHAnalysis/data//fakerate/fr_2016APV_2016_recorrected.root to FR_mva085_mu_data_comb_recorrected
Loading FR_mu_i30 from file /nfs/fanae/user/cvico/WorkSpace/ttw-differential/cmssw-aug2024/CMSSW_10_4_0/src/CMGTools/TTHAnalysis/data//fakerate/fr_2016APV_2016_recorrected.root to FR_mva085_mu_data_comb_recorrected_pt1
Loading FR_mu_i40 from file /nfs/fanae/user/cvico/WorkSpace/ttw-differential/cmssw-aug2024/CMSSW_10_4_0/src/CMGTools/TTHAnalysis/data//fakerate/fr_2016APV_2016_recorrected.root to FR_mva085_mu_data_comb_recorrected_pt2
Loading FR_mu_i10 from file /nfs/fanae/user/cvico/WorkSpace/ttw-differential/cmssw-aug2024/CMSSW_10_4_0/src/CMGTools/TTHAnalysis/data//fakerate/fr_2016APV_2016_recorrected.root to FR_mva085_mu_data_comb_recorrected_up
Loading FR_mu_i20 from file /nfs/fanae/user/cvico/WorkSpace/ttw-differential/cmssw-aug2024/CMSSW_10_4_0/src/CMGTools/TTHAnalysis/data//fakerate/fr_2016APV_2016_recorrected.root to FR_mva085_mu_data_comb_recorrected_down
Loading FR_el_i50 from file /nfs/fanae/user/cvico/WorkSpace/ttw-differential/cmssw-aug2024/CMSSW_10_4_0/src/CMGTools/TTHAnalysis/data//fakerate/fr_2016APV_2016_recorrected.root to FR_mva090_el_data_comb_NC_recorrected_be1
Loading FR_el_i10 from file /nfs/fanae/user/cvico/WorkSpace/ttw-differential/cmssw-aug2024/CMSSW_10_4_0/src/CMGTools/TTHAnalysis/data//fakerate/fr_2016APV_2016_recorrected.root to FR_mva090_el_data_comb_NC_recorrected_up
Loading FR_el_i60 from file /nfs/fanae/user/cvico/WorkSpace/ttw-differential/cmssw-aug2024/CMSSW_10_4_0/src/CMGTools/TTHAnalysis/data//fakerate/fr_2016APV_2016_recorrected.root to FR_mva090_el_data_comb_NC_recorrected_be2
Loading FR_el_i20 from file /nfs/fanae/user/cvico/WorkSpace/ttw-differential/cmssw-aug2024/CMSSW_10_4_0/src/CMGTools/TTHAnalysis/data//fakerate/fr_2016APV_2016_recorrected.root to FR_mva090_el_data_comb_NC_recorrected_down
Loading FR_mu_i50 from file /nfs/fanae/user/cvico/WorkSpace/ttw-differential/cmssw-aug2024/CMSSW_10_4_0/src/CMGTools/TTHAnalysis/data//fakerate/fr_2016APV_2016_recorrected.root to FR_mva085_mu_data_comb_recorrected_be1
Loading FR_mu_i60 from file /nfs/fanae/user/cvico/WorkSpace/ttw-differential/cmssw-aug2024/CMSSW_10_4_0/src/CMGTools/TTHAnalysis/data//fakerate/fr_2016APV_2016_recorrected.root to FR_mva085_mu_data_comb_recorrected_be2
Loading FR_el_i70 from file /nfs/fanae/user/cvico/WorkSpace/ttw-differential/cmssw-aug2024/CMSSW_10_4_0/src/CMGTools/TTHAnalysis/data//fakerate/fr_2016APV_2016_recorrected.root to FR_mva090_el_data_comb_NC_recorrected
Loading FR_el_i30 from file /nfs/fanae/user/cvico/WorkSpace/ttw-differential/cmssw-aug2024/CMSSW_10_4_0/src/CMGTools/TTHAnalysis/data//fakerate/fr_2016APV_2016_recorrected.root to FR_mva090_el_data_comb_NC_recorrected_pt1
Loading FR_el_i40 from file /nfs/fanae/user/cvico/WorkSpace/ttw-differential/cmssw-aug2024/CMSSW_10_4_0/src/CMGTools/TTHAnalysis/data//fakerate/fr_2016APV_2016_recorrected.root to FR_mva090_el_data_comb_NC_recorrected_pt2
Loading FR_mu_i70 from file /nfs/fanae/user/cvico/WorkSpace/ttw-differential/cmssw-aug2024/CMSSW_10_4_0/src/CMGTools/TTHAnalysis/data//fakerate/fr_2016APV_2016_recorrected.root to FR_mva085_mu_data_comb_recorrected
Loading FR_mu_i10 from file /nfs/fanae/user/cvico/WorkSpace/ttw-differential/cmssw-aug2024/CMSSW_10_4_0/src/CMGTools/TTHAnalysis/data//fakerate/fr_2016APV_2016_recorrected.root to FR_mva085_mu_data_comb_recorrected_up
Loading FR_mu_i20 from file /nfs/fanae/user/cvico/WorkSpace/ttw-differential/cmssw-aug2024/CMSSW_10_4_0/src/CMGTools/TTHAnalysis/data//fakerate/fr_2016APV_2016_recorrected.root to FR_mva085_mu_data_comb_recorrected_down
Loading FR_el_i10 from file /nfs/fanae/user/cvico/WorkSpace/ttw-differential/cmssw-aug2024/CMSSW_10_4_0/src/CMGTools/TTHAnalysis/data//fakerate/fr_2016APV_2016_recorrected.root to FR_mva090_el_data_comb_NC_recorrected_up
Loading FR_el_i20 from file /nfs/fanae/user/cvico/WorkSpace/ttw-differential/cmssw-aug2024/CMSSW_10_4_0/src/CMGTools/TTHAnalysis/data//fakerate/fr_2016APV_2016_recorrected.root to FR_mva090_el_data_comb_NC_recorrected_down
Loading FR_mu_i30 from file /nfs/fanae/user/cvico/WorkSpace/ttw-differential/cmssw-aug2024/CMSSW_10_4_0/src/CMGTools/TTHAnalysis/data//fakerate/fr_2016APV_2016_recorrected.root to FR_mva085_mu_data_comb_recorrected_pt1
Loading FR_mu_i40 from file /nfs/fanae/user/cvico/WorkSpace/ttw-differential/cmssw-aug2024/CMSSW_10_4_0/src/CMGTools/TTHAnalysis/data//fakerate/fr_2016APV_2016_recorrected.root to FR_mva085_mu_data_comb_recorrected_pt2
Loading FR_mu_i50 from file /nfs/fanae/user/cvico/WorkSpace/ttw-differential/cmssw-aug2024/CMSSW_10_4_0/src/CMGTools/TTHAnalysis/data//fakerate/fr_2016APV_2016_recorrected.root to FR_mva085_mu_data_comb_recorrected_be1
Loading FR_mu_i60 from file /nfs/fanae/user/cvico/WorkSpace/ttw-differential/cmssw-aug2024/CMSSW_10_4_0/src/CMGTools/TTHAnalysis/data//fakerate/fr_2016APV_2016_recorrected.root to FR_mva085_mu_data_comb_recorrected_be2
Loading FR_el_i50 from file /nfs/fanae/user/cvico/WorkSpace/ttw-differential/cmssw-aug2024/CMSSW_10_4_0/src/CMGTools/TTHAnalysis/data//fakerate/fr_2016APV_2016_recorrected.root to FR_mva090_el_data_comb_NC_recorrected_be1
Loading FR_el_i60 from file /nfs/fanae/user/cvico/WorkSpace/ttw-differential/cmssw-aug2024/CMSSW_10_4_0/src/CMGTools/TTHAnalysis/data//fakerate/fr_2016APV_2016_recorrected.root to FR_mva090_el_data_comb_NC_recorrected_be2
Loading FR_mu_i30 from file /nfs/fanae/user/cvico/WorkSpace/ttw-differential/cmssw-aug2024/CMSSW_10_4_0/src/CMGTools/TTHAnalysis/data//fakerate/fr_2016APV_2016_recorrected.root to FR_mva085_mu_data_comb_recorrected_pt1
Loading FR_mu_i40 from file /nfs/fanae/user/cvico/WorkSpace/ttw-differential/cmssw-aug2024/CMSSW_10_4_0/src/CMGTools/TTHAnalysis/data//fakerate/fr_2016APV_2016_recorrected.root to FR_mva085_mu_data_comb_recorrected_pt2
Loading FR_el_i50 from file /nfs/fanae/user/cvico/WorkSpace/ttw-differential/cmssw-aug2024/CMSSW_10_4_0/src/CMGTools/TTHAnalysis/data//fakerate/fr_2016APV_2016_recorrected.root to FR_mva090_el_data_comb_NC_recorrected_be1
Loading FR_el_i60 from file /nfs/fanae/user/cvico/WorkSpace/ttw-differential/cmssw-aug2024/CMSSW_10_4_0/src/CMGTools/TTHAnalysis/data//fakerate/fr_2016APV_2016_recorrected.root to FR_mva090_el_data_comb_NC_recorrected_be2
Loading FR_el_i70 from file /nfs/fanae/user/cvico/WorkSpace/ttw-differential/cmssw-aug2024/CMSSW_10_4_0/src/CMGTools/TTHAnalysis/data//fakerate/fr_2016APV_2016_recorrected.root to FR_mva090_el_data_comb_NC_recorrected
Loading FR_el_i30 from file /nfs/fanae/user/cvico/WorkSpace/ttw-differential/cmssw-aug2024/CMSSW_10_4_0/src/CMGTools/TTHAnalysis/data//fakerate/fr_2016APV_2016_recorrected.root to FR_mva090_el_data_comb_NC_recorrected_pt1
Loading FR_el_i40 from file /nfs/fanae/user/cvico/WorkSpace/ttw-differential/cmssw-aug2024/CMSSW_10_4_0/src/CMGTools/TTHAnalysis/data//fakerate/fr_2016APV_2016_recorrected.root to FR_mva090_el_data_comb_NC_recorrected_pt2
Loading FR_mu_i70 from file /nfs/fanae/user/cvico/WorkSpace/ttw-differential/cmssw-aug2024/CMSSW_10_4_0/src/CMGTools/TTHAnalysis/data//fakerate/fr_2016APV_2016_recorrected.root to FR_mva085_mu_data_comb_recorrected
Loading FR_mu_i30 from file /nfs/fanae/user/cvico/WorkSpace/ttw-differential/cmssw-aug2024/CMSSW_10_4_0/src/CMGTools/TTHAnalysis/data//fakerate/fr_2016APV_2016_recorrected.root to FR_mva085_mu_data_comb_recorrected_pt1
Loading FR_el_i70 from file /nfs/fanae/user/cvico/WorkSpace/ttw-differential/cmssw-aug2024/CMSSW_10_4_0/src/CMGTools/TTHAnalysis/data//fakerate/fr_2016APV_2016_recorrected.root to FR_mva090_el_data_comb_NC_recorrected
Loading FR_mu_i40 from file /nfs/fanae/user/cvico/WorkSpace/ttw-differential/cmssw-aug2024/CMSSW_10_4_0/src/CMGTools/TTHAnalysis/data//fakerate/fr_2016APV_2016_recorrected.root to FR_mva085_mu_data_comb_recorrected_pt2
Loading FR_el_i30 from file /nfs/fanae/user/cvico/WorkSpace/ttw-differential/cmssw-aug2024/CMSSW_10_4_0/src/CMGTools/TTHAnalysis/data//fakerate/fr_2016APV_2016_recorrected.root to FR_mva090_el_data_comb_NC_recorrected_pt1
Loading FR_el_i40 from file /nfs/fanae/user/cvico/WorkSpace/ttw-differential/cmssw-aug2024/CMSSW_10_4_0/src/CMGTools/TTHAnalysis/data//fakerate/fr_2016APV_2016_recorrected.root to FR_mva090_el_data_comb_NC_recorrected_pt2
Loading FR_mu_i70 from file /nfs/fanae/user/cvico/WorkSpace/ttw-differential/cmssw-aug2024/CMSSW_10_4_0/src/CMGTools/TTHAnalysis/data//fakerate/fr_2016APV_2016_recorrected.root to FR_mva085_mu_data_comb_recorrected
Loading FR_el_i50 from file /nfs/fanae/user/cvico/WorkSpace/ttw-differential/cmssw-aug2024/CMSSW_10_4_0/src/CMGTools/TTHAnalysis/data//fakerate/fr_2016APV_2016_recorrected.root to FR_mva090_el_data_comb_NC_recorrected_be1
Loading FR_el_i60 from file /nfs/fanae/user/cvico/WorkSpace/ttw-differential/cmssw-aug2024/CMSSW_10_4_0/src/CMGTools/TTHAnalysis/data//fakerate/fr_2016APV_2016_recorrected.root to FR_mva090_el_data_comb_NC_recorrected_be2
Loading FR_mu_i10 from file /nfs/fanae/user/cvico/WorkSpace/ttw-differential/cmssw-aug2024/CMSSW_10_4_0/src/CMGTools/TTHAnalysis/data//fakerate/fr_2016APV_2016_recorrected.root to FR_mva085_mu_data_comb_recorrected_up
Loading FR_mu_i20 from file /nfs/fanae/user/cvico/WorkSpace/ttw-differential/cmssw-aug2024/CMSSW_10_4_0/src/CMGTools/TTHAnalysis/data//fakerate/fr_2016APV_2016_recorrected.root to FR_mva085_mu_data_comb_recorrected_down
Loading FR_el_i10 from file /nfs/fanae/user/cvico/WorkSpace/ttw-differential/cmssw-aug2024/CMSSW_10_4_0/src/CMGTools/TTHAnalysis/data//fakerate/fr_2016APV_2016_recorrected.root to FR_mva090_el_data_comb_NC_recorrected_up
Loading FR_el_i20 from file /nfs/fanae/user/cvico/WorkSpace/ttw-differential/cmssw-aug2024/CMSSW_10_4_0/src/CMGTools/TTHAnalysis/data//fakerate/fr_2016APV_2016_recorrected.root to FR_mva090_el_data_comb_NC_recorrected_down
Loading FR_mu_i10 from file /nfs/fanae/user/cvico/WorkSpace/ttw-differential/cmssw-aug2024/CMSSW_10_4_0/src/CMGTools/TTHAnalysis/data//fakerate/fr_2016APV_2016_recorrected.root to FR_mva085_mu_data_comb_recorrected_up
Loading FR_mu_i30 from file /nfs/fanae/user/cvico/WorkSpace/ttw-differential/cmssw-aug2024/CMSSW_10_4_0/src/CMGTools/TTHAnalysis/data//fakerate/fr_2016APV_2016_recorrected.root to FR_mva085_mu_data_comb_recorrected_pt1
Loading FR_mu_i20 from file /nfs/fanae/user/cvico/WorkSpace/ttw-differential/cmssw-aug2024/CMSSW_10_4_0/src/CMGTools/TTHAnalysis/data//fakerate/fr_2016APV_2016_recorrected.root to FR_mva085_mu_data_comb_recorrected_down
Loading FR_mu_i40 from file /nfs/fanae/user/cvico/WorkSpace/ttw-differential/cmssw-aug2024/CMSSW_10_4_0/src/CMGTools/TTHAnalysis/data//fakerate/fr_2016APV_2016_recorrected.root to FR_mva085_mu_data_comb_recorrected_pt2
Loading FR_el_i10 from file /nfs/fanae/user/cvico/WorkSpace/ttw-differential/cmssw-aug2024/CMSSW_10_4_0/src/CMGTools/TTHAnalysis/data//fakerate/fr_2016APV_2016_recorrected.root to FR_mva090_el_data_comb_NC_recorrected_up
Loading FR_el_i20 from file /nfs/fanae/user/cvico/WorkSpace/ttw-differential/cmssw-aug2024/CMSSW_10_4_0/src/CMGTools/TTHAnalysis/data//fakerate/fr_2016APV_2016_recorrected.root to FR_mva090_el_data_comb_NC_recorrected_down
Loading FR_el_i70 from file /nfs/fanae/user/cvico/WorkSpace/ttw-differential/cmssw-aug2024/CMSSW_10_4_0/src/CMGTools/TTHAnalysis/data//fakerate/fr_2016APV_2016_recorrected.root to FR_mva090_el_data_comb_NC_recorrected
Loading FR_el_i30 from file /nfs/fanae/user/cvico/WorkSpace/ttw-differential/cmssw-aug2024/CMSSW_10_4_0/src/CMGTools/TTHAnalysis/data//fakerate/fr_2016APV_2016_recorrected.root to FR_mva090_el_data_comb_NC_recorrected_pt1
Loading FR_el_i40 from file /nfs/fanae/user/cvico/WorkSpace/ttw-differential/cmssw-aug2024/CMSSW_10_4_0/src/CMGTools/TTHAnalysis/data//fakerate/fr_2016APV_2016_recorrected.root to FR_mva090_el_data_comb_NC_recorrected_pt2
Loading FR_mu_i30 from file /nfs/fanae/user/cvico/WorkSpace/ttw-differential/cmssw-aug2024/CMSSW_10_4_0/src/CMGTools/TTHAnalysis/data//fakerate/fr_2016APV_2016_recorrected.root to FR_mva085_mu_data_comb_recorrected_pt1
Loading FR_mu_i70 from file /nfs/fanae/user/cvico/WorkSpace/ttw-differential/cmssw-aug2024/CMSSW_10_4_0/src/CMGTools/TTHAnalysis/data//fakerate/fr_2016APV_2016_recorrected.root to FR_mva085_mu_data_comb_recorrected
Loading FR_el_i50 from file /nfs/fanae/user/cvico/WorkSpace/ttw-differential/cmssw-aug2024/CMSSW_10_4_0/src/CMGTools/TTHAnalysis/data//fakerate/fr_2016APV_2016_recorrected.root to FR_mva090_el_data_comb_NC_recorrected_be1
Loading FR_el_i60 from file /nfs/fanae/user/cvico/WorkSpace/ttw-differential/cmssw-aug2024/CMSSW_10_4_0/src/CMGTools/TTHAnalysis/data//fakerate/fr_2016APV_2016_recorrected.root to FR_mva090_el_data_comb_NC_recorrected_be2
Loading FR_mu_i40 from file /nfs/fanae/user/cvico/WorkSpace/ttw-differential/cmssw-aug2024/CMSSW_10_4_0/src/CMGTools/TTHAnalysis/data//fakerate/fr_2016APV_2016_recorrected.root to FR_mva085_mu_data_comb_recorrected_pt2
Loading FR_mu_i30 from file /nfs/fanae/user/cvico/WorkSpace/ttw-differential/cmssw-aug2024/CMSSW_10_4_0/src/CMGTools/TTHAnalysis/data//fakerate/fr_2016APV_2016_recorrected.root to FR_mva085_mu_data_comb_recorrected_pt1
Loading FR_mu_i30 from file /nfs/fanae/user/cvico/WorkSpace/ttw-differential/cmssw-aug2024/CMSSW_10_4_0/src/CMGTools/TTHAnalysis/data//fakerate/fr_2016APV_2016_recorrected.root to FR_mva085_mu_data_comb_recorrected_pt1
Loading FR_mu_i40 from file /nfs/fanae/user/cvico/WorkSpace/ttw-differential/cmssw-aug2024/CMSSW_10_4_0/src/CMGTools/TTHAnalysis/data//fakerate/fr_2016APV_2016_recorrected.root to FR_mva085_mu_data_comb_recorrected_pt2
Loading FR_mu_i50 from file /nfs/fanae/user/cvico/WorkSpace/ttw-differential/cmssw-aug2024/CMSSW_10_4_0/src/CMGTools/TTHAnalysis/data//fakerate/fr_2016APV_2016_recorrected.root to FR_mva085_mu_data_comb_recorrected_be1
Loading FR_mu_i40 from file /nfs/fanae/user/cvico/WorkSpace/ttw-differential/cmssw-aug2024/CMSSW_10_4_0/src/CMGTools/TTHAnalysis/data//fakerate/fr_2016APV_2016_recorrected.root to FR_mva085_mu_data_comb_recorrected_pt2
Loading FR_mu_i60 from file /nfs/fanae/user/cvico/WorkSpace/ttw-differential/cmssw-aug2024/CMSSW_10_4_0/src/CMGTools/TTHAnalysis/data//fakerate/fr_2016APV_2016_recorrected.root to FR_mva085_mu_data_comb_recorrected_be2
Loading FR_el_i50 from file /nfs/fanae/user/cvico/WorkSpace/ttw-differential/cmssw-aug2024/CMSSW_10_4_0/src/CMGTools/TTHAnalysis/data//fakerate/fr_2016APV_2016_recorrected.root to FR_mva090_el_data_comb_NC_recorrected_be1
Loading FR_el_i60 from file /nfs/fanae/user/cvico/WorkSpace/ttw-differential/cmssw-aug2024/CMSSW_10_4_0/src/CMGTools/TTHAnalysis/data//fakerate/fr_2016APV_2016_recorrected.root to FR_mva090_el_data_comb_NC_recorrected_be2
Loading FR_el_i50 from file /nfs/fanae/user/cvico/WorkSpace/ttw-differential/cmssw-aug2024/CMSSW_10_4_0/src/CMGTools/TTHAnalysis/data//fakerate/fr_2016APV_2016_recorrected.root to FR_mva090_el_data_comb_NC_recorrected_be1
Loading FR_el_i50 from file /nfs/fanae/user/cvico/WorkSpace/ttw-differential/cmssw-aug2024/CMSSW_10_4_0/src/CMGTools/TTHAnalysis/data//fakerate/fr_2016APV_2016_recorrected.root to FR_mva090_el_data_comb_NC_recorrected_be1
Loading FR_mu_i50 from file /nfs/fanae/user/cvico/WorkSpace/ttw-differential/cmssw-aug2024/CMSSW_10_4_0/src/CMGTools/TTHAnalysis/data//fakerate/fr_2016APV_2016_recorrected.root to FR_mva085_mu_data_comb_recorrected_be1
Loading FR_el_i60 from file /nfs/fanae/user/cvico/WorkSpace/ttw-differential/cmssw-aug2024/CMSSW_10_4_0/src/CMGTools/TTHAnalysis/data//fakerate/fr_2016APV_2016_recorrected.root to FR_mva090_el_data_comb_NC_recorrected_be2
Loading FR_el_i60 from file /nfs/fanae/user/cvico/WorkSpace/ttw-differential/cmssw-aug2024/CMSSW_10_4_0/src/CMGTools/TTHAnalysis/data//fakerate/fr_2016APV_2016_recorrected.root to FR_mva090_el_data_comb_NC_recorrected_be2
Loading FR_mu_i60 from file /nfs/fanae/user/cvico/WorkSpace/ttw-differential/cmssw-aug2024/CMSSW_10_4_0/src/CMGTools/TTHAnalysis/data//fakerate/fr_2016APV_2016_recorrected.root to FR_mva085_mu_data_comb_recorrected_be2
Loading FR_mu_i10 from file /nfs/fanae/user/cvico/WorkSpace/ttw-differential/cmssw-aug2024/CMSSW_10_4_0/src/CMGTools/TTHAnalysis/data//fakerate/fr_2016APV_2016_recorrected.root to FR_mva085_mu_data_comb_recorrected_up
Loading FR_mu_i20 from file /nfs/fanae/user/cvico/WorkSpace/ttw-differential/cmssw-aug2024/CMSSW_10_4_0/src/CMGTools/TTHAnalysis/data//fakerate/fr_2016APV_2016_recorrected.root to FR_mva085_mu_data_comb_recorrected_down
Loading FR_el_i10 from file /nfs/fanae/user/cvico/WorkSpace/ttw-differential/cmssw-aug2024/CMSSW_10_4_0/src/CMGTools/TTHAnalysis/data//fakerate/fr_2016APV_2016_recorrected.root to FR_mva090_el_data_comb_NC_recorrected_up
Loading FR_el_i20 from file /nfs/fanae/user/cvico/WorkSpace/ttw-differential/cmssw-aug2024/CMSSW_10_4_0/src/CMGTools/TTHAnalysis/data//fakerate/fr_2016APV_2016_recorrected.root to FR_mva090_el_data_comb_NC_recorrected_down
Loading FR_el_i70 from file /nfs/fanae/user/cvico/WorkSpace/ttw-differential/cmssw-aug2024/CMSSW_10_4_0/src/CMGTools/TTHAnalysis/data//fakerate/fr_2016APV_2016_recorrected.root to FR_mva090_el_data_comb_NC_recorrected
Loading FR_el_i30 from file /nfs/fanae/user/cvico/WorkSpace/ttw-differential/cmssw-aug2024/CMSSW_10_4_0/src/CMGTools/TTHAnalysis/data//fakerate/fr_2016APV_2016_recorrected.root to FR_mva090_el_data_comb_NC_recorrected_pt1
Loading FR_el_i40 from file /nfs/fanae/user/cvico/WorkSpace/ttw-differential/cmssw-aug2024/CMSSW_10_4_0/src/CMGTools/TTHAnalysis/data//fakerate/fr_2016APV_2016_recorrected.root to FR_mva090_el_data_comb_NC_recorrected_pt2
Loading FR_mu_i30 from file /nfs/fanae/user/cvico/WorkSpace/ttw-differential/cmssw-aug2024/CMSSW_10_4_0/src/CMGTools/TTHAnalysis/data//fakerate/fr_2016APV_2016_recorrected.root to FR_mva085_mu_data_comb_recorrected_pt1
Loading FR_mu_i40 from file /nfs/fanae/user/cvico/WorkSpace/ttw-differential/cmssw-aug2024/CMSSW_10_4_0/src/CMGTools/TTHAnalysis/data//fakerate/fr_2016APV_2016_recorrected.root to FR_mva085_mu_data_comb_recorrected_pt2
Loading FR_el_i70 from file /nfs/fanae/user/cvico/WorkSpace/ttw-differential/cmssw-aug2024/CMSSW_10_4_0/src/CMGTools/TTHAnalysis/data//fakerate/fr_2016APV_2016_recorrected.root to FR_mva090_el_data_comb_NC_recorrected
Loading FR_mu_i70 from file /nfs/fanae/user/cvico/WorkSpace/ttw-differential/cmssw-aug2024/CMSSW_10_4_0/src/CMGTools/TTHAnalysis/data//fakerate/fr_2016APV_2016_recorrected.root to FR_mva085_mu_data_comb_recorrected
Loading FR_el_i30 from file /nfs/fanae/user/cvico/WorkSpace/ttw-differential/cmssw-aug2024/CMSSW_10_4_0/src/CMGTools/TTHAnalysis/data//fakerate/fr_2016APV_2016_recorrected.root to FR_mva090_el_data_comb_NC_recorrected_pt1
Loading FR_mu_i50 from file /nfs/fanae/user/cvico/WorkSpace/ttw-differential/cmssw-aug2024/CMSSW_10_4_0/src/CMGTools/TTHAnalysis/data//fakerate/fr_2016APV_2016_recorrected.root to FR_mva085_mu_data_comb_recorrected_be1
Loading FR_mu_i60 from file /nfs/fanae/user/cvico/WorkSpace/ttw-differential/cmssw-aug2024/CMSSW_10_4_0/src/CMGTools/TTHAnalysis/data//fakerate/fr_2016APV_2016_recorrected.root to FR_mva085_mu_data_comb_recorrected_be2
Loading FR_el_i40 from file /nfs/fanae/user/cvico/WorkSpace/ttw-differential/cmssw-aug2024/CMSSW_10_4_0/src/CMGTools/TTHAnalysis/data//fakerate/fr_2016APV_2016_recorrected.root to FR_mva090_el_data_comb_NC_recorrected_pt2
Loading FR_el_i70 from file /nfs/fanae/user/cvico/WorkSpace/ttw-differential/cmssw-aug2024/CMSSW_10_4_0/src/CMGTools/TTHAnalysis/data//fakerate/fr_2016APV_2016_recorrected.root to FR_mva090_el_data_comb_NC_recorrected
Loading FR_el_i70 from file /nfs/fanae/user/cvico/WorkSpace/ttw-differential/cmssw-aug2024/CMSSW_10_4_0/src/CMGTools/TTHAnalysis/data//fakerate/fr_2016APV_2016_recorrected.root to FR_mva090_el_data_comb_NC_recorrected
Loading FR_mu_i70 from file /nfs/fanae/user/cvico/WorkSpace/ttw-differential/cmssw-aug2024/CMSSW_10_4_0/src/CMGTools/TTHAnalysis/data//fakerate/fr_2016APV_2016_recorrected.root to FR_mva085_mu_data_comb_recorrected
Loading FR_el_i50 from file /nfs/fanae/user/cvico/WorkSpace/ttw-differential/cmssw-aug2024/CMSSW_10_4_0/src/CMGTools/TTHAnalysis/data//fakerate/fr_2016APV_2016_recorrected.root to FR_mva090_el_data_comb_NC_recorrected_be1
Loading FR_el_i30 from file /nfs/fanae/user/cvico/WorkSpace/ttw-differential/cmssw-aug2024/CMSSW_10_4_0/src/CMGTools/TTHAnalysis/data//fakerate/fr_2016APV_2016_recorrected.root to FR_mva090_el_data_comb_NC_recorrected_pt1
Loading FR_el_i30 from file /nfs/fanae/user/cvico/WorkSpace/ttw-differential/cmssw-aug2024/CMSSW_10_4_0/src/CMGTools/TTHAnalysis/data//fakerate/fr_2016APV_2016_recorrected.root to FR_mva090_el_data_comb_NC_recorrected_pt1
Loading FR_el_i60 from file /nfs/fanae/user/cvico/WorkSpace/ttw-differential/cmssw-aug2024/CMSSW_10_4_0/src/CMGTools/TTHAnalysis/data//fakerate/fr_2016APV_2016_recorrected.root to FR_mva090_el_data_comb_NC_recorrected_be2
Loading FR_el_i40 from file /nfs/fanae/user/cvico/WorkSpace/ttw-differential/cmssw-aug2024/CMSSW_10_4_0/src/CMGTools/TTHAnalysis/data//fakerate/fr_2016APV_2016_recorrected.root to FR_mva090_el_data_comb_NC_recorrected_pt2
Loading FR_el_i40 from file /nfs/fanae/user/cvico/WorkSpace/ttw-differential/cmssw-aug2024/CMSSW_10_4_0/src/CMGTools/TTHAnalysis/data//fakerate/fr_2016APV_2016_recorrected.root to FR_mva090_el_data_comb_NC_recorrected_pt2
Loading FR_mu_i30 from file /nfs/fanae/user/cvico/WorkSpace/ttw-differential/cmssw-aug2024/CMSSW_10_4_0/src/CMGTools/TTHAnalysis/data//fakerate/fr_2016APV_2016_recorrected.root to FR_mva085_mu_data_comb_recorrected_pt1
Loading FR_mu_i40 from file /nfs/fanae/user/cvico/WorkSpace/ttw-differential/cmssw-aug2024/CMSSW_10_4_0/src/CMGTools/TTHAnalysis/data//fakerate/fr_2016APV_2016_recorrected.root to FR_mva085_mu_data_comb_recorrected_pt2
Loading FR_mu_i70 from file /nfs/fanae/user/cvico/WorkSpace/ttw-differential/cmssw-aug2024/CMSSW_10_4_0/src/CMGTools/TTHAnalysis/data//fakerate/fr_2016APV_2016_recorrected.root to FR_mva085_mu_data_comb_recorrected
Loading FR_mu_i30 from file /nfs/fanae/user/cvico/WorkSpace/ttw-differential/cmssw-aug2024/CMSSW_10_4_0/src/CMGTools/TTHAnalysis/data//fakerate/fr_2016APV_2016_recorrected.root to FR_mva085_mu_data_comb_recorrected_pt1
Loading FR_mu_i70 from file /nfs/fanae/user/cvico/WorkSpace/ttw-differential/cmssw-aug2024/CMSSW_10_4_0/src/CMGTools/TTHAnalysis/data//fakerate/fr_2016APV_2016_recorrected.root to FR_mva085_mu_data_comb_recorrected
Loading FR_mu_i40 from file /nfs/fanae/user/cvico/WorkSpace/ttw-differential/cmssw-aug2024/CMSSW_10_4_0/src/CMGTools/TTHAnalysis/data//fakerate/fr_2016APV_2016_recorrected.root to FR_mva085_mu_data_comb_recorrected_pt2
Loading FR_mu_i30 from file /nfs/fanae/user/cvico/WorkSpace/ttw-differential/cmssw-aug2024/CMSSW_10_4_0/src/CMGTools/TTHAnalysis/data//fakerate/fr_2016APV_2016_recorrected.root to FR_mva085_mu_data_comb_recorrected_pt1
Loading FR_mu_i40 from file /nfs/fanae/user/cvico/WorkSpace/ttw-differential/cmssw-aug2024/CMSSW_10_4_0/src/CMGTools/TTHAnalysis/data//fakerate/fr_2016APV_2016_recorrected.root to FR_mva085_mu_data_comb_recorrected_pt2
Loading FR_el_i50 from file /nfs/fanae/user/cvico/WorkSpace/ttw-differential/cmssw-aug2024/CMSSW_10_4_0/src/CMGTools/TTHAnalysis/data//fakerate/fr_2016APV_2016_recorrected.root to FR_mva090_el_data_comb_NC_recorrected_be1
Loading FR_el_i60 from file /nfs/fanae/user/cvico/WorkSpace/ttw-differential/cmssw-aug2024/CMSSW_10_4_0/src/CMGTools/TTHAnalysis/data//fakerate/fr_2016APV_2016_recorrected.root to FR_mva090_el_data_comb_NC_recorrected_be2
Loading FR_el_i50 from file /nfs/fanae/user/cvico/WorkSpace/ttw-differential/cmssw-aug2024/CMSSW_10_4_0/src/CMGTools/TTHAnalysis/data//fakerate/fr_2016APV_2016_recorrected.root to FR_mva090_el_data_comb_NC_recorrected_be1
Loading FR_el_i60 from file /nfs/fanae/user/cvico/WorkSpace/ttw-differential/cmssw-aug2024/CMSSW_10_4_0/src/CMGTools/TTHAnalysis/data//fakerate/fr_2016APV_2016_recorrected.root to FR_mva090_el_data_comb_NC_recorrected_be2
Loading FR_el_i50 from file /nfs/fanae/user/cvico/WorkSpace/ttw-differential/cmssw-aug2024/CMSSW_10_4_0/src/CMGTools/TTHAnalysis/data//fakerate/fr_2016APV_2016_recorrected.root to FR_mva090_el_data_comb_NC_recorrected_be1
Loading FR_mu_i10 from file /nfs/fanae/user/cvico/WorkSpace/ttw-differential/cmssw-aug2024/CMSSW_10_4_0/src/CMGTools/TTHAnalysis/data//fakerate/fr_2016APV_2016_recorrected.root to FR_mva085_mu_data_comb_recorrected_up
Loading FR_el_i60 from file /nfs/fanae/user/cvico/WorkSpace/ttw-differential/cmssw-aug2024/CMSSW_10_4_0/src/CMGTools/TTHAnalysis/data//fakerate/fr_2016APV_2016_recorrected.root to FR_mva090_el_data_comb_NC_recorrected_be2
Loading FR_mu_i20 from file /nfs/fanae/user/cvico/WorkSpace/ttw-differential/cmssw-aug2024/CMSSW_10_4_0/src/CMGTools/TTHAnalysis/data//fakerate/fr_2016APV_2016_recorrected.root to FR_mva085_mu_data_comb_recorrected_down
Loading FR_el_i10 from file /nfs/fanae/user/cvico/WorkSpace/ttw-differential/cmssw-aug2024/CMSSW_10_4_0/src/CMGTools/TTHAnalysis/data//fakerate/fr_2016APV_2016_recorrected.root to FR_mva090_el_data_comb_NC_recorrected_up
Loading FR_el_i20 from file /nfs/fanae/user/cvico/WorkSpace/ttw-differential/cmssw-aug2024/CMSSW_10_4_0/src/CMGTools/TTHAnalysis/data//fakerate/fr_2016APV_2016_recorrected.root to FR_mva090_el_data_comb_NC_recorrected_down
Loading FR_mu_i10 from file /nfs/fanae/user/cvico/WorkSpace/ttw-differential/cmssw-aug2024/CMSSW_10_4_0/src/CMGTools/TTHAnalysis/data//fakerate/fr_2016APV_2016_recorrected.root to FR_mva085_mu_data_comb_recorrected_up
Loading FR_mu_i20 from file /nfs/fanae/user/cvico/WorkSpace/ttw-differential/cmssw-aug2024/CMSSW_10_4_0/src/CMGTools/TTHAnalysis/data//fakerate/fr_2016APV_2016_recorrected.root to FR_mva085_mu_data_comb_recorrected_down
Loading FR_el_i70 from file /nfs/fanae/user/cvico/WorkSpace/ttw-differential/cmssw-aug2024/CMSSW_10_4_0/src/CMGTools/TTHAnalysis/data//fakerate/fr_2016APV_2016_recorrected.root to FR_mva090_el_data_comb_NC_recorrected
Loading FR_el_i10 from file /nfs/fanae/user/cvico/WorkSpace/ttw-differential/cmssw-aug2024/CMSSW_10_4_0/src/CMGTools/TTHAnalysis/data//fakerate/fr_2016APV_2016_recorrected.root to FR_mva090_el_data_comb_NC_recorrected_up
Loading FR_el_i30 from file /nfs/fanae/user/cvico/WorkSpace/ttw-differential/cmssw-aug2024/CMSSW_10_4_0/src/CMGTools/TTHAnalysis/data//fakerate/fr_2016APV_2016_recorrected.root to FR_mva090_el_data_comb_NC_recorrected_pt1
Loading FR_el_i20 from file /nfs/fanae/user/cvico/WorkSpace/ttw-differential/cmssw-aug2024/CMSSW_10_4_0/src/CMGTools/TTHAnalysis/data//fakerate/fr_2016APV_2016_recorrected.root to FR_mva090_el_data_comb_NC_recorrected_down
Loading FR_mu_i10 from file /nfs/fanae/user/cvico/WorkSpace/ttw-differential/cmssw-aug2024/CMSSW_10_4_0/src/CMGTools/TTHAnalysis/data//fakerate/fr_2016APV_2016_recorrected.root to FR_mva085_mu_data_comb_recorrected_up
Loading FR_el_i40 from file /nfs/fanae/user/cvico/WorkSpace/ttw-differential/cmssw-aug2024/CMSSW_10_4_0/src/CMGTools/TTHAnalysis/data//fakerate/fr_2016APV_2016_recorrected.root to FR_mva090_el_data_comb_NC_recorrected_pt2
Loading FR_mu_i10 from file /nfs/fanae/user/cvico/WorkSpace/ttw-differential/cmssw-aug2024/CMSSW_10_4_0/src/CMGTools/TTHAnalysis/data//fakerate/fr_2016APV_2016_recorrected.root to FR_mva085_mu_data_comb_recorrected_up
Loading FR_mu_i20 from file /nfs/fanae/user/cvico/WorkSpace/ttw-differential/cmssw-aug2024/CMSSW_10_4_0/src/CMGTools/TTHAnalysis/data//fakerate/fr_2016APV_2016_recorrected.root to FR_mva085_mu_data_comb_recorrected_down
Loading FR_mu_i20 from file /nfs/fanae/user/cvico/WorkSpace/ttw-differential/cmssw-aug2024/CMSSW_10_4_0/src/CMGTools/TTHAnalysis/data//fakerate/fr_2016APV_2016_recorrected.root to FR_mva085_mu_data_comb_recorrected_down
Loading FR_el_i10 from file /nfs/fanae/user/cvico/WorkSpace/ttw-differential/cmssw-aug2024/CMSSW_10_4_0/src/CMGTools/TTHAnalysis/data//fakerate/fr_2016APV_2016_recorrected.root to FR_mva090_el_data_comb_NC_recorrected_up
Loading FR_mu_i70 from file /nfs/fanae/user/cvico/WorkSpace/ttw-differential/cmssw-aug2024/CMSSW_10_4_0/src/CMGTools/TTHAnalysis/data//fakerate/fr_2016APV_2016_recorrected.root to FR_mva085_mu_data_comb_recorrected
Loading FR_el_i10 from file /nfs/fanae/user/cvico/WorkSpace/ttw-differential/cmssw-aug2024/CMSSW_10_4_0/src/CMGTools/TTHAnalysis/data//fakerate/fr_2016APV_2016_recorrected.root to FR_mva090_el_data_comb_NC_recorrected_up
Loading FR_el_i20 from file /nfs/fanae/user/cvico/WorkSpace/ttw-differential/cmssw-aug2024/CMSSW_10_4_0/src/CMGTools/TTHAnalysis/data//fakerate/fr_2016APV_2016_recorrected.root to FR_mva090_el_data_comb_NC_recorrected_down
Loading FR_el_i20 from file /nfs/fanae/user/cvico/WorkSpace/ttw-differential/cmssw-aug2024/CMSSW_10_4_0/src/CMGTools/TTHAnalysis/data//fakerate/fr_2016APV_2016_recorrected.root to FR_mva090_el_data_comb_NC_recorrected_down
Loading FR_el_i70 from file /nfs/fanae/user/cvico/WorkSpace/ttw-differential/cmssw-aug2024/CMSSW_10_4_0/src/CMGTools/TTHAnalysis/data//fakerate/fr_2016APV_2016_recorrected.root to FR_mva090_el_data_comb_NC_recorrected
Loading FR_el_i30 from file /nfs/fanae/user/cvico/WorkSpace/ttw-differential/cmssw-aug2024/CMSSW_10_4_0/src/CMGTools/TTHAnalysis/data//fakerate/fr_2016APV_2016_recorrected.root to FR_mva090_el_data_comb_NC_recorrected_pt1
Loading FR_el_i40 from file /nfs/fanae/user/cvico/WorkSpace/ttw-differential/cmssw-aug2024/CMSSW_10_4_0/src/CMGTools/TTHAnalysis/data//fakerate/fr_2016APV_2016_recorrected.root to FR_mva090_el_data_comb_NC_recorrected_pt2
Loading FR_mu_i30 from file /nfs/fanae/user/cvico/WorkSpace/ttw-differential/cmssw-aug2024/CMSSW_10_4_0/src/CMGTools/TTHAnalysis/data//fakerate/fr_2016APV_2016_recorrected.root to FR_mva085_mu_data_comb_recorrected_pt1
Loading FR_el_i70 from file /nfs/fanae/user/cvico/WorkSpace/ttw-differential/cmssw-aug2024/CMSSW_10_4_0/src/CMGTools/TTHAnalysis/data//fakerate/fr_2016APV_2016_recorrected.root to FR_mva090_el_data_comb_NC_recorrected
Loading FR_el_i70 from file /nfs/fanae/user/cvico/WorkSpace/ttw-differential/cmssw-aug2024/CMSSW_10_4_0/src/CMGTools/TTHAnalysis/data//fakerate/fr_2016APV_2016_recorrected.root to FR_mva090_el_data_comb_NC_recorrected
Loading FR_mu_i40 from file /nfs/fanae/user/cvico/WorkSpace/ttw-differential/cmssw-aug2024/CMSSW_10_4_0/src/CMGTools/TTHAnalysis/data//fakerate/fr_2016APV_2016_recorrected.root to FR_mva085_mu_data_comb_recorrected_pt2
Loading FR_mu_i30 from file /nfs/fanae/user/cvico/WorkSpace/ttw-differential/cmssw-aug2024/CMSSW_10_4_0/src/CMGTools/TTHAnalysis/data//fakerate/fr_2016APV_2016_recorrected.root to FR_mva085_mu_data_comb_recorrected_pt1
Loading FR_el_i30 from file /nfs/fanae/user/cvico/WorkSpace/ttw-differential/cmssw-aug2024/CMSSW_10_4_0/src/CMGTools/TTHAnalysis/data//fakerate/fr_2016APV_2016_recorrected.root to FR_mva090_el_data_comb_NC_recorrected_pt1
Loading FR_mu_i40 from file /nfs/fanae/user/cvico/WorkSpace/ttw-differential/cmssw-aug2024/CMSSW_10_4_0/src/CMGTools/TTHAnalysis/data//fakerate/fr_2016APV_2016_recorrected.root to FR_mva085_mu_data_comb_recorrected_pt2
Loading FR_mu_i70 from file /nfs/fanae/user/cvico/WorkSpace/ttw-differential/cmssw-aug2024/CMSSW_10_4_0/src/CMGTools/TTHAnalysis/data//fakerate/fr_2016APV_2016_recorrected.root to FR_mva085_mu_data_comb_recorrected
Loading FR_el_i30 from file /nfs/fanae/user/cvico/WorkSpace/ttw-differential/cmssw-aug2024/CMSSW_10_4_0/src/CMGTools/TTHAnalysis/data//fakerate/fr_2016APV_2016_recorrected.root to FR_mva090_el_data_comb_NC_recorrected_pt1
Loading FR_el_i40 from file /nfs/fanae/user/cvico/WorkSpace/ttw-differential/cmssw-aug2024/CMSSW_10_4_0/src/CMGTools/TTHAnalysis/data//fakerate/fr_2016APV_2016_recorrected.root to FR_mva090_el_data_comb_NC_recorrected_pt2
Loading FR_el_i40 from file /nfs/fanae/user/cvico/WorkSpace/ttw-differential/cmssw-aug2024/CMSSW_10_4_0/src/CMGTools/TTHAnalysis/data//fakerate/fr_2016APV_2016_recorrected.root to FR_mva090_el_data_comb_NC_recorrected_pt2
Loading FR_mu_i50 from file /nfs/fanae/user/cvico/WorkSpace/ttw-differential/cmssw-aug2024/CMSSW_10_4_0/src/CMGTools/TTHAnalysis/data//fakerate/fr_2016APV_2016_recorrected.root to FR_mva085_mu_data_comb_recorrected_be1
Loading FR_mu_i60 from file /nfs/fanae/user/cvico/WorkSpace/ttw-differential/cmssw-aug2024/CMSSW_10_4_0/src/CMGTools/TTHAnalysis/data//fakerate/fr_2016APV_2016_recorrected.root to FR_mva085_mu_data_comb_recorrected_be2
Loading FR_mu_i70 from file /nfs/fanae/user/cvico/WorkSpace/ttw-differential/cmssw-aug2024/CMSSW_10_4_0/src/CMGTools/TTHAnalysis/data//fakerate/fr_2016APV_2016_recorrected.root to FR_mva085_mu_data_comb_recorrected
Loading FR_mu_i70 from file /nfs/fanae/user/cvico/WorkSpace/ttw-differential/cmssw-aug2024/CMSSW_10_4_0/src/CMGTools/TTHAnalysis/data//fakerate/fr_2016APV_2016_recorrected.root to FR_mva085_mu_data_comb_recorrected
Loading FR_el_i50 from file /nfs/fanae/user/cvico/WorkSpace/ttw-differential/cmssw-aug2024/CMSSW_10_4_0/src/CMGTools/TTHAnalysis/data//fakerate/fr_2016APV_2016_recorrected.root to FR_mva090_el_data_comb_NC_recorrected_be1
Loading FR_el_i60 from file /nfs/fanae/user/cvico/WorkSpace/ttw-differential/cmssw-aug2024/CMSSW_10_4_0/src/CMGTools/TTHAnalysis/data//fakerate/fr_2016APV_2016_recorrected.root to FR_mva090_el_data_comb_NC_recorrected_be2
Loading FR_el_i50 from file /nfs/fanae/user/cvico/WorkSpace/ttw-differential/cmssw-aug2024/CMSSW_10_4_0/src/CMGTools/TTHAnalysis/data//fakerate/fr_2016APV_2016_recorrected.root to FR_mva090_el_data_comb_NC_recorrected_be1
Loading FR_el_i60 from file /nfs/fanae/user/cvico/WorkSpace/ttw-differential/cmssw-aug2024/CMSSW_10_4_0/src/CMGTools/TTHAnalysis/data//fakerate/fr_2016APV_2016_recorrected.root to FR_mva090_el_data_comb_NC_recorrected_be2
Loading FR_mu_i50 from file /nfs/fanae/user/cvico/WorkSpace/ttw-differential/cmssw-aug2024/CMSSW_10_4_0/src/CMGTools/TTHAnalysis/data//fakerate/fr_2016APV_2016_recorrected.root to FR_mva085_mu_data_comb_recorrected_be1
Loading FR_mu_i60 from file /nfs/fanae/user/cvico/WorkSpace/ttw-differential/cmssw-aug2024/CMSSW_10_4_0/src/CMGTools/TTHAnalysis/data//fakerate/fr_2016APV_2016_recorrected.root to FR_mva085_mu_data_comb_recorrected_be2
Loading FR_mu_i50 from file /nfs/fanae/user/cvico/WorkSpace/ttw-differential/cmssw-aug2024/CMSSW_10_4_0/src/CMGTools/TTHAnalysis/data//fakerate/fr_2016APV_2016_recorrected.root to FR_mva085_mu_data_comb_recorrected_be1
Loading FR_mu_i50 from file /nfs/fanae/user/cvico/WorkSpace/ttw-differential/cmssw-aug2024/CMSSW_10_4_0/src/CMGTools/TTHAnalysis/data//fakerate/fr_2016APV_2016_recorrected.root to FR_mva085_mu_data_comb_recorrected_be1
Loading FR_mu_i60 from file /nfs/fanae/user/cvico/WorkSpace/ttw-differential/cmssw-aug2024/CMSSW_10_4_0/src/CMGTools/TTHAnalysis/data//fakerate/fr_2016APV_2016_recorrected.root to FR_mva085_mu_data_comb_recorrected_be2
Loading FR_mu_i60 from file /nfs/fanae/user/cvico/WorkSpace/ttw-differential/cmssw-aug2024/CMSSW_10_4_0/src/CMGTools/TTHAnalysis/data//fakerate/fr_2016APV_2016_recorrected.root to FR_mva085_mu_data_comb_recorrected_be2
Loading FR_mu_i10 from file /nfs/fanae/user/cvico/WorkSpace/ttw-differential/cmssw-aug2024/CMSSW_10_4_0/src/CMGTools/TTHAnalysis/data//fakerate/fr_2016APV_2016_recorrected.root to FR_mva085_mu_data_comb_recorrected_up
Loading FR_mu_i20 from file /nfs/fanae/user/cvico/WorkSpace/ttw-differential/cmssw-aug2024/CMSSW_10_4_0/src/CMGTools/TTHAnalysis/data//fakerate/fr_2016APV_2016_recorrected.root to FR_mva085_mu_data_comb_recorrected_down
Loading FR_mu_i30 from file /nfs/fanae/user/cvico/WorkSpace/ttw-differential/cmssw-aug2024/CMSSW_10_4_0/src/CMGTools/TTHAnalysis/data//fakerate/fr_2016APV_2016_recorrected.root to FR_mva085_mu_data_comb_recorrected_pt1
Loading FR_el_i10 from file /nfs/fanae/user/cvico/WorkSpace/ttw-differential/cmssw-aug2024/CMSSW_10_4_0/src/CMGTools/TTHAnalysis/data//fakerate/fr_2016APV_2016_recorrected.root to FR_mva090_el_data_comb_NC_recorrected_up
Loading FR_mu_i40 from file /nfs/fanae/user/cvico/WorkSpace/ttw-differential/cmssw-aug2024/CMSSW_10_4_0/src/CMGTools/TTHAnalysis/data//fakerate/fr_2016APV_2016_recorrected.root to FR_mva085_mu_data_comb_recorrected_pt2
Loading FR_el_i20 from file /nfs/fanae/user/cvico/WorkSpace/ttw-differential/cmssw-aug2024/CMSSW_10_4_0/src/CMGTools/TTHAnalysis/data//fakerate/fr_2016APV_2016_recorrected.root to FR_mva090_el_data_comb_NC_recorrected_down
Loading FR_mu_i10 from file /nfs/fanae/user/cvico/WorkSpace/ttw-differential/cmssw-aug2024/CMSSW_10_4_0/src/CMGTools/TTHAnalysis/data//fakerate/fr_2016APV_2016_recorrected.root to FR_mva085_mu_data_comb_recorrected_up
Loading FR_mu_i20 from file /nfs/fanae/user/cvico/WorkSpace/ttw-differential/cmssw-aug2024/CMSSW_10_4_0/src/CMGTools/TTHAnalysis/data//fakerate/fr_2016APV_2016_recorrected.root to FR_mva085_mu_data_comb_recorrected_down
Loading FR_mu_i10 from file /nfs/fanae/user/cvico/WorkSpace/ttw-differential/cmssw-aug2024/CMSSW_10_4_0/src/CMGTools/TTHAnalysis/data//fakerate/fr_2016APV_2016_recorrected.root to FR_mva085_mu_data_comb_recorrected_up
Loading FR_el_i10 from file /nfs/fanae/user/cvico/WorkSpace/ttw-differential/cmssw-aug2024/CMSSW_10_4_0/src/CMGTools/TTHAnalysis/data//fakerate/fr_2016APV_2016_recorrected.root to FR_mva090_el_data_comb_NC_recorrected_up
Loading FR_mu_i20 from file /nfs/fanae/user/cvico/WorkSpace/ttw-differential/cmssw-aug2024/CMSSW_10_4_0/src/CMGTools/TTHAnalysis/data//fakerate/fr_2016APV_2016_recorrected.root to FR_mva085_mu_data_comb_recorrected_down
Loading FR_mu_i10 from file /nfs/fanae/user/cvico/WorkSpace/ttw-differential/cmssw-aug2024/CMSSW_10_4_0/src/CMGTools/TTHAnalysis/data//fakerate/fr_2016APV_2016_recorrected.root to FR_mva085_mu_data_comb_recorrected_up
Loading FR_el_i70 from file /nfs/fanae/user/cvico/WorkSpace/ttw-differential/cmssw-aug2024/CMSSW_10_4_0/src/CMGTools/TTHAnalysis/data//fakerate/fr_2016APV_2016_recorrected.root to FR_mva090_el_data_comb_NC_recorrected
Loading FR_el_i50 from file /nfs/fanae/user/cvico/WorkSpace/ttw-differential/cmssw-aug2024/CMSSW_10_4_0/src/CMGTools/TTHAnalysis/data//fakerate/fr_2016APV_2016_recorrected.root to FR_mva090_el_data_comb_NC_recorrected_be1
Loading FR_el_i20 from file /nfs/fanae/user/cvico/WorkSpace/ttw-differential/cmssw-aug2024/CMSSW_10_4_0/src/CMGTools/TTHAnalysis/data//fakerate/fr_2016APV_2016_recorrected.root to FR_mva090_el_data_comb_NC_recorrected_down
Loading FR_mu_i20 from file /nfs/fanae/user/cvico/WorkSpace/ttw-differential/cmssw-aug2024/CMSSW_10_4_0/src/CMGTools/TTHAnalysis/data//fakerate/fr_2016APV_2016_recorrected.root to FR_mva085_mu_data_comb_recorrected_down
Loading FR_el_i30 from file /nfs/fanae/user/cvico/WorkSpace/ttw-differential/cmssw-aug2024/CMSSW_10_4_0/src/CMGTools/TTHAnalysis/data//fakerate/fr_2016APV_2016_recorrected.root to FR_mva090_el_data_comb_NC_recorrected_pt1
Loading FR_el_i60 from file /nfs/fanae/user/cvico/WorkSpace/ttw-differential/cmssw-aug2024/CMSSW_10_4_0/src/CMGTools/TTHAnalysis/data//fakerate/fr_2016APV_2016_recorrected.root to FR_mva090_el_data_comb_NC_recorrected_be2
Loading FR_el_i10 from file /nfs/fanae/user/cvico/WorkSpace/ttw-differential/cmssw-aug2024/CMSSW_10_4_0/src/CMGTools/TTHAnalysis/data//fakerate/fr_2016APV_2016_recorrected.root to FR_mva090_el_data_comb_NC_recorrected_up
Loading FR_el_i70 from file /nfs/fanae/user/cvico/WorkSpace/ttw-differential/cmssw-aug2024/CMSSW_10_4_0/src/CMGTools/TTHAnalysis/data//fakerate/fr_2016APV_2016_recorrected.root to FR_mva090_el_data_comb_NC_recorrected
Loading FR_el_i20 from file /nfs/fanae/user/cvico/WorkSpace/ttw-differential/cmssw-aug2024/CMSSW_10_4_0/src/CMGTools/TTHAnalysis/data//fakerate/fr_2016APV_2016_recorrected.root to FR_mva090_el_data_comb_NC_recorrected_down
Loading FR_el_i40 from file /nfs/fanae/user/cvico/WorkSpace/ttw-differential/cmssw-aug2024/CMSSW_10_4_0/src/CMGTools/TTHAnalysis/data//fakerate/fr_2016APV_2016_recorrected.root to FR_mva090_el_data_comb_NC_recorrected_pt2
Loading FR_el_i10 from file /nfs/fanae/user/cvico/WorkSpace/ttw-differential/cmssw-aug2024/CMSSW_10_4_0/src/CMGTools/TTHAnalysis/data//fakerate/fr_2016APV_2016_recorrected.root to FR_mva090_el_data_comb_NC_recorrected_up
Loading FR_el_i30 from file /nfs/fanae/user/cvico/WorkSpace/ttw-differential/cmssw-aug2024/CMSSW_10_4_0/src/CMGTools/TTHAnalysis/data//fakerate/fr_2016APV_2016_recorrected.root to FR_mva090_el_data_comb_NC_recorrected_pt1
Loading FR_el_i20 from file /nfs/fanae/user/cvico/WorkSpace/ttw-differential/cmssw-aug2024/CMSSW_10_4_0/src/CMGTools/TTHAnalysis/data//fakerate/fr_2016APV_2016_recorrected.root to FR_mva090_el_data_comb_NC_recorrected_down
Loading FR_el_i40 from file /nfs/fanae/user/cvico/WorkSpace/ttw-differential/cmssw-aug2024/CMSSW_10_4_0/src/CMGTools/TTHAnalysis/data//fakerate/fr_2016APV_2016_recorrected.root to FR_mva090_el_data_comb_NC_recorrected_pt2
Loading FR_mu_i70 from file /nfs/fanae/user/cvico/WorkSpace/ttw-differential/cmssw-aug2024/CMSSW_10_4_0/src/CMGTools/TTHAnalysis/data//fakerate/fr_2016APV_2016_recorrected.root to FR_mva085_mu_data_comb_recorrected
Loading FR_mu_i70 from file /nfs/fanae/user/cvico/WorkSpace/ttw-differential/cmssw-aug2024/CMSSW_10_4_0/src/CMGTools/TTHAnalysis/data//fakerate/fr_2016APV_2016_recorrected.root to FR_mva085_mu_data_comb_recorrected
Loading FR_mu_i50 from file /nfs/fanae/user/cvico/WorkSpace/ttw-differential/cmssw-aug2024/CMSSW_10_4_0/src/CMGTools/TTHAnalysis/data//fakerate/fr_2016APV_2016_recorrected.root to FR_mva085_mu_data_comb_recorrected_be1
Loading FR_mu_i60 from file /nfs/fanae/user/cvico/WorkSpace/ttw-differential/cmssw-aug2024/CMSSW_10_4_0/src/CMGTools/TTHAnalysis/data//fakerate/fr_2016APV_2016_recorrected.root to FR_mva085_mu_data_comb_recorrected_be2
Loading FR_mu_i50 from file /nfs/fanae/user/cvico/WorkSpace/ttw-differential/cmssw-aug2024/CMSSW_10_4_0/src/CMGTools/TTHAnalysis/data//fakerate/fr_2016APV_2016_recorrected.root to FR_mva085_mu_data_comb_recorrected_be1
Loading FR_mu_i50 from file /nfs/fanae/user/cvico/WorkSpace/ttw-differential/cmssw-aug2024/CMSSW_10_4_0/src/CMGTools/TTHAnalysis/data//fakerate/fr_2016APV_2016_recorrected.root to FR_mva085_mu_data_comb_recorrected_be1
Loading FR_mu_i60 from file /nfs/fanae/user/cvico/WorkSpace/ttw-differential/cmssw-aug2024/CMSSW_10_4_0/src/CMGTools/TTHAnalysis/data//fakerate/fr_2016APV_2016_recorrected.root to FR_mva085_mu_data_comb_recorrected_be2
Loading FR_mu_i60 from file /nfs/fanae/user/cvico/WorkSpace/ttw-differential/cmssw-aug2024/CMSSW_10_4_0/src/CMGTools/TTHAnalysis/data//fakerate/fr_2016APV_2016_recorrected.root to FR_mva085_mu_data_comb_recorrected_be2
Loading FR_mu_i50 from file /nfs/fanae/user/cvico/WorkSpace/ttw-differential/cmssw-aug2024/CMSSW_10_4_0/src/CMGTools/TTHAnalysis/data//fakerate/fr_2016APV_2016_recorrected.root to FR_mva085_mu_data_comb_recorrected_be1
Loading FR_mu_i60 from file /nfs/fanae/user/cvico/WorkSpace/ttw-differential/cmssw-aug2024/CMSSW_10_4_0/src/CMGTools/TTHAnalysis/data//fakerate/fr_2016APV_2016_recorrected.root to FR_mva085_mu_data_comb_recorrected_be2
Loading FR_el_i70 from file /nfs/fanae/user/cvico/WorkSpace/ttw-differential/cmssw-aug2024/CMSSW_10_4_0/src/CMGTools/TTHAnalysis/data//fakerate/fr_2016APV_2016_recorrected.root to FR_mva090_el_data_comb_NC_recorrected
Loading FR_el_i30 from file /nfs/fanae/user/cvico/WorkSpace/ttw-differential/cmssw-aug2024/CMSSW_10_4_0/src/CMGTools/TTHAnalysis/data//fakerate/fr_2016APV_2016_recorrected.root to FR_mva090_el_data_comb_NC_recorrected_pt1
Loading FR_mu_i10 from file /nfs/fanae/user/cvico/WorkSpace/ttw-differential/cmssw-aug2024/CMSSW_10_4_0/src/CMGTools/TTHAnalysis/data//fakerate/fr_2016APV_2016_recorrected.root to FR_mva085_mu_data_comb_recorrected_up
Loading FR_el_i40 from file /nfs/fanae/user/cvico/WorkSpace/ttw-differential/cmssw-aug2024/CMSSW_10_4_0/src/CMGTools/TTHAnalysis/data//fakerate/fr_2016APV_2016_recorrected.root to FR_mva090_el_data_comb_NC_recorrected_pt2
Loading FR_mu_i20 from file /nfs/fanae/user/cvico/WorkSpace/ttw-differential/cmssw-aug2024/CMSSW_10_4_0/src/CMGTools/TTHAnalysis/data//fakerate/fr_2016APV_2016_recorrected.root to FR_mva085_mu_data_comb_recorrected_down
Loading FR_mu_i10 from file /nfs/fanae/user/cvico/WorkSpace/ttw-differential/cmssw-aug2024/CMSSW_10_4_0/src/CMGTools/TTHAnalysis/data//fakerate/fr_2016APV_2016_recorrected.root to FR_mva085_mu_data_comb_recorrected_up
Loading FR_mu_i20 from file /nfs/fanae/user/cvico/WorkSpace/ttw-differential/cmssw-aug2024/CMSSW_10_4_0/src/CMGTools/TTHAnalysis/data//fakerate/fr_2016APV_2016_recorrected.root to FR_mva085_mu_data_comb_recorrected_down
Loading FR_el_i10 from file /nfs/fanae/user/cvico/WorkSpace/ttw-differential/cmssw-aug2024/CMSSW_10_4_0/src/CMGTools/TTHAnalysis/data//fakerate/fr_2016APV_2016_recorrected.root to FR_mva090_el_data_comb_NC_recorrected_up
Loading FR_mu_i70 from file /nfs/fanae/user/cvico/WorkSpace/ttw-differential/cmssw-aug2024/CMSSW_10_4_0/src/CMGTools/TTHAnalysis/data//fakerate/fr_2016APV_2016_recorrected.root to FR_mva085_mu_data_comb_recorrected
Loading FR_el_i20 from file /nfs/fanae/user/cvico/WorkSpace/ttw-differential/cmssw-aug2024/CMSSW_10_4_0/src/CMGTools/TTHAnalysis/data//fakerate/fr_2016APV_2016_recorrected.root to FR_mva090_el_data_comb_NC_recorrected_down
Loading FR_el_i10 from file /nfs/fanae/user/cvico/WorkSpace/ttw-differential/cmssw-aug2024/CMSSW_10_4_0/src/CMGTools/TTHAnalysis/data//fakerate/fr_2016APV_2016_recorrected.root to FR_mva090_el_data_comb_NC_recorrected_up
Loading FR_el_i20 from file /nfs/fanae/user/cvico/WorkSpace/ttw-differential/cmssw-aug2024/CMSSW_10_4_0/src/CMGTools/TTHAnalysis/data//fakerate/fr_2016APV_2016_recorrected.root to FR_mva090_el_data_comb_NC_recorrected_down
Loading FR_mu_i50 from file /nfs/fanae/user/cvico/WorkSpace/ttw-differential/cmssw-aug2024/CMSSW_10_4_0/src/CMGTools/TTHAnalysis/data//fakerate/fr_2016APV_2016_recorrected.root to FR_mva085_mu_data_comb_recorrected_be1
Loading FR_mu_i60 from file /nfs/fanae/user/cvico/WorkSpace/ttw-differential/cmssw-aug2024/CMSSW_10_4_0/src/CMGTools/TTHAnalysis/data//fakerate/fr_2016APV_2016_recorrected.root to FR_mva085_mu_data_comb_recorrected_be2
Loading FR_mu_i10 from file /nfs/fanae/user/cvico/WorkSpace/ttw-differential/cmssw-aug2024/CMSSW_10_4_0/src/CMGTools/TTHAnalysis/data//fakerate/fr_2016APV_2016_recorrected.root to FR_mva085_mu_data_comb_recorrected_up
Loading FR_mu_i50 from file /nfs/fanae/user/cvico/WorkSpace/ttw-differential/cmssw-aug2024/CMSSW_10_4_0/src/CMGTools/TTHAnalysis/data//fakerate/fr_2016APV_2016_recorrected.root to FR_mva085_mu_data_comb_recorrected_be1
Loading FR_mu_i20 from file /nfs/fanae/user/cvico/WorkSpace/ttw-differential/cmssw-aug2024/CMSSW_10_4_0/src/CMGTools/TTHAnalysis/data//fakerate/fr_2016APV_2016_recorrected.root to FR_mva085_mu_data_comb_recorrected_down
Loading FR_mu_i60 from file /nfs/fanae/user/cvico/WorkSpace/ttw-differential/cmssw-aug2024/CMSSW_10_4_0/src/CMGTools/TTHAnalysis/data//fakerate/fr_2016APV_2016_recorrected.root to FR_mva085_mu_data_comb_recorrected_be2
Loading FR_el_i10 from file /nfs/fanae/user/cvico/WorkSpace/ttw-differential/cmssw-aug2024/CMSSW_10_4_0/src/CMGTools/TTHAnalysis/data//fakerate/fr_2016APV_2016_recorrected.root to FR_mva090_el_data_comb_NC_recorrected_up
Loading FR_el_i20 from file /nfs/fanae/user/cvico/WorkSpace/ttw-differential/cmssw-aug2024/CMSSW_10_4_0/src/CMGTools/TTHAnalysis/data//fakerate/fr_2016APV_2016_recorrected.root to FR_mva090_el_data_comb_NC_recorrected_down
Loading FR_mu_i50 from file /nfs/fanae/user/cvico/WorkSpace/ttw-differential/cmssw-aug2024/CMSSW_10_4_0/src/CMGTools/TTHAnalysis/data//fakerate/fr_2016APV_2016_recorrected.root to FR_mva085_mu_data_comb_recorrected_be1
Loading FR_mu_i60 from file /nfs/fanae/user/cvico/WorkSpace/ttw-differential/cmssw-aug2024/CMSSW_10_4_0/src/CMGTools/TTHAnalysis/data//fakerate/fr_2016APV_2016_recorrected.root to FR_mva085_mu_data_comb_recorrected_be2
Warning: big shift in template for ttW_cr_3l_2016APV_eee_cr ttH CMS_ttWl_thu_shape_ttH_muR 0 in bin 12: variation = 51.419
Wrote to cards/cards/cards/22Aug/unblinded/cr3l/ttW_cr_3l_2016APV_eee_cr.txt and cards/cards/cards/22Aug/unblinded/cr3l/ttW_cr_3l_2016APV_eee_cr.root 
Warning: big shift in template for ttW_cr_3l_2016APV_eem_cr data_fakes CMS_ttWl_FRe_be 0 in bin 12: variation = 0.000320171
Warning: big shift in template for ttW_cr_3l_2016APV_eem_cr data_fakes CMS_ttWl_FRe_be 1 in bin 12: variation = 3123.33
Warning: big shift in template for ttW_cr_3l_2016APV_eem_cr data_fakes CMS_ttWl_FRe_pt 0 in bin 12: variation = 1363.56
Warning: big shift in template for ttW_cr_3l_2016APV_eem_cr data_fakes CMS_ttWl_FRm_norm 0 in bin 12: variation = 0.0115681
Warning: big shift in template for ttW_cr_3l_2016APV_eem_cr data_fakes CMS_ttWl_FRm_norm 1 in bin 12: variation = 86.4444
Warning: big shift in template for ttW_cr_3l_2016APV_eem_cr ttH FSR 1 in bin 4: variation = 0.0986813
Wrote to cards/cards/cards/22Aug/unblinded/cr3l/ttW_cr_3l_2016APV_eem_cr.txt and cards/cards/cards/22Aug/unblinded/cr3l/ttW_cr_3l_2016APV_eem_cr.root 
Warning: big shift in template for ttW_cr_3l_2016APV_emm_cr data_fakes CMS_ttWl_EWK_jet 0 in bin 6: variation = 0.00241718
Warning: big shift in template for ttW_cr_3l_2016APV_emm_cr data_fakes CMS_ttWl_EWK_jet 1 in bin 6: variation = 413.705
Warning: big shift in template for ttW_cr_3l_2016APV_emm_cr data_fakes CMS_ttWl_FRe_norm 1 in bin 7: variation = 0.0457429
Warning: big shift in template for ttW_cr_3l_2016APV_emm_cr data_fakes CMS_ttWl_FRe_pt 0 in bin 6: variation = 0.000845115
Warning: big shift in template for ttW_cr_3l_2016APV_emm_cr data_fakes CMS_ttWl_FRe_pt 1 in bin 6: variation = 1183.27
Warning: big shift in template for ttW_cr_3l_2016APV_emm_cr data_fakes CMS_ttWl_FRm_norm 0 in bin 6: variation = 0.000529442
Warning: big shift in template for ttW_cr_3l_2016APV_emm_cr data_fakes CMS_ttWl_FRm_norm 1 in bin 6: variation = 1888.78
Warning: big shift in template for ttW_cr_3l_2016APV_emm_cr data_fakes CMS_ttWl_FRm_pt 0 in bin 6: variation = 0.0024168
Warning: big shift in template for ttW_cr_3l_2016APV_emm_cr data_fakes CMS_ttWl_FRm_pt 1 in bin 6: variation = 413.771
Wrote to cards/cards/cards/22Aug/unblinded/cr3l/ttW_cr_3l_2016APV_emm_cr.txt and cards/cards/cards/22Aug/unblinded/cr3l/ttW_cr_3l_2016APV_emm_cr.root 
Wrote to cards/cards/cards/22Aug/unblinded/cr3l/ttW_cr_3l_2016APV_mmm_cr.txt and cards/cards/cards/22Aug/unblinded/cr3l/ttW_cr_3l_2016APV_mmm_cr.root 
