Loading FR_mu_i01 from file /nfs/fanae/user/cvico/WorkSpace/ttw-differential/cmssw-aug2024/CMSSW_10_4_0/src/CMGTools/TTHAnalysis/data//fakerate/fr_2017_recorrected.root to FR_mva085_mu_data_comb_recorrected
Loading FR_el_i01 from file /nfs/fanae/user/cvico/WorkSpace/ttw-differential/cmssw-aug2024/CMSSW_10_4_0/src/CMGTools/TTHAnalysis/data//fakerate/fr_2017_recorrected.root to FR_mva090_el_data_comb_NC_recorrected
Loading FR_mu_i31 from file /nfs/fanae/user/cvico/WorkSpace/ttw-differential/cmssw-aug2024/CMSSW_10_4_0/src/CMGTools/TTHAnalysis/data//fakerate/fr_2017_recorrected.root to FR_mva085_mu_data_comb_recorrected_pt1
Loading FR_mu_i41 from file /nfs/fanae/user/cvico/WorkSpace/ttw-differential/cmssw-aug2024/CMSSW_10_4_0/src/CMGTools/TTHAnalysis/data//fakerate/fr_2017_recorrected.root to FR_mva085_mu_data_comb_recorrected_pt2
Loading FR_el_i51 from file /nfs/fanae/user/cvico/WorkSpace/ttw-differential/cmssw-aug2024/CMSSW_10_4_0/src/CMGTools/TTHAnalysis/data//fakerate/fr_2017_recorrected.root to FR_mva090_el_data_comb_NC_recorrected_be1
Loading FR_el_i61 from file /nfs/fanae/user/cvico/WorkSpace/ttw-differential/cmssw-aug2024/CMSSW_10_4_0/src/CMGTools/TTHAnalysis/data//fakerate/fr_2017_recorrected.root to FR_mva090_el_data_comb_NC_recorrected_be2
Loading FR_el_i71 from file /nfs/fanae/user/cvico/WorkSpace/ttw-differential/cmssw-aug2024/CMSSW_10_4_0/src/CMGTools/TTHAnalysis/data//fakerate/fr_2017_recorrected.root to FR_mva090_el_data_comb_NC_recorrected
Loading FR_el_i31 from file /nfs/fanae/user/cvico/WorkSpace/ttw-differential/cmssw-aug2024/CMSSW_10_4_0/src/CMGTools/TTHAnalysis/data//fakerate/fr_2017_recorrected.root to FR_mva090_el_data_comb_NC_recorrected_pt1
Loading FR_el_i41 from file /nfs/fanae/user/cvico/WorkSpace/ttw-differential/cmssw-aug2024/CMSSW_10_4_0/src/CMGTools/TTHAnalysis/data//fakerate/fr_2017_recorrected.root to FR_mva090_el_data_comb_NC_recorrected_pt2
Loading FR_mu_i71 from file /nfs/fanae/user/cvico/WorkSpace/ttw-differential/cmssw-aug2024/CMSSW_10_4_0/src/CMGTools/TTHAnalysis/data//fakerate/fr_2017_recorrected.root to FR_mva085_mu_data_comb_recorrected
Loading FR_mu_i31 from file /nfs/fanae/user/cvico/WorkSpace/ttw-differential/cmssw-aug2024/CMSSW_10_4_0/src/CMGTools/TTHAnalysis/data//fakerate/fr_2017_recorrected.root to FR_mva085_mu_data_comb_recorrected_pt1
Loading FR_mu_i41 from file /nfs/fanae/user/cvico/WorkSpace/ttw-differential/cmssw-aug2024/CMSSW_10_4_0/src/CMGTools/TTHAnalysis/data//fakerate/fr_2017_recorrected.root to FR_mva085_mu_data_comb_recorrected_pt2
Loading FR_el_i51 from file /nfs/fanae/user/cvico/WorkSpace/ttw-differential/cmssw-aug2024/CMSSW_10_4_0/src/CMGTools/TTHAnalysis/data//fakerate/fr_2017_recorrected.root to FR_mva090_el_data_comb_NC_recorrected_be1
Loading FR_el_i61 from file /nfs/fanae/user/cvico/WorkSpace/ttw-differential/cmssw-aug2024/CMSSW_10_4_0/src/CMGTools/TTHAnalysis/data//fakerate/fr_2017_recorrected.root to FR_mva090_el_data_comb_NC_recorrected_be2
Loading FR_mu_i11 from file /nfs/fanae/user/cvico/WorkSpace/ttw-differential/cmssw-aug2024/CMSSW_10_4_0/src/CMGTools/TTHAnalysis/data//fakerate/fr_2017_recorrected.root to FR_mva085_mu_data_comb_recorrected_up
Loading FR_mu_i21 from file /nfs/fanae/user/cvico/WorkSpace/ttw-differential/cmssw-aug2024/CMSSW_10_4_0/src/CMGTools/TTHAnalysis/data//fakerate/fr_2017_recorrected.root to FR_mva085_mu_data_comb_recorrected_down
Loading FR_el_i11 from file /nfs/fanae/user/cvico/WorkSpace/ttw-differential/cmssw-aug2024/CMSSW_10_4_0/src/CMGTools/TTHAnalysis/data//fakerate/fr_2017_recorrected.root to FR_mva090_el_data_comb_NC_recorrected_up
Loading FR_el_i21 from file /nfs/fanae/user/cvico/WorkSpace/ttw-differential/cmssw-aug2024/CMSSW_10_4_0/src/CMGTools/TTHAnalysis/data//fakerate/fr_2017_recorrected.root to FR_mva090_el_data_comb_NC_recorrected_down
Loading FR_el_i71 from file /nfs/fanae/user/cvico/WorkSpace/ttw-differential/cmssw-aug2024/CMSSW_10_4_0/src/CMGTools/TTHAnalysis/data//fakerate/fr_2017_recorrected.root to FR_mva090_el_data_comb_NC_recorrected
Loading FR_el_i31 from file /nfs/fanae/user/cvico/WorkSpace/ttw-differential/cmssw-aug2024/CMSSW_10_4_0/src/CMGTools/TTHAnalysis/data//fakerate/fr_2017_recorrected.root to FR_mva090_el_data_comb_NC_recorrected_pt1
Loading FR_el_i41 from file /nfs/fanae/user/cvico/WorkSpace/ttw-differential/cmssw-aug2024/CMSSW_10_4_0/src/CMGTools/TTHAnalysis/data//fakerate/fr_2017_recorrected.root to FR_mva090_el_data_comb_NC_recorrected_pt2
Loading FR_mu_i71 from file /nfs/fanae/user/cvico/WorkSpace/ttw-differential/cmssw-aug2024/CMSSW_10_4_0/src/CMGTools/TTHAnalysis/data//fakerate/fr_2017_recorrected.root to FR_mva085_mu_data_comb_recorrected
Loading FR_mu_i51 from file /nfs/fanae/user/cvico/WorkSpace/ttw-differential/cmssw-aug2024/CMSSW_10_4_0/src/CMGTools/TTHAnalysis/data//fakerate/fr_2017_recorrected.root to FR_mva085_mu_data_comb_recorrected_be1
Loading FR_mu_i61 from file /nfs/fanae/user/cvico/WorkSpace/ttw-differential/cmssw-aug2024/CMSSW_10_4_0/src/CMGTools/TTHAnalysis/data//fakerate/fr_2017_recorrected.root to FR_mva085_mu_data_comb_recorrected_be2
Loading FR_mu_i31 from file /nfs/fanae/user/cvico/WorkSpace/ttw-differential/cmssw-aug2024/CMSSW_10_4_0/src/CMGTools/TTHAnalysis/data//fakerate/fr_2017_recorrected.root to FR_mva085_mu_data_comb_recorrected_pt1
Loading FR_mu_i41 from file /nfs/fanae/user/cvico/WorkSpace/ttw-differential/cmssw-aug2024/CMSSW_10_4_0/src/CMGTools/TTHAnalysis/data//fakerate/fr_2017_recorrected.root to FR_mva085_mu_data_comb_recorrected_pt2
Loading FR_el_i51 from file /nfs/fanae/user/cvico/WorkSpace/ttw-differential/cmssw-aug2024/CMSSW_10_4_0/src/CMGTools/TTHAnalysis/data//fakerate/fr_2017_recorrected.root to FR_mva090_el_data_comb_NC_recorrected_be1
Loading FR_el_i61 from file /nfs/fanae/user/cvico/WorkSpace/ttw-differential/cmssw-aug2024/CMSSW_10_4_0/src/CMGTools/TTHAnalysis/data//fakerate/fr_2017_recorrected.root to FR_mva090_el_data_comb_NC_recorrected_be2
Loading FR_mu_i11 from file /nfs/fanae/user/cvico/WorkSpace/ttw-differential/cmssw-aug2024/CMSSW_10_4_0/src/CMGTools/TTHAnalysis/data//fakerate/fr_2017_recorrected.root to FR_mva085_mu_data_comb_recorrected_up
Loading FR_mu_i21 from file /nfs/fanae/user/cvico/WorkSpace/ttw-differential/cmssw-aug2024/CMSSW_10_4_0/src/CMGTools/TTHAnalysis/data//fakerate/fr_2017_recorrected.root to FR_mva085_mu_data_comb_recorrected_down
Loading FR_el_i11 from file /nfs/fanae/user/cvico/WorkSpace/ttw-differential/cmssw-aug2024/CMSSW_10_4_0/src/CMGTools/TTHAnalysis/data//fakerate/fr_2017_recorrected.root to FR_mva090_el_data_comb_NC_recorrected_up
Loading FR_el_i21 from file /nfs/fanae/user/cvico/WorkSpace/ttw-differential/cmssw-aug2024/CMSSW_10_4_0/src/CMGTools/TTHAnalysis/data//fakerate/fr_2017_recorrected.root to FR_mva090_el_data_comb_NC_recorrected_down
Loading FR_el_i71 from file /nfs/fanae/user/cvico/WorkSpace/ttw-differential/cmssw-aug2024/CMSSW_10_4_0/src/CMGTools/TTHAnalysis/data//fakerate/fr_2017_recorrected.root to FR_mva090_el_data_comb_NC_recorrected
Loading FR_el_i31 from file /nfs/fanae/user/cvico/WorkSpace/ttw-differential/cmssw-aug2024/CMSSW_10_4_0/src/CMGTools/TTHAnalysis/data//fakerate/fr_2017_recorrected.root to FR_mva090_el_data_comb_NC_recorrected_pt1
Loading FR_el_i41 from file /nfs/fanae/user/cvico/WorkSpace/ttw-differential/cmssw-aug2024/CMSSW_10_4_0/src/CMGTools/TTHAnalysis/data//fakerate/fr_2017_recorrected.root to FR_mva090_el_data_comb_NC_recorrected_pt2
Loading FR_mu_i71 from file /nfs/fanae/user/cvico/WorkSpace/ttw-differential/cmssw-aug2024/CMSSW_10_4_0/src/CMGTools/TTHAnalysis/data//fakerate/fr_2017_recorrected.root to FR_mva085_mu_data_comb_recorrected
Loading FR_mu_i51 from file /nfs/fanae/user/cvico/WorkSpace/ttw-differential/cmssw-aug2024/CMSSW_10_4_0/src/CMGTools/TTHAnalysis/data//fakerate/fr_2017_recorrected.root to FR_mva085_mu_data_comb_recorrected_be1
Loading FR_mu_i61 from file /nfs/fanae/user/cvico/WorkSpace/ttw-differential/cmssw-aug2024/CMSSW_10_4_0/src/CMGTools/TTHAnalysis/data//fakerate/fr_2017_recorrected.root to FR_mva085_mu_data_comb_recorrected_be2
Loading FR_mu_i11 from file /nfs/fanae/user/cvico/WorkSpace/ttw-differential/cmssw-aug2024/CMSSW_10_4_0/src/CMGTools/TTHAnalysis/data//fakerate/fr_2017_recorrected.root to FR_mva085_mu_data_comb_recorrected_up
Loading FR_mu_i21 from file /nfs/fanae/user/cvico/WorkSpace/ttw-differential/cmssw-aug2024/CMSSW_10_4_0/src/CMGTools/TTHAnalysis/data//fakerate/fr_2017_recorrected.root to FR_mva085_mu_data_comb_recorrected_down
Loading FR_el_i11 from file /nfs/fanae/user/cvico/WorkSpace/ttw-differential/cmssw-aug2024/CMSSW_10_4_0/src/CMGTools/TTHAnalysis/data//fakerate/fr_2017_recorrected.root to FR_mva090_el_data_comb_NC_recorrected_up
Loading FR_el_i21 from file /nfs/fanae/user/cvico/WorkSpace/ttw-differential/cmssw-aug2024/CMSSW_10_4_0/src/CMGTools/TTHAnalysis/data//fakerate/fr_2017_recorrected.root to FR_mva090_el_data_comb_NC_recorrected_down
Loading FR_mu_i51 from file /nfs/fanae/user/cvico/WorkSpace/ttw-differential/cmssw-aug2024/CMSSW_10_4_0/src/CMGTools/TTHAnalysis/data//fakerate/fr_2017_recorrected.root to FR_mva085_mu_data_comb_recorrected_be1
Loading FR_mu_i61 from file /nfs/fanae/user/cvico/WorkSpace/ttw-differential/cmssw-aug2024/CMSSW_10_4_0/src/CMGTools/TTHAnalysis/data//fakerate/fr_2017_recorrected.root to FR_mva085_mu_data_comb_recorrected_be2
Loading FR_mu_i31 from file /nfs/fanae/user/cvico/WorkSpace/ttw-differential/cmssw-aug2024/CMSSW_10_4_0/src/CMGTools/TTHAnalysis/data//fakerate/fr_2017_recorrected.root to FR_mva085_mu_data_comb_recorrected_pt1
Loading FR_mu_i31 from file /nfs/fanae/user/cvico/WorkSpace/ttw-differential/cmssw-aug2024/CMSSW_10_4_0/src/CMGTools/TTHAnalysis/data//fakerate/fr_2017_recorrected.root to FR_mva085_mu_data_comb_recorrected_pt1
Loading FR_mu_i41 from file /nfs/fanae/user/cvico/WorkSpace/ttw-differential/cmssw-aug2024/CMSSW_10_4_0/src/CMGTools/TTHAnalysis/data//fakerate/fr_2017_recorrected.root to FR_mva085_mu_data_comb_recorrected_pt2
Loading FR_mu_i41 from file /nfs/fanae/user/cvico/WorkSpace/ttw-differential/cmssw-aug2024/CMSSW_10_4_0/src/CMGTools/TTHAnalysis/data//fakerate/fr_2017_recorrected.root to FR_mva085_mu_data_comb_recorrected_pt2
Loading FR_el_i51 from file /nfs/fanae/user/cvico/WorkSpace/ttw-differential/cmssw-aug2024/CMSSW_10_4_0/src/CMGTools/TTHAnalysis/data//fakerate/fr_2017_recorrected.root to FR_mva090_el_data_comb_NC_recorrected_be1
Loading FR_el_i61 from file /nfs/fanae/user/cvico/WorkSpace/ttw-differential/cmssw-aug2024/CMSSW_10_4_0/src/CMGTools/TTHAnalysis/data//fakerate/fr_2017_recorrected.root to FR_mva090_el_data_comb_NC_recorrected_be2
Loading FR_el_i51 from file /nfs/fanae/user/cvico/WorkSpace/ttw-differential/cmssw-aug2024/CMSSW_10_4_0/src/CMGTools/TTHAnalysis/data//fakerate/fr_2017_recorrected.root to FR_mva090_el_data_comb_NC_recorrected_be1
Loading FR_el_i61 from file /nfs/fanae/user/cvico/WorkSpace/ttw-differential/cmssw-aug2024/CMSSW_10_4_0/src/CMGTools/TTHAnalysis/data//fakerate/fr_2017_recorrected.root to FR_mva090_el_data_comb_NC_recorrected_be2
Loading FR_mu_i31 from file /nfs/fanae/user/cvico/WorkSpace/ttw-differential/cmssw-aug2024/CMSSW_10_4_0/src/CMGTools/TTHAnalysis/data//fakerate/fr_2017_recorrected.root to FR_mva085_mu_data_comb_recorrected_pt1
Loading FR_mu_i41 from file /nfs/fanae/user/cvico/WorkSpace/ttw-differential/cmssw-aug2024/CMSSW_10_4_0/src/CMGTools/TTHAnalysis/data//fakerate/fr_2017_recorrected.root to FR_mva085_mu_data_comb_recorrected_pt2
Loading FR_el_i51 from file /nfs/fanae/user/cvico/WorkSpace/ttw-differential/cmssw-aug2024/CMSSW_10_4_0/src/CMGTools/TTHAnalysis/data//fakerate/fr_2017_recorrected.root to FR_mva090_el_data_comb_NC_recorrected_be1
Loading FR_el_i61 from file /nfs/fanae/user/cvico/WorkSpace/ttw-differential/cmssw-aug2024/CMSSW_10_4_0/src/CMGTools/TTHAnalysis/data//fakerate/fr_2017_recorrected.root to FR_mva090_el_data_comb_NC_recorrected_be2
Loading FR_el_i71 from file /nfs/fanae/user/cvico/WorkSpace/ttw-differential/cmssw-aug2024/CMSSW_10_4_0/src/CMGTools/TTHAnalysis/data//fakerate/fr_2017_recorrected.root to FR_mva090_el_data_comb_NC_recorrected
Loading FR_el_i31 from file /nfs/fanae/user/cvico/WorkSpace/ttw-differential/cmssw-aug2024/CMSSW_10_4_0/src/CMGTools/TTHAnalysis/data//fakerate/fr_2017_recorrected.root to FR_mva090_el_data_comb_NC_recorrected_pt1
Loading FR_el_i41 from file /nfs/fanae/user/cvico/WorkSpace/ttw-differential/cmssw-aug2024/CMSSW_10_4_0/src/CMGTools/TTHAnalysis/data//fakerate/fr_2017_recorrected.root to FR_mva090_el_data_comb_NC_recorrected_pt2
Loading FR_el_i71 from file /nfs/fanae/user/cvico/WorkSpace/ttw-differential/cmssw-aug2024/CMSSW_10_4_0/src/CMGTools/TTHAnalysis/data//fakerate/fr_2017_recorrected.root to FR_mva090_el_data_comb_NC_recorrected
Loading FR_mu_i71 from file /nfs/fanae/user/cvico/WorkSpace/ttw-differential/cmssw-aug2024/CMSSW_10_4_0/src/CMGTools/TTHAnalysis/data//fakerate/fr_2017_recorrected.root to FR_mva085_mu_data_comb_recorrected
Loading FR_el_i31 from file /nfs/fanae/user/cvico/WorkSpace/ttw-differential/cmssw-aug2024/CMSSW_10_4_0/src/CMGTools/TTHAnalysis/data//fakerate/fr_2017_recorrected.root to FR_mva090_el_data_comb_NC_recorrected_pt1
Loading FR_el_i41 from file /nfs/fanae/user/cvico/WorkSpace/ttw-differential/cmssw-aug2024/CMSSW_10_4_0/src/CMGTools/TTHAnalysis/data//fakerate/fr_2017_recorrected.root to FR_mva090_el_data_comb_NC_recorrected_pt2
Loading FR_mu_i71 from file /nfs/fanae/user/cvico/WorkSpace/ttw-differential/cmssw-aug2024/CMSSW_10_4_0/src/CMGTools/TTHAnalysis/data//fakerate/fr_2017_recorrected.root to FR_mva085_mu_data_comb_recorrected
Loading FR_mu_i11 from file /nfs/fanae/user/cvico/WorkSpace/ttw-differential/cmssw-aug2024/CMSSW_10_4_0/src/CMGTools/TTHAnalysis/data//fakerate/fr_2017_recorrected.root to FR_mva085_mu_data_comb_recorrected_up
Loading FR_mu_i21 from file /nfs/fanae/user/cvico/WorkSpace/ttw-differential/cmssw-aug2024/CMSSW_10_4_0/src/CMGTools/TTHAnalysis/data//fakerate/fr_2017_recorrected.root to FR_mva085_mu_data_comb_recorrected_down
Loading FR_el_i11 from file /nfs/fanae/user/cvico/WorkSpace/ttw-differential/cmssw-aug2024/CMSSW_10_4_0/src/CMGTools/TTHAnalysis/data//fakerate/fr_2017_recorrected.root to FR_mva090_el_data_comb_NC_recorrected_up
Loading FR_el_i71 from file /nfs/fanae/user/cvico/WorkSpace/ttw-differential/cmssw-aug2024/CMSSW_10_4_0/src/CMGTools/TTHAnalysis/data//fakerate/fr_2017_recorrected.root to FR_mva090_el_data_comb_NC_recorrected
Loading FR_el_i21 from file /nfs/fanae/user/cvico/WorkSpace/ttw-differential/cmssw-aug2024/CMSSW_10_4_0/src/CMGTools/TTHAnalysis/data//fakerate/fr_2017_recorrected.root to FR_mva090_el_data_comb_NC_recorrected_down
Loading FR_el_i31 from file /nfs/fanae/user/cvico/WorkSpace/ttw-differential/cmssw-aug2024/CMSSW_10_4_0/src/CMGTools/TTHAnalysis/data//fakerate/fr_2017_recorrected.root to FR_mva090_el_data_comb_NC_recorrected_pt1
Loading FR_mu_i11 from file /nfs/fanae/user/cvico/WorkSpace/ttw-differential/cmssw-aug2024/CMSSW_10_4_0/src/CMGTools/TTHAnalysis/data//fakerate/fr_2017_recorrected.root to FR_mva085_mu_data_comb_recorrected_up
Loading FR_el_i41 from file /nfs/fanae/user/cvico/WorkSpace/ttw-differential/cmssw-aug2024/CMSSW_10_4_0/src/CMGTools/TTHAnalysis/data//fakerate/fr_2017_recorrected.root to FR_mva090_el_data_comb_NC_recorrected_pt2
Loading FR_mu_i21 from file /nfs/fanae/user/cvico/WorkSpace/ttw-differential/cmssw-aug2024/CMSSW_10_4_0/src/CMGTools/TTHAnalysis/data//fakerate/fr_2017_recorrected.root to FR_mva085_mu_data_comb_recorrected_down
Loading FR_mu_i71 from file /nfs/fanae/user/cvico/WorkSpace/ttw-differential/cmssw-aug2024/CMSSW_10_4_0/src/CMGTools/TTHAnalysis/data//fakerate/fr_2017_recorrected.root to FR_mva085_mu_data_comb_recorrected
Loading FR_el_i11 from file /nfs/fanae/user/cvico/WorkSpace/ttw-differential/cmssw-aug2024/CMSSW_10_4_0/src/CMGTools/TTHAnalysis/data//fakerate/fr_2017_recorrected.root to FR_mva090_el_data_comb_NC_recorrected_up
Loading FR_el_i21 from file /nfs/fanae/user/cvico/WorkSpace/ttw-differential/cmssw-aug2024/CMSSW_10_4_0/src/CMGTools/TTHAnalysis/data//fakerate/fr_2017_recorrected.root to FR_mva090_el_data_comb_NC_recorrected_down
Loading FR_mu_i31 from file /nfs/fanae/user/cvico/WorkSpace/ttw-differential/cmssw-aug2024/CMSSW_10_4_0/src/CMGTools/TTHAnalysis/data//fakerate/fr_2017_recorrected.root to FR_mva085_mu_data_comb_recorrected_pt1
Loading FR_mu_i41 from file /nfs/fanae/user/cvico/WorkSpace/ttw-differential/cmssw-aug2024/CMSSW_10_4_0/src/CMGTools/TTHAnalysis/data//fakerate/fr_2017_recorrected.root to FR_mva085_mu_data_comb_recorrected_pt2
Loading FR_el_i51 from file /nfs/fanae/user/cvico/WorkSpace/ttw-differential/cmssw-aug2024/CMSSW_10_4_0/src/CMGTools/TTHAnalysis/data//fakerate/fr_2017_recorrected.root to FR_mva090_el_data_comb_NC_recorrected_be1
Loading FR_el_i61 from file /nfs/fanae/user/cvico/WorkSpace/ttw-differential/cmssw-aug2024/CMSSW_10_4_0/src/CMGTools/TTHAnalysis/data//fakerate/fr_2017_recorrected.root to FR_mva090_el_data_comb_NC_recorrected_be2
Loading FR_mu_i51 from file /nfs/fanae/user/cvico/WorkSpace/ttw-differential/cmssw-aug2024/CMSSW_10_4_0/src/CMGTools/TTHAnalysis/data//fakerate/fr_2017_recorrected.root to FR_mva085_mu_data_comb_recorrected_be1
Loading FR_mu_i61 from file /nfs/fanae/user/cvico/WorkSpace/ttw-differential/cmssw-aug2024/CMSSW_10_4_0/src/CMGTools/TTHAnalysis/data//fakerate/fr_2017_recorrected.root to FR_mva085_mu_data_comb_recorrected_be2
Loading FR_mu_i51 from file /nfs/fanae/user/cvico/WorkSpace/ttw-differential/cmssw-aug2024/CMSSW_10_4_0/src/CMGTools/TTHAnalysis/data//fakerate/fr_2017_recorrected.root to FR_mva085_mu_data_comb_recorrected_be1
Loading FR_mu_i31 from file /nfs/fanae/user/cvico/WorkSpace/ttw-differential/cmssw-aug2024/CMSSW_10_4_0/src/CMGTools/TTHAnalysis/data//fakerate/fr_2017_recorrected.root to FR_mva085_mu_data_comb_recorrected_pt1
Loading FR_mu_i61 from file /nfs/fanae/user/cvico/WorkSpace/ttw-differential/cmssw-aug2024/CMSSW_10_4_0/src/CMGTools/TTHAnalysis/data//fakerate/fr_2017_recorrected.root to FR_mva085_mu_data_comb_recorrected_be2
Loading FR_mu_i41 from file /nfs/fanae/user/cvico/WorkSpace/ttw-differential/cmssw-aug2024/CMSSW_10_4_0/src/CMGTools/TTHAnalysis/data//fakerate/fr_2017_recorrected.root to FR_mva085_mu_data_comb_recorrected_pt2
Loading FR_el_i51 from file /nfs/fanae/user/cvico/WorkSpace/ttw-differential/cmssw-aug2024/CMSSW_10_4_0/src/CMGTools/TTHAnalysis/data//fakerate/fr_2017_recorrected.root to FR_mva090_el_data_comb_NC_recorrected_be1
Loading FR_el_i71 from file /nfs/fanae/user/cvico/WorkSpace/ttw-differential/cmssw-aug2024/CMSSW_10_4_0/src/CMGTools/TTHAnalysis/data//fakerate/fr_2017_recorrected.root to FR_mva090_el_data_comb_NC_recorrected
Loading FR_el_i61 from file /nfs/fanae/user/cvico/WorkSpace/ttw-differential/cmssw-aug2024/CMSSW_10_4_0/src/CMGTools/TTHAnalysis/data//fakerate/fr_2017_recorrected.root to FR_mva090_el_data_comb_NC_recorrected_be2
Loading FR_el_i31 from file /nfs/fanae/user/cvico/WorkSpace/ttw-differential/cmssw-aug2024/CMSSW_10_4_0/src/CMGTools/TTHAnalysis/data//fakerate/fr_2017_recorrected.root to FR_mva090_el_data_comb_NC_recorrected_pt1
Loading FR_el_i41 from file /nfs/fanae/user/cvico/WorkSpace/ttw-differential/cmssw-aug2024/CMSSW_10_4_0/src/CMGTools/TTHAnalysis/data//fakerate/fr_2017_recorrected.root to FR_mva090_el_data_comb_NC_recorrected_pt2
Loading FR_mu_i71 from file /nfs/fanae/user/cvico/WorkSpace/ttw-differential/cmssw-aug2024/CMSSW_10_4_0/src/CMGTools/TTHAnalysis/data//fakerate/fr_2017_recorrected.root to FR_mva085_mu_data_comb_recorrected
Loading FR_mu_i11 from file /nfs/fanae/user/cvico/WorkSpace/ttw-differential/cmssw-aug2024/CMSSW_10_4_0/src/CMGTools/TTHAnalysis/data//fakerate/fr_2017_recorrected.root to FR_mva085_mu_data_comb_recorrected_up
Loading FR_mu_i21 from file /nfs/fanae/user/cvico/WorkSpace/ttw-differential/cmssw-aug2024/CMSSW_10_4_0/src/CMGTools/TTHAnalysis/data//fakerate/fr_2017_recorrected.root to FR_mva085_mu_data_comb_recorrected_down
Loading FR_el_i11 from file /nfs/fanae/user/cvico/WorkSpace/ttw-differential/cmssw-aug2024/CMSSW_10_4_0/src/CMGTools/TTHAnalysis/data//fakerate/fr_2017_recorrected.root to FR_mva090_el_data_comb_NC_recorrected_up
Loading FR_el_i21 from file /nfs/fanae/user/cvico/WorkSpace/ttw-differential/cmssw-aug2024/CMSSW_10_4_0/src/CMGTools/TTHAnalysis/data//fakerate/fr_2017_recorrected.root to FR_mva090_el_data_comb_NC_recorrected_down
Loading FR_mu_i31 from file /nfs/fanae/user/cvico/WorkSpace/ttw-differential/cmssw-aug2024/CMSSW_10_4_0/src/CMGTools/TTHAnalysis/data//fakerate/fr_2017_recorrected.root to FR_mva085_mu_data_comb_recorrected_pt1
Loading FR_mu_i41 from file /nfs/fanae/user/cvico/WorkSpace/ttw-differential/cmssw-aug2024/CMSSW_10_4_0/src/CMGTools/TTHAnalysis/data//fakerate/fr_2017_recorrected.root to FR_mva085_mu_data_comb_recorrected_pt2
Loading FR_el_i71 from file /nfs/fanae/user/cvico/WorkSpace/ttw-differential/cmssw-aug2024/CMSSW_10_4_0/src/CMGTools/TTHAnalysis/data//fakerate/fr_2017_recorrected.root to FR_mva090_el_data_comb_NC_recorrected
Loading FR_mu_i11 from file /nfs/fanae/user/cvico/WorkSpace/ttw-differential/cmssw-aug2024/CMSSW_10_4_0/src/CMGTools/TTHAnalysis/data//fakerate/fr_2017_recorrected.root to FR_mva085_mu_data_comb_recorrected_up
Loading FR_mu_i21 from file /nfs/fanae/user/cvico/WorkSpace/ttw-differential/cmssw-aug2024/CMSSW_10_4_0/src/CMGTools/TTHAnalysis/data//fakerate/fr_2017_recorrected.root to FR_mva085_mu_data_comb_recorrected_down
Loading FR_el_i31 from file /nfs/fanae/user/cvico/WorkSpace/ttw-differential/cmssw-aug2024/CMSSW_10_4_0/src/CMGTools/TTHAnalysis/data//fakerate/fr_2017_recorrected.root to FR_mva090_el_data_comb_NC_recorrected_pt1
Loading FR_el_i51 from file /nfs/fanae/user/cvico/WorkSpace/ttw-differential/cmssw-aug2024/CMSSW_10_4_0/src/CMGTools/TTHAnalysis/data//fakerate/fr_2017_recorrected.root to FR_mva090_el_data_comb_NC_recorrected_be1
Loading FR_el_i41 from file /nfs/fanae/user/cvico/WorkSpace/ttw-differential/cmssw-aug2024/CMSSW_10_4_0/src/CMGTools/TTHAnalysis/data//fakerate/fr_2017_recorrected.root to FR_mva090_el_data_comb_NC_recorrected_pt2
Loading FR_el_i11 from file /nfs/fanae/user/cvico/WorkSpace/ttw-differential/cmssw-aug2024/CMSSW_10_4_0/src/CMGTools/TTHAnalysis/data//fakerate/fr_2017_recorrected.root to FR_mva090_el_data_comb_NC_recorrected_up
Loading FR_el_i61 from file /nfs/fanae/user/cvico/WorkSpace/ttw-differential/cmssw-aug2024/CMSSW_10_4_0/src/CMGTools/TTHAnalysis/data//fakerate/fr_2017_recorrected.root to FR_mva090_el_data_comb_NC_recorrected_be2
Loading FR_el_i21 from file /nfs/fanae/user/cvico/WorkSpace/ttw-differential/cmssw-aug2024/CMSSW_10_4_0/src/CMGTools/TTHAnalysis/data//fakerate/fr_2017_recorrected.root to FR_mva090_el_data_comb_NC_recorrected_down
Loading FR_mu_i71 from file /nfs/fanae/user/cvico/WorkSpace/ttw-differential/cmssw-aug2024/CMSSW_10_4_0/src/CMGTools/TTHAnalysis/data//fakerate/fr_2017_recorrected.root to FR_mva085_mu_data_comb_recorrected
Loading FR_mu_i51 from file /nfs/fanae/user/cvico/WorkSpace/ttw-differential/cmssw-aug2024/CMSSW_10_4_0/src/CMGTools/TTHAnalysis/data//fakerate/fr_2017_recorrected.root to FR_mva085_mu_data_comb_recorrected_be1
Loading FR_mu_i61 from file /nfs/fanae/user/cvico/WorkSpace/ttw-differential/cmssw-aug2024/CMSSW_10_4_0/src/CMGTools/TTHAnalysis/data//fakerate/fr_2017_recorrected.root to FR_mva085_mu_data_comb_recorrected_be2
Loading FR_mu_i51 from file /nfs/fanae/user/cvico/WorkSpace/ttw-differential/cmssw-aug2024/CMSSW_10_4_0/src/CMGTools/TTHAnalysis/data//fakerate/fr_2017_recorrected.root to FR_mva085_mu_data_comb_recorrected_be1
Loading FR_el_i71 from file /nfs/fanae/user/cvico/WorkSpace/ttw-differential/cmssw-aug2024/CMSSW_10_4_0/src/CMGTools/TTHAnalysis/data//fakerate/fr_2017_recorrected.root to FR_mva090_el_data_comb_NC_recorrected
Loading FR_mu_i61 from file /nfs/fanae/user/cvico/WorkSpace/ttw-differential/cmssw-aug2024/CMSSW_10_4_0/src/CMGTools/TTHAnalysis/data//fakerate/fr_2017_recorrected.root to FR_mva085_mu_data_comb_recorrected_be2
Loading FR_el_i31 from file /nfs/fanae/user/cvico/WorkSpace/ttw-differential/cmssw-aug2024/CMSSW_10_4_0/src/CMGTools/TTHAnalysis/data//fakerate/fr_2017_recorrected.root to FR_mva090_el_data_comb_NC_recorrected_pt1
Loading FR_el_i41 from file /nfs/fanae/user/cvico/WorkSpace/ttw-differential/cmssw-aug2024/CMSSW_10_4_0/src/CMGTools/TTHAnalysis/data//fakerate/fr_2017_recorrected.root to FR_mva090_el_data_comb_NC_recorrected_pt2
Loading FR_mu_i11 from file /nfs/fanae/user/cvico/WorkSpace/ttw-differential/cmssw-aug2024/CMSSW_10_4_0/src/CMGTools/TTHAnalysis/data//fakerate/fr_2017_recorrected.root to FR_mva085_mu_data_comb_recorrected_up
Loading FR_mu_i71 from file /nfs/fanae/user/cvico/WorkSpace/ttw-differential/cmssw-aug2024/CMSSW_10_4_0/src/CMGTools/TTHAnalysis/data//fakerate/fr_2017_recorrected.root to FR_mva085_mu_data_comb_recorrected
Loading FR_mu_i21 from file /nfs/fanae/user/cvico/WorkSpace/ttw-differential/cmssw-aug2024/CMSSW_10_4_0/src/CMGTools/TTHAnalysis/data//fakerate/fr_2017_recorrected.root to FR_mva085_mu_data_comb_recorrected_down
Loading FR_mu_i31 from file /nfs/fanae/user/cvico/WorkSpace/ttw-differential/cmssw-aug2024/CMSSW_10_4_0/src/CMGTools/TTHAnalysis/data//fakerate/fr_2017_recorrected.root to FR_mva085_mu_data_comb_recorrected_pt1
Loading FR_el_i11 from file /nfs/fanae/user/cvico/WorkSpace/ttw-differential/cmssw-aug2024/CMSSW_10_4_0/src/CMGTools/TTHAnalysis/data//fakerate/fr_2017_recorrected.root to FR_mva090_el_data_comb_NC_recorrected_up
Loading FR_el_i21 from file /nfs/fanae/user/cvico/WorkSpace/ttw-differential/cmssw-aug2024/CMSSW_10_4_0/src/CMGTools/TTHAnalysis/data//fakerate/fr_2017_recorrected.root to FR_mva090_el_data_comb_NC_recorrected_down
Loading FR_mu_i41 from file /nfs/fanae/user/cvico/WorkSpace/ttw-differential/cmssw-aug2024/CMSSW_10_4_0/src/CMGTools/TTHAnalysis/data//fakerate/fr_2017_recorrected.root to FR_mva085_mu_data_comb_recorrected_pt2
Loading FR_el_i51 from file /nfs/fanae/user/cvico/WorkSpace/ttw-differential/cmssw-aug2024/CMSSW_10_4_0/src/CMGTools/TTHAnalysis/data//fakerate/fr_2017_recorrected.root to FR_mva090_el_data_comb_NC_recorrected_be1
Loading FR_el_i61 from file /nfs/fanae/user/cvico/WorkSpace/ttw-differential/cmssw-aug2024/CMSSW_10_4_0/src/CMGTools/TTHAnalysis/data//fakerate/fr_2017_recorrected.root to FR_mva090_el_data_comb_NC_recorrected_be2
Loading FR_mu_i11 from file /nfs/fanae/user/cvico/WorkSpace/ttw-differential/cmssw-aug2024/CMSSW_10_4_0/src/CMGTools/TTHAnalysis/data//fakerate/fr_2017_recorrected.root to FR_mva085_mu_data_comb_recorrected_up
Loading FR_mu_i21 from file /nfs/fanae/user/cvico/WorkSpace/ttw-differential/cmssw-aug2024/CMSSW_10_4_0/src/CMGTools/TTHAnalysis/data//fakerate/fr_2017_recorrected.root to FR_mva085_mu_data_comb_recorrected_down
Loading FR_mu_i51 from file /nfs/fanae/user/cvico/WorkSpace/ttw-differential/cmssw-aug2024/CMSSW_10_4_0/src/CMGTools/TTHAnalysis/data//fakerate/fr_2017_recorrected.root to FR_mva085_mu_data_comb_recorrected_be1
Loading FR_el_i11 from file /nfs/fanae/user/cvico/WorkSpace/ttw-differential/cmssw-aug2024/CMSSW_10_4_0/src/CMGTools/TTHAnalysis/data//fakerate/fr_2017_recorrected.root to FR_mva090_el_data_comb_NC_recorrected_up
Loading FR_mu_i61 from file /nfs/fanae/user/cvico/WorkSpace/ttw-differential/cmssw-aug2024/CMSSW_10_4_0/src/CMGTools/TTHAnalysis/data//fakerate/fr_2017_recorrected.root to FR_mva085_mu_data_comb_recorrected_be2
Loading FR_el_i21 from file /nfs/fanae/user/cvico/WorkSpace/ttw-differential/cmssw-aug2024/CMSSW_10_4_0/src/CMGTools/TTHAnalysis/data//fakerate/fr_2017_recorrected.root to FR_mva090_el_data_comb_NC_recorrected_down
Loading FR_el_i71 from file /nfs/fanae/user/cvico/WorkSpace/ttw-differential/cmssw-aug2024/CMSSW_10_4_0/src/CMGTools/TTHAnalysis/data//fakerate/fr_2017_recorrected.root to FR_mva090_el_data_comb_NC_recorrected
Loading FR_el_i31 from file /nfs/fanae/user/cvico/WorkSpace/ttw-differential/cmssw-aug2024/CMSSW_10_4_0/src/CMGTools/TTHAnalysis/data//fakerate/fr_2017_recorrected.root to FR_mva090_el_data_comb_NC_recorrected_pt1
Loading FR_el_i41 from file /nfs/fanae/user/cvico/WorkSpace/ttw-differential/cmssw-aug2024/CMSSW_10_4_0/src/CMGTools/TTHAnalysis/data//fakerate/fr_2017_recorrected.root to FR_mva090_el_data_comb_NC_recorrected_pt2
Loading FR_mu_i31 from file /nfs/fanae/user/cvico/WorkSpace/ttw-differential/cmssw-aug2024/CMSSW_10_4_0/src/CMGTools/TTHAnalysis/data//fakerate/fr_2017_recorrected.root to FR_mva085_mu_data_comb_recorrected_pt1
Loading FR_mu_i31 from file /nfs/fanae/user/cvico/WorkSpace/ttw-differential/cmssw-aug2024/CMSSW_10_4_0/src/CMGTools/TTHAnalysis/data//fakerate/fr_2017_recorrected.root to FR_mva085_mu_data_comb_recorrected_pt1
Loading FR_mu_i71 from file /nfs/fanae/user/cvico/WorkSpace/ttw-differential/cmssw-aug2024/CMSSW_10_4_0/src/CMGTools/TTHAnalysis/data//fakerate/fr_2017_recorrected.root to FR_mva085_mu_data_comb_recorrected
Loading FR_mu_i41 from file /nfs/fanae/user/cvico/WorkSpace/ttw-differential/cmssw-aug2024/CMSSW_10_4_0/src/CMGTools/TTHAnalysis/data//fakerate/fr_2017_recorrected.root to FR_mva085_mu_data_comb_recorrected_pt2
Loading FR_mu_i41 from file /nfs/fanae/user/cvico/WorkSpace/ttw-differential/cmssw-aug2024/CMSSW_10_4_0/src/CMGTools/TTHAnalysis/data//fakerate/fr_2017_recorrected.root to FR_mva085_mu_data_comb_recorrected_pt2
Loading FR_mu_i51 from file /nfs/fanae/user/cvico/WorkSpace/ttw-differential/cmssw-aug2024/CMSSW_10_4_0/src/CMGTools/TTHAnalysis/data//fakerate/fr_2017_recorrected.root to FR_mva085_mu_data_comb_recorrected_be1
Loading FR_el_i51 from file /nfs/fanae/user/cvico/WorkSpace/ttw-differential/cmssw-aug2024/CMSSW_10_4_0/src/CMGTools/TTHAnalysis/data//fakerate/fr_2017_recorrected.root to FR_mva090_el_data_comb_NC_recorrected_be1
Loading FR_el_i51 from file /nfs/fanae/user/cvico/WorkSpace/ttw-differential/cmssw-aug2024/CMSSW_10_4_0/src/CMGTools/TTHAnalysis/data//fakerate/fr_2017_recorrected.root to FR_mva090_el_data_comb_NC_recorrected_be1
Loading FR_mu_i61 from file /nfs/fanae/user/cvico/WorkSpace/ttw-differential/cmssw-aug2024/CMSSW_10_4_0/src/CMGTools/TTHAnalysis/data//fakerate/fr_2017_recorrected.root to FR_mva085_mu_data_comb_recorrected_be2
Loading FR_mu_i31 from file /nfs/fanae/user/cvico/WorkSpace/ttw-differential/cmssw-aug2024/CMSSW_10_4_0/src/CMGTools/TTHAnalysis/data//fakerate/fr_2017_recorrected.root to FR_mva085_mu_data_comb_recorrected_pt1
Loading FR_el_i61 from file /nfs/fanae/user/cvico/WorkSpace/ttw-differential/cmssw-aug2024/CMSSW_10_4_0/src/CMGTools/TTHAnalysis/data//fakerate/fr_2017_recorrected.root to FR_mva090_el_data_comb_NC_recorrected_be2
Loading FR_el_i61 from file /nfs/fanae/user/cvico/WorkSpace/ttw-differential/cmssw-aug2024/CMSSW_10_4_0/src/CMGTools/TTHAnalysis/data//fakerate/fr_2017_recorrected.root to FR_mva090_el_data_comb_NC_recorrected_be2
Loading FR_mu_i41 from file /nfs/fanae/user/cvico/WorkSpace/ttw-differential/cmssw-aug2024/CMSSW_10_4_0/src/CMGTools/TTHAnalysis/data//fakerate/fr_2017_recorrected.root to FR_mva085_mu_data_comb_recorrected_pt2
Loading FR_el_i51 from file /nfs/fanae/user/cvico/WorkSpace/ttw-differential/cmssw-aug2024/CMSSW_10_4_0/src/CMGTools/TTHAnalysis/data//fakerate/fr_2017_recorrected.root to FR_mva090_el_data_comb_NC_recorrected_be1
Loading FR_el_i61 from file /nfs/fanae/user/cvico/WorkSpace/ttw-differential/cmssw-aug2024/CMSSW_10_4_0/src/CMGTools/TTHAnalysis/data//fakerate/fr_2017_recorrected.root to FR_mva090_el_data_comb_NC_recorrected_be2
Loading FR_mu_i31 from file /nfs/fanae/user/cvico/WorkSpace/ttw-differential/cmssw-aug2024/CMSSW_10_4_0/src/CMGTools/TTHAnalysis/data//fakerate/fr_2017_recorrected.root to FR_mva085_mu_data_comb_recorrected_pt1
Loading FR_mu_i41 from file /nfs/fanae/user/cvico/WorkSpace/ttw-differential/cmssw-aug2024/CMSSW_10_4_0/src/CMGTools/TTHAnalysis/data//fakerate/fr_2017_recorrected.root to FR_mva085_mu_data_comb_recorrected_pt2
Loading FR_mu_i11 from file /nfs/fanae/user/cvico/WorkSpace/ttw-differential/cmssw-aug2024/CMSSW_10_4_0/src/CMGTools/TTHAnalysis/data//fakerate/fr_2017_recorrected.root to FR_mva085_mu_data_comb_recorrected_up
Loading FR_el_i51 from file /nfs/fanae/user/cvico/WorkSpace/ttw-differential/cmssw-aug2024/CMSSW_10_4_0/src/CMGTools/TTHAnalysis/data//fakerate/fr_2017_recorrected.root to FR_mva090_el_data_comb_NC_recorrected_be1
Loading FR_mu_i21 from file /nfs/fanae/user/cvico/WorkSpace/ttw-differential/cmssw-aug2024/CMSSW_10_4_0/src/CMGTools/TTHAnalysis/data//fakerate/fr_2017_recorrected.root to FR_mva085_mu_data_comb_recorrected_down
Loading FR_el_i61 from file /nfs/fanae/user/cvico/WorkSpace/ttw-differential/cmssw-aug2024/CMSSW_10_4_0/src/CMGTools/TTHAnalysis/data//fakerate/fr_2017_recorrected.root to FR_mva090_el_data_comb_NC_recorrected_be2
Loading FR_el_i71 from file /nfs/fanae/user/cvico/WorkSpace/ttw-differential/cmssw-aug2024/CMSSW_10_4_0/src/CMGTools/TTHAnalysis/data//fakerate/fr_2017_recorrected.root to FR_mva090_el_data_comb_NC_recorrected
Loading FR_el_i71 from file /nfs/fanae/user/cvico/WorkSpace/ttw-differential/cmssw-aug2024/CMSSW_10_4_0/src/CMGTools/TTHAnalysis/data//fakerate/fr_2017_recorrected.root to FR_mva090_el_data_comb_NC_recorrected
Loading FR_el_i31 from file /nfs/fanae/user/cvico/WorkSpace/ttw-differential/cmssw-aug2024/CMSSW_10_4_0/src/CMGTools/TTHAnalysis/data//fakerate/fr_2017_recorrected.root to FR_mva090_el_data_comb_NC_recorrected_pt1
Loading FR_el_i31 from file /nfs/fanae/user/cvico/WorkSpace/ttw-differential/cmssw-aug2024/CMSSW_10_4_0/src/CMGTools/TTHAnalysis/data//fakerate/fr_2017_recorrected.root to FR_mva090_el_data_comb_NC_recorrected_pt1
Loading FR_el_i41 from file /nfs/fanae/user/cvico/WorkSpace/ttw-differential/cmssw-aug2024/CMSSW_10_4_0/src/CMGTools/TTHAnalysis/data//fakerate/fr_2017_recorrected.root to FR_mva090_el_data_comb_NC_recorrected_pt2
Loading FR_el_i11 from file /nfs/fanae/user/cvico/WorkSpace/ttw-differential/cmssw-aug2024/CMSSW_10_4_0/src/CMGTools/TTHAnalysis/data//fakerate/fr_2017_recorrected.root to FR_mva090_el_data_comb_NC_recorrected_up
Loading FR_el_i41 from file /nfs/fanae/user/cvico/WorkSpace/ttw-differential/cmssw-aug2024/CMSSW_10_4_0/src/CMGTools/TTHAnalysis/data//fakerate/fr_2017_recorrected.root to FR_mva090_el_data_comb_NC_recorrected_pt2
Loading FR_el_i71 from file /nfs/fanae/user/cvico/WorkSpace/ttw-differential/cmssw-aug2024/CMSSW_10_4_0/src/CMGTools/TTHAnalysis/data//fakerate/fr_2017_recorrected.root to FR_mva090_el_data_comb_NC_recorrected
Loading FR_el_i21 from file /nfs/fanae/user/cvico/WorkSpace/ttw-differential/cmssw-aug2024/CMSSW_10_4_0/src/CMGTools/TTHAnalysis/data//fakerate/fr_2017_recorrected.root to FR_mva090_el_data_comb_NC_recorrected_down
Loading FR_mu_i71 from file /nfs/fanae/user/cvico/WorkSpace/ttw-differential/cmssw-aug2024/CMSSW_10_4_0/src/CMGTools/TTHAnalysis/data//fakerate/fr_2017_recorrected.root to FR_mva085_mu_data_comb_recorrected
Loading FR_el_i31 from file /nfs/fanae/user/cvico/WorkSpace/ttw-differential/cmssw-aug2024/CMSSW_10_4_0/src/CMGTools/TTHAnalysis/data//fakerate/fr_2017_recorrected.root to FR_mva090_el_data_comb_NC_recorrected_pt1
Loading FR_mu_i71 from file /nfs/fanae/user/cvico/WorkSpace/ttw-differential/cmssw-aug2024/CMSSW_10_4_0/src/CMGTools/TTHAnalysis/data//fakerate/fr_2017_recorrected.root to FR_mva085_mu_data_comb_recorrected
Loading FR_el_i41 from file /nfs/fanae/user/cvico/WorkSpace/ttw-differential/cmssw-aug2024/CMSSW_10_4_0/src/CMGTools/TTHAnalysis/data//fakerate/fr_2017_recorrected.root to FR_mva090_el_data_comb_NC_recorrected_pt2
Loading FR_mu_i71 from file /nfs/fanae/user/cvico/WorkSpace/ttw-differential/cmssw-aug2024/CMSSW_10_4_0/src/CMGTools/TTHAnalysis/data//fakerate/fr_2017_recorrected.root to FR_mva085_mu_data_comb_recorrected
Loading FR_mu_i11 from file /nfs/fanae/user/cvico/WorkSpace/ttw-differential/cmssw-aug2024/CMSSW_10_4_0/src/CMGTools/TTHAnalysis/data//fakerate/fr_2017_recorrected.root to FR_mva085_mu_data_comb_recorrected_up
Loading FR_mu_i21 from file /nfs/fanae/user/cvico/WorkSpace/ttw-differential/cmssw-aug2024/CMSSW_10_4_0/src/CMGTools/TTHAnalysis/data//fakerate/fr_2017_recorrected.root to FR_mva085_mu_data_comb_recorrected_down
Loading FR_el_i71 from file /nfs/fanae/user/cvico/WorkSpace/ttw-differential/cmssw-aug2024/CMSSW_10_4_0/src/CMGTools/TTHAnalysis/data//fakerate/fr_2017_recorrected.root to FR_mva090_el_data_comb_NC_recorrected
Loading FR_el_i31 from file /nfs/fanae/user/cvico/WorkSpace/ttw-differential/cmssw-aug2024/CMSSW_10_4_0/src/CMGTools/TTHAnalysis/data//fakerate/fr_2017_recorrected.root to FR_mva090_el_data_comb_NC_recorrected_pt1
Loading FR_el_i11 from file /nfs/fanae/user/cvico/WorkSpace/ttw-differential/cmssw-aug2024/CMSSW_10_4_0/src/CMGTools/TTHAnalysis/data//fakerate/fr_2017_recorrected.root to FR_mva090_el_data_comb_NC_recorrected_up
Loading FR_el_i41 from file /nfs/fanae/user/cvico/WorkSpace/ttw-differential/cmssw-aug2024/CMSSW_10_4_0/src/CMGTools/TTHAnalysis/data//fakerate/fr_2017_recorrected.root to FR_mva090_el_data_comb_NC_recorrected_pt2
Loading FR_el_i21 from file /nfs/fanae/user/cvico/WorkSpace/ttw-differential/cmssw-aug2024/CMSSW_10_4_0/src/CMGTools/TTHAnalysis/data//fakerate/fr_2017_recorrected.root to FR_mva090_el_data_comb_NC_recorrected_down
Loading FR_mu_i51 from file /nfs/fanae/user/cvico/WorkSpace/ttw-differential/cmssw-aug2024/CMSSW_10_4_0/src/CMGTools/TTHAnalysis/data//fakerate/fr_2017_recorrected.root to FR_mva085_mu_data_comb_recorrected_be1
Loading FR_mu_i71 from file /nfs/fanae/user/cvico/WorkSpace/ttw-differential/cmssw-aug2024/CMSSW_10_4_0/src/CMGTools/TTHAnalysis/data//fakerate/fr_2017_recorrected.root to FR_mva085_mu_data_comb_recorrected
Loading FR_mu_i61 from file /nfs/fanae/user/cvico/WorkSpace/ttw-differential/cmssw-aug2024/CMSSW_10_4_0/src/CMGTools/TTHAnalysis/data//fakerate/fr_2017_recorrected.root to FR_mva085_mu_data_comb_recorrected_be2
Loading FR_mu_i11 from file /nfs/fanae/user/cvico/WorkSpace/ttw-differential/cmssw-aug2024/CMSSW_10_4_0/src/CMGTools/TTHAnalysis/data//fakerate/fr_2017_recorrected.root to FR_mva085_mu_data_comb_recorrected_up
Loading FR_mu_i21 from file /nfs/fanae/user/cvico/WorkSpace/ttw-differential/cmssw-aug2024/CMSSW_10_4_0/src/CMGTools/TTHAnalysis/data//fakerate/fr_2017_recorrected.root to FR_mva085_mu_data_comb_recorrected_down
Loading FR_mu_i11 from file /nfs/fanae/user/cvico/WorkSpace/ttw-differential/cmssw-aug2024/CMSSW_10_4_0/src/CMGTools/TTHAnalysis/data//fakerate/fr_2017_recorrected.root to FR_mva085_mu_data_comb_recorrected_up
Loading FR_el_i11 from file /nfs/fanae/user/cvico/WorkSpace/ttw-differential/cmssw-aug2024/CMSSW_10_4_0/src/CMGTools/TTHAnalysis/data//fakerate/fr_2017_recorrected.root to FR_mva090_el_data_comb_NC_recorrected_up
Loading FR_el_i21 from file /nfs/fanae/user/cvico/WorkSpace/ttw-differential/cmssw-aug2024/CMSSW_10_4_0/src/CMGTools/TTHAnalysis/data//fakerate/fr_2017_recorrected.root to FR_mva090_el_data_comb_NC_recorrected_down
Loading FR_mu_i21 from file /nfs/fanae/user/cvico/WorkSpace/ttw-differential/cmssw-aug2024/CMSSW_10_4_0/src/CMGTools/TTHAnalysis/data//fakerate/fr_2017_recorrected.root to FR_mva085_mu_data_comb_recorrected_down
Loading FR_el_i11 from file /nfs/fanae/user/cvico/WorkSpace/ttw-differential/cmssw-aug2024/CMSSW_10_4_0/src/CMGTools/TTHAnalysis/data//fakerate/fr_2017_recorrected.root to FR_mva090_el_data_comb_NC_recorrected_up
Loading FR_el_i21 from file /nfs/fanae/user/cvico/WorkSpace/ttw-differential/cmssw-aug2024/CMSSW_10_4_0/src/CMGTools/TTHAnalysis/data//fakerate/fr_2017_recorrected.root to FR_mva090_el_data_comb_NC_recorrected_down
Loading FR_mu_i51 from file /nfs/fanae/user/cvico/WorkSpace/ttw-differential/cmssw-aug2024/CMSSW_10_4_0/src/CMGTools/TTHAnalysis/data//fakerate/fr_2017_recorrected.root to FR_mva085_mu_data_comb_recorrected_be1
Loading FR_mu_i11 from file /nfs/fanae/user/cvico/WorkSpace/ttw-differential/cmssw-aug2024/CMSSW_10_4_0/src/CMGTools/TTHAnalysis/data//fakerate/fr_2017_recorrected.root to FR_mva085_mu_data_comb_recorrected_up
Loading FR_mu_i61 from file /nfs/fanae/user/cvico/WorkSpace/ttw-differential/cmssw-aug2024/CMSSW_10_4_0/src/CMGTools/TTHAnalysis/data//fakerate/fr_2017_recorrected.root to FR_mva085_mu_data_comb_recorrected_be2
Loading FR_mu_i21 from file /nfs/fanae/user/cvico/WorkSpace/ttw-differential/cmssw-aug2024/CMSSW_10_4_0/src/CMGTools/TTHAnalysis/data//fakerate/fr_2017_recorrected.root to FR_mva085_mu_data_comb_recorrected_down
Loading FR_el_i11 from file /nfs/fanae/user/cvico/WorkSpace/ttw-differential/cmssw-aug2024/CMSSW_10_4_0/src/CMGTools/TTHAnalysis/data//fakerate/fr_2017_recorrected.root to FR_mva090_el_data_comb_NC_recorrected_up
Loading FR_el_i21 from file /nfs/fanae/user/cvico/WorkSpace/ttw-differential/cmssw-aug2024/CMSSW_10_4_0/src/CMGTools/TTHAnalysis/data//fakerate/fr_2017_recorrected.root to FR_mva090_el_data_comb_NC_recorrected_down
Loading FR_mu_i51 from file /nfs/fanae/user/cvico/WorkSpace/ttw-differential/cmssw-aug2024/CMSSW_10_4_0/src/CMGTools/TTHAnalysis/data//fakerate/fr_2017_recorrected.root to FR_mva085_mu_data_comb_recorrected_be1
Loading FR_mu_i61 from file /nfs/fanae/user/cvico/WorkSpace/ttw-differential/cmssw-aug2024/CMSSW_10_4_0/src/CMGTools/TTHAnalysis/data//fakerate/fr_2017_recorrected.root to FR_mva085_mu_data_comb_recorrected_be2
Loading FR_mu_i51 from file /nfs/fanae/user/cvico/WorkSpace/ttw-differential/cmssw-aug2024/CMSSW_10_4_0/src/CMGTools/TTHAnalysis/data//fakerate/fr_2017_recorrected.root to FR_mva085_mu_data_comb_recorrected_be1
Loading FR_mu_i61 from file /nfs/fanae/user/cvico/WorkSpace/ttw-differential/cmssw-aug2024/CMSSW_10_4_0/src/CMGTools/TTHAnalysis/data//fakerate/fr_2017_recorrected.root to FR_mva085_mu_data_comb_recorrected_be2
Loading FR_mu_i51 from file /nfs/fanae/user/cvico/WorkSpace/ttw-differential/cmssw-aug2024/CMSSW_10_4_0/src/CMGTools/TTHAnalysis/data//fakerate/fr_2017_recorrected.root to FR_mva085_mu_data_comb_recorrected_be1
Loading FR_mu_i61 from file /nfs/fanae/user/cvico/WorkSpace/ttw-differential/cmssw-aug2024/CMSSW_10_4_0/src/CMGTools/TTHAnalysis/data//fakerate/fr_2017_recorrected.root to FR_mva085_mu_data_comb_recorrected_be2
Loading FR_mu_i31 from file /nfs/fanae/user/cvico/WorkSpace/ttw-differential/cmssw-aug2024/CMSSW_10_4_0/src/CMGTools/TTHAnalysis/data//fakerate/fr_2017_recorrected.root to FR_mva085_mu_data_comb_recorrected_pt1
Loading FR_mu_i41 from file /nfs/fanae/user/cvico/WorkSpace/ttw-differential/cmssw-aug2024/CMSSW_10_4_0/src/CMGTools/TTHAnalysis/data//fakerate/fr_2017_recorrected.root to FR_mva085_mu_data_comb_recorrected_pt2
Loading FR_el_i51 from file /nfs/fanae/user/cvico/WorkSpace/ttw-differential/cmssw-aug2024/CMSSW_10_4_0/src/CMGTools/TTHAnalysis/data//fakerate/fr_2017_recorrected.root to FR_mva090_el_data_comb_NC_recorrected_be1
Loading FR_el_i61 from file /nfs/fanae/user/cvico/WorkSpace/ttw-differential/cmssw-aug2024/CMSSW_10_4_0/src/CMGTools/TTHAnalysis/data//fakerate/fr_2017_recorrected.root to FR_mva090_el_data_comb_NC_recorrected_be2
Loading FR_el_i71 from file /nfs/fanae/user/cvico/WorkSpace/ttw-differential/cmssw-aug2024/CMSSW_10_4_0/src/CMGTools/TTHAnalysis/data//fakerate/fr_2017_recorrected.root to FR_mva090_el_data_comb_NC_recorrected
Loading FR_el_i31 from file /nfs/fanae/user/cvico/WorkSpace/ttw-differential/cmssw-aug2024/CMSSW_10_4_0/src/CMGTools/TTHAnalysis/data//fakerate/fr_2017_recorrected.root to FR_mva090_el_data_comb_NC_recorrected_pt1
Loading FR_el_i41 from file /nfs/fanae/user/cvico/WorkSpace/ttw-differential/cmssw-aug2024/CMSSW_10_4_0/src/CMGTools/TTHAnalysis/data//fakerate/fr_2017_recorrected.root to FR_mva090_el_data_comb_NC_recorrected_pt2
Loading FR_mu_i71 from file /nfs/fanae/user/cvico/WorkSpace/ttw-differential/cmssw-aug2024/CMSSW_10_4_0/src/CMGTools/TTHAnalysis/data//fakerate/fr_2017_recorrected.root to FR_mva085_mu_data_comb_recorrected
Loading FR_mu_i31 from file /nfs/fanae/user/cvico/WorkSpace/ttw-differential/cmssw-aug2024/CMSSW_10_4_0/src/CMGTools/TTHAnalysis/data//fakerate/fr_2017_recorrected.root to FR_mva085_mu_data_comb_recorrected_pt1
Loading FR_mu_i41 from file /nfs/fanae/user/cvico/WorkSpace/ttw-differential/cmssw-aug2024/CMSSW_10_4_0/src/CMGTools/TTHAnalysis/data//fakerate/fr_2017_recorrected.root to FR_mva085_mu_data_comb_recorrected_pt2
Loading FR_el_i51 from file /nfs/fanae/user/cvico/WorkSpace/ttw-differential/cmssw-aug2024/CMSSW_10_4_0/src/CMGTools/TTHAnalysis/data//fakerate/fr_2017_recorrected.root to FR_mva090_el_data_comb_NC_recorrected_be1
Loading FR_el_i61 from file /nfs/fanae/user/cvico/WorkSpace/ttw-differential/cmssw-aug2024/CMSSW_10_4_0/src/CMGTools/TTHAnalysis/data//fakerate/fr_2017_recorrected.root to FR_mva090_el_data_comb_NC_recorrected_be2
Loading FR_mu_i11 from file /nfs/fanae/user/cvico/WorkSpace/ttw-differential/cmssw-aug2024/CMSSW_10_4_0/src/CMGTools/TTHAnalysis/data//fakerate/fr_2017_recorrected.root to FR_mva085_mu_data_comb_recorrected_up
Loading FR_mu_i21 from file /nfs/fanae/user/cvico/WorkSpace/ttw-differential/cmssw-aug2024/CMSSW_10_4_0/src/CMGTools/TTHAnalysis/data//fakerate/fr_2017_recorrected.root to FR_mva085_mu_data_comb_recorrected_down
Loading FR_el_i11 from file /nfs/fanae/user/cvico/WorkSpace/ttw-differential/cmssw-aug2024/CMSSW_10_4_0/src/CMGTools/TTHAnalysis/data//fakerate/fr_2017_recorrected.root to FR_mva090_el_data_comb_NC_recorrected_up
Loading FR_el_i21 from file /nfs/fanae/user/cvico/WorkSpace/ttw-differential/cmssw-aug2024/CMSSW_10_4_0/src/CMGTools/TTHAnalysis/data//fakerate/fr_2017_recorrected.root to FR_mva090_el_data_comb_NC_recorrected_down
Loading FR_el_i71 from file /nfs/fanae/user/cvico/WorkSpace/ttw-differential/cmssw-aug2024/CMSSW_10_4_0/src/CMGTools/TTHAnalysis/data//fakerate/fr_2017_recorrected.root to FR_mva090_el_data_comb_NC_recorrected
Loading FR_el_i31 from file /nfs/fanae/user/cvico/WorkSpace/ttw-differential/cmssw-aug2024/CMSSW_10_4_0/src/CMGTools/TTHAnalysis/data//fakerate/fr_2017_recorrected.root to FR_mva090_el_data_comb_NC_recorrected_pt1
Loading FR_el_i41 from file /nfs/fanae/user/cvico/WorkSpace/ttw-differential/cmssw-aug2024/CMSSW_10_4_0/src/CMGTools/TTHAnalysis/data//fakerate/fr_2017_recorrected.root to FR_mva090_el_data_comb_NC_recorrected_pt2
Loading FR_mu_i71 from file /nfs/fanae/user/cvico/WorkSpace/ttw-differential/cmssw-aug2024/CMSSW_10_4_0/src/CMGTools/TTHAnalysis/data//fakerate/fr_2017_recorrected.root to FR_mva085_mu_data_comb_recorrected
Loading FR_mu_i51 from file /nfs/fanae/user/cvico/WorkSpace/ttw-differential/cmssw-aug2024/CMSSW_10_4_0/src/CMGTools/TTHAnalysis/data//fakerate/fr_2017_recorrected.root to FR_mva085_mu_data_comb_recorrected_be1
Loading FR_mu_i61 from file /nfs/fanae/user/cvico/WorkSpace/ttw-differential/cmssw-aug2024/CMSSW_10_4_0/src/CMGTools/TTHAnalysis/data//fakerate/fr_2017_recorrected.root to FR_mva085_mu_data_comb_recorrected_be2
Loading FR_mu_i11 from file /nfs/fanae/user/cvico/WorkSpace/ttw-differential/cmssw-aug2024/CMSSW_10_4_0/src/CMGTools/TTHAnalysis/data//fakerate/fr_2017_recorrected.root to FR_mva085_mu_data_comb_recorrected_up
Loading FR_mu_i21 from file /nfs/fanae/user/cvico/WorkSpace/ttw-differential/cmssw-aug2024/CMSSW_10_4_0/src/CMGTools/TTHAnalysis/data//fakerate/fr_2017_recorrected.root to FR_mva085_mu_data_comb_recorrected_down
Loading FR_el_i11 from file /nfs/fanae/user/cvico/WorkSpace/ttw-differential/cmssw-aug2024/CMSSW_10_4_0/src/CMGTools/TTHAnalysis/data//fakerate/fr_2017_recorrected.root to FR_mva090_el_data_comb_NC_recorrected_up
Loading FR_el_i21 from file /nfs/fanae/user/cvico/WorkSpace/ttw-differential/cmssw-aug2024/CMSSW_10_4_0/src/CMGTools/TTHAnalysis/data//fakerate/fr_2017_recorrected.root to FR_mva090_el_data_comb_NC_recorrected_down
Loading FR_mu_i51 from file /nfs/fanae/user/cvico/WorkSpace/ttw-differential/cmssw-aug2024/CMSSW_10_4_0/src/CMGTools/TTHAnalysis/data//fakerate/fr_2017_recorrected.root to FR_mva085_mu_data_comb_recorrected_be1
Loading FR_mu_i61 from file /nfs/fanae/user/cvico/WorkSpace/ttw-differential/cmssw-aug2024/CMSSW_10_4_0/src/CMGTools/TTHAnalysis/data//fakerate/fr_2017_recorrected.root to FR_mva085_mu_data_comb_recorrected_be2
Warning: big shift in template for ttW_cr_3l_2017_eee_cr tHq CMS_scale_j_Absolute 0 in bin 7: variation = 14.2509
Warning: big shift in template for ttW_cr_3l_2017_eee_cr tHq CMS_scale_j_BBEC1 0 in bin 7: variation = 14.2509
Warning: big shift in template for ttW_cr_3l_2017_eee_cr tHq CMS_scale_j_FlavorPureGluon 0 in bin 7: variation = 14.3543
Warning: big shift in template for ttW_cr_3l_2017_eee_cr data_fakes CMS_ttWl_EWK_btag 0 in bin 12: variation = 0.00514745
Warning: big shift in template for ttW_cr_3l_2017_eee_cr data_fakes CMS_ttWl_EWK_btag 1 in bin 12: variation = 194.271
Warning: big shift in template for ttW_cr_3l_2017_eee_cr data_fakes CMS_ttWl_EWK_jet 0 in bin 12: variation = 0.00437193
Warning: big shift in template for ttW_cr_3l_2017_eee_cr data_fakes CMS_ttWl_EWK_jet 1 in bin 12: variation = 228.732
Warning: big shift in template for ttW_cr_3l_2017_eee_cr data_fakes CMS_ttWl_FRe_be 0 in bin 11: variation = 0.000120696
Warning: big shift in template for ttW_cr_3l_2017_eee_cr data_fakes CMS_ttWl_FRe_be 1 in bin 11: variation = 8285.31
Warning: big shift in template for ttW_cr_3l_2017_eee_cr data_fakes CMS_ttWl_FRe_be 0 in bin 12: variation = 0.00026422
Warning: big shift in template for ttW_cr_3l_2017_eee_cr data_fakes CMS_ttWl_FRe_be 1 in bin 12: variation = 3784.72
Warning: big shift in template for ttW_cr_3l_2017_eee_cr data_fakes CMS_ttWl_FRe_norm 1 in bin 4: variation = 0.0946336
Warning: big shift in template for ttW_cr_3l_2017_eee_cr data_fakes CMS_ttWl_FRe_norm 0 in bin 11: variation = 2347.81
Warning: big shift in template for ttW_cr_3l_2017_eee_cr data_fakes CMS_ttWl_FRe_norm 0 in bin 12: variation = 0.000428173
Warning: big shift in template for ttW_cr_3l_2017_eee_cr data_fakes CMS_ttWl_FRe_norm 1 in bin 12: variation = 2335.5
Warning: big shift in template for ttW_cr_3l_2017_eee_cr data_fakes CMS_ttWl_FRe_pt 0 in bin 11: variation = 2984.52
Warning: big shift in template for ttW_cr_3l_2017_eee_cr data_fakes CMS_ttWl_FRe_pt 0 in bin 12: variation = 0.000348333
Warning: big shift in template for ttW_cr_3l_2017_eee_cr data_fakes CMS_ttWl_FRe_pt 1 in bin 12: variation = 2870.82
Wrote to cards/cards/cards/22Aug/unblinded/cr3l/ttW_cr_3l_2017_eee_cr.txt and cards/cards/cards/22Aug/unblinded/cr3l/ttW_cr_3l_2017_eee_cr.root 
Wrote to cards/cards/cards/22Aug/unblinded/cr3l/ttW_cr_3l_2017_emm_cr.txt and cards/cards/cards/22Aug/unblinded/cr3l/ttW_cr_3l_2017_emm_cr.root 
Warning: big shift in template for ttW_cr_3l_2017_mmm_cr ttH CMS_ttWl_thu_shape_ttH_muR 1 in bin 4: variation = 0.0321327
Wrote to cards/cards/cards/22Aug/unblinded/cr3l/ttW_cr_3l_2017_mmm_cr.txt and cards/cards/cards/22Aug/unblinded/cr3l/ttW_cr_3l_2017_mmm_cr.root 
Warning: big shift in template for ttW_cr_3l_2017_eem_cr data_fakes CMS_ttWl_FRe_be 0 in bin 11: variation = 0.0871179
Warning: big shift in template for ttW_cr_3l_2017_eem_cr data_fakes CMS_ttWl_FRe_be 0 in bin 12: variation = 7147.79
Warning: big shift in template for ttW_cr_3l_2017_eem_cr data_fakes CMS_ttWl_FRe_norm 0 in bin 12: variation = 12256.1
Warning: big shift in template for ttW_cr_3l_2017_eem_cr data_fakes CMS_ttWl_FRe_pt 0 in bin 12: variation = 11809.3
Warning: big shift in template for ttW_cr_3l_2017_eem_cr data_fakes CMS_ttWl_FRm_norm 0 in bin 12: variation = 0.0110502
Warning: big shift in template for ttW_cr_3l_2017_eem_cr data_fakes CMS_ttWl_FRm_norm 1 in bin 12: variation = 90.4963
Warning: big shift in template for ttW_cr_3l_2017_eem_cr Rares CMS_ttWl_btag_LF_2017 0 in bin 9: variation = 0.00265526
Wrote to cards/cards/cards/22Aug/unblinded/cr3l/ttW_cr_3l_2017_eem_cr.txt and cards/cards/cards/22Aug/unblinded/cr3l/ttW_cr_3l_2017_eem_cr.root 
