WARNING: the default behaviour of PostFitShapesFromWorkspace is to use the covariance matrix sampling method for the post-fit uncertainty. The option --sampling is deprecated and will be removed in future versions of CombineHarvester
[SetFlag] Changing value of flag "workspaces-use-clone" from 0 to 1
[#1] INFO:ObjectHandling -- RooWorkspace::import(w) importing dataset ch1
[#1] INFO:ObjectHandling -- RooWorkspace::import(w) importing dataset ch2
[#1] INFO:ObjectHandling -- RooWorkspace::import(w) importing dataset ch3
[#1] INFO:ObjectHandling -- RooWorkspace::import(w) importing dataset ch4
[SetFlag] Changing value of flag "workspaces-use-clone" from 0 to 1
>> Doing prefit: TotalBkg
>> Doing prefit: TotalSig
>> Doing prefit: TotalProcs
>> Doing prefit: ch1,Convs
>> Doing prefit: ch1,Rares
>> Doing prefit: ch1,TTW_mindr_lep1_jet25_bin0
>> Doing prefit: ch1,TTW_mindr_lep1_jet25_bin1
>> Doing prefit: ch1,TTW_mindr_lep1_jet25_bin2
>> Doing prefit: ch1,TTW_mindr_lep1_jet25_bin3
>> Doing prefit: ch1,TTW_ooa
>> Doing prefit: ch1,TTZ
>> Doing prefit: ch1,VVV
>> Doing prefit: ch1,WZ
>> Doing prefit: ch1,ZZ
>> Doing prefit: ch1,data_fakes
>> Doing prefit: ch1,data_flips
>> Doing prefit: ch1,tHW
>> Doing prefit: ch1,tHq
>> Doing prefit: ch1,tZq
>> Doing prefit: ch1,ttH
>> Doing prefit: ch1,ttVV
>> Doing prefit: ch1,TotalBkg
>> Doing prefit: ch1,TotalSig
>> Doing prefit: ch1,TotalProcs
>> Doing prefit: ch2,Convs
>> Doing prefit: ch2,Rares
>> Doing prefit: ch2,TTW_mindr_lep1_jet25_bin0
>> Doing prefit: ch2,TTW_mindr_lep1_jet25_bin1
>> Doing prefit: ch2,TTW_mindr_lep1_jet25_bin2
>> Doing prefit: ch2,TTW_mindr_lep1_jet25_bin3
>> Doing prefit: ch2,TTW_ooa
>> Doing prefit: ch2,TTZ
>> Doing prefit: ch2,VVV
>> Doing prefit: ch2,WZ
>> Doing prefit: ch2,ZZ
>> Doing prefit: ch2,data_fakes
>> Doing prefit: ch2,data_flips
>> Doing prefit: ch2,tHW
>> Doing prefit: ch2,tHq
>> Doing prefit: ch2,tZq
>> Doing prefit: ch2,ttH
>> Doing prefit: ch2,ttVV
>> Doing prefit: ch2,TotalBkg
>> Doing prefit: ch2,TotalSig
>> Doing prefit: ch2,TotalProcs
>> Doing prefit: ch3,Convs
>> Doing prefit: ch3,Rares
>> Doing prefit: ch3,TTW_mindr_lep1_jet25_bin0
>> Doing prefit: ch3,TTW_mindr_lep1_jet25_bin1
>> Doing prefit: ch3,TTW_mindr_lep1_jet25_bin2
>> Doing prefit: ch3,TTW_mindr_lep1_jet25_bin3
>> Doing prefit: ch3,TTW_ooa
>> Doing prefit: ch3,TTZ
>> Doing prefit: ch3,VVV
>> Doing prefit: ch3,WZ
>> Doing prefit: ch3,ZZ
>> Doing prefit: ch3,data_fakes
>> Doing prefit: ch3,data_flips
>> Doing prefit: ch3,tHW
>> Doing prefit: ch3,tHq
>> Doing prefit: ch3,tZq
>> Doing prefit: ch3,ttH
>> Doing prefit: ch3,ttVV
>> Doing prefit: ch3,TotalBkg
>> Doing prefit: ch3,TotalSig
>> Doing prefit: ch3,TotalProcs
>> Doing prefit: ch4,Convs
>> Doing prefit: ch4,Rares
>> Doing prefit: ch4,TTW_mindr_lep1_jet25_bin0
>> Doing prefit: ch4,TTW_mindr_lep1_jet25_bin1
>> Doing prefit: ch4,TTW_mindr_lep1_jet25_bin2
>> Doing prefit: ch4,TTW_mindr_lep1_jet25_bin3
>> Doing prefit: ch4,TTW_ooa
>> Doing prefit: ch4,TTZ
>> Doing prefit: ch4,VVV
>> Doing prefit: ch4,WZ
>> Doing prefit: ch4,ZZ
>> Doing prefit: ch4,data_fakes
>> Doing prefit: ch4,data_flips
>> Doing prefit: ch4,tHW
>> Doing prefit: ch4,tHq
>> Doing prefit: ch4,tZq
>> Doing prefit: ch4,ttH
>> Doing prefit: ch4,ttVV
>> Doing prefit: ch4,TotalBkg
>> Doing prefit: ch4,TotalSig
>> Doing prefit: ch4,TotalProcs
Bin                       Total relative bkg uncert. (prefit)
----------------------------------------------------------
ch1                       0.13738   
ch2                       0.12814   
ch3                       0.12806   
ch4                       0.11491   
>> Doing postfit: TotalBkg
>> Doing postfit: TotalSig
>> Doing postfit: TotalProcs
>> Doing postfit: ch1,Convs
>> Doing postfit: ch1,Rares
>> Doing postfit: ch1,TTW_mindr_lep1_jet25_bin0
>> Doing postfit: ch1,TTW_mindr_lep1_jet25_bin1
>> Doing postfit: ch1,TTW_mindr_lep1_jet25_bin2
>> Doing postfit: ch1,TTW_mindr_lep1_jet25_bin3
>> Doing postfit: ch1,TTW_ooa
>> Doing postfit: ch1,TTZ
>> Doing postfit: ch1,VVV
>> Doing postfit: ch1,WZ
>> Doing postfit: ch1,ZZ
>> Doing postfit: ch1,data_fakes
>> Doing postfit: ch1,data_flips
>> Doing postfit: ch1,tHW
>> Doing postfit: ch1,tHq
>> Doing postfit: ch1,tZq
>> Doing postfit: ch1,ttH
>> Doing postfit: ch1,ttVV
>> Doing postfit: ch1,TotalBkg
>> Doing postfit: ch1,TotalSig
>> Doing postfit: ch1,TotalProcs
>> Doing postfit: ch2,Convs
>> Doing postfit: ch2,Rares
>> Doing postfit: ch2,TTW_mindr_lep1_jet25_bin0
>> Doing postfit: ch2,TTW_mindr_lep1_jet25_bin1
>> Doing postfit: ch2,TTW_mindr_lep1_jet25_bin2
>> Doing postfit: ch2,TTW_mindr_lep1_jet25_bin3
>> Doing postfit: ch2,TTW_ooa
>> Doing postfit: ch2,TTZ
>> Doing postfit: ch2,VVV
>> Doing postfit: ch2,WZ
>> Doing postfit: ch2,ZZ
>> Doing postfit: ch2,data_fakes
>> Doing postfit: ch2,data_flips
>> Doing postfit: ch2,tHW
>> Doing postfit: ch2,tHq
>> Doing postfit: ch2,tZq
>> Doing postfit: ch2,ttH
>> Doing postfit: ch2,ttVV
>> Doing postfit: ch2,TotalBkg
>> Doing postfit: ch2,TotalSig
>> Doing postfit: ch2,TotalProcs
>> Doing postfit: ch3,Convs
>> Doing postfit: ch3,Rares
>> Doing postfit: ch3,TTW_mindr_lep1_jet25_bin0
>> Doing postfit: ch3,TTW_mindr_lep1_jet25_bin1
>> Doing postfit: ch3,TTW_mindr_lep1_jet25_bin2
>> Doing postfit: ch3,TTW_mindr_lep1_jet25_bin3
>> Doing postfit: ch3,TTW_ooa
>> Doing postfit: ch3,TTZ
>> Doing postfit: ch3,VVV
>> Doing postfit: ch3,WZ
>> Doing postfit: ch3,ZZ
>> Doing postfit: ch3,data_fakes
>> Doing postfit: ch3,data_flips
>> Doing postfit: ch3,tHW
>> Doing postfit: ch3,tHq
>> Doing postfit: ch3,tZq
>> Doing postfit: ch3,ttH
>> Doing postfit: ch3,ttVV
>> Doing postfit: ch3,TotalBkg
>> Doing postfit: ch3,TotalSig
>> Doing postfit: ch3,TotalProcs
>> Doing postfit: ch4,Convs
>> Doing postfit: ch4,Rares
>> Doing postfit: ch4,TTW_mindr_lep1_jet25_bin0
>> Doing postfit: ch4,TTW_mindr_lep1_jet25_bin1
>> Doing postfit: ch4,TTW_mindr_lep1_jet25_bin2
>> Doing postfit: ch4,TTW_mindr_lep1_jet25_bin3
>> Doing postfit: ch4,TTW_ooa
>> Doing postfit: ch4,TTZ
>> Doing postfit: ch4,VVV
>> Doing postfit: ch4,WZ
>> Doing postfit: ch4,ZZ
>> Doing postfit: ch4,data_fakes
>> Doing postfit: ch4,data_flips
>> Doing postfit: ch4,tHW
>> Doing postfit: ch4,tHq
>> Doing postfit: ch4,tZq
>> Doing postfit: ch4,ttH
>> Doing postfit: ch4,ttVV
>> Doing postfit: ch4,TotalBkg
>> Doing postfit: ch4,TotalSig
>> Doing postfit: ch4,TotalProcs

Bin                       Total relative bkg uncert. (postfit)
----------------------------------------------------------
ch1                       0.08520   
ch2                       0.07270   
ch3                       0.08194   
ch4                       0.07185   

Bin                       Process              Scale factor
----------------------------------------------------------
ch1                       Convs                1.09684   
ch1                       Rares                1.05708   
ch1                       TTW_mindr_lep1_jet25_bin0 1.20450   
ch1                       TTW_mindr_lep1_jet25_bin1 1.18350   
ch1                       TTW_mindr_lep1_jet25_bin2 1.61563   
ch1                       TTW_mindr_lep1_jet25_bin3 1.79020   
ch1                       TTW_ooa              1.04617   
ch1                       TTZ                  1.29695   
ch1                       VVV                  1.26136   
ch1                       WZ                   0.84425   
ch1                       ZZ                   1.16440   
ch1                       data_fakes           1.14288   
ch1                       data_flips           0.93176   
ch1                       tHW                  1.01993   
ch1                       tHq                  1.03198   
ch1                       tZq                  1.10268   
ch1                       ttH                  1.03971   
ch1                       ttVV                 1.05022   
ch2                       Convs                1.09973   
ch2                       Rares                1.01318   
ch2                       TTW_mindr_lep1_jet25_bin0 1.14224   
ch2                       TTW_mindr_lep1_jet25_bin1 1.08763   
ch2                       TTW_mindr_lep1_jet25_bin2 1.52970   
ch2                       TTW_mindr_lep1_jet25_bin3 1.68596   
ch2                       TTW_ooa              1.02524   
ch2                       TTZ                  1.05740   
ch2                       VVV                  1.20489   
ch2                       WZ                   0.83129   
ch2                       ZZ                   1.11736   
ch2                       data_fakes           1.15162   
ch2                       data_flips           0.93180   
ch2                       tHW                  1.02017   
ch2                       tHq                  1.02024   
ch2                       tZq                  1.09673   
ch2                       ttH                  1.08224   
ch2                       ttVV                 1.03881   
ch3                       Convs                1.06865   
ch3                       Rares                1.07120   
ch3                       TTW_mindr_lep1_jet25_bin0 1.07190   
ch3                       TTW_mindr_lep1_jet25_bin1 1.14530   
ch3                       TTW_mindr_lep1_jet25_bin2 1.60986   
ch3                       TTW_mindr_lep1_jet25_bin3 1.86046   
ch3                       TTW_ooa              1.01937   
ch3                       TTZ                  1.15538   
ch3                       VVV                  1.32409   
ch3                       WZ                   0.95017   
ch3                       ZZ                   1.29791   
ch3                       data_fakes           1.16105   
ch3                       data_flips           0.93196   
ch3                       tHW                  1.01083   
ch3                       tHq                  1.01255   
ch3                       tZq                  1.06259   
ch3                       ttH                  1.07834   
ch3                       ttVV                 1.02434   
ch4                       Convs                1.02788   
ch4                       Rares                1.00881   
ch4                       TTW_mindr_lep1_jet25_bin0 1.25623   
ch4                       TTW_mindr_lep1_jet25_bin1 1.23320   
ch4                       TTW_mindr_lep1_jet25_bin2 1.62857   
ch4                       TTW_mindr_lep1_jet25_bin3 1.89167   
ch4                       TTW_ooa              1.04674   
ch4                       TTZ                  1.27063   
ch4                       VVV                  1.22681   
ch4                       WZ                   0.83950   
ch4                       ZZ                   1.13282   
ch4                       data_fakes           1.12884   
ch4                       data_flips           0.93167   
ch4                       tHW                  1.03108   
ch4                       tHq                  1.02461   
ch4                       tZq                  1.09599   
ch4                       ttH                  1.05428   
ch4                       ttVV                 1.05093   
