WARNING: the default behaviour of PostFitShapesFromWorkspace is to use the covariance matrix sampling method for the post-fit uncertainty. The option --sampling is deprecated and will be removed in future versions of CombineHarvester
[SetFlag] Changing value of flag "workspaces-use-clone" from 0 to 1
[#1] INFO:ObjectHandling -- RooWorkspace::import(w) importing dataset ch1
[#1] INFO:ObjectHandling -- RooWorkspace::import(w) importing dataset ch2
[#1] INFO:ObjectHandling -- RooWorkspace::import(w) importing dataset ch3
[#1] INFO:ObjectHandling -- RooWorkspace::import(w) importing dataset ch4
[SetFlag] Changing value of flag "workspaces-use-clone" from 0 to 1
>> Doing prefit: TotalBkg
>> Doing prefit: TotalSig
>> Doing prefit: TotalProcs
>> Doing prefit: ch1,Convs
>> Doing prefit: ch1,Rares
>> Doing prefit: ch1,TTW_deta_llss_bin0
>> Doing prefit: ch1,TTW_deta_llss_bin1
>> Doing prefit: ch1,TTW_deta_llss_bin2
>> Doing prefit: ch1,TTW_deta_llss_bin3
>> Doing prefit: ch1,TTW_ooa
>> Doing prefit: ch1,TTZ
>> Doing prefit: ch1,VVV
>> Doing prefit: ch1,WZ
>> Doing prefit: ch1,ZZ
>> Doing prefit: ch1,data_fakes
>> Doing prefit: ch1,data_flips
>> Doing prefit: ch1,tHW
>> Doing prefit: ch1,tHq
>> Doing prefit: ch1,tZq
>> Doing prefit: ch1,ttH
>> Doing prefit: ch1,ttVV
>> Doing prefit: ch1,TotalBkg
>> Doing prefit: ch1,TotalSig
>> Doing prefit: ch1,TotalProcs
>> Doing prefit: ch2,Convs
>> Doing prefit: ch2,Rares
>> Doing prefit: ch2,TTW_deta_llss_bin0
>> Doing prefit: ch2,TTW_deta_llss_bin1
>> Doing prefit: ch2,TTW_deta_llss_bin2
>> Doing prefit: ch2,TTW_deta_llss_bin3
>> Doing prefit: ch2,TTW_ooa
>> Doing prefit: ch2,TTZ
>> Doing prefit: ch2,VVV
>> Doing prefit: ch2,WZ
>> Doing prefit: ch2,ZZ
>> Doing prefit: ch2,data_fakes
>> Doing prefit: ch2,data_flips
>> Doing prefit: ch2,tHW
>> Doing prefit: ch2,tHq
>> Doing prefit: ch2,tZq
>> Doing prefit: ch2,ttH
>> Doing prefit: ch2,ttVV
>> Doing prefit: ch2,TotalBkg
>> Doing prefit: ch2,TotalSig
>> Doing prefit: ch2,TotalProcs
>> Doing prefit: ch3,Convs
>> Doing prefit: ch3,Rares
>> Doing prefit: ch3,TTW_deta_llss_bin0
>> Doing prefit: ch3,TTW_deta_llss_bin1
>> Doing prefit: ch3,TTW_deta_llss_bin2
>> Doing prefit: ch3,TTW_deta_llss_bin3
>> Doing prefit: ch3,TTW_ooa
>> Doing prefit: ch3,TTZ
>> Doing prefit: ch3,VVV
>> Doing prefit: ch3,WZ
>> Doing prefit: ch3,ZZ
>> Doing prefit: ch3,data_fakes
>> Doing prefit: ch3,data_flips
>> Doing prefit: ch3,tHW
>> Doing prefit: ch3,tHq
>> Doing prefit: ch3,tZq
>> Doing prefit: ch3,ttH
>> Doing prefit: ch3,ttVV
>> Doing prefit: ch3,TotalBkg
>> Doing prefit: ch3,TotalSig
>> Doing prefit: ch3,TotalProcs
>> Doing prefit: ch4,Convs
>> Doing prefit: ch4,Rares
>> Doing prefit: ch4,TTW_deta_llss_bin0
>> Doing prefit: ch4,TTW_deta_llss_bin1
>> Doing prefit: ch4,TTW_deta_llss_bin2
>> Doing prefit: ch4,TTW_deta_llss_bin3
>> Doing prefit: ch4,TTW_ooa
>> Doing prefit: ch4,TTZ
>> Doing prefit: ch4,VVV
>> Doing prefit: ch4,WZ
>> Doing prefit: ch4,ZZ
>> Doing prefit: ch4,data_fakes
>> Doing prefit: ch4,data_flips
>> Doing prefit: ch4,tHW
>> Doing prefit: ch4,tHq
>> Doing prefit: ch4,tZq
>> Doing prefit: ch4,ttH
>> Doing prefit: ch4,ttVV
>> Doing prefit: ch4,TotalBkg
>> Doing prefit: ch4,TotalSig
>> Doing prefit: ch4,TotalProcs
Bin                       Total relative bkg uncert. (prefit)
----------------------------------------------------------
ch1                       0.12730   
ch2                       0.12809   
ch3                       0.11492   
ch4                       0.13723   
>> Doing postfit: TotalBkg
>> Doing postfit: TotalSig
>> Doing postfit: TotalProcs
>> Doing postfit: ch1,Convs
>> Doing postfit: ch1,Rares
>> Doing postfit: ch1,TTW_deta_llss_bin0
>> Doing postfit: ch1,TTW_deta_llss_bin1
>> Doing postfit: ch1,TTW_deta_llss_bin2
>> Doing postfit: ch1,TTW_deta_llss_bin3
>> Doing postfit: ch1,TTW_ooa
>> Doing postfit: ch1,TTZ
>> Doing postfit: ch1,VVV
>> Doing postfit: ch1,WZ
>> Doing postfit: ch1,ZZ
>> Doing postfit: ch1,data_fakes
>> Doing postfit: ch1,data_flips
>> Doing postfit: ch1,tHW
>> Doing postfit: ch1,tHq
>> Doing postfit: ch1,tZq
>> Doing postfit: ch1,ttH
>> Doing postfit: ch1,ttVV
>> Doing postfit: ch1,TotalBkg
>> Doing postfit: ch1,TotalSig
>> Doing postfit: ch1,TotalProcs
>> Doing postfit: ch2,Convs
>> Doing postfit: ch2,Rares
>> Doing postfit: ch2,TTW_deta_llss_bin0
>> Doing postfit: ch2,TTW_deta_llss_bin1
>> Doing postfit: ch2,TTW_deta_llss_bin2
>> Doing postfit: ch2,TTW_deta_llss_bin3
>> Doing postfit: ch2,TTW_ooa
>> Doing postfit: ch2,TTZ
>> Doing postfit: ch2,VVV
>> Doing postfit: ch2,WZ
>> Doing postfit: ch2,ZZ
>> Doing postfit: ch2,data_fakes
>> Doing postfit: ch2,data_flips
>> Doing postfit: ch2,tHW
>> Doing postfit: ch2,tHq
>> Doing postfit: ch2,tZq
>> Doing postfit: ch2,ttH
>> Doing postfit: ch2,ttVV
>> Doing postfit: ch2,TotalBkg
>> Doing postfit: ch2,TotalSig
>> Doing postfit: ch2,TotalProcs
>> Doing postfit: ch3,Convs
>> Doing postfit: ch3,Rares
>> Doing postfit: ch3,TTW_deta_llss_bin0
>> Doing postfit: ch3,TTW_deta_llss_bin1
>> Doing postfit: ch3,TTW_deta_llss_bin2
>> Doing postfit: ch3,TTW_deta_llss_bin3
>> Doing postfit: ch3,TTW_ooa
>> Doing postfit: ch3,TTZ
>> Doing postfit: ch3,VVV
>> Doing postfit: ch3,WZ
>> Doing postfit: ch3,ZZ
>> Doing postfit: ch3,data_fakes
>> Doing postfit: ch3,data_flips
>> Doing postfit: ch3,tHW
>> Doing postfit: ch3,tHq
>> Doing postfit: ch3,tZq
>> Doing postfit: ch3,ttH
>> Doing postfit: ch3,ttVV
>> Doing postfit: ch3,TotalBkg
>> Doing postfit: ch3,TotalSig
>> Doing postfit: ch3,TotalProcs
>> Doing postfit: ch4,Convs
>> Doing postfit: ch4,Rares
>> Doing postfit: ch4,TTW_deta_llss_bin0
>> Doing postfit: ch4,TTW_deta_llss_bin1
>> Doing postfit: ch4,TTW_deta_llss_bin2
>> Doing postfit: ch4,TTW_deta_llss_bin3
>> Doing postfit: ch4,TTW_ooa
>> Doing postfit: ch4,TTZ
>> Doing postfit: ch4,VVV
>> Doing postfit: ch4,WZ
>> Doing postfit: ch4,ZZ
>> Doing postfit: ch4,data_fakes
>> Doing postfit: ch4,data_flips
>> Doing postfit: ch4,tHW
>> Doing postfit: ch4,tHq
>> Doing postfit: ch4,tZq
>> Doing postfit: ch4,ttH
>> Doing postfit: ch4,ttVV
>> Doing postfit: ch4,TotalBkg
>> Doing postfit: ch4,TotalSig
>> Doing postfit: ch4,TotalProcs

Bin                       Total relative bkg uncert. (postfit)
----------------------------------------------------------
ch1                       0.08436   
ch2                       0.08817   
ch3                       0.07143   
ch4                       0.09323   

Bin                       Process              Scale factor
----------------------------------------------------------
ch1                       Convs                1.13833   
ch1                       Rares                1.09967   
ch1                       TTW_deta_llss_bin0   1.27967   
ch1                       TTW_deta_llss_bin1   1.32468   
ch1                       TTW_deta_llss_bin2   1.24995   
ch1                       TTW_deta_llss_bin3   1.89189   
ch1                       TTW_ooa              1.01895   
ch1                       TTZ                  1.18236   
ch1                       VVV                  1.22106   
ch1                       WZ                   0.85519   
ch1                       ZZ                   1.15004   
ch1                       data_fakes           1.05175   
ch1                       data_flips           0.95253   
ch1                       tHW                  1.01466   
ch1                       tHq                  1.01319   
ch1                       tZq                  1.08995   
ch1                       ttH                  1.01187   
ch1                       ttVV                 1.02668   
ch2                       Convs                1.21734   
ch2                       Rares                1.10165   
ch2                       TTW_deta_llss_bin0   1.25405   
ch2                       TTW_deta_llss_bin1   1.30279   
ch2                       TTW_deta_llss_bin2   1.26475   
ch2                       TTW_deta_llss_bin3   1.89263   
ch2                       TTW_ooa              1.00909   
ch2                       TTZ                  1.18644   
ch2                       VVV                  1.33881   
ch2                       WZ                   0.95639   
ch2                       ZZ                   1.31549   
ch2                       data_fakes           1.06088   
ch2                       data_flips           0.95257   
ch2                       tHW                  1.00897   
ch2                       tHq                  1.00926   
ch2                       tZq                  1.07543   
ch2                       ttH                  0.99519   
ch2                       ttVV                 1.01518   
ch3                       Convs                1.09829   
ch3                       Rares                1.05142   
ch3                       TTW_deta_llss_bin0   1.29926   
ch3                       TTW_deta_llss_bin1   1.37291   
ch3                       TTW_deta_llss_bin2   1.33033   
ch3                       TTW_deta_llss_bin3   2.04229   
ch3                       TTW_ooa              1.02881   
ch3                       TTZ                  1.19205   
ch3                       VVV                  1.22183   
ch3                       WZ                   0.83822   
ch3                       ZZ                   1.13093   
ch3                       data_fakes           1.04289   
ch3                       data_flips           0.95217   
ch3                       tHW                  1.02789   
ch3                       tHq                  1.02050   
ch3                       tZq                  1.08727   
ch3                       ttH                  1.04281   
ch3                       ttVV                 1.04559   
ch4                       Convs                1.24854   
ch4                       Rares                1.08578   
ch4                       TTW_deta_llss_bin0   1.28044   
ch4                       TTW_deta_llss_bin1   1.32210   
ch4                       TTW_deta_llss_bin2   1.29605   
ch4                       TTW_deta_llss_bin3   1.95717   
ch4                       TTW_ooa              1.03025   
ch4                       TTZ                  1.21398   
ch4                       VVV                  1.26889   
ch4                       WZ                   0.85469   
ch4                       ZZ                   1.17008   
ch4                       data_fakes           1.05711   
ch4                       data_flips           0.95231   
ch4                       tHW                  1.01344   
ch4                       tHq                  1.02630   
ch4                       tZq                  1.09860   
ch4                       ttH                  1.01667   
ch4                       ttVV                 1.03450   
