/mnt_pool/c3_users/user/cvico/WorkSpace/ttw-differential/cmssw-aug2024/CMSSW_10_4_0/src/CMGTools/TTHAnalysis/python/plotter/cards/cards/22Aug/unblinded/cr_nonprompt/njets
WARNING: the default behaviour of PostFitShapesFromWorkspace is to use the covariance matrix sampling method for the post-fit uncertainty. The option --sampling is deprecated and will be removed in future versions of CombineHarvester
[SetFlag] Changing value of flag "workspaces-use-clone" from 0 to 1
[#1] INFO:ObjectHandling -- RooWorkspace::import(w) importing dataset ch1
[#1] INFO:ObjectHandling -- RooWorkspace::import(w) importing dataset ch2
[#1] INFO:ObjectHandling -- RooWorkspace::import(w) importing dataset ch3
[#1] INFO:ObjectHandling -- RooWorkspace::import(w) importing dataset ch4
[SetFlag] Changing value of flag "workspaces-use-clone" from 0 to 1
>> Doing prefit: TotalBkg
>> Doing prefit: TotalSig
>> Doing prefit: TotalProcs
>> Doing prefit: ch1,Convs
>> Doing prefit: ch1,Rares
>> Doing prefit: ch1,TTW_njets_bin0
>> Doing prefit: ch1,TTW_njets_bin1
>> Doing prefit: ch1,TTW_njets_bin2
>> Doing prefit: ch1,TTW_ooa
>> Doing prefit: ch1,TTZ
>> Doing prefit: ch1,VVV
>> Doing prefit: ch1,WZ
>> Doing prefit: ch1,ZZ
>> Doing prefit: ch1,data_fakes
>> Doing prefit: ch1,data_flips
>> Doing prefit: ch1,tHW
>> Doing prefit: ch1,tHq
>> Doing prefit: ch1,tZq
>> Doing prefit: ch1,ttH
>> Doing prefit: ch1,ttVV
>> Doing prefit: ch1,TotalBkg
>> Doing prefit: ch1,TotalSig
>> Doing prefit: ch1,TotalProcs
>> Doing prefit: ch2,Convs
>> Doing prefit: ch2,Rares
>> Doing prefit: ch2,TTW_njets_bin0
>> Doing prefit: ch2,TTW_njets_bin1
>> Doing prefit: ch2,TTW_ooa
>> Doing prefit: ch2,TTZ
>> Doing prefit: ch2,VVV
>> Doing prefit: ch2,WZ
>> Doing prefit: ch2,ZZ
>> Doing prefit: ch2,data_fakes
>> Doing prefit: ch2,data_flips
>> Doing prefit: ch2,tHW
>> Doing prefit: ch2,tHq
>> Doing prefit: ch2,tZq
>> Doing prefit: ch2,ttH
>> Doing prefit: ch2,ttVV
>> Doing prefit: ch2,TotalBkg
>> Doing prefit: ch2,TotalSig
>> Doing prefit: ch2,TotalProcs
>> Doing prefit: ch3,Convs
>> Doing prefit: ch3,Rares
>> Doing prefit: ch3,TTW_njets_bin0
>> Doing prefit: ch3,TTW_njets_bin1
>> Doing prefit: ch3,TTW_njets_bin2
>> Doing prefit: ch3,TTW_ooa
>> Doing prefit: ch3,TTZ
>> Doing prefit: ch3,VVV
>> Doing prefit: ch3,WZ
>> Doing prefit: ch3,ZZ
>> Doing prefit: ch3,data_fakes
>> Doing prefit: ch3,data_flips
>> Doing prefit: ch3,tHW
>> Doing prefit: ch3,tHq
>> Doing prefit: ch3,tZq
>> Doing prefit: ch3,ttH
>> Doing prefit: ch3,ttVV
>> Doing prefit: ch3,TotalBkg
>> Doing prefit: ch3,TotalSig
>> Doing prefit: ch3,TotalProcs
>> Doing prefit: ch4,Convs
>> Doing prefit: ch4,Rares
>> Doing prefit: ch4,TTW_njets_bin0
>> Doing prefit: ch4,TTW_njets_bin1
>> Doing prefit: ch4,TTW_njets_bin2
>> Doing prefit: ch4,TTW_ooa
>> Doing prefit: ch4,TTZ
>> Doing prefit: ch4,VVV
>> Doing prefit: ch4,WZ
>> Doing prefit: ch4,ZZ
>> Doing prefit: ch4,data_fakes
>> Doing prefit: ch4,data_flips
>> Doing prefit: ch4,tHW
>> Doing prefit: ch4,tHq
>> Doing prefit: ch4,tZq
>> Doing prefit: ch4,ttH
>> Doing prefit: ch4,ttVV
>> Doing prefit: ch4,TotalBkg
>> Doing prefit: ch4,TotalSig
>> Doing prefit: ch4,TotalProcs
Bin                       Total relative bkg uncert. (prefit)
----------------------------------------------------------
ch1                       0.14962   
ch2                       0.16392   
ch3                       0.15098   
ch4                       0.13857   
>> Doing postfit: TotalBkg
>> Doing postfit: TotalSig
>> Doing postfit: TotalProcs
>> Doing postfit: ch1,Convs
>> Doing postfit: ch1,Rares
>> Doing postfit: ch1,TTW_njets_bin0
>> Doing postfit: ch1,TTW_njets_bin1
>> Doing postfit: ch1,TTW_njets_bin2
>> Doing postfit: ch1,TTW_ooa
>> Doing postfit: ch1,TTZ
>> Doing postfit: ch1,VVV
>> Doing postfit: ch1,WZ
>> Doing postfit: ch1,ZZ
>> Doing postfit: ch1,data_fakes
>> Doing postfit: ch1,data_flips
>> Doing postfit: ch1,tHW
>> Doing postfit: ch1,tHq
>> Doing postfit: ch1,tZq
>> Doing postfit: ch1,ttH
>> Doing postfit: ch1,ttVV
>> Doing postfit: ch1,TotalBkg
>> Doing postfit: ch1,TotalSig
>> Doing postfit: ch1,TotalProcs
>> Doing postfit: ch2,Convs
>> Doing postfit: ch2,Rares
>> Doing postfit: ch2,TTW_njets_bin0
>> Doing postfit: ch2,TTW_njets_bin1
>> Doing postfit: ch2,TTW_ooa
>> Doing postfit: ch2,TTZ
>> Doing postfit: ch2,VVV
>> Doing postfit: ch2,WZ
>> Doing postfit: ch2,ZZ
>> Doing postfit: ch2,data_fakes
>> Doing postfit: ch2,data_flips
>> Doing postfit: ch2,tHW
>> Doing postfit: ch2,tHq
>> Doing postfit: ch2,tZq
>> Doing postfit: ch2,ttH
>> Doing postfit: ch2,ttVV
>> Doing postfit: ch2,TotalBkg
>> Doing postfit: ch2,TotalSig
>> Doing postfit: ch2,TotalProcs
>> Doing postfit: ch3,Convs
>> Doing postfit: ch3,Rares
>> Doing postfit: ch3,TTW_njets_bin0
>> Doing postfit: ch3,TTW_njets_bin1
>> Doing postfit: ch3,TTW_njets_bin2
>> Doing postfit: ch3,TTW_ooa
>> Doing postfit: ch3,TTZ
>> Doing postfit: ch3,VVV
>> Doing postfit: ch3,WZ
>> Doing postfit: ch3,ZZ
>> Doing postfit: ch3,data_fakes
>> Doing postfit: ch3,data_flips
>> Doing postfit: ch3,tHW
>> Doing postfit: ch3,tHq
>> Doing postfit: ch3,tZq
>> Doing postfit: ch3,ttH
>> Doing postfit: ch3,ttVV
>> Doing postfit: ch3,TotalBkg
>> Doing postfit: ch3,TotalSig
>> Doing postfit: ch3,TotalProcs
>> Doing postfit: ch4,Convs
>> Doing postfit: ch4,Rares
>> Doing postfit: ch4,TTW_njets_bin0
>> Doing postfit: ch4,TTW_njets_bin1
>> Doing postfit: ch4,TTW_njets_bin2
>> Doing postfit: ch4,TTW_ooa
>> Doing postfit: ch4,TTZ
>> Doing postfit: ch4,VVV
>> Doing postfit: ch4,WZ
>> Doing postfit: ch4,ZZ
>> Doing postfit: ch4,data_fakes
>> Doing postfit: ch4,data_flips
>> Doing postfit: ch4,tHW
>> Doing postfit: ch4,tHq
>> Doing postfit: ch4,tZq
>> Doing postfit: ch4,ttH
>> Doing postfit: ch4,ttVV
>> Doing postfit: ch4,TotalBkg
>> Doing postfit: ch4,TotalSig
>> Doing postfit: ch4,TotalProcs

Bin                       Total relative bkg uncert. (postfit)
----------------------------------------------------------
ch1                       0.12674   
ch2                       0.14951   
ch3                       0.11612   
ch4                       0.10259   

Bin                       Process              Scale factor
----------------------------------------------------------
ch1                       Convs                1.09195   
ch1                       Rares                1.51664   
ch1                       TTW_njets_bin0       1.25891   
ch1                       TTW_njets_bin1       0.97811   
ch1                       TTW_njets_bin2       1.52755   
ch1                       TTW_ooa              1.01833   
ch1                       TTZ                  1.15801   
ch1                       VVV                  1.19950   
ch1                       WZ                   0.84124   
ch1                       ZZ                   1.12283   
ch1                       data_fakes           1.19872   
ch1                       data_flips           0.92986   
ch1                       tHW                  1.02113   
ch1                       tHq                  1.01624   
ch1                       tZq                  1.09444   
ch1                       ttH                  1.01313   
ch1                       ttVV                 0.98557   
ch2                       Convs                0.94726   
ch2                       Rares                1.71221   
ch2                       TTW_njets_bin0       1.29877   
ch2                       TTW_njets_bin1       1.17241   
ch2                       TTW_ooa              1.04810   
ch2                       TTZ                  1.15999   
ch2                       VVV                  1.32691   
ch2                       WZ                   1.06677   
ch2                       ZZ                   1.38481   
ch2                       data_fakes           1.22969   
ch2                       data_flips           0.92933   
ch2                       tHW                  1.04044   
ch2                       tHq                  1.05065   
ch2                       tZq                  1.14175   
ch2                       ttH                  1.03975   
ch2                       ttVV                 1.04030   
ch3                       Convs                1.17441   
ch3                       Rares                1.21735   
ch3                       TTW_njets_bin0       1.31479   
ch3                       TTW_njets_bin1       1.10417   
ch3                       TTW_njets_bin2       1.27830   
ch3                       TTW_ooa              1.01999   
ch3                       TTZ                  1.09335   
ch3                       VVV                  1.19650   
ch3                       WZ                   0.83143   
ch3                       ZZ                   1.15005   
ch3                       data_fakes           1.26469   
ch3                       data_flips           0.92963   
ch3                       tHW                  0.97714   
ch3                       tHq                  1.02172   
ch3                       tZq                  1.07204   
ch3                       ttH                  0.99842   
ch3                       ttVV                 1.02149   
ch4                       Convs                0.95771   
ch4                       Rares                1.11230   
ch4                       TTW_njets_bin0       1.34277   
ch4                       TTW_njets_bin1       1.12136   
ch4                       TTW_njets_bin2       1.46217   
ch4                       TTW_ooa              1.03669   
ch4                       TTZ                  1.18629   
ch4                       VVV                  1.25073   
ch4                       WZ                   0.78405   
ch4                       ZZ                   1.17409   
ch4                       data_fakes           1.20577   
ch4                       data_flips           0.92951   
ch4                       tHW                  1.00560   
ch4                       tHq                  0.97480   
ch4                       tZq                  1.07121   
ch4                       ttH                  0.99360   
ch4                       ttVV                 1.02208   
