WARNING: the default behaviour of PostFitShapesFromWorkspace is to use the covariance matrix sampling method for the post-fit uncertainty. The option --sampling is deprecated and will be removed in future versions of CombineHarvester
[SetFlag] Changing value of flag "workspaces-use-clone" from 0 to 1
[#1] INFO:ObjectHandling -- RooWorkspace::import(w) importing dataset ch1
[#1] INFO:ObjectHandling -- RooWorkspace::import(w) importing dataset ch10
[#1] INFO:ObjectHandling -- RooWorkspace::import(w) importing dataset ch11
[#1] INFO:ObjectHandling -- RooWorkspace::import(w) importing dataset ch12
[#1] INFO:ObjectHandling -- RooWorkspace::import(w) importing dataset ch13
[#1] INFO:ObjectHandling -- RooWorkspace::import(w) importing dataset ch14
[#1] INFO:ObjectHandling -- RooWorkspace::import(w) importing dataset ch15
[#1] INFO:ObjectHandling -- RooWorkspace::import(w) importing dataset ch16
[#1] INFO:ObjectHandling -- RooWorkspace::import(w) importing dataset ch17
[#1] INFO:ObjectHandling -- RooWorkspace::import(w) importing dataset ch18
[#1] INFO:ObjectHandling -- RooWorkspace::import(w) importing dataset ch19
[#1] INFO:ObjectHandling -- RooWorkspace::import(w) importing dataset ch2
[#1] INFO:ObjectHandling -- RooWorkspace::import(w) importing dataset ch20
[#1] INFO:ObjectHandling -- RooWorkspace::import(w) importing dataset ch21
[#1] INFO:ObjectHandling -- RooWorkspace::import(w) importing dataset ch22
[#1] INFO:ObjectHandling -- RooWorkspace::import(w) importing dataset ch23
[#1] INFO:ObjectHandling -- RooWorkspace::import(w) importing dataset ch24
[#1] INFO:ObjectHandling -- RooWorkspace::import(w) importing dataset ch3
[#1] INFO:ObjectHandling -- RooWorkspace::import(w) importing dataset ch4
[#1] INFO:ObjectHandling -- RooWorkspace::import(w) importing dataset ch5
[#1] INFO:ObjectHandling -- RooWorkspace::import(w) importing dataset ch6
[#1] INFO:ObjectHandling -- RooWorkspace::import(w) importing dataset ch7
[#1] INFO:ObjectHandling -- RooWorkspace::import(w) importing dataset ch8
[#1] INFO:ObjectHandling -- RooWorkspace::import(w) importing dataset ch9
[SetFlag] Changing value of flag "workspaces-use-clone" from 0 to 1
>> Doing prefit: TotalBkg
>> Doing prefit: TotalSig
>> Doing prefit: TotalProcs
>> Doing prefit: ch1,Convs
>> Doing prefit: ch1,Rares
>> Doing prefit: ch1,TTW_mll_bin0
>> Doing prefit: ch1,TTW_mll_bin1
>> Doing prefit: ch1,TTW_mll_bin2
>> Doing prefit: ch1,TTW_mll_bin3
>> Doing prefit: ch1,TTW_ooa
>> Doing prefit: ch1,TTZ
>> Doing prefit: ch1,VVV
>> Doing prefit: ch1,WZ
>> Doing prefit: ch1,ZZ
>> Doing prefit: ch1,data_fakes
>> Doing prefit: ch1,data_flips
>> Doing prefit: ch1,tHW
>> Doing prefit: ch1,tHq
>> Doing prefit: ch1,tZq
>> Doing prefit: ch1,ttH
>> Doing prefit: ch1,ttVV
>> Doing prefit: ch1,TotalBkg
>> Doing prefit: ch1,TotalSig
>> Doing prefit: ch1,TotalProcs
>> Doing prefit: ch10,Convs
>> Doing prefit: ch10,Rares
>> Doing prefit: ch10,TTW_mll_bin0
>> Doing prefit: ch10,TTW_mll_bin1
>> Doing prefit: ch10,TTW_mll_bin2
>> Doing prefit: ch10,TTW_mll_bin3
>> Doing prefit: ch10,TTW_ooa
>> Doing prefit: ch10,TTZ
>> Doing prefit: ch10,VVV
>> Doing prefit: ch10,WZ
>> Doing prefit: ch10,ZZ
>> Doing prefit: ch10,data_fakes
>> Doing prefit: ch10,data_flips
>> Doing prefit: ch10,tHW
>> Doing prefit: ch10,tHq
>> Doing prefit: ch10,tZq
>> Doing prefit: ch10,ttH
>> Doing prefit: ch10,ttVV
>> Doing prefit: ch10,TotalBkg
>> Doing prefit: ch10,TotalSig
>> Doing prefit: ch10,TotalProcs
>> Doing prefit: ch11,Convs
>> Doing prefit: ch11,Rares
>> Doing prefit: ch11,TTW_mll_bin0
>> Doing prefit: ch11,TTW_mll_bin1
>> Doing prefit: ch11,TTW_mll_bin2
>> Doing prefit: ch11,TTW_mll_bin3
>> Doing prefit: ch11,TTW_ooa
>> Doing prefit: ch11,TTZ
>> Doing prefit: ch11,VVV
>> Doing prefit: ch11,WZ
>> Doing prefit: ch11,ZZ
>> Doing prefit: ch11,data_fakes
>> Doing prefit: ch11,data_flips
>> Doing prefit: ch11,tHW
>> Doing prefit: ch11,tHq
>> Doing prefit: ch11,tZq
>> Doing prefit: ch11,ttH
>> Doing prefit: ch11,ttVV
>> Doing prefit: ch11,TotalBkg
>> Doing prefit: ch11,TotalSig
>> Doing prefit: ch11,TotalProcs
>> Doing prefit: ch12,Rares
>> Doing prefit: ch12,TTW_mll_bin0
>> Doing prefit: ch12,TTW_mll_bin1
>> Doing prefit: ch12,TTW_mll_bin2
>> Doing prefit: ch12,TTW_mll_bin3
>> Doing prefit: ch12,TTW_ooa
>> Doing prefit: ch12,TTZ
>> Doing prefit: ch12,VVV
>> Doing prefit: ch12,WZ
>> Doing prefit: ch12,ZZ
>> Doing prefit: ch12,data_fakes
>> Doing prefit: ch12,tHW
>> Doing prefit: ch12,tHq
>> Doing prefit: ch12,tZq
>> Doing prefit: ch12,ttH
>> Doing prefit: ch12,ttVV
>> Doing prefit: ch12,TotalBkg
>> Doing prefit: ch12,TotalSig
>> Doing prefit: ch12,TotalProcs
>> Doing prefit: ch13,Convs
>> Doing prefit: ch13,Rares
>> Doing prefit: ch13,TTW_mll_bin0
>> Doing prefit: ch13,TTW_mll_bin1
>> Doing prefit: ch13,TTW_mll_bin2
>> Doing prefit: ch13,TTW_mll_bin3
>> Doing prefit: ch13,TTW_ooa
>> Doing prefit: ch13,TTZ
>> Doing prefit: ch13,VVV
>> Doing prefit: ch13,WZ
>> Doing prefit: ch13,ZZ
>> Doing prefit: ch13,data_fakes
>> Doing prefit: ch13,data_flips
>> Doing prefit: ch13,tHW
>> Doing prefit: ch13,tHq
>> Doing prefit: ch13,tZq
>> Doing prefit: ch13,ttH
>> Doing prefit: ch13,ttVV
>> Doing prefit: ch13,TotalBkg
>> Doing prefit: ch13,TotalSig
>> Doing prefit: ch13,TotalProcs
>> Doing prefit: ch14,Convs
>> Doing prefit: ch14,Rares
>> Doing prefit: ch14,TTW_mll_bin0
>> Doing prefit: ch14,TTW_mll_bin1
>> Doing prefit: ch14,TTW_mll_bin2
>> Doing prefit: ch14,TTW_mll_bin3
>> Doing prefit: ch14,TTW_ooa
>> Doing prefit: ch14,TTZ
>> Doing prefit: ch14,VVV
>> Doing prefit: ch14,WZ
>> Doing prefit: ch14,ZZ
>> Doing prefit: ch14,data_fakes
>> Doing prefit: ch14,data_flips
>> Doing prefit: ch14,tHW
>> Doing prefit: ch14,tHq
>> Doing prefit: ch14,tZq
>> Doing prefit: ch14,ttH
>> Doing prefit: ch14,ttVV
>> Doing prefit: ch14,TotalBkg
>> Doing prefit: ch14,TotalSig
>> Doing prefit: ch14,TotalProcs
>> Doing prefit: ch15,Rares
>> Doing prefit: ch15,TTW_mll_bin0
>> Doing prefit: ch15,TTW_mll_bin1
>> Doing prefit: ch15,TTW_mll_bin2
>> Doing prefit: ch15,TTW_mll_bin3
>> Doing prefit: ch15,TTW_ooa
>> Doing prefit: ch15,TTZ
>> Doing prefit: ch15,VVV
>> Doing prefit: ch15,WZ
>> Doing prefit: ch15,ZZ
>> Doing prefit: ch15,data_fakes
>> Doing prefit: ch15,tHW
>> Doing prefit: ch15,tHq
>> Doing prefit: ch15,tZq
>> Doing prefit: ch15,ttH
>> Doing prefit: ch15,ttVV
>> Doing prefit: ch15,TotalBkg
>> Doing prefit: ch15,TotalSig
>> Doing prefit: ch15,TotalProcs
>> Doing prefit: ch16,Convs
>> Doing prefit: ch16,Rares
>> Doing prefit: ch16,TTW_mll_bin0
>> Doing prefit: ch16,TTW_mll_bin1
>> Doing prefit: ch16,TTW_mll_bin2
>> Doing prefit: ch16,TTW_mll_bin3
>> Doing prefit: ch16,TTW_ooa
>> Doing prefit: ch16,TTZ
>> Doing prefit: ch16,VVV
>> Doing prefit: ch16,WZ
>> Doing prefit: ch16,ZZ
>> Doing prefit: ch16,data_fakes
>> Doing prefit: ch16,data_flips
>> Doing prefit: ch16,tHW
>> Doing prefit: ch16,tHq
>> Doing prefit: ch16,tZq
>> Doing prefit: ch16,ttH
>> Doing prefit: ch16,ttVV
>> Doing prefit: ch16,TotalBkg
>> Doing prefit: ch16,TotalSig
>> Doing prefit: ch16,TotalProcs
>> Doing prefit: ch17,Convs
>> Doing prefit: ch17,Rares
>> Doing prefit: ch17,TTW_mll_bin0
>> Doing prefit: ch17,TTW_mll_bin1
>> Doing prefit: ch17,TTW_mll_bin2
>> Doing prefit: ch17,TTW_mll_bin3
>> Doing prefit: ch17,TTW_ooa
>> Doing prefit: ch17,TTZ
>> Doing prefit: ch17,VVV
>> Doing prefit: ch17,WZ
>> Doing prefit: ch17,ZZ
>> Doing prefit: ch17,data_fakes
>> Doing prefit: ch17,data_flips
>> Doing prefit: ch17,tHW
>> Doing prefit: ch17,tHq
>> Doing prefit: ch17,tZq
>> Doing prefit: ch17,ttH
>> Doing prefit: ch17,ttVV
>> Doing prefit: ch17,TotalBkg
>> Doing prefit: ch17,TotalSig
>> Doing prefit: ch17,TotalProcs
>> Doing prefit: ch18,Rares
>> Doing prefit: ch18,TTW_mll_bin0
>> Doing prefit: ch18,TTW_mll_bin1
>> Doing prefit: ch18,TTW_mll_bin2
>> Doing prefit: ch18,TTW_mll_bin3
>> Doing prefit: ch18,TTW_ooa
>> Doing prefit: ch18,TTZ
>> Doing prefit: ch18,VVV
>> Doing prefit: ch18,WZ
>> Doing prefit: ch18,ZZ
>> Doing prefit: ch18,data_fakes
>> Doing prefit: ch18,tHW
>> Doing prefit: ch18,tHq
>> Doing prefit: ch18,tZq
>> Doing prefit: ch18,ttH
>> Doing prefit: ch18,ttVV
>> Doing prefit: ch18,TotalBkg
>> Doing prefit: ch18,TotalSig
>> Doing prefit: ch18,TotalProcs
>> Doing prefit: ch19,Convs
>> Doing prefit: ch19,Rares
>> Doing prefit: ch19,TTW_mll_bin0
>> Doing prefit: ch19,TTW_mll_bin1
>> Doing prefit: ch19,TTW_mll_bin2
>> Doing prefit: ch19,TTW_mll_bin3
>> Doing prefit: ch19,TTW_ooa
>> Doing prefit: ch19,TTZ
>> Doing prefit: ch19,VVV
>> Doing prefit: ch19,WZ
>> Doing prefit: ch19,ZZ
>> Doing prefit: ch19,data_fakes
>> Doing prefit: ch19,data_flips
>> Doing prefit: ch19,tHW
>> Doing prefit: ch19,tHq
>> Doing prefit: ch19,tZq
>> Doing prefit: ch19,ttH
>> Doing prefit: ch19,ttVV
>> Doing prefit: ch19,TotalBkg
>> Doing prefit: ch19,TotalSig
>> Doing prefit: ch19,TotalProcs
>> Doing prefit: ch2,Convs
>> Doing prefit: ch2,Rares
>> Doing prefit: ch2,TTW_mll_bin0
>> Doing prefit: ch2,TTW_mll_bin1
>> Doing prefit: ch2,TTW_mll_bin2
>> Doing prefit: ch2,TTW_mll_bin3
>> Doing prefit: ch2,TTW_ooa
>> Doing prefit: ch2,TTZ
>> Doing prefit: ch2,VVV
>> Doing prefit: ch2,WZ
>> Doing prefit: ch2,ZZ
>> Doing prefit: ch2,data_fakes
>> Doing prefit: ch2,data_flips
>> Doing prefit: ch2,tHW
>> Doing prefit: ch2,tHq
>> Doing prefit: ch2,tZq
>> Doing prefit: ch2,ttH
>> Doing prefit: ch2,ttVV
>> Doing prefit: ch2,TotalBkg
>> Doing prefit: ch2,TotalSig
>> Doing prefit: ch2,TotalProcs
>> Doing prefit: ch20,Convs
>> Doing prefit: ch20,Rares
>> Doing prefit: ch20,TTW_mll_bin0
>> Doing prefit: ch20,TTW_mll_bin1
>> Doing prefit: ch20,TTW_mll_bin2
>> Doing prefit: ch20,TTW_mll_bin3
>> Doing prefit: ch20,TTW_ooa
>> Doing prefit: ch20,TTZ
>> Doing prefit: ch20,VVV
>> Doing prefit: ch20,WZ
>> Doing prefit: ch20,ZZ
>> Doing prefit: ch20,data_fakes
>> Doing prefit: ch20,data_flips
>> Doing prefit: ch20,tHW
>> Doing prefit: ch20,tHq
>> Doing prefit: ch20,tZq
>> Doing prefit: ch20,ttH
>> Doing prefit: ch20,ttVV
>> Doing prefit: ch20,TotalBkg
>> Doing prefit: ch20,TotalSig
>> Doing prefit: ch20,TotalProcs
>> Doing prefit: ch21,Rares
>> Doing prefit: ch21,TTW_mll_bin0
>> Doing prefit: ch21,TTW_mll_bin1
>> Doing prefit: ch21,TTW_mll_bin2
>> Doing prefit: ch21,TTW_mll_bin3
>> Doing prefit: ch21,TTW_ooa
>> Doing prefit: ch21,TTZ
>> Doing prefit: ch21,VVV
>> Doing prefit: ch21,WZ
>> Doing prefit: ch21,data_fakes
>> Doing prefit: ch21,tHW
>> Doing prefit: ch21,tHq
>> Doing prefit: ch21,tZq
>> Doing prefit: ch21,ttH
>> Doing prefit: ch21,ttVV
>> Doing prefit: ch21,TotalBkg
>> Doing prefit: ch21,TotalSig
>> Doing prefit: ch21,TotalProcs
>> Doing prefit: ch22,Convs
>> Doing prefit: ch22,Rares
>> Doing prefit: ch22,TTW_mll_bin0
>> Doing prefit: ch22,TTW_mll_bin1
>> Doing prefit: ch22,TTW_mll_bin2
>> Doing prefit: ch22,TTW_mll_bin3
>> Doing prefit: ch22,TTW_ooa
>> Doing prefit: ch22,TTZ
>> Doing prefit: ch22,VVV
>> Doing prefit: ch22,WZ
>> Doing prefit: ch22,ZZ
>> Doing prefit: ch22,data_fakes
>> Doing prefit: ch22,data_flips
>> Doing prefit: ch22,tHW
>> Doing prefit: ch22,tHq
>> Doing prefit: ch22,tZq
>> Doing prefit: ch22,ttH
>> Doing prefit: ch22,ttVV
>> Doing prefit: ch22,TotalBkg
>> Doing prefit: ch22,TotalSig
>> Doing prefit: ch22,TotalProcs
>> Doing prefit: ch23,Convs
>> Doing prefit: ch23,Rares
>> Doing prefit: ch23,TTW_mll_bin0
>> Doing prefit: ch23,TTW_mll_bin1
>> Doing prefit: ch23,TTW_mll_bin2
>> Doing prefit: ch23,TTW_mll_bin3
>> Doing prefit: ch23,TTW_ooa
>> Doing prefit: ch23,TTZ
>> Doing prefit: ch23,VVV
>> Doing prefit: ch23,WZ
>> Doing prefit: ch23,ZZ
>> Doing prefit: ch23,data_fakes
>> Doing prefit: ch23,data_flips
>> Doing prefit: ch23,tHW
>> Doing prefit: ch23,tHq
>> Doing prefit: ch23,tZq
>> Doing prefit: ch23,ttH
>> Doing prefit: ch23,ttVV
>> Doing prefit: ch23,TotalBkg
>> Doing prefit: ch23,TotalSig
>> Doing prefit: ch23,TotalProcs
>> Doing prefit: ch24,Rares
>> Doing prefit: ch24,TTW_mll_bin0
>> Doing prefit: ch24,TTW_mll_bin1
>> Doing prefit: ch24,TTW_mll_bin2
>> Doing prefit: ch24,TTW_mll_bin3
>> Doing prefit: ch24,TTW_ooa
>> Doing prefit: ch24,TTZ
>> Doing prefit: ch24,VVV
>> Doing prefit: ch24,WZ
>> Doing prefit: ch24,ZZ
>> Doing prefit: ch24,data_fakes
>> Doing prefit: ch24,tHW
>> Doing prefit: ch24,tHq
>> Doing prefit: ch24,tZq
>> Doing prefit: ch24,ttH
>> Doing prefit: ch24,ttVV
>> Doing prefit: ch24,TotalBkg
>> Doing prefit: ch24,TotalSig
>> Doing prefit: ch24,TotalProcs
>> Doing prefit: ch3,Rares
>> Doing prefit: ch3,TTW_mll_bin0
>> Doing prefit: ch3,TTW_mll_bin1
>> Doing prefit: ch3,TTW_mll_bin2
>> Doing prefit: ch3,TTW_mll_bin3
>> Doing prefit: ch3,TTW_ooa
>> Doing prefit: ch3,TTZ
>> Doing prefit: ch3,VVV
>> Doing prefit: ch3,WZ
>> Doing prefit: ch3,ZZ
>> Doing prefit: ch3,data_fakes
>> Doing prefit: ch3,tHW
>> Doing prefit: ch3,tHq
>> Doing prefit: ch3,tZq
>> Doing prefit: ch3,ttH
>> Doing prefit: ch3,ttVV
>> Doing prefit: ch3,TotalBkg
>> Doing prefit: ch3,TotalSig
>> Doing prefit: ch3,TotalProcs
>> Doing prefit: ch4,Convs
>> Doing prefit: ch4,Rares
>> Doing prefit: ch4,TTW_mll_bin0
>> Doing prefit: ch4,TTW_mll_bin1
>> Doing prefit: ch4,TTW_mll_bin2
>> Doing prefit: ch4,TTW_mll_bin3
>> Doing prefit: ch4,TTW_ooa
>> Doing prefit: ch4,TTZ
>> Doing prefit: ch4,VVV
>> Doing prefit: ch4,WZ
>> Doing prefit: ch4,ZZ
>> Doing prefit: ch4,data_fakes
>> Doing prefit: ch4,data_flips
>> Doing prefit: ch4,tHW
>> Doing prefit: ch4,tHq
>> Doing prefit: ch4,tZq
>> Doing prefit: ch4,ttH
>> Doing prefit: ch4,ttVV
>> Doing prefit: ch4,TotalBkg
>> Doing prefit: ch4,TotalSig
>> Doing prefit: ch4,TotalProcs
>> Doing prefit: ch5,Convs
>> Doing prefit: ch5,Rares
>> Doing prefit: ch5,TTW_mll_bin0
>> Doing prefit: ch5,TTW_mll_bin1
>> Doing prefit: ch5,TTW_mll_bin2
>> Doing prefit: ch5,TTW_mll_bin3
>> Doing prefit: ch5,TTW_ooa
>> Doing prefit: ch5,TTZ
>> Doing prefit: ch5,VVV
>> Doing prefit: ch5,WZ
>> Doing prefit: ch5,ZZ
>> Doing prefit: ch5,data_fakes
>> Doing prefit: ch5,data_flips
>> Doing prefit: ch5,tHW
>> Doing prefit: ch5,tHq
>> Doing prefit: ch5,tZq
>> Doing prefit: ch5,ttH
>> Doing prefit: ch5,ttVV
>> Doing prefit: ch5,TotalBkg
>> Doing prefit: ch5,TotalSig
>> Doing prefit: ch5,TotalProcs
>> Doing prefit: ch6,Rares
>> Doing prefit: ch6,TTW_mll_bin0
>> Doing prefit: ch6,TTW_mll_bin1
>> Doing prefit: ch6,TTW_mll_bin2
>> Doing prefit: ch6,TTW_mll_bin3
>> Doing prefit: ch6,TTW_ooa
>> Doing prefit: ch6,TTZ
>> Doing prefit: ch6,VVV
>> Doing prefit: ch6,WZ
>> Doing prefit: ch6,ZZ
>> Doing prefit: ch6,data_fakes
>> Doing prefit: ch6,tHW
>> Doing prefit: ch6,tHq
>> Doing prefit: ch6,tZq
>> Doing prefit: ch6,ttH
>> Doing prefit: ch6,ttVV
>> Doing prefit: ch6,TotalBkg
>> Doing prefit: ch6,TotalSig
>> Doing prefit: ch6,TotalProcs
>> Doing prefit: ch7,Convs
>> Doing prefit: ch7,Rares
>> Doing prefit: ch7,TTW_mll_bin0
>> Doing prefit: ch7,TTW_mll_bin1
>> Doing prefit: ch7,TTW_mll_bin2
>> Doing prefit: ch7,TTW_mll_bin3
>> Doing prefit: ch7,TTW_ooa
>> Doing prefit: ch7,TTZ
>> Doing prefit: ch7,VVV
>> Doing prefit: ch7,WZ
>> Doing prefit: ch7,ZZ
>> Doing prefit: ch7,data_fakes
>> Doing prefit: ch7,data_flips
>> Doing prefit: ch7,tHW
>> Doing prefit: ch7,tHq
>> Doing prefit: ch7,tZq
>> Doing prefit: ch7,ttH
>> Doing prefit: ch7,ttVV
>> Doing prefit: ch7,TotalBkg
>> Doing prefit: ch7,TotalSig
>> Doing prefit: ch7,TotalProcs
>> Doing prefit: ch8,Convs
>> Doing prefit: ch8,Rares
>> Doing prefit: ch8,TTW_mll_bin0
>> Doing prefit: ch8,TTW_mll_bin1
>> Doing prefit: ch8,TTW_mll_bin2
>> Doing prefit: ch8,TTW_mll_bin3
>> Doing prefit: ch8,TTW_ooa
>> Doing prefit: ch8,TTZ
>> Doing prefit: ch8,VVV
>> Doing prefit: ch8,WZ
>> Doing prefit: ch8,ZZ
>> Doing prefit: ch8,data_fakes
>> Doing prefit: ch8,data_flips
>> Doing prefit: ch8,tHW
>> Doing prefit: ch8,tHq
>> Doing prefit: ch8,tZq
>> Doing prefit: ch8,ttH
>> Doing prefit: ch8,ttVV
>> Doing prefit: ch8,TotalBkg
>> Doing prefit: ch8,TotalSig
>> Doing prefit: ch8,TotalProcs
>> Doing prefit: ch9,Rares
>> Doing prefit: ch9,TTW_mll_bin0
>> Doing prefit: ch9,TTW_mll_bin1
>> Doing prefit: ch9,TTW_mll_bin2
>> Doing prefit: ch9,TTW_mll_bin3
>> Doing prefit: ch9,TTW_ooa
>> Doing prefit: ch9,TTZ
>> Doing prefit: ch9,VVV
>> Doing prefit: ch9,WZ
>> Doing prefit: ch9,ZZ
>> Doing prefit: ch9,data_fakes
>> Doing prefit: ch9,tHW
>> Doing prefit: ch9,tHq
>> Doing prefit: ch9,tZq
>> Doing prefit: ch9,ttH
>> Doing prefit: ch9,ttVV
>> Doing prefit: ch9,TotalBkg
>> Doing prefit: ch9,TotalSig
>> Doing prefit: ch9,TotalProcs
Bin                       Total relative bkg uncert. (prefit)
----------------------------------------------------------
ch1                       0.15066   
ch10                      0.18656   
ch11                      0.11508   
ch12                      0.14950   
ch13                      0.14530   
ch14                      0.12529   
ch15                      0.17519   
ch16                      0.15133   
ch17                      0.12467   
ch18                      0.15627   
ch19                      0.15032   
ch2                       0.10411   
ch20                      0.11707   
ch21                      0.12289   
ch22                      0.15984   
ch23                      0.10769   
ch24                      0.14574   
ch3                       0.14107   
ch4                       0.13330   
ch5                       0.11852   
ch6                       0.14642   
ch7                       0.13019   
ch8                       0.11922   
ch9                       0.20452   
>> Doing postfit: TotalBkg
>> Doing postfit: TotalSig
>> Doing postfit: TotalProcs
>> Doing postfit: ch1,Convs
>> Doing postfit: ch1,Rares
>> Doing postfit: ch1,TTW_mll_bin0
>> Doing postfit: ch1,TTW_mll_bin1
>> Doing postfit: ch1,TTW_mll_bin2
>> Doing postfit: ch1,TTW_mll_bin3
>> Doing postfit: ch1,TTW_ooa
>> Doing postfit: ch1,TTZ
>> Doing postfit: ch1,VVV
>> Doing postfit: ch1,WZ
>> Doing postfit: ch1,ZZ
>> Doing postfit: ch1,data_fakes
>> Doing postfit: ch1,data_flips
>> Doing postfit: ch1,tHW
>> Doing postfit: ch1,tHq
>> Doing postfit: ch1,tZq
>> Doing postfit: ch1,ttH
>> Doing postfit: ch1,ttVV
>> Doing postfit: ch1,TotalBkg
>> Doing postfit: ch1,TotalSig
>> Doing postfit: ch1,TotalProcs
>> Doing postfit: ch10,Convs
>> Doing postfit: ch10,Rares
>> Doing postfit: ch10,TTW_mll_bin0
>> Doing postfit: ch10,TTW_mll_bin1
>> Doing postfit: ch10,TTW_mll_bin2
>> Doing postfit: ch10,TTW_mll_bin3
>> Doing postfit: ch10,TTW_ooa
>> Doing postfit: ch10,TTZ
>> Doing postfit: ch10,VVV
>> Doing postfit: ch10,WZ
>> Doing postfit: ch10,ZZ
>> Doing postfit: ch10,data_fakes
>> Doing postfit: ch10,data_flips
>> Doing postfit: ch10,tHW
>> Doing postfit: ch10,tHq
>> Doing postfit: ch10,tZq
>> Doing postfit: ch10,ttH
>> Doing postfit: ch10,ttVV
>> Doing postfit: ch10,TotalBkg
>> Doing postfit: ch10,TotalSig
>> Doing postfit: ch10,TotalProcs
>> Doing postfit: ch11,Convs
>> Doing postfit: ch11,Rares
>> Doing postfit: ch11,TTW_mll_bin0
>> Doing postfit: ch11,TTW_mll_bin1
>> Doing postfit: ch11,TTW_mll_bin2
>> Doing postfit: ch11,TTW_mll_bin3
>> Doing postfit: ch11,TTW_ooa
>> Doing postfit: ch11,TTZ
>> Doing postfit: ch11,VVV
>> Doing postfit: ch11,WZ
>> Doing postfit: ch11,ZZ
>> Doing postfit: ch11,data_fakes
>> Doing postfit: ch11,data_flips
>> Doing postfit: ch11,tHW
>> Doing postfit: ch11,tHq
>> Doing postfit: ch11,tZq
>> Doing postfit: ch11,ttH
>> Doing postfit: ch11,ttVV
>> Doing postfit: ch11,TotalBkg
>> Doing postfit: ch11,TotalSig
>> Doing postfit: ch11,TotalProcs
>> Doing postfit: ch12,Rares
>> Doing postfit: ch12,TTW_mll_bin0
>> Doing postfit: ch12,TTW_mll_bin1
>> Doing postfit: ch12,TTW_mll_bin2
>> Doing postfit: ch12,TTW_mll_bin3
>> Doing postfit: ch12,TTW_ooa
>> Doing postfit: ch12,TTZ
>> Doing postfit: ch12,VVV
>> Doing postfit: ch12,WZ
>> Doing postfit: ch12,ZZ
>> Doing postfit: ch12,data_fakes
>> Doing postfit: ch12,tHW
>> Doing postfit: ch12,tHq
>> Doing postfit: ch12,tZq
>> Doing postfit: ch12,ttH
>> Doing postfit: ch12,ttVV
>> Doing postfit: ch12,TotalBkg
>> Doing postfit: ch12,TotalSig
>> Doing postfit: ch12,TotalProcs
>> Doing postfit: ch13,Convs
>> Doing postfit: ch13,Rares
>> Doing postfit: ch13,TTW_mll_bin0
>> Doing postfit: ch13,TTW_mll_bin1
>> Doing postfit: ch13,TTW_mll_bin2
>> Doing postfit: ch13,TTW_mll_bin3
>> Doing postfit: ch13,TTW_ooa
>> Doing postfit: ch13,TTZ
>> Doing postfit: ch13,VVV
>> Doing postfit: ch13,WZ
>> Doing postfit: ch13,ZZ
>> Doing postfit: ch13,data_fakes
>> Doing postfit: ch13,data_flips
>> Doing postfit: ch13,tHW
>> Doing postfit: ch13,tHq
>> Doing postfit: ch13,tZq
>> Doing postfit: ch13,ttH
>> Doing postfit: ch13,ttVV
>> Doing postfit: ch13,TotalBkg
>> Doing postfit: ch13,TotalSig
>> Doing postfit: ch13,TotalProcs
>> Doing postfit: ch14,Convs
>> Doing postfit: ch14,Rares
>> Doing postfit: ch14,TTW_mll_bin0
>> Doing postfit: ch14,TTW_mll_bin1
>> Doing postfit: ch14,TTW_mll_bin2
>> Doing postfit: ch14,TTW_mll_bin3
>> Doing postfit: ch14,TTW_ooa
>> Doing postfit: ch14,TTZ
>> Doing postfit: ch14,VVV
>> Doing postfit: ch14,WZ
>> Doing postfit: ch14,ZZ
>> Doing postfit: ch14,data_fakes
>> Doing postfit: ch14,data_flips
>> Doing postfit: ch14,tHW
>> Doing postfit: ch14,tHq
>> Doing postfit: ch14,tZq
>> Doing postfit: ch14,ttH
>> Doing postfit: ch14,ttVV
>> Doing postfit: ch14,TotalBkg
>> Doing postfit: ch14,TotalSig
>> Doing postfit: ch14,TotalProcs
>> Doing postfit: ch15,Rares
>> Doing postfit: ch15,TTW_mll_bin0
>> Doing postfit: ch15,TTW_mll_bin1
>> Doing postfit: ch15,TTW_mll_bin2
>> Doing postfit: ch15,TTW_mll_bin3
>> Doing postfit: ch15,TTW_ooa
>> Doing postfit: ch15,TTZ
>> Doing postfit: ch15,VVV
>> Doing postfit: ch15,WZ
>> Doing postfit: ch15,ZZ
>> Doing postfit: ch15,data_fakes
>> Doing postfit: ch15,tHW
>> Doing postfit: ch15,tHq
>> Doing postfit: ch15,tZq
>> Doing postfit: ch15,ttH
>> Doing postfit: ch15,ttVV
>> Doing postfit: ch15,TotalBkg
>> Doing postfit: ch15,TotalSig
>> Doing postfit: ch15,TotalProcs
>> Doing postfit: ch16,Convs
>> Doing postfit: ch16,Rares
>> Doing postfit: ch16,TTW_mll_bin0
>> Doing postfit: ch16,TTW_mll_bin1
>> Doing postfit: ch16,TTW_mll_bin2
>> Doing postfit: ch16,TTW_mll_bin3
>> Doing postfit: ch16,TTW_ooa
>> Doing postfit: ch16,TTZ
>> Doing postfit: ch16,VVV
>> Doing postfit: ch16,WZ
>> Doing postfit: ch16,ZZ
>> Doing postfit: ch16,data_fakes
>> Doing postfit: ch16,data_flips
>> Doing postfit: ch16,tHW
>> Doing postfit: ch16,tHq
>> Doing postfit: ch16,tZq
>> Doing postfit: ch16,ttH
>> Doing postfit: ch16,ttVV
>> Doing postfit: ch16,TotalBkg
>> Doing postfit: ch16,TotalSig
>> Doing postfit: ch16,TotalProcs
>> Doing postfit: ch17,Convs
>> Doing postfit: ch17,Rares
>> Doing postfit: ch17,TTW_mll_bin0
>> Doing postfit: ch17,TTW_mll_bin1
>> Doing postfit: ch17,TTW_mll_bin2
>> Doing postfit: ch17,TTW_mll_bin3
>> Doing postfit: ch17,TTW_ooa
>> Doing postfit: ch17,TTZ
>> Doing postfit: ch17,VVV
>> Doing postfit: ch17,WZ
>> Doing postfit: ch17,ZZ
>> Doing postfit: ch17,data_fakes
>> Doing postfit: ch17,data_flips
>> Doing postfit: ch17,tHW
>> Doing postfit: ch17,tHq
>> Doing postfit: ch17,tZq
>> Doing postfit: ch17,ttH
>> Doing postfit: ch17,ttVV
>> Doing postfit: ch17,TotalBkg
>> Doing postfit: ch17,TotalSig
>> Doing postfit: ch17,TotalProcs
>> Doing postfit: ch18,Rares
>> Doing postfit: ch18,TTW_mll_bin0
>> Doing postfit: ch18,TTW_mll_bin1
>> Doing postfit: ch18,TTW_mll_bin2
>> Doing postfit: ch18,TTW_mll_bin3
>> Doing postfit: ch18,TTW_ooa
>> Doing postfit: ch18,TTZ
>> Doing postfit: ch18,VVV
>> Doing postfit: ch18,WZ
>> Doing postfit: ch18,ZZ
>> Doing postfit: ch18,data_fakes
>> Doing postfit: ch18,tHW
>> Doing postfit: ch18,tHq
>> Doing postfit: ch18,tZq
>> Doing postfit: ch18,ttH
>> Doing postfit: ch18,ttVV
>> Doing postfit: ch18,TotalBkg
>> Doing postfit: ch18,TotalSig
>> Doing postfit: ch18,TotalProcs
>> Doing postfit: ch19,Convs
>> Doing postfit: ch19,Rares
>> Doing postfit: ch19,TTW_mll_bin0
>> Doing postfit: ch19,TTW_mll_bin1
>> Doing postfit: ch19,TTW_mll_bin2
>> Doing postfit: ch19,TTW_mll_bin3
>> Doing postfit: ch19,TTW_ooa
>> Doing postfit: ch19,TTZ
>> Doing postfit: ch19,VVV
>> Doing postfit: ch19,WZ
>> Doing postfit: ch19,ZZ
>> Doing postfit: ch19,data_fakes
>> Doing postfit: ch19,data_flips
>> Doing postfit: ch19,tHW
>> Doing postfit: ch19,tHq
>> Doing postfit: ch19,tZq
>> Doing postfit: ch19,ttH
>> Doing postfit: ch19,ttVV
>> Doing postfit: ch19,TotalBkg
>> Doing postfit: ch19,TotalSig
>> Doing postfit: ch19,TotalProcs
>> Doing postfit: ch2,Convs
>> Doing postfit: ch2,Rares
>> Doing postfit: ch2,TTW_mll_bin0
>> Doing postfit: ch2,TTW_mll_bin1
>> Doing postfit: ch2,TTW_mll_bin2
>> Doing postfit: ch2,TTW_mll_bin3
>> Doing postfit: ch2,TTW_ooa
>> Doing postfit: ch2,TTZ
>> Doing postfit: ch2,VVV
>> Doing postfit: ch2,WZ
>> Doing postfit: ch2,ZZ
>> Doing postfit: ch2,data_fakes
>> Doing postfit: ch2,data_flips
>> Doing postfit: ch2,tHW
>> Doing postfit: ch2,tHq
>> Doing postfit: ch2,tZq
>> Doing postfit: ch2,ttH
>> Doing postfit: ch2,ttVV
>> Doing postfit: ch2,TotalBkg
>> Doing postfit: ch2,TotalSig
>> Doing postfit: ch2,TotalProcs
>> Doing postfit: ch20,Convs
>> Doing postfit: ch20,Rares
>> Doing postfit: ch20,TTW_mll_bin0
>> Doing postfit: ch20,TTW_mll_bin1
>> Doing postfit: ch20,TTW_mll_bin2
>> Doing postfit: ch20,TTW_mll_bin3
>> Doing postfit: ch20,TTW_ooa
>> Doing postfit: ch20,TTZ
>> Doing postfit: ch20,VVV
>> Doing postfit: ch20,WZ
>> Doing postfit: ch20,ZZ
>> Doing postfit: ch20,data_fakes
>> Doing postfit: ch20,data_flips
>> Doing postfit: ch20,tHW
>> Doing postfit: ch20,tHq
>> Doing postfit: ch20,tZq
>> Doing postfit: ch20,ttH
>> Doing postfit: ch20,ttVV
>> Doing postfit: ch20,TotalBkg
>> Doing postfit: ch20,TotalSig
>> Doing postfit: ch20,TotalProcs
>> Doing postfit: ch21,Rares
>> Doing postfit: ch21,TTW_mll_bin0
>> Doing postfit: ch21,TTW_mll_bin1
>> Doing postfit: ch21,TTW_mll_bin2
>> Doing postfit: ch21,TTW_mll_bin3
>> Doing postfit: ch21,TTW_ooa
>> Doing postfit: ch21,TTZ
>> Doing postfit: ch21,VVV
>> Doing postfit: ch21,WZ
>> Doing postfit: ch21,data_fakes
>> Doing postfit: ch21,tHW
>> Doing postfit: ch21,tHq
>> Doing postfit: ch21,tZq
>> Doing postfit: ch21,ttH
>> Doing postfit: ch21,ttVV
>> Doing postfit: ch21,TotalBkg
>> Doing postfit: ch21,TotalSig
>> Doing postfit: ch21,TotalProcs
>> Doing postfit: ch22,Convs
>> Doing postfit: ch22,Rares
>> Doing postfit: ch22,TTW_mll_bin0
>> Doing postfit: ch22,TTW_mll_bin1
>> Doing postfit: ch22,TTW_mll_bin2
>> Doing postfit: ch22,TTW_mll_bin3
>> Doing postfit: ch22,TTW_ooa
>> Doing postfit: ch22,TTZ
>> Doing postfit: ch22,VVV
>> Doing postfit: ch22,WZ
>> Doing postfit: ch22,ZZ
>> Doing postfit: ch22,data_fakes
>> Doing postfit: ch22,data_flips
>> Doing postfit: ch22,tHW
>> Doing postfit: ch22,tHq
>> Doing postfit: ch22,tZq
>> Doing postfit: ch22,ttH
>> Doing postfit: ch22,ttVV
>> Doing postfit: ch22,TotalBkg
>> Doing postfit: ch22,TotalSig
>> Doing postfit: ch22,TotalProcs
>> Doing postfit: ch23,Convs
>> Doing postfit: ch23,Rares
>> Doing postfit: ch23,TTW_mll_bin0
>> Doing postfit: ch23,TTW_mll_bin1
>> Doing postfit: ch23,TTW_mll_bin2
>> Doing postfit: ch23,TTW_mll_bin3
>> Doing postfit: ch23,TTW_ooa
>> Doing postfit: ch23,TTZ
>> Doing postfit: ch23,VVV
>> Doing postfit: ch23,WZ
>> Doing postfit: ch23,ZZ
>> Doing postfit: ch23,data_fakes
>> Doing postfit: ch23,data_flips
>> Doing postfit: ch23,tHW
>> Doing postfit: ch23,tHq
>> Doing postfit: ch23,tZq
>> Doing postfit: ch23,ttH
>> Doing postfit: ch23,ttVV
>> Doing postfit: ch23,TotalBkg
>> Doing postfit: ch23,TotalSig
>> Doing postfit: ch23,TotalProcs
>> Doing postfit: ch24,Rares
>> Doing postfit: ch24,TTW_mll_bin0
>> Doing postfit: ch24,TTW_mll_bin1
>> Doing postfit: ch24,TTW_mll_bin2
>> Doing postfit: ch24,TTW_mll_bin3
>> Doing postfit: ch24,TTW_ooa
>> Doing postfit: ch24,TTZ
>> Doing postfit: ch24,VVV
>> Doing postfit: ch24,WZ
>> Doing postfit: ch24,ZZ
>> Doing postfit: ch24,data_fakes
>> Doing postfit: ch24,tHW
>> Doing postfit: ch24,tHq
>> Doing postfit: ch24,tZq
>> Doing postfit: ch24,ttH
>> Doing postfit: ch24,ttVV
>> Doing postfit: ch24,TotalBkg
>> Doing postfit: ch24,TotalSig
>> Doing postfit: ch24,TotalProcs
>> Doing postfit: ch3,Rares
>> Doing postfit: ch3,TTW_mll_bin0
>> Doing postfit: ch3,TTW_mll_bin1
>> Doing postfit: ch3,TTW_mll_bin2
>> Doing postfit: ch3,TTW_mll_bin3
>> Doing postfit: ch3,TTW_ooa
>> Doing postfit: ch3,TTZ
>> Doing postfit: ch3,VVV
>> Doing postfit: ch3,WZ
>> Doing postfit: ch3,ZZ
>> Doing postfit: ch3,data_fakes
>> Doing postfit: ch3,tHW
>> Doing postfit: ch3,tHq
>> Doing postfit: ch3,tZq
>> Doing postfit: ch3,ttH
>> Doing postfit: ch3,ttVV
>> Doing postfit: ch3,TotalBkg
>> Doing postfit: ch3,TotalSig
>> Doing postfit: ch3,TotalProcs
>> Doing postfit: ch4,Convs
>> Doing postfit: ch4,Rares
>> Doing postfit: ch4,TTW_mll_bin0
>> Doing postfit: ch4,TTW_mll_bin1
>> Doing postfit: ch4,TTW_mll_bin2
>> Doing postfit: ch4,TTW_mll_bin3
>> Doing postfit: ch4,TTW_ooa
>> Doing postfit: ch4,TTZ
>> Doing postfit: ch4,VVV
>> Doing postfit: ch4,WZ
>> Doing postfit: ch4,ZZ
>> Doing postfit: ch4,data_fakes
>> Doing postfit: ch4,data_flips
>> Doing postfit: ch4,tHW
>> Doing postfit: ch4,tHq
>> Doing postfit: ch4,tZq
>> Doing postfit: ch4,ttH
>> Doing postfit: ch4,ttVV
>> Doing postfit: ch4,TotalBkg
>> Doing postfit: ch4,TotalSig
>> Doing postfit: ch4,TotalProcs
>> Doing postfit: ch5,Convs
>> Doing postfit: ch5,Rares
>> Doing postfit: ch5,TTW_mll_bin0
>> Doing postfit: ch5,TTW_mll_bin1
>> Doing postfit: ch5,TTW_mll_bin2
>> Doing postfit: ch5,TTW_mll_bin3
>> Doing postfit: ch5,TTW_ooa
>> Doing postfit: ch5,TTZ
>> Doing postfit: ch5,VVV
>> Doing postfit: ch5,WZ
>> Doing postfit: ch5,ZZ
>> Doing postfit: ch5,data_fakes
>> Doing postfit: ch5,data_flips
>> Doing postfit: ch5,tHW
>> Doing postfit: ch5,tHq
>> Doing postfit: ch5,tZq
>> Doing postfit: ch5,ttH
>> Doing postfit: ch5,ttVV
>> Doing postfit: ch5,TotalBkg
>> Doing postfit: ch5,TotalSig
>> Doing postfit: ch5,TotalProcs
>> Doing postfit: ch6,Rares
>> Doing postfit: ch6,TTW_mll_bin0
>> Doing postfit: ch6,TTW_mll_bin1
>> Doing postfit: ch6,TTW_mll_bin2
>> Doing postfit: ch6,TTW_mll_bin3
>> Doing postfit: ch6,TTW_ooa
>> Doing postfit: ch6,TTZ
>> Doing postfit: ch6,VVV
>> Doing postfit: ch6,WZ
>> Doing postfit: ch6,ZZ
>> Doing postfit: ch6,data_fakes
>> Doing postfit: ch6,tHW
>> Doing postfit: ch6,tHq
>> Doing postfit: ch6,tZq
>> Doing postfit: ch6,ttH
>> Doing postfit: ch6,ttVV
>> Doing postfit: ch6,TotalBkg
>> Doing postfit: ch6,TotalSig
>> Doing postfit: ch6,TotalProcs
>> Doing postfit: ch7,Convs
>> Doing postfit: ch7,Rares
>> Doing postfit: ch7,TTW_mll_bin0
>> Doing postfit: ch7,TTW_mll_bin1
>> Doing postfit: ch7,TTW_mll_bin2
>> Doing postfit: ch7,TTW_mll_bin3
>> Doing postfit: ch7,TTW_ooa
>> Doing postfit: ch7,TTZ
>> Doing postfit: ch7,VVV
>> Doing postfit: ch7,WZ
>> Doing postfit: ch7,ZZ
>> Doing postfit: ch7,data_fakes
>> Doing postfit: ch7,data_flips
>> Doing postfit: ch7,tHW
>> Doing postfit: ch7,tHq
>> Doing postfit: ch7,tZq
>> Doing postfit: ch7,ttH
>> Doing postfit: ch7,ttVV
>> Doing postfit: ch7,TotalBkg
>> Doing postfit: ch7,TotalSig
>> Doing postfit: ch7,TotalProcs
>> Doing postfit: ch8,Convs
>> Doing postfit: ch8,Rares
>> Doing postfit: ch8,TTW_mll_bin0
>> Doing postfit: ch8,TTW_mll_bin1
>> Doing postfit: ch8,TTW_mll_bin2
>> Doing postfit: ch8,TTW_mll_bin3
>> Doing postfit: ch8,TTW_ooa
>> Doing postfit: ch8,TTZ
>> Doing postfit: ch8,VVV
>> Doing postfit: ch8,WZ
>> Doing postfit: ch8,ZZ
>> Doing postfit: ch8,data_fakes
>> Doing postfit: ch8,data_flips
>> Doing postfit: ch8,tHW
>> Doing postfit: ch8,tHq
>> Doing postfit: ch8,tZq
>> Doing postfit: ch8,ttH
>> Doing postfit: ch8,ttVV
>> Doing postfit: ch8,TotalBkg
>> Doing postfit: ch8,TotalSig
>> Doing postfit: ch8,TotalProcs
>> Doing postfit: ch9,Rares
>> Doing postfit: ch9,TTW_mll_bin0
>> Doing postfit: ch9,TTW_mll_bin1
>> Doing postfit: ch9,TTW_mll_bin2
>> Doing postfit: ch9,TTW_mll_bin3
>> Doing postfit: ch9,TTW_ooa
>> Doing postfit: ch9,TTZ
>> Doing postfit: ch9,VVV
>> Doing postfit: ch9,WZ
>> Doing postfit: ch9,ZZ
>> Doing postfit: ch9,data_fakes
>> Doing postfit: ch9,tHW
>> Doing postfit: ch9,tHq
>> Doing postfit: ch9,tZq
>> Doing postfit: ch9,ttH
>> Doing postfit: ch9,ttVV
>> Doing postfit: ch9,TotalBkg
>> Doing postfit: ch9,TotalSig
>> Doing postfit: ch9,TotalProcs

Bin                       Total relative bkg uncert. (postfit)
----------------------------------------------------------
ch1                       0.10501   
ch10                      0.11300   
ch11                      0.07681   
ch12                      0.44859   
ch13                      0.09766   
ch14                      0.08032   
ch15                      0.09063   
ch16                      0.09947   
ch17                      0.08188   
ch18                      0.09084   
ch19                      0.09068   
ch2                       0.06713   
ch20                      0.06961   
ch21                      0.07154   
ch22                      0.08322   
ch23                      0.06250   
ch24                      0.07933   
ch3                       0.09253   
ch4                       0.10138   
ch5                       0.07832   
ch6                       0.08640   
ch7                       0.08990   
ch8                       0.08031   
ch9                       0.11690   

Bin                       Process              Scale factor
----------------------------------------------------------
ch1                       Convs                1.11042   
ch1                       Rares                1.22355   
ch1                       TTW_mll_bin0         1.27108   
ch1                       TTW_mll_bin1         1.28566   
ch1                       TTW_mll_bin2         1.48212   
ch1                       TTW_mll_bin3         1.61757   
ch1                       TTW_ooa              1.13688   
ch1                       TTZ                  1.13117   
ch1                       VVV                  1.66733   
ch1                       WZ                   1.02398   
ch1                       ZZ                   1.52629   
ch1                       data_fakes           1.41331   
ch1                       data_flips           0.98233   
ch1                       tHW                  1.06520   
ch1                       tHq                  1.06469   
ch1                       tZq                  1.16489   
ch1                       ttH                  1.08914   
ch1                       ttVV                 1.11649   
ch10                      Convs                1.09786   
ch10                      Rares                1.26129   
ch10                      TTW_mll_bin0         1.28305   
ch10                      TTW_mll_bin1         1.35553   
ch10                      TTW_mll_bin2         1.51923   
ch10                      TTW_mll_bin3         1.62333   
ch10                      TTW_ooa              1.14566   
ch10                      TTZ                  1.13383   
ch10                      VVV                  1.88252   
ch10                      WZ                   1.28465   
ch10                      ZZ                   2.39464   
ch10                      data_fakes           1.44363   
ch10                      data_flips           0.98225   
ch10                      tHW                  1.14801   
ch10                      tHq                  1.17439   
ch10                      tZq                  1.40520   
ch10                      ttH                  1.10795   
ch10                      ttVV                 1.10338   
ch11                      Convs                1.16406   
ch11                      Rares                1.32745   
ch11                      TTW_mll_bin0         1.28369   
ch11                      TTW_mll_bin1         1.28472   
ch11                      TTW_mll_bin2         1.45462   
ch11                      TTW_mll_bin3         1.57372   
ch11                      TTW_ooa              1.16391   
ch11                      TTZ                  1.16583   
ch11                      VVV                  2.21276   
ch11                      WZ                   1.22089   
ch11                      ZZ                   1.63726   
ch11                      data_fakes           1.17397   
ch11                      data_flips           0.98272   
ch11                      tHW                  1.12128   
ch11                      tHq                  1.09515   
ch11                      tZq                  1.17714   
ch11                      ttH                  1.07108   
ch11                      ttVV                 1.07622   
ch12                      Rares                1.08091   
ch12                      TTW_mll_bin0         1.23991   
ch12                      TTW_mll_bin1         1.24206   
ch12                      TTW_mll_bin2         1.41237   
ch12                      TTW_mll_bin3         1.47720   
ch12                      TTW_ooa              1.11505   
ch12                      TTZ                  1.13513   
ch12                      VVV                  223.45207 
ch12                      WZ                   1.07940   
ch12                      ZZ                   1.89250   
ch12                      data_fakes           0.96671   
ch12                      tHW                  1.04626   
ch12                      tHq                  1.08216   
ch12                      tZq                  1.17279   
ch12                      ttH                  1.03695   
ch12                      ttVV                 1.04304   
ch13                      Convs                1.02023   
ch13                      Rares                1.11928   
ch13                      TTW_mll_bin0         1.28873   
ch13                      TTW_mll_bin1         1.29874   
ch13                      TTW_mll_bin2         1.47301   
ch13                      TTW_mll_bin3         1.61576   
ch13                      TTW_ooa              1.16543   
ch13                      TTZ                  1.05597   
ch13                      VVV                  1.53944   
ch13                      WZ                   1.04722   
ch13                      ZZ                   1.23955   
ch13                      data_fakes           1.34315   
ch13                      data_flips           0.98223   
ch13                      tHW                  1.05961   
ch13                      tHq                  1.09579   
ch13                      tZq                  1.18713   
ch13                      ttH                  1.08281   
ch13                      ttVV                 1.09926   
ch14                      Convs                1.02369   
ch14                      Rares                1.26163   
ch14                      TTW_mll_bin0         1.27649   
ch14                      TTW_mll_bin1         1.26957   
ch14                      TTW_mll_bin2         1.44455   
ch14                      TTW_mll_bin3         1.55384   
ch14                      TTW_ooa              1.08651   
ch14                      TTZ                  1.11697   
ch14                      VVV                  1.75502   
ch14                      WZ                   1.04945   
ch14                      ZZ                   1.51128   
ch14                      data_fakes           1.10581   
ch14                      data_flips           0.98255   
ch14                      tHW                  1.04350   
ch14                      tHq                  1.04148   
ch14                      tZq                  1.18573   
ch14                      ttH                  1.05356   
ch14                      ttVV                 1.07773   
ch15                      Rares                1.13607   
ch15                      TTW_mll_bin0         1.23948   
ch15                      TTW_mll_bin1         1.23793   
ch15                      TTW_mll_bin2         1.39131   
ch15                      TTW_mll_bin3         1.50453   
ch15                      TTW_ooa              1.03579   
ch15                      TTZ                  1.12751   
ch15                      VVV                  1.57689   
ch15                      WZ                   1.02087   
ch15                      ZZ                   1.37800   
ch15                      data_fakes           0.89806   
ch15                      tHW                  1.01558   
ch15                      tHq                  1.08800   
ch15                      tZq                  1.16136   
ch15                      ttH                  1.02823   
ch15                      ttVV                 1.04951   
ch16                      Convs                1.08730   
ch16                      Rares                1.31385   
ch16                      TTW_mll_bin0         1.28266   
ch16                      TTW_mll_bin1         1.29180   
ch16                      TTW_mll_bin2         1.47193   
ch16                      TTW_mll_bin3         1.59326   
ch16                      TTW_ooa              1.12791   
ch16                      TTZ                  1.15230   
ch16                      VVV                  1.70064   
ch16                      WZ                   1.14358   
ch16                      ZZ                   1.42264   
ch16                      data_fakes           1.38019   
ch16                      data_flips           0.98281   
ch16                      tHW                  1.06975   
ch16                      tHq                  1.07225   
ch16                      tZq                  1.23158   
ch16                      ttH                  1.07398   
ch16                      ttVV                 1.10502   
ch17                      Convs                0.94926   
ch17                      Rares                1.27310   
ch17                      TTW_mll_bin0         1.26399   
ch17                      TTW_mll_bin1         1.26836   
ch17                      TTW_mll_bin2         1.44959   
ch17                      TTW_mll_bin3         1.55281   
ch17                      TTW_ooa              1.08779   
ch17                      TTZ                  1.18047   
ch17                      VVV                  1.81274   
ch17                      WZ                   1.07287   
ch17                      ZZ                   1.33500   
ch17                      data_fakes           1.10237   
ch17                      data_flips           0.98263   
ch17                      tHW                  1.04781   
ch17                      tHq                  1.07429   
ch17                      tZq                  1.14700   
ch17                      ttH                  1.05770   
ch17                      ttVV                 1.08011   
ch18                      Rares                1.19426   
ch18                      TTW_mll_bin0         1.23078   
ch18                      TTW_mll_bin1         1.23553   
ch18                      TTW_mll_bin2         1.41131   
ch18                      TTW_mll_bin3         1.51187   
ch18                      TTW_ooa              1.05772   
ch18                      TTZ                  1.12717   
ch18                      VVV                  1.61698   
ch18                      WZ                   0.98375   
ch18                      ZZ                   1.06164   
ch18                      data_fakes           0.91087   
ch18                      tHW                  1.03209   
ch18                      tHq                  1.02910   
ch18                      tZq                  1.16578   
ch18                      ttH                  1.03274   
ch18                      ttVV                 1.05370   
ch19                      Convs                1.16260   
ch19                      Rares                1.31996   
ch19                      TTW_mll_bin0         1.27732   
ch19                      TTW_mll_bin1         1.27353   
ch19                      TTW_mll_bin2         1.44424   
ch19                      TTW_mll_bin3         1.54459   
ch19                      TTW_ooa              1.08153   
ch19                      TTZ                  1.14538   
ch19                      VVV                  1.84112   
ch19                      WZ                   1.08813   
ch19                      ZZ                   1.10797   
ch19                      data_fakes           1.42308   
ch19                      data_flips           0.98263   
ch19                      tHW                  1.07705   
ch19                      tHq                  1.06401   
ch19                      tZq                  1.17025   
ch19                      ttH                  1.04989   
ch19                      ttVV                 1.09089   
ch2                       Convs                1.12259   
ch2                       Rares                1.18499   
ch2                       TTW_mll_bin0         1.26480   
ch2                       TTW_mll_bin1         1.26049   
ch2                       TTW_mll_bin2         1.41825   
ch2                       TTW_mll_bin3         1.53599   
ch2                       TTW_ooa              1.07293   
ch2                       TTZ                  1.12364   
ch2                       VVV                  1.60292   
ch2                       WZ                   0.97772   
ch2                       ZZ                   1.35227   
ch2                       data_fakes           1.15168   
ch2                       data_flips           0.98249   
ch2                       tHW                  1.02699   
ch2                       tHq                  1.04410   
ch2                       tZq                  1.10129   
ch2                       ttH                  1.04453   
ch2                       ttVV                 1.06581   
ch20                      Convs                1.08674   
ch20                      Rares                1.27747   
ch20                      TTW_mll_bin0         1.24861   
ch20                      TTW_mll_bin1         1.25024   
ch20                      TTW_mll_bin2         1.43083   
ch20                      TTW_mll_bin3         1.51120   
ch20                      TTW_ooa              1.04368   
ch20                      TTZ                  1.13449   
ch20                      VVV                  1.65423   
ch20                      WZ                   0.93217   
ch20                      ZZ                   1.20981   
ch20                      data_fakes           1.13718   
ch20                      data_flips           0.98248   
ch20                      tHW                  1.04843   
ch20                      tHq                  1.03251   
ch20                      tZq                  1.12177   
ch20                      ttH                  1.03603   
ch20                      ttVV                 1.06453   
ch21                      Rares                1.11942   
ch21                      TTW_mll_bin0         1.21251   
ch21                      TTW_mll_bin1         1.21850   
ch21                      TTW_mll_bin2         1.38657   
ch21                      TTW_mll_bin3         1.48635   
ch21                      TTW_ooa              1.02206   
ch21                      TTZ                  1.12447   
ch21                      VVV                  1.60324   
ch21                      WZ                   1.09281   
ch21                      data_fakes           0.96760   
ch21                      tHW                  1.00349   
ch21                      tHq                  1.00140   
ch21                      tZq                  1.11637   
ch21                      ttH                  1.02051   
ch21                      ttVV                 1.03343   
ch22                      Convs                1.16283   
ch22                      Rares                1.22033   
ch22                      TTW_mll_bin0         1.28043   
ch22                      TTW_mll_bin1         1.27849   
ch22                      TTW_mll_bin2         1.43639   
ch22                      TTW_mll_bin3         1.54814   
ch22                      TTW_ooa              1.10596   
ch22                      TTZ                  1.20508   
ch22                      VVV                  1.32220   
ch22                      WZ                   0.99065   
ch22                      ZZ                   1.08079   
ch22                      data_fakes           1.46545   
ch22                      data_flips           0.98264   
ch22                      tHW                  1.04443   
ch22                      tHq                  1.07481   
ch22                      tZq                  1.20307   
ch22                      ttH                  1.04808   
ch22                      ttVV                 1.08899   
ch23                      Convs                0.95715   
ch23                      Rares                1.11379   
ch23                      TTW_mll_bin0         1.24467   
ch23                      TTW_mll_bin1         1.24217   
ch23                      TTW_mll_bin2         1.41577   
ch23                      TTW_mll_bin3         1.51881   
ch23                      TTW_ooa              1.06905   
ch23                      TTZ                  1.14418   
ch23                      VVV                  1.66258   
ch23                      WZ                   1.02475   
ch23                      ZZ                   1.24814   
ch23                      data_fakes           1.09420   
ch23                      data_flips           0.98256   
ch23                      tHW                  1.03426   
ch23                      tHq                  1.04184   
ch23                      tZq                  1.09269   
ch23                      ttH                  1.02041   
ch23                      ttVV                 1.06387   
ch24                      Rares                1.24704   
ch24                      TTW_mll_bin0         1.20887   
ch24                      TTW_mll_bin1         1.21243   
ch24                      TTW_mll_bin2         1.38562   
ch24                      TTW_mll_bin3         1.46829   
ch24                      TTW_ooa              1.01522   
ch24                      TTZ                  1.11239   
ch24                      VVV                  1.62645   
ch24                      WZ                   1.06826   
ch24                      ZZ                   1.39913   
ch24                      data_fakes           0.94247   
ch24                      tHW                  1.00806   
ch24                      tHq                  1.02914   
ch24                      tZq                  1.19616   
ch24                      ttH                  1.01414   
ch24                      ttVV                 1.02942   
ch3                       Rares                1.10907   
ch3                       TTW_mll_bin0         1.23050   
ch3                       TTW_mll_bin1         1.22149   
ch3                       TTW_mll_bin2         1.39749   
ch3                       TTW_mll_bin3         1.47153   
ch3                       TTW_ooa              1.03535   
ch3                       TTZ                  1.13991   
ch3                       VVV                  1.85998   
ch3                       WZ                   1.08101   
ch3                       ZZ                   1.59049   
ch3                       data_fakes           0.97663   
ch3                       tHW                  0.99441   
ch3                       tHq                  1.03119   
ch3                       tZq                  1.12576   
ch3                       ttH                  1.02855   
ch3                       ttVV                 1.03042   
ch4                       Convs                1.10339   
ch4                       Rares                1.20958   
ch4                       TTW_mll_bin0         1.31097   
ch4                       TTW_mll_bin1         1.27991   
ch4                       TTW_mll_bin2         1.46427   
ch4                       TTW_mll_bin3         1.60927   
ch4                       TTW_ooa              1.16121   
ch4                       TTZ                  1.13228   
ch4                       VVV                  1.66364   
ch4                       WZ                   1.03409   
ch4                       ZZ                   1.66114   
ch4                       data_fakes           1.34211   
ch4                       data_flips           0.98227   
ch4                       tHW                  1.07570   
ch4                       tHq                  1.11959   
ch4                       tZq                  1.16960   
ch4                       ttH                  1.06408   
ch4                       ttVV                 1.09655   
ch5                       Convs                1.03407   
ch5                       Rares                1.18465   
ch5                       TTW_mll_bin0         1.25158   
ch5                       TTW_mll_bin1         1.25412   
ch5                       TTW_mll_bin2         1.43497   
ch5                       TTW_mll_bin3         1.55316   
ch5                       TTW_ooa              1.08993   
ch5                       TTZ                  1.10280   
ch5                       VVV                  1.61443   
ch5                       WZ                   1.00959   
ch5                       ZZ                   1.22775   
ch5                       data_fakes           1.11070   
ch5                       data_flips           0.98240   
ch5                       tHW                  1.03628   
ch5                       tHq                  1.05084   
ch5                       tZq                  1.15688   
ch5                       ttH                  1.03978   
ch5                       ttVV                 1.07334   
ch6                       Rares                1.43185   
ch6                       TTW_mll_bin0         1.21162   
ch6                       TTW_mll_bin1         1.21705   
ch6                       TTW_mll_bin2         1.38647   
ch6                       TTW_mll_bin3         1.48086   
ch6                       TTW_ooa              1.04616   
ch6                       TTZ                  1.13013   
ch6                       VVV                  1.46499   
ch6                       WZ                   1.00842   
ch6                       ZZ                   1.65089   
ch6                       data_fakes           0.95210   
ch6                       tHW                  1.00972   
ch6                       tHq                  1.01833   
ch6                       tZq                  1.06233   
ch6                       ttH                  1.01116   
ch6                       ttVV                 1.03008   
ch7                       Convs                1.12198   
ch7                       Rares                1.24774   
ch7                       TTW_mll_bin0         1.28263   
ch7                       TTW_mll_bin1         1.29887   
ch7                       TTW_mll_bin2         1.52957   
ch7                       TTW_mll_bin3         1.64246   
ch7                       TTW_ooa              1.12035   
ch7                       TTZ                  1.22929   
ch7                       VVV                  1.93681   
ch7                       WZ                   1.60004   
ch7                       ZZ                   1.49736   
ch7                       data_fakes           1.28041   
ch7                       data_flips           0.98234   
ch7                       tHW                  1.12370   
ch7                       tHq                  1.08413   
ch7                       tZq                  1.33372   
ch7                       ttH                  1.07061   
ch7                       ttVV                 1.09896   
ch8                       Convs                1.12246   
ch8                       Rares                1.29422   
ch8                       TTW_mll_bin0         1.28345   
ch8                       TTW_mll_bin1         1.28422   
ch8                       TTW_mll_bin2         1.45704   
ch8                       TTW_mll_bin3         1.59716   
ch8                       TTW_ooa              1.12847   
ch8                       TTZ                  1.19213   
ch8                       VVV                  1.81701   
ch8                       WZ                   1.97725   
ch8                       ZZ                   1.38770   
ch8                       data_fakes           1.09023   
ch8                       data_flips           0.98319   
ch8                       tHW                  1.07061   
ch8                       tHq                  1.10100   
ch8                       tZq                  1.25219   
ch8                       ttH                  1.06792   
ch8                       ttVV                 1.09634   
ch9                       Rares                1.18912   
ch9                       TTW_mll_bin0         1.26528   
ch9                       TTW_mll_bin1         1.22808   
ch9                       TTW_mll_bin2         1.41255   
ch9                       TTW_mll_bin3         1.49570   
ch9                       TTW_ooa              1.09867   
ch9                       TTZ                  1.14452   
ch9                       VVV                  1.75005   
ch9                       WZ                   1.33062   
ch9                       ZZ                   1.37699   
ch9                       data_fakes           0.93537   
ch9                       tHW                  1.05398   
ch9                       tHq                  1.08334   
ch9                       tZq                  1.39349   
ch9                       ttH                  1.04518   
ch9                       ttVV                 1.07236   
