WARNING: the default behaviour of PostFitShapesFromWorkspace is to use the covariance matrix sampling method for the post-fit uncertainty. The option --sampling is deprecated and will be removed in future versions of CombineHarvester
[SetFlag] Changing value of flag "workspaces-use-clone" from 0 to 1
[#1] INFO:ObjectHandling -- RooWorkspace::import(w) importing dataset ch1
[#1] INFO:ObjectHandling -- RooWorkspace::import(w) importing dataset ch10
[#1] INFO:ObjectHandling -- RooWorkspace::import(w) importing dataset ch11
[#1] INFO:ObjectHandling -- RooWorkspace::import(w) importing dataset ch12
[#1] INFO:ObjectHandling -- RooWorkspace::import(w) importing dataset ch2
[#1] INFO:ObjectHandling -- RooWorkspace::import(w) importing dataset ch3
[#1] INFO:ObjectHandling -- RooWorkspace::import(w) importing dataset ch4
[#1] INFO:ObjectHandling -- RooWorkspace::import(w) importing dataset ch5
[#1] INFO:ObjectHandling -- RooWorkspace::import(w) importing dataset ch6
[#1] INFO:ObjectHandling -- RooWorkspace::import(w) importing dataset ch7
[#1] INFO:ObjectHandling -- RooWorkspace::import(w) importing dataset ch8
[#1] INFO:ObjectHandling -- RooWorkspace::import(w) importing dataset ch9
[SetFlag] Changing value of flag "workspaces-use-clone" from 0 to 1
>> Doing prefit: TotalBkg
>> Doing prefit: TotalSig
>> Doing prefit: TotalProcs
>> Doing prefit: ch1,Convs
>> Doing prefit: ch1,Rares
>> Doing prefit: ch1,TTW_mll_bin0
>> Doing prefit: ch1,TTW_mll_bin1
>> Doing prefit: ch1,TTW_mll_bin2
>> Doing prefit: ch1,TTW_mll_bin3
>> Doing prefit: ch1,TTW_ooa
>> Doing prefit: ch1,TTZ
>> Doing prefit: ch1,VVV
>> Doing prefit: ch1,WZ
>> Doing prefit: ch1,ZZ
>> Doing prefit: ch1,data_fakes
>> Doing prefit: ch1,data_flips
>> Doing prefit: ch1,tHW
>> Doing prefit: ch1,tHq
>> Doing prefit: ch1,tZq
>> Doing prefit: ch1,ttH
>> Doing prefit: ch1,ttVV
>> Doing prefit: ch1,TotalBkg
>> Doing prefit: ch1,TotalSig
>> Doing prefit: ch1,TotalProcs
>> Doing prefit: ch10,Convs
>> Doing prefit: ch10,Rares
>> Doing prefit: ch10,TTW_mll_bin0
>> Doing prefit: ch10,TTW_mll_bin1
>> Doing prefit: ch10,TTW_mll_bin2
>> Doing prefit: ch10,TTW_mll_bin3
>> Doing prefit: ch10,TTW_ooa
>> Doing prefit: ch10,TTZ
>> Doing prefit: ch10,VVV
>> Doing prefit: ch10,WZ
>> Doing prefit: ch10,ZZ
>> Doing prefit: ch10,data_fakes
>> Doing prefit: ch10,data_flips
>> Doing prefit: ch10,tHW
>> Doing prefit: ch10,tHq
>> Doing prefit: ch10,tZq
>> Doing prefit: ch10,ttH
>> Doing prefit: ch10,ttVV
>> Doing prefit: ch10,TotalBkg
>> Doing prefit: ch10,TotalSig
>> Doing prefit: ch10,TotalProcs
>> Doing prefit: ch11,Convs
>> Doing prefit: ch11,Rares
>> Doing prefit: ch11,TTW_mll_bin0
>> Doing prefit: ch11,TTW_mll_bin1
>> Doing prefit: ch11,TTW_mll_bin2
>> Doing prefit: ch11,TTW_mll_bin3
>> Doing prefit: ch11,TTW_ooa
>> Doing prefit: ch11,TTZ
>> Doing prefit: ch11,VVV
>> Doing prefit: ch11,WZ
>> Doing prefit: ch11,ZZ
>> Doing prefit: ch11,data_fakes
>> Doing prefit: ch11,data_flips
>> Doing prefit: ch11,tHW
>> Doing prefit: ch11,tHq
>> Doing prefit: ch11,tZq
>> Doing prefit: ch11,ttH
>> Doing prefit: ch11,ttVV
>> Doing prefit: ch11,TotalBkg
>> Doing prefit: ch11,TotalSig
>> Doing prefit: ch11,TotalProcs
>> Doing prefit: ch12,Rares
>> Doing prefit: ch12,TTW_mll_bin0
>> Doing prefit: ch12,TTW_mll_bin1
>> Doing prefit: ch12,TTW_mll_bin2
>> Doing prefit: ch12,TTW_mll_bin3
>> Doing prefit: ch12,TTW_ooa
>> Doing prefit: ch12,TTZ
>> Doing prefit: ch12,VVV
>> Doing prefit: ch12,WZ
>> Doing prefit: ch12,data_fakes
>> Doing prefit: ch12,tHW
>> Doing prefit: ch12,tHq
>> Doing prefit: ch12,tZq
>> Doing prefit: ch12,ttH
>> Doing prefit: ch12,ttVV
>> Doing prefit: ch12,TotalBkg
>> Doing prefit: ch12,TotalSig
>> Doing prefit: ch12,TotalProcs
>> Doing prefit: ch2,Convs
>> Doing prefit: ch2,Rares
>> Doing prefit: ch2,TTW_mll_bin0
>> Doing prefit: ch2,TTW_mll_bin1
>> Doing prefit: ch2,TTW_mll_bin2
>> Doing prefit: ch2,TTW_mll_bin3
>> Doing prefit: ch2,TTW_ooa
>> Doing prefit: ch2,TTZ
>> Doing prefit: ch2,VVV
>> Doing prefit: ch2,WZ
>> Doing prefit: ch2,ZZ
>> Doing prefit: ch2,data_fakes
>> Doing prefit: ch2,data_flips
>> Doing prefit: ch2,tHW
>> Doing prefit: ch2,tHq
>> Doing prefit: ch2,tZq
>> Doing prefit: ch2,ttH
>> Doing prefit: ch2,ttVV
>> Doing prefit: ch2,TotalBkg
>> Doing prefit: ch2,TotalSig
>> Doing prefit: ch2,TotalProcs
>> Doing prefit: ch3,Rares
>> Doing prefit: ch3,TTW_mll_bin0
>> Doing prefit: ch3,TTW_mll_bin1
>> Doing prefit: ch3,TTW_mll_bin2
>> Doing prefit: ch3,TTW_mll_bin3
>> Doing prefit: ch3,TTW_ooa
>> Doing prefit: ch3,TTZ
>> Doing prefit: ch3,VVV
>> Doing prefit: ch3,WZ
>> Doing prefit: ch3,ZZ
>> Doing prefit: ch3,data_fakes
>> Doing prefit: ch3,tHW
>> Doing prefit: ch3,tHq
>> Doing prefit: ch3,tZq
>> Doing prefit: ch3,ttH
>> Doing prefit: ch3,ttVV
>> Doing prefit: ch3,TotalBkg
>> Doing prefit: ch3,TotalSig
>> Doing prefit: ch3,TotalProcs
>> Doing prefit: ch4,Convs
>> Doing prefit: ch4,Rares
>> Doing prefit: ch4,TTW_mll_bin0
>> Doing prefit: ch4,TTW_mll_bin1
>> Doing prefit: ch4,TTW_mll_bin2
>> Doing prefit: ch4,TTW_mll_bin3
>> Doing prefit: ch4,TTW_ooa
>> Doing prefit: ch4,TTZ
>> Doing prefit: ch4,VVV
>> Doing prefit: ch4,WZ
>> Doing prefit: ch4,ZZ
>> Doing prefit: ch4,data_fakes
>> Doing prefit: ch4,data_flips
>> Doing prefit: ch4,tHW
>> Doing prefit: ch4,tHq
>> Doing prefit: ch4,tZq
>> Doing prefit: ch4,ttH
>> Doing prefit: ch4,ttVV
>> Doing prefit: ch4,TotalBkg
>> Doing prefit: ch4,TotalSig
>> Doing prefit: ch4,TotalProcs
>> Doing prefit: ch5,Convs
>> Doing prefit: ch5,Rares
>> Doing prefit: ch5,TTW_mll_bin0
>> Doing prefit: ch5,TTW_mll_bin1
>> Doing prefit: ch5,TTW_mll_bin2
>> Doing prefit: ch5,TTW_mll_bin3
>> Doing prefit: ch5,TTW_ooa
>> Doing prefit: ch5,TTZ
>> Doing prefit: ch5,VVV
>> Doing prefit: ch5,WZ
>> Doing prefit: ch5,ZZ
>> Doing prefit: ch5,data_fakes
>> Doing prefit: ch5,data_flips
>> Doing prefit: ch5,tHW
>> Doing prefit: ch5,tHq
>> Doing prefit: ch5,tZq
>> Doing prefit: ch5,ttH
>> Doing prefit: ch5,ttVV
>> Doing prefit: ch5,TotalBkg
>> Doing prefit: ch5,TotalSig
>> Doing prefit: ch5,TotalProcs
>> Doing prefit: ch6,Rares
>> Doing prefit: ch6,TTW_mll_bin0
>> Doing prefit: ch6,TTW_mll_bin1
>> Doing prefit: ch6,TTW_mll_bin2
>> Doing prefit: ch6,TTW_mll_bin3
>> Doing prefit: ch6,TTW_ooa
>> Doing prefit: ch6,TTZ
>> Doing prefit: ch6,VVV
>> Doing prefit: ch6,WZ
>> Doing prefit: ch6,ZZ
>> Doing prefit: ch6,data_fakes
>> Doing prefit: ch6,tHW
>> Doing prefit: ch6,tHq
>> Doing prefit: ch6,tZq
>> Doing prefit: ch6,ttH
>> Doing prefit: ch6,ttVV
>> Doing prefit: ch6,TotalBkg
>> Doing prefit: ch6,TotalSig
>> Doing prefit: ch6,TotalProcs
>> Doing prefit: ch7,Convs
>> Doing prefit: ch7,Rares
>> Doing prefit: ch7,TTW_mll_bin0
>> Doing prefit: ch7,TTW_mll_bin1
>> Doing prefit: ch7,TTW_mll_bin2
>> Doing prefit: ch7,TTW_mll_bin3
>> Doing prefit: ch7,TTW_ooa
>> Doing prefit: ch7,TTZ
>> Doing prefit: ch7,VVV
>> Doing prefit: ch7,WZ
>> Doing prefit: ch7,ZZ
>> Doing prefit: ch7,data_fakes
>> Doing prefit: ch7,data_flips
>> Doing prefit: ch7,tHW
>> Doing prefit: ch7,tHq
>> Doing prefit: ch7,tZq
>> Doing prefit: ch7,ttH
>> Doing prefit: ch7,ttVV
>> Doing prefit: ch7,TotalBkg
>> Doing prefit: ch7,TotalSig
>> Doing prefit: ch7,TotalProcs
>> Doing prefit: ch8,Convs
>> Doing prefit: ch8,Rares
>> Doing prefit: ch8,TTW_mll_bin0
>> Doing prefit: ch8,TTW_mll_bin1
>> Doing prefit: ch8,TTW_mll_bin2
>> Doing prefit: ch8,TTW_mll_bin3
>> Doing prefit: ch8,TTW_ooa
>> Doing prefit: ch8,TTZ
>> Doing prefit: ch8,VVV
>> Doing prefit: ch8,WZ
>> Doing prefit: ch8,ZZ
>> Doing prefit: ch8,data_fakes
>> Doing prefit: ch8,data_flips
>> Doing prefit: ch8,tHW
>> Doing prefit: ch8,tHq
>> Doing prefit: ch8,tZq
>> Doing prefit: ch8,ttH
>> Doing prefit: ch8,ttVV
>> Doing prefit: ch8,TotalBkg
>> Doing prefit: ch8,TotalSig
>> Doing prefit: ch8,TotalProcs
>> Doing prefit: ch9,Rares
>> Doing prefit: ch9,TTW_mll_bin0
>> Doing prefit: ch9,TTW_mll_bin1
>> Doing prefit: ch9,TTW_mll_bin2
>> Doing prefit: ch9,TTW_mll_bin3
>> Doing prefit: ch9,TTW_ooa
>> Doing prefit: ch9,TTZ
>> Doing prefit: ch9,VVV
>> Doing prefit: ch9,WZ
>> Doing prefit: ch9,ZZ
>> Doing prefit: ch9,data_fakes
>> Doing prefit: ch9,tHW
>> Doing prefit: ch9,tHq
>> Doing prefit: ch9,tZq
>> Doing prefit: ch9,ttH
>> Doing prefit: ch9,ttVV
>> Doing prefit: ch9,TotalBkg
>> Doing prefit: ch9,TotalSig
>> Doing prefit: ch9,TotalProcs
Bin                       Total relative bkg uncert. (prefit)
----------------------------------------------------------
ch1                       0.15066   
ch10                      0.15032   
ch11                      0.11707   
ch12                      0.12289   
ch2                       0.10411   
ch3                       0.14107   
ch4                       0.13019   
ch5                       0.11922   
ch6                       0.20452   
ch7                       0.14530   
ch8                       0.12529   
ch9                       0.17519   
>> Doing postfit: TotalBkg
>> Doing postfit: TotalSig
>> Doing postfit: TotalProcs
>> Doing postfit: ch1,Convs
>> Doing postfit: ch1,Rares
>> Doing postfit: ch1,TTW_mll_bin0
>> Doing postfit: ch1,TTW_mll_bin1
>> Doing postfit: ch1,TTW_mll_bin2
>> Doing postfit: ch1,TTW_mll_bin3
>> Doing postfit: ch1,TTW_ooa
>> Doing postfit: ch1,TTZ
>> Doing postfit: ch1,VVV
>> Doing postfit: ch1,WZ
>> Doing postfit: ch1,ZZ
>> Doing postfit: ch1,data_fakes
>> Doing postfit: ch1,data_flips
>> Doing postfit: ch1,tHW
>> Doing postfit: ch1,tHq
>> Doing postfit: ch1,tZq
>> Doing postfit: ch1,ttH
>> Doing postfit: ch1,ttVV
>> Doing postfit: ch1,TotalBkg
>> Doing postfit: ch1,TotalSig
>> Doing postfit: ch1,TotalProcs
>> Doing postfit: ch10,Convs
>> Doing postfit: ch10,Rares
>> Doing postfit: ch10,TTW_mll_bin0
>> Doing postfit: ch10,TTW_mll_bin1
>> Doing postfit: ch10,TTW_mll_bin2
>> Doing postfit: ch10,TTW_mll_bin3
>> Doing postfit: ch10,TTW_ooa
>> Doing postfit: ch10,TTZ
>> Doing postfit: ch10,VVV
>> Doing postfit: ch10,WZ
>> Doing postfit: ch10,ZZ
>> Doing postfit: ch10,data_fakes
>> Doing postfit: ch10,data_flips
>> Doing postfit: ch10,tHW
>> Doing postfit: ch10,tHq
>> Doing postfit: ch10,tZq
>> Doing postfit: ch10,ttH
>> Doing postfit: ch10,ttVV
>> Doing postfit: ch10,TotalBkg
>> Doing postfit: ch10,TotalSig
>> Doing postfit: ch10,TotalProcs
>> Doing postfit: ch11,Convs
>> Doing postfit: ch11,Rares
>> Doing postfit: ch11,TTW_mll_bin0
>> Doing postfit: ch11,TTW_mll_bin1
>> Doing postfit: ch11,TTW_mll_bin2
>> Doing postfit: ch11,TTW_mll_bin3
>> Doing postfit: ch11,TTW_ooa
>> Doing postfit: ch11,TTZ
>> Doing postfit: ch11,VVV
>> Doing postfit: ch11,WZ
>> Doing postfit: ch11,ZZ
>> Doing postfit: ch11,data_fakes
>> Doing postfit: ch11,data_flips
>> Doing postfit: ch11,tHW
>> Doing postfit: ch11,tHq
>> Doing postfit: ch11,tZq
>> Doing postfit: ch11,ttH
>> Doing postfit: ch11,ttVV
>> Doing postfit: ch11,TotalBkg
>> Doing postfit: ch11,TotalSig
>> Doing postfit: ch11,TotalProcs
>> Doing postfit: ch12,Rares
>> Doing postfit: ch12,TTW_mll_bin0
>> Doing postfit: ch12,TTW_mll_bin1
>> Doing postfit: ch12,TTW_mll_bin2
>> Doing postfit: ch12,TTW_mll_bin3
>> Doing postfit: ch12,TTW_ooa
>> Doing postfit: ch12,TTZ
>> Doing postfit: ch12,VVV
>> Doing postfit: ch12,WZ
>> Doing postfit: ch12,data_fakes
>> Doing postfit: ch12,tHW
>> Doing postfit: ch12,tHq
>> Doing postfit: ch12,tZq
>> Doing postfit: ch12,ttH
>> Doing postfit: ch12,ttVV
>> Doing postfit: ch12,TotalBkg
>> Doing postfit: ch12,TotalSig
>> Doing postfit: ch12,TotalProcs
>> Doing postfit: ch2,Convs
>> Doing postfit: ch2,Rares
>> Doing postfit: ch2,TTW_mll_bin0
>> Doing postfit: ch2,TTW_mll_bin1
>> Doing postfit: ch2,TTW_mll_bin2
>> Doing postfit: ch2,TTW_mll_bin3
>> Doing postfit: ch2,TTW_ooa
>> Doing postfit: ch2,TTZ
>> Doing postfit: ch2,VVV
>> Doing postfit: ch2,WZ
>> Doing postfit: ch2,ZZ
>> Doing postfit: ch2,data_fakes
>> Doing postfit: ch2,data_flips
>> Doing postfit: ch2,tHW
>> Doing postfit: ch2,tHq
>> Doing postfit: ch2,tZq
>> Doing postfit: ch2,ttH
>> Doing postfit: ch2,ttVV
>> Doing postfit: ch2,TotalBkg
>> Doing postfit: ch2,TotalSig
>> Doing postfit: ch2,TotalProcs
>> Doing postfit: ch3,Rares
>> Doing postfit: ch3,TTW_mll_bin0
>> Doing postfit: ch3,TTW_mll_bin1
>> Doing postfit: ch3,TTW_mll_bin2
>> Doing postfit: ch3,TTW_mll_bin3
>> Doing postfit: ch3,TTW_ooa
>> Doing postfit: ch3,TTZ
>> Doing postfit: ch3,VVV
>> Doing postfit: ch3,WZ
>> Doing postfit: ch3,ZZ
>> Doing postfit: ch3,data_fakes
>> Doing postfit: ch3,tHW
>> Doing postfit: ch3,tHq
>> Doing postfit: ch3,tZq
>> Doing postfit: ch3,ttH
>> Doing postfit: ch3,ttVV
>> Doing postfit: ch3,TotalBkg
>> Doing postfit: ch3,TotalSig
>> Doing postfit: ch3,TotalProcs
>> Doing postfit: ch4,Convs
>> Doing postfit: ch4,Rares
>> Doing postfit: ch4,TTW_mll_bin0
>> Doing postfit: ch4,TTW_mll_bin1
>> Doing postfit: ch4,TTW_mll_bin2
>> Doing postfit: ch4,TTW_mll_bin3
>> Doing postfit: ch4,TTW_ooa
>> Doing postfit: ch4,TTZ
>> Doing postfit: ch4,VVV
>> Doing postfit: ch4,WZ
>> Doing postfit: ch4,ZZ
>> Doing postfit: ch4,data_fakes
>> Doing postfit: ch4,data_flips
>> Doing postfit: ch4,tHW
>> Doing postfit: ch4,tHq
>> Doing postfit: ch4,tZq
>> Doing postfit: ch4,ttH
>> Doing postfit: ch4,ttVV
>> Doing postfit: ch4,TotalBkg
>> Doing postfit: ch4,TotalSig
>> Doing postfit: ch4,TotalProcs
>> Doing postfit: ch5,Convs
>> Doing postfit: ch5,Rares
>> Doing postfit: ch5,TTW_mll_bin0
>> Doing postfit: ch5,TTW_mll_bin1
>> Doing postfit: ch5,TTW_mll_bin2
>> Doing postfit: ch5,TTW_mll_bin3
>> Doing postfit: ch5,TTW_ooa
>> Doing postfit: ch5,TTZ
>> Doing postfit: ch5,VVV
>> Doing postfit: ch5,WZ
>> Doing postfit: ch5,ZZ
>> Doing postfit: ch5,data_fakes
>> Doing postfit: ch5,data_flips
>> Doing postfit: ch5,tHW
>> Doing postfit: ch5,tHq
>> Doing postfit: ch5,tZq
>> Doing postfit: ch5,ttH
>> Doing postfit: ch5,ttVV
>> Doing postfit: ch5,TotalBkg
>> Doing postfit: ch5,TotalSig
>> Doing postfit: ch5,TotalProcs
>> Doing postfit: ch6,Rares
>> Doing postfit: ch6,TTW_mll_bin0
>> Doing postfit: ch6,TTW_mll_bin1
>> Doing postfit: ch6,TTW_mll_bin2
>> Doing postfit: ch6,TTW_mll_bin3
>> Doing postfit: ch6,TTW_ooa
>> Doing postfit: ch6,TTZ
>> Doing postfit: ch6,VVV
>> Doing postfit: ch6,WZ
>> Doing postfit: ch6,ZZ
>> Doing postfit: ch6,data_fakes
>> Doing postfit: ch6,tHW
>> Doing postfit: ch6,tHq
>> Doing postfit: ch6,tZq
>> Doing postfit: ch6,ttH
>> Doing postfit: ch6,ttVV
>> Doing postfit: ch6,TotalBkg
>> Doing postfit: ch6,TotalSig
>> Doing postfit: ch6,TotalProcs
>> Doing postfit: ch7,Convs
>> Doing postfit: ch7,Rares
>> Doing postfit: ch7,TTW_mll_bin0
>> Doing postfit: ch7,TTW_mll_bin1
>> Doing postfit: ch7,TTW_mll_bin2
>> Doing postfit: ch7,TTW_mll_bin3
>> Doing postfit: ch7,TTW_ooa
>> Doing postfit: ch7,TTZ
>> Doing postfit: ch7,VVV
>> Doing postfit: ch7,WZ
>> Doing postfit: ch7,ZZ
>> Doing postfit: ch7,data_fakes
>> Doing postfit: ch7,data_flips
>> Doing postfit: ch7,tHW
>> Doing postfit: ch7,tHq
>> Doing postfit: ch7,tZq
>> Doing postfit: ch7,ttH
>> Doing postfit: ch7,ttVV
>> Doing postfit: ch7,TotalBkg
>> Doing postfit: ch7,TotalSig
>> Doing postfit: ch7,TotalProcs
>> Doing postfit: ch8,Convs
>> Doing postfit: ch8,Rares
>> Doing postfit: ch8,TTW_mll_bin0
>> Doing postfit: ch8,TTW_mll_bin1
>> Doing postfit: ch8,TTW_mll_bin2
>> Doing postfit: ch8,TTW_mll_bin3
>> Doing postfit: ch8,TTW_ooa
>> Doing postfit: ch8,TTZ
>> Doing postfit: ch8,VVV
>> Doing postfit: ch8,WZ
>> Doing postfit: ch8,ZZ
>> Doing postfit: ch8,data_fakes
>> Doing postfit: ch8,data_flips
>> Doing postfit: ch8,tHW
>> Doing postfit: ch8,tHq
>> Doing postfit: ch8,tZq
>> Doing postfit: ch8,ttH
>> Doing postfit: ch8,ttVV
>> Doing postfit: ch8,TotalBkg
>> Doing postfit: ch8,TotalSig
>> Doing postfit: ch8,TotalProcs
>> Doing postfit: ch9,Rares
>> Doing postfit: ch9,TTW_mll_bin0
>> Doing postfit: ch9,TTW_mll_bin1
>> Doing postfit: ch9,TTW_mll_bin2
>> Doing postfit: ch9,TTW_mll_bin3
>> Doing postfit: ch9,TTW_ooa
>> Doing postfit: ch9,TTZ
>> Doing postfit: ch9,VVV
>> Doing postfit: ch9,WZ
>> Doing postfit: ch9,ZZ
>> Doing postfit: ch9,data_fakes
>> Doing postfit: ch9,tHW
>> Doing postfit: ch9,tHq
>> Doing postfit: ch9,tZq
>> Doing postfit: ch9,ttH
>> Doing postfit: ch9,ttVV
>> Doing postfit: ch9,TotalBkg
>> Doing postfit: ch9,TotalSig
>> Doing postfit: ch9,TotalProcs

Bin                       Total relative bkg uncert. (postfit)
----------------------------------------------------------
ch1                       0.10032   
ch10                      0.09152   
ch11                      0.07451   
ch12                      0.07545   
ch2                       0.06942   
ch3                       0.09640   
ch4                       0.08964   
ch5                       0.08563   
ch6                       0.11433   
ch7                       0.09396   
ch8                       0.07956   
ch9                       0.09724   

Bin                       Process              Scale factor
----------------------------------------------------------
ch1                       Convs                1.11042   
ch1                       Rares                1.22355   
ch1                       TTW_mll_bin0         1.27108   
ch1                       TTW_mll_bin1         1.28566   
ch1                       TTW_mll_bin2         1.48212   
ch1                       TTW_mll_bin3         1.61757   
ch1                       TTW_ooa              1.13688   
ch1                       TTZ                  1.13117   
ch1                       VVV                  1.66733   
ch1                       WZ                   1.02398   
ch1                       ZZ                   1.52629   
ch1                       data_fakes           1.41331   
ch1                       data_flips           0.98233   
ch1                       tHW                  1.06520   
ch1                       tHq                  1.06469   
ch1                       tZq                  1.16489   
ch1                       ttH                  1.08914   
ch1                       ttVV                 1.11649   
ch10                      Convs                1.12897   
ch10                      Rares                1.22859   
ch10                      TTW_mll_bin0         1.27552   
ch10                      TTW_mll_bin1         1.27312   
ch10                      TTW_mll_bin2         1.44420   
ch10                      TTW_mll_bin3         1.54292   
ch10                      TTW_ooa              1.08084   
ch10                      TTZ                  1.11350   
ch10                      VVV                  1.79838   
ch10                      WZ                   1.06835   
ch10                      ZZ                   1.10013   
ch10                      data_fakes           1.38336   
ch10                      data_flips           0.98247   
ch10                      tHW                  1.07570   
ch10                      tHq                  1.06400   
ch10                      tZq                  1.16907   
ch10                      ttH                  1.04784   
ch10                      ttVV                 1.09083   
ch11                      Convs                1.13689   
ch11                      Rares                1.30279   
ch11                      TTW_mll_bin0         1.24913   
ch11                      TTW_mll_bin1         1.25191   
ch11                      TTW_mll_bin2         1.43189   
ch11                      TTW_mll_bin3         1.51106   
ch11                      TTW_ooa              1.04432   
ch11                      TTZ                  1.14058   
ch11                      VVV                  1.67120   
ch11                      WZ                   0.95305   
ch11                      ZZ                   1.21893   
ch11                      data_fakes           1.16219   
ch11                      data_flips           0.98263   
ch11                      tHW                  1.04849   
ch11                      tHq                  1.03261   
ch11                      tZq                  1.12285   
ch11                      ttH                  1.03769   
ch11                      ttVV                 1.06460   
ch12                      Rares                1.11033   
ch12                      TTW_mll_bin0         1.21238   
ch12                      TTW_mll_bin1         1.21812   
ch12                      TTW_mll_bin2         1.38634   
ch12                      TTW_mll_bin3         1.48369   
ch12                      TTW_ooa              1.02189   
ch12                      TTZ                  1.11296   
ch12                      VVV                  1.58164   
ch12                      WZ                   1.08700   
ch12                      data_fakes           0.96436   
ch12                      tHW                  1.00347   
ch12                      tHq                  1.00118   
ch12                      tZq                  1.11601   
ch12                      ttH                  1.02014   
ch12                      ttVV                 1.03340   
ch2                       Convs                1.12259   
ch2                       Rares                1.18499   
ch2                       TTW_mll_bin0         1.26480   
ch2                       TTW_mll_bin1         1.26049   
ch2                       TTW_mll_bin2         1.41825   
ch2                       TTW_mll_bin3         1.53599   
ch2                       TTW_ooa              1.07293   
ch2                       TTZ                  1.12364   
ch2                       VVV                  1.60292   
ch2                       WZ                   0.97772   
ch2                       ZZ                   1.35227   
ch2                       data_fakes           1.15168   
ch2                       data_flips           0.98249   
ch2                       tHW                  1.02699   
ch2                       tHq                  1.04410   
ch2                       tZq                  1.10129   
ch2                       ttH                  1.04453   
ch2                       ttVV                 1.06581   
ch3                       Rares                1.10907   
ch3                       TTW_mll_bin0         1.23050   
ch3                       TTW_mll_bin1         1.22149   
ch3                       TTW_mll_bin2         1.39749   
ch3                       TTW_mll_bin3         1.47153   
ch3                       TTW_ooa              1.03535   
ch3                       TTZ                  1.13991   
ch3                       VVV                  1.85998   
ch3                       WZ                   1.08101   
ch3                       ZZ                   1.59049   
ch3                       data_fakes           0.97663   
ch3                       tHW                  0.99441   
ch3                       tHq                  1.03119   
ch3                       tZq                  1.12576   
ch3                       ttH                  1.02855   
ch3                       ttVV                 1.03042   
ch4                       Convs                1.11051   
ch4                       Rares                1.24772   
ch4                       TTW_mll_bin0         1.28695   
ch4                       TTW_mll_bin1         1.29531   
ch4                       TTW_mll_bin2         1.52700   
ch4                       TTW_mll_bin3         1.65042   
ch4                       TTW_ooa              1.12122   
ch4                       TTZ                  1.25617   
ch4                       VVV                  1.93688   
ch4                       WZ                   1.60077   
ch4                       ZZ                   1.50336   
ch4                       data_fakes           1.32606   
ch4                       data_flips           0.98234   
ch4                       tHW                  1.12378   
ch4                       tHq                  1.08409   
ch4                       tZq                  1.33393   
ch4                       ttH                  1.07129   
ch4                       ttVV                 1.09892   
ch5                       Convs                1.04081   
ch5                       Rares                1.13839   
ch5                       TTW_mll_bin0         1.28263   
ch5                       TTW_mll_bin1         1.28185   
ch5                       TTW_mll_bin2         1.45417   
ch5                       TTW_mll_bin3         1.57901   
ch5                       TTW_ooa              1.12712   
ch5                       TTZ                  1.16039   
ch5                       VVV                  1.79135   
ch5                       WZ                   1.95159   
ch5                       ZZ                   1.38492   
ch5                       data_fakes           1.04722   
ch5                       data_flips           0.98237   
ch5                       tHW                  1.07053   
ch5                       tHq                  1.10085   
ch5                       tZq                  1.25019   
ch5                       ttH                  1.06586   
ch5                       ttVV                 1.09615   
ch6                       Rares                1.19442   
ch6                       TTW_mll_bin0         1.26438   
ch6                       TTW_mll_bin1         1.22899   
ch6                       TTW_mll_bin2         1.41202   
ch6                       TTW_mll_bin3         1.51501   
ch6                       TTW_ooa              1.09854   
ch6                       TTZ                  1.14429   
ch6                       VVV                  1.84767   
ch6                       WZ                   1.33518   
ch6                       ZZ                   1.38104   
ch6                       data_fakes           0.93628   
ch6                       tHW                  1.05388   
ch6                       tHq                  1.08338   
ch6                       tZq                  1.39405   
ch6                       ttH                  1.04500   
ch6                       ttVV                 1.07245   
ch7                       Convs                1.12014   
ch7                       Rares                1.18530   
ch7                       TTW_mll_bin0         1.28973   
ch7                       TTW_mll_bin1         1.30156   
ch7                       TTW_mll_bin2         1.46989   
ch7                       TTW_mll_bin3         1.61672   
ch7                       TTW_ooa              1.16661   
ch7                       TTZ                  1.15334   
ch7                       VVV                  1.57581   
ch7                       WZ                   1.06777   
ch7                       ZZ                   1.25700   
ch7                       data_fakes           1.39084   
ch7                       data_flips           0.98252   
ch7                       tHW                  1.05972   
ch7                       tHq                  1.09605   
ch7                       tZq                  1.18842   
ch7                       ttH                  1.08502   
ch7                       ttVV                 1.09935   
ch8                       Convs                1.05495   
ch8                       Rares                1.25727   
ch8                       TTW_mll_bin0         1.27692   
ch8                       TTW_mll_bin1         1.27084   
ch8                       TTW_mll_bin2         1.44425   
ch8                       TTW_mll_bin3         1.55747   
ch8                       TTW_ooa              1.08708   
ch8                       TTZ                  1.17937   
ch8                       VVV                  1.75613   
ch8                       WZ                   1.05901   
ch8                       ZZ                   1.52372   
ch8                       data_fakes           1.13078   
ch8                       data_flips           0.98271   
ch8                       tHW                  1.04356   
ch8                       tHq                  1.04180   
ch8                       tZq                  1.18667   
ch8                       ttH                  1.05458   
ch8                       ttVV                 1.07778   
ch9                       Rares                1.15086   
ch9                       TTW_mll_bin0         1.24165   
ch9                       TTW_mll_bin1         1.23860   
ch9                       TTW_mll_bin2         1.39043   
ch9                       TTW_mll_bin3         1.49908   
ch9                       TTW_ooa              1.03671   
ch9                       TTZ                  1.16092   
ch9                       VVV                  1.59949   
ch9                       WZ                   1.03429   
ch9                       ZZ                   1.46954   
ch9                       data_fakes           0.92974   
ch9                       tHW                  1.01567   
ch9                       tHq                  1.12516   
ch9                       tZq                  1.16255   
ch9                       ttH                  1.02095   
ch9                       ttVV                 1.04955   
