WARNING: the default behaviour of PostFitShapesFromWorkspace is to use the covariance matrix sampling method for the post-fit uncertainty. The option --sampling is deprecated and will be removed in future versions of CombineHarvester
[SetFlag] Changing value of flag "workspaces-use-clone" from 0 to 1
[#1] INFO:ObjectHandling -- RooWorkspace::import(w) importing dataset ch1
[#1] INFO:ObjectHandling -- RooWorkspace::import(w) importing dataset ch10
[#1] INFO:ObjectHandling -- RooWorkspace::import(w) importing dataset ch11
[#1] INFO:ObjectHandling -- RooWorkspace::import(w) importing dataset ch12
[#1] INFO:ObjectHandling -- RooWorkspace::import(w) importing dataset ch2
[#1] INFO:ObjectHandling -- RooWorkspace::import(w) importing dataset ch3
[#1] INFO:ObjectHandling -- RooWorkspace::import(w) importing dataset ch4
[#1] INFO:ObjectHandling -- RooWorkspace::import(w) importing dataset ch5
[#1] INFO:ObjectHandling -- RooWorkspace::import(w) importing dataset ch6
[#1] INFO:ObjectHandling -- RooWorkspace::import(w) importing dataset ch7
[#1] INFO:ObjectHandling -- RooWorkspace::import(w) importing dataset ch8
[#1] INFO:ObjectHandling -- RooWorkspace::import(w) importing dataset ch9
[SetFlag] Changing value of flag "workspaces-use-clone" from 0 to 1
>> Doing prefit: TotalBkg
>> Doing prefit: TotalSig
>> Doing prefit: TotalProcs
>> Doing prefit: ch1,Convs
>> Doing prefit: ch1,Rares
>> Doing prefit: ch1,TTW_jet2_eta_bin0
>> Doing prefit: ch1,TTW_jet2_eta_bin1
>> Doing prefit: ch1,TTW_jet2_eta_bin2
>> Doing prefit: ch1,TTW_jet2_eta_bin3
>> Doing prefit: ch1,TTW_ooa
>> Doing prefit: ch1,TTZ
>> Doing prefit: ch1,VVV
>> Doing prefit: ch1,WZ
>> Doing prefit: ch1,ZZ
>> Doing prefit: ch1,data_fakes
>> Doing prefit: ch1,data_flips
>> Doing prefit: ch1,tHW
>> Doing prefit: ch1,tHq
>> Doing prefit: ch1,tZq
>> Doing prefit: ch1,ttH
>> Doing prefit: ch1,ttVV
>> Doing prefit: ch1,TotalBkg
>> Doing prefit: ch1,TotalSig
>> Doing prefit: ch1,TotalProcs
>> Doing prefit: ch10,Convs
>> Doing prefit: ch10,Rares
>> Doing prefit: ch10,TTW_jet2_eta_bin0
>> Doing prefit: ch10,TTW_jet2_eta_bin1
>> Doing prefit: ch10,TTW_jet2_eta_bin2
>> Doing prefit: ch10,TTW_jet2_eta_bin3
>> Doing prefit: ch10,TTW_ooa
>> Doing prefit: ch10,TTZ
>> Doing prefit: ch10,VVV
>> Doing prefit: ch10,WZ
>> Doing prefit: ch10,ZZ
>> Doing prefit: ch10,data_fakes
>> Doing prefit: ch10,data_flips
>> Doing prefit: ch10,tHW
>> Doing prefit: ch10,tHq
>> Doing prefit: ch10,tZq
>> Doing prefit: ch10,ttH
>> Doing prefit: ch10,ttVV
>> Doing prefit: ch10,TotalBkg
>> Doing prefit: ch10,TotalSig
>> Doing prefit: ch10,TotalProcs
>> Doing prefit: ch11,Rares
>> Doing prefit: ch11,TTW_jet2_eta_bin0
>> Doing prefit: ch11,TTW_jet2_eta_bin1
>> Doing prefit: ch11,TTW_jet2_eta_bin2
>> Doing prefit: ch11,TTW_jet2_eta_bin3
>> Doing prefit: ch11,TTW_ooa
>> Doing prefit: ch11,TTZ
>> Doing prefit: ch11,VVV
>> Doing prefit: ch11,WZ
>> Doing prefit: ch11,ZZ
>> Doing prefit: ch11,data_fakes
>> Doing prefit: ch11,tHW
>> Doing prefit: ch11,tHq
>> Doing prefit: ch11,tZq
>> Doing prefit: ch11,ttH
>> Doing prefit: ch11,ttVV
>> Doing prefit: ch11,TotalBkg
>> Doing prefit: ch11,TotalSig
>> Doing prefit: ch11,TotalProcs
>> Doing prefit: ch12,Convs
>> Doing prefit: ch12,Rares
>> Doing prefit: ch12,TTW_jet2_eta_bin0
>> Doing prefit: ch12,TTW_jet2_eta_bin1
>> Doing prefit: ch12,TTW_jet2_eta_bin2
>> Doing prefit: ch12,TTW_jet2_eta_bin3
>> Doing prefit: ch12,TTW_ooa
>> Doing prefit: ch12,TTZ
>> Doing prefit: ch12,VVV
>> Doing prefit: ch12,WZ
>> Doing prefit: ch12,ZZ
>> Doing prefit: ch12,data_fakes
>> Doing prefit: ch12,data_flips
>> Doing prefit: ch12,tHW
>> Doing prefit: ch12,tHq
>> Doing prefit: ch12,tZq
>> Doing prefit: ch12,ttH
>> Doing prefit: ch12,ttVV
>> Doing prefit: ch12,TotalBkg
>> Doing prefit: ch12,TotalSig
>> Doing prefit: ch12,TotalProcs
>> Doing prefit: ch2,Rares
>> Doing prefit: ch2,TTW_jet2_eta_bin0
>> Doing prefit: ch2,TTW_jet2_eta_bin1
>> Doing prefit: ch2,TTW_jet2_eta_bin2
>> Doing prefit: ch2,TTW_jet2_eta_bin3
>> Doing prefit: ch2,TTW_ooa
>> Doing prefit: ch2,TTZ
>> Doing prefit: ch2,VVV
>> Doing prefit: ch2,WZ
>> Doing prefit: ch2,ZZ
>> Doing prefit: ch2,data_fakes
>> Doing prefit: ch2,tHW
>> Doing prefit: ch2,tHq
>> Doing prefit: ch2,tZq
>> Doing prefit: ch2,ttH
>> Doing prefit: ch2,ttVV
>> Doing prefit: ch2,TotalBkg
>> Doing prefit: ch2,TotalSig
>> Doing prefit: ch2,TotalProcs
>> Doing prefit: ch3,Convs
>> Doing prefit: ch3,Rares
>> Doing prefit: ch3,TTW_jet2_eta_bin0
>> Doing prefit: ch3,TTW_jet2_eta_bin1
>> Doing prefit: ch3,TTW_jet2_eta_bin2
>> Doing prefit: ch3,TTW_jet2_eta_bin3
>> Doing prefit: ch3,TTW_ooa
>> Doing prefit: ch3,TTZ
>> Doing prefit: ch3,VVV
>> Doing prefit: ch3,WZ
>> Doing prefit: ch3,ZZ
>> Doing prefit: ch3,data_fakes
>> Doing prefit: ch3,data_flips
>> Doing prefit: ch3,tHW
>> Doing prefit: ch3,tHq
>> Doing prefit: ch3,tZq
>> Doing prefit: ch3,ttH
>> Doing prefit: ch3,ttVV
>> Doing prefit: ch3,TotalBkg
>> Doing prefit: ch3,TotalSig
>> Doing prefit: ch3,TotalProcs
>> Doing prefit: ch4,Convs
>> Doing prefit: ch4,Rares
>> Doing prefit: ch4,TTW_jet2_eta_bin0
>> Doing prefit: ch4,TTW_jet2_eta_bin1
>> Doing prefit: ch4,TTW_jet2_eta_bin2
>> Doing prefit: ch4,TTW_jet2_eta_bin3
>> Doing prefit: ch4,TTW_ooa
>> Doing prefit: ch4,TTZ
>> Doing prefit: ch4,VVV
>> Doing prefit: ch4,WZ
>> Doing prefit: ch4,ZZ
>> Doing prefit: ch4,data_fakes
>> Doing prefit: ch4,data_flips
>> Doing prefit: ch4,tHW
>> Doing prefit: ch4,tHq
>> Doing prefit: ch4,tZq
>> Doing prefit: ch4,ttH
>> Doing prefit: ch4,ttVV
>> Doing prefit: ch4,TotalBkg
>> Doing prefit: ch4,TotalSig
>> Doing prefit: ch4,TotalProcs
>> Doing prefit: ch5,Rares
>> Doing prefit: ch5,TTW_jet2_eta_bin0
>> Doing prefit: ch5,TTW_jet2_eta_bin1
>> Doing prefit: ch5,TTW_jet2_eta_bin2
>> Doing prefit: ch5,TTW_jet2_eta_bin3
>> Doing prefit: ch5,TTW_ooa
>> Doing prefit: ch5,TTZ
>> Doing prefit: ch5,VVV
>> Doing prefit: ch5,WZ
>> Doing prefit: ch5,ZZ
>> Doing prefit: ch5,data_fakes
>> Doing prefit: ch5,tHW
>> Doing prefit: ch5,tHq
>> Doing prefit: ch5,tZq
>> Doing prefit: ch5,ttH
>> Doing prefit: ch5,ttVV
>> Doing prefit: ch5,TotalBkg
>> Doing prefit: ch5,TotalSig
>> Doing prefit: ch5,TotalProcs
>> Doing prefit: ch6,Convs
>> Doing prefit: ch6,Rares
>> Doing prefit: ch6,TTW_jet2_eta_bin0
>> Doing prefit: ch6,TTW_jet2_eta_bin1
>> Doing prefit: ch6,TTW_jet2_eta_bin2
>> Doing prefit: ch6,TTW_jet2_eta_bin3
>> Doing prefit: ch6,TTW_ooa
>> Doing prefit: ch6,TTZ
>> Doing prefit: ch6,VVV
>> Doing prefit: ch6,WZ
>> Doing prefit: ch6,ZZ
>> Doing prefit: ch6,data_fakes
>> Doing prefit: ch6,data_flips
>> Doing prefit: ch6,tHW
>> Doing prefit: ch6,tHq
>> Doing prefit: ch6,tZq
>> Doing prefit: ch6,ttH
>> Doing prefit: ch6,ttVV
>> Doing prefit: ch6,TotalBkg
>> Doing prefit: ch6,TotalSig
>> Doing prefit: ch6,TotalProcs
>> Doing prefit: ch7,Convs
>> Doing prefit: ch7,Rares
>> Doing prefit: ch7,TTW_jet2_eta_bin0
>> Doing prefit: ch7,TTW_jet2_eta_bin1
>> Doing prefit: ch7,TTW_jet2_eta_bin2
>> Doing prefit: ch7,TTW_jet2_eta_bin3
>> Doing prefit: ch7,TTW_ooa
>> Doing prefit: ch7,TTZ
>> Doing prefit: ch7,VVV
>> Doing prefit: ch7,WZ
>> Doing prefit: ch7,ZZ
>> Doing prefit: ch7,data_fakes
>> Doing prefit: ch7,data_flips
>> Doing prefit: ch7,tHW
>> Doing prefit: ch7,tHq
>> Doing prefit: ch7,tZq
>> Doing prefit: ch7,ttH
>> Doing prefit: ch7,ttVV
>> Doing prefit: ch7,TotalBkg
>> Doing prefit: ch7,TotalSig
>> Doing prefit: ch7,TotalProcs
>> Doing prefit: ch8,Rares
>> Doing prefit: ch8,TTW_jet2_eta_bin0
>> Doing prefit: ch8,TTW_jet2_eta_bin1
>> Doing prefit: ch8,TTW_jet2_eta_bin2
>> Doing prefit: ch8,TTW_jet2_eta_bin3
>> Doing prefit: ch8,TTW_ooa
>> Doing prefit: ch8,TTZ
>> Doing prefit: ch8,VVV
>> Doing prefit: ch8,WZ
>> Doing prefit: ch8,ZZ
>> Doing prefit: ch8,data_fakes
>> Doing prefit: ch8,tHW
>> Doing prefit: ch8,tHq
>> Doing prefit: ch8,tZq
>> Doing prefit: ch8,ttH
>> Doing prefit: ch8,ttVV
>> Doing prefit: ch8,TotalBkg
>> Doing prefit: ch8,TotalSig
>> Doing prefit: ch8,TotalProcs
>> Doing prefit: ch9,Convs
>> Doing prefit: ch9,Rares
>> Doing prefit: ch9,TTW_jet2_eta_bin0
>> Doing prefit: ch9,TTW_jet2_eta_bin1
>> Doing prefit: ch9,TTW_jet2_eta_bin2
>> Doing prefit: ch9,TTW_jet2_eta_bin3
>> Doing prefit: ch9,TTW_ooa
>> Doing prefit: ch9,TTZ
>> Doing prefit: ch9,VVV
>> Doing prefit: ch9,WZ
>> Doing prefit: ch9,ZZ
>> Doing prefit: ch9,data_fakes
>> Doing prefit: ch9,data_flips
>> Doing prefit: ch9,tHW
>> Doing prefit: ch9,tHq
>> Doing prefit: ch9,tZq
>> Doing prefit: ch9,ttH
>> Doing prefit: ch9,ttVV
>> Doing prefit: ch9,TotalBkg
>> Doing prefit: ch9,TotalSig
>> Doing prefit: ch9,TotalProcs
Bin                       Total relative bkg uncert. (prefit)
----------------------------------------------------------
ch1                       0.10911   
ch10                      0.11698   
ch11                      0.12262   
ch12                      0.15224   
ch2                       0.14104   
ch3                       0.11980   
ch4                       0.13206   
ch5                       0.20798   
ch6                       0.14725   
ch7                       0.12484   
ch8                       0.17524   
ch9                       0.14848   
>> Doing postfit: TotalBkg
>> Doing postfit: TotalSig
>> Doing postfit: TotalProcs
>> Doing postfit: ch1,Convs
>> Doing postfit: ch1,Rares
>> Doing postfit: ch1,TTW_jet2_eta_bin0
>> Doing postfit: ch1,TTW_jet2_eta_bin1
>> Doing postfit: ch1,TTW_jet2_eta_bin2
>> Doing postfit: ch1,TTW_jet2_eta_bin3
>> Doing postfit: ch1,TTW_ooa
>> Doing postfit: ch1,TTZ
>> Doing postfit: ch1,VVV
>> Doing postfit: ch1,WZ
>> Doing postfit: ch1,ZZ
>> Doing postfit: ch1,data_fakes
>> Doing postfit: ch1,data_flips
>> Doing postfit: ch1,tHW
>> Doing postfit: ch1,tHq
>> Doing postfit: ch1,tZq
>> Doing postfit: ch1,ttH
>> Doing postfit: ch1,ttVV
>> Doing postfit: ch1,TotalBkg
>> Doing postfit: ch1,TotalSig
>> Doing postfit: ch1,TotalProcs
>> Doing postfit: ch10,Convs
>> Doing postfit: ch10,Rares
>> Doing postfit: ch10,TTW_jet2_eta_bin0
>> Doing postfit: ch10,TTW_jet2_eta_bin1
>> Doing postfit: ch10,TTW_jet2_eta_bin2
>> Doing postfit: ch10,TTW_jet2_eta_bin3
>> Doing postfit: ch10,TTW_ooa
>> Doing postfit: ch10,TTZ
>> Doing postfit: ch10,VVV
>> Doing postfit: ch10,WZ
>> Doing postfit: ch10,ZZ
>> Doing postfit: ch10,data_fakes
>> Doing postfit: ch10,data_flips
>> Doing postfit: ch10,tHW
>> Doing postfit: ch10,tHq
>> Doing postfit: ch10,tZq
>> Doing postfit: ch10,ttH
>> Doing postfit: ch10,ttVV
>> Doing postfit: ch10,TotalBkg
>> Doing postfit: ch10,TotalSig
>> Doing postfit: ch10,TotalProcs
>> Doing postfit: ch11,Rares
>> Doing postfit: ch11,TTW_jet2_eta_bin0
>> Doing postfit: ch11,TTW_jet2_eta_bin1
>> Doing postfit: ch11,TTW_jet2_eta_bin2
>> Doing postfit: ch11,TTW_jet2_eta_bin3
>> Doing postfit: ch11,TTW_ooa
>> Doing postfit: ch11,TTZ
>> Doing postfit: ch11,VVV
>> Doing postfit: ch11,WZ
>> Doing postfit: ch11,ZZ
>> Doing postfit: ch11,data_fakes
>> Doing postfit: ch11,tHW
>> Doing postfit: ch11,tHq
>> Doing postfit: ch11,tZq
>> Doing postfit: ch11,ttH
>> Doing postfit: ch11,ttVV
>> Doing postfit: ch11,TotalBkg
>> Doing postfit: ch11,TotalSig
>> Doing postfit: ch11,TotalProcs
>> Doing postfit: ch12,Convs
>> Doing postfit: ch12,Rares
>> Doing postfit: ch12,TTW_jet2_eta_bin0
>> Doing postfit: ch12,TTW_jet2_eta_bin1
>> Doing postfit: ch12,TTW_jet2_eta_bin2
>> Doing postfit: ch12,TTW_jet2_eta_bin3
>> Doing postfit: ch12,TTW_ooa
>> Doing postfit: ch12,TTZ
>> Doing postfit: ch12,VVV
>> Doing postfit: ch12,WZ
>> Doing postfit: ch12,ZZ
>> Doing postfit: ch12,data_fakes
>> Doing postfit: ch12,data_flips
>> Doing postfit: ch12,tHW
>> Doing postfit: ch12,tHq
>> Doing postfit: ch12,tZq
>> Doing postfit: ch12,ttH
>> Doing postfit: ch12,ttVV
>> Doing postfit: ch12,TotalBkg
>> Doing postfit: ch12,TotalSig
>> Doing postfit: ch12,TotalProcs
>> Doing postfit: ch2,Rares
>> Doing postfit: ch2,TTW_jet2_eta_bin0
>> Doing postfit: ch2,TTW_jet2_eta_bin1
>> Doing postfit: ch2,TTW_jet2_eta_bin2
>> Doing postfit: ch2,TTW_jet2_eta_bin3
>> Doing postfit: ch2,TTW_ooa
>> Doing postfit: ch2,TTZ
>> Doing postfit: ch2,VVV
>> Doing postfit: ch2,WZ
>> Doing postfit: ch2,ZZ
>> Doing postfit: ch2,data_fakes
>> Doing postfit: ch2,tHW
>> Doing postfit: ch2,tHq
>> Doing postfit: ch2,tZq
>> Doing postfit: ch2,ttH
>> Doing postfit: ch2,ttVV
>> Doing postfit: ch2,TotalBkg
>> Doing postfit: ch2,TotalSig
>> Doing postfit: ch2,TotalProcs
>> Doing postfit: ch3,Convs
>> Doing postfit: ch3,Rares
>> Doing postfit: ch3,TTW_jet2_eta_bin0
>> Doing postfit: ch3,TTW_jet2_eta_bin1
>> Doing postfit: ch3,TTW_jet2_eta_bin2
>> Doing postfit: ch3,TTW_jet2_eta_bin3
>> Doing postfit: ch3,TTW_ooa
>> Doing postfit: ch3,TTZ
>> Doing postfit: ch3,VVV
>> Doing postfit: ch3,WZ
>> Doing postfit: ch3,ZZ
>> Doing postfit: ch3,data_fakes
>> Doing postfit: ch3,data_flips
>> Doing postfit: ch3,tHW
>> Doing postfit: ch3,tHq
>> Doing postfit: ch3,tZq
>> Doing postfit: ch3,ttH
>> Doing postfit: ch3,ttVV
>> Doing postfit: ch3,TotalBkg
>> Doing postfit: ch3,TotalSig
>> Doing postfit: ch3,TotalProcs
>> Doing postfit: ch4,Convs
>> Doing postfit: ch4,Rares
>> Doing postfit: ch4,TTW_jet2_eta_bin0
>> Doing postfit: ch4,TTW_jet2_eta_bin1
>> Doing postfit: ch4,TTW_jet2_eta_bin2
>> Doing postfit: ch4,TTW_jet2_eta_bin3
>> Doing postfit: ch4,TTW_ooa
>> Doing postfit: ch4,TTZ
>> Doing postfit: ch4,VVV
>> Doing postfit: ch4,WZ
>> Doing postfit: ch4,ZZ
>> Doing postfit: ch4,data_fakes
>> Doing postfit: ch4,data_flips
>> Doing postfit: ch4,tHW
>> Doing postfit: ch4,tHq
>> Doing postfit: ch4,tZq
>> Doing postfit: ch4,ttH
>> Doing postfit: ch4,ttVV
>> Doing postfit: ch4,TotalBkg
>> Doing postfit: ch4,TotalSig
>> Doing postfit: ch4,TotalProcs
>> Doing postfit: ch5,Rares
>> Doing postfit: ch5,TTW_jet2_eta_bin0
>> Doing postfit: ch5,TTW_jet2_eta_bin1
>> Doing postfit: ch5,TTW_jet2_eta_bin2
>> Doing postfit: ch5,TTW_jet2_eta_bin3
>> Doing postfit: ch5,TTW_ooa
>> Doing postfit: ch5,TTZ
>> Doing postfit: ch5,VVV
>> Doing postfit: ch5,WZ
>> Doing postfit: ch5,ZZ
>> Doing postfit: ch5,data_fakes
>> Doing postfit: ch5,tHW
>> Doing postfit: ch5,tHq
>> Doing postfit: ch5,tZq
>> Doing postfit: ch5,ttH
>> Doing postfit: ch5,ttVV
>> Doing postfit: ch5,TotalBkg
>> Doing postfit: ch5,TotalSig
>> Doing postfit: ch5,TotalProcs
>> Doing postfit: ch6,Convs
>> Doing postfit: ch6,Rares
>> Doing postfit: ch6,TTW_jet2_eta_bin0
>> Doing postfit: ch6,TTW_jet2_eta_bin1
>> Doing postfit: ch6,TTW_jet2_eta_bin2
>> Doing postfit: ch6,TTW_jet2_eta_bin3
>> Doing postfit: ch6,TTW_ooa
>> Doing postfit: ch6,TTZ
>> Doing postfit: ch6,VVV
>> Doing postfit: ch6,WZ
>> Doing postfit: ch6,ZZ
>> Doing postfit: ch6,data_fakes
>> Doing postfit: ch6,data_flips
>> Doing postfit: ch6,tHW
>> Doing postfit: ch6,tHq
>> Doing postfit: ch6,tZq
>> Doing postfit: ch6,ttH
>> Doing postfit: ch6,ttVV
>> Doing postfit: ch6,TotalBkg
>> Doing postfit: ch6,TotalSig
>> Doing postfit: ch6,TotalProcs
>> Doing postfit: ch7,Convs
>> Doing postfit: ch7,Rares
>> Doing postfit: ch7,TTW_jet2_eta_bin0
>> Doing postfit: ch7,TTW_jet2_eta_bin1
>> Doing postfit: ch7,TTW_jet2_eta_bin2
>> Doing postfit: ch7,TTW_jet2_eta_bin3
>> Doing postfit: ch7,TTW_ooa
>> Doing postfit: ch7,TTZ
>> Doing postfit: ch7,VVV
>> Doing postfit: ch7,WZ
>> Doing postfit: ch7,ZZ
>> Doing postfit: ch7,data_fakes
>> Doing postfit: ch7,data_flips
>> Doing postfit: ch7,tHW
>> Doing postfit: ch7,tHq
>> Doing postfit: ch7,tZq
>> Doing postfit: ch7,ttH
>> Doing postfit: ch7,ttVV
>> Doing postfit: ch7,TotalBkg
>> Doing postfit: ch7,TotalSig
>> Doing postfit: ch7,TotalProcs
>> Doing postfit: ch8,Rares
>> Doing postfit: ch8,TTW_jet2_eta_bin0
>> Doing postfit: ch8,TTW_jet2_eta_bin1
>> Doing postfit: ch8,TTW_jet2_eta_bin2
>> Doing postfit: ch8,TTW_jet2_eta_bin3
>> Doing postfit: ch8,TTW_ooa
>> Doing postfit: ch8,TTZ
>> Doing postfit: ch8,VVV
>> Doing postfit: ch8,WZ
>> Doing postfit: ch8,ZZ
>> Doing postfit: ch8,data_fakes
>> Doing postfit: ch8,tHW
>> Doing postfit: ch8,tHq
>> Doing postfit: ch8,tZq
>> Doing postfit: ch8,ttH
>> Doing postfit: ch8,ttVV
>> Doing postfit: ch8,TotalBkg
>> Doing postfit: ch8,TotalSig
>> Doing postfit: ch8,TotalProcs
>> Doing postfit: ch9,Convs
>> Doing postfit: ch9,Rares
>> Doing postfit: ch9,TTW_jet2_eta_bin0
>> Doing postfit: ch9,TTW_jet2_eta_bin1
>> Doing postfit: ch9,TTW_jet2_eta_bin2
>> Doing postfit: ch9,TTW_jet2_eta_bin3
>> Doing postfit: ch9,TTW_ooa
>> Doing postfit: ch9,TTZ
>> Doing postfit: ch9,VVV
>> Doing postfit: ch9,WZ
>> Doing postfit: ch9,ZZ
>> Doing postfit: ch9,data_fakes
>> Doing postfit: ch9,data_flips
>> Doing postfit: ch9,tHW
>> Doing postfit: ch9,tHq
>> Doing postfit: ch9,tZq
>> Doing postfit: ch9,ttH
>> Doing postfit: ch9,ttVV
>> Doing postfit: ch9,TotalBkg
>> Doing postfit: ch9,TotalSig
>> Doing postfit: ch9,TotalProcs

Bin                       Total relative bkg uncert. (postfit)
----------------------------------------------------------
ch1                       0.07723   
ch10                      0.06781   
ch11                      0.06786   
ch12                      0.09640   
ch2                       0.09073   
ch3                       0.08074   
ch4                       0.09324   
ch5                       0.11277   
ch6                       0.09455   
ch7                       0.08158   
ch8                       0.09174   
ch9                       0.08661   

Bin                       Process              Scale factor
----------------------------------------------------------
ch1                       Convs                1.01653   
ch1                       Rares                1.00909   
ch1                       TTW_jet2_eta_bin0    0.78572   
ch1                       TTW_jet2_eta_bin1    1.24091   
ch1                       TTW_jet2_eta_bin2    0.92561   
ch1                       TTW_jet2_eta_bin3    1.35925   
ch1                       TTW_ooa              1.02278   
ch1                       TTZ                  1.12030   
ch1                       VVV                  1.15373   
ch1                       WZ                   0.95682   
ch1                       ZZ                   1.21396   
ch1                       data_fakes           1.43637   
ch1                       data_flips           0.99429   
ch1                       tHW                  1.00575   
ch1                       tHq                  1.01898   
ch1                       tZq                  1.04574   
ch1                       ttH                  1.01358   
ch1                       ttVV                 1.01108   
ch10                      Convs                1.07012   
ch10                      Rares                1.16864   
ch10                      TTW_jet2_eta_bin0    0.77827   
ch10                      TTW_jet2_eta_bin1    1.22840   
ch10                      TTW_jet2_eta_bin2    0.90535   
ch10                      TTW_jet2_eta_bin3    1.33398   
ch10                      TTW_ooa              0.98688   
ch10                      TTZ                  1.10126   
ch10                      VVV                  1.16849   
ch10                      WZ                   0.95655   
ch10                      ZZ                   1.25073   
ch10                      data_fakes           1.51466   
ch10                      data_flips           0.99403   
ch10                      tHW                  1.00671   
ch10                      tHq                  0.99358   
ch10                      tZq                  1.04631   
ch10                      ttH                  1.00396   
ch10                      ttVV                 0.99898   
ch11                      Rares                1.03328   
ch11                      TTW_jet2_eta_bin0    0.75808   
ch11                      TTW_jet2_eta_bin1    1.18702   
ch11                      TTW_jet2_eta_bin2    0.88414   
ch11                      TTW_jet2_eta_bin3    1.29890   
ch11                      TTW_ooa              0.95527   
ch11                      TTZ                  1.15860   
ch11                      VVV                  1.11111   
ch11                      WZ                   0.99396   
ch11                      ZZ                   1.01625   
ch11                      data_fakes           1.25565   
ch11                      tHW                  0.98545   
ch11                      tHq                  0.96253   
ch11                      tZq                  1.03569   
ch11                      ttH                  0.98458   
ch11                      ttVV                 0.97248   
ch12                      Convs                1.07147   
ch12                      Rares                1.16160   
ch12                      TTW_jet2_eta_bin0    0.81405   
ch12                      TTW_jet2_eta_bin1    1.28509   
ch12                      TTW_jet2_eta_bin2    0.95433   
ch12                      TTW_jet2_eta_bin3    1.39083   
ch12                      TTW_ooa              1.06537   
ch12                      TTZ                  1.21775   
ch12                      VVV                  1.20703   
ch12                      WZ                   0.94049   
ch12                      ZZ                   1.33789   
ch12                      data_fakes           1.68706   
ch12                      data_flips           0.99409   
ch12                      tHW                  1.06501   
ch12                      tHq                  1.05250   
ch12                      tZq                  1.10532   
ch12                      ttH                  1.05388   
ch12                      ttVV                 1.05180   
ch2                       Rares                1.09955   
ch2                       TTW_jet2_eta_bin0    0.76923   
ch2                       TTW_jet2_eta_bin1    1.20773   
ch2                       TTW_jet2_eta_bin2    0.88776   
ch2                       TTW_jet2_eta_bin3    1.30522   
ch2                       TTW_ooa              0.98616   
ch2                       TTZ                  1.09969   
ch2                       VVV                  1.15773   
ch2                       WZ                   0.93646   
ch2                       ZZ                   1.43702   
ch2                       data_fakes           1.26474   
ch2                       tHW                  0.97277   
ch2                       tHq                  0.98452   
ch2                       tZq                  0.99400   
ch2                       ttH                  0.98785   
ch2                       ttVV                 0.97615   
ch3                       Convs                1.06280   
ch3                       Rares                1.04314   
ch3                       TTW_jet2_eta_bin0    0.79248   
ch3                       TTW_jet2_eta_bin1    1.25202   
ch3                       TTW_jet2_eta_bin2    0.93307   
ch3                       TTW_jet2_eta_bin3    1.35421   
ch3                       TTW_ooa              1.05453   
ch3                       TTZ                  1.19126   
ch3                       VVV                  1.34291   
ch3                       WZ                   1.26229   
ch3                       ZZ                   1.48450   
ch3                       data_fakes           1.46322   
ch3                       data_flips           0.99394   
ch3                       tHW                  1.03395   
ch3                       tHq                  1.04968   
ch3                       tZq                  1.12518   
ch3                       ttH                  1.02417   
ch3                       ttVV                 1.02019   
ch4                       Convs                1.06205   
ch4                       Rares                1.18868   
ch4                       TTW_jet2_eta_bin0    0.81804   
ch4                       TTW_jet2_eta_bin1    1.28231   
ch4                       TTW_jet2_eta_bin2    0.94903   
ch4                       TTW_jet2_eta_bin3    1.39185   
ch4                       TTW_ooa              1.07116   
ch4                       TTZ                  1.20512   
ch4                       VVV                  1.32796   
ch4                       WZ                   1.14531   
ch4                       ZZ                   1.44093   
ch4                       data_fakes           1.46645   
ch4                       data_flips           0.99313   
ch4                       tHW                  1.07563   
ch4                       tHq                  1.05372   
ch4                       tZq                  1.21447   
ch4                       ttH                  1.04948   
ch4                       ttVV                 1.04478   
ch5                       Rares                1.12303   
ch5                       TTW_jet2_eta_bin0    0.77304   
ch5                       TTW_jet2_eta_bin1    1.21216   
ch5                       TTW_jet2_eta_bin2    0.89699   
ch5                       TTW_jet2_eta_bin3    1.32517   
ch5                       TTW_ooa              1.02190   
ch5                       TTZ                  1.16003   
ch5                       VVV                  1.28451   
ch5                       WZ                   1.17868   
ch5                       ZZ                   1.28616   
ch5                       data_fakes           1.44848   
ch5                       tHW                  1.00978   
ch5                       tHq                  1.00390   
ch5                       tZq                  1.14834   
ch5                       ttH                  1.00221   
ch5                       ttVV                 0.99514   
ch6                       Convs                1.04742   
ch6                       Rares                1.19052   
ch6                       TTW_jet2_eta_bin0    0.80986   
ch6                       TTW_jet2_eta_bin1    1.27852   
ch6                       TTW_jet2_eta_bin2    0.93551   
ch6                       TTW_jet2_eta_bin3    1.40188   
ch6                       TTW_ooa              1.04650   
ch6                       TTZ                  1.14383   
ch6                       VVV                  1.07400   
ch6                       WZ                   0.94069   
ch6                       ZZ                   1.33725   
ch6                       data_fakes           1.61482   
ch6                       data_flips           0.99381   
ch6                       tHW                  1.01800   
ch6                       tHq                  1.05341   
ch6                       tZq                  1.10553   
ch6                       ttH                  1.04747   
ch6                       ttVV                 1.03577   
ch7                       Convs                1.08768   
ch7                       Rares                1.16093   
ch7                       TTW_jet2_eta_bin0    0.79314   
ch7                       TTW_jet2_eta_bin1    1.23924   
ch7                       TTW_jet2_eta_bin2    0.92313   
ch7                       TTW_jet2_eta_bin3    1.35360   
ch7                       TTW_ooa              1.02099   
ch7                       TTZ                  1.12857   
ch7                       VVV                  1.11924   
ch7                       WZ                   0.95825   
ch7                       ZZ                   1.40535   
ch7                       data_fakes           1.58192   
ch7                       data_flips           0.99405   
ch7                       tHW                  1.00896   
ch7                       tHq                  1.00296   
ch7                       tZq                  1.08356   
ch7                       ttH                  1.02869   
ch7                       ttVV                 1.01101   
ch8                       Rares                1.09111   
ch8                       TTW_jet2_eta_bin0    0.76951   
ch8                       TTW_jet2_eta_bin1    1.19666   
ch8                       TTW_jet2_eta_bin2    0.90014   
ch8                       TTW_jet2_eta_bin3    1.31875   
ch8                       TTW_ooa              0.97736   
ch8                       TTZ                  1.12622   
ch8                       VVV                  1.10336   
ch8                       WZ                   0.94164   
ch8                       ZZ                   1.47289   
ch8                       data_fakes           1.38070   
ch8                       tHW                  0.98877   
ch8                       tHq                  1.02431   
ch8                       tZq                  1.02958   
ch8                       ttH                  0.99021   
ch8                       ttVV                 0.98365   
ch9                       Convs                1.05535   
ch9                       Rares                1.10820   
ch9                       TTW_jet2_eta_bin0    0.80039   
ch9                       TTW_jet2_eta_bin1    1.26672   
ch9                       TTW_jet2_eta_bin2    0.93675   
ch9                       TTW_jet2_eta_bin3    1.37041   
ch9                       TTW_ooa              1.00073   
ch9                       TTZ                  1.20808   
ch9                       VVV                  1.23509   
ch9                       WZ                   0.95167   
ch9                       ZZ                   1.10764   
ch9                       data_fakes           1.69403   
ch9                       data_flips           0.99383   
ch9                       tHW                  1.04809   
ch9                       tHq                  1.01302   
ch9                       tZq                  1.08054   
ch9                       ttH                  1.02111   
ch9                       ttVV                 1.02855   
