/mnt_pool/c3_users/user/cvico/WorkSpace/ttw-differential/cmssw-aug2024/CMSSW_10_4_0/src/CMGTools/TTHAnalysis/python/plotter/cards/cards/22Aug/unblinded/cr_nonprompt/lep1_eta
WARNING: the default behaviour of PostFitShapesFromWorkspace is to use the covariance matrix sampling method for the post-fit uncertainty. The option --sampling is deprecated and will be removed in future versions of CombineHarvester
[SetFlag] Changing value of flag "workspaces-use-clone" from 0 to 1
[#1] INFO:ObjectHandling -- RooWorkspace::import(w) importing dataset ch1
[#1] INFO:ObjectHandling -- RooWorkspace::import(w) importing dataset ch2
[#1] INFO:ObjectHandling -- RooWorkspace::import(w) importing dataset ch3
[#1] INFO:ObjectHandling -- RooWorkspace::import(w) importing dataset ch4
[SetFlag] Changing value of flag "workspaces-use-clone" from 0 to 1
>> Doing prefit: TotalBkg
>> Doing prefit: TotalSig
>> Doing prefit: TotalProcs
>> Doing prefit: ch1,Convs
>> Doing prefit: ch1,Rares
>> Doing prefit: ch1,TTW_lep1_eta_bin0
>> Doing prefit: ch1,TTW_lep1_eta_bin1
>> Doing prefit: ch1,TTW_lep1_eta_bin2
>> Doing prefit: ch1,TTW_lep1_eta_bin3
>> Doing prefit: ch1,TTW_ooa
>> Doing prefit: ch1,TTZ
>> Doing prefit: ch1,VVV
>> Doing prefit: ch1,WZ
>> Doing prefit: ch1,ZZ
>> Doing prefit: ch1,data_fakes
>> Doing prefit: ch1,data_flips
>> Doing prefit: ch1,tHW
>> Doing prefit: ch1,tHq
>> Doing prefit: ch1,tZq
>> Doing prefit: ch1,ttH
>> Doing prefit: ch1,ttVV
>> Doing prefit: ch1,TotalBkg
>> Doing prefit: ch1,TotalSig
>> Doing prefit: ch1,TotalProcs
>> Doing prefit: ch2,Convs
>> Doing prefit: ch2,Rares
>> Doing prefit: ch2,TTW_lep1_eta_bin0
>> Doing prefit: ch2,TTW_lep1_eta_bin1
>> Doing prefit: ch2,TTW_lep1_eta_bin2
>> Doing prefit: ch2,TTW_lep1_eta_bin3
>> Doing prefit: ch2,TTW_ooa
>> Doing prefit: ch2,TTZ
>> Doing prefit: ch2,VVV
>> Doing prefit: ch2,WZ
>> Doing prefit: ch2,ZZ
>> Doing prefit: ch2,data_fakes
>> Doing prefit: ch2,data_flips
>> Doing prefit: ch2,tHW
>> Doing prefit: ch2,tHq
>> Doing prefit: ch2,tZq
>> Doing prefit: ch2,ttH
>> Doing prefit: ch2,ttVV
>> Doing prefit: ch2,TotalBkg
>> Doing prefit: ch2,TotalSig
>> Doing prefit: ch2,TotalProcs
>> Doing prefit: ch3,Convs
>> Doing prefit: ch3,Rares
>> Doing prefit: ch3,TTW_lep1_eta_bin0
>> Doing prefit: ch3,TTW_lep1_eta_bin1
>> Doing prefit: ch3,TTW_lep1_eta_bin2
>> Doing prefit: ch3,TTW_lep1_eta_bin3
>> Doing prefit: ch3,TTW_ooa
>> Doing prefit: ch3,TTZ
>> Doing prefit: ch3,VVV
>> Doing prefit: ch3,WZ
>> Doing prefit: ch3,ZZ
>> Doing prefit: ch3,data_fakes
>> Doing prefit: ch3,data_flips
>> Doing prefit: ch3,tHW
>> Doing prefit: ch3,tHq
>> Doing prefit: ch3,tZq
>> Doing prefit: ch3,ttH
>> Doing prefit: ch3,ttVV
>> Doing prefit: ch3,TotalBkg
>> Doing prefit: ch3,TotalSig
>> Doing prefit: ch3,TotalProcs
>> Doing prefit: ch4,Convs
>> Doing prefit: ch4,Rares
>> Doing prefit: ch4,TTW_lep1_eta_bin0
>> Doing prefit: ch4,TTW_lep1_eta_bin1
>> Doing prefit: ch4,TTW_lep1_eta_bin2
>> Doing prefit: ch4,TTW_lep1_eta_bin3
>> Doing prefit: ch4,TTW_ooa
>> Doing prefit: ch4,TTZ
>> Doing prefit: ch4,VVV
>> Doing prefit: ch4,WZ
>> Doing prefit: ch4,ZZ
>> Doing prefit: ch4,data_fakes
>> Doing prefit: ch4,data_flips
>> Doing prefit: ch4,tHW
>> Doing prefit: ch4,tHq
>> Doing prefit: ch4,tZq
>> Doing prefit: ch4,ttH
>> Doing prefit: ch4,ttVV
>> Doing prefit: ch4,TotalBkg
>> Doing prefit: ch4,TotalSig
>> Doing prefit: ch4,TotalProcs
Bin                       Total relative bkg uncert. (prefit)
----------------------------------------------------------
ch1                       0.14890   
ch2                       0.14611   
ch3                       0.14727   
ch4                       0.13823   
>> Doing postfit: TotalBkg
>> Doing postfit: TotalSig
>> Doing postfit: TotalProcs
>> Doing postfit: ch1,Convs
>> Doing postfit: ch1,Rares
>> Doing postfit: ch1,TTW_lep1_eta_bin0
>> Doing postfit: ch1,TTW_lep1_eta_bin1
>> Doing postfit: ch1,TTW_lep1_eta_bin2
>> Doing postfit: ch1,TTW_lep1_eta_bin3
>> Doing postfit: ch1,TTW_ooa
>> Doing postfit: ch1,TTZ
>> Doing postfit: ch1,VVV
>> Doing postfit: ch1,WZ
>> Doing postfit: ch1,ZZ
>> Doing postfit: ch1,data_fakes
>> Doing postfit: ch1,data_flips
>> Doing postfit: ch1,tHW
>> Doing postfit: ch1,tHq
>> Doing postfit: ch1,tZq
>> Doing postfit: ch1,ttH
>> Doing postfit: ch1,ttVV
>> Doing postfit: ch1,TotalBkg
>> Doing postfit: ch1,TotalSig
>> Doing postfit: ch1,TotalProcs
>> Doing postfit: ch2,Convs
>> Doing postfit: ch2,Rares
>> Doing postfit: ch2,TTW_lep1_eta_bin0
>> Doing postfit: ch2,TTW_lep1_eta_bin1
>> Doing postfit: ch2,TTW_lep1_eta_bin2
>> Doing postfit: ch2,TTW_lep1_eta_bin3
>> Doing postfit: ch2,TTW_ooa
>> Doing postfit: ch2,TTZ
>> Doing postfit: ch2,VVV
>> Doing postfit: ch2,WZ
>> Doing postfit: ch2,ZZ
>> Doing postfit: ch2,data_fakes
>> Doing postfit: ch2,data_flips
>> Doing postfit: ch2,tHW
>> Doing postfit: ch2,tHq
>> Doing postfit: ch2,tZq
>> Doing postfit: ch2,ttH
>> Doing postfit: ch2,ttVV
>> Doing postfit: ch2,TotalBkg
>> Doing postfit: ch2,TotalSig
>> Doing postfit: ch2,TotalProcs
>> Doing postfit: ch3,Convs
>> Doing postfit: ch3,Rares
>> Doing postfit: ch3,TTW_lep1_eta_bin0
>> Doing postfit: ch3,TTW_lep1_eta_bin1
>> Doing postfit: ch3,TTW_lep1_eta_bin2
>> Doing postfit: ch3,TTW_lep1_eta_bin3
>> Doing postfit: ch3,TTW_ooa
>> Doing postfit: ch3,TTZ
>> Doing postfit: ch3,VVV
>> Doing postfit: ch3,WZ
>> Doing postfit: ch3,ZZ
>> Doing postfit: ch3,data_fakes
>> Doing postfit: ch3,data_flips
>> Doing postfit: ch3,tHW
>> Doing postfit: ch3,tHq
>> Doing postfit: ch3,tZq
>> Doing postfit: ch3,ttH
>> Doing postfit: ch3,ttVV
>> Doing postfit: ch3,TotalBkg
>> Doing postfit: ch3,TotalSig
>> Doing postfit: ch3,TotalProcs
>> Doing postfit: ch4,Convs
>> Doing postfit: ch4,Rares
>> Doing postfit: ch4,TTW_lep1_eta_bin0
>> Doing postfit: ch4,TTW_lep1_eta_bin1
>> Doing postfit: ch4,TTW_lep1_eta_bin2
>> Doing postfit: ch4,TTW_lep1_eta_bin3
>> Doing postfit: ch4,TTW_ooa
>> Doing postfit: ch4,TTZ
>> Doing postfit: ch4,VVV
>> Doing postfit: ch4,WZ
>> Doing postfit: ch4,ZZ
>> Doing postfit: ch4,data_fakes
>> Doing postfit: ch4,data_flips
>> Doing postfit: ch4,tHW
>> Doing postfit: ch4,tHq
>> Doing postfit: ch4,tZq
>> Doing postfit: ch4,ttH
>> Doing postfit: ch4,ttVV
>> Doing postfit: ch4,TotalBkg
>> Doing postfit: ch4,TotalSig
>> Doing postfit: ch4,TotalProcs

Bin                       Total relative bkg uncert. (postfit)
----------------------------------------------------------
ch1                       0.12348   
ch2                       0.16100   
ch3                       0.10433   
ch4                       0.09732   

Bin                       Process              Scale factor
----------------------------------------------------------
ch1                       Convs                1.06117   
ch1                       Rares                2.07707   
ch1                       TTW_lep1_eta_bin0    0.93177   
ch1                       TTW_lep1_eta_bin1    1.07817   
ch1                       TTW_lep1_eta_bin2    1.39572   
ch1                       TTW_lep1_eta_bin3    1.51407   
ch1                       TTW_ooa              1.01401   
ch1                       TTZ                  1.10724   
ch1                       VVV                  1.66531   
ch1                       WZ                   0.84888   
ch1                       ZZ                   1.08658   
ch1                       data_fakes           1.07301   
ch1                       data_flips           0.87995   
ch1                       tHW                  1.02640   
ch1                       tHq                  1.02479   
ch1                       tZq                  1.12985   
ch1                       ttH                  0.97533   
ch1                       ttVV                 0.96320   
ch2                       Convs                1.03193   
ch2                       Rares                4.37132   
ch2                       TTW_lep1_eta_bin0    0.86312   
ch2                       TTW_lep1_eta_bin1    1.17570   
ch2                       TTW_lep1_eta_bin2    1.37625   
ch2                       TTW_lep1_eta_bin3    1.57379   
ch2                       TTW_ooa              1.03850   
ch2                       TTZ                  1.10085   
ch2                       VVV                  1.79003   
ch2                       WZ                   1.15312   
ch2                       ZZ                   1.52760   
ch2                       data_fakes           1.10284   
ch2                       data_flips           0.88009   
ch2                       tHW                  1.01978   
ch2                       tHq                  1.06806   
ch2                       tZq                  1.19330   
ch2                       ttH                  0.97104   
ch2                       ttVV                 1.02996   
ch3                       Convs                0.96316   
ch3                       Rares                1.53686   
ch3                       TTW_lep1_eta_bin0    0.93103   
ch3                       TTW_lep1_eta_bin1    1.09583   
ch3                       TTW_lep1_eta_bin2    1.55682   
ch3                       TTW_lep1_eta_bin3    1.60467   
ch3                       TTW_ooa              1.02099   
ch3                       TTZ                  1.10519   
ch3                       VVV                  1.61152   
ch3                       WZ                   0.80946   
ch3                       ZZ                   1.10487   
ch3                       data_fakes           1.16860   
ch3                       data_flips           0.87964   
ch3                       tHW                  0.96606   
ch3                       tHq                  1.02865   
ch3                       tZq                  1.07752   
ch3                       ttH                  0.97478   
ch3                       ttVV                 1.03238   
ch4                       Convs                0.86972   
ch4                       Rares                1.05905   
ch4                       TTW_lep1_eta_bin0    0.91369   
ch4                       TTW_lep1_eta_bin1    1.07394   
ch4                       TTW_lep1_eta_bin2    1.50109   
ch4                       TTW_lep1_eta_bin3    1.50039   
ch4                       TTW_ooa              1.00468   
ch4                       TTZ                  1.06861   
ch4                       VVV                  1.63578   
ch4                       WZ                   0.82325   
ch4                       ZZ                   1.12079   
ch4                       data_fakes           1.10194   
ch4                       data_flips           0.87946   
ch4                       tHW                  0.98958   
ch4                       tHq                  0.97250   
ch4                       tZq                  1.07475   
ch4                       ttH                  0.99120   
ch4                       ttVV                 1.01008   
