WARNING: the default behaviour of PostFitShapesFromWorkspace is to use the covariance matrix sampling method for the post-fit uncertainty. The option --sampling is deprecated and will be removed in future versions of CombineHarvester
[SetFlag] Changing value of flag "workspaces-use-clone" from 0 to 1
[#1] INFO:ObjectHandling -- RooWorkspace::import(w) importing dataset ch1
[#1] INFO:ObjectHandling -- RooWorkspace::import(w) importing dataset ch10
[#1] INFO:ObjectHandling -- RooWorkspace::import(w) importing dataset ch11
[#1] INFO:ObjectHandling -- RooWorkspace::import(w) importing dataset ch12
[#1] INFO:ObjectHandling -- RooWorkspace::import(w) importing dataset ch2
[#1] INFO:ObjectHandling -- RooWorkspace::import(w) importing dataset ch3
[#1] INFO:ObjectHandling -- RooWorkspace::import(w) importing dataset ch4
[#1] INFO:ObjectHandling -- RooWorkspace::import(w) importing dataset ch5
[#1] INFO:ObjectHandling -- RooWorkspace::import(w) importing dataset ch6
[#1] INFO:ObjectHandling -- RooWorkspace::import(w) importing dataset ch7
[#1] INFO:ObjectHandling -- RooWorkspace::import(w) importing dataset ch8
[#1] INFO:ObjectHandling -- RooWorkspace::import(w) importing dataset ch9
[SetFlag] Changing value of flag "workspaces-use-clone" from 0 to 1
>> Doing prefit: TotalBkg
>> Doing prefit: TotalSig
>> Doing prefit: TotalProcs
>> Doing prefit: ch1,Convs
>> Doing prefit: ch1,Rares
>> Doing prefit: ch1,TTW_njets_7bins_bin0
>> Doing prefit: ch1,TTW_njets_7bins_bin1
>> Doing prefit: ch1,TTW_njets_7bins_bin2
>> Doing prefit: ch1,TTW_njets_7bins_bin3
>> Doing prefit: ch1,TTW_njets_7bins_bin4
>> Doing prefit: ch1,TTW_ooa
>> Doing prefit: ch1,TTZ
>> Doing prefit: ch1,VVV
>> Doing prefit: ch1,WZ
>> Doing prefit: ch1,ZZ
>> Doing prefit: ch1,data_fakes
>> Doing prefit: ch1,data_flips
>> Doing prefit: ch1,tHW
>> Doing prefit: ch1,tHq
>> Doing prefit: ch1,tZq
>> Doing prefit: ch1,ttH
>> Doing prefit: ch1,ttVV
>> Doing prefit: ch1,TotalBkg
>> Doing prefit: ch1,TotalSig
>> Doing prefit: ch1,TotalProcs
>> Doing prefit: ch10,Convs
>> Doing prefit: ch10,Rares
>> Doing prefit: ch10,TTW_njets_7bins_bin0
>> Doing prefit: ch10,TTW_njets_7bins_bin1
>> Doing prefit: ch10,TTW_njets_7bins_bin2
>> Doing prefit: ch10,TTW_njets_7bins_bin3
>> Doing prefit: ch10,TTW_njets_7bins_bin4
>> Doing prefit: ch10,TTW_ooa
>> Doing prefit: ch10,TTZ
>> Doing prefit: ch10,VVV
>> Doing prefit: ch10,WZ
>> Doing prefit: ch10,ZZ
>> Doing prefit: ch10,data_fakes
>> Doing prefit: ch10,data_flips
>> Doing prefit: ch10,tHW
>> Doing prefit: ch10,tHq
>> Doing prefit: ch10,tZq
>> Doing prefit: ch10,ttH
>> Doing prefit: ch10,ttVV
>> Doing prefit: ch10,TotalBkg
>> Doing prefit: ch10,TotalSig
>> Doing prefit: ch10,TotalProcs
>> Doing prefit: ch11,Convs
>> Doing prefit: ch11,Rares
>> Doing prefit: ch11,TTW_njets_7bins_bin0
>> Doing prefit: ch11,TTW_njets_7bins_bin1
>> Doing prefit: ch11,TTW_njets_7bins_bin2
>> Doing prefit: ch11,TTW_njets_7bins_bin3
>> Doing prefit: ch11,TTW_njets_7bins_bin4
>> Doing prefit: ch11,TTW_ooa
>> Doing prefit: ch11,TTZ
>> Doing prefit: ch11,VVV
>> Doing prefit: ch11,WZ
>> Doing prefit: ch11,ZZ
>> Doing prefit: ch11,data_fakes
>> Doing prefit: ch11,data_flips
>> Doing prefit: ch11,tHW
>> Doing prefit: ch11,tHq
>> Doing prefit: ch11,tZq
>> Doing prefit: ch11,ttH
>> Doing prefit: ch11,ttVV
>> Doing prefit: ch11,TotalBkg
>> Doing prefit: ch11,TotalSig
>> Doing prefit: ch11,TotalProcs
>> Doing prefit: ch12,Rares
>> Doing prefit: ch12,TTW_njets_7bins_bin0
>> Doing prefit: ch12,TTW_njets_7bins_bin1
>> Doing prefit: ch12,TTW_njets_7bins_bin2
>> Doing prefit: ch12,TTW_njets_7bins_bin3
>> Doing prefit: ch12,TTW_njets_7bins_bin4
>> Doing prefit: ch12,TTW_ooa
>> Doing prefit: ch12,TTZ
>> Doing prefit: ch12,VVV
>> Doing prefit: ch12,WZ
>> Doing prefit: ch12,ZZ
>> Doing prefit: ch12,data_fakes
>> Doing prefit: ch12,tHW
>> Doing prefit: ch12,tHq
>> Doing prefit: ch12,tZq
>> Doing prefit: ch12,ttH
>> Doing prefit: ch12,ttVV
>> Doing prefit: ch12,TotalBkg
>> Doing prefit: ch12,TotalSig
>> Doing prefit: ch12,TotalProcs
>> Doing prefit: ch2,Rares
>> Doing prefit: ch2,TTW_njets_7bins_bin0
>> Doing prefit: ch2,TTW_njets_7bins_bin1
>> Doing prefit: ch2,TTW_njets_7bins_bin2
>> Doing prefit: ch2,TTW_njets_7bins_bin3
>> Doing prefit: ch2,TTW_njets_7bins_bin4
>> Doing prefit: ch2,TTW_ooa
>> Doing prefit: ch2,TTZ
>> Doing prefit: ch2,VVV
>> Doing prefit: ch2,WZ
>> Doing prefit: ch2,ZZ
>> Doing prefit: ch2,data_fakes
>> Doing prefit: ch2,tHW
>> Doing prefit: ch2,tHq
>> Doing prefit: ch2,tZq
>> Doing prefit: ch2,ttH
>> Doing prefit: ch2,ttVV
>> Doing prefit: ch2,TotalBkg
>> Doing prefit: ch2,TotalSig
>> Doing prefit: ch2,TotalProcs
>> Doing prefit: ch3,Convs
>> Doing prefit: ch3,Rares
>> Doing prefit: ch3,TTW_njets_7bins_bin0
>> Doing prefit: ch3,TTW_njets_7bins_bin1
>> Doing prefit: ch3,TTW_njets_7bins_bin2
>> Doing prefit: ch3,TTW_njets_7bins_bin3
>> Doing prefit: ch3,TTW_njets_7bins_bin4
>> Doing prefit: ch3,TTW_ooa
>> Doing prefit: ch3,TTZ
>> Doing prefit: ch3,VVV
>> Doing prefit: ch3,WZ
>> Doing prefit: ch3,ZZ
>> Doing prefit: ch3,data_fakes
>> Doing prefit: ch3,data_flips
>> Doing prefit: ch3,tHW
>> Doing prefit: ch3,tHq
>> Doing prefit: ch3,tZq
>> Doing prefit: ch3,ttH
>> Doing prefit: ch3,ttVV
>> Doing prefit: ch3,TotalBkg
>> Doing prefit: ch3,TotalSig
>> Doing prefit: ch3,TotalProcs
>> Doing prefit: ch4,Convs
>> Doing prefit: ch4,Rares
>> Doing prefit: ch4,TTW_njets_7bins_bin0
>> Doing prefit: ch4,TTW_njets_7bins_bin1
>> Doing prefit: ch4,TTW_njets_7bins_bin2
>> Doing prefit: ch4,TTW_njets_7bins_bin3
>> Doing prefit: ch4,TTW_njets_7bins_bin4
>> Doing prefit: ch4,TTW_ooa
>> Doing prefit: ch4,TTZ
>> Doing prefit: ch4,VVV
>> Doing prefit: ch4,WZ
>> Doing prefit: ch4,ZZ
>> Doing prefit: ch4,data_fakes
>> Doing prefit: ch4,data_flips
>> Doing prefit: ch4,tHW
>> Doing prefit: ch4,tHq
>> Doing prefit: ch4,tZq
>> Doing prefit: ch4,ttH
>> Doing prefit: ch4,ttVV
>> Doing prefit: ch4,TotalBkg
>> Doing prefit: ch4,TotalSig
>> Doing prefit: ch4,TotalProcs
>> Doing prefit: ch5,Rares
>> Doing prefit: ch5,TTW_njets_7bins_bin0
>> Doing prefit: ch5,TTW_njets_7bins_bin1
>> Doing prefit: ch5,TTW_njets_7bins_bin2
>> Doing prefit: ch5,TTW_njets_7bins_bin3
>> Doing prefit: ch5,TTW_njets_7bins_bin4
>> Doing prefit: ch5,TTW_ooa
>> Doing prefit: ch5,TTZ
>> Doing prefit: ch5,VVV
>> Doing prefit: ch5,WZ
>> Doing prefit: ch5,ZZ
>> Doing prefit: ch5,data_fakes
>> Doing prefit: ch5,tHW
>> Doing prefit: ch5,tHq
>> Doing prefit: ch5,tZq
>> Doing prefit: ch5,ttH
>> Doing prefit: ch5,ttVV
>> Doing prefit: ch5,TotalBkg
>> Doing prefit: ch5,TotalSig
>> Doing prefit: ch5,TotalProcs
>> Doing prefit: ch6,Convs
>> Doing prefit: ch6,Rares
>> Doing prefit: ch6,TTW_njets_7bins_bin0
>> Doing prefit: ch6,TTW_njets_7bins_bin1
>> Doing prefit: ch6,TTW_njets_7bins_bin2
>> Doing prefit: ch6,TTW_njets_7bins_bin3
>> Doing prefit: ch6,TTW_njets_7bins_bin4
>> Doing prefit: ch6,TTW_ooa
>> Doing prefit: ch6,TTZ
>> Doing prefit: ch6,VVV
>> Doing prefit: ch6,WZ
>> Doing prefit: ch6,ZZ
>> Doing prefit: ch6,data_fakes
>> Doing prefit: ch6,data_flips
>> Doing prefit: ch6,tHW
>> Doing prefit: ch6,tHq
>> Doing prefit: ch6,tZq
>> Doing prefit: ch6,ttH
>> Doing prefit: ch6,ttVV
>> Doing prefit: ch6,TotalBkg
>> Doing prefit: ch6,TotalSig
>> Doing prefit: ch6,TotalProcs
>> Doing prefit: ch7,Rares
>> Doing prefit: ch7,TTW_njets_7bins_bin0
>> Doing prefit: ch7,TTW_njets_7bins_bin1
>> Doing prefit: ch7,TTW_njets_7bins_bin2
>> Doing prefit: ch7,TTW_njets_7bins_bin3
>> Doing prefit: ch7,TTW_njets_7bins_bin4
>> Doing prefit: ch7,TTW_ooa
>> Doing prefit: ch7,TTZ
>> Doing prefit: ch7,VVV
>> Doing prefit: ch7,WZ
>> Doing prefit: ch7,ZZ
>> Doing prefit: ch7,data_fakes
>> Doing prefit: ch7,tHW
>> Doing prefit: ch7,tHq
>> Doing prefit: ch7,tZq
>> Doing prefit: ch7,ttH
>> Doing prefit: ch7,ttVV
>> Doing prefit: ch7,TotalBkg
>> Doing prefit: ch7,TotalSig
>> Doing prefit: ch7,TotalProcs
>> Doing prefit: ch8,Convs
>> Doing prefit: ch8,Rares
>> Doing prefit: ch8,TTW_njets_7bins_bin0
>> Doing prefit: ch8,TTW_njets_7bins_bin1
>> Doing prefit: ch8,TTW_njets_7bins_bin2
>> Doing prefit: ch8,TTW_njets_7bins_bin3
>> Doing prefit: ch8,TTW_njets_7bins_bin4
>> Doing prefit: ch8,TTW_ooa
>> Doing prefit: ch8,TTZ
>> Doing prefit: ch8,VVV
>> Doing prefit: ch8,WZ
>> Doing prefit: ch8,ZZ
>> Doing prefit: ch8,data_fakes
>> Doing prefit: ch8,data_flips
>> Doing prefit: ch8,tHW
>> Doing prefit: ch8,tHq
>> Doing prefit: ch8,tZq
>> Doing prefit: ch8,ttH
>> Doing prefit: ch8,ttVV
>> Doing prefit: ch8,TotalBkg
>> Doing prefit: ch8,TotalSig
>> Doing prefit: ch8,TotalProcs
>> Doing prefit: ch9,Convs
>> Doing prefit: ch9,Rares
>> Doing prefit: ch9,TTW_njets_7bins_bin0
>> Doing prefit: ch9,TTW_njets_7bins_bin1
>> Doing prefit: ch9,TTW_njets_7bins_bin2
>> Doing prefit: ch9,TTW_njets_7bins_bin3
>> Doing prefit: ch9,TTW_njets_7bins_bin4
>> Doing prefit: ch9,TTW_ooa
>> Doing prefit: ch9,TTZ
>> Doing prefit: ch9,VVV
>> Doing prefit: ch9,WZ
>> Doing prefit: ch9,ZZ
>> Doing prefit: ch9,data_fakes
>> Doing prefit: ch9,data_flips
>> Doing prefit: ch9,tHW
>> Doing prefit: ch9,tHq
>> Doing prefit: ch9,tZq
>> Doing prefit: ch9,ttH
>> Doing prefit: ch9,ttVV
>> Doing prefit: ch9,TotalBkg
>> Doing prefit: ch9,TotalSig
>> Doing prefit: ch9,TotalProcs
Bin                       Total relative bkg uncert. (prefit)
----------------------------------------------------------
ch1                       0.21308   
ch10                      0.15011   
ch11                      0.11566   
ch12                      0.15345   
ch2                       0.15626   
ch3                       0.13383   
ch4                       0.11988   
ch5                       0.14544   
ch6                       0.12486   
ch7                       0.14577   
ch8                       0.10763   
ch9                       0.16381   
>> Doing postfit: TotalBkg
>> Doing postfit: TotalSig
>> Doing postfit: TotalProcs
>> Doing postfit: ch1,Convs
>> Doing postfit: ch1,Rares
>> Doing postfit: ch1,TTW_njets_7bins_bin0
>> Doing postfit: ch1,TTW_njets_7bins_bin1
>> Doing postfit: ch1,TTW_njets_7bins_bin2
>> Doing postfit: ch1,TTW_njets_7bins_bin3
>> Doing postfit: ch1,TTW_njets_7bins_bin4
>> Doing postfit: ch1,TTW_ooa
>> Doing postfit: ch1,TTZ
>> Doing postfit: ch1,VVV
>> Doing postfit: ch1,WZ
>> Doing postfit: ch1,ZZ
>> Doing postfit: ch1,data_fakes
>> Doing postfit: ch1,data_flips
>> Doing postfit: ch1,tHW
>> Doing postfit: ch1,tHq
>> Doing postfit: ch1,tZq
>> Doing postfit: ch1,ttH
>> Doing postfit: ch1,ttVV
>> Doing postfit: ch1,TotalBkg
>> Doing postfit: ch1,TotalSig
>> Doing postfit: ch1,TotalProcs
>> Doing postfit: ch10,Convs
>> Doing postfit: ch10,Rares
>> Doing postfit: ch10,TTW_njets_7bins_bin0
>> Doing postfit: ch10,TTW_njets_7bins_bin1
>> Doing postfit: ch10,TTW_njets_7bins_bin2
>> Doing postfit: ch10,TTW_njets_7bins_bin3
>> Doing postfit: ch10,TTW_njets_7bins_bin4
>> Doing postfit: ch10,TTW_ooa
>> Doing postfit: ch10,TTZ
>> Doing postfit: ch10,VVV
>> Doing postfit: ch10,WZ
>> Doing postfit: ch10,ZZ
>> Doing postfit: ch10,data_fakes
>> Doing postfit: ch10,data_flips
>> Doing postfit: ch10,tHW
>> Doing postfit: ch10,tHq
>> Doing postfit: ch10,tZq
>> Doing postfit: ch10,ttH
>> Doing postfit: ch10,ttVV
>> Doing postfit: ch10,TotalBkg
>> Doing postfit: ch10,TotalSig
>> Doing postfit: ch10,TotalProcs
>> Doing postfit: ch11,Convs
>> Doing postfit: ch11,Rares
>> Doing postfit: ch11,TTW_njets_7bins_bin0
>> Doing postfit: ch11,TTW_njets_7bins_bin1
>> Doing postfit: ch11,TTW_njets_7bins_bin2
>> Doing postfit: ch11,TTW_njets_7bins_bin3
>> Doing postfit: ch11,TTW_njets_7bins_bin4
>> Doing postfit: ch11,TTW_ooa
>> Doing postfit: ch11,TTZ
>> Doing postfit: ch11,VVV
>> Doing postfit: ch11,WZ
>> Doing postfit: ch11,ZZ
>> Doing postfit: ch11,data_fakes
>> Doing postfit: ch11,data_flips
>> Doing postfit: ch11,tHW
>> Doing postfit: ch11,tHq
>> Doing postfit: ch11,tZq
>> Doing postfit: ch11,ttH
>> Doing postfit: ch11,ttVV
>> Doing postfit: ch11,TotalBkg
>> Doing postfit: ch11,TotalSig
>> Doing postfit: ch11,TotalProcs
>> Doing postfit: ch12,Rares
>> Doing postfit: ch12,TTW_njets_7bins_bin0
>> Doing postfit: ch12,TTW_njets_7bins_bin1
>> Doing postfit: ch12,TTW_njets_7bins_bin2
>> Doing postfit: ch12,TTW_njets_7bins_bin3
>> Doing postfit: ch12,TTW_njets_7bins_bin4
>> Doing postfit: ch12,TTW_ooa
>> Doing postfit: ch12,TTZ
>> Doing postfit: ch12,VVV
>> Doing postfit: ch12,WZ
>> Doing postfit: ch12,ZZ
>> Doing postfit: ch12,data_fakes
>> Doing postfit: ch12,tHW
>> Doing postfit: ch12,tHq
>> Doing postfit: ch12,tZq
>> Doing postfit: ch12,ttH
>> Doing postfit: ch12,ttVV
>> Doing postfit: ch12,TotalBkg
>> Doing postfit: ch12,TotalSig
>> Doing postfit: ch12,TotalProcs
>> Doing postfit: ch2,Rares
>> Doing postfit: ch2,TTW_njets_7bins_bin0
>> Doing postfit: ch2,TTW_njets_7bins_bin1
>> Doing postfit: ch2,TTW_njets_7bins_bin2
>> Doing postfit: ch2,TTW_njets_7bins_bin3
>> Doing postfit: ch2,TTW_njets_7bins_bin4
>> Doing postfit: ch2,TTW_ooa
>> Doing postfit: ch2,TTZ
>> Doing postfit: ch2,VVV
>> Doing postfit: ch2,WZ
>> Doing postfit: ch2,ZZ
>> Doing postfit: ch2,data_fakes
>> Doing postfit: ch2,tHW
>> Doing postfit: ch2,tHq
>> Doing postfit: ch2,tZq
>> Doing postfit: ch2,ttH
>> Doing postfit: ch2,ttVV
>> Doing postfit: ch2,TotalBkg
>> Doing postfit: ch2,TotalSig
>> Doing postfit: ch2,TotalProcs
>> Doing postfit: ch3,Convs
>> Doing postfit: ch3,Rares
>> Doing postfit: ch3,TTW_njets_7bins_bin0
>> Doing postfit: ch3,TTW_njets_7bins_bin1
>> Doing postfit: ch3,TTW_njets_7bins_bin2
>> Doing postfit: ch3,TTW_njets_7bins_bin3
>> Doing postfit: ch3,TTW_njets_7bins_bin4
>> Doing postfit: ch3,TTW_ooa
>> Doing postfit: ch3,TTZ
>> Doing postfit: ch3,VVV
>> Doing postfit: ch3,WZ
>> Doing postfit: ch3,ZZ
>> Doing postfit: ch3,data_fakes
>> Doing postfit: ch3,data_flips
>> Doing postfit: ch3,tHW
>> Doing postfit: ch3,tHq
>> Doing postfit: ch3,tZq
>> Doing postfit: ch3,ttH
>> Doing postfit: ch3,ttVV
>> Doing postfit: ch3,TotalBkg
>> Doing postfit: ch3,TotalSig
>> Doing postfit: ch3,TotalProcs
>> Doing postfit: ch4,Convs
>> Doing postfit: ch4,Rares
>> Doing postfit: ch4,TTW_njets_7bins_bin0
>> Doing postfit: ch4,TTW_njets_7bins_bin1
>> Doing postfit: ch4,TTW_njets_7bins_bin2
>> Doing postfit: ch4,TTW_njets_7bins_bin3
>> Doing postfit: ch4,TTW_njets_7bins_bin4
>> Doing postfit: ch4,TTW_ooa
>> Doing postfit: ch4,TTZ
>> Doing postfit: ch4,VVV
>> Doing postfit: ch4,WZ
>> Doing postfit: ch4,ZZ
>> Doing postfit: ch4,data_fakes
>> Doing postfit: ch4,data_flips
>> Doing postfit: ch4,tHW
>> Doing postfit: ch4,tHq
>> Doing postfit: ch4,tZq
>> Doing postfit: ch4,ttH
>> Doing postfit: ch4,ttVV
>> Doing postfit: ch4,TotalBkg
>> Doing postfit: ch4,TotalSig
>> Doing postfit: ch4,TotalProcs
>> Doing postfit: ch5,Rares
>> Doing postfit: ch5,TTW_njets_7bins_bin0
>> Doing postfit: ch5,TTW_njets_7bins_bin1
>> Doing postfit: ch5,TTW_njets_7bins_bin2
>> Doing postfit: ch5,TTW_njets_7bins_bin3
>> Doing postfit: ch5,TTW_njets_7bins_bin4
>> Doing postfit: ch5,TTW_ooa
>> Doing postfit: ch5,TTZ
>> Doing postfit: ch5,VVV
>> Doing postfit: ch5,WZ
>> Doing postfit: ch5,ZZ
>> Doing postfit: ch5,data_fakes
>> Doing postfit: ch5,tHW
>> Doing postfit: ch5,tHq
>> Doing postfit: ch5,tZq
>> Doing postfit: ch5,ttH
>> Doing postfit: ch5,ttVV
>> Doing postfit: ch5,TotalBkg
>> Doing postfit: ch5,TotalSig
>> Doing postfit: ch5,TotalProcs
>> Doing postfit: ch6,Convs
>> Doing postfit: ch6,Rares
>> Doing postfit: ch6,TTW_njets_7bins_bin0
>> Doing postfit: ch6,TTW_njets_7bins_bin1
>> Doing postfit: ch6,TTW_njets_7bins_bin2
>> Doing postfit: ch6,TTW_njets_7bins_bin3
>> Doing postfit: ch6,TTW_njets_7bins_bin4
>> Doing postfit: ch6,TTW_ooa
>> Doing postfit: ch6,TTZ
>> Doing postfit: ch6,VVV
>> Doing postfit: ch6,WZ
>> Doing postfit: ch6,ZZ
>> Doing postfit: ch6,data_fakes
>> Doing postfit: ch6,data_flips
>> Doing postfit: ch6,tHW
>> Doing postfit: ch6,tHq
>> Doing postfit: ch6,tZq
>> Doing postfit: ch6,ttH
>> Doing postfit: ch6,ttVV
>> Doing postfit: ch6,TotalBkg
>> Doing postfit: ch6,TotalSig
>> Doing postfit: ch6,TotalProcs
>> Doing postfit: ch7,Rares
>> Doing postfit: ch7,TTW_njets_7bins_bin0
>> Doing postfit: ch7,TTW_njets_7bins_bin1
>> Doing postfit: ch7,TTW_njets_7bins_bin2
>> Doing postfit: ch7,TTW_njets_7bins_bin3
>> Doing postfit: ch7,TTW_njets_7bins_bin4
>> Doing postfit: ch7,TTW_ooa
>> Doing postfit: ch7,TTZ
>> Doing postfit: ch7,VVV
>> Doing postfit: ch7,WZ
>> Doing postfit: ch7,ZZ
>> Doing postfit: ch7,data_fakes
>> Doing postfit: ch7,tHW
>> Doing postfit: ch7,tHq
>> Doing postfit: ch7,tZq
>> Doing postfit: ch7,ttH
>> Doing postfit: ch7,ttVV
>> Doing postfit: ch7,TotalBkg
>> Doing postfit: ch7,TotalSig
>> Doing postfit: ch7,TotalProcs
>> Doing postfit: ch8,Convs
>> Doing postfit: ch8,Rares
>> Doing postfit: ch8,TTW_njets_7bins_bin0
>> Doing postfit: ch8,TTW_njets_7bins_bin1
>> Doing postfit: ch8,TTW_njets_7bins_bin2
>> Doing postfit: ch8,TTW_njets_7bins_bin3
>> Doing postfit: ch8,TTW_njets_7bins_bin4
>> Doing postfit: ch8,TTW_ooa
>> Doing postfit: ch8,TTZ
>> Doing postfit: ch8,VVV
>> Doing postfit: ch8,WZ
>> Doing postfit: ch8,ZZ
>> Doing postfit: ch8,data_fakes
>> Doing postfit: ch8,data_flips
>> Doing postfit: ch8,tHW
>> Doing postfit: ch8,tHq
>> Doing postfit: ch8,tZq
>> Doing postfit: ch8,ttH
>> Doing postfit: ch8,ttVV
>> Doing postfit: ch8,TotalBkg
>> Doing postfit: ch8,TotalSig
>> Doing postfit: ch8,TotalProcs
>> Doing postfit: ch9,Convs
>> Doing postfit: ch9,Rares
>> Doing postfit: ch9,TTW_njets_7bins_bin0
>> Doing postfit: ch9,TTW_njets_7bins_bin1
>> Doing postfit: ch9,TTW_njets_7bins_bin2
>> Doing postfit: ch9,TTW_njets_7bins_bin3
>> Doing postfit: ch9,TTW_njets_7bins_bin4
>> Doing postfit: ch9,TTW_ooa
>> Doing postfit: ch9,TTZ
>> Doing postfit: ch9,VVV
>> Doing postfit: ch9,WZ
>> Doing postfit: ch9,ZZ
>> Doing postfit: ch9,data_fakes
>> Doing postfit: ch9,data_flips
>> Doing postfit: ch9,tHW
>> Doing postfit: ch9,tHq
>> Doing postfit: ch9,tZq
>> Doing postfit: ch9,ttH
>> Doing postfit: ch9,ttVV
>> Doing postfit: ch9,TotalBkg
>> Doing postfit: ch9,TotalSig
>> Doing postfit: ch9,TotalProcs

Bin                       Total relative bkg uncert. (postfit)
----------------------------------------------------------
ch1                       0.14510   
ch10                      0.10195   
ch11                      0.08215   
ch12                      0.15096   
ch2                       0.09513   
ch3                       0.09988   
ch4                       0.07756   
ch5                       0.08866   
ch6                       0.08829   
ch7                       0.08733   
ch8                       0.06785   
ch9                       0.09928   

Bin                       Process              Scale factor
----------------------------------------------------------
ch1                       Convs                0.86189   
ch1                       Rares                1.45314   
ch1                       TTW_njets_7bins_bin0 1.49286   
ch1                       TTW_njets_7bins_bin1 1.31414   
ch1                       TTW_njets_7bins_bin2 1.03186   
ch1                       TTW_njets_7bins_bin3 1.29100   
ch1                       TTW_njets_7bins_bin4 2.68570   
ch1                       TTW_ooa              1.15220   
ch1                       TTZ                  1.08951   
ch1                       VVV                  1.46517   
ch1                       WZ                   1.16373   
ch1                       ZZ                   1.65834   
ch1                       data_fakes           1.60240   
ch1                       data_flips           0.93710   
ch1                       tHW                  1.09464   
ch1                       tHq                  1.10085   
ch1                       tZq                  1.29945   
ch1                       ttH                  1.02674   
ch1                       ttVV                 1.09356   
ch10                      Convs                1.07484   
ch10                      Rares                1.33463   
ch10                      TTW_njets_7bins_bin0 1.46722   
ch10                      TTW_njets_7bins_bin1 1.31291   
ch10                      TTW_njets_7bins_bin2 1.03889   
ch10                      TTW_njets_7bins_bin3 1.41920   
ch10                      TTW_njets_7bins_bin4 2.57257   
ch10                      TTW_ooa              1.08959   
ch10                      TTZ                  1.10643   
ch10                      VVV                  1.22913   
ch10                      WZ                   0.99504   
ch10                      ZZ                   1.27206   
ch10                      data_fakes           1.43353   
ch10                      data_flips           0.93677   
ch10                      tHW                  1.04614   
ch10                      tHq                  1.03213   
ch10                      tZq                  1.11537   
ch10                      ttH                  1.05357   
ch10                      ttVV                 1.08173   
ch11                      Convs                1.05067   
ch11                      Rares                1.40203   
ch11                      TTW_njets_7bins_bin0 1.44883   
ch11                      TTW_njets_7bins_bin1 1.27465   
ch11                      TTW_njets_7bins_bin2 0.97941   
ch11                      TTW_njets_7bins_bin3 1.36724   
ch11                      TTW_njets_7bins_bin4 2.34605   
ch11                      TTW_ooa              1.09378   
ch11                      TTZ                  1.10030   
ch11                      VVV                  1.42071   
ch11                      WZ                   1.14409   
ch11                      ZZ                   1.53785   
ch11                      data_fakes           1.17017   
ch11                      data_flips           0.93657   
ch11                      tHW                  1.06434   
ch11                      tHq                  1.05752   
ch11                      tZq                  1.17844   
ch11                      ttH                  1.02962   
ch11                      ttVV                 1.06467   
ch12                      Rares                1.37333   
ch12                      TTW_njets_7bins_bin0 1.41160   
ch12                      TTW_njets_7bins_bin1 1.25010   
ch12                      TTW_njets_7bins_bin2 0.95853   
ch12                      TTW_njets_7bins_bin3 1.26549   
ch12                      TTW_njets_7bins_bin4 2.28019   
ch12                      TTW_ooa              1.04662   
ch12                      TTZ                  1.14655   
ch12                      VVV                  2.84472   
ch12                      WZ                   1.08878   
ch12                      ZZ                   1.56774   
ch12                      data_fakes           1.04462   
ch12                      tHW                  1.03031   
ch12                      tHq                  1.04637   
ch12                      tZq                  1.07819   
ch12                      ttH                  1.05020   
ch12                      ttVV                 1.03340   
ch2                       Rares                1.26247   
ch2                       TTW_njets_7bins_bin0 1.37453   
ch2                       TTW_njets_7bins_bin1 1.23288   
ch2                       TTW_njets_7bins_bin2 0.95629   
ch2                       TTW_njets_7bins_bin3 1.31653   
ch2                       TTW_njets_7bins_bin4 2.33616   
ch2                       TTW_ooa              1.00852   
ch2                       TTZ                  1.12700   
ch2                       VVV                  1.20694   
ch2                       WZ                   0.93082   
ch2                       ZZ                   1.04949   
ch2                       data_fakes           0.97961   
ch2                       tHW                  1.00283   
ch2                       tHq                  0.99826   
ch2                       tZq                  1.08156   
ch2                       ttH                  1.00882   
ch2                       ttVV                 1.02646   
ch3                       Convs                1.23615   
ch3                       Rares                1.60594   
ch3                       TTW_njets_7bins_bin0 1.43692   
ch3                       TTW_njets_7bins_bin1 1.30757   
ch3                       TTW_njets_7bins_bin2 0.97654   
ch3                       TTW_njets_7bins_bin3 1.41190   
ch3                       TTW_njets_7bins_bin4 2.47562   
ch3                       TTW_ooa              1.09649   
ch3                       TTZ                  1.10034   
ch3                       VVV                  1.33183   
ch3                       WZ                   1.02007   
ch3                       ZZ                   1.42590   
ch3                       data_fakes           1.46091   
ch3                       data_flips           0.93776   
ch3                       tHW                  1.05908   
ch3                       tHq                  1.07983   
ch3                       tZq                  1.19712   
ch3                       ttH                  1.05832   
ch3                       ttVV                 1.09014   
ch4                       Convs                1.23345   
ch4                       Rares                1.50848   
ch4                       TTW_njets_7bins_bin0 1.40154   
ch4                       TTW_njets_7bins_bin1 1.26836   
ch4                       TTW_njets_7bins_bin2 0.98004   
ch4                       TTW_njets_7bins_bin3 1.25333   
ch4                       TTW_njets_7bins_bin4 2.42461   
ch4                       TTW_ooa              1.04814   
ch4                       TTZ                  1.19332   
ch4                       VVV                  1.26718   
ch4                       WZ                   0.98817   
ch4                       ZZ                   1.27283   
ch4                       data_fakes           1.21401   
ch4                       data_flips           0.93692   
ch4                       tHW                  1.01206   
ch4                       tHq                  1.01827   
ch4                       tZq                  1.14780   
ch4                       ttH                  1.02281   
ch4                       ttVV                 1.04471   
ch5                       Rares                1.49902   
ch5                       TTW_njets_7bins_bin0 1.38249   
ch5                       TTW_njets_7bins_bin1 1.23190   
ch5                       TTW_njets_7bins_bin2 0.95431   
ch5                       TTW_njets_7bins_bin3 1.33757   
ch5                       TTW_njets_7bins_bin4 2.25568   
ch5                       TTW_ooa              0.98243   
ch5                       TTZ                  1.09649   
ch5                       VVV                  0.99254   
ch5                       WZ                   0.96721   
ch5                       ZZ                   1.38473   
ch5                       data_fakes           1.05707   
ch5                       tHW                  0.98780   
ch5                       tHq                  0.99521   
ch5                       tZq                  0.99526   
ch5                       ttH                  0.98004   
ch5                       ttVV                 1.01266   
ch6                       Convs                1.16834   
ch6                       Rares                1.40585   
ch6                       TTW_njets_7bins_bin0 1.42806   
ch6                       TTW_njets_7bins_bin1 1.26768   
ch6                       TTW_njets_7bins_bin2 0.97581   
ch6                       TTW_njets_7bins_bin3 1.34623   
ch6                       TTW_njets_7bins_bin4 2.44557   
ch6                       TTW_ooa              1.03390   
ch6                       TTZ                  1.14311   
ch6                       VVV                  1.26334   
ch6                       WZ                   0.98349   
ch6                       ZZ                   1.23033   
ch6                       data_fakes           1.19764   
ch6                       data_flips           0.93686   
ch6                       tHW                  1.02714   
ch6                       tHq                  1.03022   
ch6                       tZq                  1.06534   
ch6                       ttH                  1.02424   
ch6                       ttVV                 1.05416   
ch7                       Rares                1.44264   
ch7                       TTW_njets_7bins_bin0 1.35346   
ch7                       TTW_njets_7bins_bin1 1.22080   
ch7                       TTW_njets_7bins_bin2 0.95027   
ch7                       TTW_njets_7bins_bin3 1.26460   
ch7                       TTW_njets_7bins_bin4 2.19662   
ch7                       TTW_ooa              0.97350   
ch7                       TTZ                  1.10922   
ch7                       VVV                  1.21351   
ch7                       WZ                   0.95112   
ch7                       ZZ                   1.04042   
ch7                       data_fakes           1.03802   
ch7                       tHW                  0.98927   
ch7                       tHq                  0.98440   
ch7                       tZq                  1.03927   
ch7                       ttH                  0.98506   
ch7                       ttVV                 1.00883   
ch8                       Convs                1.11452   
ch8                       Rares                1.40358   
ch8                       TTW_njets_7bins_bin0 1.39626   
ch8                       TTW_njets_7bins_bin1 1.25393   
ch8                       TTW_njets_7bins_bin2 0.97442   
ch8                       TTW_njets_7bins_bin3 1.29868   
ch8                       TTW_njets_7bins_bin4 2.35566   
ch8                       TTW_ooa              1.00039   
ch8                       TTZ                  1.12012   
ch8                       VVV                  1.22446   
ch8                       WZ                   0.97815   
ch8                       ZZ                   1.28042   
ch8                       data_fakes           1.19334   
ch8                       data_flips           0.93687   
ch8                       tHW                  1.01798   
ch8                       tHq                  1.00574   
ch8                       tZq                  1.06960   
ch8                       ttH                  1.02166   
ch8                       ttVV                 1.04228   
ch9                       Convs                1.08110   
ch9                       Rares                1.27933   
ch9                       TTW_njets_7bins_bin0 1.41817   
ch9                       TTW_njets_7bins_bin1 1.28604   
ch9                       TTW_njets_7bins_bin2 0.98243   
ch9                       TTW_njets_7bins_bin3 1.33362   
ch9                       TTW_njets_7bins_bin4 2.47849   
ch9                       TTW_ooa              1.06795   
ch9                       TTZ                  1.12761   
ch9                       VVV                  1.05979   
ch9                       WZ                   0.86150   
ch9                       ZZ                   1.04271   
ch9                       data_fakes           1.40501   
ch9                       data_flips           0.93654   
ch9                       tHW                  1.01420   
ch9                       tHq                  1.04228   
ch9                       tZq                  1.09116   
ch9                       ttH                  1.02949   
ch9                       ttVV                 1.07010   
