 <<< Combine >>> 
>>> random number generator seed is 123456
   Options for Robust Minimizer :: 
        Tolerance  0.1
        Strategy   0
        Type,Algo  Minuit2,Migrad
>>> method used is FitDiagnostics
ModelConfig 'ModelConfig' defines more than one parameter of interest. This is not supported in some statistical methods.
Set Default Value of Parameter r_TTW_njets_7bins_bin0 To : 1
Set Default Value of Parameter r_TTW_njets_7bins_bin1 To : 1
Set Default Value of Parameter r_TTW_njets_7bins_bin2 To : 1
Set Default Value of Parameter r_TTW_njets_7bins_bin3 To : 1
Set Default Value of Parameter r_TTW_njets_7bins_bin4 To : 1
Error parsing physics model parameter expression : 
SimNLL created with 0 channels, 32 generic constraints, 601 fast gaussian constraints, 0 fast poisson constraints, 0 fast group constraints, 
SimNLL created with 44 channels, 32 generic constraints, 601 fast gaussian constraints, 0 fast poisson constraints, 0 fast group constraints, 
  [WARNING] Found [prop_binch5_bin2_Convs] at boundary. 
  [WARNING] Found [prop_binch21_bin4_Convs] at boundary. 
  [WARNING] Found [prop_binch21_bin4_Convs] at boundary. 

 --- FitDiagnostics ---
Best fit r_TTW_njets_7bins_bin1: 1.24295  -0.28307/+0.287544  (68% CL)
Done in 717.62 min (cpu), 720.06 min (real)
