WARNING: the default behaviour of PostFitShapesFromWorkspace is to use the covariance matrix sampling method for the post-fit uncertainty. The option --sampling is deprecated and will be removed in future versions of CombineHarvester
[SetFlag] Changing value of flag "workspaces-use-clone" from 0 to 1
[#1] INFO:ObjectHandling -- RooWorkspace::import(w) importing dataset ch1
[#1] INFO:ObjectHandling -- RooWorkspace::import(w) importing dataset ch10
[#1] INFO:ObjectHandling -- RooWorkspace::import(w) importing dataset ch11
[#1] INFO:ObjectHandling -- RooWorkspace::import(w) importing dataset ch12
[#1] INFO:ObjectHandling -- RooWorkspace::import(w) importing dataset ch13
[#1] INFO:ObjectHandling -- RooWorkspace::import(w) importing dataset ch14
[#1] INFO:ObjectHandling -- RooWorkspace::import(w) importing dataset ch15
[#1] INFO:ObjectHandling -- RooWorkspace::import(w) importing dataset ch16
[#1] INFO:ObjectHandling -- RooWorkspace::import(w) importing dataset ch2
[#1] INFO:ObjectHandling -- RooWorkspace::import(w) importing dataset ch3
[#1] INFO:ObjectHandling -- RooWorkspace::import(w) importing dataset ch4
[#1] INFO:ObjectHandling -- RooWorkspace::import(w) importing dataset ch5
[#1] INFO:ObjectHandling -- RooWorkspace::import(w) importing dataset ch6
[#1] INFO:ObjectHandling -- RooWorkspace::import(w) importing dataset ch7
[#1] INFO:ObjectHandling -- RooWorkspace::import(w) importing dataset ch8
[#1] INFO:ObjectHandling -- RooWorkspace::import(w) importing dataset ch9
[SetFlag] Changing value of flag "workspaces-use-clone" from 0 to 1
>> Doing prefit: TotalBkg
>> Doing prefit: TotalSig
>> Doing prefit: TotalProcs
>> Doing prefit: ch1,Convs
>> Doing prefit: ch1,Rares
>> Doing prefit: ch1,TTW_ooa
>> Doing prefit: ch1,TTW_pt3l_bin0
>> Doing prefit: ch1,TTW_pt3l_bin1
>> Doing prefit: ch1,TTW_pt3l_bin2
>> Doing prefit: ch1,TTW_pt3l_bin3
>> Doing prefit: ch1,TTZ
>> Doing prefit: ch1,WZ
>> Doing prefit: ch1,ZZ
>> Doing prefit: ch1,data_fakes
>> Doing prefit: ch1,tZq
>> Doing prefit: ch1,ttH
>> Doing prefit: ch1,ttVV
>> Doing prefit: ch1,TotalBkg
>> Doing prefit: ch1,TotalSig
>> Doing prefit: ch1,TotalProcs
>> Doing prefit: ch10,Convs
>> Doing prefit: ch10,Rares
>> Doing prefit: ch10,TTW_ooa
>> Doing prefit: ch10,TTW_pt3l_bin0
>> Doing prefit: ch10,TTW_pt3l_bin1
>> Doing prefit: ch10,TTW_pt3l_bin2
>> Doing prefit: ch10,TTW_pt3l_bin3
>> Doing prefit: ch10,TTZ
>> Doing prefit: ch10,VVV
>> Doing prefit: ch10,WZ
>> Doing prefit: ch10,ZZ
>> Doing prefit: ch10,data_fakes
>> Doing prefit: ch10,tHW
>> Doing prefit: ch10,tHq
>> Doing prefit: ch10,tZq
>> Doing prefit: ch10,ttH
>> Doing prefit: ch10,ttVV
>> Doing prefit: ch10,TotalBkg
>> Doing prefit: ch10,TotalSig
>> Doing prefit: ch10,TotalProcs
>> Doing prefit: ch11,Convs
>> Doing prefit: ch11,Rares
>> Doing prefit: ch11,TTW_ooa
>> Doing prefit: ch11,TTW_pt3l_bin0
>> Doing prefit: ch11,TTW_pt3l_bin1
>> Doing prefit: ch11,TTW_pt3l_bin2
>> Doing prefit: ch11,TTW_pt3l_bin3
>> Doing prefit: ch11,TTZ
>> Doing prefit: ch11,VVV
>> Doing prefit: ch11,WZ
>> Doing prefit: ch11,ZZ
>> Doing prefit: ch11,data_fakes
>> Doing prefit: ch11,tHW
>> Doing prefit: ch11,tHq
>> Doing prefit: ch11,tZq
>> Doing prefit: ch11,ttH
>> Doing prefit: ch11,ttVV
>> Doing prefit: ch11,TotalBkg
>> Doing prefit: ch11,TotalSig
>> Doing prefit: ch11,TotalProcs
>> Doing prefit: ch12,Rares
>> Doing prefit: ch12,TTW_ooa
>> Doing prefit: ch12,TTW_pt3l_bin0
>> Doing prefit: ch12,TTW_pt3l_bin1
>> Doing prefit: ch12,TTW_pt3l_bin2
>> Doing prefit: ch12,TTW_pt3l_bin3
>> Doing prefit: ch12,TTZ
>> Doing prefit: ch12,VVV
>> Doing prefit: ch12,WZ
>> Doing prefit: ch12,ZZ
>> Doing prefit: ch12,data_fakes
>> Doing prefit: ch12,tHW
>> Doing prefit: ch12,tHq
>> Doing prefit: ch12,tZq
>> Doing prefit: ch12,ttH
>> Doing prefit: ch12,ttVV
>> Doing prefit: ch12,TotalBkg
>> Doing prefit: ch12,TotalSig
>> Doing prefit: ch12,TotalProcs
>> Doing prefit: ch13,Convs
>> Doing prefit: ch13,Rares
>> Doing prefit: ch13,TTW_ooa
>> Doing prefit: ch13,TTW_pt3l_bin0
>> Doing prefit: ch13,TTW_pt3l_bin1
>> Doing prefit: ch13,TTW_pt3l_bin2
>> Doing prefit: ch13,TTW_pt3l_bin3
>> Doing prefit: ch13,TTZ
>> Doing prefit: ch13,VVV
>> Doing prefit: ch13,WZ
>> Doing prefit: ch13,ZZ
>> Doing prefit: ch13,data_fakes
>> Doing prefit: ch13,tHW
>> Doing prefit: ch13,tHq
>> Doing prefit: ch13,tZq
>> Doing prefit: ch13,ttH
>> Doing prefit: ch13,ttVV
>> Doing prefit: ch13,TotalBkg
>> Doing prefit: ch13,TotalSig
>> Doing prefit: ch13,TotalProcs
>> Doing prefit: ch14,Convs
>> Doing prefit: ch14,Rares
>> Doing prefit: ch14,TTW_ooa
>> Doing prefit: ch14,TTW_pt3l_bin0
>> Doing prefit: ch14,TTW_pt3l_bin1
>> Doing prefit: ch14,TTW_pt3l_bin2
>> Doing prefit: ch14,TTW_pt3l_bin3
>> Doing prefit: ch14,TTZ
>> Doing prefit: ch14,VVV
>> Doing prefit: ch14,WZ
>> Doing prefit: ch14,ZZ
>> Doing prefit: ch14,data_fakes
>> Doing prefit: ch14,tHW
>> Doing prefit: ch14,tHq
>> Doing prefit: ch14,tZq
>> Doing prefit: ch14,ttH
>> Doing prefit: ch14,ttVV
>> Doing prefit: ch14,TotalBkg
>> Doing prefit: ch14,TotalSig
>> Doing prefit: ch14,TotalProcs
>> Doing prefit: ch15,Convs
>> Doing prefit: ch15,Rares
>> Doing prefit: ch15,TTW_ooa
>> Doing prefit: ch15,TTW_pt3l_bin0
>> Doing prefit: ch15,TTW_pt3l_bin1
>> Doing prefit: ch15,TTW_pt3l_bin2
>> Doing prefit: ch15,TTW_pt3l_bin3
>> Doing prefit: ch15,TTZ
>> Doing prefit: ch15,VVV
>> Doing prefit: ch15,WZ
>> Doing prefit: ch15,ZZ
>> Doing prefit: ch15,data_fakes
>> Doing prefit: ch15,tHW
>> Doing prefit: ch15,tHq
>> Doing prefit: ch15,tZq
>> Doing prefit: ch15,ttH
>> Doing prefit: ch15,ttVV
>> Doing prefit: ch15,TotalBkg
>> Doing prefit: ch15,TotalSig
>> Doing prefit: ch15,TotalProcs
>> Doing prefit: ch16,Rares
>> Doing prefit: ch16,TTW_ooa
>> Doing prefit: ch16,TTW_pt3l_bin0
>> Doing prefit: ch16,TTW_pt3l_bin1
>> Doing prefit: ch16,TTW_pt3l_bin2
>> Doing prefit: ch16,TTW_pt3l_bin3
>> Doing prefit: ch16,TTZ
>> Doing prefit: ch16,VVV
>> Doing prefit: ch16,WZ
>> Doing prefit: ch16,ZZ
>> Doing prefit: ch16,data_fakes
>> Doing prefit: ch16,tHW
>> Doing prefit: ch16,tHq
>> Doing prefit: ch16,tZq
>> Doing prefit: ch16,ttH
>> Doing prefit: ch16,ttVV
>> Doing prefit: ch16,TotalBkg
>> Doing prefit: ch16,TotalSig
>> Doing prefit: ch16,TotalProcs
>> Doing prefit: ch2,Convs
>> Doing prefit: ch2,Rares
>> Doing prefit: ch2,TTW_ooa
>> Doing prefit: ch2,TTW_pt3l_bin0
>> Doing prefit: ch2,TTW_pt3l_bin1
>> Doing prefit: ch2,TTW_pt3l_bin2
>> Doing prefit: ch2,TTW_pt3l_bin3
>> Doing prefit: ch2,TTZ
>> Doing prefit: ch2,VVV
>> Doing prefit: ch2,WZ
>> Doing prefit: ch2,ZZ
>> Doing prefit: ch2,data_fakes
>> Doing prefit: ch2,tHW
>> Doing prefit: ch2,tHq
>> Doing prefit: ch2,tZq
>> Doing prefit: ch2,ttH
>> Doing prefit: ch2,ttVV
>> Doing prefit: ch2,TotalBkg
>> Doing prefit: ch2,TotalSig
>> Doing prefit: ch2,TotalProcs
>> Doing prefit: ch3,Convs
>> Doing prefit: ch3,Rares
>> Doing prefit: ch3,TTW_ooa
>> Doing prefit: ch3,TTW_pt3l_bin0
>> Doing prefit: ch3,TTW_pt3l_bin1
>> Doing prefit: ch3,TTW_pt3l_bin2
>> Doing prefit: ch3,TTW_pt3l_bin3
>> Doing prefit: ch3,TTZ
>> Doing prefit: ch3,VVV
>> Doing prefit: ch3,WZ
>> Doing prefit: ch3,ZZ
>> Doing prefit: ch3,data_fakes
>> Doing prefit: ch3,tHW
>> Doing prefit: ch3,tHq
>> Doing prefit: ch3,tZq
>> Doing prefit: ch3,ttH
>> Doing prefit: ch3,ttVV
>> Doing prefit: ch3,TotalBkg
>> Doing prefit: ch3,TotalSig
>> Doing prefit: ch3,TotalProcs
>> Doing prefit: ch4,Rares
>> Doing prefit: ch4,TTW_ooa
>> Doing prefit: ch4,TTW_pt3l_bin0
>> Doing prefit: ch4,TTW_pt3l_bin1
>> Doing prefit: ch4,TTW_pt3l_bin2
>> Doing prefit: ch4,TTW_pt3l_bin3
>> Doing prefit: ch4,TTZ
>> Doing prefit: ch4,VVV
>> Doing prefit: ch4,WZ
>> Doing prefit: ch4,ZZ
>> Doing prefit: ch4,data_fakes
>> Doing prefit: ch4,tHW
>> Doing prefit: ch4,tHq
>> Doing prefit: ch4,tZq
>> Doing prefit: ch4,ttH
>> Doing prefit: ch4,ttVV
>> Doing prefit: ch4,TotalBkg
>> Doing prefit: ch4,TotalSig
>> Doing prefit: ch4,TotalProcs
>> Doing prefit: ch5,Convs
>> Doing prefit: ch5,Rares
>> Doing prefit: ch5,TTW_ooa
>> Doing prefit: ch5,TTW_pt3l_bin0
>> Doing prefit: ch5,TTW_pt3l_bin1
>> Doing prefit: ch5,TTW_pt3l_bin2
>> Doing prefit: ch5,TTW_pt3l_bin3
>> Doing prefit: ch5,TTZ
>> Doing prefit: ch5,WZ
>> Doing prefit: ch5,ZZ
>> Doing prefit: ch5,data_fakes
>> Doing prefit: ch5,tZq
>> Doing prefit: ch5,ttH
>> Doing prefit: ch5,ttVV
>> Doing prefit: ch5,TotalBkg
>> Doing prefit: ch5,TotalSig
>> Doing prefit: ch5,TotalProcs
>> Doing prefit: ch6,Convs
>> Doing prefit: ch6,Rares
>> Doing prefit: ch6,TTW_ooa
>> Doing prefit: ch6,TTW_pt3l_bin0
>> Doing prefit: ch6,TTW_pt3l_bin1
>> Doing prefit: ch6,TTW_pt3l_bin2
>> Doing prefit: ch6,TTW_pt3l_bin3
>> Doing prefit: ch6,TTZ
>> Doing prefit: ch6,WZ
>> Doing prefit: ch6,ZZ
>> Doing prefit: ch6,data_fakes
>> Doing prefit: ch6,tHW
>> Doing prefit: ch6,tHq
>> Doing prefit: ch6,tZq
>> Doing prefit: ch6,ttH
>> Doing prefit: ch6,ttVV
>> Doing prefit: ch6,TotalBkg
>> Doing prefit: ch6,TotalSig
>> Doing prefit: ch6,TotalProcs
>> Doing prefit: ch7,Convs
>> Doing prefit: ch7,Rares
>> Doing prefit: ch7,TTW_ooa
>> Doing prefit: ch7,TTW_pt3l_bin0
>> Doing prefit: ch7,TTW_pt3l_bin1
>> Doing prefit: ch7,TTW_pt3l_bin2
>> Doing prefit: ch7,TTW_pt3l_bin3
>> Doing prefit: ch7,TTZ
>> Doing prefit: ch7,VVV
>> Doing prefit: ch7,WZ
>> Doing prefit: ch7,ZZ
>> Doing prefit: ch7,data_fakes
>> Doing prefit: ch7,tHW
>> Doing prefit: ch7,tHq
>> Doing prefit: ch7,tZq
>> Doing prefit: ch7,ttH
>> Doing prefit: ch7,ttVV
>> Doing prefit: ch7,TotalBkg
>> Doing prefit: ch7,TotalSig
>> Doing prefit: ch7,TotalProcs
>> Doing prefit: ch8,Rares
>> Doing prefit: ch8,TTW_ooa
>> Doing prefit: ch8,TTW_pt3l_bin0
>> Doing prefit: ch8,TTW_pt3l_bin1
>> Doing prefit: ch8,TTW_pt3l_bin2
>> Doing prefit: ch8,TTW_pt3l_bin3
>> Doing prefit: ch8,TTZ
>> Doing prefit: ch8,VVV
>> Doing prefit: ch8,WZ
>> Doing prefit: ch8,ZZ
>> Doing prefit: ch8,data_fakes
>> Doing prefit: ch8,tHW
>> Doing prefit: ch8,tHq
>> Doing prefit: ch8,tZq
>> Doing prefit: ch8,ttH
>> Doing prefit: ch8,ttVV
>> Doing prefit: ch8,TotalBkg
>> Doing prefit: ch8,TotalSig
>> Doing prefit: ch8,TotalProcs
>> Doing prefit: ch9,Convs
>> Doing prefit: ch9,Rares
>> Doing prefit: ch9,TTW_ooa
>> Doing prefit: ch9,TTW_pt3l_bin0
>> Doing prefit: ch9,TTW_pt3l_bin1
>> Doing prefit: ch9,TTW_pt3l_bin2
>> Doing prefit: ch9,TTW_pt3l_bin3
>> Doing prefit: ch9,TTZ
>> Doing prefit: ch9,VVV
>> Doing prefit: ch9,WZ
>> Doing prefit: ch9,ZZ
>> Doing prefit: ch9,data_fakes
>> Doing prefit: ch9,tHW
>> Doing prefit: ch9,tHq
>> Doing prefit: ch9,tZq
>> Doing prefit: ch9,ttH
>> Doing prefit: ch9,ttVV
>> Doing prefit: ch9,TotalBkg
>> Doing prefit: ch9,TotalSig
>> Doing prefit: ch9,TotalProcs
Bin                       Total relative bkg uncert. (prefit)
----------------------------------------------------------
ch1                       0.16263   
ch10                      0.12730   
ch11                      0.12988   
ch12                      0.12713   
ch13                      0.14100   
ch14                      0.11181   
ch15                      0.11092   
ch16                      0.11623   
ch2                       0.13944   
ch3                       0.13986   
ch4                       0.11862   
ch5                       0.17314   
ch6                       0.13546   
ch7                       0.10105   
ch8                       0.13149   
ch9                       0.13520   
>> Doing postfit: TotalBkg
>> Doing postfit: TotalSig
>> Doing postfit: TotalProcs
>> Doing postfit: ch1,Convs
>> Doing postfit: ch1,Rares
>> Doing postfit: ch1,TTW_ooa
>> Doing postfit: ch1,TTW_pt3l_bin0
>> Doing postfit: ch1,TTW_pt3l_bin1
>> Doing postfit: ch1,TTW_pt3l_bin2
>> Doing postfit: ch1,TTW_pt3l_bin3
>> Doing postfit: ch1,TTZ
>> Doing postfit: ch1,WZ
>> Doing postfit: ch1,ZZ
>> Doing postfit: ch1,data_fakes
>> Doing postfit: ch1,tZq
>> Doing postfit: ch1,ttH
>> Doing postfit: ch1,ttVV
>> Doing postfit: ch1,TotalBkg
>> Doing postfit: ch1,TotalSig
>> Doing postfit: ch1,TotalProcs
>> Doing postfit: ch10,Convs
>> Doing postfit: ch10,Rares
>> Doing postfit: ch10,TTW_ooa
>> Doing postfit: ch10,TTW_pt3l_bin0
>> Doing postfit: ch10,TTW_pt3l_bin1
>> Doing postfit: ch10,TTW_pt3l_bin2
>> Doing postfit: ch10,TTW_pt3l_bin3
>> Doing postfit: ch10,TTZ
>> Doing postfit: ch10,VVV
>> Doing postfit: ch10,WZ
>> Doing postfit: ch10,ZZ
>> Doing postfit: ch10,data_fakes
>> Doing postfit: ch10,tHW
>> Doing postfit: ch10,tHq
>> Doing postfit: ch10,tZq
>> Doing postfit: ch10,ttH
>> Doing postfit: ch10,ttVV
>> Doing postfit: ch10,TotalBkg
>> Doing postfit: ch10,TotalSig
>> Doing postfit: ch10,TotalProcs
>> Doing postfit: ch11,Convs
>> Doing postfit: ch11,Rares
>> Doing postfit: ch11,TTW_ooa
>> Doing postfit: ch11,TTW_pt3l_bin0
>> Doing postfit: ch11,TTW_pt3l_bin1
>> Doing postfit: ch11,TTW_pt3l_bin2
>> Doing postfit: ch11,TTW_pt3l_bin3
>> Doing postfit: ch11,TTZ
>> Doing postfit: ch11,VVV
>> Doing postfit: ch11,WZ
>> Doing postfit: ch11,ZZ
>> Doing postfit: ch11,data_fakes
>> Doing postfit: ch11,tHW
>> Doing postfit: ch11,tHq
>> Doing postfit: ch11,tZq
>> Doing postfit: ch11,ttH
>> Doing postfit: ch11,ttVV
>> Doing postfit: ch11,TotalBkg
>> Doing postfit: ch11,TotalSig
>> Doing postfit: ch11,TotalProcs
>> Doing postfit: ch12,Rares
>> Doing postfit: ch12,TTW_ooa
>> Doing postfit: ch12,TTW_pt3l_bin0
>> Doing postfit: ch12,TTW_pt3l_bin1
>> Doing postfit: ch12,TTW_pt3l_bin2
>> Doing postfit: ch12,TTW_pt3l_bin3
>> Doing postfit: ch12,TTZ
>> Doing postfit: ch12,VVV
>> Doing postfit: ch12,WZ
>> Doing postfit: ch12,ZZ
>> Doing postfit: ch12,data_fakes
>> Doing postfit: ch12,tHW
>> Doing postfit: ch12,tHq
>> Doing postfit: ch12,tZq
>> Doing postfit: ch12,ttH
>> Doing postfit: ch12,ttVV
>> Doing postfit: ch12,TotalBkg
>> Doing postfit: ch12,TotalSig
>> Doing postfit: ch12,TotalProcs
>> Doing postfit: ch13,Convs
>> Doing postfit: ch13,Rares
>> Doing postfit: ch13,TTW_ooa
>> Doing postfit: ch13,TTW_pt3l_bin0
>> Doing postfit: ch13,TTW_pt3l_bin1
>> Doing postfit: ch13,TTW_pt3l_bin2
>> Doing postfit: ch13,TTW_pt3l_bin3
>> Doing postfit: ch13,TTZ
>> Doing postfit: ch13,VVV
>> Doing postfit: ch13,WZ
>> Doing postfit: ch13,ZZ
>> Doing postfit: ch13,data_fakes
>> Doing postfit: ch13,tHW
>> Doing postfit: ch13,tHq
>> Doing postfit: ch13,tZq
>> Doing postfit: ch13,ttH
>> Doing postfit: ch13,ttVV
>> Doing postfit: ch13,TotalBkg
>> Doing postfit: ch13,TotalSig
>> Doing postfit: ch13,TotalProcs
>> Doing postfit: ch14,Convs
>> Doing postfit: ch14,Rares
>> Doing postfit: ch14,TTW_ooa
>> Doing postfit: ch14,TTW_pt3l_bin0
>> Doing postfit: ch14,TTW_pt3l_bin1
>> Doing postfit: ch14,TTW_pt3l_bin2
>> Doing postfit: ch14,TTW_pt3l_bin3
>> Doing postfit: ch14,TTZ
>> Doing postfit: ch14,VVV
>> Doing postfit: ch14,WZ
>> Doing postfit: ch14,ZZ
>> Doing postfit: ch14,data_fakes
>> Doing postfit: ch14,tHW
>> Doing postfit: ch14,tHq
>> Doing postfit: ch14,tZq
>> Doing postfit: ch14,ttH
>> Doing postfit: ch14,ttVV
>> Doing postfit: ch14,TotalBkg
>> Doing postfit: ch14,TotalSig
>> Doing postfit: ch14,TotalProcs
>> Doing postfit: ch15,Convs
>> Doing postfit: ch15,Rares
>> Doing postfit: ch15,TTW_ooa
>> Doing postfit: ch15,TTW_pt3l_bin0
>> Doing postfit: ch15,TTW_pt3l_bin1
>> Doing postfit: ch15,TTW_pt3l_bin2
>> Doing postfit: ch15,TTW_pt3l_bin3
>> Doing postfit: ch15,TTZ
>> Doing postfit: ch15,VVV
>> Doing postfit: ch15,WZ
>> Doing postfit: ch15,ZZ
>> Doing postfit: ch15,data_fakes
>> Doing postfit: ch15,tHW
>> Doing postfit: ch15,tHq
>> Doing postfit: ch15,tZq
>> Doing postfit: ch15,ttH
>> Doing postfit: ch15,ttVV
>> Doing postfit: ch15,TotalBkg
>> Doing postfit: ch15,TotalSig
>> Doing postfit: ch15,TotalProcs
>> Doing postfit: ch16,Rares
>> Doing postfit: ch16,TTW_ooa
>> Doing postfit: ch16,TTW_pt3l_bin0
>> Doing postfit: ch16,TTW_pt3l_bin1
>> Doing postfit: ch16,TTW_pt3l_bin2
>> Doing postfit: ch16,TTW_pt3l_bin3
>> Doing postfit: ch16,TTZ
>> Doing postfit: ch16,VVV
>> Doing postfit: ch16,WZ
>> Doing postfit: ch16,ZZ
>> Doing postfit: ch16,data_fakes
>> Doing postfit: ch16,tHW
>> Doing postfit: ch16,tHq
>> Doing postfit: ch16,tZq
>> Doing postfit: ch16,ttH
>> Doing postfit: ch16,ttVV
>> Doing postfit: ch16,TotalBkg
>> Doing postfit: ch16,TotalSig
>> Doing postfit: ch16,TotalProcs
>> Doing postfit: ch2,Convs
>> Doing postfit: ch2,Rares
>> Doing postfit: ch2,TTW_ooa
>> Doing postfit: ch2,TTW_pt3l_bin0
>> Doing postfit: ch2,TTW_pt3l_bin1
>> Doing postfit: ch2,TTW_pt3l_bin2
>> Doing postfit: ch2,TTW_pt3l_bin3
>> Doing postfit: ch2,TTZ
>> Doing postfit: ch2,VVV
>> Doing postfit: ch2,WZ
>> Doing postfit: ch2,ZZ
>> Doing postfit: ch2,data_fakes
>> Doing postfit: ch2,tHW
>> Doing postfit: ch2,tHq
>> Doing postfit: ch2,tZq
>> Doing postfit: ch2,ttH
>> Doing postfit: ch2,ttVV
>> Doing postfit: ch2,TotalBkg
>> Doing postfit: ch2,TotalSig
>> Doing postfit: ch2,TotalProcs
>> Doing postfit: ch3,Convs
>> Doing postfit: ch3,Rares
>> Doing postfit: ch3,TTW_ooa
>> Doing postfit: ch3,TTW_pt3l_bin0
>> Doing postfit: ch3,TTW_pt3l_bin1
>> Doing postfit: ch3,TTW_pt3l_bin2
>> Doing postfit: ch3,TTW_pt3l_bin3
>> Doing postfit: ch3,TTZ
>> Doing postfit: ch3,VVV
>> Doing postfit: ch3,WZ
>> Doing postfit: ch3,ZZ
>> Doing postfit: ch3,data_fakes
>> Doing postfit: ch3,tHW
>> Doing postfit: ch3,tHq
>> Doing postfit: ch3,tZq
>> Doing postfit: ch3,ttH
>> Doing postfit: ch3,ttVV
>> Doing postfit: ch3,TotalBkg
>> Doing postfit: ch3,TotalSig
>> Doing postfit: ch3,TotalProcs
>> Doing postfit: ch4,Rares
>> Doing postfit: ch4,TTW_ooa
>> Doing postfit: ch4,TTW_pt3l_bin0
>> Doing postfit: ch4,TTW_pt3l_bin1
>> Doing postfit: ch4,TTW_pt3l_bin2
>> Doing postfit: ch4,TTW_pt3l_bin3
>> Doing postfit: ch4,TTZ
>> Doing postfit: ch4,VVV
>> Doing postfit: ch4,WZ
>> Doing postfit: ch4,ZZ
>> Doing postfit: ch4,data_fakes
>> Doing postfit: ch4,tHW
>> Doing postfit: ch4,tHq
>> Doing postfit: ch4,tZq
>> Doing postfit: ch4,ttH
>> Doing postfit: ch4,ttVV
>> Doing postfit: ch4,TotalBkg
>> Doing postfit: ch4,TotalSig
>> Doing postfit: ch4,TotalProcs
>> Doing postfit: ch5,Convs
>> Doing postfit: ch5,Rares
>> Doing postfit: ch5,TTW_ooa
>> Doing postfit: ch5,TTW_pt3l_bin0
>> Doing postfit: ch5,TTW_pt3l_bin1
>> Doing postfit: ch5,TTW_pt3l_bin2
>> Doing postfit: ch5,TTW_pt3l_bin3
>> Doing postfit: ch5,TTZ
>> Doing postfit: ch5,WZ
>> Doing postfit: ch5,ZZ
>> Doing postfit: ch5,data_fakes
>> Doing postfit: ch5,tZq
>> Doing postfit: ch5,ttH
>> Doing postfit: ch5,ttVV
>> Doing postfit: ch5,TotalBkg
>> Doing postfit: ch5,TotalSig
>> Doing postfit: ch5,TotalProcs
>> Doing postfit: ch6,Convs
>> Doing postfit: ch6,Rares
>> Doing postfit: ch6,TTW_ooa
>> Doing postfit: ch6,TTW_pt3l_bin0
>> Doing postfit: ch6,TTW_pt3l_bin1
>> Doing postfit: ch6,TTW_pt3l_bin2
>> Doing postfit: ch6,TTW_pt3l_bin3
>> Doing postfit: ch6,TTZ
>> Doing postfit: ch6,WZ
>> Doing postfit: ch6,ZZ
>> Doing postfit: ch6,data_fakes
>> Doing postfit: ch6,tHW
>> Doing postfit: ch6,tHq
>> Doing postfit: ch6,tZq
>> Doing postfit: ch6,ttH
>> Doing postfit: ch6,ttVV
>> Doing postfit: ch6,TotalBkg
>> Doing postfit: ch6,TotalSig
>> Doing postfit: ch6,TotalProcs
>> Doing postfit: ch7,Convs
>> Doing postfit: ch7,Rares
>> Doing postfit: ch7,TTW_ooa
>> Doing postfit: ch7,TTW_pt3l_bin0
>> Doing postfit: ch7,TTW_pt3l_bin1
>> Doing postfit: ch7,TTW_pt3l_bin2
>> Doing postfit: ch7,TTW_pt3l_bin3
>> Doing postfit: ch7,TTZ
>> Doing postfit: ch7,VVV
>> Doing postfit: ch7,WZ
>> Doing postfit: ch7,ZZ
>> Doing postfit: ch7,data_fakes
>> Doing postfit: ch7,tHW
>> Doing postfit: ch7,tHq
>> Doing postfit: ch7,tZq
>> Doing postfit: ch7,ttH
>> Doing postfit: ch7,ttVV
>> Doing postfit: ch7,TotalBkg
>> Doing postfit: ch7,TotalSig
>> Doing postfit: ch7,TotalProcs
>> Doing postfit: ch8,Rares
>> Doing postfit: ch8,TTW_ooa
>> Doing postfit: ch8,TTW_pt3l_bin0
>> Doing postfit: ch8,TTW_pt3l_bin1
>> Doing postfit: ch8,TTW_pt3l_bin2
>> Doing postfit: ch8,TTW_pt3l_bin3
>> Doing postfit: ch8,TTZ
>> Doing postfit: ch8,VVV
>> Doing postfit: ch8,WZ
>> Doing postfit: ch8,ZZ
>> Doing postfit: ch8,data_fakes
>> Doing postfit: ch8,tHW
>> Doing postfit: ch8,tHq
>> Doing postfit: ch8,tZq
>> Doing postfit: ch8,ttH
>> Doing postfit: ch8,ttVV
>> Doing postfit: ch8,TotalBkg
>> Doing postfit: ch8,TotalSig
>> Doing postfit: ch8,TotalProcs
>> Doing postfit: ch9,Convs
>> Doing postfit: ch9,Rares
>> Doing postfit: ch9,TTW_ooa
>> Doing postfit: ch9,TTW_pt3l_bin0
>> Doing postfit: ch9,TTW_pt3l_bin1
>> Doing postfit: ch9,TTW_pt3l_bin2
>> Doing postfit: ch9,TTW_pt3l_bin3
>> Doing postfit: ch9,TTZ
>> Doing postfit: ch9,VVV
>> Doing postfit: ch9,WZ
>> Doing postfit: ch9,ZZ
>> Doing postfit: ch9,data_fakes
>> Doing postfit: ch9,tHW
>> Doing postfit: ch9,tHq
>> Doing postfit: ch9,tZq
>> Doing postfit: ch9,ttH
>> Doing postfit: ch9,ttVV
>> Doing postfit: ch9,TotalBkg
>> Doing postfit: ch9,TotalSig
>> Doing postfit: ch9,TotalProcs

Bin                       Total relative bkg uncert. (postfit)
----------------------------------------------------------
ch1                       0.18172   
ch10                      0.09708   
ch11                      0.10848   
ch12                      0.07941   
ch13                      0.11678   
ch14                      0.07498   
ch15                      0.07610   
ch16                      0.05527   
ch2                       0.12631   
ch3                       0.12130   
ch4                       0.06799   
ch5                       0.17883   
ch6                       0.12580   
ch7                       0.07886   
ch8                       0.10209   
ch9                       0.15468   

Bin                       Process              Scale factor
----------------------------------------------------------
ch1                       Convs                1.48238   
ch1                       Rares                1.15655   
ch1                       TTW_ooa              1.03098   
ch1                       TTW_pt3l_bin0        0.35668   
ch1                       TTW_pt3l_bin1        1.78827   
ch1                       TTW_pt3l_bin2        0.46004   
ch1                       TTW_pt3l_bin3        2.26042   
ch1                       TTZ                  1.20565   
ch1                       WZ                   1.10691   
ch1                       ZZ                   1.28908   
ch1                       data_fakes           3.15014   
ch1                       tZq                  1.55839   
ch1                       ttH                  1.15486   
ch1                       ttVV                 1.18397   
ch10                      Convs                1.10564   
ch10                      Rares                1.26241   
ch10                      TTW_ooa              1.17253   
ch10                      TTW_pt3l_bin0        0.41619   
ch10                      TTW_pt3l_bin1        1.74250   
ch10                      TTW_pt3l_bin2        0.56990   
ch10                      TTW_pt3l_bin3        1.86810   
ch10                      TTZ                  1.17607   
ch10                      VVV                  1.31934   
ch10                      WZ                   1.09989   
ch10                      ZZ                   1.42671   
ch10                      data_fakes           1.23631   
ch10                      tHW                  1.07339   
ch10                      tHq                  1.07462   
ch10                      tZq                  1.19208   
ch10                      ttH                  1.09729   
ch10                      ttVV                 1.07874   
ch11                      Convs                1.36820   
ch11                      Rares                1.12324   
ch11                      TTW_ooa              0.97845   
ch11                      TTW_pt3l_bin0        0.41042   
ch11                      TTW_pt3l_bin1        1.64803   
ch11                      TTW_pt3l_bin2        0.52751   
ch11                      TTW_pt3l_bin3        1.87414   
ch11                      TTZ                  1.32208   
ch11                      VVV                  1.30308   
ch11                      WZ                   1.01372   
ch11                      ZZ                   1.32631   
ch11                      data_fakes           1.15573   
ch11                      tHW                  1.05277   
ch11                      tHq                  1.08932   
ch11                      tZq                  1.11932   
ch11                      ttH                  1.00749   
ch11                      ttVV                 1.04792   
ch12                      Rares                1.12811   
ch12                      TTW_ooa              1.02673   
ch12                      TTW_pt3l_bin0        0.40856   
ch12                      TTW_pt3l_bin1        1.57766   
ch12                      TTW_pt3l_bin2        0.51221   
ch12                      TTW_pt3l_bin3        2.32514   
ch12                      TTZ                  1.17844   
ch12                      VVV                  1.27395   
ch12                      WZ                   1.03468   
ch12                      ZZ                   1.31960   
ch12                      data_fakes           0.89326   
ch12                      tHW                  1.03740   
ch12                      tHq                  1.02674   
ch12                      tZq                  1.04977   
ch12                      ttH                  1.03177   
ch12                      ttVV                 1.02659   
ch13                      Convs                1.15995   
ch13                      Rares                1.14027   
ch13                      TTW_ooa              1.20740   
ch13                      TTW_pt3l_bin0        0.41268   
ch13                      TTW_pt3l_bin1        1.57105   
ch13                      TTW_pt3l_bin2        0.54804   
ch13                      TTW_pt3l_bin3        2.56762   
ch13                      TTZ                  1.25442   
ch13                      VVV                  1.28376   
ch13                      WZ                   1.02029   
ch13                      ZZ                   1.57929   
ch13                      data_fakes           2.17031   
ch13                      tHW                  1.04481   
ch13                      tHq                  1.06644   
ch13                      tZq                  1.24007   
ch13                      ttH                  1.07856   
ch13                      ttVV                 1.05193   
ch14                      Convs                1.22974   
ch14                      Rares                1.16139   
ch14                      TTW_ooa              0.93039   
ch14                      TTW_pt3l_bin0        0.40732   
ch14                      TTW_pt3l_bin1        1.60482   
ch14                      TTW_pt3l_bin2        0.50522   
ch14                      TTW_pt3l_bin3        2.11360   
ch14                      TTZ                  1.15249   
ch14                      VVV                  2.13470   
ch14                      WZ                   0.92405   
ch14                      ZZ                   1.28581   
ch14                      data_fakes           1.18125   
ch14                      tHW                  1.03192   
ch14                      tHq                  1.03632   
ch14                      tZq                  1.10017   
ch14                      ttH                  0.96473   
ch14                      ttVV                 1.03137   
ch15                      Convs                1.17137   
ch15                      Rares                0.97720   
ch15                      TTW_ooa              1.00957   
ch15                      TTW_pt3l_bin0        0.40023   
ch15                      TTW_pt3l_bin1        1.55527   
ch15                      TTW_pt3l_bin2        0.50412   
ch15                      TTW_pt3l_bin3        1.95507   
ch15                      TTZ                  1.27727   
ch15                      VVV                  1.23809   
ch15                      WZ                   0.87570   
ch15                      ZZ                   1.19341   
ch15                      data_fakes           1.00809   
ch15                      tHW                  0.99794   
ch15                      tHq                  1.00252   
ch15                      tZq                  1.04928   
ch15                      ttH                  0.96425   
ch15                      ttVV                 1.00320   
ch16                      Rares                1.07559   
ch16                      TTW_ooa              0.92562   
ch16                      TTW_pt3l_bin0        0.39070   
ch16                      TTW_pt3l_bin1        1.58000   
ch16                      TTW_pt3l_bin2        0.50693   
ch16                      TTW_pt3l_bin3        2.01812   
ch16                      TTZ                  1.13582   
ch16                      VVV                  1.32919   
ch16                      WZ                   0.91901   
ch16                      ZZ                   1.20173   
ch16                      data_fakes           0.88293   
ch16                      tHW                  0.98790   
ch16                      tHq                  0.94956   
ch16                      tZq                  1.07919   
ch16                      ttH                  0.91729   
ch16                      ttVV                 0.97410   
ch2                       Convs                1.20674   
ch2                       Rares                1.13522   
ch2                       TTW_ooa              1.11225   
ch2                       TTW_pt3l_bin0        0.38658   
ch2                       TTW_pt3l_bin1        1.72585   
ch2                       TTW_pt3l_bin2        0.51273   
ch2                       TTW_pt3l_bin3        2.25422   
ch2                       TTZ                  1.47475   
ch2                       VVV                  1.30361   
ch2                       WZ                   1.02229   
ch2                       ZZ                   1.35006   
ch2                       data_fakes           1.75344   
ch2                       tHW                  1.05790   
ch2                       tHq                  1.01767   
ch2                       tZq                  1.04246   
ch2                       ttH                  1.05372   
ch2                       ttVV                 1.05521   
ch3                       Convs                1.23953   
ch3                       Rares                1.10571   
ch3                       TTW_ooa              1.01299   
ch3                       TTW_pt3l_bin0        0.38642   
ch3                       TTW_pt3l_bin1        1.58651   
ch3                       TTW_pt3l_bin2        0.51722   
ch3                       TTW_pt3l_bin3        1.87281   
ch3                       TTZ                  1.52485   
ch3                       VVV                  1.25688   
ch3                       WZ                   0.96000   
ch3                       ZZ                   1.26162   
ch3                       data_fakes           1.06340   
ch3                       tHW                  1.01776   
ch3                       tHq                  1.02239   
ch3                       tZq                  1.12964   
ch3                       ttH                  1.03367   
ch3                       ttVV                 1.02244   
ch4                       Rares                1.07723   
ch4                       TTW_ooa              1.17552   
ch4                       TTW_pt3l_bin0        0.39989   
ch4                       TTW_pt3l_bin1        1.54108   
ch4                       TTW_pt3l_bin2        0.54234   
ch4                       TTW_pt3l_bin3        2.15518   
ch4                       TTZ                  1.12747   
ch4                       VVV                  1.20965   
ch4                       WZ                   0.97607   
ch4                       ZZ                   1.32361   
ch4                       data_fakes           0.86407   
ch4                       tHW                  0.98168   
ch4                       tHq                  0.98678   
ch4                       tZq                  1.13897   
ch4                       ttH                  0.90333   
ch4                       ttVV                 0.99167   
ch5                       Convs                1.15982   
ch5                       Rares                1.16997   
ch5                       TTW_ooa              1.00673   
ch5                       TTW_pt3l_bin0        0.40071   
ch5                       TTW_pt3l_bin1        1.62557   
ch5                       TTW_pt3l_bin2        0.47293   
ch5                       TTW_pt3l_bin3        1.79150   
ch5                       TTZ                  1.40928   
ch5                       WZ                   1.14291   
ch5                       ZZ                   1.48981   
ch5                       data_fakes           1.59605   
ch5                       tZq                  1.05220   
ch5                       ttH                  0.99025   
ch5                       ttVV                 1.07412   
ch6                       Convs                1.19378   
ch6                       Rares                1.13079   
ch6                       TTW_ooa              0.97609   
ch6                       TTW_pt3l_bin0        0.47591   
ch6                       TTW_pt3l_bin1        1.61399   
ch6                       TTW_pt3l_bin2        0.52250   
ch6                       TTW_pt3l_bin3        2.30542   
ch6                       TTZ                  1.27780   
ch6                       WZ                   1.23871   
ch6                       ZZ                   1.40992   
ch6                       data_fakes           1.89287   
ch6                       tHW                  1.07308   
ch6                       tHq                  1.07770   
ch6                       tZq                  1.07724   
ch6                       ttH                  1.06654   
ch6                       ttVV                 1.03803   
ch7                       Convs                1.30229   
ch7                       Rares                1.10516   
ch7                       TTW_ooa              0.95640   
ch7                       TTW_pt3l_bin0        0.39915   
ch7                       TTW_pt3l_bin1        1.59710   
ch7                       TTW_pt3l_bin2        0.50562   
ch7                       TTW_pt3l_bin3        3.01433   
ch7                       TTZ                  1.15481   
ch7                       VVV                  1.32670   
ch7                       WZ                   1.16795   
ch7                       ZZ                   1.48593   
ch7                       data_fakes           1.16533   
ch7                       tHW                  1.06303   
ch7                       tHq                  1.04496   
ch7                       tZq                  1.06843   
ch7                       ttH                  0.96783   
ch7                       ttVV                 1.02684   
ch8                       Rares                1.09345   
ch8                       TTW_ooa              1.07699   
ch8                       TTW_pt3l_bin0        0.38506   
ch8                       TTW_pt3l_bin1        1.47887   
ch8                       TTW_pt3l_bin2        0.49201   
ch8                       TTW_pt3l_bin3        2.03466   
ch8                       TTZ                  1.14288   
ch8                       VVV                  1.29537   
ch8                       WZ                   1.21170   
ch8                       ZZ                   1.34508   
ch8                       data_fakes           0.82771   
ch8                       tHW                  1.03283   
ch8                       tHq                  1.01302   
ch8                       tZq                  1.14188   
ch8                       ttH                  1.04556   
ch8                       ttVV                 1.00116   
ch9                       Convs                0.92948   
ch9                       Rares                1.20278   
ch9                       TTW_ooa              1.15723   
ch9                       TTW_pt3l_bin0        0.45018   
ch9                       TTW_pt3l_bin1        1.58484   
ch9                       TTW_pt3l_bin2        0.57435   
ch9                       TTW_pt3l_bin3        2.45750   
ch9                       TTZ                  1.29565   
ch9                       VVV                  1.34299   
ch9                       WZ                   1.10535   
ch9                       ZZ                   1.29907   
ch9                       data_fakes           2.13134   
ch9                       tHW                  1.07440   
ch9                       tHq                  1.72785   
ch9                       tZq                  1.12206   
ch9                       ttH                  0.91646   
ch9                       ttVV                 1.07200   
