WARNING: the default behaviour of PostFitShapesFromWorkspace is to use the covariance matrix sampling method for the post-fit uncertainty. The option --sampling is deprecated and will be removed in future versions of CombineHarvester
[SetFlag] Changing value of flag "workspaces-use-clone" from 0 to 1
[#1] INFO:ObjectHandling -- RooWorkspace::import(w) importing dataset ch1
[#1] INFO:ObjectHandling -- RooWorkspace::import(w) importing dataset ch10
[#1] INFO:ObjectHandling -- RooWorkspace::import(w) importing dataset ch11
[#1] INFO:ObjectHandling -- RooWorkspace::import(w) importing dataset ch12
[#1] INFO:ObjectHandling -- RooWorkspace::import(w) importing dataset ch2
[#1] INFO:ObjectHandling -- RooWorkspace::import(w) importing dataset ch3
[#1] INFO:ObjectHandling -- RooWorkspace::import(w) importing dataset ch4
[#1] INFO:ObjectHandling -- RooWorkspace::import(w) importing dataset ch5
[#1] INFO:ObjectHandling -- RooWorkspace::import(w) importing dataset ch6
[#1] INFO:ObjectHandling -- RooWorkspace::import(w) importing dataset ch7
[#1] INFO:ObjectHandling -- RooWorkspace::import(w) importing dataset ch8
[#1] INFO:ObjectHandling -- RooWorkspace::import(w) importing dataset ch9
[SetFlag] Changing value of flag "workspaces-use-clone" from 0 to 1
>> Doing prefit: TotalBkg
>> Doing prefit: TotalSig
>> Doing prefit: TotalProcs
>> Doing prefit: ch1,Convs
>> Doing prefit: ch1,Rares
>> Doing prefit: ch1,TTW_nbjets_medium_bin0
>> Doing prefit: ch1,TTW_nbjets_medium_bin1
>> Doing prefit: ch1,TTW_nbjets_medium_bin2
>> Doing prefit: ch1,TTW_ooa
>> Doing prefit: ch1,TTZ
>> Doing prefit: ch1,VVV
>> Doing prefit: ch1,WZ
>> Doing prefit: ch1,ZZ
>> Doing prefit: ch1,data_fakes
>> Doing prefit: ch1,data_flips
>> Doing prefit: ch1,tHW
>> Doing prefit: ch1,tHq
>> Doing prefit: ch1,tZq
>> Doing prefit: ch1,ttH
>> Doing prefit: ch1,ttVV
>> Doing prefit: ch1,TotalBkg
>> Doing prefit: ch1,TotalSig
>> Doing prefit: ch1,TotalProcs
>> Doing prefit: ch10,Convs
>> Doing prefit: ch10,Rares
>> Doing prefit: ch10,TTW_nbjets_medium_bin0
>> Doing prefit: ch10,TTW_nbjets_medium_bin1
>> Doing prefit: ch10,TTW_nbjets_medium_bin2
>> Doing prefit: ch10,TTW_ooa
>> Doing prefit: ch10,TTZ
>> Doing prefit: ch10,VVV
>> Doing prefit: ch10,WZ
>> Doing prefit: ch10,ZZ
>> Doing prefit: ch10,data_fakes
>> Doing prefit: ch10,data_flips
>> Doing prefit: ch10,tHW
>> Doing prefit: ch10,tHq
>> Doing prefit: ch10,tZq
>> Doing prefit: ch10,ttH
>> Doing prefit: ch10,ttVV
>> Doing prefit: ch10,TotalBkg
>> Doing prefit: ch10,TotalSig
>> Doing prefit: ch10,TotalProcs
>> Doing prefit: ch11,Convs
>> Doing prefit: ch11,Rares
>> Doing prefit: ch11,TTW_nbjets_medium_bin0
>> Doing prefit: ch11,TTW_nbjets_medium_bin1
>> Doing prefit: ch11,TTW_nbjets_medium_bin2
>> Doing prefit: ch11,TTW_ooa
>> Doing prefit: ch11,TTZ
>> Doing prefit: ch11,VVV
>> Doing prefit: ch11,WZ
>> Doing prefit: ch11,ZZ
>> Doing prefit: ch11,data_fakes
>> Doing prefit: ch11,data_flips
>> Doing prefit: ch11,tHW
>> Doing prefit: ch11,tHq
>> Doing prefit: ch11,tZq
>> Doing prefit: ch11,ttH
>> Doing prefit: ch11,ttVV
>> Doing prefit: ch11,TotalBkg
>> Doing prefit: ch11,TotalSig
>> Doing prefit: ch11,TotalProcs
>> Doing prefit: ch12,Rares
>> Doing prefit: ch12,TTW_nbjets_medium_bin0
>> Doing prefit: ch12,TTW_nbjets_medium_bin1
>> Doing prefit: ch12,TTW_nbjets_medium_bin2
>> Doing prefit: ch12,TTW_ooa
>> Doing prefit: ch12,TTZ
>> Doing prefit: ch12,VVV
>> Doing prefit: ch12,WZ
>> Doing prefit: ch12,ZZ
>> Doing prefit: ch12,data_fakes
>> Doing prefit: ch12,tHW
>> Doing prefit: ch12,tHq
>> Doing prefit: ch12,tZq
>> Doing prefit: ch12,ttH
>> Doing prefit: ch12,ttVV
>> Doing prefit: ch12,TotalBkg
>> Doing prefit: ch12,TotalSig
>> Doing prefit: ch12,TotalProcs
>> Doing prefit: ch2,Convs
>> Doing prefit: ch2,Rares
>> Doing prefit: ch2,TTW_nbjets_medium_bin0
>> Doing prefit: ch2,TTW_nbjets_medium_bin1
>> Doing prefit: ch2,TTW_nbjets_medium_bin2
>> Doing prefit: ch2,TTW_ooa
>> Doing prefit: ch2,TTZ
>> Doing prefit: ch2,VVV
>> Doing prefit: ch2,WZ
>> Doing prefit: ch2,ZZ
>> Doing prefit: ch2,data_fakes
>> Doing prefit: ch2,data_flips
>> Doing prefit: ch2,tHW
>> Doing prefit: ch2,tHq
>> Doing prefit: ch2,tZq
>> Doing prefit: ch2,ttH
>> Doing prefit: ch2,ttVV
>> Doing prefit: ch2,TotalBkg
>> Doing prefit: ch2,TotalSig
>> Doing prefit: ch2,TotalProcs
>> Doing prefit: ch3,Rares
>> Doing prefit: ch3,TTW_nbjets_medium_bin0
>> Doing prefit: ch3,TTW_nbjets_medium_bin1
>> Doing prefit: ch3,TTW_nbjets_medium_bin2
>> Doing prefit: ch3,TTW_ooa
>> Doing prefit: ch3,TTZ
>> Doing prefit: ch3,VVV
>> Doing prefit: ch3,WZ
>> Doing prefit: ch3,ZZ
>> Doing prefit: ch3,data_fakes
>> Doing prefit: ch3,tHW
>> Doing prefit: ch3,tHq
>> Doing prefit: ch3,tZq
>> Doing prefit: ch3,ttH
>> Doing prefit: ch3,ttVV
>> Doing prefit: ch3,TotalBkg
>> Doing prefit: ch3,TotalSig
>> Doing prefit: ch3,TotalProcs
>> Doing prefit: ch4,Convs
>> Doing prefit: ch4,Rares
>> Doing prefit: ch4,TTW_nbjets_medium_bin0
>> Doing prefit: ch4,TTW_nbjets_medium_bin1
>> Doing prefit: ch4,TTW_nbjets_medium_bin2
>> Doing prefit: ch4,TTW_ooa
>> Doing prefit: ch4,TTZ
>> Doing prefit: ch4,VVV
>> Doing prefit: ch4,WZ
>> Doing prefit: ch4,ZZ
>> Doing prefit: ch4,data_fakes
>> Doing prefit: ch4,data_flips
>> Doing prefit: ch4,tHW
>> Doing prefit: ch4,tHq
>> Doing prefit: ch4,tZq
>> Doing prefit: ch4,ttH
>> Doing prefit: ch4,ttVV
>> Doing prefit: ch4,TotalBkg
>> Doing prefit: ch4,TotalSig
>> Doing prefit: ch4,TotalProcs
>> Doing prefit: ch5,Convs
>> Doing prefit: ch5,Rares
>> Doing prefit: ch5,TTW_nbjets_medium_bin0
>> Doing prefit: ch5,TTW_nbjets_medium_bin1
>> Doing prefit: ch5,TTW_nbjets_medium_bin2
>> Doing prefit: ch5,TTW_ooa
>> Doing prefit: ch5,TTZ
>> Doing prefit: ch5,VVV
>> Doing prefit: ch5,WZ
>> Doing prefit: ch5,ZZ
>> Doing prefit: ch5,data_fakes
>> Doing prefit: ch5,data_flips
>> Doing prefit: ch5,tHW
>> Doing prefit: ch5,tHq
>> Doing prefit: ch5,tZq
>> Doing prefit: ch5,ttH
>> Doing prefit: ch5,ttVV
>> Doing prefit: ch5,TotalBkg
>> Doing prefit: ch5,TotalSig
>> Doing prefit: ch5,TotalProcs
>> Doing prefit: ch6,Rares
>> Doing prefit: ch6,TTW_nbjets_medium_bin0
>> Doing prefit: ch6,TTW_nbjets_medium_bin1
>> Doing prefit: ch6,TTW_nbjets_medium_bin2
>> Doing prefit: ch6,TTW_ooa
>> Doing prefit: ch6,TTZ
>> Doing prefit: ch6,VVV
>> Doing prefit: ch6,WZ
>> Doing prefit: ch6,ZZ
>> Doing prefit: ch6,data_fakes
>> Doing prefit: ch6,tHW
>> Doing prefit: ch6,tHq
>> Doing prefit: ch6,tZq
>> Doing prefit: ch6,ttH
>> Doing prefit: ch6,ttVV
>> Doing prefit: ch6,TotalBkg
>> Doing prefit: ch6,TotalSig
>> Doing prefit: ch6,TotalProcs
>> Doing prefit: ch7,Convs
>> Doing prefit: ch7,Rares
>> Doing prefit: ch7,TTW_nbjets_medium_bin0
>> Doing prefit: ch7,TTW_nbjets_medium_bin1
>> Doing prefit: ch7,TTW_nbjets_medium_bin2
>> Doing prefit: ch7,TTW_ooa
>> Doing prefit: ch7,TTZ
>> Doing prefit: ch7,VVV
>> Doing prefit: ch7,WZ
>> Doing prefit: ch7,ZZ
>> Doing prefit: ch7,data_fakes
>> Doing prefit: ch7,data_flips
>> Doing prefit: ch7,tHW
>> Doing prefit: ch7,tHq
>> Doing prefit: ch7,tZq
>> Doing prefit: ch7,ttH
>> Doing prefit: ch7,ttVV
>> Doing prefit: ch7,TotalBkg
>> Doing prefit: ch7,TotalSig
>> Doing prefit: ch7,TotalProcs
>> Doing prefit: ch8,Convs
>> Doing prefit: ch8,Rares
>> Doing prefit: ch8,TTW_nbjets_medium_bin0
>> Doing prefit: ch8,TTW_nbjets_medium_bin1
>> Doing prefit: ch8,TTW_nbjets_medium_bin2
>> Doing prefit: ch8,TTW_ooa
>> Doing prefit: ch8,TTZ
>> Doing prefit: ch8,VVV
>> Doing prefit: ch8,WZ
>> Doing prefit: ch8,ZZ
>> Doing prefit: ch8,data_fakes
>> Doing prefit: ch8,data_flips
>> Doing prefit: ch8,tHW
>> Doing prefit: ch8,tHq
>> Doing prefit: ch8,tZq
>> Doing prefit: ch8,ttH
>> Doing prefit: ch8,ttVV
>> Doing prefit: ch8,TotalBkg
>> Doing prefit: ch8,TotalSig
>> Doing prefit: ch8,TotalProcs
>> Doing prefit: ch9,Rares
>> Doing prefit: ch9,TTW_nbjets_medium_bin0
>> Doing prefit: ch9,TTW_nbjets_medium_bin1
>> Doing prefit: ch9,TTW_nbjets_medium_bin2
>> Doing prefit: ch9,TTW_ooa
>> Doing prefit: ch9,TTZ
>> Doing prefit: ch9,VVV
>> Doing prefit: ch9,WZ
>> Doing prefit: ch9,ZZ
>> Doing prefit: ch9,data_fakes
>> Doing prefit: ch9,tHW
>> Doing prefit: ch9,tHq
>> Doing prefit: ch9,tZq
>> Doing prefit: ch9,ttH
>> Doing prefit: ch9,ttVV
>> Doing prefit: ch9,TotalBkg
>> Doing prefit: ch9,TotalSig
>> Doing prefit: ch9,TotalProcs
Bin                       Total relative bkg uncert. (prefit)
----------------------------------------------------------
ch1                       0.15309   
ch10                      0.15048   
ch11                      0.11721   
ch12                      0.12266   
ch2                       0.10990   
ch3                       0.14135   
ch4                       0.17326   
ch5                       0.12027   
ch6                       0.20790   
ch7                       0.14759   
ch8                       0.12530   
ch9                       0.17525   
>> Doing postfit: TotalBkg
>> Doing postfit: TotalSig
>> Doing postfit: TotalProcs
>> Doing postfit: ch1,Convs
>> Doing postfit: ch1,Rares
>> Doing postfit: ch1,TTW_nbjets_medium_bin0
>> Doing postfit: ch1,TTW_nbjets_medium_bin1
>> Doing postfit: ch1,TTW_nbjets_medium_bin2
>> Doing postfit: ch1,TTW_ooa
>> Doing postfit: ch1,TTZ
>> Doing postfit: ch1,VVV
>> Doing postfit: ch1,WZ
>> Doing postfit: ch1,ZZ
>> Doing postfit: ch1,data_fakes
>> Doing postfit: ch1,data_flips
>> Doing postfit: ch1,tHW
>> Doing postfit: ch1,tHq
>> Doing postfit: ch1,tZq
>> Doing postfit: ch1,ttH
>> Doing postfit: ch1,ttVV
>> Doing postfit: ch1,TotalBkg
>> Doing postfit: ch1,TotalSig
>> Doing postfit: ch1,TotalProcs
>> Doing postfit: ch10,Convs
>> Doing postfit: ch10,Rares
>> Doing postfit: ch10,TTW_nbjets_medium_bin0
>> Doing postfit: ch10,TTW_nbjets_medium_bin1
>> Doing postfit: ch10,TTW_nbjets_medium_bin2
>> Doing postfit: ch10,TTW_ooa
>> Doing postfit: ch10,TTZ
>> Doing postfit: ch10,VVV
>> Doing postfit: ch10,WZ
>> Doing postfit: ch10,ZZ
>> Doing postfit: ch10,data_fakes
>> Doing postfit: ch10,data_flips
>> Doing postfit: ch10,tHW
>> Doing postfit: ch10,tHq
>> Doing postfit: ch10,tZq
>> Doing postfit: ch10,ttH
>> Doing postfit: ch10,ttVV
>> Doing postfit: ch10,TotalBkg
>> Doing postfit: ch10,TotalSig
>> Doing postfit: ch10,TotalProcs
>> Doing postfit: ch11,Convs
>> Doing postfit: ch11,Rares
>> Doing postfit: ch11,TTW_nbjets_medium_bin0
>> Doing postfit: ch11,TTW_nbjets_medium_bin1
>> Doing postfit: ch11,TTW_nbjets_medium_bin2
>> Doing postfit: ch11,TTW_ooa
>> Doing postfit: ch11,TTZ
>> Doing postfit: ch11,VVV
>> Doing postfit: ch11,WZ
>> Doing postfit: ch11,ZZ
>> Doing postfit: ch11,data_fakes
>> Doing postfit: ch11,data_flips
>> Doing postfit: ch11,tHW
>> Doing postfit: ch11,tHq
>> Doing postfit: ch11,tZq
>> Doing postfit: ch11,ttH
>> Doing postfit: ch11,ttVV
>> Doing postfit: ch11,TotalBkg
>> Doing postfit: ch11,TotalSig
>> Doing postfit: ch11,TotalProcs
>> Doing postfit: ch12,Rares
>> Doing postfit: ch12,TTW_nbjets_medium_bin0
>> Doing postfit: ch12,TTW_nbjets_medium_bin1
>> Doing postfit: ch12,TTW_nbjets_medium_bin2
>> Doing postfit: ch12,TTW_ooa
>> Doing postfit: ch12,TTZ
>> Doing postfit: ch12,VVV
>> Doing postfit: ch12,WZ
>> Doing postfit: ch12,ZZ
>> Doing postfit: ch12,data_fakes
>> Doing postfit: ch12,tHW
>> Doing postfit: ch12,tHq
>> Doing postfit: ch12,tZq
>> Doing postfit: ch12,ttH
>> Doing postfit: ch12,ttVV
>> Doing postfit: ch12,TotalBkg
>> Doing postfit: ch12,TotalSig
>> Doing postfit: ch12,TotalProcs
>> Doing postfit: ch2,Convs
>> Doing postfit: ch2,Rares
>> Doing postfit: ch2,TTW_nbjets_medium_bin0
>> Doing postfit: ch2,TTW_nbjets_medium_bin1
>> Doing postfit: ch2,TTW_nbjets_medium_bin2
>> Doing postfit: ch2,TTW_ooa
>> Doing postfit: ch2,TTZ
>> Doing postfit: ch2,VVV
>> Doing postfit: ch2,WZ
>> Doing postfit: ch2,ZZ
>> Doing postfit: ch2,data_fakes
>> Doing postfit: ch2,data_flips
>> Doing postfit: ch2,tHW
>> Doing postfit: ch2,tHq
>> Doing postfit: ch2,tZq
>> Doing postfit: ch2,ttH
>> Doing postfit: ch2,ttVV
>> Doing postfit: ch2,TotalBkg
>> Doing postfit: ch2,TotalSig
>> Doing postfit: ch2,TotalProcs
>> Doing postfit: ch3,Rares
>> Doing postfit: ch3,TTW_nbjets_medium_bin0
>> Doing postfit: ch3,TTW_nbjets_medium_bin1
>> Doing postfit: ch3,TTW_nbjets_medium_bin2
>> Doing postfit: ch3,TTW_ooa
>> Doing postfit: ch3,TTZ
>> Doing postfit: ch3,VVV
>> Doing postfit: ch3,WZ
>> Doing postfit: ch3,ZZ
>> Doing postfit: ch3,data_fakes
>> Doing postfit: ch3,tHW
>> Doing postfit: ch3,tHq
>> Doing postfit: ch3,tZq
>> Doing postfit: ch3,ttH
>> Doing postfit: ch3,ttVV
>> Doing postfit: ch3,TotalBkg
>> Doing postfit: ch3,TotalSig
>> Doing postfit: ch3,TotalProcs
>> Doing postfit: ch4,Convs
>> Doing postfit: ch4,Rares
>> Doing postfit: ch4,TTW_nbjets_medium_bin0
>> Doing postfit: ch4,TTW_nbjets_medium_bin1
>> Doing postfit: ch4,TTW_nbjets_medium_bin2
>> Doing postfit: ch4,TTW_ooa
>> Doing postfit: ch4,TTZ
>> Doing postfit: ch4,VVV
>> Doing postfit: ch4,WZ
>> Doing postfit: ch4,ZZ
>> Doing postfit: ch4,data_fakes
>> Doing postfit: ch4,data_flips
>> Doing postfit: ch4,tHW
>> Doing postfit: ch4,tHq
>> Doing postfit: ch4,tZq
>> Doing postfit: ch4,ttH
>> Doing postfit: ch4,ttVV
>> Doing postfit: ch4,TotalBkg
>> Doing postfit: ch4,TotalSig
>> Doing postfit: ch4,TotalProcs
>> Doing postfit: ch5,Convs
>> Doing postfit: ch5,Rares
>> Doing postfit: ch5,TTW_nbjets_medium_bin0
>> Doing postfit: ch5,TTW_nbjets_medium_bin1
>> Doing postfit: ch5,TTW_nbjets_medium_bin2
>> Doing postfit: ch5,TTW_ooa
>> Doing postfit: ch5,TTZ
>> Doing postfit: ch5,VVV
>> Doing postfit: ch5,WZ
>> Doing postfit: ch5,ZZ
>> Doing postfit: ch5,data_fakes
>> Doing postfit: ch5,data_flips
>> Doing postfit: ch5,tHW
>> Doing postfit: ch5,tHq
>> Doing postfit: ch5,tZq
>> Doing postfit: ch5,ttH
>> Doing postfit: ch5,ttVV
>> Doing postfit: ch5,TotalBkg
>> Doing postfit: ch5,TotalSig
>> Doing postfit: ch5,TotalProcs
>> Doing postfit: ch6,Rares
>> Doing postfit: ch6,TTW_nbjets_medium_bin0
>> Doing postfit: ch6,TTW_nbjets_medium_bin1
>> Doing postfit: ch6,TTW_nbjets_medium_bin2
>> Doing postfit: ch6,TTW_ooa
>> Doing postfit: ch6,TTZ
>> Doing postfit: ch6,VVV
>> Doing postfit: ch6,WZ
>> Doing postfit: ch6,ZZ
>> Doing postfit: ch6,data_fakes
>> Doing postfit: ch6,tHW
>> Doing postfit: ch6,tHq
>> Doing postfit: ch6,tZq
>> Doing postfit: ch6,ttH
>> Doing postfit: ch6,ttVV
>> Doing postfit: ch6,TotalBkg
>> Doing postfit: ch6,TotalSig
>> Doing postfit: ch6,TotalProcs
>> Doing postfit: ch7,Convs
>> Doing postfit: ch7,Rares
>> Doing postfit: ch7,TTW_nbjets_medium_bin0
>> Doing postfit: ch7,TTW_nbjets_medium_bin1
>> Doing postfit: ch7,TTW_nbjets_medium_bin2
>> Doing postfit: ch7,TTW_ooa
>> Doing postfit: ch7,TTZ
>> Doing postfit: ch7,VVV
>> Doing postfit: ch7,WZ
>> Doing postfit: ch7,ZZ
>> Doing postfit: ch7,data_fakes
>> Doing postfit: ch7,data_flips
>> Doing postfit: ch7,tHW
>> Doing postfit: ch7,tHq
>> Doing postfit: ch7,tZq
>> Doing postfit: ch7,ttH
>> Doing postfit: ch7,ttVV
>> Doing postfit: ch7,TotalBkg
>> Doing postfit: ch7,TotalSig
>> Doing postfit: ch7,TotalProcs
>> Doing postfit: ch8,Convs
>> Doing postfit: ch8,Rares
>> Doing postfit: ch8,TTW_nbjets_medium_bin0
>> Doing postfit: ch8,TTW_nbjets_medium_bin1
>> Doing postfit: ch8,TTW_nbjets_medium_bin2
>> Doing postfit: ch8,TTW_ooa
>> Doing postfit: ch8,TTZ
>> Doing postfit: ch8,VVV
>> Doing postfit: ch8,WZ
>> Doing postfit: ch8,ZZ
>> Doing postfit: ch8,data_fakes
>> Doing postfit: ch8,data_flips
>> Doing postfit: ch8,tHW
>> Doing postfit: ch8,tHq
>> Doing postfit: ch8,tZq
>> Doing postfit: ch8,ttH
>> Doing postfit: ch8,ttVV
>> Doing postfit: ch8,TotalBkg
>> Doing postfit: ch8,TotalSig
>> Doing postfit: ch8,TotalProcs
>> Doing postfit: ch9,Rares
>> Doing postfit: ch9,TTW_nbjets_medium_bin0
>> Doing postfit: ch9,TTW_nbjets_medium_bin1
>> Doing postfit: ch9,TTW_nbjets_medium_bin2
>> Doing postfit: ch9,TTW_ooa
>> Doing postfit: ch9,TTZ
>> Doing postfit: ch9,VVV
>> Doing postfit: ch9,WZ
>> Doing postfit: ch9,ZZ
>> Doing postfit: ch9,data_fakes
>> Doing postfit: ch9,tHW
>> Doing postfit: ch9,tHq
>> Doing postfit: ch9,tZq
>> Doing postfit: ch9,ttH
>> Doing postfit: ch9,ttVV
>> Doing postfit: ch9,TotalBkg
>> Doing postfit: ch9,TotalSig
>> Doing postfit: ch9,TotalProcs

Bin                       Total relative bkg uncert. (postfit)
----------------------------------------------------------
ch1                       0.10378   
ch10                      0.08897   
ch11                      0.07644   
ch12                      0.07795   
ch2                       0.07900   
ch3                       0.09656   
ch4                       0.14283   
ch5                       0.08133   
ch6                       0.11679   
ch7                       0.09356   
ch8                       0.08356   
ch9                       0.10978   

Bin                       Process              Scale factor
----------------------------------------------------------
ch1                       Convs                1.17620   
ch1                       Rares                1.23284   
ch1                       TTW_nbjets_medium_bin0 4.42162   
ch1                       TTW_nbjets_medium_bin1 0.20530   
ch1                       TTW_nbjets_medium_bin2 6.17929   
ch1                       TTW_ooa              1.04780   
ch1                       TTZ                  1.23703   
ch1                       VVV                  1.19130   
ch1                       WZ                   0.91226   
ch1                       ZZ                   1.33067   
ch1                       data_fakes           1.75738   
ch1                       data_flips           0.93942   
ch1                       tHW                  1.04860   
ch1                       tHq                  1.04573   
ch1                       tZq                  1.17364   
ch1                       ttH                  1.03835   
ch1                       ttVV                 1.05024   
ch10                      Convs                1.13321   
ch10                      Rares                1.26190   
ch10                      TTW_nbjets_medium_bin0 4.38402   
ch10                      TTW_nbjets_medium_bin1 0.20131   
ch10                      TTW_nbjets_medium_bin2 6.64000   
ch10                      TTW_ooa              0.97960   
ch10                      TTZ                  1.22792   
ch10                      VVV                  1.17620   
ch10                      WZ                   0.94147   
ch10                      ZZ                   1.07720   
ch10                      data_fakes           1.74408   
ch10                      data_flips           0.93918   
ch10                      tHW                  1.03014   
ch10                      tHq                  0.99766   
ch10                      tZq                  1.06589   
ch10                      ttH                  1.02035   
ch10                      ttVV                 1.02745   
ch11                      Convs                1.14862   
ch11                      Rares                1.21485   
ch11                      TTW_nbjets_medium_bin0 4.21281   
ch11                      TTW_nbjets_medium_bin1 0.19554   
ch11                      TTW_nbjets_medium_bin2 6.44365   
ch11                      TTW_ooa              0.97487   
ch11                      TTZ                  1.12064   
ch11                      VVV                  1.15188   
ch11                      WZ                   0.92819   
ch11                      ZZ                   1.15229   
ch11                      data_fakes           1.45492   
ch11                      data_flips           0.93926   
ch11                      tHW                  0.99416   
ch11                      tHq                  0.97858   
ch11                      tZq                  1.03063   
ch11                      ttH                  1.00336   
ch11                      ttVV                 0.99963   
ch12                      Rares                1.05921   
ch12                      TTW_nbjets_medium_bin0 4.08352   
ch12                      TTW_nbjets_medium_bin1 0.19117   
ch12                      TTW_nbjets_medium_bin2 6.01646   
ch12                      TTW_ooa              0.95302   
ch12                      TTZ                  1.09089   
ch12                      VVV                  1.11399   
ch12                      WZ                   0.94585   
ch12                      ZZ                   1.26248   
ch12                      data_fakes           1.14489   
ch12                      tHW                  0.97323   
ch12                      tHq                  0.95228   
ch12                      tZq                  1.02982   
ch12                      ttH                  0.97564   
ch12                      ttVV                 0.97427   
ch2                       Convs                1.14713   
ch2                       Rares                1.09647   
ch2                       TTW_nbjets_medium_bin0 4.25696   
ch2                       TTW_nbjets_medium_bin1 0.19823   
ch2                       TTW_nbjets_medium_bin2 6.73798   
ch2                       TTW_ooa              1.00994   
ch2                       TTZ                  1.19271   
ch2                       VVV                  1.16211   
ch2                       WZ                   0.94940   
ch2                       ZZ                   1.20917   
ch2                       data_fakes           1.38979   
ch2                       data_flips           0.93940   
ch2                       tHW                  1.00192   
ch2                       tHq                  1.01358   
ch2                       tZq                  1.05312   
ch2                       ttH                  1.01523   
ch2                       ttVV                 1.01414   
ch3                       Rares                1.15610   
ch3                       TTW_nbjets_medium_bin0 4.17225   
ch3                       TTW_nbjets_medium_bin1 0.19274   
ch3                       TTW_nbjets_medium_bin2 6.02151   
ch3                       TTW_ooa              0.98879   
ch3                       TTZ                  1.06610   
ch3                       VVV                  1.16373   
ch3                       WZ                   0.92352   
ch3                       ZZ                   1.36996   
ch3                       data_fakes           1.12782   
ch3                       tHW                  0.96742   
ch3                       tHq                  0.98514   
ch3                       tZq                  1.00760   
ch3                       ttH                  0.96996   
ch3                       ttVV                 0.97981   
ch4                       Convs                1.14272   
ch4                       Rares                1.26113   
ch4                       TTW_nbjets_medium_bin0 4.63844   
ch4                       TTW_nbjets_medium_bin1 0.20561   
ch4                       TTW_nbjets_medium_bin2 6.60904   
ch4                       TTW_ooa              1.08545   
ch4                       TTZ                  1.21796   
ch4                       VVV                  1.44412   
ch4                       WZ                   1.29525   
ch4                       ZZ                   1.63096   
ch4                       data_fakes           1.54920   
ch4                       data_flips           0.93925   
ch4                       tHW                  1.08411   
ch4                       tHq                  1.07123   
ch4                       tZq                  1.18144   
ch4                       ttH                  1.04187   
ch4                       ttVV                 1.05483   
ch5                       Convs                1.13803   
ch5                       Rares                1.19740   
ch5                       TTW_nbjets_medium_bin0 4.67908   
ch5                       TTW_nbjets_medium_bin1 0.19976   
ch5                       TTW_nbjets_medium_bin2 6.66314   
ch5                       TTW_ooa              1.07728   
ch5                       TTZ                  1.18897   
ch5                       VVV                  1.37871   
ch5                       WZ                   1.39290   
ch5                       ZZ                   1.60241   
ch5                       data_fakes           1.37502   
ch5                       data_flips           0.93938   
ch5                       tHW                  1.05037   
ch5                       tHq                  1.06554   
ch5                       tZq                  1.17241   
ch5                       ttH                  1.03140   
ch5                       ttVV                 1.03408   
ch6                       Rares                1.21005   
ch6                       TTW_nbjets_medium_bin0 4.43823   
ch6                       TTW_nbjets_medium_bin1 0.19403   
ch6                       TTW_nbjets_medium_bin2 6.08827   
ch6                       TTW_ooa              1.04586   
ch6                       TTZ                  1.13687   
ch6                       VVV                  1.34058   
ch6                       WZ                   1.26422   
ch6                       ZZ                   1.40440   
ch6                       data_fakes           1.22932   
ch6                       tHW                  1.03008   
ch6                       tHq                  1.02501   
ch6                       tZq                  1.12995   
ch6                       ttH                  1.00750   
ch6                       ttVV                 1.00967   
ch7                       Convs                1.22359   
ch7                       Rares                1.29383   
ch7                       TTW_nbjets_medium_bin0 4.44303   
ch7                       TTW_nbjets_medium_bin1 0.20564   
ch7                       TTW_nbjets_medium_bin2 6.36326   
ch7                       TTW_ooa              1.06519   
ch7                       TTZ                  1.21027   
ch7                       VVV                  1.12308   
ch7                       WZ                   0.96350   
ch7                       ZZ                   1.33177   
ch7                       data_fakes           1.69779   
ch7                       data_flips           0.93943   
ch7                       tHW                  1.02321   
ch7                       tHq                  1.04967   
ch7                       tZq                  1.09727   
ch7                       ttH                  1.04058   
ch7                       ttVV                 1.04091   
ch8                       Convs                1.16212   
ch8                       Rares                1.22836   
ch8                       TTW_nbjets_medium_bin0 4.31599   
ch8                       TTW_nbjets_medium_bin1 0.20019   
ch8                       TTW_nbjets_medium_bin2 6.30022   
ch8                       TTW_ooa              1.01720   
ch8                       TTZ                  1.17127   
ch8                       VVV                  1.12552   
ch8                       WZ                   0.96257   
ch8                       ZZ                   1.39706   
ch8                       data_fakes           1.48475   
ch8                       data_flips           0.93934   
ch8                       tHW                  1.00938   
ch8                       tHq                  1.00764   
ch8                       tZq                  1.09791   
ch8                       ttH                  1.02577   
ch8                       ttVV                 1.01774   
ch9                       Rares                1.12483   
ch9                       TTW_nbjets_medium_bin0 4.21615   
ch9                       TTW_nbjets_medium_bin1 0.19448   
ch9                       TTW_nbjets_medium_bin2 6.13991   
ch9                       TTW_ooa              0.98519   
ch9                       TTZ                  1.13536   
ch9                       VVV                  1.10867   
ch9                       WZ                   0.94256   
ch9                       ZZ                   1.43380   
ch9                       data_fakes           1.23767   
ch9                       tHW                  0.98735   
ch9                       tHq                  1.02235   
ch9                       tZq                  1.04406   
ch9                       ttH                  0.99312   
ch9                       ttVV                 0.99178   
