WARNING: the default behaviour of PostFitShapesFromWorkspace is to use the covariance matrix sampling method for the post-fit uncertainty. The option --sampling is deprecated and will be removed in future versions of CombineHarvester
[SetFlag] Changing value of flag "workspaces-use-clone" from 0 to 1
[#1] INFO:ObjectHandling -- RooWorkspace::import(w) importing dataset ch1
[#1] INFO:ObjectHandling -- RooWorkspace::import(w) importing dataset ch10
[#1] INFO:ObjectHandling -- RooWorkspace::import(w) importing dataset ch11
[#1] INFO:ObjectHandling -- RooWorkspace::import(w) importing dataset ch12
[#1] INFO:ObjectHandling -- RooWorkspace::import(w) importing dataset ch13
[#1] INFO:ObjectHandling -- RooWorkspace::import(w) importing dataset ch14
[#1] INFO:ObjectHandling -- RooWorkspace::import(w) importing dataset ch15
[#1] INFO:ObjectHandling -- RooWorkspace::import(w) importing dataset ch16
[#1] INFO:ObjectHandling -- RooWorkspace::import(w) importing dataset ch17
[#1] INFO:ObjectHandling -- RooWorkspace::import(w) importing dataset ch18
[#1] INFO:ObjectHandling -- RooWorkspace::import(w) importing dataset ch19
[#1] INFO:ObjectHandling -- RooWorkspace::import(w) importing dataset ch2
[#1] INFO:ObjectHandling -- RooWorkspace::import(w) importing dataset ch20
[#1] INFO:ObjectHandling -- RooWorkspace::import(w) importing dataset ch21
[#1] INFO:ObjectHandling -- RooWorkspace::import(w) importing dataset ch22
[#1] INFO:ObjectHandling -- RooWorkspace::import(w) importing dataset ch23
[#1] INFO:ObjectHandling -- RooWorkspace::import(w) importing dataset ch24
[#1] INFO:ObjectHandling -- RooWorkspace::import(w) importing dataset ch3
[#1] INFO:ObjectHandling -- RooWorkspace::import(w) importing dataset ch4
[#1] INFO:ObjectHandling -- RooWorkspace::import(w) importing dataset ch5
[#1] INFO:ObjectHandling -- RooWorkspace::import(w) importing dataset ch6
[#1] INFO:ObjectHandling -- RooWorkspace::import(w) importing dataset ch7
[#1] INFO:ObjectHandling -- RooWorkspace::import(w) importing dataset ch8
[#1] INFO:ObjectHandling -- RooWorkspace::import(w) importing dataset ch9
[SetFlag] Changing value of flag "workspaces-use-clone" from 0 to 1
>> Doing prefit: TotalBkg
>> Doing prefit: TotalSig
>> Doing prefit: TotalProcs
>> Doing prefit: ch1,Convs
>> Doing prefit: ch1,Rares
>> Doing prefit: ch1,TTW_nbjets_medium_bin0
>> Doing prefit: ch1,TTW_nbjets_medium_bin1
>> Doing prefit: ch1,TTW_nbjets_medium_bin2
>> Doing prefit: ch1,TTW_ooa
>> Doing prefit: ch1,TTZ
>> Doing prefit: ch1,VVV
>> Doing prefit: ch1,WZ
>> Doing prefit: ch1,ZZ
>> Doing prefit: ch1,data_fakes
>> Doing prefit: ch1,data_flips
>> Doing prefit: ch1,tHW
>> Doing prefit: ch1,tHq
>> Doing prefit: ch1,tZq
>> Doing prefit: ch1,ttH
>> Doing prefit: ch1,ttVV
>> Doing prefit: ch1,TotalBkg
>> Doing prefit: ch1,TotalSig
>> Doing prefit: ch1,TotalProcs
>> Doing prefit: ch10,Convs
>> Doing prefit: ch10,Rares
>> Doing prefit: ch10,TTW_nbjets_medium_bin0
>> Doing prefit: ch10,TTW_nbjets_medium_bin1
>> Doing prefit: ch10,TTW_nbjets_medium_bin2
>> Doing prefit: ch10,TTW_ooa
>> Doing prefit: ch10,TTZ
>> Doing prefit: ch10,VVV
>> Doing prefit: ch10,WZ
>> Doing prefit: ch10,ZZ
>> Doing prefit: ch10,data_fakes
>> Doing prefit: ch10,data_flips
>> Doing prefit: ch10,tHW
>> Doing prefit: ch10,tHq
>> Doing prefit: ch10,tZq
>> Doing prefit: ch10,ttH
>> Doing prefit: ch10,ttVV
>> Doing prefit: ch10,TotalBkg
>> Doing prefit: ch10,TotalSig
>> Doing prefit: ch10,TotalProcs
>> Doing prefit: ch11,Convs
>> Doing prefit: ch11,Rares
>> Doing prefit: ch11,TTW_nbjets_medium_bin0
>> Doing prefit: ch11,TTW_nbjets_medium_bin1
>> Doing prefit: ch11,TTW_nbjets_medium_bin2
>> Doing prefit: ch11,TTW_ooa
>> Doing prefit: ch11,TTZ
>> Doing prefit: ch11,VVV
>> Doing prefit: ch11,WZ
>> Doing prefit: ch11,ZZ
>> Doing prefit: ch11,data_fakes
>> Doing prefit: ch11,data_flips
>> Doing prefit: ch11,tHW
>> Doing prefit: ch11,tHq
>> Doing prefit: ch11,tZq
>> Doing prefit: ch11,ttH
>> Doing prefit: ch11,ttVV
>> Doing prefit: ch11,TotalBkg
>> Doing prefit: ch11,TotalSig
>> Doing prefit: ch11,TotalProcs
>> Doing prefit: ch12,Rares
>> Doing prefit: ch12,TTW_nbjets_medium_bin0
>> Doing prefit: ch12,TTW_nbjets_medium_bin1
>> Doing prefit: ch12,TTW_nbjets_medium_bin2
>> Doing prefit: ch12,TTW_ooa
>> Doing prefit: ch12,TTZ
>> Doing prefit: ch12,VVV
>> Doing prefit: ch12,WZ
>> Doing prefit: ch12,ZZ
>> Doing prefit: ch12,data_fakes
>> Doing prefit: ch12,tHW
>> Doing prefit: ch12,tHq
>> Doing prefit: ch12,tZq
>> Doing prefit: ch12,ttH
>> Doing prefit: ch12,ttVV
>> Doing prefit: ch12,TotalBkg
>> Doing prefit: ch12,TotalSig
>> Doing prefit: ch12,TotalProcs
>> Doing prefit: ch13,Convs
>> Doing prefit: ch13,Rares
>> Doing prefit: ch13,TTW_nbjets_medium_bin0
>> Doing prefit: ch13,TTW_nbjets_medium_bin1
>> Doing prefit: ch13,TTW_nbjets_medium_bin2
>> Doing prefit: ch13,TTW_ooa
>> Doing prefit: ch13,TTZ
>> Doing prefit: ch13,VVV
>> Doing prefit: ch13,WZ
>> Doing prefit: ch13,ZZ
>> Doing prefit: ch13,data_fakes
>> Doing prefit: ch13,data_flips
>> Doing prefit: ch13,tHW
>> Doing prefit: ch13,tHq
>> Doing prefit: ch13,tZq
>> Doing prefit: ch13,ttH
>> Doing prefit: ch13,ttVV
>> Doing prefit: ch13,TotalBkg
>> Doing prefit: ch13,TotalSig
>> Doing prefit: ch13,TotalProcs
>> Doing prefit: ch14,Convs
>> Doing prefit: ch14,Rares
>> Doing prefit: ch14,TTW_nbjets_medium_bin0
>> Doing prefit: ch14,TTW_nbjets_medium_bin1
>> Doing prefit: ch14,TTW_nbjets_medium_bin2
>> Doing prefit: ch14,TTW_ooa
>> Doing prefit: ch14,TTZ
>> Doing prefit: ch14,VVV
>> Doing prefit: ch14,WZ
>> Doing prefit: ch14,ZZ
>> Doing prefit: ch14,data_fakes
>> Doing prefit: ch14,data_flips
>> Doing prefit: ch14,tHW
>> Doing prefit: ch14,tHq
>> Doing prefit: ch14,tZq
>> Doing prefit: ch14,ttH
>> Doing prefit: ch14,ttVV
>> Doing prefit: ch14,TotalBkg
>> Doing prefit: ch14,TotalSig
>> Doing prefit: ch14,TotalProcs
>> Doing prefit: ch15,Rares
>> Doing prefit: ch15,TTW_nbjets_medium_bin0
>> Doing prefit: ch15,TTW_nbjets_medium_bin1
>> Doing prefit: ch15,TTW_nbjets_medium_bin2
>> Doing prefit: ch15,TTW_ooa
>> Doing prefit: ch15,TTZ
>> Doing prefit: ch15,VVV
>> Doing prefit: ch15,WZ
>> Doing prefit: ch15,ZZ
>> Doing prefit: ch15,data_fakes
>> Doing prefit: ch15,tHW
>> Doing prefit: ch15,tHq
>> Doing prefit: ch15,tZq
>> Doing prefit: ch15,ttH
>> Doing prefit: ch15,ttVV
>> Doing prefit: ch15,TotalBkg
>> Doing prefit: ch15,TotalSig
>> Doing prefit: ch15,TotalProcs
>> Doing prefit: ch16,Convs
>> Doing prefit: ch16,Rares
>> Doing prefit: ch16,TTW_nbjets_medium_bin0
>> Doing prefit: ch16,TTW_nbjets_medium_bin1
>> Doing prefit: ch16,TTW_nbjets_medium_bin2
>> Doing prefit: ch16,TTW_ooa
>> Doing prefit: ch16,TTZ
>> Doing prefit: ch16,VVV
>> Doing prefit: ch16,WZ
>> Doing prefit: ch16,ZZ
>> Doing prefit: ch16,data_fakes
>> Doing prefit: ch16,data_flips
>> Doing prefit: ch16,tHW
>> Doing prefit: ch16,tHq
>> Doing prefit: ch16,tZq
>> Doing prefit: ch16,ttH
>> Doing prefit: ch16,ttVV
>> Doing prefit: ch16,TotalBkg
>> Doing prefit: ch16,TotalSig
>> Doing prefit: ch16,TotalProcs
>> Doing prefit: ch17,Convs
>> Doing prefit: ch17,Rares
>> Doing prefit: ch17,TTW_nbjets_medium_bin0
>> Doing prefit: ch17,TTW_nbjets_medium_bin1
>> Doing prefit: ch17,TTW_nbjets_medium_bin2
>> Doing prefit: ch17,TTW_ooa
>> Doing prefit: ch17,TTZ
>> Doing prefit: ch17,VVV
>> Doing prefit: ch17,WZ
>> Doing prefit: ch17,ZZ
>> Doing prefit: ch17,data_fakes
>> Doing prefit: ch17,data_flips
>> Doing prefit: ch17,tHW
>> Doing prefit: ch17,tHq
>> Doing prefit: ch17,tZq
>> Doing prefit: ch17,ttH
>> Doing prefit: ch17,ttVV
>> Doing prefit: ch17,TotalBkg
>> Doing prefit: ch17,TotalSig
>> Doing prefit: ch17,TotalProcs
>> Doing prefit: ch18,Rares
>> Doing prefit: ch18,TTW_nbjets_medium_bin0
>> Doing prefit: ch18,TTW_nbjets_medium_bin1
>> Doing prefit: ch18,TTW_nbjets_medium_bin2
>> Doing prefit: ch18,TTW_ooa
>> Doing prefit: ch18,TTZ
>> Doing prefit: ch18,VVV
>> Doing prefit: ch18,WZ
>> Doing prefit: ch18,ZZ
>> Doing prefit: ch18,data_fakes
>> Doing prefit: ch18,tHW
>> Doing prefit: ch18,tHq
>> Doing prefit: ch18,tZq
>> Doing prefit: ch18,ttH
>> Doing prefit: ch18,ttVV
>> Doing prefit: ch18,TotalBkg
>> Doing prefit: ch18,TotalSig
>> Doing prefit: ch18,TotalProcs
>> Doing prefit: ch19,Convs
>> Doing prefit: ch19,Rares
>> Doing prefit: ch19,TTW_nbjets_medium_bin0
>> Doing prefit: ch19,TTW_nbjets_medium_bin1
>> Doing prefit: ch19,TTW_nbjets_medium_bin2
>> Doing prefit: ch19,TTW_ooa
>> Doing prefit: ch19,TTZ
>> Doing prefit: ch19,VVV
>> Doing prefit: ch19,WZ
>> Doing prefit: ch19,ZZ
>> Doing prefit: ch19,data_fakes
>> Doing prefit: ch19,data_flips
>> Doing prefit: ch19,tHW
>> Doing prefit: ch19,tHq
>> Doing prefit: ch19,tZq
>> Doing prefit: ch19,ttH
>> Doing prefit: ch19,ttVV
>> Doing prefit: ch19,TotalBkg
>> Doing prefit: ch19,TotalSig
>> Doing prefit: ch19,TotalProcs
>> Doing prefit: ch2,Convs
>> Doing prefit: ch2,Rares
>> Doing prefit: ch2,TTW_nbjets_medium_bin0
>> Doing prefit: ch2,TTW_nbjets_medium_bin1
>> Doing prefit: ch2,TTW_nbjets_medium_bin2
>> Doing prefit: ch2,TTW_ooa
>> Doing prefit: ch2,TTZ
>> Doing prefit: ch2,VVV
>> Doing prefit: ch2,WZ
>> Doing prefit: ch2,ZZ
>> Doing prefit: ch2,data_fakes
>> Doing prefit: ch2,data_flips
>> Doing prefit: ch2,tHW
>> Doing prefit: ch2,tHq
>> Doing prefit: ch2,tZq
>> Doing prefit: ch2,ttH
>> Doing prefit: ch2,ttVV
>> Doing prefit: ch2,TotalBkg
>> Doing prefit: ch2,TotalSig
>> Doing prefit: ch2,TotalProcs
>> Doing prefit: ch20,Convs
>> Doing prefit: ch20,Rares
>> Doing prefit: ch20,TTW_nbjets_medium_bin0
>> Doing prefit: ch20,TTW_nbjets_medium_bin1
>> Doing prefit: ch20,TTW_nbjets_medium_bin2
>> Doing prefit: ch20,TTW_ooa
>> Doing prefit: ch20,TTZ
>> Doing prefit: ch20,VVV
>> Doing prefit: ch20,WZ
>> Doing prefit: ch20,ZZ
>> Doing prefit: ch20,data_fakes
>> Doing prefit: ch20,data_flips
>> Doing prefit: ch20,tHW
>> Doing prefit: ch20,tHq
>> Doing prefit: ch20,tZq
>> Doing prefit: ch20,ttH
>> Doing prefit: ch20,ttVV
>> Doing prefit: ch20,TotalBkg
>> Doing prefit: ch20,TotalSig
>> Doing prefit: ch20,TotalProcs
>> Doing prefit: ch21,Rares
>> Doing prefit: ch21,TTW_nbjets_medium_bin0
>> Doing prefit: ch21,TTW_nbjets_medium_bin1
>> Doing prefit: ch21,TTW_nbjets_medium_bin2
>> Doing prefit: ch21,TTW_ooa
>> Doing prefit: ch21,TTZ
>> Doing prefit: ch21,VVV
>> Doing prefit: ch21,WZ
>> Doing prefit: ch21,ZZ
>> Doing prefit: ch21,data_fakes
>> Doing prefit: ch21,tHW
>> Doing prefit: ch21,tHq
>> Doing prefit: ch21,tZq
>> Doing prefit: ch21,ttH
>> Doing prefit: ch21,ttVV
>> Doing prefit: ch21,TotalBkg
>> Doing prefit: ch21,TotalSig
>> Doing prefit: ch21,TotalProcs
>> Doing prefit: ch22,Convs
>> Doing prefit: ch22,Rares
>> Doing prefit: ch22,TTW_nbjets_medium_bin0
>> Doing prefit: ch22,TTW_nbjets_medium_bin1
>> Doing prefit: ch22,TTW_nbjets_medium_bin2
>> Doing prefit: ch22,TTW_ooa
>> Doing prefit: ch22,TTZ
>> Doing prefit: ch22,VVV
>> Doing prefit: ch22,WZ
>> Doing prefit: ch22,ZZ
>> Doing prefit: ch22,data_fakes
>> Doing prefit: ch22,data_flips
>> Doing prefit: ch22,tHW
>> Doing prefit: ch22,tHq
>> Doing prefit: ch22,tZq
>> Doing prefit: ch22,ttH
>> Doing prefit: ch22,ttVV
>> Doing prefit: ch22,TotalBkg
>> Doing prefit: ch22,TotalSig
>> Doing prefit: ch22,TotalProcs
>> Doing prefit: ch23,Convs
>> Doing prefit: ch23,Rares
>> Doing prefit: ch23,TTW_nbjets_medium_bin0
>> Doing prefit: ch23,TTW_nbjets_medium_bin1
>> Doing prefit: ch23,TTW_nbjets_medium_bin2
>> Doing prefit: ch23,TTW_ooa
>> Doing prefit: ch23,TTZ
>> Doing prefit: ch23,VVV
>> Doing prefit: ch23,WZ
>> Doing prefit: ch23,ZZ
>> Doing prefit: ch23,data_fakes
>> Doing prefit: ch23,data_flips
>> Doing prefit: ch23,tHW
>> Doing prefit: ch23,tHq
>> Doing prefit: ch23,tZq
>> Doing prefit: ch23,ttH
>> Doing prefit: ch23,ttVV
>> Doing prefit: ch23,TotalBkg
>> Doing prefit: ch23,TotalSig
>> Doing prefit: ch23,TotalProcs
>> Doing prefit: ch24,Rares
>> Doing prefit: ch24,TTW_nbjets_medium_bin0
>> Doing prefit: ch24,TTW_nbjets_medium_bin1
>> Doing prefit: ch24,TTW_nbjets_medium_bin2
>> Doing prefit: ch24,TTW_ooa
>> Doing prefit: ch24,TTZ
>> Doing prefit: ch24,VVV
>> Doing prefit: ch24,WZ
>> Doing prefit: ch24,ZZ
>> Doing prefit: ch24,data_fakes
>> Doing prefit: ch24,tHW
>> Doing prefit: ch24,tHq
>> Doing prefit: ch24,tZq
>> Doing prefit: ch24,ttH
>> Doing prefit: ch24,ttVV
>> Doing prefit: ch24,TotalBkg
>> Doing prefit: ch24,TotalSig
>> Doing prefit: ch24,TotalProcs
>> Doing prefit: ch3,Rares
>> Doing prefit: ch3,TTW_nbjets_medium_bin0
>> Doing prefit: ch3,TTW_nbjets_medium_bin1
>> Doing prefit: ch3,TTW_nbjets_medium_bin2
>> Doing prefit: ch3,TTW_ooa
>> Doing prefit: ch3,TTZ
>> Doing prefit: ch3,VVV
>> Doing prefit: ch3,WZ
>> Doing prefit: ch3,ZZ
>> Doing prefit: ch3,data_fakes
>> Doing prefit: ch3,tHW
>> Doing prefit: ch3,tHq
>> Doing prefit: ch3,tZq
>> Doing prefit: ch3,ttH
>> Doing prefit: ch3,ttVV
>> Doing prefit: ch3,TotalBkg
>> Doing prefit: ch3,TotalSig
>> Doing prefit: ch3,TotalProcs
>> Doing prefit: ch4,Convs
>> Doing prefit: ch4,Rares
>> Doing prefit: ch4,TTW_nbjets_medium_bin0
>> Doing prefit: ch4,TTW_nbjets_medium_bin1
>> Doing prefit: ch4,TTW_nbjets_medium_bin2
>> Doing prefit: ch4,TTW_ooa
>> Doing prefit: ch4,TTZ
>> Doing prefit: ch4,VVV
>> Doing prefit: ch4,WZ
>> Doing prefit: ch4,ZZ
>> Doing prefit: ch4,data_fakes
>> Doing prefit: ch4,data_flips
>> Doing prefit: ch4,tHW
>> Doing prefit: ch4,tHq
>> Doing prefit: ch4,tZq
>> Doing prefit: ch4,ttH
>> Doing prefit: ch4,ttVV
>> Doing prefit: ch4,TotalBkg
>> Doing prefit: ch4,TotalSig
>> Doing prefit: ch4,TotalProcs
>> Doing prefit: ch5,Convs
>> Doing prefit: ch5,Rares
>> Doing prefit: ch5,TTW_nbjets_medium_bin0
>> Doing prefit: ch5,TTW_nbjets_medium_bin1
>> Doing prefit: ch5,TTW_nbjets_medium_bin2
>> Doing prefit: ch5,TTW_ooa
>> Doing prefit: ch5,TTZ
>> Doing prefit: ch5,VVV
>> Doing prefit: ch5,WZ
>> Doing prefit: ch5,ZZ
>> Doing prefit: ch5,data_fakes
>> Doing prefit: ch5,data_flips
>> Doing prefit: ch5,tHW
>> Doing prefit: ch5,tHq
>> Doing prefit: ch5,tZq
>> Doing prefit: ch5,ttH
>> Doing prefit: ch5,ttVV
>> Doing prefit: ch5,TotalBkg
>> Doing prefit: ch5,TotalSig
>> Doing prefit: ch5,TotalProcs
>> Doing prefit: ch6,Rares
>> Doing prefit: ch6,TTW_nbjets_medium_bin0
>> Doing prefit: ch6,TTW_nbjets_medium_bin1
>> Doing prefit: ch6,TTW_nbjets_medium_bin2
>> Doing prefit: ch6,TTW_ooa
>> Doing prefit: ch6,TTZ
>> Doing prefit: ch6,VVV
>> Doing prefit: ch6,WZ
>> Doing prefit: ch6,ZZ
>> Doing prefit: ch6,data_fakes
>> Doing prefit: ch6,tHW
>> Doing prefit: ch6,tHq
>> Doing prefit: ch6,tZq
>> Doing prefit: ch6,ttH
>> Doing prefit: ch6,ttVV
>> Doing prefit: ch6,TotalBkg
>> Doing prefit: ch6,TotalSig
>> Doing prefit: ch6,TotalProcs
>> Doing prefit: ch7,Convs
>> Doing prefit: ch7,Rares
>> Doing prefit: ch7,TTW_nbjets_medium_bin0
>> Doing prefit: ch7,TTW_nbjets_medium_bin1
>> Doing prefit: ch7,TTW_nbjets_medium_bin2
>> Doing prefit: ch7,TTW_ooa
>> Doing prefit: ch7,TTZ
>> Doing prefit: ch7,VVV
>> Doing prefit: ch7,WZ
>> Doing prefit: ch7,ZZ
>> Doing prefit: ch7,data_fakes
>> Doing prefit: ch7,data_flips
>> Doing prefit: ch7,tHW
>> Doing prefit: ch7,tHq
>> Doing prefit: ch7,tZq
>> Doing prefit: ch7,ttH
>> Doing prefit: ch7,ttVV
>> Doing prefit: ch7,TotalBkg
>> Doing prefit: ch7,TotalSig
>> Doing prefit: ch7,TotalProcs
>> Doing prefit: ch8,Convs
>> Doing prefit: ch8,Rares
>> Doing prefit: ch8,TTW_nbjets_medium_bin0
>> Doing prefit: ch8,TTW_nbjets_medium_bin1
>> Doing prefit: ch8,TTW_nbjets_medium_bin2
>> Doing prefit: ch8,TTW_ooa
>> Doing prefit: ch8,TTZ
>> Doing prefit: ch8,VVV
>> Doing prefit: ch8,WZ
>> Doing prefit: ch8,ZZ
>> Doing prefit: ch8,data_fakes
>> Doing prefit: ch8,data_flips
>> Doing prefit: ch8,tHW
>> Doing prefit: ch8,tHq
>> Doing prefit: ch8,tZq
>> Doing prefit: ch8,ttH
>> Doing prefit: ch8,ttVV
>> Doing prefit: ch8,TotalBkg
>> Doing prefit: ch8,TotalSig
>> Doing prefit: ch8,TotalProcs
>> Doing prefit: ch9,Rares
>> Doing prefit: ch9,TTW_nbjets_medium_bin0
>> Doing prefit: ch9,TTW_nbjets_medium_bin1
>> Doing prefit: ch9,TTW_nbjets_medium_bin2
>> Doing prefit: ch9,TTW_ooa
>> Doing prefit: ch9,TTZ
>> Doing prefit: ch9,VVV
>> Doing prefit: ch9,WZ
>> Doing prefit: ch9,ZZ
>> Doing prefit: ch9,data_fakes
>> Doing prefit: ch9,tHW
>> Doing prefit: ch9,tHq
>> Doing prefit: ch9,tZq
>> Doing prefit: ch9,ttH
>> Doing prefit: ch9,ttVV
>> Doing prefit: ch9,TotalBkg
>> Doing prefit: ch9,TotalSig
>> Doing prefit: ch9,TotalProcs
Bin                       Total relative bkg uncert. (prefit)
----------------------------------------------------------
ch1                       0.15309   
ch10                      0.21520   
ch11                      0.11566   
ch12                      0.15349   
ch13                      0.14759   
ch14                      0.12530   
ch15                      0.17525   
ch16                      0.15183   
ch17                      0.12490   
ch18                      0.15632   
ch19                      0.15048   
ch2                       0.10990   
ch20                      0.11721   
ch21                      0.12266   
ch22                      0.16437   
ch23                      0.10886   
ch24                      0.14588   
ch3                       0.14135   
ch4                       0.13524   
ch5                       0.11935   
ch6                       0.14548   
ch7                       0.17326   
ch8                       0.12027   
ch9                       0.20790   
>> Doing postfit: TotalBkg
>> Doing postfit: TotalSig
>> Doing postfit: TotalProcs
>> Doing postfit: ch1,Convs
>> Doing postfit: ch1,Rares
>> Doing postfit: ch1,TTW_nbjets_medium_bin0
>> Doing postfit: ch1,TTW_nbjets_medium_bin1
>> Doing postfit: ch1,TTW_nbjets_medium_bin2
>> Doing postfit: ch1,TTW_ooa
>> Doing postfit: ch1,TTZ
>> Doing postfit: ch1,VVV
>> Doing postfit: ch1,WZ
>> Doing postfit: ch1,ZZ
>> Doing postfit: ch1,data_fakes
>> Doing postfit: ch1,data_flips
>> Doing postfit: ch1,tHW
>> Doing postfit: ch1,tHq
>> Doing postfit: ch1,tZq
>> Doing postfit: ch1,ttH
>> Doing postfit: ch1,ttVV
>> Doing postfit: ch1,TotalBkg
>> Doing postfit: ch1,TotalSig
>> Doing postfit: ch1,TotalProcs
>> Doing postfit: ch10,Convs
>> Doing postfit: ch10,Rares
>> Doing postfit: ch10,TTW_nbjets_medium_bin0
>> Doing postfit: ch10,TTW_nbjets_medium_bin1
>> Doing postfit: ch10,TTW_nbjets_medium_bin2
>> Doing postfit: ch10,TTW_ooa
>> Doing postfit: ch10,TTZ
>> Doing postfit: ch10,VVV
>> Doing postfit: ch10,WZ
>> Doing postfit: ch10,ZZ
>> Doing postfit: ch10,data_fakes
>> Doing postfit: ch10,data_flips
>> Doing postfit: ch10,tHW
>> Doing postfit: ch10,tHq
>> Doing postfit: ch10,tZq
>> Doing postfit: ch10,ttH
>> Doing postfit: ch10,ttVV
>> Doing postfit: ch10,TotalBkg
>> Doing postfit: ch10,TotalSig
>> Doing postfit: ch10,TotalProcs
>> Doing postfit: ch11,Convs
>> Doing postfit: ch11,Rares
>> Doing postfit: ch11,TTW_nbjets_medium_bin0
>> Doing postfit: ch11,TTW_nbjets_medium_bin1
>> Doing postfit: ch11,TTW_nbjets_medium_bin2
>> Doing postfit: ch11,TTW_ooa
>> Doing postfit: ch11,TTZ
>> Doing postfit: ch11,VVV
>> Doing postfit: ch11,WZ
>> Doing postfit: ch11,ZZ
>> Doing postfit: ch11,data_fakes
>> Doing postfit: ch11,data_flips
>> Doing postfit: ch11,tHW
>> Doing postfit: ch11,tHq
>> Doing postfit: ch11,tZq
>> Doing postfit: ch11,ttH
>> Doing postfit: ch11,ttVV
>> Doing postfit: ch11,TotalBkg
>> Doing postfit: ch11,TotalSig
>> Doing postfit: ch11,TotalProcs
>> Doing postfit: ch12,Rares
>> Doing postfit: ch12,TTW_nbjets_medium_bin0
>> Doing postfit: ch12,TTW_nbjets_medium_bin1
>> Doing postfit: ch12,TTW_nbjets_medium_bin2
>> Doing postfit: ch12,TTW_ooa
>> Doing postfit: ch12,TTZ
>> Doing postfit: ch12,VVV
>> Doing postfit: ch12,WZ
>> Doing postfit: ch12,ZZ
>> Doing postfit: ch12,data_fakes
>> Doing postfit: ch12,tHW
>> Doing postfit: ch12,tHq
>> Doing postfit: ch12,tZq
>> Doing postfit: ch12,ttH
>> Doing postfit: ch12,ttVV
>> Doing postfit: ch12,TotalBkg
>> Doing postfit: ch12,TotalSig
>> Doing postfit: ch12,TotalProcs
>> Doing postfit: ch13,Convs
>> Doing postfit: ch13,Rares
>> Doing postfit: ch13,TTW_nbjets_medium_bin0
>> Doing postfit: ch13,TTW_nbjets_medium_bin1
>> Doing postfit: ch13,TTW_nbjets_medium_bin2
>> Doing postfit: ch13,TTW_ooa
>> Doing postfit: ch13,TTZ
>> Doing postfit: ch13,VVV
>> Doing postfit: ch13,WZ
>> Doing postfit: ch13,ZZ
>> Doing postfit: ch13,data_fakes
>> Doing postfit: ch13,data_flips
>> Doing postfit: ch13,tHW
>> Doing postfit: ch13,tHq
>> Doing postfit: ch13,tZq
>> Doing postfit: ch13,ttH
>> Doing postfit: ch13,ttVV
>> Doing postfit: ch13,TotalBkg
>> Doing postfit: ch13,TotalSig
>> Doing postfit: ch13,TotalProcs
>> Doing postfit: ch14,Convs
>> Doing postfit: ch14,Rares
>> Doing postfit: ch14,TTW_nbjets_medium_bin0
>> Doing postfit: ch14,TTW_nbjets_medium_bin1
>> Doing postfit: ch14,TTW_nbjets_medium_bin2
>> Doing postfit: ch14,TTW_ooa
>> Doing postfit: ch14,TTZ
>> Doing postfit: ch14,VVV
>> Doing postfit: ch14,WZ
>> Doing postfit: ch14,ZZ
>> Doing postfit: ch14,data_fakes
>> Doing postfit: ch14,data_flips
>> Doing postfit: ch14,tHW
>> Doing postfit: ch14,tHq
>> Doing postfit: ch14,tZq
>> Doing postfit: ch14,ttH
>> Doing postfit: ch14,ttVV
>> Doing postfit: ch14,TotalBkg
>> Doing postfit: ch14,TotalSig
>> Doing postfit: ch14,TotalProcs
>> Doing postfit: ch15,Rares
>> Doing postfit: ch15,TTW_nbjets_medium_bin0
>> Doing postfit: ch15,TTW_nbjets_medium_bin1
>> Doing postfit: ch15,TTW_nbjets_medium_bin2
>> Doing postfit: ch15,TTW_ooa
>> Doing postfit: ch15,TTZ
>> Doing postfit: ch15,VVV
>> Doing postfit: ch15,WZ
>> Doing postfit: ch15,ZZ
>> Doing postfit: ch15,data_fakes
>> Doing postfit: ch15,tHW
>> Doing postfit: ch15,tHq
>> Doing postfit: ch15,tZq
>> Doing postfit: ch15,ttH
>> Doing postfit: ch15,ttVV
>> Doing postfit: ch15,TotalBkg
>> Doing postfit: ch15,TotalSig
>> Doing postfit: ch15,TotalProcs
>> Doing postfit: ch16,Convs
>> Doing postfit: ch16,Rares
>> Doing postfit: ch16,TTW_nbjets_medium_bin0
>> Doing postfit: ch16,TTW_nbjets_medium_bin1
>> Doing postfit: ch16,TTW_nbjets_medium_bin2
>> Doing postfit: ch16,TTW_ooa
>> Doing postfit: ch16,TTZ
>> Doing postfit: ch16,VVV
>> Doing postfit: ch16,WZ
>> Doing postfit: ch16,ZZ
>> Doing postfit: ch16,data_fakes
>> Doing postfit: ch16,data_flips
>> Doing postfit: ch16,tHW
>> Doing postfit: ch16,tHq
>> Doing postfit: ch16,tZq
>> Doing postfit: ch16,ttH
>> Doing postfit: ch16,ttVV
>> Doing postfit: ch16,TotalBkg
>> Doing postfit: ch16,TotalSig
>> Doing postfit: ch16,TotalProcs
>> Doing postfit: ch17,Convs
>> Doing postfit: ch17,Rares
>> Doing postfit: ch17,TTW_nbjets_medium_bin0
>> Doing postfit: ch17,TTW_nbjets_medium_bin1
>> Doing postfit: ch17,TTW_nbjets_medium_bin2
>> Doing postfit: ch17,TTW_ooa
>> Doing postfit: ch17,TTZ
>> Doing postfit: ch17,VVV
>> Doing postfit: ch17,WZ
>> Doing postfit: ch17,ZZ
>> Doing postfit: ch17,data_fakes
>> Doing postfit: ch17,data_flips
>> Doing postfit: ch17,tHW
>> Doing postfit: ch17,tHq
>> Doing postfit: ch17,tZq
>> Doing postfit: ch17,ttH
>> Doing postfit: ch17,ttVV
>> Doing postfit: ch17,TotalBkg
>> Doing postfit: ch17,TotalSig
>> Doing postfit: ch17,TotalProcs
>> Doing postfit: ch18,Rares
>> Doing postfit: ch18,TTW_nbjets_medium_bin0
>> Doing postfit: ch18,TTW_nbjets_medium_bin1
>> Doing postfit: ch18,TTW_nbjets_medium_bin2
>> Doing postfit: ch18,TTW_ooa
>> Doing postfit: ch18,TTZ
>> Doing postfit: ch18,VVV
>> Doing postfit: ch18,WZ
>> Doing postfit: ch18,ZZ
>> Doing postfit: ch18,data_fakes
>> Doing postfit: ch18,tHW
>> Doing postfit: ch18,tHq
>> Doing postfit: ch18,tZq
>> Doing postfit: ch18,ttH
>> Doing postfit: ch18,ttVV
>> Doing postfit: ch18,TotalBkg
>> Doing postfit: ch18,TotalSig
>> Doing postfit: ch18,TotalProcs
>> Doing postfit: ch19,Convs
>> Doing postfit: ch19,Rares
>> Doing postfit: ch19,TTW_nbjets_medium_bin0
>> Doing postfit: ch19,TTW_nbjets_medium_bin1
>> Doing postfit: ch19,TTW_nbjets_medium_bin2
>> Doing postfit: ch19,TTW_ooa
>> Doing postfit: ch19,TTZ
>> Doing postfit: ch19,VVV
>> Doing postfit: ch19,WZ
>> Doing postfit: ch19,ZZ
>> Doing postfit: ch19,data_fakes
>> Doing postfit: ch19,data_flips
>> Doing postfit: ch19,tHW
>> Doing postfit: ch19,tHq
>> Doing postfit: ch19,tZq
>> Doing postfit: ch19,ttH
>> Doing postfit: ch19,ttVV
>> Doing postfit: ch19,TotalBkg
>> Doing postfit: ch19,TotalSig
>> Doing postfit: ch19,TotalProcs
>> Doing postfit: ch2,Convs
>> Doing postfit: ch2,Rares
>> Doing postfit: ch2,TTW_nbjets_medium_bin0
>> Doing postfit: ch2,TTW_nbjets_medium_bin1
>> Doing postfit: ch2,TTW_nbjets_medium_bin2
>> Doing postfit: ch2,TTW_ooa
>> Doing postfit: ch2,TTZ
>> Doing postfit: ch2,VVV
>> Doing postfit: ch2,WZ
>> Doing postfit: ch2,ZZ
>> Doing postfit: ch2,data_fakes
>> Doing postfit: ch2,data_flips
>> Doing postfit: ch2,tHW
>> Doing postfit: ch2,tHq
>> Doing postfit: ch2,tZq
>> Doing postfit: ch2,ttH
>> Doing postfit: ch2,ttVV
>> Doing postfit: ch2,TotalBkg
>> Doing postfit: ch2,TotalSig
>> Doing postfit: ch2,TotalProcs
>> Doing postfit: ch20,Convs
>> Doing postfit: ch20,Rares
>> Doing postfit: ch20,TTW_nbjets_medium_bin0
>> Doing postfit: ch20,TTW_nbjets_medium_bin1
>> Doing postfit: ch20,TTW_nbjets_medium_bin2
>> Doing postfit: ch20,TTW_ooa
>> Doing postfit: ch20,TTZ
>> Doing postfit: ch20,VVV
>> Doing postfit: ch20,WZ
>> Doing postfit: ch20,ZZ
>> Doing postfit: ch20,data_fakes
>> Doing postfit: ch20,data_flips
>> Doing postfit: ch20,tHW
>> Doing postfit: ch20,tHq
>> Doing postfit: ch20,tZq
>> Doing postfit: ch20,ttH
>> Doing postfit: ch20,ttVV
>> Doing postfit: ch20,TotalBkg
>> Doing postfit: ch20,TotalSig
>> Doing postfit: ch20,TotalProcs
>> Doing postfit: ch21,Rares
>> Doing postfit: ch21,TTW_nbjets_medium_bin0
>> Doing postfit: ch21,TTW_nbjets_medium_bin1
>> Doing postfit: ch21,TTW_nbjets_medium_bin2
>> Doing postfit: ch21,TTW_ooa
>> Doing postfit: ch21,TTZ
>> Doing postfit: ch21,VVV
>> Doing postfit: ch21,WZ
>> Doing postfit: ch21,ZZ
>> Doing postfit: ch21,data_fakes
>> Doing postfit: ch21,tHW
>> Doing postfit: ch21,tHq
>> Doing postfit: ch21,tZq
>> Doing postfit: ch21,ttH
>> Doing postfit: ch21,ttVV
>> Doing postfit: ch21,TotalBkg
>> Doing postfit: ch21,TotalSig
>> Doing postfit: ch21,TotalProcs
>> Doing postfit: ch22,Convs
>> Doing postfit: ch22,Rares
>> Doing postfit: ch22,TTW_nbjets_medium_bin0
>> Doing postfit: ch22,TTW_nbjets_medium_bin1
>> Doing postfit: ch22,TTW_nbjets_medium_bin2
>> Doing postfit: ch22,TTW_ooa
>> Doing postfit: ch22,TTZ
>> Doing postfit: ch22,VVV
>> Doing postfit: ch22,WZ
>> Doing postfit: ch22,ZZ
>> Doing postfit: ch22,data_fakes
>> Doing postfit: ch22,data_flips
>> Doing postfit: ch22,tHW
>> Doing postfit: ch22,tHq
>> Doing postfit: ch22,tZq
>> Doing postfit: ch22,ttH
>> Doing postfit: ch22,ttVV
>> Doing postfit: ch22,TotalBkg
>> Doing postfit: ch22,TotalSig
>> Doing postfit: ch22,TotalProcs
>> Doing postfit: ch23,Convs
>> Doing postfit: ch23,Rares
>> Doing postfit: ch23,TTW_nbjets_medium_bin0
>> Doing postfit: ch23,TTW_nbjets_medium_bin1
>> Doing postfit: ch23,TTW_nbjets_medium_bin2
>> Doing postfit: ch23,TTW_ooa
>> Doing postfit: ch23,TTZ
>> Doing postfit: ch23,VVV
>> Doing postfit: ch23,WZ
>> Doing postfit: ch23,ZZ
>> Doing postfit: ch23,data_fakes
>> Doing postfit: ch23,data_flips
>> Doing postfit: ch23,tHW
>> Doing postfit: ch23,tHq
>> Doing postfit: ch23,tZq
>> Doing postfit: ch23,ttH
>> Doing postfit: ch23,ttVV
>> Doing postfit: ch23,TotalBkg
>> Doing postfit: ch23,TotalSig
>> Doing postfit: ch23,TotalProcs
>> Doing postfit: ch24,Rares
>> Doing postfit: ch24,TTW_nbjets_medium_bin0
>> Doing postfit: ch24,TTW_nbjets_medium_bin1
>> Doing postfit: ch24,TTW_nbjets_medium_bin2
>> Doing postfit: ch24,TTW_ooa
>> Doing postfit: ch24,TTZ
>> Doing postfit: ch24,VVV
>> Doing postfit: ch24,WZ
>> Doing postfit: ch24,ZZ
>> Doing postfit: ch24,data_fakes
>> Doing postfit: ch24,tHW
>> Doing postfit: ch24,tHq
>> Doing postfit: ch24,tZq
>> Doing postfit: ch24,ttH
>> Doing postfit: ch24,ttVV
>> Doing postfit: ch24,TotalBkg
>> Doing postfit: ch24,TotalSig
>> Doing postfit: ch24,TotalProcs
>> Doing postfit: ch3,Rares
>> Doing postfit: ch3,TTW_nbjets_medium_bin0
>> Doing postfit: ch3,TTW_nbjets_medium_bin1
>> Doing postfit: ch3,TTW_nbjets_medium_bin2
>> Doing postfit: ch3,TTW_ooa
>> Doing postfit: ch3,TTZ
>> Doing postfit: ch3,VVV
>> Doing postfit: ch3,WZ
>> Doing postfit: ch3,ZZ
>> Doing postfit: ch3,data_fakes
>> Doing postfit: ch3,tHW
>> Doing postfit: ch3,tHq
>> Doing postfit: ch3,tZq
>> Doing postfit: ch3,ttH
>> Doing postfit: ch3,ttVV
>> Doing postfit: ch3,TotalBkg
>> Doing postfit: ch3,TotalSig
>> Doing postfit: ch3,TotalProcs
>> Doing postfit: ch4,Convs
>> Doing postfit: ch4,Rares
>> Doing postfit: ch4,TTW_nbjets_medium_bin0
>> Doing postfit: ch4,TTW_nbjets_medium_bin1
>> Doing postfit: ch4,TTW_nbjets_medium_bin2
>> Doing postfit: ch4,TTW_ooa
>> Doing postfit: ch4,TTZ
>> Doing postfit: ch4,VVV
>> Doing postfit: ch4,WZ
>> Doing postfit: ch4,ZZ
>> Doing postfit: ch4,data_fakes
>> Doing postfit: ch4,data_flips
>> Doing postfit: ch4,tHW
>> Doing postfit: ch4,tHq
>> Doing postfit: ch4,tZq
>> Doing postfit: ch4,ttH
>> Doing postfit: ch4,ttVV
>> Doing postfit: ch4,TotalBkg
>> Doing postfit: ch4,TotalSig
>> Doing postfit: ch4,TotalProcs
>> Doing postfit: ch5,Convs
>> Doing postfit: ch5,Rares
>> Doing postfit: ch5,TTW_nbjets_medium_bin0
>> Doing postfit: ch5,TTW_nbjets_medium_bin1
>> Doing postfit: ch5,TTW_nbjets_medium_bin2
>> Doing postfit: ch5,TTW_ooa
>> Doing postfit: ch5,TTZ
>> Doing postfit: ch5,VVV
>> Doing postfit: ch5,WZ
>> Doing postfit: ch5,ZZ
>> Doing postfit: ch5,data_fakes
>> Doing postfit: ch5,data_flips
>> Doing postfit: ch5,tHW
>> Doing postfit: ch5,tHq
>> Doing postfit: ch5,tZq
>> Doing postfit: ch5,ttH
>> Doing postfit: ch5,ttVV
>> Doing postfit: ch5,TotalBkg
>> Doing postfit: ch5,TotalSig
>> Doing postfit: ch5,TotalProcs
>> Doing postfit: ch6,Rares
>> Doing postfit: ch6,TTW_nbjets_medium_bin0
>> Doing postfit: ch6,TTW_nbjets_medium_bin1
>> Doing postfit: ch6,TTW_nbjets_medium_bin2
>> Doing postfit: ch6,TTW_ooa
>> Doing postfit: ch6,TTZ
>> Doing postfit: ch6,VVV
>> Doing postfit: ch6,WZ
>> Doing postfit: ch6,ZZ
>> Doing postfit: ch6,data_fakes
>> Doing postfit: ch6,tHW
>> Doing postfit: ch6,tHq
>> Doing postfit: ch6,tZq
>> Doing postfit: ch6,ttH
>> Doing postfit: ch6,ttVV
>> Doing postfit: ch6,TotalBkg
>> Doing postfit: ch6,TotalSig
>> Doing postfit: ch6,TotalProcs
>> Doing postfit: ch7,Convs
>> Doing postfit: ch7,Rares
>> Doing postfit: ch7,TTW_nbjets_medium_bin0
>> Doing postfit: ch7,TTW_nbjets_medium_bin1
>> Doing postfit: ch7,TTW_nbjets_medium_bin2
>> Doing postfit: ch7,TTW_ooa
>> Doing postfit: ch7,TTZ
>> Doing postfit: ch7,VVV
>> Doing postfit: ch7,WZ
>> Doing postfit: ch7,ZZ
>> Doing postfit: ch7,data_fakes
>> Doing postfit: ch7,data_flips
>> Doing postfit: ch7,tHW
>> Doing postfit: ch7,tHq
>> Doing postfit: ch7,tZq
>> Doing postfit: ch7,ttH
>> Doing postfit: ch7,ttVV
>> Doing postfit: ch7,TotalBkg
>> Doing postfit: ch7,TotalSig
>> Doing postfit: ch7,TotalProcs
>> Doing postfit: ch8,Convs
>> Doing postfit: ch8,Rares
>> Doing postfit: ch8,TTW_nbjets_medium_bin0
>> Doing postfit: ch8,TTW_nbjets_medium_bin1
>> Doing postfit: ch8,TTW_nbjets_medium_bin2
>> Doing postfit: ch8,TTW_ooa
>> Doing postfit: ch8,TTZ
>> Doing postfit: ch8,VVV
>> Doing postfit: ch8,WZ
>> Doing postfit: ch8,ZZ
>> Doing postfit: ch8,data_fakes
>> Doing postfit: ch8,data_flips
>> Doing postfit: ch8,tHW
>> Doing postfit: ch8,tHq
>> Doing postfit: ch8,tZq
>> Doing postfit: ch8,ttH
>> Doing postfit: ch8,ttVV
>> Doing postfit: ch8,TotalBkg
>> Doing postfit: ch8,TotalSig
>> Doing postfit: ch8,TotalProcs
>> Doing postfit: ch9,Rares
>> Doing postfit: ch9,TTW_nbjets_medium_bin0
>> Doing postfit: ch9,TTW_nbjets_medium_bin1
>> Doing postfit: ch9,TTW_nbjets_medium_bin2
>> Doing postfit: ch9,TTW_ooa
>> Doing postfit: ch9,TTZ
>> Doing postfit: ch9,VVV
>> Doing postfit: ch9,WZ
>> Doing postfit: ch9,ZZ
>> Doing postfit: ch9,data_fakes
>> Doing postfit: ch9,tHW
>> Doing postfit: ch9,tHq
>> Doing postfit: ch9,tZq
>> Doing postfit: ch9,ttH
>> Doing postfit: ch9,ttVV
>> Doing postfit: ch9,TotalBkg
>> Doing postfit: ch9,TotalSig
>> Doing postfit: ch9,TotalProcs

Bin                       Total relative bkg uncert. (postfit)
----------------------------------------------------------
ch1                       0.09877   
ch10                      0.16239   
ch11                      0.07282   
ch12                      0.14284   
ch13                      0.09198   
ch14                      0.08406   
ch15                      0.10124   
ch16                      0.09994   
ch17                      0.08349   
ch18                      0.10032   
ch19                      0.09885   
ch2                       0.08064   
ch20                      0.07157   
ch21                      0.07559   
ch22                      0.10686   
ch23                      0.06658   
ch24                      0.08346   
ch3                       0.09507   
ch4                       0.09105   
ch5                       0.08338   
ch6                       0.08751   
ch7                       0.14439   
ch8                       0.08352   
ch9                       0.11800   

Bin                       Process              Scale factor
----------------------------------------------------------
ch1                       Convs                1.17620   
ch1                       Rares                1.23284   
ch1                       TTW_nbjets_medium_bin0 4.42162   
ch1                       TTW_nbjets_medium_bin1 0.20530   
ch1                       TTW_nbjets_medium_bin2 6.17929   
ch1                       TTW_ooa              1.04780   
ch1                       TTZ                  1.23703   
ch1                       VVV                  1.19130   
ch1                       WZ                   0.91226   
ch1                       ZZ                   1.33067   
ch1                       data_fakes           1.75738   
ch1                       data_flips           0.93942   
ch1                       tHW                  1.04860   
ch1                       tHq                  1.04573   
ch1                       tZq                  1.17364   
ch1                       ttH                  1.03835   
ch1                       ttVV                 1.05024   
ch10                      Convs                1.12989   
ch10                      Rares                1.25634   
ch10                      TTW_nbjets_medium_bin0 4.73123   
ch10                      TTW_nbjets_medium_bin1 0.20628   
ch10                      TTW_nbjets_medium_bin2 6.53279   
ch10                      TTW_ooa              1.11790   
ch10                      TTZ                  1.14794   
ch10                      VVV                  1.43657   
ch10                      WZ                   1.27665   
ch10                      ZZ                   1.81771   
ch10                      data_fakes           2.13568   
ch10                      data_flips           0.93901   
ch10                      tHW                  1.09691   
ch10                      tHq                  1.10091   
ch10                      tZq                  1.26126   
ch10                      ttH                  1.03889   
ch10                      ttVV                 1.05903   
ch11                      Convs                1.14336   
ch11                      Rares                1.28355   
ch11                      TTW_nbjets_medium_bin0 4.63958   
ch11                      TTW_nbjets_medium_bin1 0.19993   
ch11                      TTW_nbjets_medium_bin2 6.47383   
ch11                      TTW_ooa              1.08354   
ch11                      TTZ                  1.14395   
ch11                      VVV                  1.44470   
ch11                      WZ                   1.22842   
ch11                      ZZ                   1.62009   
ch11                      data_fakes           1.41734   
ch11                      data_flips           0.93931   
ch11                      tHW                  1.06775   
ch11                      tHq                  1.05506   
ch11                      tZq                  1.14945   
ch11                      ttH                  1.03634   
ch11                      ttVV                 1.03278   
ch12                      Rares                1.25339   
ch12                      TTW_nbjets_medium_bin0 4.52215   
ch12                      TTW_nbjets_medium_bin1 0.19480   
ch12                      TTW_nbjets_medium_bin2 6.35623   
ch12                      TTW_ooa              1.04691   
ch12                      TTZ                  1.15236   
ch12                      VVV                  2.81956   
ch12                      WZ                   1.15817   
ch12                      ZZ                   1.77204   
ch12                      data_fakes           1.16946   
ch12                      tHW                  1.03507   
ch12                      tHq                  1.04706   
ch12                      tZq                  1.11052   
ch12                      ttH                  1.02626   
ch12                      ttVV                 1.00358   
ch13                      Convs                1.12209   
ch13                      Rares                1.28690   
ch13                      TTW_nbjets_medium_bin0 4.43619   
ch13                      TTW_nbjets_medium_bin1 0.20561   
ch13                      TTW_nbjets_medium_bin2 6.31260   
ch13                      TTW_ooa              1.06449   
ch13                      TTZ                  1.13210   
ch13                      VVV                  1.12307   
ch13                      WZ                   0.96175   
ch13                      ZZ                   1.33177   
ch13                      data_fakes           1.66100   
ch13                      data_flips           0.93919   
ch13                      tHW                  1.02318   
ch13                      tHq                  1.04936   
ch13                      tZq                  1.09668   
ch13                      ttH                  1.03904   
ch13                      ttVV                 1.04083   
ch14                      Convs                1.11622   
ch14                      Rares                1.20888   
ch14                      TTW_nbjets_medium_bin0 4.30837   
ch14                      TTW_nbjets_medium_bin1 0.20016   
ch14                      TTW_nbjets_medium_bin2 6.28454   
ch14                      TTW_ooa              1.01648   
ch14                      TTZ                  1.12748   
ch14                      VVV                  1.12551   
ch14                      WZ                   0.96110   
ch14                      ZZ                   1.39703   
ch14                      data_fakes           1.43902   
ch14                      data_flips           0.93910   
ch14                      tHW                  1.00920   
ch14                      tHq                  1.00728   
ch14                      tZq                  1.09693   
ch14                      ttH                  1.02427   
ch14                      ttVV                 1.01767   
ch15                      Rares                1.12379   
ch15                      TTW_nbjets_medium_bin0 4.20469   
ch15                      TTW_nbjets_medium_bin1 0.19443   
ch15                      TTW_nbjets_medium_bin2 6.03470   
ch15                      TTW_ooa              0.98415   
ch15                      TTZ                  1.13324   
ch15                      VVV                  1.10862   
ch15                      WZ                   0.94077   
ch15                      ZZ                   1.43380   
ch15                      data_fakes           1.18664   
ch15                      tHW                  0.98729   
ch15                      tHq                  1.02190   
ch15                      tZq                  1.04288   
ch15                      ttH                  0.99058   
ch15                      ttVV                 0.99167   
ch16                      Convs                1.13881   
ch16                      Rares                1.18989   
ch16                      TTW_nbjets_medium_bin0 4.44132   
ch16                      TTW_nbjets_medium_bin1 0.20609   
ch16                      TTW_nbjets_medium_bin2 6.87712   
ch16                      TTW_ooa              1.06387   
ch16                      TTZ                  1.16488   
ch16                      VVV                  1.21102   
ch16                      WZ                   0.94421   
ch16                      ZZ                   1.09506   
ch16                      data_fakes           1.66426   
ch16                      data_flips           0.93921   
ch16                      tHW                  1.03575   
ch16                      tHq                  1.03238   
ch16                      tZq                  1.10770   
ch16                      ttH                  1.04096   
ch16                      ttVV                 1.04229   
ch17                      Convs                1.13485   
ch17                      Rares                1.21220   
ch17                      TTW_nbjets_medium_bin0 4.32054   
ch17                      TTW_nbjets_medium_bin1 0.20002   
ch17                      TTW_nbjets_medium_bin2 6.27577   
ch17                      TTW_ooa              1.01320   
ch17                      TTZ                  1.12169   
ch17                      VVV                  1.18910   
ch17                      WZ                   0.97102   
ch17                      ZZ                   1.25780   
ch17                      data_fakes           1.43310   
ch17                      data_flips           0.93917   
ch17                      tHW                  1.01838   
ch17                      tHq                  1.01623   
ch17                      tZq                  1.06286   
ch17                      ttH                  1.01629   
ch17                      ttVV                 1.01788   
ch18                      Rares                1.11741   
ch18                      TTW_nbjets_medium_bin0 4.20847   
ch18                      TTW_nbjets_medium_bin1 0.19468   
ch18                      TTW_nbjets_medium_bin2 6.42812   
ch18                      TTW_ooa              0.98559   
ch18                      TTZ                  1.12552   
ch18                      VVV                  1.17838   
ch18                      WZ                   0.95364   
ch18                      ZZ                   0.86696   
ch18                      data_fakes           1.16172   
ch18                      tHW                  0.99007   
ch18                      tHq                  0.97843   
ch18                      tZq                  1.07809   
ch18                      ttH                  0.99536   
ch18                      ttVV                 0.99254   
ch19                      Convs                1.07640   
ch19                      Rares                1.26193   
ch19                      TTW_nbjets_medium_bin0 4.38243   
ch19                      TTW_nbjets_medium_bin1 0.20131   
ch19                      TTW_nbjets_medium_bin2 6.66736   
ch19                      TTW_ooa              0.97953   
ch19                      TTZ                  1.18068   
ch19                      VVV                  1.17244   
ch19                      WZ                   0.94079   
ch19                      ZZ                   1.07697   
ch19                      data_fakes           1.73480   
ch19                      data_flips           0.93912   
ch19                      tHW                  1.02967   
ch19                      tHq                  0.99764   
ch19                      tZq                  1.06573   
ch19                      ttH                  1.02023   
ch19                      ttVV                 1.02744   
ch2                       Convs                1.14713   
ch2                       Rares                1.09647   
ch2                       TTW_nbjets_medium_bin0 4.25696   
ch2                       TTW_nbjets_medium_bin1 0.19823   
ch2                       TTW_nbjets_medium_bin2 6.73798   
ch2                       TTW_ooa              1.00994   
ch2                       TTZ                  1.19271   
ch2                       VVV                  1.16211   
ch2                       WZ                   0.94940   
ch2                       ZZ                   1.20917   
ch2                       data_fakes           1.38979   
ch2                       data_flips           0.93940   
ch2                       tHW                  1.00192   
ch2                       tHq                  1.01358   
ch2                       tZq                  1.05312   
ch2                       ttH                  1.01523   
ch2                       ttVV                 1.01414   
ch20                      Convs                1.13414   
ch20                      Rares                1.21432   
ch20                      TTW_nbjets_medium_bin0 4.21081   
ch20                      TTW_nbjets_medium_bin1 0.19553   
ch20                      TTW_nbjets_medium_bin2 6.36347   
ch20                      TTW_ooa              0.97463   
ch20                      TTZ                  1.11799   
ch20                      VVV                  1.15187   
ch20                      WZ                   0.92805   
ch20                      ZZ                   1.15094   
ch20                      data_fakes           1.44477   
ch20                      data_flips           0.93921   
ch20                      tHW                  0.99411   
ch20                      tHq                  0.97852   
ch20                      tZq                  1.03037   
ch20                      ttH                  1.00241   
ch20                      ttVV                 0.99959   
ch21                      Rares                1.05959   
ch21                      TTW_nbjets_medium_bin0 4.08421   
ch21                      TTW_nbjets_medium_bin1 0.19117   
ch21                      TTW_nbjets_medium_bin2 5.99073   
ch21                      TTW_ooa              0.95306   
ch21                      TTZ                  1.11475   
ch21                      VVV                  1.11399   
ch21                      WZ                   0.94632   
ch21                      ZZ                   1.26248   
ch21                      data_fakes           1.14464   
ch21                      tHW                  0.97324   
ch21                      tHq                  0.95214   
ch21                      tZq                  1.02990   
ch21                      ttH                  0.97561   
ch21                      ttVV                 0.97428   
ch22                      Convs                1.28104   
ch22                      Rares                1.21825   
ch22                      TTW_nbjets_medium_bin0 4.32482   
ch22                      TTW_nbjets_medium_bin1 0.20036   
ch22                      TTW_nbjets_medium_bin2 6.30704   
ch22                      TTW_ooa              1.01850   
ch22                      TTZ                  1.20594   
ch22                      VVV                  0.95743   
ch22                      WZ                   0.84714   
ch22                      ZZ                   1.14892   
ch22                      data_fakes           1.82134   
ch22                      data_flips           0.93942   
ch22                      tHW                  0.97896   
ch22                      tHq                  1.01851   
ch22                      tZq                  1.07827   
ch22                      ttH                  1.01417   
ch22                      ttVV                 1.02748   
ch23                      Convs                1.13861   
ch23                      Rares                1.13183   
ch23                      TTW_nbjets_medium_bin0 4.19869   
ch23                      TTW_nbjets_medium_bin1 0.19612   
ch23                      TTW_nbjets_medium_bin2 6.50691   
ch23                      TTW_ooa              0.97465   
ch23                      TTZ                  1.13704   
ch23                      VVV                  1.16574   
ch23                      WZ                   0.93857   
ch23                      ZZ                   1.30451   
ch23                      data_fakes           1.37032   
ch23                      data_flips           0.93924   
ch23                      tHW                  0.99947   
ch23                      tHq                  0.98625   
ch23                      tZq                  1.03080   
ch23                      ttH                  1.00050   
ch23                      ttVV                 1.00230   
ch24                      Rares                1.25621   
ch24                      TTW_nbjets_medium_bin0 4.11357   
ch24                      TTW_nbjets_medium_bin1 0.19047   
ch24                      TTW_nbjets_medium_bin2 6.12361   
ch24                      TTW_ooa              0.94624   
ch24                      TTZ                  1.10245   
ch24                      VVV                  1.15197   
ch24                      WZ                   0.94695   
ch24                      ZZ                   1.09856   
ch24                      data_fakes           1.18048   
ch24                      tHW                  0.96958   
ch24                      tHq                  0.96213   
ch24                      tZq                  1.05199   
ch24                      ttH                  0.97623   
ch24                      ttVV                 0.96978   
ch3                       Rares                1.15610   
ch3                       TTW_nbjets_medium_bin0 4.17225   
ch3                       TTW_nbjets_medium_bin1 0.19274   
ch3                       TTW_nbjets_medium_bin2 6.02151   
ch3                       TTW_ooa              0.98879   
ch3                       TTZ                  1.06610   
ch3                       VVV                  1.16373   
ch3                       WZ                   0.92352   
ch3                       ZZ                   1.36996   
ch3                       data_fakes           1.12782   
ch3                       tHW                  0.96742   
ch3                       tHq                  0.98514   
ch3                       tZq                  1.00760   
ch3                       ttH                  0.96996   
ch3                       ttVV                 0.97981   
ch4                       Convs                1.14434   
ch4                       Rares                1.20406   
ch4                       TTW_nbjets_medium_bin0 4.37819   
ch4                       TTW_nbjets_medium_bin1 0.20496   
ch4                       TTW_nbjets_medium_bin2 6.50844   
ch4                       TTW_ooa              1.07361   
ch4                       TTZ                  1.10598   
ch4                       VVV                  1.23144   
ch4                       WZ                   1.00705   
ch4                       ZZ                   1.36410   
ch4                       data_fakes           1.54209   
ch4                       data_flips           0.93925   
ch4                       tHW                  1.04639   
ch4                       tHq                  1.05496   
ch4                       tZq                  1.12550   
ch4                       ttH                  1.03787   
ch4                       ttVV                 1.05166   
ch5                       Convs                1.13985   
ch5                       Rares                1.18947   
ch5                       TTW_nbjets_medium_bin0 4.28264   
ch5                       TTW_nbjets_medium_bin1 0.19862   
ch5                       TTW_nbjets_medium_bin2 6.68529   
ch5                       TTW_ooa              1.03601   
ch5                       TTZ                  1.15868   
ch5                       VVV                  1.20853   
ch5                       WZ                   0.96956   
ch5                       ZZ                   1.27666   
ch5                       data_fakes           1.48333   
ch5                       data_flips           0.93934   
ch5                       tHW                  1.00066   
ch5                       tHq                  1.01264   
ch5                       tZq                  1.10685   
ch5                       ttH                  1.01120   
ch5                       ttVV                 1.00754   
ch6                       Rares                1.28758   
ch6                       TTW_nbjets_medium_bin0 4.11160   
ch6                       TTW_nbjets_medium_bin1 0.19349   
ch6                       TTW_nbjets_medium_bin2 5.81156   
ch6                       TTW_ooa              0.96868   
ch6                       TTZ                  1.10983   
ch6                       VVV                  1.01820   
ch6                       WZ                   0.92409   
ch6                       ZZ                   1.39251   
ch6                       data_fakes           1.14346   
ch6                       tHW                  0.97765   
ch6                       tHq                  0.98449   
ch6                       tZq                  1.01120   
ch6                       ttH                  0.97414   
ch6                       ttVV                 0.97983   
ch7                       Convs                1.15337   
ch7                       Rares                1.26145   
ch7                       TTW_nbjets_medium_bin0 4.65148   
ch7                       TTW_nbjets_medium_bin1 0.20568   
ch7                       TTW_nbjets_medium_bin2 6.86686   
ch7                       TTW_ooa              1.08696   
ch7                       TTZ                  1.26998   
ch7                       VVV                  1.44414   
ch7                       WZ                   1.29766   
ch7                       ZZ                   1.63096   
ch7                       data_fakes           1.60333   
ch7                       data_flips           0.94012   
ch7                       tHW                  1.08421   
ch7                       tHq                  1.07135   
ch7                       tZq                  1.18309   
ch7                       ttH                  1.04521   
ch7                       ttVV                 1.05502   
ch8                       Convs                1.24836   
ch8                       Rares                1.30009   
ch8                       TTW_nbjets_medium_bin0 4.68370   
ch8                       TTW_nbjets_medium_bin1 0.19977   
ch8                       TTW_nbjets_medium_bin2 6.44150   
ch8                       TTW_ooa              1.07750   
ch8                       TTZ                  1.20310   
ch8                       VVV                  1.37874   
ch8                       WZ                   1.39461   
ch8                       ZZ                   1.60306   
ch8                       data_fakes           1.39123   
ch8                       data_flips           0.93942   
ch8                       tHW                  1.05039   
ch8                       tHq                  1.06555   
ch8                       tZq                  1.17287   
ch8                       ttH                  1.03130   
ch8                       ttVV                 1.03405   
ch9                       Rares                1.21026   
ch9                       TTW_nbjets_medium_bin0 4.45507   
ch9                       TTW_nbjets_medium_bin1 0.19411   
ch9                       TTW_nbjets_medium_bin2 6.24051   
ch9                       TTW_ooa              1.04761   
ch9                       TTZ                  1.15773   
ch9                       VVV                  1.34065   
ch9                       WZ                   1.26655   
ch9                       ZZ                   1.40440   
ch9                       data_fakes           1.29112   
ch9                       tHW                  1.03017   
ch9                       tHq                  1.02515   
ch9                       tZq                  1.13221   
ch9                       ttH                  1.01085   
ch9                       ttVV                 1.00987   
