WARNING: the default behaviour of PostFitShapesFromWorkspace is to use the covariance matrix sampling method for the post-fit uncertainty. The option --sampling is deprecated and will be removed in future versions of CombineHarvester
[SetFlag] Changing value of flag "workspaces-use-clone" from 0 to 1
[#1] INFO:ObjectHandling -- RooWorkspace::import(w) importing dataset ch1
[#1] INFO:ObjectHandling -- RooWorkspace::import(w) importing dataset ch2
[#1] INFO:ObjectHandling -- RooWorkspace::import(w) importing dataset ch3
[#1] INFO:ObjectHandling -- RooWorkspace::import(w) importing dataset ch4
[SetFlag] Changing value of flag "workspaces-use-clone" from 0 to 1
>> Doing prefit: TotalBkg
>> Doing prefit: TotalSig
>> Doing prefit: TotalProcs
>> Doing prefit: ch1,Convs
>> Doing prefit: ch1,Rares
>> Doing prefit: ch1,TTW_njets_bin0
>> Doing prefit: ch1,TTW_njets_bin1
>> Doing prefit: ch1,TTW_njets_bin2
>> Doing prefit: ch1,TTW_ooa
>> Doing prefit: ch1,TTZ
>> Doing prefit: ch1,VVV
>> Doing prefit: ch1,WZ
>> Doing prefit: ch1,ZZ
>> Doing prefit: ch1,data_fakes
>> Doing prefit: ch1,data_flips
>> Doing prefit: ch1,tHW
>> Doing prefit: ch1,tHq
>> Doing prefit: ch1,tZq
>> Doing prefit: ch1,ttH
>> Doing prefit: ch1,ttVV
>> Doing prefit: ch1,TotalBkg
>> Doing prefit: ch1,TotalSig
>> Doing prefit: ch1,TotalProcs
>> Doing prefit: ch2,Convs
>> Doing prefit: ch2,Rares
>> Doing prefit: ch2,TTW_njets_bin0
>> Doing prefit: ch2,TTW_njets_bin1
>> Doing prefit: ch2,TTW_njets_bin2
>> Doing prefit: ch2,TTW_ooa
>> Doing prefit: ch2,TTZ
>> Doing prefit: ch2,VVV
>> Doing prefit: ch2,WZ
>> Doing prefit: ch2,ZZ
>> Doing prefit: ch2,data_fakes
>> Doing prefit: ch2,data_flips
>> Doing prefit: ch2,tHW
>> Doing prefit: ch2,tHq
>> Doing prefit: ch2,tZq
>> Doing prefit: ch2,ttH
>> Doing prefit: ch2,ttVV
>> Doing prefit: ch2,TotalBkg
>> Doing prefit: ch2,TotalSig
>> Doing prefit: ch2,TotalProcs
>> Doing prefit: ch3,Convs
>> Doing prefit: ch3,Rares
>> Doing prefit: ch3,TTW_njets_bin0
>> Doing prefit: ch3,TTW_njets_bin1
>> Doing prefit: ch3,TTW_njets_bin2
>> Doing prefit: ch3,TTW_ooa
>> Doing prefit: ch3,TTZ
>> Doing prefit: ch3,VVV
>> Doing prefit: ch3,WZ
>> Doing prefit: ch3,ZZ
>> Doing prefit: ch3,data_fakes
>> Doing prefit: ch3,data_flips
>> Doing prefit: ch3,tHW
>> Doing prefit: ch3,tHq
>> Doing prefit: ch3,tZq
>> Doing prefit: ch3,ttH
>> Doing prefit: ch3,ttVV
>> Doing prefit: ch3,TotalBkg
>> Doing prefit: ch3,TotalSig
>> Doing prefit: ch3,TotalProcs
>> Doing prefit: ch4,Convs
>> Doing prefit: ch4,Rares
>> Doing prefit: ch4,TTW_njets_bin0
>> Doing prefit: ch4,TTW_njets_bin1
>> Doing prefit: ch4,TTW_njets_bin2
>> Doing prefit: ch4,TTW_ooa
>> Doing prefit: ch4,TTZ
>> Doing prefit: ch4,VVV
>> Doing prefit: ch4,WZ
>> Doing prefit: ch4,ZZ
>> Doing prefit: ch4,data_fakes
>> Doing prefit: ch4,data_flips
>> Doing prefit: ch4,tHW
>> Doing prefit: ch4,tHq
>> Doing prefit: ch4,tZq
>> Doing prefit: ch4,ttH
>> Doing prefit: ch4,ttVV
>> Doing prefit: ch4,TotalBkg
>> Doing prefit: ch4,TotalSig
>> Doing prefit: ch4,TotalProcs
Bin                       Total relative bkg uncert. (prefit)
----------------------------------------------------------
ch1                       0.13755   
ch2                       0.12827   
ch3                       0.11488   
ch4                       0.12899   
>> Doing postfit: TotalBkg
>> Doing postfit: TotalSig
>> Doing postfit: TotalProcs
>> Doing postfit: ch1,Convs
>> Doing postfit: ch1,Rares
>> Doing postfit: ch1,TTW_njets_bin0
>> Doing postfit: ch1,TTW_njets_bin1
>> Doing postfit: ch1,TTW_njets_bin2
>> Doing postfit: ch1,TTW_ooa
>> Doing postfit: ch1,TTZ
>> Doing postfit: ch1,VVV
>> Doing postfit: ch1,WZ
>> Doing postfit: ch1,ZZ
>> Doing postfit: ch1,data_fakes
>> Doing postfit: ch1,data_flips
>> Doing postfit: ch1,tHW
>> Doing postfit: ch1,tHq
>> Doing postfit: ch1,tZq
>> Doing postfit: ch1,ttH
>> Doing postfit: ch1,ttVV
>> Doing postfit: ch1,TotalBkg
>> Doing postfit: ch1,TotalSig
>> Doing postfit: ch1,TotalProcs
>> Doing postfit: ch2,Convs
>> Doing postfit: ch2,Rares
>> Doing postfit: ch2,TTW_njets_bin0
>> Doing postfit: ch2,TTW_njets_bin1
>> Doing postfit: ch2,TTW_njets_bin2
>> Doing postfit: ch2,TTW_ooa
>> Doing postfit: ch2,TTZ
>> Doing postfit: ch2,VVV
>> Doing postfit: ch2,WZ
>> Doing postfit: ch2,ZZ
>> Doing postfit: ch2,data_fakes
>> Doing postfit: ch2,data_flips
>> Doing postfit: ch2,tHW
>> Doing postfit: ch2,tHq
>> Doing postfit: ch2,tZq
>> Doing postfit: ch2,ttH
>> Doing postfit: ch2,ttVV
>> Doing postfit: ch2,TotalBkg
>> Doing postfit: ch2,TotalSig
>> Doing postfit: ch2,TotalProcs
>> Doing postfit: ch3,Convs
>> Doing postfit: ch3,Rares
>> Doing postfit: ch3,TTW_njets_bin0
>> Doing postfit: ch3,TTW_njets_bin1
>> Doing postfit: ch3,TTW_njets_bin2
>> Doing postfit: ch3,TTW_ooa
>> Doing postfit: ch3,TTZ
>> Doing postfit: ch3,VVV
>> Doing postfit: ch3,WZ
>> Doing postfit: ch3,ZZ
>> Doing postfit: ch3,data_fakes
>> Doing postfit: ch3,data_flips
>> Doing postfit: ch3,tHW
>> Doing postfit: ch3,tHq
>> Doing postfit: ch3,tZq
>> Doing postfit: ch3,ttH
>> Doing postfit: ch3,ttVV
>> Doing postfit: ch3,TotalBkg
>> Doing postfit: ch3,TotalSig
>> Doing postfit: ch3,TotalProcs
>> Doing postfit: ch4,Convs
>> Doing postfit: ch4,Rares
>> Doing postfit: ch4,TTW_njets_bin0
>> Doing postfit: ch4,TTW_njets_bin1
>> Doing postfit: ch4,TTW_njets_bin2
>> Doing postfit: ch4,TTW_ooa
>> Doing postfit: ch4,TTZ
>> Doing postfit: ch4,VVV
>> Doing postfit: ch4,WZ
>> Doing postfit: ch4,ZZ
>> Doing postfit: ch4,data_fakes
>> Doing postfit: ch4,data_flips
>> Doing postfit: ch4,tHW
>> Doing postfit: ch4,tHq
>> Doing postfit: ch4,tZq
>> Doing postfit: ch4,ttH
>> Doing postfit: ch4,ttVV
>> Doing postfit: ch4,TotalBkg
>> Doing postfit: ch4,TotalSig
>> Doing postfit: ch4,TotalProcs

Bin                       Total relative bkg uncert. (postfit)
----------------------------------------------------------
ch1                       0.09880   
ch2                       0.08989   
ch3                       0.07442   
ch4                       0.08605   

Bin                       Process              Scale factor
----------------------------------------------------------
ch1                       Convs                1.13418   
ch1                       Rares                1.19977   
ch1                       TTW_njets_bin0       1.31253   
ch1                       TTW_njets_bin1       1.11932   
ch1                       TTW_njets_bin2       1.23163   
ch1                       TTW_ooa              1.03271   
ch1                       TTZ                  1.19557   
ch1                       VVV                  1.27949   
ch1                       WZ                   0.83716   
ch1                       ZZ                   1.15308   
ch1                       data_fakes           1.23574   
ch1                       data_flips           0.92963   
ch1                       tHW                  1.01397   
ch1                       tHq                  1.02555   
ch1                       tZq                  1.09578   
ch1                       ttH                  1.01921   
ch1                       ttVV                 1.03048   
ch2                       Convs                1.03403   
ch2                       Rares                1.19543   
ch2                       TTW_njets_bin0       1.28019   
ch2                       TTW_njets_bin1       1.13086   
ch2                       TTW_njets_bin2       0.93869   
ch2                       TTW_ooa              1.01886   
ch2                       TTZ                  1.13343   
ch2                       VVV                  1.39015   
ch2                       WZ                   0.93164   
ch2                       ZZ                   1.30222   
ch2                       data_fakes           1.21231   
ch2                       data_flips           0.92940   
ch2                       tHW                  1.00376   
ch2                       tHq                  1.01327   
ch2                       tZq                  1.07646   
ch2                       ttH                  1.02499   
ch2                       ttVV                 1.01526   
ch3                       Convs                1.12249   
ch3                       Rares                1.18584   
ch3                       TTW_njets_bin0       1.36730   
ch3                       TTW_njets_bin1       1.18431   
ch3                       TTW_njets_bin2       1.34812   
ch3                       TTW_ooa              1.04142   
ch3                       TTZ                  1.21713   
ch3                       VVV                  1.24688   
ch3                       WZ                   0.83058   
ch3                       ZZ                   1.12884   
ch3                       data_fakes           1.19801   
ch3                       data_flips           0.92960   
ch3                       tHW                  1.03278   
ch3                       tHq                  1.03168   
ch3                       tZq                  1.09472   
ch3                       ttH                  1.05572   
ch3                       ttVV                 1.04586   
ch4                       Convs                0.98988   
ch4                       Rares                1.15211   
ch4                       TTW_njets_bin0       1.27623   
ch4                       TTW_njets_bin1       1.05593   
ch4                       TTW_njets_bin2       1.21680   
ch4                       TTW_ooa              1.02392   
ch4                       TTZ                  1.09212   
ch4                       VVV                  1.21017   
ch4                       WZ                   0.82035   
ch4                       ZZ                   1.11231   
ch4                       data_fakes           1.21610   
ch4                       data_flips           0.92941   
ch4                       tHW                  1.01593   
ch4                       tHq                  1.02210   
ch4                       tZq                  1.09063   
ch4                       ttH                  1.02820   
ch4                       ttVV                 1.01450   
