WARNING: the default behaviour of PostFitShapesFromWorkspace is to use the covariance matrix sampling method for the post-fit uncertainty. The option --sampling is deprecated and will be removed in future versions of CombineHarvester
[SetFlag] Changing value of flag "workspaces-use-clone" from 0 to 1
[#1] INFO:ObjectHandling -- RooWorkspace::import(w) importing dataset ch1
[#1] INFO:ObjectHandling -- RooWorkspace::import(w) importing dataset ch10
[#1] INFO:ObjectHandling -- RooWorkspace::import(w) importing dataset ch11
[#1] INFO:ObjectHandling -- RooWorkspace::import(w) importing dataset ch12
[#1] INFO:ObjectHandling -- RooWorkspace::import(w) importing dataset ch2
[#1] INFO:ObjectHandling -- RooWorkspace::import(w) importing dataset ch3
[#1] INFO:ObjectHandling -- RooWorkspace::import(w) importing dataset ch4
[#1] INFO:ObjectHandling -- RooWorkspace::import(w) importing dataset ch5
[#1] INFO:ObjectHandling -- RooWorkspace::import(w) importing dataset ch6
[#1] INFO:ObjectHandling -- RooWorkspace::import(w) importing dataset ch7
[#1] INFO:ObjectHandling -- RooWorkspace::import(w) importing dataset ch8
[#1] INFO:ObjectHandling -- RooWorkspace::import(w) importing dataset ch9
[SetFlag] Changing value of flag "workspaces-use-clone" from 0 to 1
>> Doing prefit: TotalBkg
>> Doing prefit: TotalSig
>> Doing prefit: TotalProcs
>> Doing prefit: ch1,Convs
>> Doing prefit: ch1,Rares
>> Doing prefit: ch1,TTW_lep2_eta_bin0
>> Doing prefit: ch1,TTW_lep2_eta_bin1
>> Doing prefit: ch1,TTW_lep2_eta_bin2
>> Doing prefit: ch1,TTW_lep2_eta_bin3
>> Doing prefit: ch1,TTW_ooa
>> Doing prefit: ch1,TTZ
>> Doing prefit: ch1,VVV
>> Doing prefit: ch1,WZ
>> Doing prefit: ch1,ZZ
>> Doing prefit: ch1,data_fakes
>> Doing prefit: ch1,data_flips
>> Doing prefit: ch1,tHW
>> Doing prefit: ch1,tHq
>> Doing prefit: ch1,tZq
>> Doing prefit: ch1,ttH
>> Doing prefit: ch1,ttVV
>> Doing prefit: ch1,TotalBkg
>> Doing prefit: ch1,TotalSig
>> Doing prefit: ch1,TotalProcs
>> Doing prefit: ch10,Convs
>> Doing prefit: ch10,Rares
>> Doing prefit: ch10,TTW_lep2_eta_bin0
>> Doing prefit: ch10,TTW_lep2_eta_bin1
>> Doing prefit: ch10,TTW_lep2_eta_bin2
>> Doing prefit: ch10,TTW_lep2_eta_bin3
>> Doing prefit: ch10,TTW_ooa
>> Doing prefit: ch10,TTZ
>> Doing prefit: ch10,VVV
>> Doing prefit: ch10,WZ
>> Doing prefit: ch10,ZZ
>> Doing prefit: ch10,data_fakes
>> Doing prefit: ch10,data_flips
>> Doing prefit: ch10,tHW
>> Doing prefit: ch10,tHq
>> Doing prefit: ch10,tZq
>> Doing prefit: ch10,ttH
>> Doing prefit: ch10,ttVV
>> Doing prefit: ch10,TotalBkg
>> Doing prefit: ch10,TotalSig
>> Doing prefit: ch10,TotalProcs
>> Doing prefit: ch11,Convs
>> Doing prefit: ch11,Rares
>> Doing prefit: ch11,TTW_lep2_eta_bin0
>> Doing prefit: ch11,TTW_lep2_eta_bin1
>> Doing prefit: ch11,TTW_lep2_eta_bin2
>> Doing prefit: ch11,TTW_lep2_eta_bin3
>> Doing prefit: ch11,TTW_ooa
>> Doing prefit: ch11,TTZ
>> Doing prefit: ch11,VVV
>> Doing prefit: ch11,WZ
>> Doing prefit: ch11,ZZ
>> Doing prefit: ch11,data_fakes
>> Doing prefit: ch11,data_flips
>> Doing prefit: ch11,tHW
>> Doing prefit: ch11,tHq
>> Doing prefit: ch11,tZq
>> Doing prefit: ch11,ttH
>> Doing prefit: ch11,ttVV
>> Doing prefit: ch11,TotalBkg
>> Doing prefit: ch11,TotalSig
>> Doing prefit: ch11,TotalProcs
>> Doing prefit: ch12,Rares
>> Doing prefit: ch12,TTW_lep2_eta_bin0
>> Doing prefit: ch12,TTW_lep2_eta_bin1
>> Doing prefit: ch12,TTW_lep2_eta_bin2
>> Doing prefit: ch12,TTW_lep2_eta_bin3
>> Doing prefit: ch12,TTW_ooa
>> Doing prefit: ch12,TTZ
>> Doing prefit: ch12,VVV
>> Doing prefit: ch12,WZ
>> Doing prefit: ch12,ZZ
>> Doing prefit: ch12,data_fakes
>> Doing prefit: ch12,tHW
>> Doing prefit: ch12,tHq
>> Doing prefit: ch12,tZq
>> Doing prefit: ch12,ttH
>> Doing prefit: ch12,ttVV
>> Doing prefit: ch12,TotalBkg
>> Doing prefit: ch12,TotalSig
>> Doing prefit: ch12,TotalProcs
>> Doing prefit: ch2,Convs
>> Doing prefit: ch2,Rares
>> Doing prefit: ch2,TTW_lep2_eta_bin0
>> Doing prefit: ch2,TTW_lep2_eta_bin1
>> Doing prefit: ch2,TTW_lep2_eta_bin2
>> Doing prefit: ch2,TTW_lep2_eta_bin3
>> Doing prefit: ch2,TTW_ooa
>> Doing prefit: ch2,TTZ
>> Doing prefit: ch2,VVV
>> Doing prefit: ch2,WZ
>> Doing prefit: ch2,ZZ
>> Doing prefit: ch2,data_fakes
>> Doing prefit: ch2,data_flips
>> Doing prefit: ch2,tHW
>> Doing prefit: ch2,tHq
>> Doing prefit: ch2,tZq
>> Doing prefit: ch2,ttH
>> Doing prefit: ch2,ttVV
>> Doing prefit: ch2,TotalBkg
>> Doing prefit: ch2,TotalSig
>> Doing prefit: ch2,TotalProcs
>> Doing prefit: ch3,Rares
>> Doing prefit: ch3,TTW_lep2_eta_bin0
>> Doing prefit: ch3,TTW_lep2_eta_bin1
>> Doing prefit: ch3,TTW_lep2_eta_bin2
>> Doing prefit: ch3,TTW_lep2_eta_bin3
>> Doing prefit: ch3,TTW_ooa
>> Doing prefit: ch3,TTZ
>> Doing prefit: ch3,VVV
>> Doing prefit: ch3,WZ
>> Doing prefit: ch3,ZZ
>> Doing prefit: ch3,data_fakes
>> Doing prefit: ch3,tHW
>> Doing prefit: ch3,tHq
>> Doing prefit: ch3,tZq
>> Doing prefit: ch3,ttH
>> Doing prefit: ch3,ttVV
>> Doing prefit: ch3,TotalBkg
>> Doing prefit: ch3,TotalSig
>> Doing prefit: ch3,TotalProcs
>> Doing prefit: ch4,Convs
>> Doing prefit: ch4,Rares
>> Doing prefit: ch4,TTW_lep2_eta_bin0
>> Doing prefit: ch4,TTW_lep2_eta_bin1
>> Doing prefit: ch4,TTW_lep2_eta_bin2
>> Doing prefit: ch4,TTW_lep2_eta_bin3
>> Doing prefit: ch4,TTW_ooa
>> Doing prefit: ch4,TTZ
>> Doing prefit: ch4,VVV
>> Doing prefit: ch4,WZ
>> Doing prefit: ch4,ZZ
>> Doing prefit: ch4,data_fakes
>> Doing prefit: ch4,data_flips
>> Doing prefit: ch4,tHW
>> Doing prefit: ch4,tHq
>> Doing prefit: ch4,tZq
>> Doing prefit: ch4,ttH
>> Doing prefit: ch4,ttVV
>> Doing prefit: ch4,TotalBkg
>> Doing prefit: ch4,TotalSig
>> Doing prefit: ch4,TotalProcs
>> Doing prefit: ch5,Convs
>> Doing prefit: ch5,Rares
>> Doing prefit: ch5,TTW_lep2_eta_bin0
>> Doing prefit: ch5,TTW_lep2_eta_bin1
>> Doing prefit: ch5,TTW_lep2_eta_bin2
>> Doing prefit: ch5,TTW_lep2_eta_bin3
>> Doing prefit: ch5,TTW_ooa
>> Doing prefit: ch5,TTZ
>> Doing prefit: ch5,VVV
>> Doing prefit: ch5,WZ
>> Doing prefit: ch5,ZZ
>> Doing prefit: ch5,data_fakes
>> Doing prefit: ch5,data_flips
>> Doing prefit: ch5,tHW
>> Doing prefit: ch5,tHq
>> Doing prefit: ch5,tZq
>> Doing prefit: ch5,ttH
>> Doing prefit: ch5,ttVV
>> Doing prefit: ch5,TotalBkg
>> Doing prefit: ch5,TotalSig
>> Doing prefit: ch5,TotalProcs
>> Doing prefit: ch6,Rares
>> Doing prefit: ch6,TTW_lep2_eta_bin0
>> Doing prefit: ch6,TTW_lep2_eta_bin1
>> Doing prefit: ch6,TTW_lep2_eta_bin2
>> Doing prefit: ch6,TTW_lep2_eta_bin3
>> Doing prefit: ch6,TTW_ooa
>> Doing prefit: ch6,TTZ
>> Doing prefit: ch6,VVV
>> Doing prefit: ch6,WZ
>> Doing prefit: ch6,ZZ
>> Doing prefit: ch6,data_fakes
>> Doing prefit: ch6,tHW
>> Doing prefit: ch6,tHq
>> Doing prefit: ch6,tZq
>> Doing prefit: ch6,ttH
>> Doing prefit: ch6,ttVV
>> Doing prefit: ch6,TotalBkg
>> Doing prefit: ch6,TotalSig
>> Doing prefit: ch6,TotalProcs
>> Doing prefit: ch7,Convs
>> Doing prefit: ch7,Rares
>> Doing prefit: ch7,TTW_lep2_eta_bin0
>> Doing prefit: ch7,TTW_lep2_eta_bin1
>> Doing prefit: ch7,TTW_lep2_eta_bin2
>> Doing prefit: ch7,TTW_lep2_eta_bin3
>> Doing prefit: ch7,TTW_ooa
>> Doing prefit: ch7,TTZ
>> Doing prefit: ch7,VVV
>> Doing prefit: ch7,WZ
>> Doing prefit: ch7,ZZ
>> Doing prefit: ch7,data_fakes
>> Doing prefit: ch7,data_flips
>> Doing prefit: ch7,tHW
>> Doing prefit: ch7,tHq
>> Doing prefit: ch7,tZq
>> Doing prefit: ch7,ttH
>> Doing prefit: ch7,ttVV
>> Doing prefit: ch7,TotalBkg
>> Doing prefit: ch7,TotalSig
>> Doing prefit: ch7,TotalProcs
>> Doing prefit: ch8,Convs
>> Doing prefit: ch8,Rares
>> Doing prefit: ch8,TTW_lep2_eta_bin0
>> Doing prefit: ch8,TTW_lep2_eta_bin1
>> Doing prefit: ch8,TTW_lep2_eta_bin2
>> Doing prefit: ch8,TTW_lep2_eta_bin3
>> Doing prefit: ch8,TTW_ooa
>> Doing prefit: ch8,TTZ
>> Doing prefit: ch8,VVV
>> Doing prefit: ch8,WZ
>> Doing prefit: ch8,ZZ
>> Doing prefit: ch8,data_fakes
>> Doing prefit: ch8,data_flips
>> Doing prefit: ch8,tHW
>> Doing prefit: ch8,tHq
>> Doing prefit: ch8,tZq
>> Doing prefit: ch8,ttH
>> Doing prefit: ch8,ttVV
>> Doing prefit: ch8,TotalBkg
>> Doing prefit: ch8,TotalSig
>> Doing prefit: ch8,TotalProcs
>> Doing prefit: ch9,Rares
>> Doing prefit: ch9,TTW_lep2_eta_bin0
>> Doing prefit: ch9,TTW_lep2_eta_bin1
>> Doing prefit: ch9,TTW_lep2_eta_bin2
>> Doing prefit: ch9,TTW_lep2_eta_bin3
>> Doing prefit: ch9,TTW_ooa
>> Doing prefit: ch9,TTZ
>> Doing prefit: ch9,VVV
>> Doing prefit: ch9,WZ
>> Doing prefit: ch9,ZZ
>> Doing prefit: ch9,data_fakes
>> Doing prefit: ch9,tHW
>> Doing prefit: ch9,tHq
>> Doing prefit: ch9,tZq
>> Doing prefit: ch9,ttH
>> Doing prefit: ch9,ttVV
>> Doing prefit: ch9,TotalBkg
>> Doing prefit: ch9,TotalSig
>> Doing prefit: ch9,TotalProcs
Bin                       Total relative bkg uncert. (prefit)
----------------------------------------------------------
ch1                       0.14947   
ch10                      0.15017   
ch11                      0.11711   
ch12                      0.12263   
ch2                       0.10934   
ch3                       0.14123   
ch4                       0.13052   
ch5                       0.11915   
ch6                       0.20800   
ch7                       0.14556   
ch8                       0.12524   
ch9                       0.17522   
>> Doing postfit: TotalBkg
>> Doing postfit: TotalSig
>> Doing postfit: TotalProcs
>> Doing postfit: ch1,Convs
>> Doing postfit: ch1,Rares
>> Doing postfit: ch1,TTW_lep2_eta_bin0
>> Doing postfit: ch1,TTW_lep2_eta_bin1
>> Doing postfit: ch1,TTW_lep2_eta_bin2
>> Doing postfit: ch1,TTW_lep2_eta_bin3
>> Doing postfit: ch1,TTW_ooa
>> Doing postfit: ch1,TTZ
>> Doing postfit: ch1,VVV
>> Doing postfit: ch1,WZ
>> Doing postfit: ch1,ZZ
>> Doing postfit: ch1,data_fakes
>> Doing postfit: ch1,data_flips
>> Doing postfit: ch1,tHW
>> Doing postfit: ch1,tHq
>> Doing postfit: ch1,tZq
>> Doing postfit: ch1,ttH
>> Doing postfit: ch1,ttVV
>> Doing postfit: ch1,TotalBkg
>> Doing postfit: ch1,TotalSig
>> Doing postfit: ch1,TotalProcs
>> Doing postfit: ch10,Convs
>> Doing postfit: ch10,Rares
>> Doing postfit: ch10,TTW_lep2_eta_bin0
>> Doing postfit: ch10,TTW_lep2_eta_bin1
>> Doing postfit: ch10,TTW_lep2_eta_bin2
>> Doing postfit: ch10,TTW_lep2_eta_bin3
>> Doing postfit: ch10,TTW_ooa
>> Doing postfit: ch10,TTZ
>> Doing postfit: ch10,VVV
>> Doing postfit: ch10,WZ
>> Doing postfit: ch10,ZZ
>> Doing postfit: ch10,data_fakes
>> Doing postfit: ch10,data_flips
>> Doing postfit: ch10,tHW
>> Doing postfit: ch10,tHq
>> Doing postfit: ch10,tZq
>> Doing postfit: ch10,ttH
>> Doing postfit: ch10,ttVV
>> Doing postfit: ch10,TotalBkg
>> Doing postfit: ch10,TotalSig
>> Doing postfit: ch10,TotalProcs
>> Doing postfit: ch11,Convs
>> Doing postfit: ch11,Rares
>> Doing postfit: ch11,TTW_lep2_eta_bin0
>> Doing postfit: ch11,TTW_lep2_eta_bin1
>> Doing postfit: ch11,TTW_lep2_eta_bin2
>> Doing postfit: ch11,TTW_lep2_eta_bin3
>> Doing postfit: ch11,TTW_ooa
>> Doing postfit: ch11,TTZ
>> Doing postfit: ch11,VVV
>> Doing postfit: ch11,WZ
>> Doing postfit: ch11,ZZ
>> Doing postfit: ch11,data_fakes
>> Doing postfit: ch11,data_flips
>> Doing postfit: ch11,tHW
>> Doing postfit: ch11,tHq
>> Doing postfit: ch11,tZq
>> Doing postfit: ch11,ttH
>> Doing postfit: ch11,ttVV
>> Doing postfit: ch11,TotalBkg
>> Doing postfit: ch11,TotalSig
>> Doing postfit: ch11,TotalProcs
>> Doing postfit: ch12,Rares
>> Doing postfit: ch12,TTW_lep2_eta_bin0
>> Doing postfit: ch12,TTW_lep2_eta_bin1
>> Doing postfit: ch12,TTW_lep2_eta_bin2
>> Doing postfit: ch12,TTW_lep2_eta_bin3
>> Doing postfit: ch12,TTW_ooa
>> Doing postfit: ch12,TTZ
>> Doing postfit: ch12,VVV
>> Doing postfit: ch12,WZ
>> Doing postfit: ch12,ZZ
>> Doing postfit: ch12,data_fakes
>> Doing postfit: ch12,tHW
>> Doing postfit: ch12,tHq
>> Doing postfit: ch12,tZq
>> Doing postfit: ch12,ttH
>> Doing postfit: ch12,ttVV
>> Doing postfit: ch12,TotalBkg
>> Doing postfit: ch12,TotalSig
>> Doing postfit: ch12,TotalProcs
>> Doing postfit: ch2,Convs
>> Doing postfit: ch2,Rares
>> Doing postfit: ch2,TTW_lep2_eta_bin0
>> Doing postfit: ch2,TTW_lep2_eta_bin1
>> Doing postfit: ch2,TTW_lep2_eta_bin2
>> Doing postfit: ch2,TTW_lep2_eta_bin3
>> Doing postfit: ch2,TTW_ooa
>> Doing postfit: ch2,TTZ
>> Doing postfit: ch2,VVV
>> Doing postfit: ch2,WZ
>> Doing postfit: ch2,ZZ
>> Doing postfit: ch2,data_fakes
>> Doing postfit: ch2,data_flips
>> Doing postfit: ch2,tHW
>> Doing postfit: ch2,tHq
>> Doing postfit: ch2,tZq
>> Doing postfit: ch2,ttH
>> Doing postfit: ch2,ttVV
>> Doing postfit: ch2,TotalBkg
>> Doing postfit: ch2,TotalSig
>> Doing postfit: ch2,TotalProcs
>> Doing postfit: ch3,Rares
>> Doing postfit: ch3,TTW_lep2_eta_bin0
>> Doing postfit: ch3,TTW_lep2_eta_bin1
>> Doing postfit: ch3,TTW_lep2_eta_bin2
>> Doing postfit: ch3,TTW_lep2_eta_bin3
>> Doing postfit: ch3,TTW_ooa
>> Doing postfit: ch3,TTZ
>> Doing postfit: ch3,VVV
>> Doing postfit: ch3,WZ
>> Doing postfit: ch3,ZZ
>> Doing postfit: ch3,data_fakes
>> Doing postfit: ch3,tHW
>> Doing postfit: ch3,tHq
>> Doing postfit: ch3,tZq
>> Doing postfit: ch3,ttH
>> Doing postfit: ch3,ttVV
>> Doing postfit: ch3,TotalBkg
>> Doing postfit: ch3,TotalSig
>> Doing postfit: ch3,TotalProcs
>> Doing postfit: ch4,Convs
>> Doing postfit: ch4,Rares
>> Doing postfit: ch4,TTW_lep2_eta_bin0
>> Doing postfit: ch4,TTW_lep2_eta_bin1
>> Doing postfit: ch4,TTW_lep2_eta_bin2
>> Doing postfit: ch4,TTW_lep2_eta_bin3
>> Doing postfit: ch4,TTW_ooa
>> Doing postfit: ch4,TTZ
>> Doing postfit: ch4,VVV
>> Doing postfit: ch4,WZ
>> Doing postfit: ch4,ZZ
>> Doing postfit: ch4,data_fakes
>> Doing postfit: ch4,data_flips
>> Doing postfit: ch4,tHW
>> Doing postfit: ch4,tHq
>> Doing postfit: ch4,tZq
>> Doing postfit: ch4,ttH
>> Doing postfit: ch4,ttVV
>> Doing postfit: ch4,TotalBkg
>> Doing postfit: ch4,TotalSig
>> Doing postfit: ch4,TotalProcs
>> Doing postfit: ch5,Convs
>> Doing postfit: ch5,Rares
>> Doing postfit: ch5,TTW_lep2_eta_bin0
>> Doing postfit: ch5,TTW_lep2_eta_bin1
>> Doing postfit: ch5,TTW_lep2_eta_bin2
>> Doing postfit: ch5,TTW_lep2_eta_bin3
>> Doing postfit: ch5,TTW_ooa
>> Doing postfit: ch5,TTZ
>> Doing postfit: ch5,VVV
>> Doing postfit: ch5,WZ
>> Doing postfit: ch5,ZZ
>> Doing postfit: ch5,data_fakes
>> Doing postfit: ch5,data_flips
>> Doing postfit: ch5,tHW
>> Doing postfit: ch5,tHq
>> Doing postfit: ch5,tZq
>> Doing postfit: ch5,ttH
>> Doing postfit: ch5,ttVV
>> Doing postfit: ch5,TotalBkg
>> Doing postfit: ch5,TotalSig
>> Doing postfit: ch5,TotalProcs
>> Doing postfit: ch6,Rares
>> Doing postfit: ch6,TTW_lep2_eta_bin0
>> Doing postfit: ch6,TTW_lep2_eta_bin1
>> Doing postfit: ch6,TTW_lep2_eta_bin2
>> Doing postfit: ch6,TTW_lep2_eta_bin3
>> Doing postfit: ch6,TTW_ooa
>> Doing postfit: ch6,TTZ
>> Doing postfit: ch6,VVV
>> Doing postfit: ch6,WZ
>> Doing postfit: ch6,ZZ
>> Doing postfit: ch6,data_fakes
>> Doing postfit: ch6,tHW
>> Doing postfit: ch6,tHq
>> Doing postfit: ch6,tZq
>> Doing postfit: ch6,ttH
>> Doing postfit: ch6,ttVV
>> Doing postfit: ch6,TotalBkg
>> Doing postfit: ch6,TotalSig
>> Doing postfit: ch6,TotalProcs
>> Doing postfit: ch7,Convs
>> Doing postfit: ch7,Rares
>> Doing postfit: ch7,TTW_lep2_eta_bin0
>> Doing postfit: ch7,TTW_lep2_eta_bin1
>> Doing postfit: ch7,TTW_lep2_eta_bin2
>> Doing postfit: ch7,TTW_lep2_eta_bin3
>> Doing postfit: ch7,TTW_ooa
>> Doing postfit: ch7,TTZ
>> Doing postfit: ch7,VVV
>> Doing postfit: ch7,WZ
>> Doing postfit: ch7,ZZ
>> Doing postfit: ch7,data_fakes
>> Doing postfit: ch7,data_flips
>> Doing postfit: ch7,tHW
>> Doing postfit: ch7,tHq
>> Doing postfit: ch7,tZq
>> Doing postfit: ch7,ttH
>> Doing postfit: ch7,ttVV
>> Doing postfit: ch7,TotalBkg
>> Doing postfit: ch7,TotalSig
>> Doing postfit: ch7,TotalProcs
>> Doing postfit: ch8,Convs
>> Doing postfit: ch8,Rares
>> Doing postfit: ch8,TTW_lep2_eta_bin0
>> Doing postfit: ch8,TTW_lep2_eta_bin1
>> Doing postfit: ch8,TTW_lep2_eta_bin2
>> Doing postfit: ch8,TTW_lep2_eta_bin3
>> Doing postfit: ch8,TTW_ooa
>> Doing postfit: ch8,TTZ
>> Doing postfit: ch8,VVV
>> Doing postfit: ch8,WZ
>> Doing postfit: ch8,ZZ
>> Doing postfit: ch8,data_fakes
>> Doing postfit: ch8,data_flips
>> Doing postfit: ch8,tHW
>> Doing postfit: ch8,tHq
>> Doing postfit: ch8,tZq
>> Doing postfit: ch8,ttH
>> Doing postfit: ch8,ttVV
>> Doing postfit: ch8,TotalBkg
>> Doing postfit: ch8,TotalSig
>> Doing postfit: ch8,TotalProcs
>> Doing postfit: ch9,Rares
>> Doing postfit: ch9,TTW_lep2_eta_bin0
>> Doing postfit: ch9,TTW_lep2_eta_bin1
>> Doing postfit: ch9,TTW_lep2_eta_bin2
>> Doing postfit: ch9,TTW_lep2_eta_bin3
>> Doing postfit: ch9,TTW_ooa
>> Doing postfit: ch9,TTZ
>> Doing postfit: ch9,VVV
>> Doing postfit: ch9,WZ
>> Doing postfit: ch9,ZZ
>> Doing postfit: ch9,data_fakes
>> Doing postfit: ch9,tHW
>> Doing postfit: ch9,tHq
>> Doing postfit: ch9,tZq
>> Doing postfit: ch9,ttH
>> Doing postfit: ch9,ttVV
>> Doing postfit: ch9,TotalBkg
>> Doing postfit: ch9,TotalSig
>> Doing postfit: ch9,TotalProcs

Bin                       Total relative bkg uncert. (postfit)
----------------------------------------------------------
ch1                       0.10548   
ch10                      0.09818   
ch11                      0.07750   
ch12                      0.07504   
ch2                       0.08455   
ch3                       0.09364   
ch4                       0.09483   
ch5                       0.08424   
ch6                       0.11902   
ch7                       0.08986   
ch8                       0.08636   
ch9                       0.10532   

Bin                       Process              Scale factor
----------------------------------------------------------
ch1                       Convs                1.36364   
ch1                       Rares                1.64314   
ch1                       TTW_lep2_eta_bin0    1.16954   
ch1                       TTW_lep2_eta_bin1    1.52230   
ch1                       TTW_lep2_eta_bin2    1.44378   
ch1                       TTW_lep2_eta_bin3    1.47525   
ch1                       TTW_ooa              1.08293   
ch1                       TTZ                  1.13932   
ch1                       VVV                  1.24510   
ch1                       WZ                   0.91215   
ch1                       ZZ                   1.32242   
ch1                       data_fakes           1.11079   
ch1                       data_flips           1.02685   
ch1                       tHW                  1.05281   
ch1                       tHq                  1.04126   
ch1                       tZq                  1.08853   
ch1                       ttH                  1.06820   
ch1                       ttVV                 1.06240   
ch10                      Convs                1.44737   
ch10                      Rares                1.63678   
ch10                      TTW_lep2_eta_bin0    1.15423   
ch10                      TTW_lep2_eta_bin1    1.47368   
ch10                      TTW_lep2_eta_bin2    1.44483   
ch10                      TTW_lep2_eta_bin3    1.44495   
ch10                      TTW_ooa              1.00424   
ch10                      TTZ                  1.13160   
ch10                      VVV                  1.23861   
ch10                      WZ                   0.97574   
ch10                      ZZ                   1.15825   
ch10                      data_fakes           1.19303   
ch10                      data_flips           1.02678   
ch10                      tHW                  1.04326   
ch10                      tHq                  1.01340   
ch10                      tZq                  1.08698   
ch10                      ttH                  1.03102   
ch10                      ttVV                 1.04253   
ch11                      Convs                1.39079   
ch11                      Rares                1.62372   
ch11                      TTW_lep2_eta_bin0    1.12911   
ch11                      TTW_lep2_eta_bin1    1.44333   
ch11                      TTW_lep2_eta_bin2    1.39149   
ch11                      TTW_lep2_eta_bin3    1.39804   
ch11                      TTW_ooa              0.98697   
ch11                      TTZ                  1.13822   
ch11                      VVV                  1.21868   
ch11                      WZ                   0.96731   
ch11                      ZZ                   1.19361   
ch11                      data_fakes           1.07240   
ch11                      data_flips           1.02656   
ch11                      tHW                  1.01167   
ch11                      tHq                  0.98859   
ch11                      tZq                  1.04884   
ch11                      ttH                  1.01273   
ch11                      ttVV                 1.01345   
ch12                      Rares                1.40649   
ch12                      TTW_lep2_eta_bin0    1.09520   
ch12                      TTW_lep2_eta_bin1    1.42042   
ch12                      TTW_lep2_eta_bin2    1.36553   
ch12                      TTW_lep2_eta_bin3    1.36242   
ch12                      TTW_ooa              0.95317   
ch12                      TTZ                  1.02309   
ch12                      VVV                  1.17043   
ch12                      WZ                   0.97167   
ch12                      ZZ                   0.88448   
ch12                      data_fakes           0.98649   
ch12                      tHW                  0.98472   
ch12                      tHq                  0.96165   
ch12                      tZq                  1.04423   
ch12                      ttH                  0.99074   
ch12                      ttVV                 0.98539   
ch2                       Convs                1.20346   
ch2                       Rares                1.38070   
ch2                       TTW_lep2_eta_bin0    1.14169   
ch2                       TTW_lep2_eta_bin1    1.45887   
ch2                       TTW_lep2_eta_bin2    1.41085   
ch2                       TTW_lep2_eta_bin3    1.43131   
ch2                       TTW_ooa              1.02810   
ch2                       TTZ                  1.12982   
ch2                       VVV                  1.25148   
ch2                       WZ                   0.97563   
ch2                       ZZ                   1.21406   
ch2                       data_fakes           1.08440   
ch2                       data_flips           1.02686   
ch2                       tHW                  1.01080   
ch2                       tHq                  1.01937   
ch2                       tZq                  1.06603   
ch2                       ttH                  1.02237   
ch2                       ttVV                 1.02154   
ch3                       Rares                1.51883   
ch3                       TTW_lep2_eta_bin0    1.10864   
ch3                       TTW_lep2_eta_bin1    1.41535   
ch3                       TTW_lep2_eta_bin2    1.36890   
ch3                       TTW_lep2_eta_bin3    1.36065   
ch3                       TTW_ooa              0.98629   
ch3                       TTZ                  1.08601   
ch3                       VVV                  1.20880   
ch3                       WZ                   0.94571   
ch3                       ZZ                   1.40197   
ch3                       data_fakes           0.98006   
ch3                       tHW                  0.97227   
ch3                       tHq                  0.98748   
ch3                       tZq                  1.00526   
ch3                       ttH                  1.00038   
ch3                       ttVV                 0.98447   
ch4                       Convs                1.33338   
ch4                       Rares                1.65128   
ch4                       TTW_lep2_eta_bin0    1.18499   
ch4                       TTW_lep2_eta_bin1    1.50922   
ch4                       TTW_lep2_eta_bin2    1.47049   
ch4                       TTW_lep2_eta_bin3    1.44973   
ch4                       TTW_ooa              1.08185   
ch4                       TTZ                  1.23883   
ch4                       VVV                  1.39677   
ch4                       WZ                   1.29526   
ch4                       ZZ                   1.38851   
ch4                       data_fakes           1.14828   
ch4                       data_flips           1.02650   
ch4                       tHW                  1.07132   
ch4                       tHq                  1.05788   
ch4                       tZq                  1.27026   
ch4                       ttH                  1.06307   
ch4                       ttVV                 1.05734   
ch5                       Convs                1.41188   
ch5                       Rares                1.60975   
ch5                       TTW_lep2_eta_bin0    1.15417   
ch5                       TTW_lep2_eta_bin1    1.48621   
ch5                       TTW_lep2_eta_bin2    1.43635   
ch5                       TTW_lep2_eta_bin3    1.42488   
ch5                       TTW_ooa              1.06601   
ch5                       TTZ                  1.16209   
ch5                       VVV                  1.35756   
ch5                       WZ                   1.37871   
ch5                       ZZ                   1.44104   
ch5                       data_fakes           1.08919   
ch5                       data_flips           1.02686   
ch5                       tHW                  1.03872   
ch5                       tHq                  1.06070   
ch5                       tZq                  1.14959   
ch5                       ttH                  1.03607   
ch5                       ttVV                 1.03193   
ch6                       Rares                1.58615   
ch6                       TTW_lep2_eta_bin0    1.12152   
ch6                       TTW_lep2_eta_bin1    1.44316   
ch6                       TTW_lep2_eta_bin2    1.40157   
ch6                       TTW_lep2_eta_bin3    1.38536   
ch6                       TTW_ooa              1.04000   
ch6                       TTZ                  1.11057   
ch6                       VVV                  1.33185   
ch6                       WZ                   1.23945   
ch6                       ZZ                   1.48892   
ch6                       data_fakes           1.04375   
ch6                       tHW                  1.01837   
ch6                       tHq                  1.01491   
ch6                       tZq                  1.20060   
ch6                       ttH                  1.02135   
ch6                       ttVV                 1.01114   
ch7                       Convs                1.30109   
ch7                       Rares                1.74026   
ch7                       TTW_lep2_eta_bin0    1.16575   
ch7                       TTW_lep2_eta_bin1    1.50325   
ch7                       TTW_lep2_eta_bin2    1.46574   
ch7                       TTW_lep2_eta_bin3    1.46537   
ch7                       TTW_ooa              1.07460   
ch7                       TTZ                  1.11500   
ch7                       VVV                  1.18158   
ch7                       WZ                   0.99152   
ch7                       ZZ                   1.40262   
ch7                       data_fakes           1.17752   
ch7                       data_flips           1.02636   
ch7                       tHW                  1.02909   
ch7                       tHq                  1.05662   
ch7                       tZq                  1.11385   
ch7                       ttH                  1.05674   
ch7                       ttVV                 1.04819   
ch8                       Convs                1.35508   
ch8                       Rares                1.60669   
ch8                       TTW_lep2_eta_bin0    1.14486   
ch8                       TTW_lep2_eta_bin1    1.46685   
ch8                       TTW_lep2_eta_bin2    1.42250   
ch8                       TTW_lep2_eta_bin3    1.42820   
ch8                       TTW_ooa              1.03925   
ch8                       TTZ                  1.09034   
ch8                       VVV                  1.14379   
ch8                       WZ                   0.99023   
ch8                       ZZ                   1.46821   
ch8                       data_fakes           1.06195   
ch8                       data_flips           1.02645   
ch8                       tHW                  1.01747   
ch8                       tHq                  1.01664   
ch8                       tZq                  1.09325   
ch8                       ttH                  1.03465   
ch8                       ttVV                 1.02697   
ch9                       Rares                1.55329   
ch9                       TTW_lep2_eta_bin0    1.12251   
ch9                       TTW_lep2_eta_bin1    1.42538   
ch9                       TTW_lep2_eta_bin2    1.38396   
ch9                       TTW_lep2_eta_bin3    1.37287   
ch9                       TTW_ooa              0.99673   
ch9                       TTZ                  1.08334   
ch9                       VVV                  1.14485   
ch9                       WZ                   0.97893   
ch9                       ZZ                   1.47311   
ch9                       data_fakes           1.02124   
ch9                       tHW                  0.98967   
ch9                       tHq                  1.03964   
ch9                       tZq                  1.04517   
ch9                       ttH                  1.00497   
ch9                       ttVV                 0.99980   
