WARNING: the default behaviour of PostFitShapesFromWorkspace is to use the covariance matrix sampling method for the post-fit uncertainty. The option --sampling is deprecated and will be removed in future versions of CombineHarvester
[SetFlag] Changing value of flag "workspaces-use-clone" from 0 to 1
[#1] INFO:ObjectHandling -- RooWorkspace::import(w) importing dataset ch1
[#1] INFO:ObjectHandling -- RooWorkspace::import(w) importing dataset ch2
[SetFlag] Changing value of flag "workspaces-use-clone" from 0 to 1
[#1] INFO:ObjectHandling -- RooWorkspace::import(_rateParams) importing RooRealVar::rate_Multiboson
[#1] INFO:ObjectHandling -- RooWorkspace::import(_rateParams) importing RooRealVar::rate_ZZ
[#1] INFO:ObjectHandling -- RooWorkspace::import(_rateParams) importing RooRealVar::rate_WZ
[#1] INFO:ObjectHandling -- RooWorkspace::import(_rateParams) importing RooRealVar::rate_TTZ
>> Doing prefit: TotalBkg
>> Doing prefit: TotalSig
>> Doing prefit: TotalProcs
>> Doing prefit: ch1,Chargeflips
>> Doing prefit: ch1,Multiboson
>> Doing prefit: ch1,NonpromptE
>> Doing prefit: ch1,NonpromptMu
>> Doing prefit: ch1,TTG
>> Doing prefit: ch1,TTH
>> Doing prefit: ch1,TTW0
>> Doing prefit: ch1,TTW1leptonPtSum
>> Doing prefit: ch1,TTW2leptonPtSum
>> Doing prefit: ch1,TTW3leptonPtSum
>> Doing prefit: ch1,TTW4leptonPtSum
>> Doing prefit: ch1,TTX
>> Doing prefit: ch1,TTZ
>> Doing prefit: ch1,TX
>> Doing prefit: ch1,WZ
>> Doing prefit: ch1,ZG
>> Doing prefit: ch1,ZZ
>> Doing prefit: ch1,TotalBkg
>> Doing prefit: ch1,TotalSig
>> Doing prefit: ch1,TotalProcs
>> Doing prefit: ch2,Chargeflips
>> Doing prefit: ch2,Multiboson
>> Doing prefit: ch2,NonpromptE
>> Doing prefit: ch2,NonpromptMu
>> Doing prefit: ch2,TTG
>> Doing prefit: ch2,TTH
>> Doing prefit: ch2,TTW0
>> Doing prefit: ch2,TTW1eventBDTleptonPtSum
>> Doing prefit: ch2,TTW2eventBDTleptonPtSum
>> Doing prefit: ch2,TTW3eventBDTleptonPtSum
>> Doing prefit: ch2,TTW4eventBDTleptonPtSum
>> Doing prefit: ch2,TTX
>> Doing prefit: ch2,TTZ
>> Doing prefit: ch2,TX
>> Doing prefit: ch2,WZ
>> Doing prefit: ch2,ZG
>> Doing prefit: ch2,ZZ
>> Doing prefit: ch2,TotalBkg
>> Doing prefit: ch2,TotalSig
>> Doing prefit: ch2,TotalProcs
Bin                       Total relative bkg uncert. (prefit)
----------------------------------------------------------
ch1                       0.11325   
ch2                       0.13088   
>> Doing postfit: TotalBkg
>> Doing postfit: TotalSig
>> Doing postfit: TotalProcs
>> Doing postfit: ch1,Chargeflips
>> Doing postfit: ch1,Multiboson
>> Doing postfit: ch1,NonpromptE
>> Doing postfit: ch1,NonpromptMu
>> Doing postfit: ch1,TTG
>> Doing postfit: ch1,TTH
>> Doing postfit: ch1,TTW0
>> Doing postfit: ch1,TTW1leptonPtSum
>> Doing postfit: ch1,TTW2leptonPtSum
>> Doing postfit: ch1,TTW3leptonPtSum
>> Doing postfit: ch1,TTW4leptonPtSum
>> Doing postfit: ch1,TTX
>> Doing postfit: ch1,TTZ
>> Doing postfit: ch1,TX
>> Doing postfit: ch1,WZ
>> Doing postfit: ch1,ZG
>> Doing postfit: ch1,ZZ
>> Doing postfit: ch1,TotalBkg
>> Doing postfit: ch1,TotalSig
>> Doing postfit: ch1,TotalProcs
>> Doing postfit: ch2,Chargeflips
>> Doing postfit: ch2,Multiboson
>> Doing postfit: ch2,NonpromptE
>> Doing postfit: ch2,NonpromptMu
>> Doing postfit: ch2,TTG
>> Doing postfit: ch2,TTH
>> Doing postfit: ch2,TTW0
>> Doing postfit: ch2,TTW1eventBDTleptonPtSum
>> Doing postfit: ch2,TTW2eventBDTleptonPtSum
>> Doing postfit: ch2,TTW3eventBDTleptonPtSum
>> Doing postfit: ch2,TTW4eventBDTleptonPtSum
>> Doing postfit: ch2,TTX
>> Doing postfit: ch2,TTZ
>> Doing postfit: ch2,TX
>> Doing postfit: ch2,WZ
>> Doing postfit: ch2,ZG
>> Doing postfit: ch2,ZZ
>> Doing postfit: ch2,TotalBkg
>> Doing postfit: ch2,TotalSig
>> Doing postfit: ch2,TotalProcs

Bin                       Total relative bkg uncert. (postfit)
----------------------------------------------------------
ch1                       0.01984   
ch2                       0.02925   

Bin                       Process              Scale factor
----------------------------------------------------------
ch1                       Chargeflips          0.97212   
ch1                       Multiboson           1.68845   
ch1                       NonpromptE           0.84698   
ch1                       NonpromptMu          0.87938   
ch1                       TTG                  1.09626   
ch1                       TTH                  1.02763   
ch1                       TTW0                 1.02539   
ch1                       TTW1leptonPtSum      1.29435   
ch1                       TTW2leptonPtSum      1.35996   
ch1                       TTW3leptonPtSum      1.47654   
ch1                       TTW4leptonPtSum      1.07528   
ch1                       TTX                  1.14119   
ch1                       TTZ                  1.08268   
ch1                       TX                   1.43344   
ch1                       WZ                   0.95422   
ch1                       ZG                   1.36223   
ch1                       ZZ                   1.27671   
ch2                       Chargeflips          0.88813   
ch2                       Multiboson           1.69437   
ch2                       NonpromptE           0.84701   
ch2                       NonpromptMu          0.87940   
ch2                       TTG                  1.09623   
ch2                       TTH                  1.02745   
ch2                       TTW0                 1.02530   
ch2                       TTW1eventBDTleptonPtSum 1.02574   
ch2                       TTW2eventBDTleptonPtSum 1.02687   
ch2                       TTW3eventBDTleptonPtSum 1.47633   
ch2                       TTW4eventBDTleptonPtSum 1.02594   
ch2                       TTX                  1.14244   
ch2                       TTZ                  1.08283   
ch2                       TX                   1.43562   
ch2                       WZ                   1.05561   
ch2                       ZG                   1.44235   
ch2                       ZZ                   1.29029   
