/mnt_pool/c3_users/user/cvico/WorkSpace/ttw-differential/postfit-plots/counting/cr_nonprompt/lep2_pt
WARNING: the default behaviour of PostFitShapesFromWorkspace is to use the covariance matrix sampling method for the post-fit uncertainty. The option --sampling is deprecated and will be removed in future versions of CombineHarvester
[SetFlag] Changing value of flag "workspaces-use-clone" from 0 to 1
[#1] INFO:ObjectHandling -- RooWorkspace::import(w) importing dataset ch1
[#1] INFO:ObjectHandling -- RooWorkspace::import(w) importing dataset ch2
[#1] INFO:ObjectHandling -- RooWorkspace::import(w) importing dataset ch3
[#1] INFO:ObjectHandling -- RooWorkspace::import(w) importing dataset ch4
[SetFlag] Changing value of flag "workspaces-use-clone" from 0 to 1
>> Doing prefit: TotalBkg
>> Doing prefit: TotalSig
>> Doing prefit: TotalProcs
>> Doing prefit: ch1,Convs
>> Doing prefit: ch1,Rares
>> Doing prefit: ch1,TTW_lep2_pt_bin0
>> Doing prefit: ch1,TTW_lep2_pt_bin1
>> Doing prefit: ch1,TTW_lep2_pt_bin2
>> Doing prefit: ch1,TTW_ooa
>> Doing prefit: ch1,TTZ
>> Doing prefit: ch1,VVV
>> Doing prefit: ch1,WZ
>> Doing prefit: ch1,ZZ
>> Doing prefit: ch1,data_fakes
>> Doing prefit: ch1,data_flips
>> Doing prefit: ch1,tHW
>> Doing prefit: ch1,tHq
>> Doing prefit: ch1,tZq
>> Doing prefit: ch1,ttH
>> Doing prefit: ch1,ttVV
>> Doing prefit: ch1,TotalBkg
>> Doing prefit: ch1,TotalSig
>> Doing prefit: ch1,TotalProcs
>> Doing prefit: ch2,Convs
>> Doing prefit: ch2,Rares
>> Doing prefit: ch2,TTW_lep2_pt_bin0
>> Doing prefit: ch2,TTW_lep2_pt_bin1
>> Doing prefit: ch2,TTW_lep2_pt_bin2
>> Doing prefit: ch2,TTW_ooa
>> Doing prefit: ch2,TTZ
>> Doing prefit: ch2,VVV
>> Doing prefit: ch2,WZ
>> Doing prefit: ch2,ZZ
>> Doing prefit: ch2,data_fakes
>> Doing prefit: ch2,data_flips
>> Doing prefit: ch2,tHW
>> Doing prefit: ch2,tHq
>> Doing prefit: ch2,tZq
>> Doing prefit: ch2,ttH
>> Doing prefit: ch2,ttVV
>> Doing prefit: ch2,TotalBkg
>> Doing prefit: ch2,TotalSig
>> Doing prefit: ch2,TotalProcs
>> Doing prefit: ch3,Convs
>> Doing prefit: ch3,Rares
>> Doing prefit: ch3,TTW_lep2_pt_bin0
>> Doing prefit: ch3,TTW_lep2_pt_bin1
>> Doing prefit: ch3,TTW_lep2_pt_bin2
>> Doing prefit: ch3,TTW_ooa
>> Doing prefit: ch3,TTZ
>> Doing prefit: ch3,VVV
>> Doing prefit: ch3,WZ
>> Doing prefit: ch3,ZZ
>> Doing prefit: ch3,data_fakes
>> Doing prefit: ch3,data_flips
>> Doing prefit: ch3,tHW
>> Doing prefit: ch3,tHq
>> Doing prefit: ch3,tZq
>> Doing prefit: ch3,ttH
>> Doing prefit: ch3,ttVV
>> Doing prefit: ch3,TotalBkg
>> Doing prefit: ch3,TotalSig
>> Doing prefit: ch3,TotalProcs
>> Doing prefit: ch4,Convs
>> Doing prefit: ch4,Rares
>> Doing prefit: ch4,TTW_lep2_pt_bin0
>> Doing prefit: ch4,TTW_lep2_pt_bin1
>> Doing prefit: ch4,TTW_lep2_pt_bin2
>> Doing prefit: ch4,TTW_ooa
>> Doing prefit: ch4,TTZ
>> Doing prefit: ch4,VVV
>> Doing prefit: ch4,WZ
>> Doing prefit: ch4,ZZ
>> Doing prefit: ch4,data_fakes
>> Doing prefit: ch4,data_flips
>> Doing prefit: ch4,tHW
>> Doing prefit: ch4,tHq
>> Doing prefit: ch4,tZq
>> Doing prefit: ch4,ttH
>> Doing prefit: ch4,ttVV
>> Doing prefit: ch4,TotalBkg
>> Doing prefit: ch4,TotalSig
>> Doing prefit: ch4,TotalProcs
Bin                       Total relative bkg uncert. (prefit)
----------------------------------------------------------
ch1                       0.16381   
ch2                       0.14856   
ch3                       0.15100   
ch4                       0.13824   
>> Doing postfit: TotalBkg
>> Doing postfit: TotalSig
>> Doing postfit: TotalProcs
>> Doing postfit: ch1,Convs
>> Doing postfit: ch1,Rares
>> Doing postfit: ch1,TTW_lep2_pt_bin0
>> Doing postfit: ch1,TTW_lep2_pt_bin1
>> Doing postfit: ch1,TTW_lep2_pt_bin2
>> Doing postfit: ch1,TTW_ooa
>> Doing postfit: ch1,TTZ
>> Doing postfit: ch1,VVV
>> Doing postfit: ch1,WZ
>> Doing postfit: ch1,ZZ
>> Doing postfit: ch1,data_fakes
>> Doing postfit: ch1,data_flips
>> Doing postfit: ch1,tHW
>> Doing postfit: ch1,tHq
>> Doing postfit: ch1,tZq
>> Doing postfit: ch1,ttH
>> Doing postfit: ch1,ttVV
>> Doing postfit: ch1,TotalBkg
>> Doing postfit: ch1,TotalSig
>> Doing postfit: ch1,TotalProcs
>> Doing postfit: ch2,Convs
>> Doing postfit: ch2,Rares
>> Doing postfit: ch2,TTW_lep2_pt_bin0
>> Doing postfit: ch2,TTW_lep2_pt_bin1
>> Doing postfit: ch2,TTW_lep2_pt_bin2
>> Doing postfit: ch2,TTW_ooa
>> Doing postfit: ch2,TTZ
>> Doing postfit: ch2,VVV
>> Doing postfit: ch2,WZ
>> Doing postfit: ch2,ZZ
>> Doing postfit: ch2,data_fakes
>> Doing postfit: ch2,data_flips
>> Doing postfit: ch2,tHW
>> Doing postfit: ch2,tHq
>> Doing postfit: ch2,tZq
>> Doing postfit: ch2,ttH
>> Doing postfit: ch2,ttVV
>> Doing postfit: ch2,TotalBkg
>> Doing postfit: ch2,TotalSig
>> Doing postfit: ch2,TotalProcs
>> Doing postfit: ch3,Convs
>> Doing postfit: ch3,Rares
>> Doing postfit: ch3,TTW_lep2_pt_bin0
>> Doing postfit: ch3,TTW_lep2_pt_bin1
>> Doing postfit: ch3,TTW_lep2_pt_bin2
>> Doing postfit: ch3,TTW_ooa
>> Doing postfit: ch3,TTZ
>> Doing postfit: ch3,VVV
>> Doing postfit: ch3,WZ
>> Doing postfit: ch3,ZZ
>> Doing postfit: ch3,data_fakes
>> Doing postfit: ch3,data_flips
>> Doing postfit: ch3,tHW
>> Doing postfit: ch3,tHq
>> Doing postfit: ch3,tZq
>> Doing postfit: ch3,ttH
>> Doing postfit: ch3,ttVV
>> Doing postfit: ch3,TotalBkg
>> Doing postfit: ch3,TotalSig
>> Doing postfit: ch3,TotalProcs
>> Doing postfit: ch4,Convs
>> Doing postfit: ch4,Rares
>> Doing postfit: ch4,TTW_lep2_pt_bin0
>> Doing postfit: ch4,TTW_lep2_pt_bin1
>> Doing postfit: ch4,TTW_lep2_pt_bin2
>> Doing postfit: ch4,TTW_ooa
>> Doing postfit: ch4,TTZ
>> Doing postfit: ch4,VVV
>> Doing postfit: ch4,WZ
>> Doing postfit: ch4,ZZ
>> Doing postfit: ch4,data_fakes
>> Doing postfit: ch4,data_flips
>> Doing postfit: ch4,tHW
>> Doing postfit: ch4,tHq
>> Doing postfit: ch4,tZq
>> Doing postfit: ch4,ttH
>> Doing postfit: ch4,ttVV
>> Doing postfit: ch4,TotalBkg
>> Doing postfit: ch4,TotalSig
>> Doing postfit: ch4,TotalProcs

Bin                       Total relative bkg uncert. (postfit)
----------------------------------------------------------
ch1                       0.15610   
ch2                       0.11623   
ch3                       0.11047   
ch4                       0.09698   

Bin                       Process              Scale factor
----------------------------------------------------------
ch1                       Convs                1.46603   
ch1                       Rares                2.06904   
ch1                       TTW_lep2_pt_bin0     1.60067   
ch1                       TTW_lep2_pt_bin1     1.28881   
ch1                       TTW_lep2_pt_bin2     1.30567   
ch1                       TTW_ooa              1.05460   
ch1                       TTZ                  1.12007   
ch1                       VVV                  1.30845   
ch1                       WZ                   1.10319   
ch1                       ZZ                   1.40633   
ch1                       data_fakes           1.10966   
ch1                       data_flips           1.01891   
ch1                       tHW                  1.07440   
ch1                       tHq                  1.05487   
ch1                       tZq                  1.16405   
ch1                       ttH                  1.02803   
ch1                       ttVV                 1.04779   
ch2                       Convs                1.12301   
ch2                       Rares                1.76738   
ch2                       TTW_lep2_pt_bin0     1.48340   
ch2                       TTW_lep2_pt_bin1     1.27225   
ch2                       TTW_lep2_pt_bin2     1.30820   
ch2                       TTW_ooa              0.99703   
ch2                       TTZ                  1.12372   
ch2                       VVV                  1.19763   
ch2                       WZ                   0.86037   
ch2                       ZZ                   1.10557   
ch2                       data_fakes           1.00793   
ch2                       data_flips           1.01901   
ch2                       tHW                  1.03218   
ch2                       tHq                  1.01233   
ch2                       tZq                  1.06723   
ch2                       ttH                  0.94637   
ch2                       ttVV                 1.01380   
ch3                       Convs                0.92194   
ch3                       Rares                1.23707   
ch3                       TTW_lep2_pt_bin0     1.53575   
ch3                       TTW_lep2_pt_bin1     1.26623   
ch3                       TTW_lep2_pt_bin2     1.26696   
ch3                       TTW_ooa              1.01947   
ch3                       TTZ                  1.23268   
ch3                       VVV                  1.19036   
ch3                       WZ                   0.83006   
ch3                       ZZ                   1.17343   
ch3                       data_fakes           1.08854   
ch3                       data_flips           1.01864   
ch3                       tHW                  0.97949   
ch3                       tHq                  1.03638   
ch3                       tZq                  1.06961   
ch3                       ttH                  1.04752   
ch3                       ttVV                 1.05279   
ch4                       Convs                0.57441   
ch4                       Rares                1.27846   
ch4                       TTW_lep2_pt_bin0     1.52304   
ch4                       TTW_lep2_pt_bin1     1.23646   
ch4                       TTW_lep2_pt_bin2     1.37454   
ch4                       TTW_ooa              1.00805   
ch4                       TTZ                  1.13178   
ch4                       VVV                  1.21130   
ch4                       WZ                   0.78029   
ch4                       ZZ                   1.13323   
ch4                       data_fakes           1.05268   
ch4                       data_flips           1.01863   
ch4                       tHW                  1.00392   
ch4                       tHq                  0.96528   
ch4                       tZq                  1.05498   
ch4                       ttH                  1.05318   
ch4                       ttVV                 1.04774   
