WARNING: the default behaviour of PostFitShapesFromWorkspace is to use the covariance matrix sampling method for the post-fit uncertainty. The option --sampling is deprecated and will be removed in future versions of CombineHarvester
[SetFlag] Changing value of flag "workspaces-use-clone" from 0 to 1
[#1] INFO:ObjectHandling -- RooWorkspace::import(w) importing dataset ch1
[#1] INFO:ObjectHandling -- RooWorkspace::import(w) importing dataset ch10
[#1] INFO:ObjectHandling -- RooWorkspace::import(w) importing dataset ch11
[#1] INFO:ObjectHandling -- RooWorkspace::import(w) importing dataset ch12
[#1] INFO:ObjectHandling -- RooWorkspace::import(w) importing dataset ch2
[#1] INFO:ObjectHandling -- RooWorkspace::import(w) importing dataset ch3
[#1] INFO:ObjectHandling -- RooWorkspace::import(w) importing dataset ch4
[#1] INFO:ObjectHandling -- RooWorkspace::import(w) importing dataset ch5
[#1] INFO:ObjectHandling -- RooWorkspace::import(w) importing dataset ch6
[#1] INFO:ObjectHandling -- RooWorkspace::import(w) importing dataset ch7
[#1] INFO:ObjectHandling -- RooWorkspace::import(w) importing dataset ch8
[#1] INFO:ObjectHandling -- RooWorkspace::import(w) importing dataset ch9
[SetFlag] Changing value of flag "workspaces-use-clone" from 0 to 1
>> Doing prefit: TotalBkg
>> Doing prefit: TotalSig
>> Doing prefit: TotalProcs
>> Doing prefit: ch1,Convs
>> Doing prefit: ch1,Rares
>> Doing prefit: ch1,TTW_max_eta_bin0
>> Doing prefit: ch1,TTW_max_eta_bin1
>> Doing prefit: ch1,TTW_max_eta_bin2
>> Doing prefit: ch1,TTW_max_eta_bin3
>> Doing prefit: ch1,TTW_ooa
>> Doing prefit: ch1,TTZ
>> Doing prefit: ch1,VVV
>> Doing prefit: ch1,WZ
>> Doing prefit: ch1,ZZ
>> Doing prefit: ch1,data_fakes
>> Doing prefit: ch1,data_flips
>> Doing prefit: ch1,tHW
>> Doing prefit: ch1,tHq
>> Doing prefit: ch1,tZq
>> Doing prefit: ch1,ttH
>> Doing prefit: ch1,ttVV
>> Doing prefit: ch1,TotalBkg
>> Doing prefit: ch1,TotalSig
>> Doing prefit: ch1,TotalProcs
>> Doing prefit: ch10,Convs
>> Doing prefit: ch10,Rares
>> Doing prefit: ch10,TTW_max_eta_bin0
>> Doing prefit: ch10,TTW_max_eta_bin1
>> Doing prefit: ch10,TTW_max_eta_bin2
>> Doing prefit: ch10,TTW_max_eta_bin3
>> Doing prefit: ch10,TTW_ooa
>> Doing prefit: ch10,TTZ
>> Doing prefit: ch10,VVV
>> Doing prefit: ch10,WZ
>> Doing prefit: ch10,ZZ
>> Doing prefit: ch10,data_fakes
>> Doing prefit: ch10,data_flips
>> Doing prefit: ch10,tHW
>> Doing prefit: ch10,tHq
>> Doing prefit: ch10,tZq
>> Doing prefit: ch10,ttH
>> Doing prefit: ch10,ttVV
>> Doing prefit: ch10,TotalBkg
>> Doing prefit: ch10,TotalSig
>> Doing prefit: ch10,TotalProcs
>> Doing prefit: ch11,Convs
>> Doing prefit: ch11,Rares
>> Doing prefit: ch11,TTW_max_eta_bin0
>> Doing prefit: ch11,TTW_max_eta_bin1
>> Doing prefit: ch11,TTW_max_eta_bin2
>> Doing prefit: ch11,TTW_max_eta_bin3
>> Doing prefit: ch11,TTW_ooa
>> Doing prefit: ch11,TTZ
>> Doing prefit: ch11,VVV
>> Doing prefit: ch11,WZ
>> Doing prefit: ch11,ZZ
>> Doing prefit: ch11,data_fakes
>> Doing prefit: ch11,data_flips
>> Doing prefit: ch11,tHW
>> Doing prefit: ch11,tHq
>> Doing prefit: ch11,tZq
>> Doing prefit: ch11,ttH
>> Doing prefit: ch11,ttVV
>> Doing prefit: ch11,TotalBkg
>> Doing prefit: ch11,TotalSig
>> Doing prefit: ch11,TotalProcs
>> Doing prefit: ch12,Rares
>> Doing prefit: ch12,TTW_max_eta_bin0
>> Doing prefit: ch12,TTW_max_eta_bin1
>> Doing prefit: ch12,TTW_max_eta_bin2
>> Doing prefit: ch12,TTW_max_eta_bin3
>> Doing prefit: ch12,TTW_ooa
>> Doing prefit: ch12,TTZ
>> Doing prefit: ch12,VVV
>> Doing prefit: ch12,WZ
>> Doing prefit: ch12,ZZ
>> Doing prefit: ch12,data_fakes
>> Doing prefit: ch12,tHW
>> Doing prefit: ch12,tHq
>> Doing prefit: ch12,tZq
>> Doing prefit: ch12,ttH
>> Doing prefit: ch12,ttVV
>> Doing prefit: ch12,TotalBkg
>> Doing prefit: ch12,TotalSig
>> Doing prefit: ch12,TotalProcs
>> Doing prefit: ch2,Convs
>> Doing prefit: ch2,Rares
>> Doing prefit: ch2,TTW_max_eta_bin0
>> Doing prefit: ch2,TTW_max_eta_bin1
>> Doing prefit: ch2,TTW_max_eta_bin2
>> Doing prefit: ch2,TTW_max_eta_bin3
>> Doing prefit: ch2,TTW_ooa
>> Doing prefit: ch2,TTZ
>> Doing prefit: ch2,VVV
>> Doing prefit: ch2,WZ
>> Doing prefit: ch2,ZZ
>> Doing prefit: ch2,data_fakes
>> Doing prefit: ch2,data_flips
>> Doing prefit: ch2,tHW
>> Doing prefit: ch2,tHq
>> Doing prefit: ch2,tZq
>> Doing prefit: ch2,ttH
>> Doing prefit: ch2,ttVV
>> Doing prefit: ch2,TotalBkg
>> Doing prefit: ch2,TotalSig
>> Doing prefit: ch2,TotalProcs
>> Doing prefit: ch3,Rares
>> Doing prefit: ch3,TTW_max_eta_bin0
>> Doing prefit: ch3,TTW_max_eta_bin1
>> Doing prefit: ch3,TTW_max_eta_bin2
>> Doing prefit: ch3,TTW_max_eta_bin3
>> Doing prefit: ch3,TTW_ooa
>> Doing prefit: ch3,TTZ
>> Doing prefit: ch3,VVV
>> Doing prefit: ch3,WZ
>> Doing prefit: ch3,ZZ
>> Doing prefit: ch3,data_fakes
>> Doing prefit: ch3,tHW
>> Doing prefit: ch3,tHq
>> Doing prefit: ch3,tZq
>> Doing prefit: ch3,ttH
>> Doing prefit: ch3,ttVV
>> Doing prefit: ch3,TotalBkg
>> Doing prefit: ch3,TotalSig
>> Doing prefit: ch3,TotalProcs
>> Doing prefit: ch4,Convs
>> Doing prefit: ch4,Rares
>> Doing prefit: ch4,TTW_max_eta_bin0
>> Doing prefit: ch4,TTW_max_eta_bin1
>> Doing prefit: ch4,TTW_max_eta_bin2
>> Doing prefit: ch4,TTW_max_eta_bin3
>> Doing prefit: ch4,TTW_ooa
>> Doing prefit: ch4,TTZ
>> Doing prefit: ch4,VVV
>> Doing prefit: ch4,WZ
>> Doing prefit: ch4,ZZ
>> Doing prefit: ch4,data_fakes
>> Doing prefit: ch4,data_flips
>> Doing prefit: ch4,tHW
>> Doing prefit: ch4,tHq
>> Doing prefit: ch4,tZq
>> Doing prefit: ch4,ttH
>> Doing prefit: ch4,ttVV
>> Doing prefit: ch4,TotalBkg
>> Doing prefit: ch4,TotalSig
>> Doing prefit: ch4,TotalProcs
>> Doing prefit: ch5,Convs
>> Doing prefit: ch5,Rares
>> Doing prefit: ch5,TTW_max_eta_bin0
>> Doing prefit: ch5,TTW_max_eta_bin1
>> Doing prefit: ch5,TTW_max_eta_bin2
>> Doing prefit: ch5,TTW_max_eta_bin3
>> Doing prefit: ch5,TTW_ooa
>> Doing prefit: ch5,TTZ
>> Doing prefit: ch5,VVV
>> Doing prefit: ch5,WZ
>> Doing prefit: ch5,ZZ
>> Doing prefit: ch5,data_fakes
>> Doing prefit: ch5,data_flips
>> Doing prefit: ch5,tHW
>> Doing prefit: ch5,tHq
>> Doing prefit: ch5,tZq
>> Doing prefit: ch5,ttH
>> Doing prefit: ch5,ttVV
>> Doing prefit: ch5,TotalBkg
>> Doing prefit: ch5,TotalSig
>> Doing prefit: ch5,TotalProcs
>> Doing prefit: ch6,Rares
>> Doing prefit: ch6,TTW_max_eta_bin0
>> Doing prefit: ch6,TTW_max_eta_bin1
>> Doing prefit: ch6,TTW_max_eta_bin2
>> Doing prefit: ch6,TTW_max_eta_bin3
>> Doing prefit: ch6,TTW_ooa
>> Doing prefit: ch6,TTZ
>> Doing prefit: ch6,VVV
>> Doing prefit: ch6,WZ
>> Doing prefit: ch6,ZZ
>> Doing prefit: ch6,data_fakes
>> Doing prefit: ch6,tHW
>> Doing prefit: ch6,tHq
>> Doing prefit: ch6,tZq
>> Doing prefit: ch6,ttH
>> Doing prefit: ch6,ttVV
>> Doing prefit: ch6,TotalBkg
>> Doing prefit: ch6,TotalSig
>> Doing prefit: ch6,TotalProcs
>> Doing prefit: ch7,Convs
>> Doing prefit: ch7,Rares
>> Doing prefit: ch7,TTW_max_eta_bin0
>> Doing prefit: ch7,TTW_max_eta_bin1
>> Doing prefit: ch7,TTW_max_eta_bin2
>> Doing prefit: ch7,TTW_max_eta_bin3
>> Doing prefit: ch7,TTW_ooa
>> Doing prefit: ch7,TTZ
>> Doing prefit: ch7,VVV
>> Doing prefit: ch7,WZ
>> Doing prefit: ch7,ZZ
>> Doing prefit: ch7,data_fakes
>> Doing prefit: ch7,data_flips
>> Doing prefit: ch7,tHW
>> Doing prefit: ch7,tHq
>> Doing prefit: ch7,tZq
>> Doing prefit: ch7,ttH
>> Doing prefit: ch7,ttVV
>> Doing prefit: ch7,TotalBkg
>> Doing prefit: ch7,TotalSig
>> Doing prefit: ch7,TotalProcs
>> Doing prefit: ch8,Convs
>> Doing prefit: ch8,Rares
>> Doing prefit: ch8,TTW_max_eta_bin0
>> Doing prefit: ch8,TTW_max_eta_bin1
>> Doing prefit: ch8,TTW_max_eta_bin2
>> Doing prefit: ch8,TTW_max_eta_bin3
>> Doing prefit: ch8,TTW_ooa
>> Doing prefit: ch8,TTZ
>> Doing prefit: ch8,VVV
>> Doing prefit: ch8,WZ
>> Doing prefit: ch8,ZZ
>> Doing prefit: ch8,data_fakes
>> Doing prefit: ch8,data_flips
>> Doing prefit: ch8,tHW
>> Doing prefit: ch8,tHq
>> Doing prefit: ch8,tZq
>> Doing prefit: ch8,ttH
>> Doing prefit: ch8,ttVV
>> Doing prefit: ch8,TotalBkg
>> Doing prefit: ch8,TotalSig
>> Doing prefit: ch8,TotalProcs
>> Doing prefit: ch9,Rares
>> Doing prefit: ch9,TTW_max_eta_bin0
>> Doing prefit: ch9,TTW_max_eta_bin1
>> Doing prefit: ch9,TTW_max_eta_bin2
>> Doing prefit: ch9,TTW_max_eta_bin3
>> Doing prefit: ch9,TTW_ooa
>> Doing prefit: ch9,TTZ
>> Doing prefit: ch9,VVV
>> Doing prefit: ch9,WZ
>> Doing prefit: ch9,ZZ
>> Doing prefit: ch9,data_fakes
>> Doing prefit: ch9,tHW
>> Doing prefit: ch9,tHq
>> Doing prefit: ch9,tZq
>> Doing prefit: ch9,ttH
>> Doing prefit: ch9,ttVV
>> Doing prefit: ch9,TotalBkg
>> Doing prefit: ch9,TotalSig
>> Doing prefit: ch9,TotalProcs
Bin                       Total relative bkg uncert. (prefit)
----------------------------------------------------------
ch1                       0.15007   
ch10                      0.15005   
ch11                      0.11711   
ch12                      0.12265   
ch2                       0.10363   
ch3                       0.14141   
ch4                       0.13165   
ch5                       0.11932   
ch6                       0.20781   
ch7                       0.14577   
ch8                       0.12521   
ch9                       0.17523   
>> Doing postfit: TotalBkg
>> Doing postfit: TotalSig
>> Doing postfit: TotalProcs
>> Doing postfit: ch1,Convs
>> Doing postfit: ch1,Rares
>> Doing postfit: ch1,TTW_max_eta_bin0
>> Doing postfit: ch1,TTW_max_eta_bin1
>> Doing postfit: ch1,TTW_max_eta_bin2
>> Doing postfit: ch1,TTW_max_eta_bin3
>> Doing postfit: ch1,TTW_ooa
>> Doing postfit: ch1,TTZ
>> Doing postfit: ch1,VVV
>> Doing postfit: ch1,WZ
>> Doing postfit: ch1,ZZ
>> Doing postfit: ch1,data_fakes
>> Doing postfit: ch1,data_flips
>> Doing postfit: ch1,tHW
>> Doing postfit: ch1,tHq
>> Doing postfit: ch1,tZq
>> Doing postfit: ch1,ttH
>> Doing postfit: ch1,ttVV
>> Doing postfit: ch1,TotalBkg
>> Doing postfit: ch1,TotalSig
>> Doing postfit: ch1,TotalProcs
>> Doing postfit: ch10,Convs
>> Doing postfit: ch10,Rares
>> Doing postfit: ch10,TTW_max_eta_bin0
>> Doing postfit: ch10,TTW_max_eta_bin1
>> Doing postfit: ch10,TTW_max_eta_bin2
>> Doing postfit: ch10,TTW_max_eta_bin3
>> Doing postfit: ch10,TTW_ooa
>> Doing postfit: ch10,TTZ
>> Doing postfit: ch10,VVV
>> Doing postfit: ch10,WZ
>> Doing postfit: ch10,ZZ
>> Doing postfit: ch10,data_fakes
>> Doing postfit: ch10,data_flips
>> Doing postfit: ch10,tHW
>> Doing postfit: ch10,tHq
>> Doing postfit: ch10,tZq
>> Doing postfit: ch10,ttH
>> Doing postfit: ch10,ttVV
>> Doing postfit: ch10,TotalBkg
>> Doing postfit: ch10,TotalSig
>> Doing postfit: ch10,TotalProcs
>> Doing postfit: ch11,Convs
>> Doing postfit: ch11,Rares
>> Doing postfit: ch11,TTW_max_eta_bin0
>> Doing postfit: ch11,TTW_max_eta_bin1
>> Doing postfit: ch11,TTW_max_eta_bin2
>> Doing postfit: ch11,TTW_max_eta_bin3
>> Doing postfit: ch11,TTW_ooa
>> Doing postfit: ch11,TTZ
>> Doing postfit: ch11,VVV
>> Doing postfit: ch11,WZ
>> Doing postfit: ch11,ZZ
>> Doing postfit: ch11,data_fakes
>> Doing postfit: ch11,data_flips
>> Doing postfit: ch11,tHW
>> Doing postfit: ch11,tHq
>> Doing postfit: ch11,tZq
>> Doing postfit: ch11,ttH
>> Doing postfit: ch11,ttVV
>> Doing postfit: ch11,TotalBkg
>> Doing postfit: ch11,TotalSig
>> Doing postfit: ch11,TotalProcs
>> Doing postfit: ch12,Rares
>> Doing postfit: ch12,TTW_max_eta_bin0
>> Doing postfit: ch12,TTW_max_eta_bin1
>> Doing postfit: ch12,TTW_max_eta_bin2
>> Doing postfit: ch12,TTW_max_eta_bin3
>> Doing postfit: ch12,TTW_ooa
>> Doing postfit: ch12,TTZ
>> Doing postfit: ch12,VVV
>> Doing postfit: ch12,WZ
>> Doing postfit: ch12,ZZ
>> Doing postfit: ch12,data_fakes
>> Doing postfit: ch12,tHW
>> Doing postfit: ch12,tHq
>> Doing postfit: ch12,tZq
>> Doing postfit: ch12,ttH
>> Doing postfit: ch12,ttVV
>> Doing postfit: ch12,TotalBkg
>> Doing postfit: ch12,TotalSig
>> Doing postfit: ch12,TotalProcs
>> Doing postfit: ch2,Convs
>> Doing postfit: ch2,Rares
>> Doing postfit: ch2,TTW_max_eta_bin0
>> Doing postfit: ch2,TTW_max_eta_bin1
>> Doing postfit: ch2,TTW_max_eta_bin2
>> Doing postfit: ch2,TTW_max_eta_bin3
>> Doing postfit: ch2,TTW_ooa
>> Doing postfit: ch2,TTZ
>> Doing postfit: ch2,VVV
>> Doing postfit: ch2,WZ
>> Doing postfit: ch2,ZZ
>> Doing postfit: ch2,data_fakes
>> Doing postfit: ch2,data_flips
>> Doing postfit: ch2,tHW
>> Doing postfit: ch2,tHq
>> Doing postfit: ch2,tZq
>> Doing postfit: ch2,ttH
>> Doing postfit: ch2,ttVV
>> Doing postfit: ch2,TotalBkg
>> Doing postfit: ch2,TotalSig
>> Doing postfit: ch2,TotalProcs
>> Doing postfit: ch3,Rares
>> Doing postfit: ch3,TTW_max_eta_bin0
>> Doing postfit: ch3,TTW_max_eta_bin1
>> Doing postfit: ch3,TTW_max_eta_bin2
>> Doing postfit: ch3,TTW_max_eta_bin3
>> Doing postfit: ch3,TTW_ooa
>> Doing postfit: ch3,TTZ
>> Doing postfit: ch3,VVV
>> Doing postfit: ch3,WZ
>> Doing postfit: ch3,ZZ
>> Doing postfit: ch3,data_fakes
>> Doing postfit: ch3,tHW
>> Doing postfit: ch3,tHq
>> Doing postfit: ch3,tZq
>> Doing postfit: ch3,ttH
>> Doing postfit: ch3,ttVV
>> Doing postfit: ch3,TotalBkg
>> Doing postfit: ch3,TotalSig
>> Doing postfit: ch3,TotalProcs
>> Doing postfit: ch4,Convs
>> Doing postfit: ch4,Rares
>> Doing postfit: ch4,TTW_max_eta_bin0
>> Doing postfit: ch4,TTW_max_eta_bin1
>> Doing postfit: ch4,TTW_max_eta_bin2
>> Doing postfit: ch4,TTW_max_eta_bin3
>> Doing postfit: ch4,TTW_ooa
>> Doing postfit: ch4,TTZ
>> Doing postfit: ch4,VVV
>> Doing postfit: ch4,WZ
>> Doing postfit: ch4,ZZ
>> Doing postfit: ch4,data_fakes
>> Doing postfit: ch4,data_flips
>> Doing postfit: ch4,tHW
>> Doing postfit: ch4,tHq
>> Doing postfit: ch4,tZq
>> Doing postfit: ch4,ttH
>> Doing postfit: ch4,ttVV
>> Doing postfit: ch4,TotalBkg
>> Doing postfit: ch4,TotalSig
>> Doing postfit: ch4,TotalProcs
>> Doing postfit: ch5,Convs
>> Doing postfit: ch5,Rares
>> Doing postfit: ch5,TTW_max_eta_bin0
>> Doing postfit: ch5,TTW_max_eta_bin1
>> Doing postfit: ch5,TTW_max_eta_bin2
>> Doing postfit: ch5,TTW_max_eta_bin3
>> Doing postfit: ch5,TTW_ooa
>> Doing postfit: ch5,TTZ
>> Doing postfit: ch5,VVV
>> Doing postfit: ch5,WZ
>> Doing postfit: ch5,ZZ
>> Doing postfit: ch5,data_fakes
>> Doing postfit: ch5,data_flips
>> Doing postfit: ch5,tHW
>> Doing postfit: ch5,tHq
>> Doing postfit: ch5,tZq
>> Doing postfit: ch5,ttH
>> Doing postfit: ch5,ttVV
>> Doing postfit: ch5,TotalBkg
>> Doing postfit: ch5,TotalSig
>> Doing postfit: ch5,TotalProcs
>> Doing postfit: ch6,Rares
>> Doing postfit: ch6,TTW_max_eta_bin0
>> Doing postfit: ch6,TTW_max_eta_bin1
>> Doing postfit: ch6,TTW_max_eta_bin2
>> Doing postfit: ch6,TTW_max_eta_bin3
>> Doing postfit: ch6,TTW_ooa
>> Doing postfit: ch6,TTZ
>> Doing postfit: ch6,VVV
>> Doing postfit: ch6,WZ
>> Doing postfit: ch6,ZZ
>> Doing postfit: ch6,data_fakes
>> Doing postfit: ch6,tHW
>> Doing postfit: ch6,tHq
>> Doing postfit: ch6,tZq
>> Doing postfit: ch6,ttH
>> Doing postfit: ch6,ttVV
>> Doing postfit: ch6,TotalBkg
>> Doing postfit: ch6,TotalSig
>> Doing postfit: ch6,TotalProcs
>> Doing postfit: ch7,Convs
>> Doing postfit: ch7,Rares
>> Doing postfit: ch7,TTW_max_eta_bin0
>> Doing postfit: ch7,TTW_max_eta_bin1
>> Doing postfit: ch7,TTW_max_eta_bin2
>> Doing postfit: ch7,TTW_max_eta_bin3
>> Doing postfit: ch7,TTW_ooa
>> Doing postfit: ch7,TTZ
>> Doing postfit: ch7,VVV
>> Doing postfit: ch7,WZ
>> Doing postfit: ch7,ZZ
>> Doing postfit: ch7,data_fakes
>> Doing postfit: ch7,data_flips
>> Doing postfit: ch7,tHW
>> Doing postfit: ch7,tHq
>> Doing postfit: ch7,tZq
>> Doing postfit: ch7,ttH
>> Doing postfit: ch7,ttVV
>> Doing postfit: ch7,TotalBkg
>> Doing postfit: ch7,TotalSig
>> Doing postfit: ch7,TotalProcs
>> Doing postfit: ch8,Convs
>> Doing postfit: ch8,Rares
>> Doing postfit: ch8,TTW_max_eta_bin0
>> Doing postfit: ch8,TTW_max_eta_bin1
>> Doing postfit: ch8,TTW_max_eta_bin2
>> Doing postfit: ch8,TTW_max_eta_bin3
>> Doing postfit: ch8,TTW_ooa
>> Doing postfit: ch8,TTZ
>> Doing postfit: ch8,VVV
>> Doing postfit: ch8,WZ
>> Doing postfit: ch8,ZZ
>> Doing postfit: ch8,data_fakes
>> Doing postfit: ch8,data_flips
>> Doing postfit: ch8,tHW
>> Doing postfit: ch8,tHq
>> Doing postfit: ch8,tZq
>> Doing postfit: ch8,ttH
>> Doing postfit: ch8,ttVV
>> Doing postfit: ch8,TotalBkg
>> Doing postfit: ch8,TotalSig
>> Doing postfit: ch8,TotalProcs
>> Doing postfit: ch9,Rares
>> Doing postfit: ch9,TTW_max_eta_bin0
>> Doing postfit: ch9,TTW_max_eta_bin1
>> Doing postfit: ch9,TTW_max_eta_bin2
>> Doing postfit: ch9,TTW_max_eta_bin3
>> Doing postfit: ch9,TTW_ooa
>> Doing postfit: ch9,TTZ
>> Doing postfit: ch9,VVV
>> Doing postfit: ch9,WZ
>> Doing postfit: ch9,ZZ
>> Doing postfit: ch9,data_fakes
>> Doing postfit: ch9,tHW
>> Doing postfit: ch9,tHq
>> Doing postfit: ch9,tZq
>> Doing postfit: ch9,ttH
>> Doing postfit: ch9,ttVV
>> Doing postfit: ch9,TotalBkg
>> Doing postfit: ch9,TotalSig
>> Doing postfit: ch9,TotalProcs

Bin                       Total relative bkg uncert. (postfit)
----------------------------------------------------------
ch1                       0.10169   
ch10                      0.08433   
ch11                      0.07132   
ch12                      0.07953   
ch2                       0.07201   
ch3                       0.09294   
ch4                       0.09462   
ch5                       0.08290   
ch6                       0.11692   
ch7                       0.09456   
ch8                       0.08427   
ch9                       0.10525   

Bin                       Process              Scale factor
----------------------------------------------------------
ch1                       Convs                1.16724   
ch1                       Rares                1.59971   
ch1                       TTW_max_eta_bin0     1.11362   
ch1                       TTW_max_eta_bin1     1.45514   
ch1                       TTW_max_eta_bin2     1.27468   
ch1                       TTW_max_eta_bin3     1.55193   
ch1                       TTW_ooa              1.06701   
ch1                       TTZ                  1.16502   
ch1                       VVV                  1.22978   
ch1                       WZ                   0.91555   
ch1                       ZZ                   1.36315   
ch1                       data_fakes           1.12649   
ch1                       data_flips           1.02142   
ch1                       tHW                  1.06359   
ch1                       tHq                  1.05665   
ch1                       tZq                  1.17545   
ch1                       ttH                  1.05482   
ch1                       ttVV                 1.06398   
ch10                      Convs                1.19366   
ch10                      Rares                1.64156   
ch10                      TTW_max_eta_bin0     1.07582   
ch10                      TTW_max_eta_bin1     1.43565   
ch10                      TTW_max_eta_bin2     1.28947   
ch10                      TTW_max_eta_bin3     1.54768   
ch10                      TTW_ooa              1.00936   
ch10                      TTZ                  1.24186   
ch10                      VVV                  1.23226   
ch10                      WZ                   0.97926   
ch10                      ZZ                   1.14706   
ch10                      data_fakes           1.25511   
ch10                      data_flips           1.02172   
ch10                      tHW                  1.05147   
ch10                      tHq                  1.02402   
ch10                      tZq                  1.08421   
ch10                      ttH                  1.03211   
ch10                      ttVV                 1.04276   
ch11                      Convs                1.18278   
ch11                      Rares                1.58821   
ch11                      TTW_max_eta_bin0     1.04925   
ch11                      TTW_max_eta_bin1     1.39795   
ch11                      TTW_max_eta_bin2     1.23180   
ch11                      TTW_max_eta_bin3     1.47515   
ch11                      TTW_ooa              0.99523   
ch11                      TTZ                  1.09024   
ch11                      VVV                  1.18966   
ch11                      WZ                   0.94388   
ch11                      ZZ                   1.21631   
ch11                      data_fakes           1.17987   
ch11                      data_flips           1.02150   
ch11                      tHW                  1.00923   
ch11                      tHq                  0.99667   
ch11                      tZq                  1.04172   
ch11                      ttH                  1.00448   
ch11                      ttVV                 1.01131   
ch12                      Rares                1.35093   
ch12                      TTW_max_eta_bin0     1.01919   
ch12                      TTW_max_eta_bin1     1.36308   
ch12                      TTW_max_eta_bin2     1.19357   
ch12                      TTW_max_eta_bin3     1.43061   
ch12                      TTW_ooa              0.97108   
ch12                      TTZ                  1.10571   
ch12                      VVV                  1.15071   
ch12                      WZ                   0.98041   
ch12                      ZZ                   0.92419   
ch12                      data_fakes           1.09799   
ch12                      tHW                  0.98339   
ch12                      tHq                  0.96467   
ch12                      tZq                  1.04176   
ch12                      ttH                  0.98001   
ch12                      ttVV                 0.98239   
ch2                       Convs                1.26697   
ch2                       Rares                1.40933   
ch2                       TTW_max_eta_bin0     1.05542   
ch2                       TTW_max_eta_bin1     1.41207   
ch2                       TTW_max_eta_bin2     1.24125   
ch2                       TTW_max_eta_bin3     1.51492   
ch2                       TTW_ooa              1.02022   
ch2                       TTZ                  1.12184   
ch2                       VVV                  1.13502   
ch2                       WZ                   0.89125   
ch2                       ZZ                   1.19874   
ch2                       data_fakes           1.05572   
ch2                       data_flips           1.02129   
ch2                       tHW                  1.00863   
ch2                       tHq                  1.02021   
ch2                       tZq                  1.03186   
ch2                       ttH                  1.04939   
ch2                       ttVV                 1.02301   
ch3                       Rares                1.45081   
ch3                       TTW_max_eta_bin0     1.02287   
ch3                       TTW_max_eta_bin1     1.36943   
ch3                       TTW_max_eta_bin2     1.20551   
ch3                       TTW_max_eta_bin3     1.46588   
ch3                       TTW_ooa              0.99202   
ch3                       TTZ                  1.05427   
ch3                       VVV                  1.18530   
ch3                       WZ                   0.91697   
ch3                       ZZ                   1.32448   
ch3                       data_fakes           1.07472   
ch3                       tHW                  0.97036   
ch3                       tHq                  0.98752   
ch3                       tZq                  0.99960   
ch3                       ttH                  0.97855   
ch3                       ttVV                 0.98421   
ch4                       Convs                1.14188   
ch4                       Rares                1.61093   
ch4                       TTW_max_eta_bin0     1.10049   
ch4                       TTW_max_eta_bin1     1.44878   
ch4                       TTW_max_eta_bin2     1.31502   
ch4                       TTW_max_eta_bin3     1.58384   
ch4                       TTW_ooa              1.08137   
ch4                       TTZ                  1.17250   
ch4                       VVV                  1.41826   
ch4                       WZ                   1.22644   
ch4                       ZZ                   1.51059   
ch4                       data_fakes           1.08007   
ch4                       data_flips           1.02034   
ch4                       tHW                  1.08245   
ch4                       tHq                  1.06476   
ch4                       tZq                  1.20132   
ch4                       ttH                  1.04779   
ch4                       ttVV                 1.06102   
ch5                       Convs                1.18921   
ch5                       Rares                1.50273   
ch5                       TTW_max_eta_bin0     1.06663   
ch5                       TTW_max_eta_bin1     1.43196   
ch5                       TTW_max_eta_bin2     1.26985   
ch5                       TTW_max_eta_bin3     1.54058   
ch5                       TTW_ooa              1.06913   
ch5                       TTZ                  1.17537   
ch5                       VVV                  1.38375   
ch5                       WZ                   1.33425   
ch5                       ZZ                   1.47471   
ch5                       data_fakes           1.20216   
ch5                       data_flips           1.02169   
ch5                       tHW                  1.04327   
ch5                       tHq                  1.05914   
ch5                       tZq                  1.15449   
ch5                       ttH                  1.02493   
ch5                       ttVV                 1.03528   
ch6                       Rares                1.52782   
ch6                       TTW_max_eta_bin0     1.03321   
ch6                       TTW_max_eta_bin1     1.39223   
ch6                       TTW_max_eta_bin2     1.22403   
ch6                       TTW_max_eta_bin3     1.47309   
ch6                       TTW_ooa              1.04005   
ch6                       TTZ                  1.11587   
ch6                       VVV                  1.32881   
ch6                       WZ                   1.20450   
ch6                       ZZ                   1.28116   
ch6                       data_fakes           1.21259   
ch6                       tHW                  1.01843   
ch6                       tHq                  1.01408   
ch6                       tZq                  1.13609   
ch6                       ttH                  1.00173   
ch6                       ttVV                 1.00925   
ch7                       Convs                1.09196   
ch7                       Rares                1.64201   
ch7                       TTW_max_eta_bin0     1.08905   
ch7                       TTW_max_eta_bin1     1.46721   
ch7                       TTW_max_eta_bin2     1.29160   
ch7                       TTW_max_eta_bin3     1.56980   
ch7                       TTW_ooa              1.07779   
ch7                       TTZ                  1.12309   
ch7                       VVV                  1.11668   
ch7                       WZ                   0.94374   
ch7                       ZZ                   1.33012   
ch7                       data_fakes           1.23584   
ch7                       data_flips           1.02033   
ch7                       tHW                  1.02672   
ch7                       tHq                  1.05693   
ch7                       tZq                  1.10330   
ch7                       ttH                  1.04677   
ch7                       ttVV                 1.05156   
ch8                       Convs                1.24219   
ch8                       Rares                1.56883   
ch8                       TTW_max_eta_bin0     1.06226   
ch8                       TTW_max_eta_bin1     1.42365   
ch8                       TTW_max_eta_bin2     1.26022   
ch8                       TTW_max_eta_bin3     1.52684   
ch8                       TTW_ooa              1.03157   
ch8                       TTZ                  1.11453   
ch8                       VVV                  1.14186   
ch8                       WZ                   0.97145   
ch8                       ZZ                   1.44605   
ch8                       data_fakes           1.23392   
ch8                       data_flips           1.02156   
ch8                       tHW                  1.01452   
ch8                       tHq                  1.01466   
ch8                       tZq                  1.09897   
ch8                       ttH                  1.02952   
ch8                       ttVV                 1.02554   
ch9                       Rares                1.49255   
ch9                       TTW_max_eta_bin0     1.04298   
ch9                       TTW_max_eta_bin1     1.38144   
ch9                       TTW_max_eta_bin2     1.21121   
ch9                       TTW_max_eta_bin3     1.45718   
ch9                       TTW_ooa              0.98750   
ch9                       TTZ                  1.09324   
ch9                       VVV                  1.13155   
ch9                       WZ                   0.94421   
ch9                       ZZ                   1.44433   
ch9                       data_fakes           1.16374   
ch9                       tHW                  0.99014   
ch9                       tHq                  1.03065   
ch9                       tZq                  1.03755   
ch9                       ttH                  0.99251   
ch9                       ttVV                 0.99588   
