WARNING: the default behaviour of PostFitShapesFromWorkspace is to use the covariance matrix sampling method for the post-fit uncertainty. The option --sampling is deprecated and will be removed in future versions of CombineHarvester
[SetFlag] Changing value of flag "workspaces-use-clone" from 0 to 1
[#1] INFO:ObjectHandling -- RooWorkspace::import(w) importing dataset ch1
[#1] INFO:ObjectHandling -- RooWorkspace::import(w) importing dataset ch10
[#1] INFO:ObjectHandling -- RooWorkspace::import(w) importing dataset ch11
[#1] INFO:ObjectHandling -- RooWorkspace::import(w) importing dataset ch12
[#1] INFO:ObjectHandling -- RooWorkspace::import(w) importing dataset ch13
[#1] INFO:ObjectHandling -- RooWorkspace::import(w) importing dataset ch14
[#1] INFO:ObjectHandling -- RooWorkspace::import(w) importing dataset ch15
[#1] INFO:ObjectHandling -- RooWorkspace::import(w) importing dataset ch16
[#1] INFO:ObjectHandling -- RooWorkspace::import(w) importing dataset ch17
[#1] INFO:ObjectHandling -- RooWorkspace::import(w) importing dataset ch18
[#1] INFO:ObjectHandling -- RooWorkspace::import(w) importing dataset ch19
[#1] INFO:ObjectHandling -- RooWorkspace::import(w) importing dataset ch2
[#1] INFO:ObjectHandling -- RooWorkspace::import(w) importing dataset ch20
[#1] INFO:ObjectHandling -- RooWorkspace::import(w) importing dataset ch21
[#1] INFO:ObjectHandling -- RooWorkspace::import(w) importing dataset ch22
[#1] INFO:ObjectHandling -- RooWorkspace::import(w) importing dataset ch23
[#1] INFO:ObjectHandling -- RooWorkspace::import(w) importing dataset ch24
[#1] INFO:ObjectHandling -- RooWorkspace::import(w) importing dataset ch3
[#1] INFO:ObjectHandling -- RooWorkspace::import(w) importing dataset ch4
[#1] INFO:ObjectHandling -- RooWorkspace::import(w) importing dataset ch5
[#1] INFO:ObjectHandling -- RooWorkspace::import(w) importing dataset ch6
[#1] INFO:ObjectHandling -- RooWorkspace::import(w) importing dataset ch7
[#1] INFO:ObjectHandling -- RooWorkspace::import(w) importing dataset ch8
[#1] INFO:ObjectHandling -- RooWorkspace::import(w) importing dataset ch9
[SetFlag] Changing value of flag "workspaces-use-clone" from 0 to 1
>> Doing prefit: TotalBkg
>> Doing prefit: TotalSig
>> Doing prefit: TotalProcs
>> Doing prefit: ch1,Convs
>> Doing prefit: ch1,Rares
>> Doing prefit: ch1,TTW_max_eta_bin0
>> Doing prefit: ch1,TTW_max_eta_bin1
>> Doing prefit: ch1,TTW_max_eta_bin2
>> Doing prefit: ch1,TTW_max_eta_bin3
>> Doing prefit: ch1,TTW_ooa
>> Doing prefit: ch1,TTZ
>> Doing prefit: ch1,VVV
>> Doing prefit: ch1,WZ
>> Doing prefit: ch1,ZZ
>> Doing prefit: ch1,data_fakes
>> Doing prefit: ch1,data_flips
>> Doing prefit: ch1,tHW
>> Doing prefit: ch1,tHq
>> Doing prefit: ch1,tZq
>> Doing prefit: ch1,ttH
>> Doing prefit: ch1,ttVV
>> Doing prefit: ch1,TotalBkg
>> Doing prefit: ch1,TotalSig
>> Doing prefit: ch1,TotalProcs
>> Doing prefit: ch10,Convs
>> Doing prefit: ch10,Rares
>> Doing prefit: ch10,TTW_max_eta_bin0
>> Doing prefit: ch10,TTW_max_eta_bin1
>> Doing prefit: ch10,TTW_max_eta_bin2
>> Doing prefit: ch10,TTW_max_eta_bin3
>> Doing prefit: ch10,TTW_ooa
>> Doing prefit: ch10,TTZ
>> Doing prefit: ch10,VVV
>> Doing prefit: ch10,WZ
>> Doing prefit: ch10,ZZ
>> Doing prefit: ch10,data_fakes
>> Doing prefit: ch10,data_flips
>> Doing prefit: ch10,tHW
>> Doing prefit: ch10,tHq
>> Doing prefit: ch10,tZq
>> Doing prefit: ch10,ttH
>> Doing prefit: ch10,ttVV
>> Doing prefit: ch10,TotalBkg
>> Doing prefit: ch10,TotalSig
>> Doing prefit: ch10,TotalProcs
>> Doing prefit: ch11,Convs
>> Doing prefit: ch11,Rares
>> Doing prefit: ch11,TTW_max_eta_bin0
>> Doing prefit: ch11,TTW_max_eta_bin1
>> Doing prefit: ch11,TTW_max_eta_bin2
>> Doing prefit: ch11,TTW_max_eta_bin3
>> Doing prefit: ch11,TTW_ooa
>> Doing prefit: ch11,TTZ
>> Doing prefit: ch11,VVV
>> Doing prefit: ch11,WZ
>> Doing prefit: ch11,ZZ
>> Doing prefit: ch11,data_fakes
>> Doing prefit: ch11,data_flips
>> Doing prefit: ch11,tHW
>> Doing prefit: ch11,tHq
>> Doing prefit: ch11,tZq
>> Doing prefit: ch11,ttH
>> Doing prefit: ch11,ttVV
>> Doing prefit: ch11,TotalBkg
>> Doing prefit: ch11,TotalSig
>> Doing prefit: ch11,TotalProcs
>> Doing prefit: ch12,Rares
>> Doing prefit: ch12,TTW_max_eta_bin0
>> Doing prefit: ch12,TTW_max_eta_bin1
>> Doing prefit: ch12,TTW_max_eta_bin2
>> Doing prefit: ch12,TTW_max_eta_bin3
>> Doing prefit: ch12,TTW_ooa
>> Doing prefit: ch12,TTZ
>> Doing prefit: ch12,VVV
>> Doing prefit: ch12,WZ
>> Doing prefit: ch12,ZZ
>> Doing prefit: ch12,data_fakes
>> Doing prefit: ch12,tHW
>> Doing prefit: ch12,tHq
>> Doing prefit: ch12,tZq
>> Doing prefit: ch12,ttH
>> Doing prefit: ch12,ttVV
>> Doing prefit: ch12,TotalBkg
>> Doing prefit: ch12,TotalSig
>> Doing prefit: ch12,TotalProcs
>> Doing prefit: ch13,Convs
>> Doing prefit: ch13,Rares
>> Doing prefit: ch13,TTW_max_eta_bin0
>> Doing prefit: ch13,TTW_max_eta_bin1
>> Doing prefit: ch13,TTW_max_eta_bin2
>> Doing prefit: ch13,TTW_max_eta_bin3
>> Doing prefit: ch13,TTW_ooa
>> Doing prefit: ch13,TTZ
>> Doing prefit: ch13,VVV
>> Doing prefit: ch13,WZ
>> Doing prefit: ch13,ZZ
>> Doing prefit: ch13,data_fakes
>> Doing prefit: ch13,data_flips
>> Doing prefit: ch13,tHW
>> Doing prefit: ch13,tHq
>> Doing prefit: ch13,tZq
>> Doing prefit: ch13,ttH
>> Doing prefit: ch13,ttVV
>> Doing prefit: ch13,TotalBkg
>> Doing prefit: ch13,TotalSig
>> Doing prefit: ch13,TotalProcs
>> Doing prefit: ch14,Convs
>> Doing prefit: ch14,Rares
>> Doing prefit: ch14,TTW_max_eta_bin0
>> Doing prefit: ch14,TTW_max_eta_bin1
>> Doing prefit: ch14,TTW_max_eta_bin2
>> Doing prefit: ch14,TTW_max_eta_bin3
>> Doing prefit: ch14,TTW_ooa
>> Doing prefit: ch14,TTZ
>> Doing prefit: ch14,VVV
>> Doing prefit: ch14,WZ
>> Doing prefit: ch14,ZZ
>> Doing prefit: ch14,data_fakes
>> Doing prefit: ch14,data_flips
>> Doing prefit: ch14,tHW
>> Doing prefit: ch14,tHq
>> Doing prefit: ch14,tZq
>> Doing prefit: ch14,ttH
>> Doing prefit: ch14,ttVV
>> Doing prefit: ch14,TotalBkg
>> Doing prefit: ch14,TotalSig
>> Doing prefit: ch14,TotalProcs
>> Doing prefit: ch15,Rares
>> Doing prefit: ch15,TTW_max_eta_bin0
>> Doing prefit: ch15,TTW_max_eta_bin1
>> Doing prefit: ch15,TTW_max_eta_bin2
>> Doing prefit: ch15,TTW_max_eta_bin3
>> Doing prefit: ch15,TTW_ooa
>> Doing prefit: ch15,TTZ
>> Doing prefit: ch15,VVV
>> Doing prefit: ch15,WZ
>> Doing prefit: ch15,ZZ
>> Doing prefit: ch15,data_fakes
>> Doing prefit: ch15,tHW
>> Doing prefit: ch15,tHq
>> Doing prefit: ch15,tZq
>> Doing prefit: ch15,ttH
>> Doing prefit: ch15,ttVV
>> Doing prefit: ch15,TotalBkg
>> Doing prefit: ch15,TotalSig
>> Doing prefit: ch15,TotalProcs
>> Doing prefit: ch16,Convs
>> Doing prefit: ch16,Rares
>> Doing prefit: ch16,TTW_max_eta_bin0
>> Doing prefit: ch16,TTW_max_eta_bin1
>> Doing prefit: ch16,TTW_max_eta_bin2
>> Doing prefit: ch16,TTW_max_eta_bin3
>> Doing prefit: ch16,TTW_ooa
>> Doing prefit: ch16,TTZ
>> Doing prefit: ch16,VVV
>> Doing prefit: ch16,WZ
>> Doing prefit: ch16,ZZ
>> Doing prefit: ch16,data_fakes
>> Doing prefit: ch16,data_flips
>> Doing prefit: ch16,tHW
>> Doing prefit: ch16,tHq
>> Doing prefit: ch16,tZq
>> Doing prefit: ch16,ttH
>> Doing prefit: ch16,ttVV
>> Doing prefit: ch16,TotalBkg
>> Doing prefit: ch16,TotalSig
>> Doing prefit: ch16,TotalProcs
>> Doing prefit: ch17,Convs
>> Doing prefit: ch17,Rares
>> Doing prefit: ch17,TTW_max_eta_bin0
>> Doing prefit: ch17,TTW_max_eta_bin1
>> Doing prefit: ch17,TTW_max_eta_bin2
>> Doing prefit: ch17,TTW_max_eta_bin3
>> Doing prefit: ch17,TTW_ooa
>> Doing prefit: ch17,TTZ
>> Doing prefit: ch17,VVV
>> Doing prefit: ch17,WZ
>> Doing prefit: ch17,ZZ
>> Doing prefit: ch17,data_fakes
>> Doing prefit: ch17,data_flips
>> Doing prefit: ch17,tHW
>> Doing prefit: ch17,tHq
>> Doing prefit: ch17,tZq
>> Doing prefit: ch17,ttH
>> Doing prefit: ch17,ttVV
>> Doing prefit: ch17,TotalBkg
>> Doing prefit: ch17,TotalSig
>> Doing prefit: ch17,TotalProcs
>> Doing prefit: ch18,Rares
>> Doing prefit: ch18,TTW_max_eta_bin0
>> Doing prefit: ch18,TTW_max_eta_bin1
>> Doing prefit: ch18,TTW_max_eta_bin2
>> Doing prefit: ch18,TTW_max_eta_bin3
>> Doing prefit: ch18,TTW_ooa
>> Doing prefit: ch18,TTZ
>> Doing prefit: ch18,VVV
>> Doing prefit: ch18,WZ
>> Doing prefit: ch18,ZZ
>> Doing prefit: ch18,data_fakes
>> Doing prefit: ch18,tHW
>> Doing prefit: ch18,tHq
>> Doing prefit: ch18,tZq
>> Doing prefit: ch18,ttH
>> Doing prefit: ch18,ttVV
>> Doing prefit: ch18,TotalBkg
>> Doing prefit: ch18,TotalSig
>> Doing prefit: ch18,TotalProcs
>> Doing prefit: ch19,Convs
>> Doing prefit: ch19,Rares
>> Doing prefit: ch19,TTW_max_eta_bin0
>> Doing prefit: ch19,TTW_max_eta_bin1
>> Doing prefit: ch19,TTW_max_eta_bin2
>> Doing prefit: ch19,TTW_max_eta_bin3
>> Doing prefit: ch19,TTW_ooa
>> Doing prefit: ch19,TTZ
>> Doing prefit: ch19,VVV
>> Doing prefit: ch19,WZ
>> Doing prefit: ch19,ZZ
>> Doing prefit: ch19,data_fakes
>> Doing prefit: ch19,data_flips
>> Doing prefit: ch19,tHW
>> Doing prefit: ch19,tHq
>> Doing prefit: ch19,tZq
>> Doing prefit: ch19,ttH
>> Doing prefit: ch19,ttVV
>> Doing prefit: ch19,TotalBkg
>> Doing prefit: ch19,TotalSig
>> Doing prefit: ch19,TotalProcs
>> Doing prefit: ch2,Convs
>> Doing prefit: ch2,Rares
>> Doing prefit: ch2,TTW_max_eta_bin0
>> Doing prefit: ch2,TTW_max_eta_bin1
>> Doing prefit: ch2,TTW_max_eta_bin2
>> Doing prefit: ch2,TTW_max_eta_bin3
>> Doing prefit: ch2,TTW_ooa
>> Doing prefit: ch2,TTZ
>> Doing prefit: ch2,VVV
>> Doing prefit: ch2,WZ
>> Doing prefit: ch2,ZZ
>> Doing prefit: ch2,data_fakes
>> Doing prefit: ch2,data_flips
>> Doing prefit: ch2,tHW
>> Doing prefit: ch2,tHq
>> Doing prefit: ch2,tZq
>> Doing prefit: ch2,ttH
>> Doing prefit: ch2,ttVV
>> Doing prefit: ch2,TotalBkg
>> Doing prefit: ch2,TotalSig
>> Doing prefit: ch2,TotalProcs
>> Doing prefit: ch20,Convs
>> Doing prefit: ch20,Rares
>> Doing prefit: ch20,TTW_max_eta_bin0
>> Doing prefit: ch20,TTW_max_eta_bin1
>> Doing prefit: ch20,TTW_max_eta_bin2
>> Doing prefit: ch20,TTW_max_eta_bin3
>> Doing prefit: ch20,TTW_ooa
>> Doing prefit: ch20,TTZ
>> Doing prefit: ch20,VVV
>> Doing prefit: ch20,WZ
>> Doing prefit: ch20,ZZ
>> Doing prefit: ch20,data_fakes
>> Doing prefit: ch20,data_flips
>> Doing prefit: ch20,tHW
>> Doing prefit: ch20,tHq
>> Doing prefit: ch20,tZq
>> Doing prefit: ch20,ttH
>> Doing prefit: ch20,ttVV
>> Doing prefit: ch20,TotalBkg
>> Doing prefit: ch20,TotalSig
>> Doing prefit: ch20,TotalProcs
>> Doing prefit: ch21,Rares
>> Doing prefit: ch21,TTW_max_eta_bin0
>> Doing prefit: ch21,TTW_max_eta_bin1
>> Doing prefit: ch21,TTW_max_eta_bin2
>> Doing prefit: ch21,TTW_max_eta_bin3
>> Doing prefit: ch21,TTW_ooa
>> Doing prefit: ch21,TTZ
>> Doing prefit: ch21,VVV
>> Doing prefit: ch21,WZ
>> Doing prefit: ch21,ZZ
>> Doing prefit: ch21,data_fakes
>> Doing prefit: ch21,tHW
>> Doing prefit: ch21,tHq
>> Doing prefit: ch21,tZq
>> Doing prefit: ch21,ttH
>> Doing prefit: ch21,ttVV
>> Doing prefit: ch21,TotalBkg
>> Doing prefit: ch21,TotalSig
>> Doing prefit: ch21,TotalProcs
>> Doing prefit: ch22,Convs
>> Doing prefit: ch22,Rares
>> Doing prefit: ch22,TTW_max_eta_bin0
>> Doing prefit: ch22,TTW_max_eta_bin1
>> Doing prefit: ch22,TTW_max_eta_bin2
>> Doing prefit: ch22,TTW_max_eta_bin3
>> Doing prefit: ch22,TTW_ooa
>> Doing prefit: ch22,TTZ
>> Doing prefit: ch22,VVV
>> Doing prefit: ch22,WZ
>> Doing prefit: ch22,ZZ
>> Doing prefit: ch22,data_fakes
>> Doing prefit: ch22,data_flips
>> Doing prefit: ch22,tHW
>> Doing prefit: ch22,tHq
>> Doing prefit: ch22,tZq
>> Doing prefit: ch22,ttH
>> Doing prefit: ch22,ttVV
>> Doing prefit: ch22,TotalBkg
>> Doing prefit: ch22,TotalSig
>> Doing prefit: ch22,TotalProcs
>> Doing prefit: ch23,Convs
>> Doing prefit: ch23,Rares
>> Doing prefit: ch23,TTW_max_eta_bin0
>> Doing prefit: ch23,TTW_max_eta_bin1
>> Doing prefit: ch23,TTW_max_eta_bin2
>> Doing prefit: ch23,TTW_max_eta_bin3
>> Doing prefit: ch23,TTW_ooa
>> Doing prefit: ch23,TTZ
>> Doing prefit: ch23,VVV
>> Doing prefit: ch23,WZ
>> Doing prefit: ch23,ZZ
>> Doing prefit: ch23,data_fakes
>> Doing prefit: ch23,data_flips
>> Doing prefit: ch23,tHW
>> Doing prefit: ch23,tHq
>> Doing prefit: ch23,tZq
>> Doing prefit: ch23,ttH
>> Doing prefit: ch23,ttVV
>> Doing prefit: ch23,TotalBkg
>> Doing prefit: ch23,TotalSig
>> Doing prefit: ch23,TotalProcs
>> Doing prefit: ch24,Rares
>> Doing prefit: ch24,TTW_max_eta_bin0
>> Doing prefit: ch24,TTW_max_eta_bin1
>> Doing prefit: ch24,TTW_max_eta_bin2
>> Doing prefit: ch24,TTW_max_eta_bin3
>> Doing prefit: ch24,TTW_ooa
>> Doing prefit: ch24,TTZ
>> Doing prefit: ch24,VVV
>> Doing prefit: ch24,WZ
>> Doing prefit: ch24,ZZ
>> Doing prefit: ch24,data_fakes
>> Doing prefit: ch24,tHW
>> Doing prefit: ch24,tHq
>> Doing prefit: ch24,tZq
>> Doing prefit: ch24,ttH
>> Doing prefit: ch24,ttVV
>> Doing prefit: ch24,TotalBkg
>> Doing prefit: ch24,TotalSig
>> Doing prefit: ch24,TotalProcs
>> Doing prefit: ch3,Rares
>> Doing prefit: ch3,TTW_max_eta_bin0
>> Doing prefit: ch3,TTW_max_eta_bin1
>> Doing prefit: ch3,TTW_max_eta_bin2
>> Doing prefit: ch3,TTW_max_eta_bin3
>> Doing prefit: ch3,TTW_ooa
>> Doing prefit: ch3,TTZ
>> Doing prefit: ch3,VVV
>> Doing prefit: ch3,WZ
>> Doing prefit: ch3,ZZ
>> Doing prefit: ch3,data_fakes
>> Doing prefit: ch3,tHW
>> Doing prefit: ch3,tHq
>> Doing prefit: ch3,tZq
>> Doing prefit: ch3,ttH
>> Doing prefit: ch3,ttVV
>> Doing prefit: ch3,TotalBkg
>> Doing prefit: ch3,TotalSig
>> Doing prefit: ch3,TotalProcs
>> Doing prefit: ch4,Convs
>> Doing prefit: ch4,Rares
>> Doing prefit: ch4,TTW_max_eta_bin0
>> Doing prefit: ch4,TTW_max_eta_bin1
>> Doing prefit: ch4,TTW_max_eta_bin2
>> Doing prefit: ch4,TTW_max_eta_bin3
>> Doing prefit: ch4,TTW_ooa
>> Doing prefit: ch4,TTZ
>> Doing prefit: ch4,VVV
>> Doing prefit: ch4,WZ
>> Doing prefit: ch4,ZZ
>> Doing prefit: ch4,data_fakes
>> Doing prefit: ch4,data_flips
>> Doing prefit: ch4,tHW
>> Doing prefit: ch4,tHq
>> Doing prefit: ch4,tZq
>> Doing prefit: ch4,ttH
>> Doing prefit: ch4,ttVV
>> Doing prefit: ch4,TotalBkg
>> Doing prefit: ch4,TotalSig
>> Doing prefit: ch4,TotalProcs
>> Doing prefit: ch5,Convs
>> Doing prefit: ch5,Rares
>> Doing prefit: ch5,TTW_max_eta_bin0
>> Doing prefit: ch5,TTW_max_eta_bin1
>> Doing prefit: ch5,TTW_max_eta_bin2
>> Doing prefit: ch5,TTW_max_eta_bin3
>> Doing prefit: ch5,TTW_ooa
>> Doing prefit: ch5,TTZ
>> Doing prefit: ch5,VVV
>> Doing prefit: ch5,WZ
>> Doing prefit: ch5,ZZ
>> Doing prefit: ch5,data_fakes
>> Doing prefit: ch5,data_flips
>> Doing prefit: ch5,tHW
>> Doing prefit: ch5,tHq
>> Doing prefit: ch5,tZq
>> Doing prefit: ch5,ttH
>> Doing prefit: ch5,ttVV
>> Doing prefit: ch5,TotalBkg
>> Doing prefit: ch5,TotalSig
>> Doing prefit: ch5,TotalProcs
>> Doing prefit: ch6,Rares
>> Doing prefit: ch6,TTW_max_eta_bin0
>> Doing prefit: ch6,TTW_max_eta_bin1
>> Doing prefit: ch6,TTW_max_eta_bin2
>> Doing prefit: ch6,TTW_max_eta_bin3
>> Doing prefit: ch6,TTW_ooa
>> Doing prefit: ch6,TTZ
>> Doing prefit: ch6,VVV
>> Doing prefit: ch6,WZ
>> Doing prefit: ch6,ZZ
>> Doing prefit: ch6,data_fakes
>> Doing prefit: ch6,tHW
>> Doing prefit: ch6,tHq
>> Doing prefit: ch6,tZq
>> Doing prefit: ch6,ttH
>> Doing prefit: ch6,ttVV
>> Doing prefit: ch6,TotalBkg
>> Doing prefit: ch6,TotalSig
>> Doing prefit: ch6,TotalProcs
>> Doing prefit: ch7,Convs
>> Doing prefit: ch7,Rares
>> Doing prefit: ch7,TTW_max_eta_bin0
>> Doing prefit: ch7,TTW_max_eta_bin1
>> Doing prefit: ch7,TTW_max_eta_bin2
>> Doing prefit: ch7,TTW_max_eta_bin3
>> Doing prefit: ch7,TTW_ooa
>> Doing prefit: ch7,TTZ
>> Doing prefit: ch7,VVV
>> Doing prefit: ch7,WZ
>> Doing prefit: ch7,ZZ
>> Doing prefit: ch7,data_fakes
>> Doing prefit: ch7,data_flips
>> Doing prefit: ch7,tHW
>> Doing prefit: ch7,tHq
>> Doing prefit: ch7,tZq
>> Doing prefit: ch7,ttH
>> Doing prefit: ch7,ttVV
>> Doing prefit: ch7,TotalBkg
>> Doing prefit: ch7,TotalSig
>> Doing prefit: ch7,TotalProcs
>> Doing prefit: ch8,Convs
>> Doing prefit: ch8,Rares
>> Doing prefit: ch8,TTW_max_eta_bin0
>> Doing prefit: ch8,TTW_max_eta_bin1
>> Doing prefit: ch8,TTW_max_eta_bin2
>> Doing prefit: ch8,TTW_max_eta_bin3
>> Doing prefit: ch8,TTW_ooa
>> Doing prefit: ch8,TTZ
>> Doing prefit: ch8,VVV
>> Doing prefit: ch8,WZ
>> Doing prefit: ch8,ZZ
>> Doing prefit: ch8,data_fakes
>> Doing prefit: ch8,data_flips
>> Doing prefit: ch8,tHW
>> Doing prefit: ch8,tHq
>> Doing prefit: ch8,tZq
>> Doing prefit: ch8,ttH
>> Doing prefit: ch8,ttVV
>> Doing prefit: ch8,TotalBkg
>> Doing prefit: ch8,TotalSig
>> Doing prefit: ch8,TotalProcs
>> Doing prefit: ch9,Rares
>> Doing prefit: ch9,TTW_max_eta_bin0
>> Doing prefit: ch9,TTW_max_eta_bin1
>> Doing prefit: ch9,TTW_max_eta_bin2
>> Doing prefit: ch9,TTW_max_eta_bin3
>> Doing prefit: ch9,TTW_ooa
>> Doing prefit: ch9,TTZ
>> Doing prefit: ch9,VVV
>> Doing prefit: ch9,WZ
>> Doing prefit: ch9,ZZ
>> Doing prefit: ch9,data_fakes
>> Doing prefit: ch9,tHW
>> Doing prefit: ch9,tHq
>> Doing prefit: ch9,tZq
>> Doing prefit: ch9,ttH
>> Doing prefit: ch9,ttVV
>> Doing prefit: ch9,TotalBkg
>> Doing prefit: ch9,TotalSig
>> Doing prefit: ch9,TotalProcs
Bin                       Total relative bkg uncert. (prefit)
----------------------------------------------------------
ch1                       0.15007   
ch10                      0.18715   
ch11                      0.11324   
ch12                      0.15329   
ch13                      0.14577   
ch14                      0.12521   
ch15                      0.17523   
ch16                      0.15133   
ch17                      0.12472   
ch18                      0.15628   
ch19                      0.15005   
ch2                       0.10363   
ch20                      0.11711   
ch21                      0.12265   
ch22                      0.16190   
ch23                      0.10719   
ch24                      0.14586   
ch3                       0.14141   
ch4                       0.13181   
ch5                       0.11897   
ch6                       0.14521   
ch7                       0.13165   
ch8                       0.11932   
ch9                       0.20781   
>> Doing postfit: TotalBkg
>> Doing postfit: TotalSig
>> Doing postfit: TotalProcs
>> Doing postfit: ch1,Convs
>> Doing postfit: ch1,Rares
>> Doing postfit: ch1,TTW_max_eta_bin0
>> Doing postfit: ch1,TTW_max_eta_bin1
>> Doing postfit: ch1,TTW_max_eta_bin2
>> Doing postfit: ch1,TTW_max_eta_bin3
>> Doing postfit: ch1,TTW_ooa
>> Doing postfit: ch1,TTZ
>> Doing postfit: ch1,VVV
>> Doing postfit: ch1,WZ
>> Doing postfit: ch1,ZZ
>> Doing postfit: ch1,data_fakes
>> Doing postfit: ch1,data_flips
>> Doing postfit: ch1,tHW
>> Doing postfit: ch1,tHq
>> Doing postfit: ch1,tZq
>> Doing postfit: ch1,ttH
>> Doing postfit: ch1,ttVV
>> Doing postfit: ch1,TotalBkg
>> Doing postfit: ch1,TotalSig
>> Doing postfit: ch1,TotalProcs
>> Doing postfit: ch10,Convs
>> Doing postfit: ch10,Rares
>> Doing postfit: ch10,TTW_max_eta_bin0
>> Doing postfit: ch10,TTW_max_eta_bin1
>> Doing postfit: ch10,TTW_max_eta_bin2
>> Doing postfit: ch10,TTW_max_eta_bin3
>> Doing postfit: ch10,TTW_ooa
>> Doing postfit: ch10,TTZ
>> Doing postfit: ch10,VVV
>> Doing postfit: ch10,WZ
>> Doing postfit: ch10,ZZ
>> Doing postfit: ch10,data_fakes
>> Doing postfit: ch10,data_flips
>> Doing postfit: ch10,tHW
>> Doing postfit: ch10,tHq
>> Doing postfit: ch10,tZq
>> Doing postfit: ch10,ttH
>> Doing postfit: ch10,ttVV
>> Doing postfit: ch10,TotalBkg
>> Doing postfit: ch10,TotalSig
>> Doing postfit: ch10,TotalProcs
>> Doing postfit: ch11,Convs
>> Doing postfit: ch11,Rares
>> Doing postfit: ch11,TTW_max_eta_bin0
>> Doing postfit: ch11,TTW_max_eta_bin1
>> Doing postfit: ch11,TTW_max_eta_bin2
>> Doing postfit: ch11,TTW_max_eta_bin3
>> Doing postfit: ch11,TTW_ooa
>> Doing postfit: ch11,TTZ
>> Doing postfit: ch11,VVV
>> Doing postfit: ch11,WZ
>> Doing postfit: ch11,ZZ
>> Doing postfit: ch11,data_fakes
>> Doing postfit: ch11,data_flips
>> Doing postfit: ch11,tHW
>> Doing postfit: ch11,tHq
>> Doing postfit: ch11,tZq
>> Doing postfit: ch11,ttH
>> Doing postfit: ch11,ttVV
>> Doing postfit: ch11,TotalBkg
>> Doing postfit: ch11,TotalSig
>> Doing postfit: ch11,TotalProcs
>> Doing postfit: ch12,Rares
>> Doing postfit: ch12,TTW_max_eta_bin0
>> Doing postfit: ch12,TTW_max_eta_bin1
>> Doing postfit: ch12,TTW_max_eta_bin2
>> Doing postfit: ch12,TTW_max_eta_bin3
>> Doing postfit: ch12,TTW_ooa
>> Doing postfit: ch12,TTZ
>> Doing postfit: ch12,VVV
>> Doing postfit: ch12,WZ
>> Doing postfit: ch12,ZZ
>> Doing postfit: ch12,data_fakes
>> Doing postfit: ch12,tHW
>> Doing postfit: ch12,tHq
>> Doing postfit: ch12,tZq
>> Doing postfit: ch12,ttH
>> Doing postfit: ch12,ttVV
>> Doing postfit: ch12,TotalBkg
>> Doing postfit: ch12,TotalSig
>> Doing postfit: ch12,TotalProcs
>> Doing postfit: ch13,Convs
>> Doing postfit: ch13,Rares
>> Doing postfit: ch13,TTW_max_eta_bin0
>> Doing postfit: ch13,TTW_max_eta_bin1
>> Doing postfit: ch13,TTW_max_eta_bin2
>> Doing postfit: ch13,TTW_max_eta_bin3
>> Doing postfit: ch13,TTW_ooa
>> Doing postfit: ch13,TTZ
>> Doing postfit: ch13,VVV
>> Doing postfit: ch13,WZ
>> Doing postfit: ch13,ZZ
>> Doing postfit: ch13,data_fakes
>> Doing postfit: ch13,data_flips
>> Doing postfit: ch13,tHW
>> Doing postfit: ch13,tHq
>> Doing postfit: ch13,tZq
>> Doing postfit: ch13,ttH
>> Doing postfit: ch13,ttVV
>> Doing postfit: ch13,TotalBkg
>> Doing postfit: ch13,TotalSig
>> Doing postfit: ch13,TotalProcs
>> Doing postfit: ch14,Convs
>> Doing postfit: ch14,Rares
>> Doing postfit: ch14,TTW_max_eta_bin0
>> Doing postfit: ch14,TTW_max_eta_bin1
>> Doing postfit: ch14,TTW_max_eta_bin2
>> Doing postfit: ch14,TTW_max_eta_bin3
>> Doing postfit: ch14,TTW_ooa
>> Doing postfit: ch14,TTZ
>> Doing postfit: ch14,VVV
>> Doing postfit: ch14,WZ
>> Doing postfit: ch14,ZZ
>> Doing postfit: ch14,data_fakes
>> Doing postfit: ch14,data_flips
>> Doing postfit: ch14,tHW
>> Doing postfit: ch14,tHq
>> Doing postfit: ch14,tZq
>> Doing postfit: ch14,ttH
>> Doing postfit: ch14,ttVV
>> Doing postfit: ch14,TotalBkg
>> Doing postfit: ch14,TotalSig
>> Doing postfit: ch14,TotalProcs
>> Doing postfit: ch15,Rares
>> Doing postfit: ch15,TTW_max_eta_bin0
>> Doing postfit: ch15,TTW_max_eta_bin1
>> Doing postfit: ch15,TTW_max_eta_bin2
>> Doing postfit: ch15,TTW_max_eta_bin3
>> Doing postfit: ch15,TTW_ooa
>> Doing postfit: ch15,TTZ
>> Doing postfit: ch15,VVV
>> Doing postfit: ch15,WZ
>> Doing postfit: ch15,ZZ
>> Doing postfit: ch15,data_fakes
>> Doing postfit: ch15,tHW
>> Doing postfit: ch15,tHq
>> Doing postfit: ch15,tZq
>> Doing postfit: ch15,ttH
>> Doing postfit: ch15,ttVV
>> Doing postfit: ch15,TotalBkg
>> Doing postfit: ch15,TotalSig
>> Doing postfit: ch15,TotalProcs
>> Doing postfit: ch16,Convs
>> Doing postfit: ch16,Rares
>> Doing postfit: ch16,TTW_max_eta_bin0
>> Doing postfit: ch16,TTW_max_eta_bin1
>> Doing postfit: ch16,TTW_max_eta_bin2
>> Doing postfit: ch16,TTW_max_eta_bin3
>> Doing postfit: ch16,TTW_ooa
>> Doing postfit: ch16,TTZ
>> Doing postfit: ch16,VVV
>> Doing postfit: ch16,WZ
>> Doing postfit: ch16,ZZ
>> Doing postfit: ch16,data_fakes
>> Doing postfit: ch16,data_flips
>> Doing postfit: ch16,tHW
>> Doing postfit: ch16,tHq
>> Doing postfit: ch16,tZq
>> Doing postfit: ch16,ttH
>> Doing postfit: ch16,ttVV
>> Doing postfit: ch16,TotalBkg
>> Doing postfit: ch16,TotalSig
>> Doing postfit: ch16,TotalProcs
>> Doing postfit: ch17,Convs
>> Doing postfit: ch17,Rares
>> Doing postfit: ch17,TTW_max_eta_bin0
>> Doing postfit: ch17,TTW_max_eta_bin1
>> Doing postfit: ch17,TTW_max_eta_bin2
>> Doing postfit: ch17,TTW_max_eta_bin3
>> Doing postfit: ch17,TTW_ooa
>> Doing postfit: ch17,TTZ
>> Doing postfit: ch17,VVV
>> Doing postfit: ch17,WZ
>> Doing postfit: ch17,ZZ
>> Doing postfit: ch17,data_fakes
>> Doing postfit: ch17,data_flips
>> Doing postfit: ch17,tHW
>> Doing postfit: ch17,tHq
>> Doing postfit: ch17,tZq
>> Doing postfit: ch17,ttH
>> Doing postfit: ch17,ttVV
>> Doing postfit: ch17,TotalBkg
>> Doing postfit: ch17,TotalSig
>> Doing postfit: ch17,TotalProcs
>> Doing postfit: ch18,Rares
>> Doing postfit: ch18,TTW_max_eta_bin0
>> Doing postfit: ch18,TTW_max_eta_bin1
>> Doing postfit: ch18,TTW_max_eta_bin2
>> Doing postfit: ch18,TTW_max_eta_bin3
>> Doing postfit: ch18,TTW_ooa
>> Doing postfit: ch18,TTZ
>> Doing postfit: ch18,VVV
>> Doing postfit: ch18,WZ
>> Doing postfit: ch18,ZZ
>> Doing postfit: ch18,data_fakes
>> Doing postfit: ch18,tHW
>> Doing postfit: ch18,tHq
>> Doing postfit: ch18,tZq
>> Doing postfit: ch18,ttH
>> Doing postfit: ch18,ttVV
>> Doing postfit: ch18,TotalBkg
>> Doing postfit: ch18,TotalSig
>> Doing postfit: ch18,TotalProcs
>> Doing postfit: ch19,Convs
>> Doing postfit: ch19,Rares
>> Doing postfit: ch19,TTW_max_eta_bin0
>> Doing postfit: ch19,TTW_max_eta_bin1
>> Doing postfit: ch19,TTW_max_eta_bin2
>> Doing postfit: ch19,TTW_max_eta_bin3
>> Doing postfit: ch19,TTW_ooa
>> Doing postfit: ch19,TTZ
>> Doing postfit: ch19,VVV
>> Doing postfit: ch19,WZ
>> Doing postfit: ch19,ZZ
>> Doing postfit: ch19,data_fakes
>> Doing postfit: ch19,data_flips
>> Doing postfit: ch19,tHW
>> Doing postfit: ch19,tHq
>> Doing postfit: ch19,tZq
>> Doing postfit: ch19,ttH
>> Doing postfit: ch19,ttVV
>> Doing postfit: ch19,TotalBkg
>> Doing postfit: ch19,TotalSig
>> Doing postfit: ch19,TotalProcs
>> Doing postfit: ch2,Convs
>> Doing postfit: ch2,Rares
>> Doing postfit: ch2,TTW_max_eta_bin0
>> Doing postfit: ch2,TTW_max_eta_bin1
>> Doing postfit: ch2,TTW_max_eta_bin2
>> Doing postfit: ch2,TTW_max_eta_bin3
>> Doing postfit: ch2,TTW_ooa
>> Doing postfit: ch2,TTZ
>> Doing postfit: ch2,VVV
>> Doing postfit: ch2,WZ
>> Doing postfit: ch2,ZZ
>> Doing postfit: ch2,data_fakes
>> Doing postfit: ch2,data_flips
>> Doing postfit: ch2,tHW
>> Doing postfit: ch2,tHq
>> Doing postfit: ch2,tZq
>> Doing postfit: ch2,ttH
>> Doing postfit: ch2,ttVV
>> Doing postfit: ch2,TotalBkg
>> Doing postfit: ch2,TotalSig
>> Doing postfit: ch2,TotalProcs
>> Doing postfit: ch20,Convs
>> Doing postfit: ch20,Rares
>> Doing postfit: ch20,TTW_max_eta_bin0
>> Doing postfit: ch20,TTW_max_eta_bin1
>> Doing postfit: ch20,TTW_max_eta_bin2
>> Doing postfit: ch20,TTW_max_eta_bin3
>> Doing postfit: ch20,TTW_ooa
>> Doing postfit: ch20,TTZ
>> Doing postfit: ch20,VVV
>> Doing postfit: ch20,WZ
>> Doing postfit: ch20,ZZ
>> Doing postfit: ch20,data_fakes
>> Doing postfit: ch20,data_flips
>> Doing postfit: ch20,tHW
>> Doing postfit: ch20,tHq
>> Doing postfit: ch20,tZq
>> Doing postfit: ch20,ttH
>> Doing postfit: ch20,ttVV
>> Doing postfit: ch20,TotalBkg
>> Doing postfit: ch20,TotalSig
>> Doing postfit: ch20,TotalProcs
>> Doing postfit: ch21,Rares
>> Doing postfit: ch21,TTW_max_eta_bin0
>> Doing postfit: ch21,TTW_max_eta_bin1
>> Doing postfit: ch21,TTW_max_eta_bin2
>> Doing postfit: ch21,TTW_max_eta_bin3
>> Doing postfit: ch21,TTW_ooa
>> Doing postfit: ch21,TTZ
>> Doing postfit: ch21,VVV
>> Doing postfit: ch21,WZ
>> Doing postfit: ch21,ZZ
>> Doing postfit: ch21,data_fakes
>> Doing postfit: ch21,tHW
>> Doing postfit: ch21,tHq
>> Doing postfit: ch21,tZq
>> Doing postfit: ch21,ttH
>> Doing postfit: ch21,ttVV
>> Doing postfit: ch21,TotalBkg
>> Doing postfit: ch21,TotalSig
>> Doing postfit: ch21,TotalProcs
>> Doing postfit: ch22,Convs
>> Doing postfit: ch22,Rares
>> Doing postfit: ch22,TTW_max_eta_bin0
>> Doing postfit: ch22,TTW_max_eta_bin1
>> Doing postfit: ch22,TTW_max_eta_bin2
>> Doing postfit: ch22,TTW_max_eta_bin3
>> Doing postfit: ch22,TTW_ooa
>> Doing postfit: ch22,TTZ
>> Doing postfit: ch22,VVV
>> Doing postfit: ch22,WZ
>> Doing postfit: ch22,ZZ
>> Doing postfit: ch22,data_fakes
>> Doing postfit: ch22,data_flips
>> Doing postfit: ch22,tHW
>> Doing postfit: ch22,tHq
>> Doing postfit: ch22,tZq
>> Doing postfit: ch22,ttH
>> Doing postfit: ch22,ttVV
>> Doing postfit: ch22,TotalBkg
>> Doing postfit: ch22,TotalSig
>> Doing postfit: ch22,TotalProcs
>> Doing postfit: ch23,Convs
>> Doing postfit: ch23,Rares
>> Doing postfit: ch23,TTW_max_eta_bin0
>> Doing postfit: ch23,TTW_max_eta_bin1
>> Doing postfit: ch23,TTW_max_eta_bin2
>> Doing postfit: ch23,TTW_max_eta_bin3
>> Doing postfit: ch23,TTW_ooa
>> Doing postfit: ch23,TTZ
>> Doing postfit: ch23,VVV
>> Doing postfit: ch23,WZ
>> Doing postfit: ch23,ZZ
>> Doing postfit: ch23,data_fakes
>> Doing postfit: ch23,data_flips
>> Doing postfit: ch23,tHW
>> Doing postfit: ch23,tHq
>> Doing postfit: ch23,tZq
>> Doing postfit: ch23,ttH
>> Doing postfit: ch23,ttVV
>> Doing postfit: ch23,TotalBkg
>> Doing postfit: ch23,TotalSig
>> Doing postfit: ch23,TotalProcs
>> Doing postfit: ch24,Rares
>> Doing postfit: ch24,TTW_max_eta_bin0
>> Doing postfit: ch24,TTW_max_eta_bin1
>> Doing postfit: ch24,TTW_max_eta_bin2
>> Doing postfit: ch24,TTW_max_eta_bin3
>> Doing postfit: ch24,TTW_ooa
>> Doing postfit: ch24,TTZ
>> Doing postfit: ch24,VVV
>> Doing postfit: ch24,WZ
>> Doing postfit: ch24,ZZ
>> Doing postfit: ch24,data_fakes
>> Doing postfit: ch24,tHW
>> Doing postfit: ch24,tHq
>> Doing postfit: ch24,tZq
>> Doing postfit: ch24,ttH
>> Doing postfit: ch24,ttVV
>> Doing postfit: ch24,TotalBkg
>> Doing postfit: ch24,TotalSig
>> Doing postfit: ch24,TotalProcs
>> Doing postfit: ch3,Rares
>> Doing postfit: ch3,TTW_max_eta_bin0
>> Doing postfit: ch3,TTW_max_eta_bin1
>> Doing postfit: ch3,TTW_max_eta_bin2
>> Doing postfit: ch3,TTW_max_eta_bin3
>> Doing postfit: ch3,TTW_ooa
>> Doing postfit: ch3,TTZ
>> Doing postfit: ch3,VVV
>> Doing postfit: ch3,WZ
>> Doing postfit: ch3,ZZ
>> Doing postfit: ch3,data_fakes
>> Doing postfit: ch3,tHW
>> Doing postfit: ch3,tHq
>> Doing postfit: ch3,tZq
>> Doing postfit: ch3,ttH
>> Doing postfit: ch3,ttVV
>> Doing postfit: ch3,TotalBkg
>> Doing postfit: ch3,TotalSig
>> Doing postfit: ch3,TotalProcs
>> Doing postfit: ch4,Convs
>> Doing postfit: ch4,Rares
>> Doing postfit: ch4,TTW_max_eta_bin0
>> Doing postfit: ch4,TTW_max_eta_bin1
>> Doing postfit: ch4,TTW_max_eta_bin2
>> Doing postfit: ch4,TTW_max_eta_bin3
>> Doing postfit: ch4,TTW_ooa
>> Doing postfit: ch4,TTZ
>> Doing postfit: ch4,VVV
>> Doing postfit: ch4,WZ
>> Doing postfit: ch4,ZZ
>> Doing postfit: ch4,data_fakes
>> Doing postfit: ch4,data_flips
>> Doing postfit: ch4,tHW
>> Doing postfit: ch4,tHq
>> Doing postfit: ch4,tZq
>> Doing postfit: ch4,ttH
>> Doing postfit: ch4,ttVV
>> Doing postfit: ch4,TotalBkg
>> Doing postfit: ch4,TotalSig
>> Doing postfit: ch4,TotalProcs
>> Doing postfit: ch5,Convs
>> Doing postfit: ch5,Rares
>> Doing postfit: ch5,TTW_max_eta_bin0
>> Doing postfit: ch5,TTW_max_eta_bin1
>> Doing postfit: ch5,TTW_max_eta_bin2
>> Doing postfit: ch5,TTW_max_eta_bin3
>> Doing postfit: ch5,TTW_ooa
>> Doing postfit: ch5,TTZ
>> Doing postfit: ch5,VVV
>> Doing postfit: ch5,WZ
>> Doing postfit: ch5,ZZ
>> Doing postfit: ch5,data_fakes
>> Doing postfit: ch5,data_flips
>> Doing postfit: ch5,tHW
>> Doing postfit: ch5,tHq
>> Doing postfit: ch5,tZq
>> Doing postfit: ch5,ttH
>> Doing postfit: ch5,ttVV
>> Doing postfit: ch5,TotalBkg
>> Doing postfit: ch5,TotalSig
>> Doing postfit: ch5,TotalProcs
>> Doing postfit: ch6,Rares
>> Doing postfit: ch6,TTW_max_eta_bin0
>> Doing postfit: ch6,TTW_max_eta_bin1
>> Doing postfit: ch6,TTW_max_eta_bin2
>> Doing postfit: ch6,TTW_max_eta_bin3
>> Doing postfit: ch6,TTW_ooa
>> Doing postfit: ch6,TTZ
>> Doing postfit: ch6,VVV
>> Doing postfit: ch6,WZ
>> Doing postfit: ch6,ZZ
>> Doing postfit: ch6,data_fakes
>> Doing postfit: ch6,tHW
>> Doing postfit: ch6,tHq
>> Doing postfit: ch6,tZq
>> Doing postfit: ch6,ttH
>> Doing postfit: ch6,ttVV
>> Doing postfit: ch6,TotalBkg
>> Doing postfit: ch6,TotalSig
>> Doing postfit: ch6,TotalProcs
>> Doing postfit: ch7,Convs
>> Doing postfit: ch7,Rares
>> Doing postfit: ch7,TTW_max_eta_bin0
>> Doing postfit: ch7,TTW_max_eta_bin1
>> Doing postfit: ch7,TTW_max_eta_bin2
>> Doing postfit: ch7,TTW_max_eta_bin3
>> Doing postfit: ch7,TTW_ooa
>> Doing postfit: ch7,TTZ
>> Doing postfit: ch7,VVV
>> Doing postfit: ch7,WZ
>> Doing postfit: ch7,ZZ
>> Doing postfit: ch7,data_fakes
>> Doing postfit: ch7,data_flips
>> Doing postfit: ch7,tHW
>> Doing postfit: ch7,tHq
>> Doing postfit: ch7,tZq
>> Doing postfit: ch7,ttH
>> Doing postfit: ch7,ttVV
>> Doing postfit: ch7,TotalBkg
>> Doing postfit: ch7,TotalSig
>> Doing postfit: ch7,TotalProcs
>> Doing postfit: ch8,Convs
>> Doing postfit: ch8,Rares
>> Doing postfit: ch8,TTW_max_eta_bin0
>> Doing postfit: ch8,TTW_max_eta_bin1
>> Doing postfit: ch8,TTW_max_eta_bin2
>> Doing postfit: ch8,TTW_max_eta_bin3
>> Doing postfit: ch8,TTW_ooa
>> Doing postfit: ch8,TTZ
>> Doing postfit: ch8,VVV
>> Doing postfit: ch8,WZ
>> Doing postfit: ch8,ZZ
>> Doing postfit: ch8,data_fakes
>> Doing postfit: ch8,data_flips
>> Doing postfit: ch8,tHW
>> Doing postfit: ch8,tHq
>> Doing postfit: ch8,tZq
>> Doing postfit: ch8,ttH
>> Doing postfit: ch8,ttVV
>> Doing postfit: ch8,TotalBkg
>> Doing postfit: ch8,TotalSig
>> Doing postfit: ch8,TotalProcs
>> Doing postfit: ch9,Rares
>> Doing postfit: ch9,TTW_max_eta_bin0
>> Doing postfit: ch9,TTW_max_eta_bin1
>> Doing postfit: ch9,TTW_max_eta_bin2
>> Doing postfit: ch9,TTW_max_eta_bin3
>> Doing postfit: ch9,TTW_ooa
>> Doing postfit: ch9,TTZ
>> Doing postfit: ch9,VVV
>> Doing postfit: ch9,WZ
>> Doing postfit: ch9,ZZ
>> Doing postfit: ch9,data_fakes
>> Doing postfit: ch9,tHW
>> Doing postfit: ch9,tHq
>> Doing postfit: ch9,tZq
>> Doing postfit: ch9,ttH
>> Doing postfit: ch9,ttVV
>> Doing postfit: ch9,TotalBkg
>> Doing postfit: ch9,TotalSig
>> Doing postfit: ch9,TotalProcs

Bin                       Total relative bkg uncert. (postfit)
----------------------------------------------------------
ch1                       0.10144   
ch10                      0.11161   
ch11                      0.07682   
ch12                      0.13773   
ch13                      0.08130   
ch14                      0.08766   
ch15                      0.09532   
ch16                      0.10373   
ch17                      0.08836   
ch18                      0.09768   
ch19                      0.08871   
ch2                       0.07283   
ch20                      0.06774   
ch21                      0.08006   
ch22                      0.08933   
ch23                      0.06667   
ch24                      0.07778   
ch3                       0.08911   
ch4                       0.08664   
ch5                       0.08059   
ch6                       0.09289   
ch7                       0.09246   
ch8                       0.08665   
ch9                       0.12252   

Bin                       Process              Scale factor
----------------------------------------------------------
ch1                       Convs                1.16724   
ch1                       Rares                1.59971   
ch1                       TTW_max_eta_bin0     1.11362   
ch1                       TTW_max_eta_bin1     1.45514   
ch1                       TTW_max_eta_bin2     1.27468   
ch1                       TTW_max_eta_bin3     1.55193   
ch1                       TTW_ooa              1.06701   
ch1                       TTZ                  1.16502   
ch1                       VVV                  1.22978   
ch1                       WZ                   0.91555   
ch1                       ZZ                   1.36315   
ch1                       data_fakes           1.12649   
ch1                       data_flips           1.02142   
ch1                       tHW                  1.06359   
ch1                       tHq                  1.05665   
ch1                       tZq                  1.17545   
ch1                       ttH                  1.05482   
ch1                       ttVV                 1.06398   
ch10                      Convs                1.20968   
ch10                      Rares                1.66469   
ch10                      TTW_max_eta_bin0     1.10074   
ch10                      TTW_max_eta_bin1     1.49724   
ch10                      TTW_max_eta_bin2     1.31074   
ch10                      TTW_max_eta_bin3     1.61393   
ch10                      TTW_ooa              1.11068   
ch10                      TTZ                  1.12294   
ch10                      VVV                  1.42901   
ch10                      WZ                   1.18060   
ch10                      ZZ                   1.73684   
ch10                      data_fakes           1.13543   
ch10                      data_flips           1.02343   
ch10                      tHW                  1.09001   
ch10                      tHq                  1.09684   
ch10                      tZq                  1.23682   
ch10                      ttH                  1.04452   
ch10                      ttVV                 1.06608   
ch11                      Convs                1.18394   
ch11                      Rares                1.57657   
ch11                      TTW_max_eta_bin0     1.07770   
ch11                      TTW_max_eta_bin1     1.42931   
ch11                      TTW_max_eta_bin2     1.26236   
ch11                      TTW_max_eta_bin3     1.53319   
ch11                      TTW_ooa              1.07645   
ch11                      TTZ                  1.10078   
ch11                      VVV                  1.47279   
ch11                      WZ                   1.16704   
ch11                      ZZ                   1.53028   
ch11                      data_fakes           1.09529   
ch11                      data_flips           1.02162   
ch11                      tHW                  1.06054   
ch11                      tHq                  1.04812   
ch11                      tZq                  1.12336   
ch11                      ttH                  1.04107   
ch11                      ttVV                 1.03354   
ch12                      Rares                1.65202   
ch12                      TTW_max_eta_bin0     1.03996   
ch12                      TTW_max_eta_bin1     1.39850   
ch12                      TTW_max_eta_bin2     1.22348   
ch12                      TTW_max_eta_bin3     1.47421   
ch12                      TTW_ooa              1.04029   
ch12                      TTZ                  1.10494   
ch12                      VVV                  2.85492   
ch12                      WZ                   1.08468   
ch12                      ZZ                   1.70347   
ch12                      data_fakes           1.12467   
ch12                      tHW                  1.02634   
ch12                      tHq                  1.03757   
ch12                      tZq                  1.09880   
ch12                      ttH                  1.01852   
ch12                      ttVV                 1.00150   
ch13                      Convs                1.16289   
ch13                      Rares                1.69530   
ch13                      TTW_max_eta_bin0     1.09010   
ch13                      TTW_max_eta_bin1     1.46627   
ch13                      TTW_max_eta_bin2     1.29338   
ch13                      TTW_max_eta_bin3     1.57516   
ch13                      TTW_ooa              1.07866   
ch13                      TTZ                  1.11146   
ch13                      VVV                  1.13485   
ch13                      WZ                   0.96295   
ch13                      ZZ                   1.34699   
ch13                      data_fakes           1.25253   
ch13                      data_flips           1.02118   
ch13                      tHW                  1.02678   
ch13                      tHq                  1.05713   
ch13                      tZq                  1.10411   
ch13                      ttH                  1.04819   
ch13                      ttVV                 1.05162   
ch14                      Convs                1.07135   
ch14                      Rares                1.52798   
ch14                      TTW_max_eta_bin0     1.06146   
ch14                      TTW_max_eta_bin1     1.42163   
ch14                      TTW_max_eta_bin2     1.25949   
ch14                      TTW_max_eta_bin3     1.52392   
ch14                      TTW_ooa              1.03076   
ch14                      TTZ                  1.07629   
ch14                      VVV                  1.13609   
ch14                      WZ                   0.95774   
ch14                      ZZ                   1.42718   
ch14                      data_fakes           1.18227   
ch14                      data_flips           1.02128   
ch14                      tHW                  1.01442   
ch14                      tHq                  1.01424   
ch14                      tZq                  1.09773   
ch14                      ttH                  1.02784   
ch14                      ttVV                 1.02546   
ch15                      Rares                1.44623   
ch15                      TTW_max_eta_bin0     1.04019   
ch15                      TTW_max_eta_bin1     1.37834   
ch15                      TTW_max_eta_bin2     1.21168   
ch15                      TTW_max_eta_bin3     1.45580   
ch15                      TTW_ooa              0.98640   
ch15                      TTZ                  1.09124   
ch15                      VVV                  1.12246   
ch15                      WZ                   0.92744   
ch15                      ZZ                   1.41989   
ch15                      data_fakes           1.08551   
ch15                      tHW                  0.98997   
ch15                      tHq                  1.02990   
ch15                      tZq                  1.03610   
ch15                      ttH                  0.98957   
ch15                      ttVV                 0.99575   
ch16                      Convs                0.79125   
ch16                      Rares                1.51951   
ch16                      TTW_max_eta_bin0     1.09581   
ch16                      TTW_max_eta_bin1     1.46510   
ch16                      TTW_max_eta_bin2     1.29400   
ch16                      TTW_max_eta_bin3     1.57762   
ch16                      TTW_ooa              1.07483   
ch16                      TTZ                  1.13087   
ch16                      VVV                  1.24469   
ch16                      WZ                   0.92971   
ch16                      ZZ                   1.07092   
ch16                      data_fakes           1.13618   
ch16                      data_flips           1.02016   
ch16                      tHW                  1.04395   
ch16                      tHq                  1.03862   
ch16                      tZq                  1.11908   
ch16                      ttH                  1.04352   
ch16                      ttVV                 1.05269   
ch17                      Convs                1.12265   
ch17                      Rares                1.55575   
ch17                      TTW_max_eta_bin0     1.06526   
ch17                      TTW_max_eta_bin1     1.41876   
ch17                      TTW_max_eta_bin2     1.25874   
ch17                      TTW_max_eta_bin3     1.52010   
ch17                      TTW_ooa              1.02409   
ch17                      TTZ                  1.11194   
ch17                      VVV                  1.22477   
ch17                      WZ                   0.97046   
ch17                      ZZ                   1.25025   
ch17                      data_fakes           1.18559   
ch17                      data_flips           1.02133   
ch17                      tHW                  1.02477   
ch17                      tHq                  1.02222   
ch17                      tZq                  1.06595   
ch17                      ttH                  1.01988   
ch17                      ttVV                 1.02563   
ch18                      Rares                1.41838   
ch18                      TTW_max_eta_bin0     1.03902   
ch18                      TTW_max_eta_bin1     1.37557   
ch18                      TTW_max_eta_bin2     1.22279   
ch18                      TTW_max_eta_bin3     1.46811   
ch18                      TTW_ooa              0.99198   
ch18                      TTZ                  1.08489   
ch18                      VVV                  1.19652   
ch18                      WZ                   0.94933   
ch18                      ZZ                   0.96686   
ch18                      data_fakes           1.09314   
ch18                      tHW                  0.99339   
ch18                      tHq                  0.97869   
ch18                      tZq                  1.07715   
ch18                      ttH                  0.99214   
ch18                      ttVV                 0.99677   
ch19                      Convs                1.12670   
ch19                      Rares                1.64053   
ch19                      TTW_max_eta_bin0     1.07509   
ch19                      TTW_max_eta_bin1     1.43554   
ch19                      TTW_max_eta_bin2     1.28731   
ch19                      TTW_max_eta_bin3     1.54763   
ch19                      TTW_ooa              1.00874   
ch19                      TTZ                  1.29608   
ch19                      VVV                  1.23279   
ch19                      WZ                   0.96617   
ch19                      ZZ                   1.12543   
ch19                      data_fakes           1.22612   
ch19                      data_flips           1.02154   
ch19                      tHW                  1.05124   
ch19                      tHq                  1.02394   
ch19                      tZq                  1.08338   
ch19                      ttH                  1.03027   
ch19                      ttVV                 1.04269   
ch2                       Convs                1.26697   
ch2                       Rares                1.40933   
ch2                       TTW_max_eta_bin0     1.05542   
ch2                       TTW_max_eta_bin1     1.41207   
ch2                       TTW_max_eta_bin2     1.24125   
ch2                       TTW_max_eta_bin3     1.51492   
ch2                       TTW_ooa              1.02022   
ch2                       TTZ                  1.12184   
ch2                       VVV                  1.13502   
ch2                       WZ                   0.89125   
ch2                       ZZ                   1.19874   
ch2                       data_fakes           1.05572   
ch2                       data_flips           1.02129   
ch2                       tHW                  1.00863   
ch2                       tHq                  1.02021   
ch2                       tZq                  1.03186   
ch2                       ttH                  1.04939   
ch2                       ttVV                 1.02301   
ch20                      Convs                1.18109   
ch20                      Rares                1.59115   
ch20                      TTW_max_eta_bin0     1.04892   
ch20                      TTW_max_eta_bin1     1.39756   
ch20                      TTW_max_eta_bin2     1.23224   
ch20                      TTW_max_eta_bin3     1.47565   
ch20                      TTW_ooa              0.99518   
ch20                      TTZ                  1.09523   
ch20                      VVV                  1.19310   
ch20                      WZ                   0.94503   
ch20                      ZZ                   1.21643   
ch20                      data_fakes           1.17592   
ch20                      data_flips           1.02159   
ch20                      tHW                  1.00922   
ch20                      tHq                  0.99656   
ch20                      tZq                  1.04166   
ch20                      ttH                  1.00402   
ch20                      ttVV                 1.01129   
ch21                      Rares                1.27327   
ch21                      TTW_max_eta_bin0     1.01882   
ch21                      TTW_max_eta_bin1     1.36541   
ch21                      TTW_max_eta_bin2     1.19169   
ch21                      TTW_max_eta_bin3     1.43465   
ch21                      TTW_ooa              0.97130   
ch21                      TTZ                  1.06487   
ch21                      VVV                  1.14877   
ch21                      WZ                   0.98748   
ch21                      ZZ                   0.93637   
ch21                      data_fakes           1.11068   
ch21                      tHW                  0.98336   
ch21                      tHq                  0.96476   
ch21                      tZq                  1.04205   
ch21                      ttH                  0.98042   
ch21                      ttVV                 0.98241   
ch22                      Convs                1.17989   
ch22                      Rares                1.49500   
ch22                      TTW_max_eta_bin0     1.07143   
ch22                      TTW_max_eta_bin1     1.43850   
ch22                      TTW_max_eta_bin2     1.26739   
ch22                      TTW_max_eta_bin3     1.52381   
ch22                      TTW_ooa              1.04925   
ch22                      TTZ                  1.11253   
ch22                      VVV                  1.03472   
ch22                      WZ                   0.84870   
ch22                      ZZ                   1.30371   
ch22                      data_fakes           1.24923   
ch22                      data_flips           1.02170   
ch22                      tHW                  0.99550   
ch22                      tHq                  1.03999   
ch22                      tZq                  1.09962   
ch22                      ttH                  1.01918   
ch22                      ttVV                 1.04198   
ch23                      Convs                1.14380   
ch23                      Rares                1.43396   
ch23                      TTW_max_eta_bin0     1.05167   
ch23                      TTW_max_eta_bin1     1.39648   
ch23                      TTW_max_eta_bin2     1.23434   
ch23                      TTW_max_eta_bin3     1.48625   
ch23                      TTW_ooa              1.00215   
ch23                      TTZ                  1.11738   
ch23                      VVV                  1.22217   
ch23                      WZ                   0.96672   
ch23                      ZZ                   1.31215   
ch23                      data_fakes           1.16392   
ch23                      data_flips           1.02157   
ch23                      tHW                  1.01395   
ch23                      tHq                  1.00314   
ch23                      tZq                  1.04314   
ch23                      ttH                  1.00376   
ch23                      ttVV                 1.01288   
ch24                      Rares                1.55019   
ch24                      TTW_max_eta_bin0     1.02096   
ch24                      TTW_max_eta_bin1     1.35759   
ch24                      TTW_max_eta_bin2     1.19065   
ch24                      TTW_max_eta_bin3     1.43285   
ch24                      TTW_ooa              0.96212   
ch24                      TTZ                  1.06965   
ch24                      VVV                  1.20357   
ch24                      WZ                   0.95528   
ch24                      ZZ                   1.36621   
ch24                      data_fakes           1.10720   
ch24                      tHW                  0.97926   
ch24                      tHq                  0.97348   
ch24                      tZq                  1.06441   
ch24                      ttH                  0.98205   
ch24                      ttVV                 0.97750   
ch3                       Rares                1.45081   
ch3                       TTW_max_eta_bin0     1.02287   
ch3                       TTW_max_eta_bin1     1.36943   
ch3                       TTW_max_eta_bin2     1.20551   
ch3                       TTW_max_eta_bin3     1.46588   
ch3                       TTW_ooa              0.99202   
ch3                       TTZ                  1.05427   
ch3                       VVV                  1.18530   
ch3                       WZ                   0.91697   
ch3                       ZZ                   1.32448   
ch3                       data_fakes           1.07472   
ch3                       tHW                  0.97036   
ch3                       tHq                  0.98752   
ch3                       tZq                  0.99960   
ch3                       ttH                  0.97855   
ch3                       ttVV                 0.98421   
ch4                       Convs                1.17509   
ch4                       Rares                1.53879   
ch4                       TTW_max_eta_bin0     1.10289   
ch4                       TTW_max_eta_bin1     1.44503   
ch4                       TTW_max_eta_bin2     1.31399   
ch4                       TTW_max_eta_bin3     1.53491   
ch4                       TTW_ooa              1.09593   
ch4                       TTZ                  1.08023   
ch4                       VVV                  1.28186   
ch4                       WZ                   0.99495   
ch4                       ZZ                   1.36587   
ch4                       data_fakes           1.16912   
ch4                       data_flips           1.02048   
ch4                       tHW                  1.06004   
ch4                       tHq                  1.06426   
ch4                       tZq                  1.12413   
ch4                       ttH                  1.03928   
ch4                       ttVV                 1.06578   
ch5                       Convs                1.36284   
ch5                       Rares                1.53689   
ch5                       TTW_max_eta_bin0     1.06440   
ch5                       TTW_max_eta_bin1     1.42548   
ch5                       TTW_max_eta_bin2     1.24021   
ch5                       TTW_max_eta_bin3     1.50158   
ch5                       TTW_ooa              1.04986   
ch5                       TTZ                  1.12874   
ch5                       VVV                  1.24866   
ch5                       WZ                   0.98571   
ch5                       ZZ                   1.28268   
ch5                       data_fakes           1.19694   
ch5                       data_flips           1.02154   
ch5                       tHW                  1.00706   
ch5                       tHq                  1.01670   
ch5                       tZq                  1.10298   
ch5                       ttH                  1.01969   
ch5                       ttVV                 1.01574   
ch6                       Rares                1.72456   
ch6                       TTW_max_eta_bin0     1.02759   
ch6                       TTW_max_eta_bin1     1.38220   
ch6                       TTW_max_eta_bin2     1.19820   
ch6                       TTW_max_eta_bin3     1.45769   
ch6                       TTW_ooa              0.97890   
ch6                       TTZ                  1.08048   
ch6                       VVV                  1.02873   
ch6                       WZ                   0.92720   
ch6                       ZZ                   1.32958   
ch6                       data_fakes           1.13560   
ch6                       tHW                  0.98125   
ch6                       tHq                  0.98747   
ch6                       tZq                  1.01875   
ch6                       ttH                  0.97725   
ch6                       ttVV                 0.98425   
ch7                       Convs                1.11989   
ch7                       Rares                1.61097   
ch7                       TTW_max_eta_bin0     1.09980   
ch7                       TTW_max_eta_bin1     1.45454   
ch7                       TTW_max_eta_bin2     1.31398   
ch7                       TTW_max_eta_bin3     1.57959   
ch7                       TTW_ooa              1.08152   
ch7                       TTZ                  1.21234   
ch7                       VVV                  1.42031   
ch7                       WZ                   1.22960   
ch7                       ZZ                   1.51400   
ch7                       data_fakes           1.10871   
ch7                       data_flips           1.01987   
ch7                       tHW                  1.08247   
ch7                       tHq                  1.06478   
ch7                       tZq                  1.20207   
ch7                       ttH                  1.04827   
ch7                       ttVV                 1.06108   
ch8                       Convs                1.23384   
ch8                       Rares                1.64608   
ch8                       TTW_max_eta_bin0     1.06575   
ch8                       TTW_max_eta_bin1     1.43486   
ch8                       TTW_max_eta_bin2     1.27004   
ch8                       TTW_max_eta_bin3     1.53799   
ch8                       TTW_ooa              1.06918   
ch8                       TTZ                  1.15928   
ch8                       VVV                  1.37901   
ch8                       WZ                   1.33463   
ch8                       ZZ                   1.47331   
ch8                       data_fakes           1.21447   
ch8                       data_flips           1.02175   
ch8                       tHW                  1.04325   
ch8                       tHq                  1.05915   
ch8                       tZq                  1.15447   
ch8                       ttH                  1.02487   
ch8                       ttVV                 1.03527   
ch9                       Rares                1.53271   
ch9                       TTW_max_eta_bin0     1.03337   
ch9                       TTW_max_eta_bin1     1.39164   
ch9                       TTW_max_eta_bin2     1.22352   
ch9                       TTW_max_eta_bin3     1.47551   
ch9                       TTW_ooa              1.04008   
ch9                       TTZ                  1.12170   
ch9                       VVV                  1.32440   
ch9                       WZ                   1.20419   
ch9                       ZZ                   1.28200   
ch9                       data_fakes           1.21276   
ch9                       tHW                  1.01840   
ch9                       tHq                  1.01407   
ch9                       tZq                  1.13633   
ch9                       ttH                  1.00155   
ch9                       ttVV                 1.00924   
