WARNING: the default behaviour of PostFitShapesFromWorkspace is to use the covariance matrix sampling method for the post-fit uncertainty. The option --sampling is deprecated and will be removed in future versions of CombineHarvester
[SetFlag] Changing value of flag "workspaces-use-clone" from 0 to 1
[#1] INFO:ObjectHandling -- RooWorkspace::import(w) importing dataset ch1
[#1] INFO:ObjectHandling -- RooWorkspace::import(w) importing dataset ch10
[#1] INFO:ObjectHandling -- RooWorkspace::import(w) importing dataset ch11
[#1] INFO:ObjectHandling -- RooWorkspace::import(w) importing dataset ch12
[#1] INFO:ObjectHandling -- RooWorkspace::import(w) importing dataset ch13
[#1] INFO:ObjectHandling -- RooWorkspace::import(w) importing dataset ch14
[#1] INFO:ObjectHandling -- RooWorkspace::import(w) importing dataset ch15
[#1] INFO:ObjectHandling -- RooWorkspace::import(w) importing dataset ch16
[#1] INFO:ObjectHandling -- RooWorkspace::import(w) importing dataset ch17
[#1] INFO:ObjectHandling -- RooWorkspace::import(w) importing dataset ch18
[#1] INFO:ObjectHandling -- RooWorkspace::import(w) importing dataset ch19
[#1] INFO:ObjectHandling -- RooWorkspace::import(w) importing dataset ch2
[#1] INFO:ObjectHandling -- RooWorkspace::import(w) importing dataset ch20
[#1] INFO:ObjectHandling -- RooWorkspace::import(w) importing dataset ch21
[#1] INFO:ObjectHandling -- RooWorkspace::import(w) importing dataset ch22
[#1] INFO:ObjectHandling -- RooWorkspace::import(w) importing dataset ch23
[#1] INFO:ObjectHandling -- RooWorkspace::import(w) importing dataset ch24
[#1] INFO:ObjectHandling -- RooWorkspace::import(w) importing dataset ch3
[#1] INFO:ObjectHandling -- RooWorkspace::import(w) importing dataset ch4
[#1] INFO:ObjectHandling -- RooWorkspace::import(w) importing dataset ch5
[#1] INFO:ObjectHandling -- RooWorkspace::import(w) importing dataset ch6
[#1] INFO:ObjectHandling -- RooWorkspace::import(w) importing dataset ch7
[#1] INFO:ObjectHandling -- RooWorkspace::import(w) importing dataset ch8
[#1] INFO:ObjectHandling -- RooWorkspace::import(w) importing dataset ch9
[SetFlag] Changing value of flag "workspaces-use-clone" from 0 to 1
>> Doing prefit: TotalBkg
>> Doing prefit: TotalSig
>> Doing prefit: TotalProcs
>> Doing prefit: ch1,Convs
>> Doing prefit: ch1,Rares
>> Doing prefit: ch1,TTW_mindr_lep1_jet25_bin0
>> Doing prefit: ch1,TTW_mindr_lep1_jet25_bin1
>> Doing prefit: ch1,TTW_mindr_lep1_jet25_bin2
>> Doing prefit: ch1,TTW_mindr_lep1_jet25_bin3
>> Doing prefit: ch1,TTW_ooa
>> Doing prefit: ch1,TTZ
>> Doing prefit: ch1,VVV
>> Doing prefit: ch1,WZ
>> Doing prefit: ch1,ZZ
>> Doing prefit: ch1,data_fakes
>> Doing prefit: ch1,data_flips
>> Doing prefit: ch1,tHW
>> Doing prefit: ch1,tHq
>> Doing prefit: ch1,tZq
>> Doing prefit: ch1,ttH
>> Doing prefit: ch1,ttVV
>> Doing prefit: ch1,TotalBkg
>> Doing prefit: ch1,TotalSig
>> Doing prefit: ch1,TotalProcs
>> Doing prefit: ch10,Convs
>> Doing prefit: ch10,Rares
>> Doing prefit: ch10,TTW_mindr_lep1_jet25_bin0
>> Doing prefit: ch10,TTW_mindr_lep1_jet25_bin1
>> Doing prefit: ch10,TTW_mindr_lep1_jet25_bin2
>> Doing prefit: ch10,TTW_mindr_lep1_jet25_bin3
>> Doing prefit: ch10,TTW_ooa
>> Doing prefit: ch10,TTZ
>> Doing prefit: ch10,VVV
>> Doing prefit: ch10,WZ
>> Doing prefit: ch10,ZZ
>> Doing prefit: ch10,data_fakes
>> Doing prefit: ch10,data_flips
>> Doing prefit: ch10,tHW
>> Doing prefit: ch10,tHq
>> Doing prefit: ch10,tZq
>> Doing prefit: ch10,ttH
>> Doing prefit: ch10,ttVV
>> Doing prefit: ch10,TotalBkg
>> Doing prefit: ch10,TotalSig
>> Doing prefit: ch10,TotalProcs
>> Doing prefit: ch11,Convs
>> Doing prefit: ch11,Rares
>> Doing prefit: ch11,TTW_mindr_lep1_jet25_bin0
>> Doing prefit: ch11,TTW_mindr_lep1_jet25_bin1
>> Doing prefit: ch11,TTW_mindr_lep1_jet25_bin2
>> Doing prefit: ch11,TTW_mindr_lep1_jet25_bin3
>> Doing prefit: ch11,TTW_ooa
>> Doing prefit: ch11,TTZ
>> Doing prefit: ch11,VVV
>> Doing prefit: ch11,WZ
>> Doing prefit: ch11,ZZ
>> Doing prefit: ch11,data_fakes
>> Doing prefit: ch11,data_flips
>> Doing prefit: ch11,tHW
>> Doing prefit: ch11,tHq
>> Doing prefit: ch11,tZq
>> Doing prefit: ch11,ttH
>> Doing prefit: ch11,ttVV
>> Doing prefit: ch11,TotalBkg
>> Doing prefit: ch11,TotalSig
>> Doing prefit: ch11,TotalProcs
>> Doing prefit: ch12,Rares
>> Doing prefit: ch12,TTW_mindr_lep1_jet25_bin0
>> Doing prefit: ch12,TTW_mindr_lep1_jet25_bin1
>> Doing prefit: ch12,TTW_mindr_lep1_jet25_bin2
>> Doing prefit: ch12,TTW_mindr_lep1_jet25_bin3
>> Doing prefit: ch12,TTW_ooa
>> Doing prefit: ch12,TTZ
>> Doing prefit: ch12,VVV
>> Doing prefit: ch12,WZ
>> Doing prefit: ch12,ZZ
>> Doing prefit: ch12,data_fakes
>> Doing prefit: ch12,tHW
>> Doing prefit: ch12,tHq
>> Doing prefit: ch12,tZq
>> Doing prefit: ch12,ttH
>> Doing prefit: ch12,ttVV
>> Doing prefit: ch12,TotalBkg
>> Doing prefit: ch12,TotalSig
>> Doing prefit: ch12,TotalProcs
>> Doing prefit: ch13,Convs
>> Doing prefit: ch13,Rares
>> Doing prefit: ch13,TTW_mindr_lep1_jet25_bin0
>> Doing prefit: ch13,TTW_mindr_lep1_jet25_bin1
>> Doing prefit: ch13,TTW_mindr_lep1_jet25_bin2
>> Doing prefit: ch13,TTW_mindr_lep1_jet25_bin3
>> Doing prefit: ch13,TTW_ooa
>> Doing prefit: ch13,TTZ
>> Doing prefit: ch13,VVV
>> Doing prefit: ch13,WZ
>> Doing prefit: ch13,ZZ
>> Doing prefit: ch13,data_fakes
>> Doing prefit: ch13,data_flips
>> Doing prefit: ch13,tHW
>> Doing prefit: ch13,tHq
>> Doing prefit: ch13,tZq
>> Doing prefit: ch13,ttH
>> Doing prefit: ch13,ttVV
>> Doing prefit: ch13,TotalBkg
>> Doing prefit: ch13,TotalSig
>> Doing prefit: ch13,TotalProcs
>> Doing prefit: ch14,Convs
>> Doing prefit: ch14,Rares
>> Doing prefit: ch14,TTW_mindr_lep1_jet25_bin0
>> Doing prefit: ch14,TTW_mindr_lep1_jet25_bin1
>> Doing prefit: ch14,TTW_mindr_lep1_jet25_bin2
>> Doing prefit: ch14,TTW_mindr_lep1_jet25_bin3
>> Doing prefit: ch14,TTW_ooa
>> Doing prefit: ch14,TTZ
>> Doing prefit: ch14,VVV
>> Doing prefit: ch14,WZ
>> Doing prefit: ch14,ZZ
>> Doing prefit: ch14,data_fakes
>> Doing prefit: ch14,data_flips
>> Doing prefit: ch14,tHW
>> Doing prefit: ch14,tHq
>> Doing prefit: ch14,tZq
>> Doing prefit: ch14,ttH
>> Doing prefit: ch14,ttVV
>> Doing prefit: ch14,TotalBkg
>> Doing prefit: ch14,TotalSig
>> Doing prefit: ch14,TotalProcs
>> Doing prefit: ch15,Rares
>> Doing prefit: ch15,TTW_mindr_lep1_jet25_bin0
>> Doing prefit: ch15,TTW_mindr_lep1_jet25_bin1
>> Doing prefit: ch15,TTW_mindr_lep1_jet25_bin2
>> Doing prefit: ch15,TTW_mindr_lep1_jet25_bin3
>> Doing prefit: ch15,TTW_ooa
>> Doing prefit: ch15,TTZ
>> Doing prefit: ch15,VVV
>> Doing prefit: ch15,WZ
>> Doing prefit: ch15,ZZ
>> Doing prefit: ch15,data_fakes
>> Doing prefit: ch15,tHW
>> Doing prefit: ch15,tHq
>> Doing prefit: ch15,tZq
>> Doing prefit: ch15,ttH
>> Doing prefit: ch15,ttVV
>> Doing prefit: ch15,TotalBkg
>> Doing prefit: ch15,TotalSig
>> Doing prefit: ch15,TotalProcs
>> Doing prefit: ch16,Convs
>> Doing prefit: ch16,Rares
>> Doing prefit: ch16,TTW_mindr_lep1_jet25_bin0
>> Doing prefit: ch16,TTW_mindr_lep1_jet25_bin1
>> Doing prefit: ch16,TTW_mindr_lep1_jet25_bin2
>> Doing prefit: ch16,TTW_mindr_lep1_jet25_bin3
>> Doing prefit: ch16,TTW_ooa
>> Doing prefit: ch16,TTZ
>> Doing prefit: ch16,VVV
>> Doing prefit: ch16,WZ
>> Doing prefit: ch16,ZZ
>> Doing prefit: ch16,data_fakes
>> Doing prefit: ch16,data_flips
>> Doing prefit: ch16,tHW
>> Doing prefit: ch16,tHq
>> Doing prefit: ch16,tZq
>> Doing prefit: ch16,ttH
>> Doing prefit: ch16,ttVV
>> Doing prefit: ch16,TotalBkg
>> Doing prefit: ch16,TotalSig
>> Doing prefit: ch16,TotalProcs
>> Doing prefit: ch17,Convs
>> Doing prefit: ch17,Rares
>> Doing prefit: ch17,TTW_mindr_lep1_jet25_bin0
>> Doing prefit: ch17,TTW_mindr_lep1_jet25_bin1
>> Doing prefit: ch17,TTW_mindr_lep1_jet25_bin2
>> Doing prefit: ch17,TTW_mindr_lep1_jet25_bin3
>> Doing prefit: ch17,TTW_ooa
>> Doing prefit: ch17,TTZ
>> Doing prefit: ch17,VVV
>> Doing prefit: ch17,WZ
>> Doing prefit: ch17,ZZ
>> Doing prefit: ch17,data_fakes
>> Doing prefit: ch17,data_flips
>> Doing prefit: ch17,tHW
>> Doing prefit: ch17,tHq
>> Doing prefit: ch17,tZq
>> Doing prefit: ch17,ttH
>> Doing prefit: ch17,ttVV
>> Doing prefit: ch17,TotalBkg
>> Doing prefit: ch17,TotalSig
>> Doing prefit: ch17,TotalProcs
>> Doing prefit: ch18,Rares
>> Doing prefit: ch18,TTW_mindr_lep1_jet25_bin0
>> Doing prefit: ch18,TTW_mindr_lep1_jet25_bin1
>> Doing prefit: ch18,TTW_mindr_lep1_jet25_bin2
>> Doing prefit: ch18,TTW_mindr_lep1_jet25_bin3
>> Doing prefit: ch18,TTW_ooa
>> Doing prefit: ch18,TTZ
>> Doing prefit: ch18,VVV
>> Doing prefit: ch18,WZ
>> Doing prefit: ch18,ZZ
>> Doing prefit: ch18,data_fakes
>> Doing prefit: ch18,tHW
>> Doing prefit: ch18,tHq
>> Doing prefit: ch18,tZq
>> Doing prefit: ch18,ttH
>> Doing prefit: ch18,ttVV
>> Doing prefit: ch18,TotalBkg
>> Doing prefit: ch18,TotalSig
>> Doing prefit: ch18,TotalProcs
>> Doing prefit: ch19,Convs
>> Doing prefit: ch19,Rares
>> Doing prefit: ch19,TTW_mindr_lep1_jet25_bin0
>> Doing prefit: ch19,TTW_mindr_lep1_jet25_bin1
>> Doing prefit: ch19,TTW_mindr_lep1_jet25_bin2
>> Doing prefit: ch19,TTW_mindr_lep1_jet25_bin3
>> Doing prefit: ch19,TTW_ooa
>> Doing prefit: ch19,TTZ
>> Doing prefit: ch19,VVV
>> Doing prefit: ch19,WZ
>> Doing prefit: ch19,ZZ
>> Doing prefit: ch19,data_fakes
>> Doing prefit: ch19,data_flips
>> Doing prefit: ch19,tHW
>> Doing prefit: ch19,tHq
>> Doing prefit: ch19,tZq
>> Doing prefit: ch19,ttH
>> Doing prefit: ch19,ttVV
>> Doing prefit: ch19,TotalBkg
>> Doing prefit: ch19,TotalSig
>> Doing prefit: ch19,TotalProcs
>> Doing prefit: ch2,Convs
>> Doing prefit: ch2,Rares
>> Doing prefit: ch2,TTW_mindr_lep1_jet25_bin0
>> Doing prefit: ch2,TTW_mindr_lep1_jet25_bin1
>> Doing prefit: ch2,TTW_mindr_lep1_jet25_bin2
>> Doing prefit: ch2,TTW_mindr_lep1_jet25_bin3
>> Doing prefit: ch2,TTW_ooa
>> Doing prefit: ch2,TTZ
>> Doing prefit: ch2,VVV
>> Doing prefit: ch2,WZ
>> Doing prefit: ch2,ZZ
>> Doing prefit: ch2,data_fakes
>> Doing prefit: ch2,data_flips
>> Doing prefit: ch2,tHW
>> Doing prefit: ch2,tHq
>> Doing prefit: ch2,tZq
>> Doing prefit: ch2,ttH
>> Doing prefit: ch2,ttVV
>> Doing prefit: ch2,TotalBkg
>> Doing prefit: ch2,TotalSig
>> Doing prefit: ch2,TotalProcs
>> Doing prefit: ch20,Convs
>> Doing prefit: ch20,Rares
>> Doing prefit: ch20,TTW_mindr_lep1_jet25_bin0
>> Doing prefit: ch20,TTW_mindr_lep1_jet25_bin1
>> Doing prefit: ch20,TTW_mindr_lep1_jet25_bin2
>> Doing prefit: ch20,TTW_mindr_lep1_jet25_bin3
>> Doing prefit: ch20,TTW_ooa
>> Doing prefit: ch20,TTZ
>> Doing prefit: ch20,VVV
>> Doing prefit: ch20,WZ
>> Doing prefit: ch20,ZZ
>> Doing prefit: ch20,data_fakes
>> Doing prefit: ch20,data_flips
>> Doing prefit: ch20,tHW
>> Doing prefit: ch20,tHq
>> Doing prefit: ch20,tZq
>> Doing prefit: ch20,ttH
>> Doing prefit: ch20,ttVV
>> Doing prefit: ch20,TotalBkg
>> Doing prefit: ch20,TotalSig
>> Doing prefit: ch20,TotalProcs
>> Doing prefit: ch21,Rares
>> Doing prefit: ch21,TTW_mindr_lep1_jet25_bin0
>> Doing prefit: ch21,TTW_mindr_lep1_jet25_bin1
>> Doing prefit: ch21,TTW_mindr_lep1_jet25_bin2
>> Doing prefit: ch21,TTW_mindr_lep1_jet25_bin3
>> Doing prefit: ch21,TTW_ooa
>> Doing prefit: ch21,TTZ
>> Doing prefit: ch21,VVV
>> Doing prefit: ch21,WZ
>> Doing prefit: ch21,ZZ
>> Doing prefit: ch21,data_fakes
>> Doing prefit: ch21,tHW
>> Doing prefit: ch21,tHq
>> Doing prefit: ch21,tZq
>> Doing prefit: ch21,ttH
>> Doing prefit: ch21,ttVV
>> Doing prefit: ch21,TotalBkg
>> Doing prefit: ch21,TotalSig
>> Doing prefit: ch21,TotalProcs
>> Doing prefit: ch22,Convs
>> Doing prefit: ch22,Rares
>> Doing prefit: ch22,TTW_mindr_lep1_jet25_bin0
>> Doing prefit: ch22,TTW_mindr_lep1_jet25_bin1
>> Doing prefit: ch22,TTW_mindr_lep1_jet25_bin2
>> Doing prefit: ch22,TTW_mindr_lep1_jet25_bin3
>> Doing prefit: ch22,TTW_ooa
>> Doing prefit: ch22,TTZ
>> Doing prefit: ch22,VVV
>> Doing prefit: ch22,WZ
>> Doing prefit: ch22,ZZ
>> Doing prefit: ch22,data_fakes
>> Doing prefit: ch22,data_flips
>> Doing prefit: ch22,tHW
>> Doing prefit: ch22,tHq
>> Doing prefit: ch22,tZq
>> Doing prefit: ch22,ttH
>> Doing prefit: ch22,ttVV
>> Doing prefit: ch22,TotalBkg
>> Doing prefit: ch22,TotalSig
>> Doing prefit: ch22,TotalProcs
>> Doing prefit: ch23,Convs
>> Doing prefit: ch23,Rares
>> Doing prefit: ch23,TTW_mindr_lep1_jet25_bin0
>> Doing prefit: ch23,TTW_mindr_lep1_jet25_bin1
>> Doing prefit: ch23,TTW_mindr_lep1_jet25_bin2
>> Doing prefit: ch23,TTW_mindr_lep1_jet25_bin3
>> Doing prefit: ch23,TTW_ooa
>> Doing prefit: ch23,TTZ
>> Doing prefit: ch23,VVV
>> Doing prefit: ch23,WZ
>> Doing prefit: ch23,ZZ
>> Doing prefit: ch23,data_fakes
>> Doing prefit: ch23,data_flips
>> Doing prefit: ch23,tHW
>> Doing prefit: ch23,tHq
>> Doing prefit: ch23,tZq
>> Doing prefit: ch23,ttH
>> Doing prefit: ch23,ttVV
>> Doing prefit: ch23,TotalBkg
>> Doing prefit: ch23,TotalSig
>> Doing prefit: ch23,TotalProcs
>> Doing prefit: ch24,Rares
>> Doing prefit: ch24,TTW_mindr_lep1_jet25_bin0
>> Doing prefit: ch24,TTW_mindr_lep1_jet25_bin1
>> Doing prefit: ch24,TTW_mindr_lep1_jet25_bin2
>> Doing prefit: ch24,TTW_mindr_lep1_jet25_bin3
>> Doing prefit: ch24,TTW_ooa
>> Doing prefit: ch24,TTZ
>> Doing prefit: ch24,VVV
>> Doing prefit: ch24,WZ
>> Doing prefit: ch24,ZZ
>> Doing prefit: ch24,data_fakes
>> Doing prefit: ch24,tHW
>> Doing prefit: ch24,tHq
>> Doing prefit: ch24,tZq
>> Doing prefit: ch24,ttH
>> Doing prefit: ch24,ttVV
>> Doing prefit: ch24,TotalBkg
>> Doing prefit: ch24,TotalSig
>> Doing prefit: ch24,TotalProcs
>> Doing prefit: ch3,Rares
>> Doing prefit: ch3,TTW_mindr_lep1_jet25_bin0
>> Doing prefit: ch3,TTW_mindr_lep1_jet25_bin1
>> Doing prefit: ch3,TTW_mindr_lep1_jet25_bin2
>> Doing prefit: ch3,TTW_mindr_lep1_jet25_bin3
>> Doing prefit: ch3,TTW_ooa
>> Doing prefit: ch3,TTZ
>> Doing prefit: ch3,VVV
>> Doing prefit: ch3,WZ
>> Doing prefit: ch3,ZZ
>> Doing prefit: ch3,data_fakes
>> Doing prefit: ch3,tHW
>> Doing prefit: ch3,tHq
>> Doing prefit: ch3,tZq
>> Doing prefit: ch3,ttH
>> Doing prefit: ch3,ttVV
>> Doing prefit: ch3,TotalBkg
>> Doing prefit: ch3,TotalSig
>> Doing prefit: ch3,TotalProcs
>> Doing prefit: ch4,Convs
>> Doing prefit: ch4,Rares
>> Doing prefit: ch4,TTW_mindr_lep1_jet25_bin0
>> Doing prefit: ch4,TTW_mindr_lep1_jet25_bin1
>> Doing prefit: ch4,TTW_mindr_lep1_jet25_bin2
>> Doing prefit: ch4,TTW_mindr_lep1_jet25_bin3
>> Doing prefit: ch4,TTW_ooa
>> Doing prefit: ch4,TTZ
>> Doing prefit: ch4,VVV
>> Doing prefit: ch4,WZ
>> Doing prefit: ch4,ZZ
>> Doing prefit: ch4,data_fakes
>> Doing prefit: ch4,data_flips
>> Doing prefit: ch4,tHW
>> Doing prefit: ch4,tHq
>> Doing prefit: ch4,tZq
>> Doing prefit: ch4,ttH
>> Doing prefit: ch4,ttVV
>> Doing prefit: ch4,TotalBkg
>> Doing prefit: ch4,TotalSig
>> Doing prefit: ch4,TotalProcs
>> Doing prefit: ch5,Convs
>> Doing prefit: ch5,Rares
>> Doing prefit: ch5,TTW_mindr_lep1_jet25_bin0
>> Doing prefit: ch5,TTW_mindr_lep1_jet25_bin1
>> Doing prefit: ch5,TTW_mindr_lep1_jet25_bin2
>> Doing prefit: ch5,TTW_mindr_lep1_jet25_bin3
>> Doing prefit: ch5,TTW_ooa
>> Doing prefit: ch5,TTZ
>> Doing prefit: ch5,VVV
>> Doing prefit: ch5,WZ
>> Doing prefit: ch5,ZZ
>> Doing prefit: ch5,data_fakes
>> Doing prefit: ch5,data_flips
>> Doing prefit: ch5,tHW
>> Doing prefit: ch5,tHq
>> Doing prefit: ch5,tZq
>> Doing prefit: ch5,ttH
>> Doing prefit: ch5,ttVV
>> Doing prefit: ch5,TotalBkg
>> Doing prefit: ch5,TotalSig
>> Doing prefit: ch5,TotalProcs
>> Doing prefit: ch6,Rares
>> Doing prefit: ch6,TTW_mindr_lep1_jet25_bin0
>> Doing prefit: ch6,TTW_mindr_lep1_jet25_bin1
>> Doing prefit: ch6,TTW_mindr_lep1_jet25_bin2
>> Doing prefit: ch6,TTW_mindr_lep1_jet25_bin3
>> Doing prefit: ch6,TTW_ooa
>> Doing prefit: ch6,TTZ
>> Doing prefit: ch6,VVV
>> Doing prefit: ch6,WZ
>> Doing prefit: ch6,ZZ
>> Doing prefit: ch6,data_fakes
>> Doing prefit: ch6,tHW
>> Doing prefit: ch6,tHq
>> Doing prefit: ch6,tZq
>> Doing prefit: ch6,ttH
>> Doing prefit: ch6,ttVV
>> Doing prefit: ch6,TotalBkg
>> Doing prefit: ch6,TotalSig
>> Doing prefit: ch6,TotalProcs
>> Doing prefit: ch7,Convs
>> Doing prefit: ch7,Rares
>> Doing prefit: ch7,TTW_mindr_lep1_jet25_bin0
>> Doing prefit: ch7,TTW_mindr_lep1_jet25_bin1
>> Doing prefit: ch7,TTW_mindr_lep1_jet25_bin2
>> Doing prefit: ch7,TTW_mindr_lep1_jet25_bin3
>> Doing prefit: ch7,TTW_ooa
>> Doing prefit: ch7,TTZ
>> Doing prefit: ch7,VVV
>> Doing prefit: ch7,WZ
>> Doing prefit: ch7,ZZ
>> Doing prefit: ch7,data_fakes
>> Doing prefit: ch7,data_flips
>> Doing prefit: ch7,tHW
>> Doing prefit: ch7,tHq
>> Doing prefit: ch7,tZq
>> Doing prefit: ch7,ttH
>> Doing prefit: ch7,ttVV
>> Doing prefit: ch7,TotalBkg
>> Doing prefit: ch7,TotalSig
>> Doing prefit: ch7,TotalProcs
>> Doing prefit: ch8,Convs
>> Doing prefit: ch8,Rares
>> Doing prefit: ch8,TTW_mindr_lep1_jet25_bin0
>> Doing prefit: ch8,TTW_mindr_lep1_jet25_bin1
>> Doing prefit: ch8,TTW_mindr_lep1_jet25_bin2
>> Doing prefit: ch8,TTW_mindr_lep1_jet25_bin3
>> Doing prefit: ch8,TTW_ooa
>> Doing prefit: ch8,TTZ
>> Doing prefit: ch8,VVV
>> Doing prefit: ch8,WZ
>> Doing prefit: ch8,ZZ
>> Doing prefit: ch8,data_fakes
>> Doing prefit: ch8,data_flips
>> Doing prefit: ch8,tHW
>> Doing prefit: ch8,tHq
>> Doing prefit: ch8,tZq
>> Doing prefit: ch8,ttH
>> Doing prefit: ch8,ttVV
>> Doing prefit: ch8,TotalBkg
>> Doing prefit: ch8,TotalSig
>> Doing prefit: ch8,TotalProcs
>> Doing prefit: ch9,Rares
>> Doing prefit: ch9,TTW_mindr_lep1_jet25_bin0
>> Doing prefit: ch9,TTW_mindr_lep1_jet25_bin1
>> Doing prefit: ch9,TTW_mindr_lep1_jet25_bin2
>> Doing prefit: ch9,TTW_mindr_lep1_jet25_bin3
>> Doing prefit: ch9,TTW_ooa
>> Doing prefit: ch9,TTZ
>> Doing prefit: ch9,VVV
>> Doing prefit: ch9,WZ
>> Doing prefit: ch9,ZZ
>> Doing prefit: ch9,data_fakes
>> Doing prefit: ch9,tHW
>> Doing prefit: ch9,tHq
>> Doing prefit: ch9,tZq
>> Doing prefit: ch9,ttH
>> Doing prefit: ch9,ttVV
>> Doing prefit: ch9,TotalBkg
>> Doing prefit: ch9,TotalSig
>> Doing prefit: ch9,TotalProcs
Bin                       Total relative bkg uncert. (prefit)
----------------------------------------------------------
ch1                       0.15127   
ch10                      0.18531   
ch11                      0.11565   
ch12                      0.15275   
ch13                      0.14594   
ch14                      0.12529   
ch15                      0.17523   
ch16                      0.14058   
ch17                      0.12488   
ch18                      0.15618   
ch19                      0.14979   
ch2                       0.10947   
ch20                      0.11730   
ch21                      0.12173   
ch22                      0.16273   
ch23                      0.10715   
ch24                      0.14589   
ch3                       0.14101   
ch4                       0.13350   
ch5                       0.11907   
ch6                       0.14522   
ch7                       0.17094   
ch8                       0.11846   
ch9                       0.20736   
>> Doing postfit: TotalBkg
>> Doing postfit: TotalSig
>> Doing postfit: TotalProcs
>> Doing postfit: ch1,Convs
>> Doing postfit: ch1,Rares
>> Doing postfit: ch1,TTW_mindr_lep1_jet25_bin0
>> Doing postfit: ch1,TTW_mindr_lep1_jet25_bin1
>> Doing postfit: ch1,TTW_mindr_lep1_jet25_bin2
>> Doing postfit: ch1,TTW_mindr_lep1_jet25_bin3
>> Doing postfit: ch1,TTW_ooa
>> Doing postfit: ch1,TTZ
>> Doing postfit: ch1,VVV
>> Doing postfit: ch1,WZ
>> Doing postfit: ch1,ZZ
>> Doing postfit: ch1,data_fakes
>> Doing postfit: ch1,data_flips
>> Doing postfit: ch1,tHW
>> Doing postfit: ch1,tHq
>> Doing postfit: ch1,tZq
>> Doing postfit: ch1,ttH
>> Doing postfit: ch1,ttVV
>> Doing postfit: ch1,TotalBkg
>> Doing postfit: ch1,TotalSig
>> Doing postfit: ch1,TotalProcs
>> Doing postfit: ch10,Convs
>> Doing postfit: ch10,Rares
>> Doing postfit: ch10,TTW_mindr_lep1_jet25_bin0
>> Doing postfit: ch10,TTW_mindr_lep1_jet25_bin1
>> Doing postfit: ch10,TTW_mindr_lep1_jet25_bin2
>> Doing postfit: ch10,TTW_mindr_lep1_jet25_bin3
>> Doing postfit: ch10,TTW_ooa
>> Doing postfit: ch10,TTZ
>> Doing postfit: ch10,VVV
>> Doing postfit: ch10,WZ
>> Doing postfit: ch10,ZZ
>> Doing postfit: ch10,data_fakes
>> Doing postfit: ch10,data_flips
>> Doing postfit: ch10,tHW
>> Doing postfit: ch10,tHq
>> Doing postfit: ch10,tZq
>> Doing postfit: ch10,ttH
>> Doing postfit: ch10,ttVV
>> Doing postfit: ch10,TotalBkg
>> Doing postfit: ch10,TotalSig
>> Doing postfit: ch10,TotalProcs
>> Doing postfit: ch11,Convs
>> Doing postfit: ch11,Rares
>> Doing postfit: ch11,TTW_mindr_lep1_jet25_bin0
>> Doing postfit: ch11,TTW_mindr_lep1_jet25_bin1
>> Doing postfit: ch11,TTW_mindr_lep1_jet25_bin2
>> Doing postfit: ch11,TTW_mindr_lep1_jet25_bin3
>> Doing postfit: ch11,TTW_ooa
>> Doing postfit: ch11,TTZ
>> Doing postfit: ch11,VVV
>> Doing postfit: ch11,WZ
>> Doing postfit: ch11,ZZ
>> Doing postfit: ch11,data_fakes
>> Doing postfit: ch11,data_flips
>> Doing postfit: ch11,tHW
>> Doing postfit: ch11,tHq
>> Doing postfit: ch11,tZq
>> Doing postfit: ch11,ttH
>> Doing postfit: ch11,ttVV
>> Doing postfit: ch11,TotalBkg
>> Doing postfit: ch11,TotalSig
>> Doing postfit: ch11,TotalProcs
>> Doing postfit: ch12,Rares
>> Doing postfit: ch12,TTW_mindr_lep1_jet25_bin0
>> Doing postfit: ch12,TTW_mindr_lep1_jet25_bin1
>> Doing postfit: ch12,TTW_mindr_lep1_jet25_bin2
>> Doing postfit: ch12,TTW_mindr_lep1_jet25_bin3
>> Doing postfit: ch12,TTW_ooa
>> Doing postfit: ch12,TTZ
>> Doing postfit: ch12,VVV
>> Doing postfit: ch12,WZ
>> Doing postfit: ch12,ZZ
>> Doing postfit: ch12,data_fakes
>> Doing postfit: ch12,tHW
>> Doing postfit: ch12,tHq
>> Doing postfit: ch12,tZq
>> Doing postfit: ch12,ttH
>> Doing postfit: ch12,ttVV
>> Doing postfit: ch12,TotalBkg
>> Doing postfit: ch12,TotalSig
>> Doing postfit: ch12,TotalProcs
>> Doing postfit: ch13,Convs
>> Doing postfit: ch13,Rares
>> Doing postfit: ch13,TTW_mindr_lep1_jet25_bin0
>> Doing postfit: ch13,TTW_mindr_lep1_jet25_bin1
>> Doing postfit: ch13,TTW_mindr_lep1_jet25_bin2
>> Doing postfit: ch13,TTW_mindr_lep1_jet25_bin3
>> Doing postfit: ch13,TTW_ooa
>> Doing postfit: ch13,TTZ
>> Doing postfit: ch13,VVV
>> Doing postfit: ch13,WZ
>> Doing postfit: ch13,ZZ
>> Doing postfit: ch13,data_fakes
>> Doing postfit: ch13,data_flips
>> Doing postfit: ch13,tHW
>> Doing postfit: ch13,tHq
>> Doing postfit: ch13,tZq
>> Doing postfit: ch13,ttH
>> Doing postfit: ch13,ttVV
>> Doing postfit: ch13,TotalBkg
>> Doing postfit: ch13,TotalSig
>> Doing postfit: ch13,TotalProcs
>> Doing postfit: ch14,Convs
>> Doing postfit: ch14,Rares
>> Doing postfit: ch14,TTW_mindr_lep1_jet25_bin0
>> Doing postfit: ch14,TTW_mindr_lep1_jet25_bin1
>> Doing postfit: ch14,TTW_mindr_lep1_jet25_bin2
>> Doing postfit: ch14,TTW_mindr_lep1_jet25_bin3
>> Doing postfit: ch14,TTW_ooa
>> Doing postfit: ch14,TTZ
>> Doing postfit: ch14,VVV
>> Doing postfit: ch14,WZ
>> Doing postfit: ch14,ZZ
>> Doing postfit: ch14,data_fakes
>> Doing postfit: ch14,data_flips
>> Doing postfit: ch14,tHW
>> Doing postfit: ch14,tHq
>> Doing postfit: ch14,tZq
>> Doing postfit: ch14,ttH
>> Doing postfit: ch14,ttVV
>> Doing postfit: ch14,TotalBkg
>> Doing postfit: ch14,TotalSig
>> Doing postfit: ch14,TotalProcs
>> Doing postfit: ch15,Rares
>> Doing postfit: ch15,TTW_mindr_lep1_jet25_bin0
>> Doing postfit: ch15,TTW_mindr_lep1_jet25_bin1
>> Doing postfit: ch15,TTW_mindr_lep1_jet25_bin2
>> Doing postfit: ch15,TTW_mindr_lep1_jet25_bin3
>> Doing postfit: ch15,TTW_ooa
>> Doing postfit: ch15,TTZ
>> Doing postfit: ch15,VVV
>> Doing postfit: ch15,WZ
>> Doing postfit: ch15,ZZ
>> Doing postfit: ch15,data_fakes
>> Doing postfit: ch15,tHW
>> Doing postfit: ch15,tHq
>> Doing postfit: ch15,tZq
>> Doing postfit: ch15,ttH
>> Doing postfit: ch15,ttVV
>> Doing postfit: ch15,TotalBkg
>> Doing postfit: ch15,TotalSig
>> Doing postfit: ch15,TotalProcs
>> Doing postfit: ch16,Convs
>> Doing postfit: ch16,Rares
>> Doing postfit: ch16,TTW_mindr_lep1_jet25_bin0
>> Doing postfit: ch16,TTW_mindr_lep1_jet25_bin1
>> Doing postfit: ch16,TTW_mindr_lep1_jet25_bin2
>> Doing postfit: ch16,TTW_mindr_lep1_jet25_bin3
>> Doing postfit: ch16,TTW_ooa
>> Doing postfit: ch16,TTZ
>> Doing postfit: ch16,VVV
>> Doing postfit: ch16,WZ
>> Doing postfit: ch16,ZZ
>> Doing postfit: ch16,data_fakes
>> Doing postfit: ch16,data_flips
>> Doing postfit: ch16,tHW
>> Doing postfit: ch16,tHq
>> Doing postfit: ch16,tZq
>> Doing postfit: ch16,ttH
>> Doing postfit: ch16,ttVV
>> Doing postfit: ch16,TotalBkg
>> Doing postfit: ch16,TotalSig
>> Doing postfit: ch16,TotalProcs
>> Doing postfit: ch17,Convs
>> Doing postfit: ch17,Rares
>> Doing postfit: ch17,TTW_mindr_lep1_jet25_bin0
>> Doing postfit: ch17,TTW_mindr_lep1_jet25_bin1
>> Doing postfit: ch17,TTW_mindr_lep1_jet25_bin2
>> Doing postfit: ch17,TTW_mindr_lep1_jet25_bin3
>> Doing postfit: ch17,TTW_ooa
>> Doing postfit: ch17,TTZ
>> Doing postfit: ch17,VVV
>> Doing postfit: ch17,WZ
>> Doing postfit: ch17,ZZ
>> Doing postfit: ch17,data_fakes
>> Doing postfit: ch17,data_flips
>> Doing postfit: ch17,tHW
>> Doing postfit: ch17,tHq
>> Doing postfit: ch17,tZq
>> Doing postfit: ch17,ttH
>> Doing postfit: ch17,ttVV
>> Doing postfit: ch17,TotalBkg
>> Doing postfit: ch17,TotalSig
>> Doing postfit: ch17,TotalProcs
>> Doing postfit: ch18,Rares
>> Doing postfit: ch18,TTW_mindr_lep1_jet25_bin0
>> Doing postfit: ch18,TTW_mindr_lep1_jet25_bin1
>> Doing postfit: ch18,TTW_mindr_lep1_jet25_bin2
>> Doing postfit: ch18,TTW_mindr_lep1_jet25_bin3
>> Doing postfit: ch18,TTW_ooa
>> Doing postfit: ch18,TTZ
>> Doing postfit: ch18,VVV
>> Doing postfit: ch18,WZ
>> Doing postfit: ch18,ZZ
>> Doing postfit: ch18,data_fakes
>> Doing postfit: ch18,tHW
>> Doing postfit: ch18,tHq
>> Doing postfit: ch18,tZq
>> Doing postfit: ch18,ttH
>> Doing postfit: ch18,ttVV
>> Doing postfit: ch18,TotalBkg
>> Doing postfit: ch18,TotalSig
>> Doing postfit: ch18,TotalProcs
>> Doing postfit: ch19,Convs
>> Doing postfit: ch19,Rares
>> Doing postfit: ch19,TTW_mindr_lep1_jet25_bin0
>> Doing postfit: ch19,TTW_mindr_lep1_jet25_bin1
>> Doing postfit: ch19,TTW_mindr_lep1_jet25_bin2
>> Doing postfit: ch19,TTW_mindr_lep1_jet25_bin3
>> Doing postfit: ch19,TTW_ooa
>> Doing postfit: ch19,TTZ
>> Doing postfit: ch19,VVV
>> Doing postfit: ch19,WZ
>> Doing postfit: ch19,ZZ
>> Doing postfit: ch19,data_fakes
>> Doing postfit: ch19,data_flips
>> Doing postfit: ch19,tHW
>> Doing postfit: ch19,tHq
>> Doing postfit: ch19,tZq
>> Doing postfit: ch19,ttH
>> Doing postfit: ch19,ttVV
>> Doing postfit: ch19,TotalBkg
>> Doing postfit: ch19,TotalSig
>> Doing postfit: ch19,TotalProcs
>> Doing postfit: ch2,Convs
>> Doing postfit: ch2,Rares
>> Doing postfit: ch2,TTW_mindr_lep1_jet25_bin0
>> Doing postfit: ch2,TTW_mindr_lep1_jet25_bin1
>> Doing postfit: ch2,TTW_mindr_lep1_jet25_bin2
>> Doing postfit: ch2,TTW_mindr_lep1_jet25_bin3
>> Doing postfit: ch2,TTW_ooa
>> Doing postfit: ch2,TTZ
>> Doing postfit: ch2,VVV
>> Doing postfit: ch2,WZ
>> Doing postfit: ch2,ZZ
>> Doing postfit: ch2,data_fakes
>> Doing postfit: ch2,data_flips
>> Doing postfit: ch2,tHW
>> Doing postfit: ch2,tHq
>> Doing postfit: ch2,tZq
>> Doing postfit: ch2,ttH
>> Doing postfit: ch2,ttVV
>> Doing postfit: ch2,TotalBkg
>> Doing postfit: ch2,TotalSig
>> Doing postfit: ch2,TotalProcs
>> Doing postfit: ch20,Convs
>> Doing postfit: ch20,Rares
>> Doing postfit: ch20,TTW_mindr_lep1_jet25_bin0
>> Doing postfit: ch20,TTW_mindr_lep1_jet25_bin1
>> Doing postfit: ch20,TTW_mindr_lep1_jet25_bin2
>> Doing postfit: ch20,TTW_mindr_lep1_jet25_bin3
>> Doing postfit: ch20,TTW_ooa
>> Doing postfit: ch20,TTZ
>> Doing postfit: ch20,VVV
>> Doing postfit: ch20,WZ
>> Doing postfit: ch20,ZZ
>> Doing postfit: ch20,data_fakes
>> Doing postfit: ch20,data_flips
>> Doing postfit: ch20,tHW
>> Doing postfit: ch20,tHq
>> Doing postfit: ch20,tZq
>> Doing postfit: ch20,ttH
>> Doing postfit: ch20,ttVV
>> Doing postfit: ch20,TotalBkg
>> Doing postfit: ch20,TotalSig
>> Doing postfit: ch20,TotalProcs
>> Doing postfit: ch21,Rares
>> Doing postfit: ch21,TTW_mindr_lep1_jet25_bin0
>> Doing postfit: ch21,TTW_mindr_lep1_jet25_bin1
>> Doing postfit: ch21,TTW_mindr_lep1_jet25_bin2
>> Doing postfit: ch21,TTW_mindr_lep1_jet25_bin3
>> Doing postfit: ch21,TTW_ooa
>> Doing postfit: ch21,TTZ
>> Doing postfit: ch21,VVV
>> Doing postfit: ch21,WZ
>> Doing postfit: ch21,ZZ
>> Doing postfit: ch21,data_fakes
>> Doing postfit: ch21,tHW
>> Doing postfit: ch21,tHq
>> Doing postfit: ch21,tZq
>> Doing postfit: ch21,ttH
>> Doing postfit: ch21,ttVV
>> Doing postfit: ch21,TotalBkg
>> Doing postfit: ch21,TotalSig
>> Doing postfit: ch21,TotalProcs
>> Doing postfit: ch22,Convs
>> Doing postfit: ch22,Rares
>> Doing postfit: ch22,TTW_mindr_lep1_jet25_bin0
>> Doing postfit: ch22,TTW_mindr_lep1_jet25_bin1
>> Doing postfit: ch22,TTW_mindr_lep1_jet25_bin2
>> Doing postfit: ch22,TTW_mindr_lep1_jet25_bin3
>> Doing postfit: ch22,TTW_ooa
>> Doing postfit: ch22,TTZ
>> Doing postfit: ch22,VVV
>> Doing postfit: ch22,WZ
>> Doing postfit: ch22,ZZ
>> Doing postfit: ch22,data_fakes
>> Doing postfit: ch22,data_flips
>> Doing postfit: ch22,tHW
>> Doing postfit: ch22,tHq
>> Doing postfit: ch22,tZq
>> Doing postfit: ch22,ttH
>> Doing postfit: ch22,ttVV
>> Doing postfit: ch22,TotalBkg
>> Doing postfit: ch22,TotalSig
>> Doing postfit: ch22,TotalProcs
>> Doing postfit: ch23,Convs
>> Doing postfit: ch23,Rares
>> Doing postfit: ch23,TTW_mindr_lep1_jet25_bin0
>> Doing postfit: ch23,TTW_mindr_lep1_jet25_bin1
>> Doing postfit: ch23,TTW_mindr_lep1_jet25_bin2
>> Doing postfit: ch23,TTW_mindr_lep1_jet25_bin3
>> Doing postfit: ch23,TTW_ooa
>> Doing postfit: ch23,TTZ
>> Doing postfit: ch23,VVV
>> Doing postfit: ch23,WZ
>> Doing postfit: ch23,ZZ
>> Doing postfit: ch23,data_fakes
>> Doing postfit: ch23,data_flips
>> Doing postfit: ch23,tHW
>> Doing postfit: ch23,tHq
>> Doing postfit: ch23,tZq
>> Doing postfit: ch23,ttH
>> Doing postfit: ch23,ttVV
>> Doing postfit: ch23,TotalBkg
>> Doing postfit: ch23,TotalSig
>> Doing postfit: ch23,TotalProcs
>> Doing postfit: ch24,Rares
>> Doing postfit: ch24,TTW_mindr_lep1_jet25_bin0
>> Doing postfit: ch24,TTW_mindr_lep1_jet25_bin1
>> Doing postfit: ch24,TTW_mindr_lep1_jet25_bin2
>> Doing postfit: ch24,TTW_mindr_lep1_jet25_bin3
>> Doing postfit: ch24,TTW_ooa
>> Doing postfit: ch24,TTZ
>> Doing postfit: ch24,VVV
>> Doing postfit: ch24,WZ
>> Doing postfit: ch24,ZZ
>> Doing postfit: ch24,data_fakes
>> Doing postfit: ch24,tHW
>> Doing postfit: ch24,tHq
>> Doing postfit: ch24,tZq
>> Doing postfit: ch24,ttH
>> Doing postfit: ch24,ttVV
>> Doing postfit: ch24,TotalBkg
>> Doing postfit: ch24,TotalSig
>> Doing postfit: ch24,TotalProcs
>> Doing postfit: ch3,Rares
>> Doing postfit: ch3,TTW_mindr_lep1_jet25_bin0
>> Doing postfit: ch3,TTW_mindr_lep1_jet25_bin1
>> Doing postfit: ch3,TTW_mindr_lep1_jet25_bin2
>> Doing postfit: ch3,TTW_mindr_lep1_jet25_bin3
>> Doing postfit: ch3,TTW_ooa
>> Doing postfit: ch3,TTZ
>> Doing postfit: ch3,VVV
>> Doing postfit: ch3,WZ
>> Doing postfit: ch3,ZZ
>> Doing postfit: ch3,data_fakes
>> Doing postfit: ch3,tHW
>> Doing postfit: ch3,tHq
>> Doing postfit: ch3,tZq
>> Doing postfit: ch3,ttH
>> Doing postfit: ch3,ttVV
>> Doing postfit: ch3,TotalBkg
>> Doing postfit: ch3,TotalSig
>> Doing postfit: ch3,TotalProcs
>> Doing postfit: ch4,Convs
>> Doing postfit: ch4,Rares
>> Doing postfit: ch4,TTW_mindr_lep1_jet25_bin0
>> Doing postfit: ch4,TTW_mindr_lep1_jet25_bin1
>> Doing postfit: ch4,TTW_mindr_lep1_jet25_bin2
>> Doing postfit: ch4,TTW_mindr_lep1_jet25_bin3
>> Doing postfit: ch4,TTW_ooa
>> Doing postfit: ch4,TTZ
>> Doing postfit: ch4,VVV
>> Doing postfit: ch4,WZ
>> Doing postfit: ch4,ZZ
>> Doing postfit: ch4,data_fakes
>> Doing postfit: ch4,data_flips
>> Doing postfit: ch4,tHW
>> Doing postfit: ch4,tHq
>> Doing postfit: ch4,tZq
>> Doing postfit: ch4,ttH
>> Doing postfit: ch4,ttVV
>> Doing postfit: ch4,TotalBkg
>> Doing postfit: ch4,TotalSig
>> Doing postfit: ch4,TotalProcs
>> Doing postfit: ch5,Convs
>> Doing postfit: ch5,Rares
>> Doing postfit: ch5,TTW_mindr_lep1_jet25_bin0
>> Doing postfit: ch5,TTW_mindr_lep1_jet25_bin1
>> Doing postfit: ch5,TTW_mindr_lep1_jet25_bin2
>> Doing postfit: ch5,TTW_mindr_lep1_jet25_bin3
>> Doing postfit: ch5,TTW_ooa
>> Doing postfit: ch5,TTZ
>> Doing postfit: ch5,VVV
>> Doing postfit: ch5,WZ
>> Doing postfit: ch5,ZZ
>> Doing postfit: ch5,data_fakes
>> Doing postfit: ch5,data_flips
>> Doing postfit: ch5,tHW
>> Doing postfit: ch5,tHq
>> Doing postfit: ch5,tZq
>> Doing postfit: ch5,ttH
>> Doing postfit: ch5,ttVV
>> Doing postfit: ch5,TotalBkg
>> Doing postfit: ch5,TotalSig
>> Doing postfit: ch5,TotalProcs
>> Doing postfit: ch6,Rares
>> Doing postfit: ch6,TTW_mindr_lep1_jet25_bin0
>> Doing postfit: ch6,TTW_mindr_lep1_jet25_bin1
>> Doing postfit: ch6,TTW_mindr_lep1_jet25_bin2
>> Doing postfit: ch6,TTW_mindr_lep1_jet25_bin3
>> Doing postfit: ch6,TTW_ooa
>> Doing postfit: ch6,TTZ
>> Doing postfit: ch6,VVV
>> Doing postfit: ch6,WZ
>> Doing postfit: ch6,ZZ
>> Doing postfit: ch6,data_fakes
>> Doing postfit: ch6,tHW
>> Doing postfit: ch6,tHq
>> Doing postfit: ch6,tZq
>> Doing postfit: ch6,ttH
>> Doing postfit: ch6,ttVV
>> Doing postfit: ch6,TotalBkg
>> Doing postfit: ch6,TotalSig
>> Doing postfit: ch6,TotalProcs
>> Doing postfit: ch7,Convs
>> Doing postfit: ch7,Rares
>> Doing postfit: ch7,TTW_mindr_lep1_jet25_bin0
>> Doing postfit: ch7,TTW_mindr_lep1_jet25_bin1
>> Doing postfit: ch7,TTW_mindr_lep1_jet25_bin2
>> Doing postfit: ch7,TTW_mindr_lep1_jet25_bin3
>> Doing postfit: ch7,TTW_ooa
>> Doing postfit: ch7,TTZ
>> Doing postfit: ch7,VVV
>> Doing postfit: ch7,WZ
>> Doing postfit: ch7,ZZ
>> Doing postfit: ch7,data_fakes
>> Doing postfit: ch7,data_flips
>> Doing postfit: ch7,tHW
>> Doing postfit: ch7,tHq
>> Doing postfit: ch7,tZq
>> Doing postfit: ch7,ttH
>> Doing postfit: ch7,ttVV
>> Doing postfit: ch7,TotalBkg
>> Doing postfit: ch7,TotalSig
>> Doing postfit: ch7,TotalProcs
>> Doing postfit: ch8,Convs
>> Doing postfit: ch8,Rares
>> Doing postfit: ch8,TTW_mindr_lep1_jet25_bin0
>> Doing postfit: ch8,TTW_mindr_lep1_jet25_bin1
>> Doing postfit: ch8,TTW_mindr_lep1_jet25_bin2
>> Doing postfit: ch8,TTW_mindr_lep1_jet25_bin3
>> Doing postfit: ch8,TTW_ooa
>> Doing postfit: ch8,TTZ
>> Doing postfit: ch8,VVV
>> Doing postfit: ch8,WZ
>> Doing postfit: ch8,ZZ
>> Doing postfit: ch8,data_fakes
>> Doing postfit: ch8,data_flips
>> Doing postfit: ch8,tHW
>> Doing postfit: ch8,tHq
>> Doing postfit: ch8,tZq
>> Doing postfit: ch8,ttH
>> Doing postfit: ch8,ttVV
>> Doing postfit: ch8,TotalBkg
>> Doing postfit: ch8,TotalSig
>> Doing postfit: ch8,TotalProcs
>> Doing postfit: ch9,Rares
>> Doing postfit: ch9,TTW_mindr_lep1_jet25_bin0
>> Doing postfit: ch9,TTW_mindr_lep1_jet25_bin1
>> Doing postfit: ch9,TTW_mindr_lep1_jet25_bin2
>> Doing postfit: ch9,TTW_mindr_lep1_jet25_bin3
>> Doing postfit: ch9,TTW_ooa
>> Doing postfit: ch9,TTZ
>> Doing postfit: ch9,VVV
>> Doing postfit: ch9,WZ
>> Doing postfit: ch9,ZZ
>> Doing postfit: ch9,data_fakes
>> Doing postfit: ch9,tHW
>> Doing postfit: ch9,tHq
>> Doing postfit: ch9,tZq
>> Doing postfit: ch9,ttH
>> Doing postfit: ch9,ttVV
>> Doing postfit: ch9,TotalBkg
>> Doing postfit: ch9,TotalSig
>> Doing postfit: ch9,TotalProcs

Bin                       Total relative bkg uncert. (postfit)
----------------------------------------------------------
ch1                       0.09966   
ch10                      0.11628   
ch11                      0.07970   
ch12                      0.51251   
ch13                      0.09461   
ch14                      0.07687   
ch15                      0.09420   
ch16                      0.08273   
ch17                      0.08383   
ch18                      0.09322   
ch19                      0.08917   
ch2                       0.07894   
ch20                      0.07440   
ch21                      0.06246   
ch22                      0.09025   
ch23                      0.06787   
ch24                      0.07943   
ch3                       0.08676   
ch4                       0.08924   
ch5                       0.07769   
ch6                       0.08819   
ch7                       0.15191   
ch8                       0.08712   
ch9                       0.12895   

Bin                       Process              Scale factor
----------------------------------------------------------
ch1                       Convs                1.12063   
ch1                       Rares                1.03338   
ch1                       TTW_mindr_lep1_jet25_bin0 1.23615   
ch1                       TTW_mindr_lep1_jet25_bin1 1.17536   
ch1                       TTW_mindr_lep1_jet25_bin2 1.77765   
ch1                       TTW_mindr_lep1_jet25_bin3 1.57170   
ch1                       TTW_ooa              0.98915   
ch1                       TTZ                  1.38751   
ch1                       VVV                  1.21000   
ch1                       WZ                   0.94720   
ch1                       ZZ                   1.26899   
ch1                       data_fakes           1.63816   
ch1                       data_flips           0.93212   
ch1                       tHW                  1.04966   
ch1                       tHq                  1.04301   
ch1                       tZq                  1.42161   
ch1                       ttH                  0.97313   
ch1                       ttVV                 1.07133   
ch10                      Convs                1.07604   
ch10                      Rares                1.08859   
ch10                      TTW_mindr_lep1_jet25_bin0 1.20964   
ch10                      TTW_mindr_lep1_jet25_bin1 1.21436   
ch10                      TTW_mindr_lep1_jet25_bin2 1.55491   
ch10                      TTW_mindr_lep1_jet25_bin3 1.88603   
ch10                      TTW_ooa              1.18497   
ch10                      TTZ                  1.00818   
ch10                      VVV                  1.41065   
ch10                      WZ                   1.21035   
ch10                      ZZ                   1.68665   
ch10                      data_fakes           1.91044   
ch10                      data_flips           0.93152   
ch10                      tHW                  1.08170   
ch10                      tHq                  1.08645   
ch10                      tZq                  1.37711   
ch10                      ttH                  0.95032   
ch10                      ttVV                 1.07521   
ch11                      Convs                1.17447   
ch11                      Rares                1.10556   
ch11                      TTW_mindr_lep1_jet25_bin0 1.16813   
ch11                      TTW_mindr_lep1_jet25_bin1 1.17913   
ch11                      TTW_mindr_lep1_jet25_bin2 1.55988   
ch11                      TTW_mindr_lep1_jet25_bin3 1.82134   
ch11                      TTW_ooa              1.08742   
ch11                      TTZ                  1.11991   
ch11                      VVV                  1.40310   
ch11                      WZ                   1.18152   
ch11                      ZZ                   1.54412   
ch11                      data_fakes           1.25727   
ch11                      data_flips           0.93162   
ch11                      tHW                  1.05591   
ch11                      tHq                  1.04475   
ch11                      tZq                  1.23240   
ch11                      ttH                  1.00085   
ch11                      ttVV                 1.04966   
ch12                      Rares                1.06216   
ch12                      TTW_mindr_lep1_jet25_bin0 1.13234   
ch12                      TTW_mindr_lep1_jet25_bin1 1.10829   
ch12                      TTW_mindr_lep1_jet25_bin2 1.56935   
ch12                      TTW_mindr_lep1_jet25_bin3 1.83099   
ch12                      TTW_ooa              1.04182   
ch12                      TTZ                  1.21621   
ch12                      VVV                  2.60726   
ch12                      WZ                   1.12906   
ch12                      ZZ                   1.61380   
ch12                      data_fakes           0.99539   
ch12                      tHW                  1.02755   
ch12                      tHq                  1.03911   
ch12                      tZq                  1.03245   
ch12                      ttH                  1.06957   
ch12                      ttVV                 1.02252   
ch13                      Convs                1.04869   
ch13                      Rares                1.02301   
ch13                      TTW_mindr_lep1_jet25_bin0 1.23305   
ch13                      TTW_mindr_lep1_jet25_bin1 1.20905   
ch13                      TTW_mindr_lep1_jet25_bin2 1.63815   
ch13                      TTW_mindr_lep1_jet25_bin3 1.75443   
ch13                      TTW_ooa              1.10430   
ch13                      TTZ                  1.00578   
ch13                      VVV                  1.13355   
ch13                      WZ                   0.94203   
ch13                      ZZ                   1.33969   
ch13                      data_fakes           1.49962   
ch13                      data_flips           0.93147   
ch13                      tHW                  1.02197   
ch13                      tHq                  1.04739   
ch13                      tZq                  1.07238   
ch13                      ttH                  0.99497   
ch13                      ttVV                 1.06039   
ch14                      Convs                0.97689   
ch14                      Rares                1.03903   
ch14                      TTW_mindr_lep1_jet25_bin0 1.14528   
ch14                      TTW_mindr_lep1_jet25_bin1 1.15480   
ch14                      TTW_mindr_lep1_jet25_bin2 1.60362   
ch14                      TTW_mindr_lep1_jet25_bin3 1.82157   
ch14                      TTW_ooa              1.00294   
ch14                      TTZ                  1.22621   
ch14                      VVV                  1.11937   
ch14                      WZ                   0.97437   
ch14                      ZZ                   1.42928   
ch14                      data_fakes           1.20341   
ch14                      data_flips           0.93157   
ch14                      tHW                  1.01175   
ch14                      tHq                  1.01155   
ch14                      tZq                  1.13223   
ch14                      ttH                  1.01090   
ch14                      ttVV                 1.04013   
ch15                      Rares                0.96834   
ch15                      TTW_mindr_lep1_jet25_bin0 1.11800   
ch15                      TTW_mindr_lep1_jet25_bin1 1.17477   
ch15                      TTW_mindr_lep1_jet25_bin2 1.43278   
ch15                      TTW_mindr_lep1_jet25_bin3 1.77152   
ch15                      TTW_ooa              0.99549   
ch15                      TTZ                  1.23534   
ch15                      VVV                  1.13117   
ch15                      WZ                   0.96606   
ch15                      ZZ                   1.44671   
ch15                      data_fakes           1.00793   
ch15                      tHW                  0.99233   
ch15                      tHq                  1.02606   
ch15                      tZq                  1.06997   
ch15                      ttH                  0.97675   
ch15                      ttVV                 1.01632   
ch16                      Convs                1.07174   
ch16                      Rares                1.00597   
ch16                      TTW_mindr_lep1_jet25_bin0 1.27005   
ch16                      TTW_mindr_lep1_jet25_bin1 1.19695   
ch16                      TTW_mindr_lep1_jet25_bin2 1.64207   
ch16                      TTW_mindr_lep1_jet25_bin3 1.87349   
ch16                      TTW_ooa              1.08453   
ch16                      TTZ                  1.15711   
ch16                      VVV                  1.22977   
ch16                      WZ                   0.96719   
ch16                      ZZ                   1.28606   
ch16                      data_fakes           1.53005   
ch16                      data_flips           0.93162   
ch16                      tHW                  1.03547   
ch16                      tHq                  1.03248   
ch16                      tZq                  1.06717   
ch16                      ttH                  1.04262   
ch16                      ttVV                 1.06275   
ch17                      Convs                1.15721   
ch17                      Rares                1.02521   
ch17                      TTW_mindr_lep1_jet25_bin0 1.18391   
ch17                      TTW_mindr_lep1_jet25_bin1 1.16440   
ch17                      TTW_mindr_lep1_jet25_bin2 1.51790   
ch17                      TTW_mindr_lep1_jet25_bin3 1.80563   
ch17                      TTW_ooa              1.00482   
ch17                      TTZ                  1.17079   
ch17                      VVV                  1.22708   
ch17                      WZ                   0.98831   
ch17                      ZZ                   1.27581   
ch17                      data_fakes           1.18695   
ch17                      data_flips           0.93163   
ch17                      tHW                  1.02183   
ch17                      tHq                  1.01632   
ch17                      tZq                  1.03608   
ch17                      ttH                  0.99515   
ch17                      ttVV                 1.04073   
ch18                      Rares                0.94318   
ch18                      TTW_mindr_lep1_jet25_bin0 1.14829   
ch18                      TTW_mindr_lep1_jet25_bin1 1.15376   
ch18                      TTW_mindr_lep1_jet25_bin2 1.48050   
ch18                      TTW_mindr_lep1_jet25_bin3 1.70537   
ch18                      TTW_ooa              0.99238   
ch18                      TTZ                  1.19426   
ch18                      VVV                  1.19088   
ch18                      WZ                   0.98424   
ch18                      ZZ                   1.04038   
ch18                      data_fakes           0.98306   
ch18                      tHW                  0.99519   
ch18                      tHq                  0.98205   
ch18                      tZq                  1.08493   
ch18                      ttH                  1.00231   
ch18                      ttVV                 1.01684   
ch19                      Convs                1.06253   
ch19                      Rares                0.98333   
ch19                      TTW_mindr_lep1_jet25_bin0 1.16434   
ch19                      TTW_mindr_lep1_jet25_bin1 1.19845   
ch19                      TTW_mindr_lep1_jet25_bin2 1.64446   
ch19                      TTW_mindr_lep1_jet25_bin3 1.83828   
ch19                      TTW_ooa              0.98246   
ch19                      TTZ                  1.36531   
ch19                      VVV                  1.24239   
ch19                      WZ                   0.96750   
ch19                      ZZ                   1.11780   
ch19                      data_fakes           1.60304   
ch19                      data_flips           0.93160   
ch19                      tHW                  1.03354   
ch19                      tHq                  1.00489   
ch19                      tZq                  1.11221   
ch19                      ttH                  1.02513   
ch19                      ttVV                 1.05069   
ch2                       Convs                1.02888   
ch2                       Rares                0.91681   
ch2                       TTW_mindr_lep1_jet25_bin0 1.16908   
ch2                       TTW_mindr_lep1_jet25_bin1 1.10455   
ch2                       TTW_mindr_lep1_jet25_bin2 1.41842   
ch2                       TTW_mindr_lep1_jet25_bin3 1.90776   
ch2                       TTW_ooa              0.98664   
ch2                       TTZ                  1.51311   
ch2                       VVV                  1.17976   
ch2                       WZ                   0.96952   
ch2                       ZZ                   1.22952   
ch2                       data_fakes           1.24794   
ch2                       data_flips           0.93184   
ch2                       tHW                  1.00479   
ch2                       tHq                  1.01539   
ch2                       tZq                  1.03838   
ch2                       ttH                  1.02613   
ch2                       ttVV                 1.03672   
ch20                      Convs                1.10298   
ch20                      Rares                1.01307   
ch20                      TTW_mindr_lep1_jet25_bin0 1.12345   
ch20                      TTW_mindr_lep1_jet25_bin1 1.14867   
ch20                      TTW_mindr_lep1_jet25_bin2 1.50474   
ch20                      TTW_mindr_lep1_jet25_bin3 1.80886   
ch20                      TTW_ooa              0.99875   
ch20                      TTZ                  1.13826   
ch20                      VVV                  1.18066   
ch20                      WZ                   0.99554   
ch20                      ZZ                   1.25080   
ch20                      data_fakes           1.29028   
ch20                      data_flips           0.93178   
ch20                      tHW                  1.00509   
ch20                      tHq                  0.99118   
ch20                      tZq                  1.02747   
ch20                      ttH                  1.00005   
ch20                      ttVV                 1.02461   
ch21                      Rares                0.89297   
ch21                      TTW_mindr_lep1_jet25_bin0 1.09817   
ch21                      TTW_mindr_lep1_jet25_bin1 1.09839   
ch21                      TTW_mindr_lep1_jet25_bin2 1.49500   
ch21                      TTW_mindr_lep1_jet25_bin3 1.79091   
ch21                      TTW_ooa              1.00499   
ch21                      TTZ                  1.24975   
ch21                      VVV                  1.13979   
ch21                      WZ                   1.00089   
ch21                      ZZ                   0.90517   
ch21                      data_fakes           0.99558   
ch21                      tHW                  0.98475   
ch21                      tHq                  0.96529   
ch21                      tZq                  1.05304   
ch21                      ttH                  0.95827   
ch21                      ttVV                 1.00123   
ch22                      Convs                1.01578   
ch22                      Rares                0.93100   
ch22                      TTW_mindr_lep1_jet25_bin0 1.18440   
ch22                      TTW_mindr_lep1_jet25_bin1 1.16775   
ch22                      TTW_mindr_lep1_jet25_bin2 1.50357   
ch22                      TTW_mindr_lep1_jet25_bin3 1.80737   
ch22                      TTW_ooa              1.08864   
ch22                      TTZ                  1.06655   
ch22                      VVV                  1.04805   
ch22                      WZ                   0.91989   
ch22                      ZZ                   1.29269   
ch22                      data_fakes           1.60838   
ch22                      data_flips           0.93151   
ch22                      tHW                  0.99159   
ch22                      tHq                  1.02868   
ch22                      tZq                  1.05627   
ch22                      ttH                  1.02193   
ch22                      ttVV                 1.04848   
ch23                      Convs                0.99103   
ch23                      Rares                0.94595   
ch23                      TTW_mindr_lep1_jet25_bin0 1.14045   
ch23                      TTW_mindr_lep1_jet25_bin1 1.15748   
ch23                      TTW_mindr_lep1_jet25_bin2 1.51560   
ch23                      TTW_mindr_lep1_jet25_bin3 1.80894   
ch23                      TTW_ooa              0.97261   
ch23                      TTZ                  1.07169   
ch23                      VVV                  1.21022   
ch23                      WZ                   0.98532   
ch23                      ZZ                   1.35359   
ch23                      data_fakes           1.18666   
ch23                      data_flips           0.93165   
ch23                      tHW                  1.00854   
ch23                      tHq                  0.99802   
ch23                      tZq                  1.07474   
ch23                      ttH                  1.01188   
ch23                      ttVV                 1.02623   
ch24                      Rares                1.02112   
ch24                      TTW_mindr_lep1_jet25_bin0 1.11114   
ch24                      TTW_mindr_lep1_jet25_bin1 1.10471   
ch24                      TTW_mindr_lep1_jet25_bin2 1.47080   
ch24                      TTW_mindr_lep1_jet25_bin3 1.79698   
ch24                      TTW_ooa              0.96412   
ch24                      TTZ                  1.16617   
ch24                      VVV                  1.19000   
ch24                      WZ                   0.97011   
ch24                      ZZ                   1.16546   
ch24                      data_fakes           0.98340   
ch24                      tHW                  0.97985   
ch24                      tHq                  0.97423   
ch24                      tZq                  1.03560   
ch24                      ttH                  0.96615   
ch24                      ttVV                 0.99674   
ch3                       Rares                0.99304   
ch3                       TTW_mindr_lep1_jet25_bin0 1.12300   
ch3                       TTW_mindr_lep1_jet25_bin1 1.14939   
ch3                       TTW_mindr_lep1_jet25_bin2 1.42837   
ch3                       TTW_mindr_lep1_jet25_bin3 1.74471   
ch3                       TTW_ooa              1.02151   
ch3                       TTZ                  1.07780   
ch3                       VVV                  1.17795   
ch3                       WZ                   0.95440   
ch3                       ZZ                   1.38209   
ch3                       data_fakes           1.02167   
ch3                       tHW                  0.97450   
ch3                       tHq                  0.98787   
ch3                       tZq                  0.99416   
ch3                       ttH                  0.91084   
ch3                       ttVV                 1.00538   
ch4                       Convs                1.09371   
ch4                       Rares                1.00606   
ch4                       TTW_mindr_lep1_jet25_bin0 1.24539   
ch4                       TTW_mindr_lep1_jet25_bin1 1.13833   
ch4                       TTW_mindr_lep1_jet25_bin2 1.51418   
ch4                       TTW_mindr_lep1_jet25_bin3 1.69998   
ch4                       TTW_ooa              1.03545   
ch4                       TTZ                  1.04444   
ch4                       VVV                  1.24634   
ch4                       WZ                   1.01932   
ch4                       ZZ                   1.34532   
ch4                       data_fakes           1.43077   
ch4                       data_flips           0.93133   
ch4                       tHW                  1.04502   
ch4                       tHq                  1.05057   
ch4                       tZq                  1.22651   
ch4                       ttH                  1.04157   
ch4                       ttVV                 1.07196   
ch5                       Convs                1.23693   
ch5                       Rares                1.06803   
ch5                       TTW_mindr_lep1_jet25_bin0 1.13628   
ch5                       TTW_mindr_lep1_jet25_bin1 1.13468   
ch5                       TTW_mindr_lep1_jet25_bin2 1.54786   
ch5                       TTW_mindr_lep1_jet25_bin3 1.79115   
ch5                       TTW_ooa              1.03176   
ch5                       TTZ                  1.26796   
ch5                       VVV                  1.23200   
ch5                       WZ                   0.98656   
ch5                       ZZ                   1.28938   
ch5                       data_fakes           1.26191   
ch5                       data_flips           0.93172   
ch5                       tHW                  1.00328   
ch5                       tHq                  1.01271   
ch5                       tZq                  1.18764   
ch5                       ttH                  1.01091   
ch5                       ttVV                 1.03049   
ch6                       Rares                1.06424   
ch6                       TTW_mindr_lep1_jet25_bin0 1.14503   
ch6                       TTW_mindr_lep1_jet25_bin1 1.16768   
ch6                       TTW_mindr_lep1_jet25_bin2 1.45119   
ch6                       TTW_mindr_lep1_jet25_bin3 1.60386   
ch6                       TTW_ooa              0.95395   
ch6                       TTZ                  1.12618   
ch6                       VVV                  1.02455   
ch6                       WZ                   0.91705   
ch6                       ZZ                   1.32553   
ch6                       data_fakes           0.95201   
ch6                       tHW                  0.98322   
ch6                       tHq                  0.98871   
ch6                       tZq                  0.94979   
ch6                       ttH                  0.95027   
ch6                       ttVV                 1.00537   
ch7                       Convs                0.62542   
ch7                       Rares                1.05701   
ch7                       TTW_mindr_lep1_jet25_bin0 1.26295   
ch7                       TTW_mindr_lep1_jet25_bin1 1.14792   
ch7                       TTW_mindr_lep1_jet25_bin2 1.57203   
ch7                       TTW_mindr_lep1_jet25_bin3 1.73783   
ch7                       TTW_ooa              1.02435   
ch7                       TTZ                  1.14744   
ch7                       VVV                  1.40289   
ch7                       WZ                   1.23212   
ch7                       ZZ                   1.53668   
ch7                       data_fakes           1.37742   
ch7                       data_flips           0.93109   
ch7                       tHW                  1.07246   
ch7                       tHq                  1.05853   
ch7                       tZq                  1.04763   
ch7                       ttH                  0.99205   
ch7                       ttVV                 1.07111   
ch8                       Convs                1.10736   
ch8                       Rares                1.06143   
ch8                       TTW_mindr_lep1_jet25_bin0 1.20278   
ch8                       TTW_mindr_lep1_jet25_bin1 1.14136   
ch8                       TTW_mindr_lep1_jet25_bin2 1.55387   
ch8                       TTW_mindr_lep1_jet25_bin3 1.83540   
ch8                       TTW_ooa              1.08441   
ch8                       TTZ                  1.15902   
ch8                       VVV                  1.34840   
ch8                       WZ                   1.34359   
ch8                       ZZ                   1.51237   
ch8                       data_fakes           1.18847   
ch8                       data_flips           0.93195   
ch8                       tHW                  1.04006   
ch8                       tHq                  1.05544   
ch8                       tZq                  1.22117   
ch8                       ttH                  0.99353   
ch8                       ttVV                 1.05104   
ch9                       Rares                1.01025   
ch9                       TTW_mindr_lep1_jet25_bin0 1.13947   
ch9                       TTW_mindr_lep1_jet25_bin1 1.05507   
ch9                       TTW_mindr_lep1_jet25_bin2 1.52602   
ch9                       TTW_mindr_lep1_jet25_bin3 1.93311   
ch9                       TTW_ooa              1.05603   
ch9                       TTZ                  1.11579   
ch9                       VVV                  1.31735   
ch9                       WZ                   1.22170   
ch9                       ZZ                   1.33694   
ch9                       data_fakes           1.05608   
ch9                       tHW                  1.02106   
ch9                       tHq                  1.01734   
ch9                       tZq                  0.99208   
ch9                       ttH                  0.96084   
ch9                       ttVV                 1.02932   
