WARNING: the default behaviour of PostFitShapesFromWorkspace is to use the covariance matrix sampling method for the post-fit uncertainty. The option --sampling is deprecated and will be removed in future versions of CombineHarvester
[SetFlag] Changing value of flag "workspaces-use-clone" from 0 to 1
[#1] INFO:ObjectHandling -- RooWorkspace::import(w) importing dataset ch1
[#1] INFO:ObjectHandling -- RooWorkspace::import(w) importing dataset ch2
[SetFlag] Changing value of flag "workspaces-use-clone" from 0 to 1
[#1] INFO:ObjectHandling -- RooWorkspace::import(_rateParams) importing RooRealVar::rate_Multiboson
[#1] INFO:ObjectHandling -- RooWorkspace::import(_rateParams) importing RooRealVar::rate_ZZ
[#1] INFO:ObjectHandling -- RooWorkspace::import(_rateParams) importing RooRealVar::rate_WZ
[#1] INFO:ObjectHandling -- RooWorkspace::import(_rateParams) importing RooRealVar::rate_TTZ
>> Doing prefit: TotalBkg
>> Doing prefit: TotalSig
>> Doing prefit: TotalProcs
>> Doing prefit: ch1,Chargeflips
>> Doing prefit: ch1,Multiboson
>> Doing prefit: ch1,NonpromptE
>> Doing prefit: ch1,NonpromptMu
>> Doing prefit: ch1,TTG
>> Doing prefit: ch1,TTH
>> Doing prefit: ch1,TTW0
>> Doing prefit: ch1,TTW1HT
>> Doing prefit: ch1,TTW2HT
>> Doing prefit: ch1,TTW3HT
>> Doing prefit: ch1,TTW4HT
>> Doing prefit: ch1,TTX
>> Doing prefit: ch1,TTZ
>> Doing prefit: ch1,TX
>> Doing prefit: ch1,WZ
>> Doing prefit: ch1,ZG
>> Doing prefit: ch1,ZZ
>> Doing prefit: ch1,TotalBkg
>> Doing prefit: ch1,TotalSig
>> Doing prefit: ch1,TotalProcs
>> Doing prefit: ch2,Chargeflips
>> Doing prefit: ch2,Multiboson
>> Doing prefit: ch2,NonpromptE
>> Doing prefit: ch2,NonpromptMu
>> Doing prefit: ch2,TTG
>> Doing prefit: ch2,TTH
>> Doing prefit: ch2,TTW0
>> Doing prefit: ch2,TTW1eventBDTHT
>> Doing prefit: ch2,TTW2eventBDTHT
>> Doing prefit: ch2,TTW3eventBDTHT
>> Doing prefit: ch2,TTW4eventBDTHT
>> Doing prefit: ch2,TTX
>> Doing prefit: ch2,TTZ
>> Doing prefit: ch2,TX
>> Doing prefit: ch2,WZ
>> Doing prefit: ch2,ZG
>> Doing prefit: ch2,ZZ
>> Doing prefit: ch2,TotalBkg
>> Doing prefit: ch2,TotalSig
>> Doing prefit: ch2,TotalProcs
Bin                       Total relative bkg uncert. (prefit)
----------------------------------------------------------
ch1                       0.08200   
ch2                       0.13119   
>> Doing postfit: TotalBkg
>> Doing postfit: TotalSig
>> Doing postfit: TotalProcs
>> Doing postfit: ch1,Chargeflips
>> Doing postfit: ch1,Multiboson
>> Doing postfit: ch1,NonpromptE
>> Doing postfit: ch1,NonpromptMu
>> Doing postfit: ch1,TTG
>> Doing postfit: ch1,TTH
>> Doing postfit: ch1,TTW0
>> Doing postfit: ch1,TTW1HT
>> Doing postfit: ch1,TTW2HT
>> Doing postfit: ch1,TTW3HT
>> Doing postfit: ch1,TTW4HT
>> Doing postfit: ch1,TTX
>> Doing postfit: ch1,TTZ
>> Doing postfit: ch1,TX
>> Doing postfit: ch1,WZ
>> Doing postfit: ch1,ZG
>> Doing postfit: ch1,ZZ
>> Doing postfit: ch1,TotalBkg
>> Doing postfit: ch1,TotalSig
>> Doing postfit: ch1,TotalProcs
>> Doing postfit: ch2,Chargeflips
>> Doing postfit: ch2,Multiboson
>> Doing postfit: ch2,NonpromptE
>> Doing postfit: ch2,NonpromptMu
>> Doing postfit: ch2,TTG
>> Doing postfit: ch2,TTH
>> Doing postfit: ch2,TTW0
>> Doing postfit: ch2,TTW1eventBDTHT
>> Doing postfit: ch2,TTW2eventBDTHT
>> Doing postfit: ch2,TTW3eventBDTHT
>> Doing postfit: ch2,TTW4eventBDTHT
>> Doing postfit: ch2,TTX
>> Doing postfit: ch2,TTZ
>> Doing postfit: ch2,TX
>> Doing postfit: ch2,WZ
>> Doing postfit: ch2,ZG
>> Doing postfit: ch2,ZZ
>> Doing postfit: ch2,TotalBkg
>> Doing postfit: ch2,TotalSig
>> Doing postfit: ch2,TotalProcs

Bin                       Total relative bkg uncert. (postfit)
----------------------------------------------------------
ch1                       4.92236   
ch2                       0.00992   

Bin                       Process              Scale factor
----------------------------------------------------------
ch1                       Chargeflips          0.94504   
ch1                       Multiboson           2.03251   
ch1                       NonpromptE           0.87231   
ch1                       NonpromptMu          0.89846   
ch1                       TTG                  1.29107   
ch1                       TTH                  1.08521   
ch1                       TTW0                 1.12809   
ch1                       TTW1HT               1.23747   
ch1                       TTW2HT               1.56101   
ch1                       TTW3HT               0.95493   
ch1                       TTW4HT               1.52695   
ch1                       TTX                  1.12112   
ch1                       TTZ                  1.13743   
ch1                       TX                   1.66575   
ch1                       WZ                   1.61438   
ch1                       ZG                   29.00419  
ch1                       ZZ                   8.08907   
ch2                       Chargeflips          0.86507   
ch2                       Multiboson           1.70862   
ch2                       NonpromptE           0.87360   
ch2                       NonpromptMu          0.90249   
ch2                       TTG                  1.03657   
ch2                       TTH                  1.02508   
ch2                       TTW0                 1.03296   
ch2                       TTW1eventBDTHT       1.18277   
ch2                       TTW2eventBDTHT       1.53764   
ch2                       TTW3eventBDTHT       0.94789   
ch2                       TTW4eventBDTHT       1.52791   
ch2                       TTX                  1.10104   
ch2                       TTZ                  1.07074   
ch2                       TX                   1.47606   
ch2                       WZ                   0.95998   
ch2                       ZG                   1.32462   
ch2                       ZZ                   1.29946   
