WARNING: the default behaviour of PostFitShapesFromWorkspace is to use the covariance matrix sampling method for the post-fit uncertainty. The option --sampling is deprecated and will be removed in future versions of CombineHarvester
[SetFlag] Changing value of flag "workspaces-use-clone" from 0 to 1
[#1] INFO:ObjectHandling -- RooWorkspace::import(w) importing dataset ch1
[#1] INFO:ObjectHandling -- RooWorkspace::import(w) importing dataset ch2
[#1] INFO:ObjectHandling -- RooWorkspace::import(w) importing dataset ch3
[#1] INFO:ObjectHandling -- RooWorkspace::import(w) importing dataset ch4
[SetFlag] Changing value of flag "workspaces-use-clone" from 0 to 1
>> Doing prefit: TotalBkg
>> Doing prefit: TotalSig
>> Doing prefit: TotalProcs
>> Doing prefit: ch1,Convs
>> Doing prefit: ch1,Rares
>> Doing prefit: ch1,TTW_lep1_eta_bin0
>> Doing prefit: ch1,TTW_lep1_eta_bin1
>> Doing prefit: ch1,TTW_lep1_eta_bin2
>> Doing prefit: ch1,TTW_lep1_eta_bin3
>> Doing prefit: ch1,TTW_ooa
>> Doing prefit: ch1,TTZ
>> Doing prefit: ch1,VVV
>> Doing prefit: ch1,WZ
>> Doing prefit: ch1,ZZ
>> Doing prefit: ch1,data_fakes
>> Doing prefit: ch1,data_flips
>> Doing prefit: ch1,tHW
>> Doing prefit: ch1,tHq
>> Doing prefit: ch1,tZq
>> Doing prefit: ch1,ttH
>> Doing prefit: ch1,ttVV
>> Doing prefit: ch1,TotalBkg
>> Doing prefit: ch1,TotalSig
>> Doing prefit: ch1,TotalProcs
>> Doing prefit: ch2,Convs
>> Doing prefit: ch2,Rares
>> Doing prefit: ch2,TTW_lep1_eta_bin0
>> Doing prefit: ch2,TTW_lep1_eta_bin1
>> Doing prefit: ch2,TTW_lep1_eta_bin2
>> Doing prefit: ch2,TTW_lep1_eta_bin3
>> Doing prefit: ch2,TTW_ooa
>> Doing prefit: ch2,TTZ
>> Doing prefit: ch2,VVV
>> Doing prefit: ch2,WZ
>> Doing prefit: ch2,ZZ
>> Doing prefit: ch2,data_fakes
>> Doing prefit: ch2,data_flips
>> Doing prefit: ch2,tHW
>> Doing prefit: ch2,tHq
>> Doing prefit: ch2,tZq
>> Doing prefit: ch2,ttH
>> Doing prefit: ch2,ttVV
>> Doing prefit: ch2,TotalBkg
>> Doing prefit: ch2,TotalSig
>> Doing prefit: ch2,TotalProcs
>> Doing prefit: ch3,Convs
>> Doing prefit: ch3,Rares
>> Doing prefit: ch3,TTW_lep1_eta_bin0
>> Doing prefit: ch3,TTW_lep1_eta_bin1
>> Doing prefit: ch3,TTW_lep1_eta_bin2
>> Doing prefit: ch3,TTW_lep1_eta_bin3
>> Doing prefit: ch3,TTW_ooa
>> Doing prefit: ch3,TTZ
>> Doing prefit: ch3,VVV
>> Doing prefit: ch3,WZ
>> Doing prefit: ch3,ZZ
>> Doing prefit: ch3,data_fakes
>> Doing prefit: ch3,data_flips
>> Doing prefit: ch3,tHW
>> Doing prefit: ch3,tHq
>> Doing prefit: ch3,tZq
>> Doing prefit: ch3,ttH
>> Doing prefit: ch3,ttVV
>> Doing prefit: ch3,TotalBkg
>> Doing prefit: ch3,TotalSig
>> Doing prefit: ch3,TotalProcs
>> Doing prefit: ch4,Convs
>> Doing prefit: ch4,Rares
>> Doing prefit: ch4,TTW_lep1_eta_bin0
>> Doing prefit: ch4,TTW_lep1_eta_bin1
>> Doing prefit: ch4,TTW_lep1_eta_bin2
>> Doing prefit: ch4,TTW_lep1_eta_bin3
>> Doing prefit: ch4,TTW_ooa
>> Doing prefit: ch4,TTZ
>> Doing prefit: ch4,VVV
>> Doing prefit: ch4,WZ
>> Doing prefit: ch4,ZZ
>> Doing prefit: ch4,data_fakes
>> Doing prefit: ch4,data_flips
>> Doing prefit: ch4,tHW
>> Doing prefit: ch4,tHq
>> Doing prefit: ch4,tZq
>> Doing prefit: ch4,ttH
>> Doing prefit: ch4,ttVV
>> Doing prefit: ch4,TotalBkg
>> Doing prefit: ch4,TotalSig
>> Doing prefit: ch4,TotalProcs
Bin                       Total relative bkg uncert. (prefit)
----------------------------------------------------------
ch1                       0.13743   
ch2                       0.12723   
ch3                       0.11492   
ch4                       0.12798   
>> Doing postfit: TotalBkg
>> Doing postfit: TotalSig
>> Doing postfit: TotalProcs
>> Doing postfit: ch1,Convs
>> Doing postfit: ch1,Rares
>> Doing postfit: ch1,TTW_lep1_eta_bin0
>> Doing postfit: ch1,TTW_lep1_eta_bin1
>> Doing postfit: ch1,TTW_lep1_eta_bin2
>> Doing postfit: ch1,TTW_lep1_eta_bin3
>> Doing postfit: ch1,TTW_ooa
>> Doing postfit: ch1,TTZ
>> Doing postfit: ch1,VVV
>> Doing postfit: ch1,WZ
>> Doing postfit: ch1,ZZ
>> Doing postfit: ch1,data_fakes
>> Doing postfit: ch1,data_flips
>> Doing postfit: ch1,tHW
>> Doing postfit: ch1,tHq
>> Doing postfit: ch1,tZq
>> Doing postfit: ch1,ttH
>> Doing postfit: ch1,ttVV
>> Doing postfit: ch1,TotalBkg
>> Doing postfit: ch1,TotalSig
>> Doing postfit: ch1,TotalProcs
>> Doing postfit: ch2,Convs
>> Doing postfit: ch2,Rares
>> Doing postfit: ch2,TTW_lep1_eta_bin0
>> Doing postfit: ch2,TTW_lep1_eta_bin1
>> Doing postfit: ch2,TTW_lep1_eta_bin2
>> Doing postfit: ch2,TTW_lep1_eta_bin3
>> Doing postfit: ch2,TTW_ooa
>> Doing postfit: ch2,TTZ
>> Doing postfit: ch2,VVV
>> Doing postfit: ch2,WZ
>> Doing postfit: ch2,ZZ
>> Doing postfit: ch2,data_fakes
>> Doing postfit: ch2,data_flips
>> Doing postfit: ch2,tHW
>> Doing postfit: ch2,tHq
>> Doing postfit: ch2,tZq
>> Doing postfit: ch2,ttH
>> Doing postfit: ch2,ttVV
>> Doing postfit: ch2,TotalBkg
>> Doing postfit: ch2,TotalSig
>> Doing postfit: ch2,TotalProcs
>> Doing postfit: ch3,Convs
>> Doing postfit: ch3,Rares
>> Doing postfit: ch3,TTW_lep1_eta_bin0
>> Doing postfit: ch3,TTW_lep1_eta_bin1
>> Doing postfit: ch3,TTW_lep1_eta_bin2
>> Doing postfit: ch3,TTW_lep1_eta_bin3
>> Doing postfit: ch3,TTW_ooa
>> Doing postfit: ch3,TTZ
>> Doing postfit: ch3,VVV
>> Doing postfit: ch3,WZ
>> Doing postfit: ch3,ZZ
>> Doing postfit: ch3,data_fakes
>> Doing postfit: ch3,data_flips
>> Doing postfit: ch3,tHW
>> Doing postfit: ch3,tHq
>> Doing postfit: ch3,tZq
>> Doing postfit: ch3,ttH
>> Doing postfit: ch3,ttVV
>> Doing postfit: ch3,TotalBkg
>> Doing postfit: ch3,TotalSig
>> Doing postfit: ch3,TotalProcs
>> Doing postfit: ch4,Convs
>> Doing postfit: ch4,Rares
>> Doing postfit: ch4,TTW_lep1_eta_bin0
>> Doing postfit: ch4,TTW_lep1_eta_bin1
>> Doing postfit: ch4,TTW_lep1_eta_bin2
>> Doing postfit: ch4,TTW_lep1_eta_bin3
>> Doing postfit: ch4,TTW_ooa
>> Doing postfit: ch4,TTZ
>> Doing postfit: ch4,VVV
>> Doing postfit: ch4,WZ
>> Doing postfit: ch4,ZZ
>> Doing postfit: ch4,data_fakes
>> Doing postfit: ch4,data_flips
>> Doing postfit: ch4,tHW
>> Doing postfit: ch4,tHq
>> Doing postfit: ch4,tZq
>> Doing postfit: ch4,ttH
>> Doing postfit: ch4,ttVV
>> Doing postfit: ch4,TotalBkg
>> Doing postfit: ch4,TotalSig
>> Doing postfit: ch4,TotalProcs

Bin                       Total relative bkg uncert. (postfit)
----------------------------------------------------------
ch1                       0.09427   
ch2                       0.08754   
ch3                       0.07065   
ch4                       0.08684   

Bin                       Process              Scale factor
----------------------------------------------------------
ch1                       Convs                1.08840   
ch1                       Rares                1.19407   
ch1                       TTW_lep1_eta_bin0    1.00738   
ch1                       TTW_lep1_eta_bin1    1.01861   
ch1                       TTW_lep1_eta_bin2    1.01995   
ch1                       TTW_lep1_eta_bin3    1.03170   
ch1                       TTW_ooa              1.03296   
ch1                       TTZ                  1.19845   
ch1                       VVV                  1.27995   
ch1                       WZ                   0.83590   
ch1                       ZZ                   1.15318   
ch1                       data_fakes           1.23208   
ch1                       data_flips           0.92957   
ch1                       tHW                  1.01358   
ch1                       tHq                  1.02525   
ch1                       tZq                  1.09548   
ch1                       ttH                  1.01942   
ch1                       ttVV                 1.03018   
ch2                       Convs                1.06437   
ch2                       Rares                1.13113   
ch2                       TTW_lep1_eta_bin0    0.98628   
ch2                       TTW_lep1_eta_bin1    0.95519   
ch2                       TTW_lep1_eta_bin2    1.00438   
ch2                       TTW_lep1_eta_bin3    1.00405   
ch2                       TTW_ooa              1.02446   
ch2                       TTZ                  1.09480   
ch2                       VVV                  1.21078   
ch2                       WZ                   0.82080   
ch2                       ZZ                   1.11199   
ch2                       data_fakes           1.21523   
ch2                       data_flips           0.92951   
ch2                       tHW                  1.01577   
ch2                       tHq                  1.02119   
ch2                       tZq                  1.08966   
ch2                       ttH                  1.02807   
ch2                       ttVV                 1.01498   
ch3                       Convs                1.11343   
ch3                       Rares                1.20803   
ch3                       TTW_lep1_eta_bin0    1.05277   
ch3                       TTW_lep1_eta_bin1    1.06060   
ch3                       TTW_lep1_eta_bin2    1.07478   
ch3                       TTW_lep1_eta_bin3    1.06785   
ch3                       TTW_ooa              1.04239   
ch3                       TTZ                  1.21646   
ch3                       VVV                  1.24695   
ch3                       WZ                   0.83106   
ch3                       ZZ                   1.12941   
ch3                       data_fakes           1.19825   
ch3                       data_flips           0.92957   
ch3                       tHW                  1.03263   
ch3                       tHq                  1.03174   
ch3                       tZq                  1.09541   
ch3                       ttH                  1.05556   
ch3                       ttVV                 1.04597   
ch4                       Convs                1.05280   
ch4                       Rares                1.18858   
ch4                       TTW_lep1_eta_bin0    0.98798   
ch4                       TTW_lep1_eta_bin1    1.00531   
ch4                       TTW_lep1_eta_bin2    0.98458   
ch4                       TTW_lep1_eta_bin3    0.99591   
ch4                       TTW_ooa              1.01709   
ch4                       TTZ                  1.13050   
ch4                       VVV                  1.39127   
ch4                       WZ                   0.93073   
ch4                       ZZ                   1.30286   
ch4                       data_fakes           1.21061   
ch4                       data_flips           0.92948   
ch4                       tHW                  1.00333   
ch4                       tHq                  1.01221   
ch4                       tZq                  1.07503   
ch4                       ttH                  1.02428   
ch4                       ttVV                 1.01469   
