/mnt_pool/c3_users/user/cvico/WorkSpace/ttw-differential/postfit-plots/counting/2lss/njets
WARNING: the default behaviour of PostFitShapesFromWorkspace is to use the covariance matrix sampling method for the post-fit uncertainty. The option --sampling is deprecated and will be removed in future versions of CombineHarvester
[SetFlag] Changing value of flag "workspaces-use-clone" from 0 to 1
[#1] INFO:ObjectHandling -- RooWorkspace::import(w) importing dataset ch1
[#1] INFO:ObjectHandling -- RooWorkspace::import(w) importing dataset ch10
[#1] INFO:ObjectHandling -- RooWorkspace::import(w) importing dataset ch11
[#1] INFO:ObjectHandling -- RooWorkspace::import(w) importing dataset ch12
[#1] INFO:ObjectHandling -- RooWorkspace::import(w) importing dataset ch13
[#1] INFO:ObjectHandling -- RooWorkspace::import(w) importing dataset ch14
[#1] INFO:ObjectHandling -- RooWorkspace::import(w) importing dataset ch15
[#1] INFO:ObjectHandling -- RooWorkspace::import(w) importing dataset ch16
[#1] INFO:ObjectHandling -- RooWorkspace::import(w) importing dataset ch17
[#1] INFO:ObjectHandling -- RooWorkspace::import(w) importing dataset ch18
[#1] INFO:ObjectHandling -- RooWorkspace::import(w) importing dataset ch19
[#1] INFO:ObjectHandling -- RooWorkspace::import(w) importing dataset ch2
[#1] INFO:ObjectHandling -- RooWorkspace::import(w) importing dataset ch20
[#1] INFO:ObjectHandling -- RooWorkspace::import(w) importing dataset ch21
[#1] INFO:ObjectHandling -- RooWorkspace::import(w) importing dataset ch22
[#1] INFO:ObjectHandling -- RooWorkspace::import(w) importing dataset ch23
[#1] INFO:ObjectHandling -- RooWorkspace::import(w) importing dataset ch24
[#1] INFO:ObjectHandling -- RooWorkspace::import(w) importing dataset ch25
[#1] INFO:ObjectHandling -- RooWorkspace::import(w) importing dataset ch26
[#1] INFO:ObjectHandling -- RooWorkspace::import(w) importing dataset ch27
[#1] INFO:ObjectHandling -- RooWorkspace::import(w) importing dataset ch28
[#1] INFO:ObjectHandling -- RooWorkspace::import(w) importing dataset ch29
[#1] INFO:ObjectHandling -- RooWorkspace::import(w) importing dataset ch3
[#1] INFO:ObjectHandling -- RooWorkspace::import(w) importing dataset ch30
[#1] INFO:ObjectHandling -- RooWorkspace::import(w) importing dataset ch31
[#1] INFO:ObjectHandling -- RooWorkspace::import(w) importing dataset ch32
[#1] INFO:ObjectHandling -- RooWorkspace::import(w) importing dataset ch33
[#1] INFO:ObjectHandling -- RooWorkspace::import(w) importing dataset ch34
[#1] INFO:ObjectHandling -- RooWorkspace::import(w) importing dataset ch35
[#1] INFO:ObjectHandling -- RooWorkspace::import(w) importing dataset ch36
[#1] INFO:ObjectHandling -- RooWorkspace::import(w) importing dataset ch37
[#1] INFO:ObjectHandling -- RooWorkspace::import(w) importing dataset ch38
[#1] INFO:ObjectHandling -- RooWorkspace::import(w) importing dataset ch39
[#1] INFO:ObjectHandling -- RooWorkspace::import(w) importing dataset ch4
[#1] INFO:ObjectHandling -- RooWorkspace::import(w) importing dataset ch40
[#1] INFO:ObjectHandling -- RooWorkspace::import(w) importing dataset ch41
[#1] INFO:ObjectHandling -- RooWorkspace::import(w) importing dataset ch42
[#1] INFO:ObjectHandling -- RooWorkspace::import(w) importing dataset ch43
[#1] INFO:ObjectHandling -- RooWorkspace::import(w) importing dataset ch44
[#1] INFO:ObjectHandling -- RooWorkspace::import(w) importing dataset ch5
[#1] INFO:ObjectHandling -- RooWorkspace::import(w) importing dataset ch6
[#1] INFO:ObjectHandling -- RooWorkspace::import(w) importing dataset ch7
[#1] INFO:ObjectHandling -- RooWorkspace::import(w) importing dataset ch8
[#1] INFO:ObjectHandling -- RooWorkspace::import(w) importing dataset ch9
[SetFlag] Changing value of flag "workspaces-use-clone" from 0 to 1
>> Doing prefit: TotalBkg
>> Doing prefit: TotalSig
>> Doing prefit: TotalProcs
Info in <TH1F::Add>: Attempt to add histograms with different number of bins - trying to use TH1::Merge
Error in <TH1Merger::DifferentAxesMerge>: Cannot merge histograms - the histograms x_data_obs can extend the X axis or have different limits and underflows/overflows are present in the histogram x_data_obs.
Info in <TH1F::Add>: Attempt to add histograms with different number of bins - trying to use TH1::Merge
Error in <TH1Merger::DifferentAxesMerge>: Cannot merge histograms - the histograms x_data_obs can extend the X axis or have different limits and underflows/overflows are present in the histogram x_data_obs.
Info in <TH1F::Add>: Attempt to add histograms with different number of bins - trying to use TH1::Merge
Error in <TH1Merger::DifferentAxesMerge>: Cannot merge histograms - the histograms x_data_obs can extend the X axis or have different limits and underflows/overflows are present in the histogram x_data_obs.
Info in <TH1F::Add>: Attempt to add histograms with different number of bins - trying to use TH1::Merge
Error in <TH1Merger::DifferentAxesMerge>: Cannot merge histograms - the histograms x_data_obs can extend the X axis or have different limits and underflows/overflows are present in the histogram x_data_obs.
Info in <TH1F::Add>: Attempt to add histograms with different number of bins - trying to use TH1::Merge
Error in <TH1Merger::DifferentAxesMerge>: Cannot merge histograms - the histograms x_data_obs can extend the X axis or have different limits and underflows/overflows are present in the histogram x_data_obs.
>> Doing prefit: ch1,Convs
>> Doing prefit: ch1,Rares
>> Doing prefit: ch1,TTW_njets_bin0
>> Doing prefit: ch1,TTW_njets_bin1
>> Doing prefit: ch1,TTW_njets_bin2
>> Doing prefit: ch1,TTW_ooa
>> Doing prefit: ch1,TTZ
>> Doing prefit: ch1,VVV
>> Doing prefit: ch1,WZ
>> Doing prefit: ch1,ZZ
>> Doing prefit: ch1,data_fakes
>> Doing prefit: ch1,data_flips
>> Doing prefit: ch1,tHW
>> Doing prefit: ch1,tHq
>> Doing prefit: ch1,tZq
>> Doing prefit: ch1,ttH
>> Doing prefit: ch1,ttVV
>> Doing prefit: ch1,TotalBkg
>> Doing prefit: ch1,TotalSig
>> Doing prefit: ch1,TotalProcs
>> Doing prefit: ch10,Convs
>> Doing prefit: ch10,Rares
>> Doing prefit: ch10,TTW_njets_bin0
>> Doing prefit: ch10,TTW_njets_bin1
>> Doing prefit: ch10,TTW_njets_bin2
>> Doing prefit: ch10,TTW_ooa
>> Doing prefit: ch10,TTZ
>> Doing prefit: ch10,VVV
>> Doing prefit: ch10,WZ
>> Doing prefit: ch10,ZZ
>> Doing prefit: ch10,data_fakes
>> Doing prefit: ch10,data_flips
>> Doing prefit: ch10,tHW
>> Doing prefit: ch10,tHq
>> Doing prefit: ch10,tZq
>> Doing prefit: ch10,ttH
>> Doing prefit: ch10,ttVV
>> Doing prefit: ch10,TotalBkg
>> Doing prefit: ch10,TotalSig
>> Doing prefit: ch10,TotalProcs
>> Doing prefit: ch11,Convs
>> Doing prefit: ch11,Rares
>> Doing prefit: ch11,TTW_njets_bin0
>> Doing prefit: ch11,TTW_njets_bin1
>> Doing prefit: ch11,TTW_njets_bin2
>> Doing prefit: ch11,TTW_ooa
>> Doing prefit: ch11,TTZ
>> Doing prefit: ch11,VVV
>> Doing prefit: ch11,WZ
>> Doing prefit: ch11,ZZ
>> Doing prefit: ch11,data_fakes
>> Doing prefit: ch11,data_flips
>> Doing prefit: ch11,tHW
>> Doing prefit: ch11,tHq
>> Doing prefit: ch11,tZq
>> Doing prefit: ch11,ttH
>> Doing prefit: ch11,ttVV
>> Doing prefit: ch11,TotalBkg
>> Doing prefit: ch11,TotalSig
>> Doing prefit: ch11,TotalProcs
>> Doing prefit: ch12,Rares
>> Doing prefit: ch12,TTW_njets_bin0
>> Doing prefit: ch12,TTW_njets_bin1
>> Doing prefit: ch12,TTW_njets_bin2
>> Doing prefit: ch12,TTW_ooa
>> Doing prefit: ch12,TTZ
>> Doing prefit: ch12,VVV
>> Doing prefit: ch12,WZ
>> Doing prefit: ch12,ZZ
>> Doing prefit: ch12,data_fakes
>> Doing prefit: ch12,tHW
>> Doing prefit: ch12,tHq
>> Doing prefit: ch12,tZq
>> Doing prefit: ch12,ttH
>> Doing prefit: ch12,ttVV
>> Doing prefit: ch12,TotalBkg
>> Doing prefit: ch12,TotalSig
>> Doing prefit: ch12,TotalProcs
>> Doing prefit: ch13,Convs
>> Doing prefit: ch13,Rares
>> Doing prefit: ch13,TTW_njets_bin0
>> Doing prefit: ch13,TTW_njets_bin1
>> Doing prefit: ch13,TTW_njets_bin2
>> Doing prefit: ch13,TTW_ooa
>> Doing prefit: ch13,TTZ
>> Doing prefit: ch13,VVV
>> Doing prefit: ch13,WZ
>> Doing prefit: ch13,ZZ
>> Doing prefit: ch13,data_fakes
>> Doing prefit: ch13,data_flips
>> Doing prefit: ch13,tHW
>> Doing prefit: ch13,tHq
>> Doing prefit: ch13,tZq
>> Doing prefit: ch13,ttH
>> Doing prefit: ch13,ttVV
>> Doing prefit: ch13,TotalBkg
>> Doing prefit: ch13,TotalSig
>> Doing prefit: ch13,TotalProcs
>> Doing prefit: ch14,Convs
>> Doing prefit: ch14,Rares
>> Doing prefit: ch14,TTW_njets_bin0
>> Doing prefit: ch14,TTW_njets_bin1
>> Doing prefit: ch14,TTW_njets_bin2
>> Doing prefit: ch14,TTW_ooa
>> Doing prefit: ch14,TTZ
>> Doing prefit: ch14,VVV
>> Doing prefit: ch14,WZ
>> Doing prefit: ch14,ZZ
>> Doing prefit: ch14,data_fakes
>> Doing prefit: ch14,data_flips
>> Doing prefit: ch14,tHW
>> Doing prefit: ch14,tHq
>> Doing prefit: ch14,tZq
>> Doing prefit: ch14,ttH
>> Doing prefit: ch14,ttVV
>> Doing prefit: ch14,TotalBkg
>> Doing prefit: ch14,TotalSig
>> Doing prefit: ch14,TotalProcs
>> Doing prefit: ch15,Convs
>> Doing prefit: ch15,Rares
>> Doing prefit: ch15,TTW_njets_bin0
>> Doing prefit: ch15,TTW_njets_bin1
>> Doing prefit: ch15,TTW_njets_bin2
>> Doing prefit: ch15,TTW_ooa
>> Doing prefit: ch15,TTZ
>> Doing prefit: ch15,VVV
>> Doing prefit: ch15,WZ
>> Doing prefit: ch15,ZZ
>> Doing prefit: ch15,data_fakes
>> Doing prefit: ch15,data_flips
>> Doing prefit: ch15,tHW
>> Doing prefit: ch15,tHq
>> Doing prefit: ch15,tZq
>> Doing prefit: ch15,ttH
>> Doing prefit: ch15,ttVV
>> Doing prefit: ch15,TotalBkg
>> Doing prefit: ch15,TotalSig
>> Doing prefit: ch15,TotalProcs
>> Doing prefit: ch16,Convs
>> Doing prefit: ch16,Rares
>> Doing prefit: ch16,TTW_njets_bin0
>> Doing prefit: ch16,TTW_njets_bin1
>> Doing prefit: ch16,TTW_njets_bin2
>> Doing prefit: ch16,TTW_ooa
>> Doing prefit: ch16,TTZ
>> Doing prefit: ch16,VVV
>> Doing prefit: ch16,WZ
>> Doing prefit: ch16,ZZ
>> Doing prefit: ch16,data_fakes
>> Doing prefit: ch16,data_flips
>> Doing prefit: ch16,tHW
>> Doing prefit: ch16,tHq
>> Doing prefit: ch16,tZq
>> Doing prefit: ch16,ttH
>> Doing prefit: ch16,ttVV
>> Doing prefit: ch16,TotalBkg
>> Doing prefit: ch16,TotalSig
>> Doing prefit: ch16,TotalProcs
>> Doing prefit: ch17,Convs
>> Doing prefit: ch17,Rares
>> Doing prefit: ch17,TTW_njets_bin0
>> Doing prefit: ch17,TTW_njets_bin1
>> Doing prefit: ch17,TTW_njets_bin2
>> Doing prefit: ch17,TTW_ooa
>> Doing prefit: ch17,TTZ
>> Doing prefit: ch17,VVV
>> Doing prefit: ch17,WZ
>> Doing prefit: ch17,ZZ
>> Doing prefit: ch17,data_fakes
>> Doing prefit: ch17,data_flips
>> Doing prefit: ch17,tHW
>> Doing prefit: ch17,tHq
>> Doing prefit: ch17,tZq
>> Doing prefit: ch17,ttH
>> Doing prefit: ch17,ttVV
>> Doing prefit: ch17,TotalBkg
>> Doing prefit: ch17,TotalSig
>> Doing prefit: ch17,TotalProcs
>> Doing prefit: ch18,Rares
>> Doing prefit: ch18,TTW_njets_bin0
>> Doing prefit: ch18,TTW_njets_bin1
>> Doing prefit: ch18,TTW_njets_bin2
>> Doing prefit: ch18,TTW_ooa
>> Doing prefit: ch18,TTZ
>> Doing prefit: ch18,VVV
>> Doing prefit: ch18,WZ
>> Doing prefit: ch18,ZZ
>> Doing prefit: ch18,data_fakes
>> Doing prefit: ch18,tHW
>> Doing prefit: ch18,tHq
>> Doing prefit: ch18,tZq
>> Doing prefit: ch18,ttH
>> Doing prefit: ch18,ttVV
>> Doing prefit: ch18,TotalBkg
>> Doing prefit: ch18,TotalSig
>> Doing prefit: ch18,TotalProcs
>> Doing prefit: ch19,Convs
>> Doing prefit: ch19,Rares
>> Doing prefit: ch19,TTW_njets_bin0
>> Doing prefit: ch19,TTW_njets_bin1
>> Doing prefit: ch19,TTW_njets_bin2
>> Doing prefit: ch19,TTW_ooa
>> Doing prefit: ch19,TTZ
>> Doing prefit: ch19,VVV
>> Doing prefit: ch19,WZ
>> Doing prefit: ch19,ZZ
>> Doing prefit: ch19,data_fakes
>> Doing prefit: ch19,data_flips
>> Doing prefit: ch19,tHW
>> Doing prefit: ch19,tHq
>> Doing prefit: ch19,tZq
>> Doing prefit: ch19,ttH
>> Doing prefit: ch19,ttVV
>> Doing prefit: ch19,TotalBkg
>> Doing prefit: ch19,TotalSig
>> Doing prefit: ch19,TotalProcs
>> Doing prefit: ch2,Convs
>> Doing prefit: ch2,Rares
>> Doing prefit: ch2,TTW_njets_bin0
>> Doing prefit: ch2,TTW_njets_bin1
>> Doing prefit: ch2,TTW_njets_bin2
>> Doing prefit: ch2,TTW_ooa
>> Doing prefit: ch2,TTZ
>> Doing prefit: ch2,VVV
>> Doing prefit: ch2,WZ
>> Doing prefit: ch2,ZZ
>> Doing prefit: ch2,data_fakes
>> Doing prefit: ch2,data_flips
>> Doing prefit: ch2,tHW
>> Doing prefit: ch2,tHq
>> Doing prefit: ch2,tZq
>> Doing prefit: ch2,ttH
>> Doing prefit: ch2,ttVV
>> Doing prefit: ch2,TotalBkg
>> Doing prefit: ch2,TotalSig
>> Doing prefit: ch2,TotalProcs
>> Doing prefit: ch20,Rares
>> Doing prefit: ch20,TTW_njets_bin0
>> Doing prefit: ch20,TTW_njets_bin1
>> Doing prefit: ch20,TTW_njets_bin2
>> Doing prefit: ch20,TTW_ooa
>> Doing prefit: ch20,TTZ
>> Doing prefit: ch20,VVV
>> Doing prefit: ch20,WZ
>> Doing prefit: ch20,ZZ
>> Doing prefit: ch20,data_fakes
>> Doing prefit: ch20,tHW
>> Doing prefit: ch20,tHq
>> Doing prefit: ch20,tZq
>> Doing prefit: ch20,ttH
>> Doing prefit: ch20,ttVV
>> Doing prefit: ch20,TotalBkg
>> Doing prefit: ch20,TotalSig
>> Doing prefit: ch20,TotalProcs
>> Doing prefit: ch21,Convs
>> Doing prefit: ch21,Rares
>> Doing prefit: ch21,TTW_njets_bin0
>> Doing prefit: ch21,TTW_njets_bin1
>> Doing prefit: ch21,TTW_njets_bin2
>> Doing prefit: ch21,TTW_ooa
>> Doing prefit: ch21,TTZ
>> Doing prefit: ch21,VVV
>> Doing prefit: ch21,WZ
>> Doing prefit: ch21,ZZ
>> Doing prefit: ch21,data_fakes
>> Doing prefit: ch21,data_flips
>> Doing prefit: ch21,tHW
>> Doing prefit: ch21,tHq
>> Doing prefit: ch21,tZq
>> Doing prefit: ch21,ttH
>> Doing prefit: ch21,ttVV
>> Doing prefit: ch21,TotalBkg
>> Doing prefit: ch21,TotalSig
>> Doing prefit: ch21,TotalProcs
>> Doing prefit: ch22,Rares
>> Doing prefit: ch22,TTW_njets_bin0
>> Doing prefit: ch22,TTW_njets_bin1
>> Doing prefit: ch22,TTW_njets_bin2
>> Doing prefit: ch22,TTW_ooa
>> Doing prefit: ch22,TTZ
>> Doing prefit: ch22,VVV
>> Doing prefit: ch22,WZ
>> Doing prefit: ch22,ZZ
>> Doing prefit: ch22,data_fakes
>> Doing prefit: ch22,tHW
>> Doing prefit: ch22,tHq
>> Doing prefit: ch22,tZq
>> Doing prefit: ch22,ttH
>> Doing prefit: ch22,ttVV
>> Doing prefit: ch22,TotalBkg
>> Doing prefit: ch22,TotalSig
>> Doing prefit: ch22,TotalProcs
>> Doing prefit: ch23,Rares
>> Doing prefit: ch23,TTW_njets_bin0
>> Doing prefit: ch23,TTW_njets_bin1
>> Doing prefit: ch23,TTW_njets_bin2
>> Doing prefit: ch23,TTW_ooa
>> Doing prefit: ch23,TTZ
>> Doing prefit: ch23,VVV
>> Doing prefit: ch23,WZ
>> Doing prefit: ch23,data_fakes
>> Doing prefit: ch23,tHW
>> Doing prefit: ch23,tHq
>> Doing prefit: ch23,tZq
>> Doing prefit: ch23,ttH
>> Doing prefit: ch23,ttVV
>> Doing prefit: ch23,TotalBkg
>> Doing prefit: ch23,TotalSig
>> Doing prefit: ch23,TotalProcs
>> Doing prefit: ch24,Convs
>> Doing prefit: ch24,Rares
>> Doing prefit: ch24,TTW_njets_bin0
>> Doing prefit: ch24,TTW_njets_bin1
>> Doing prefit: ch24,TTW_njets_bin2
>> Doing prefit: ch24,TTW_ooa
>> Doing prefit: ch24,TTZ
>> Doing prefit: ch24,VVV
>> Doing prefit: ch24,WZ
>> Doing prefit: ch24,ZZ
>> Doing prefit: ch24,data_fakes
>> Doing prefit: ch24,data_flips
>> Doing prefit: ch24,tHW
>> Doing prefit: ch24,tHq
>> Doing prefit: ch24,tZq
>> Doing prefit: ch24,ttH
>> Doing prefit: ch24,ttVV
>> Doing prefit: ch24,TotalBkg
>> Doing prefit: ch24,TotalSig
>> Doing prefit: ch24,TotalProcs
>> Doing prefit: ch25,Convs
>> Doing prefit: ch25,Rares
>> Doing prefit: ch25,TTW_inclusive
>> Doing prefit: ch25,TTZ
>> Doing prefit: ch25,VVV
>> Doing prefit: ch25,WZ
>> Doing prefit: ch25,ZZ
>> Doing prefit: ch25,data_fakes
>> Doing prefit: ch25,tHq
>> Doing prefit: ch25,tZq
>> Doing prefit: ch25,ttH
>> Doing prefit: ch25,ttVV
>> Doing prefit: ch25,TotalBkg
>> Doing prefit: ch25,TotalSig
>> Doing prefit: ch25,TotalProcs
>> Doing prefit: ch26,Rares
>> Doing prefit: ch26,TTW_inclusive
>> Doing prefit: ch26,TTZ
>> Doing prefit: ch26,VVV
>> Doing prefit: ch26,WZ
>> Doing prefit: ch26,ZZ
>> Doing prefit: ch26,data_fakes
>> Doing prefit: ch26,tHW
>> Doing prefit: ch26,tHq
>> Doing prefit: ch26,tZq
>> Doing prefit: ch26,ttH
>> Doing prefit: ch26,ttVV
>> Doing prefit: ch26,TotalBkg
>> Doing prefit: ch26,TotalSig
>> Doing prefit: ch26,TotalProcs
>> Doing prefit: ch27,Convs
>> Doing prefit: ch27,Rares
>> Doing prefit: ch27,TTW_inclusive
>> Doing prefit: ch27,TTZ
>> Doing prefit: ch27,VVV
>> Doing prefit: ch27,WZ
>> Doing prefit: ch27,ZZ
>> Doing prefit: ch27,data_fakes
>> Doing prefit: ch27,tHW
>> Doing prefit: ch27,tHq
>> Doing prefit: ch27,tZq
>> Doing prefit: ch27,ttH
>> Doing prefit: ch27,ttVV
>> Doing prefit: ch27,TotalBkg
>> Doing prefit: ch27,TotalSig
>> Doing prefit: ch27,TotalProcs
>> Doing prefit: ch28,Rares
>> Doing prefit: ch28,TTW_inclusive
>> Doing prefit: ch28,TTZ
>> Doing prefit: ch28,VVV
>> Doing prefit: ch28,WZ
>> Doing prefit: ch28,ZZ
>> Doing prefit: ch28,data_fakes
>> Doing prefit: ch28,tHW
>> Doing prefit: ch28,tHq
>> Doing prefit: ch28,tZq
>> Doing prefit: ch28,ttH
>> Doing prefit: ch28,ttVV
>> Doing prefit: ch28,TotalBkg
>> Doing prefit: ch28,TotalSig
>> Doing prefit: ch28,TotalProcs
>> Doing prefit: ch29,Convs
>> Doing prefit: ch29,Rares
>> Doing prefit: ch29,TTW_inclusive
>> Doing prefit: ch29,TTZ
>> Doing prefit: ch29,VVV
>> Doing prefit: ch29,WZ
>> Doing prefit: ch29,ZZ
>> Doing prefit: ch29,data_fakes
>> Doing prefit: ch29,tHq
>> Doing prefit: ch29,tZq
>> Doing prefit: ch29,ttH
>> Doing prefit: ch29,ttVV
>> Doing prefit: ch29,TotalBkg
>> Doing prefit: ch29,TotalSig
>> Doing prefit: ch29,TotalProcs
>> Doing prefit: ch3,Convs
>> Doing prefit: ch3,Rares
>> Doing prefit: ch3,TTW_njets_bin0
>> Doing prefit: ch3,TTW_njets_bin1
>> Doing prefit: ch3,TTW_njets_bin2
>> Doing prefit: ch3,TTW_ooa
>> Doing prefit: ch3,TTZ
>> Doing prefit: ch3,VVV
>> Doing prefit: ch3,WZ
>> Doing prefit: ch3,ZZ
>> Doing prefit: ch3,data_fakes
>> Doing prefit: ch3,data_flips
>> Doing prefit: ch3,tHW
>> Doing prefit: ch3,tHq
>> Doing prefit: ch3,tZq
>> Doing prefit: ch3,ttH
>> Doing prefit: ch3,ttVV
>> Doing prefit: ch3,TotalBkg
>> Doing prefit: ch3,TotalSig
>> Doing prefit: ch3,TotalProcs
>> Doing prefit: ch30,Convs
>> Doing prefit: ch30,Rares
>> Doing prefit: ch30,TTW_inclusive
>> Doing prefit: ch30,TTZ
>> Doing prefit: ch30,VVV
>> Doing prefit: ch30,WZ
>> Doing prefit: ch30,ZZ
>> Doing prefit: ch30,data_fakes
>> Doing prefit: ch30,tHW
>> Doing prefit: ch30,tHq
>> Doing prefit: ch30,tZq
>> Doing prefit: ch30,ttH
>> Doing prefit: ch30,ttVV
>> Doing prefit: ch30,TotalBkg
>> Doing prefit: ch30,TotalSig
>> Doing prefit: ch30,TotalProcs
>> Doing prefit: ch31,Convs
>> Doing prefit: ch31,Rares
>> Doing prefit: ch31,TTW_inclusive
>> Doing prefit: ch31,TTZ
>> Doing prefit: ch31,VVV
>> Doing prefit: ch31,WZ
>> Doing prefit: ch31,ZZ
>> Doing prefit: ch31,data_fakes
>> Doing prefit: ch31,tHW
>> Doing prefit: ch31,tHq
>> Doing prefit: ch31,tZq
>> Doing prefit: ch31,ttH
>> Doing prefit: ch31,ttVV
>> Doing prefit: ch31,TotalBkg
>> Doing prefit: ch31,TotalSig
>> Doing prefit: ch31,TotalProcs
>> Doing prefit: ch32,Rares
>> Doing prefit: ch32,TTW_inclusive
>> Doing prefit: ch32,TTZ
>> Doing prefit: ch32,VVV
>> Doing prefit: ch32,WZ
>> Doing prefit: ch32,ZZ
>> Doing prefit: ch32,data_fakes
>> Doing prefit: ch32,tHW
>> Doing prefit: ch32,tHq
>> Doing prefit: ch32,tZq
>> Doing prefit: ch32,ttH
>> Doing prefit: ch32,ttVV
>> Doing prefit: ch32,TotalBkg
>> Doing prefit: ch32,TotalSig
>> Doing prefit: ch32,TotalProcs
>> Doing prefit: ch33,Convs
>> Doing prefit: ch33,Rares
>> Doing prefit: ch33,TTW_inclusive
>> Doing prefit: ch33,TTZ
>> Doing prefit: ch33,VVV
>> Doing prefit: ch33,WZ
>> Doing prefit: ch33,ZZ
>> Doing prefit: ch33,data_fakes
>> Doing prefit: ch33,tHW
>> Doing prefit: ch33,tHq
>> Doing prefit: ch33,tZq
>> Doing prefit: ch33,ttH
>> Doing prefit: ch33,ttVV
>> Doing prefit: ch33,TotalBkg
>> Doing prefit: ch33,TotalSig
>> Doing prefit: ch33,TotalProcs
>> Doing prefit: ch34,Convs
>> Doing prefit: ch34,Rares
>> Doing prefit: ch34,TTW_inclusive
>> Doing prefit: ch34,TTZ
>> Doing prefit: ch34,VVV
>> Doing prefit: ch34,WZ
>> Doing prefit: ch34,ZZ
>> Doing prefit: ch34,data_fakes
>> Doing prefit: ch34,tHW
>> Doing prefit: ch34,tHq
>> Doing prefit: ch34,tZq
>> Doing prefit: ch34,ttH
>> Doing prefit: ch34,ttVV
>> Doing prefit: ch34,TotalBkg
>> Doing prefit: ch34,TotalSig
>> Doing prefit: ch34,TotalProcs
>> Doing prefit: ch35,Convs
>> Doing prefit: ch35,Rares
>> Doing prefit: ch35,TTW_inclusive
>> Doing prefit: ch35,TTZ
>> Doing prefit: ch35,VVV
>> Doing prefit: ch35,WZ
>> Doing prefit: ch35,ZZ
>> Doing prefit: ch35,data_fakes
>> Doing prefit: ch35,tHW
>> Doing prefit: ch35,tHq
>> Doing prefit: ch35,tZq
>> Doing prefit: ch35,ttH
>> Doing prefit: ch35,ttVV
>> Doing prefit: ch35,TotalBkg
>> Doing prefit: ch35,TotalSig
>> Doing prefit: ch35,TotalProcs
>> Doing prefit: ch36,Rares
>> Doing prefit: ch36,TTW_inclusive
>> Doing prefit: ch36,TTZ
>> Doing prefit: ch36,VVV
>> Doing prefit: ch36,WZ
>> Doing prefit: ch36,ZZ
>> Doing prefit: ch36,data_fakes
>> Doing prefit: ch36,tHW
>> Doing prefit: ch36,tHq
>> Doing prefit: ch36,tZq
>> Doing prefit: ch36,ttH
>> Doing prefit: ch36,ttVV
>> Doing prefit: ch36,TotalBkg
>> Doing prefit: ch36,TotalSig
>> Doing prefit: ch36,TotalProcs
>> Doing prefit: ch37,Convs
>> Doing prefit: ch37,Rares
>> Doing prefit: ch37,TTW_inclusive
>> Doing prefit: ch37,TTZ
>> Doing prefit: ch37,VVV
>> Doing prefit: ch37,WZ
>> Doing prefit: ch37,ZZ
>> Doing prefit: ch37,data_fakes
>> Doing prefit: ch37,tHW
>> Doing prefit: ch37,tHq
>> Doing prefit: ch37,tZq
>> Doing prefit: ch37,ttH
>> Doing prefit: ch37,ttVV
>> Doing prefit: ch37,TotalBkg
>> Doing prefit: ch37,TotalSig
>> Doing prefit: ch37,TotalProcs
>> Doing prefit: ch38,Convs
>> Doing prefit: ch38,Rares
>> Doing prefit: ch38,TTW_inclusive
>> Doing prefit: ch38,TTZ
>> Doing prefit: ch38,VVV
>> Doing prefit: ch38,WZ
>> Doing prefit: ch38,ZZ
>> Doing prefit: ch38,data_fakes
>> Doing prefit: ch38,tHW
>> Doing prefit: ch38,tHq
>> Doing prefit: ch38,tZq
>> Doing prefit: ch38,ttH
>> Doing prefit: ch38,ttVV
>> Doing prefit: ch38,TotalBkg
>> Doing prefit: ch38,TotalSig
>> Doing prefit: ch38,TotalProcs
>> Doing prefit: ch39,Convs
>> Doing prefit: ch39,Rares
>> Doing prefit: ch39,TTW_inclusive
>> Doing prefit: ch39,TTZ
>> Doing prefit: ch39,VVV
>> Doing prefit: ch39,WZ
>> Doing prefit: ch39,ZZ
>> Doing prefit: ch39,data_fakes
>> Doing prefit: ch39,tHW
>> Doing prefit: ch39,tHq
>> Doing prefit: ch39,tZq
>> Doing prefit: ch39,ttH
>> Doing prefit: ch39,ttVV
>> Doing prefit: ch39,TotalBkg
>> Doing prefit: ch39,TotalSig
>> Doing prefit: ch39,TotalProcs
>> Doing prefit: ch4,Convs
>> Doing prefit: ch4,Rares
>> Doing prefit: ch4,TTW_njets_bin0
>> Doing prefit: ch4,TTW_njets_bin1
>> Doing prefit: ch4,TTW_njets_bin2
>> Doing prefit: ch4,TTW_ooa
>> Doing prefit: ch4,TTZ
>> Doing prefit: ch4,VVV
>> Doing prefit: ch4,WZ
>> Doing prefit: ch4,ZZ
>> Doing prefit: ch4,data_fakes
>> Doing prefit: ch4,data_flips
>> Doing prefit: ch4,tHW
>> Doing prefit: ch4,tHq
>> Doing prefit: ch4,tZq
>> Doing prefit: ch4,ttH
>> Doing prefit: ch4,ttVV
>> Doing prefit: ch4,TotalBkg
>> Doing prefit: ch4,TotalSig
>> Doing prefit: ch4,TotalProcs
>> Doing prefit: ch40,Rares
>> Doing prefit: ch40,TTW_inclusive
>> Doing prefit: ch40,TTZ
>> Doing prefit: ch40,VVV
>> Doing prefit: ch40,WZ
>> Doing prefit: ch40,ZZ
>> Doing prefit: ch40,data_fakes
>> Doing prefit: ch40,tHW
>> Doing prefit: ch40,tHq
>> Doing prefit: ch40,tZq
>> Doing prefit: ch40,ttH
>> Doing prefit: ch40,ttVV
>> Doing prefit: ch40,TotalBkg
>> Doing prefit: ch40,TotalSig
>> Doing prefit: ch40,TotalProcs
>> Doing prefit: ch41,MC_fakes
>> Doing prefit: ch41,Rares
>> Doing prefit: ch41,TTZ
>> Doing prefit: ch41,WZ
>> Doing prefit: ch41,ZZ
>> Doing prefit: ch41,ttH
>> Doing prefit: ch41,TotalBkg
>> Doing prefit: ch41,TotalSig
>> Doing prefit: ch41,TotalProcs
>> Doing prefit: ch42,Convs
>> Doing prefit: ch42,MC_fakes
>> Doing prefit: ch42,Rares
>> Doing prefit: ch42,TTZ
>> Doing prefit: ch42,WZ
>> Doing prefit: ch42,ZZ
>> Doing prefit: ch42,ttH
>> Doing prefit: ch42,TotalBkg
>> Doing prefit: ch42,TotalSig
>> Doing prefit: ch42,TotalProcs
>> Doing prefit: ch43,Convs
>> Doing prefit: ch43,MC_fakes
>> Doing prefit: ch43,Rares
>> Doing prefit: ch43,TTWW
>> Doing prefit: ch43,TTZ
>> Doing prefit: ch43,WZ
>> Doing prefit: ch43,ZZ
>> Doing prefit: ch43,ttH
>> Doing prefit: ch43,TotalBkg
>> Doing prefit: ch43,TotalSig
>> Doing prefit: ch43,TotalProcs
>> Doing prefit: ch44,Convs
>> Doing prefit: ch44,MC_fakes
>> Doing prefit: ch44,Rares
>> Doing prefit: ch44,TTWW
>> Doing prefit: ch44,TTZ
>> Doing prefit: ch44,WZ
>> Doing prefit: ch44,ZZ
>> Doing prefit: ch44,tHW
>> Doing prefit: ch44,ttH
>> Doing prefit: ch44,TotalBkg
>> Doing prefit: ch44,TotalSig
>> Doing prefit: ch44,TotalProcs
>> Doing prefit: ch5,Convs
>> Doing prefit: ch5,Rares
>> Doing prefit: ch5,TTW_njets_bin0
>> Doing prefit: ch5,TTW_njets_bin1
>> Doing prefit: ch5,TTW_njets_bin2
>> Doing prefit: ch5,TTW_ooa
>> Doing prefit: ch5,TTZ
>> Doing prefit: ch5,VVV
>> Doing prefit: ch5,WZ
>> Doing prefit: ch5,ZZ
>> Doing prefit: ch5,data_fakes
>> Doing prefit: ch5,data_flips
>> Doing prefit: ch5,tHW
>> Doing prefit: ch5,tHq
>> Doing prefit: ch5,tZq
>> Doing prefit: ch5,ttH
>> Doing prefit: ch5,ttVV
>> Doing prefit: ch5,TotalBkg
>> Doing prefit: ch5,TotalSig
>> Doing prefit: ch5,TotalProcs
>> Doing prefit: ch6,Rares
>> Doing prefit: ch6,TTW_njets_bin0
>> Doing prefit: ch6,TTW_njets_bin1
>> Doing prefit: ch6,TTW_njets_bin2
>> Doing prefit: ch6,TTW_ooa
>> Doing prefit: ch6,TTZ
>> Doing prefit: ch6,VVV
>> Doing prefit: ch6,WZ
>> Doing prefit: ch6,ZZ
>> Doing prefit: ch6,data_fakes
>> Doing prefit: ch6,tHW
>> Doing prefit: ch6,tHq
>> Doing prefit: ch6,tZq
>> Doing prefit: ch6,ttH
>> Doing prefit: ch6,ttVV
>> Doing prefit: ch6,TotalBkg
>> Doing prefit: ch6,TotalSig
>> Doing prefit: ch6,TotalProcs
>> Doing prefit: ch7,Rares
>> Doing prefit: ch7,TTW_njets_bin0
>> Doing prefit: ch7,TTW_njets_bin1
>> Doing prefit: ch7,TTW_njets_bin2
>> Doing prefit: ch7,TTW_ooa
>> Doing prefit: ch7,TTZ
>> Doing prefit: ch7,VVV
>> Doing prefit: ch7,WZ
>> Doing prefit: ch7,ZZ
>> Doing prefit: ch7,data_fakes
>> Doing prefit: ch7,tHW
>> Doing prefit: ch7,tHq
>> Doing prefit: ch7,tZq
>> Doing prefit: ch7,ttH
>> Doing prefit: ch7,ttVV
>> Doing prefit: ch7,TotalBkg
>> Doing prefit: ch7,TotalSig
>> Doing prefit: ch7,TotalProcs
>> Doing prefit: ch8,Convs
>> Doing prefit: ch8,Rares
>> Doing prefit: ch8,TTW_njets_bin0
>> Doing prefit: ch8,TTW_njets_bin1
>> Doing prefit: ch8,TTW_njets_bin2
>> Doing prefit: ch8,TTW_ooa
>> Doing prefit: ch8,TTZ
>> Doing prefit: ch8,VVV
>> Doing prefit: ch8,WZ
>> Doing prefit: ch8,ZZ
>> Doing prefit: ch8,data_fakes
>> Doing prefit: ch8,data_flips
>> Doing prefit: ch8,tHW
>> Doing prefit: ch8,tHq
>> Doing prefit: ch8,tZq
>> Doing prefit: ch8,ttH
>> Doing prefit: ch8,ttVV
>> Doing prefit: ch8,TotalBkg
>> Doing prefit: ch8,TotalSig
>> Doing prefit: ch8,TotalProcs
>> Doing prefit: ch9,Rares
>> Doing prefit: ch9,TTW_njets_bin0
>> Doing prefit: ch9,TTW_njets_bin1
>> Doing prefit: ch9,TTW_njets_bin2
>> Doing prefit: ch9,TTW_ooa
>> Doing prefit: ch9,TTZ
>> Doing prefit: ch9,VVV
>> Doing prefit: ch9,WZ
>> Doing prefit: ch9,ZZ
>> Doing prefit: ch9,data_fakes
>> Doing prefit: ch9,tHW
>> Doing prefit: ch9,tHq
>> Doing prefit: ch9,tZq
>> Doing prefit: ch9,ttH
>> Doing prefit: ch9,ttVV
>> Doing prefit: ch9,TotalBkg
>> Doing prefit: ch9,TotalSig
>> Doing prefit: ch9,TotalProcs
Bin                       Total relative bkg uncert. (prefit)
----------------------------------------------------------
ch1                       0.13366   
ch10                      0.10967   
ch11                      0.17231   
ch12                      0.15349   
ch13                      0.15172   
ch14                      0.12490   
ch15                      0.14675   
ch16                      0.12531   
ch17                      0.10764   
ch18                      0.14578   
ch19                      0.16399   
ch2                       0.15301   
ch20                      0.17516   
ch21                      0.15060   
ch22                      0.15629   
ch23                      0.12264   
ch24                      0.11721   
ch25                      0.17141   
ch26                      0.15950   
ch27                      0.15218   
ch28                      0.15210   
ch29                      0.16433   
ch3                       0.12016   
ch30                      0.15370   
ch31                      0.14967   
ch32                      0.14932   
ch33                      0.16386   
ch34                      0.15532   
ch35                      0.15306   
ch36                      0.15213   
ch37                      0.16964   
ch38                      0.15828   
ch39                      0.15478   
ch4                       0.11594   
ch40                      0.15291   
ch41                      0.11007   
ch42                      0.11217   
ch43                      0.11281   
ch44                      0.11255   
ch5                       0.21439   
ch6                       0.14544   
ch7                       0.20798   
ch8                       0.12002   
ch9                       0.14123   
>> Doing postfit: TotalBkg
>> Doing postfit: TotalSig
>> Doing postfit: TotalProcs
Info in <TH1F::Add>: Attempt to add histograms with different number of bins - trying to use TH1::Merge
Error in <TH1Merger::DifferentAxesMerge>: Cannot merge histograms - the histograms x_data_obs can extend the X axis or have different limits and underflows/overflows are present in the histogram x_data_obs.
Info in <TH1F::Add>: Attempt to add histograms with different number of bins - trying to use TH1::Merge
Error in <TH1Merger::DifferentAxesMerge>: Cannot merge histograms - the histograms x_data_obs can extend the X axis or have different limits and underflows/overflows are present in the histogram x_data_obs.
Info in <TH1F::Add>: Attempt to add histograms with different number of bins - trying to use TH1::Merge
Error in <TH1Merger::DifferentAxesMerge>: Cannot merge histograms - the histograms x_data_obs can extend the X axis or have different limits and underflows/overflows are present in the histogram x_data_obs.
Info in <TH1F::Add>: Attempt to add histograms with different number of bins - trying to use TH1::Merge
Error in <TH1Merger::DifferentAxesMerge>: Cannot merge histograms - the histograms x_data_obs can extend the X axis or have different limits and underflows/overflows are present in the histogram x_data_obs.
Info in <TH1F::Add>: Attempt to add histograms with different number of bins - trying to use TH1::Merge
Error in <TH1Merger::DifferentAxesMerge>: Cannot merge histograms - the histograms x_data_obs can extend the X axis or have different limits and underflows/overflows are present in the histogram x_data_obs.
>> Doing postfit: ch1,Convs
>> Doing postfit: ch1,Rares
>> Doing postfit: ch1,TTW_njets_bin0
>> Doing postfit: ch1,TTW_njets_bin1
>> Doing postfit: ch1,TTW_njets_bin2
>> Doing postfit: ch1,TTW_ooa
>> Doing postfit: ch1,TTZ
>> Doing postfit: ch1,VVV
>> Doing postfit: ch1,WZ
>> Doing postfit: ch1,ZZ
>> Doing postfit: ch1,data_fakes
>> Doing postfit: ch1,data_flips
>> Doing postfit: ch1,tHW
>> Doing postfit: ch1,tHq
>> Doing postfit: ch1,tZq
>> Doing postfit: ch1,ttH
>> Doing postfit: ch1,ttVV
>> Doing postfit: ch1,TotalBkg
>> Doing postfit: ch1,TotalSig
>> Doing postfit: ch1,TotalProcs
>> Doing postfit: ch10,Convs
>> Doing postfit: ch10,Rares
>> Doing postfit: ch10,TTW_njets_bin0
>> Doing postfit: ch10,TTW_njets_bin1
>> Doing postfit: ch10,TTW_njets_bin2
>> Doing postfit: ch10,TTW_ooa
>> Doing postfit: ch10,TTZ
>> Doing postfit: ch10,VVV
>> Doing postfit: ch10,WZ
>> Doing postfit: ch10,ZZ
>> Doing postfit: ch10,data_fakes
>> Doing postfit: ch10,data_flips
>> Doing postfit: ch10,tHW
>> Doing postfit: ch10,tHq
>> Doing postfit: ch10,tZq
>> Doing postfit: ch10,ttH
>> Doing postfit: ch10,ttVV
>> Doing postfit: ch10,TotalBkg
>> Doing postfit: ch10,TotalSig
>> Doing postfit: ch10,TotalProcs
>> Doing postfit: ch11,Convs
>> Doing postfit: ch11,Rares
>> Doing postfit: ch11,TTW_njets_bin0
>> Doing postfit: ch11,TTW_njets_bin1
>> Doing postfit: ch11,TTW_njets_bin2
>> Doing postfit: ch11,TTW_ooa
>> Doing postfit: ch11,TTZ
>> Doing postfit: ch11,VVV
>> Doing postfit: ch11,WZ
>> Doing postfit: ch11,ZZ
>> Doing postfit: ch11,data_fakes
>> Doing postfit: ch11,data_flips
>> Doing postfit: ch11,tHW
>> Doing postfit: ch11,tHq
>> Doing postfit: ch11,tZq
>> Doing postfit: ch11,ttH
>> Doing postfit: ch11,ttVV
>> Doing postfit: ch11,TotalBkg
>> Doing postfit: ch11,TotalSig
>> Doing postfit: ch11,TotalProcs
>> Doing postfit: ch12,Rares
>> Doing postfit: ch12,TTW_njets_bin0
>> Doing postfit: ch12,TTW_njets_bin1
>> Doing postfit: ch12,TTW_njets_bin2
>> Doing postfit: ch12,TTW_ooa
>> Doing postfit: ch12,TTZ
>> Doing postfit: ch12,VVV
>> Doing postfit: ch12,WZ
>> Doing postfit: ch12,ZZ
>> Doing postfit: ch12,data_fakes
>> Doing postfit: ch12,tHW
>> Doing postfit: ch12,tHq
>> Doing postfit: ch12,tZq
>> Doing postfit: ch12,ttH
>> Doing postfit: ch12,ttVV
>> Doing postfit: ch12,TotalBkg
>> Doing postfit: ch12,TotalSig
>> Doing postfit: ch12,TotalProcs
>> Doing postfit: ch13,Convs
>> Doing postfit: ch13,Rares
>> Doing postfit: ch13,TTW_njets_bin0
>> Doing postfit: ch13,TTW_njets_bin1
>> Doing postfit: ch13,TTW_njets_bin2
>> Doing postfit: ch13,TTW_ooa
>> Doing postfit: ch13,TTZ
>> Doing postfit: ch13,VVV
>> Doing postfit: ch13,WZ
>> Doing postfit: ch13,ZZ
>> Doing postfit: ch13,data_fakes
>> Doing postfit: ch13,data_flips
>> Doing postfit: ch13,tHW
>> Doing postfit: ch13,tHq
>> Doing postfit: ch13,tZq
>> Doing postfit: ch13,ttH
>> Doing postfit: ch13,ttVV
>> Doing postfit: ch13,TotalBkg
>> Doing postfit: ch13,TotalSig
>> Doing postfit: ch13,TotalProcs
>> Doing postfit: ch14,Convs
>> Doing postfit: ch14,Rares
>> Doing postfit: ch14,TTW_njets_bin0
>> Doing postfit: ch14,TTW_njets_bin1
>> Doing postfit: ch14,TTW_njets_bin2
>> Doing postfit: ch14,TTW_ooa
>> Doing postfit: ch14,TTZ
>> Doing postfit: ch14,VVV
>> Doing postfit: ch14,WZ
>> Doing postfit: ch14,ZZ
>> Doing postfit: ch14,data_fakes
>> Doing postfit: ch14,data_flips
>> Doing postfit: ch14,tHW
>> Doing postfit: ch14,tHq
>> Doing postfit: ch14,tZq
>> Doing postfit: ch14,ttH
>> Doing postfit: ch14,ttVV
>> Doing postfit: ch14,TotalBkg
>> Doing postfit: ch14,TotalSig
>> Doing postfit: ch14,TotalProcs
>> Doing postfit: ch15,Convs
>> Doing postfit: ch15,Rares
>> Doing postfit: ch15,TTW_njets_bin0
>> Doing postfit: ch15,TTW_njets_bin1
>> Doing postfit: ch15,TTW_njets_bin2
>> Doing postfit: ch15,TTW_ooa
>> Doing postfit: ch15,TTZ
>> Doing postfit: ch15,VVV
>> Doing postfit: ch15,WZ
>> Doing postfit: ch15,ZZ
>> Doing postfit: ch15,data_fakes
>> Doing postfit: ch15,data_flips
>> Doing postfit: ch15,tHW
>> Doing postfit: ch15,tHq
>> Doing postfit: ch15,tZq
>> Doing postfit: ch15,ttH
>> Doing postfit: ch15,ttVV
>> Doing postfit: ch15,TotalBkg
>> Doing postfit: ch15,TotalSig
>> Doing postfit: ch15,TotalProcs
>> Doing postfit: ch16,Convs
>> Doing postfit: ch16,Rares
>> Doing postfit: ch16,TTW_njets_bin0
>> Doing postfit: ch16,TTW_njets_bin1
>> Doing postfit: ch16,TTW_njets_bin2
>> Doing postfit: ch16,TTW_ooa
>> Doing postfit: ch16,TTZ
>> Doing postfit: ch16,VVV
>> Doing postfit: ch16,WZ
>> Doing postfit: ch16,ZZ
>> Doing postfit: ch16,data_fakes
>> Doing postfit: ch16,data_flips
>> Doing postfit: ch16,tHW
>> Doing postfit: ch16,tHq
>> Doing postfit: ch16,tZq
>> Doing postfit: ch16,ttH
>> Doing postfit: ch16,ttVV
>> Doing postfit: ch16,TotalBkg
>> Doing postfit: ch16,TotalSig
>> Doing postfit: ch16,TotalProcs
>> Doing postfit: ch17,Convs
>> Doing postfit: ch17,Rares
>> Doing postfit: ch17,TTW_njets_bin0
>> Doing postfit: ch17,TTW_njets_bin1
>> Doing postfit: ch17,TTW_njets_bin2
>> Doing postfit: ch17,TTW_ooa
>> Doing postfit: ch17,TTZ
>> Doing postfit: ch17,VVV
>> Doing postfit: ch17,WZ
>> Doing postfit: ch17,ZZ
>> Doing postfit: ch17,data_fakes
>> Doing postfit: ch17,data_flips
>> Doing postfit: ch17,tHW
>> Doing postfit: ch17,tHq
>> Doing postfit: ch17,tZq
>> Doing postfit: ch17,ttH
>> Doing postfit: ch17,ttVV
>> Doing postfit: ch17,TotalBkg
>> Doing postfit: ch17,TotalSig
>> Doing postfit: ch17,TotalProcs
>> Doing postfit: ch18,Rares
>> Doing postfit: ch18,TTW_njets_bin0
>> Doing postfit: ch18,TTW_njets_bin1
>> Doing postfit: ch18,TTW_njets_bin2
>> Doing postfit: ch18,TTW_ooa
>> Doing postfit: ch18,TTZ
>> Doing postfit: ch18,VVV
>> Doing postfit: ch18,WZ
>> Doing postfit: ch18,ZZ
>> Doing postfit: ch18,data_fakes
>> Doing postfit: ch18,tHW
>> Doing postfit: ch18,tHq
>> Doing postfit: ch18,tZq
>> Doing postfit: ch18,ttH
>> Doing postfit: ch18,ttVV
>> Doing postfit: ch18,TotalBkg
>> Doing postfit: ch18,TotalSig
>> Doing postfit: ch18,TotalProcs
>> Doing postfit: ch19,Convs
>> Doing postfit: ch19,Rares
>> Doing postfit: ch19,TTW_njets_bin0
>> Doing postfit: ch19,TTW_njets_bin1
>> Doing postfit: ch19,TTW_njets_bin2
>> Doing postfit: ch19,TTW_ooa
>> Doing postfit: ch19,TTZ
>> Doing postfit: ch19,VVV
>> Doing postfit: ch19,WZ
>> Doing postfit: ch19,ZZ
>> Doing postfit: ch19,data_fakes
>> Doing postfit: ch19,data_flips
>> Doing postfit: ch19,tHW
>> Doing postfit: ch19,tHq
>> Doing postfit: ch19,tZq
>> Doing postfit: ch19,ttH
>> Doing postfit: ch19,ttVV
>> Doing postfit: ch19,TotalBkg
>> Doing postfit: ch19,TotalSig
>> Doing postfit: ch19,TotalProcs
>> Doing postfit: ch2,Convs
>> Doing postfit: ch2,Rares
>> Doing postfit: ch2,TTW_njets_bin0
>> Doing postfit: ch2,TTW_njets_bin1
>> Doing postfit: ch2,TTW_njets_bin2
>> Doing postfit: ch2,TTW_ooa
>> Doing postfit: ch2,TTZ
>> Doing postfit: ch2,VVV
>> Doing postfit: ch2,WZ
>> Doing postfit: ch2,ZZ
>> Doing postfit: ch2,data_fakes
>> Doing postfit: ch2,data_flips
>> Doing postfit: ch2,tHW
>> Doing postfit: ch2,tHq
>> Doing postfit: ch2,tZq
>> Doing postfit: ch2,ttH
>> Doing postfit: ch2,ttVV
>> Doing postfit: ch2,TotalBkg
>> Doing postfit: ch2,TotalSig
>> Doing postfit: ch2,TotalProcs
>> Doing postfit: ch20,Rares
>> Doing postfit: ch20,TTW_njets_bin0
>> Doing postfit: ch20,TTW_njets_bin1
>> Doing postfit: ch20,TTW_njets_bin2
>> Doing postfit: ch20,TTW_ooa
>> Doing postfit: ch20,TTZ
>> Doing postfit: ch20,VVV
>> Doing postfit: ch20,WZ
>> Doing postfit: ch20,ZZ
>> Doing postfit: ch20,data_fakes
>> Doing postfit: ch20,tHW
>> Doing postfit: ch20,tHq
>> Doing postfit: ch20,tZq
>> Doing postfit: ch20,ttH
>> Doing postfit: ch20,ttVV
>> Doing postfit: ch20,TotalBkg
>> Doing postfit: ch20,TotalSig
>> Doing postfit: ch20,TotalProcs
>> Doing postfit: ch21,Convs
>> Doing postfit: ch21,Rares
>> Doing postfit: ch21,TTW_njets_bin0
>> Doing postfit: ch21,TTW_njets_bin1
>> Doing postfit: ch21,TTW_njets_bin2
>> Doing postfit: ch21,TTW_ooa
>> Doing postfit: ch21,TTZ
>> Doing postfit: ch21,VVV
>> Doing postfit: ch21,WZ
>> Doing postfit: ch21,ZZ
>> Doing postfit: ch21,data_fakes
>> Doing postfit: ch21,data_flips
>> Doing postfit: ch21,tHW
>> Doing postfit: ch21,tHq
>> Doing postfit: ch21,tZq
>> Doing postfit: ch21,ttH
>> Doing postfit: ch21,ttVV
>> Doing postfit: ch21,TotalBkg
>> Doing postfit: ch21,TotalSig
>> Doing postfit: ch21,TotalProcs
>> Doing postfit: ch22,Rares
>> Doing postfit: ch22,TTW_njets_bin0
>> Doing postfit: ch22,TTW_njets_bin1
>> Doing postfit: ch22,TTW_njets_bin2
>> Doing postfit: ch22,TTW_ooa
>> Doing postfit: ch22,TTZ
>> Doing postfit: ch22,VVV
>> Doing postfit: ch22,WZ
>> Doing postfit: ch22,ZZ
>> Doing postfit: ch22,data_fakes
>> Doing postfit: ch22,tHW
>> Doing postfit: ch22,tHq
>> Doing postfit: ch22,tZq
>> Doing postfit: ch22,ttH
>> Doing postfit: ch22,ttVV
>> Doing postfit: ch22,TotalBkg
>> Doing postfit: ch22,TotalSig
>> Doing postfit: ch22,TotalProcs
>> Doing postfit: ch23,Rares
>> Doing postfit: ch23,TTW_njets_bin0
>> Doing postfit: ch23,TTW_njets_bin1
>> Doing postfit: ch23,TTW_njets_bin2
>> Doing postfit: ch23,TTW_ooa
>> Doing postfit: ch23,TTZ
>> Doing postfit: ch23,VVV
>> Doing postfit: ch23,WZ
>> Doing postfit: ch23,data_fakes
>> Doing postfit: ch23,tHW
>> Doing postfit: ch23,tHq
>> Doing postfit: ch23,tZq
>> Doing postfit: ch23,ttH
>> Doing postfit: ch23,ttVV
>> Doing postfit: ch23,TotalBkg
>> Doing postfit: ch23,TotalSig
>> Doing postfit: ch23,TotalProcs
>> Doing postfit: ch24,Convs
>> Doing postfit: ch24,Rares
>> Doing postfit: ch24,TTW_njets_bin0
>> Doing postfit: ch24,TTW_njets_bin1
>> Doing postfit: ch24,TTW_njets_bin2
>> Doing postfit: ch24,TTW_ooa
>> Doing postfit: ch24,TTZ
>> Doing postfit: ch24,VVV
>> Doing postfit: ch24,WZ
>> Doing postfit: ch24,ZZ
>> Doing postfit: ch24,data_fakes
>> Doing postfit: ch24,data_flips
>> Doing postfit: ch24,tHW
>> Doing postfit: ch24,tHq
>> Doing postfit: ch24,tZq
>> Doing postfit: ch24,ttH
>> Doing postfit: ch24,ttVV
>> Doing postfit: ch24,TotalBkg
>> Doing postfit: ch24,TotalSig
>> Doing postfit: ch24,TotalProcs
>> Doing postfit: ch25,Convs
>> Doing postfit: ch25,Rares
>> Doing postfit: ch25,TTW_inclusive
>> Doing postfit: ch25,TTZ
>> Doing postfit: ch25,VVV
>> Doing postfit: ch25,WZ
>> Doing postfit: ch25,ZZ
>> Doing postfit: ch25,data_fakes
>> Doing postfit: ch25,tHq
>> Doing postfit: ch25,tZq
>> Doing postfit: ch25,ttH
>> Doing postfit: ch25,ttVV
>> Doing postfit: ch25,TotalBkg
>> Doing postfit: ch25,TotalSig
>> Doing postfit: ch25,TotalProcs
>> Doing postfit: ch26,Rares
>> Doing postfit: ch26,TTW_inclusive
>> Doing postfit: ch26,TTZ
>> Doing postfit: ch26,VVV
>> Doing postfit: ch26,WZ
>> Doing postfit: ch26,ZZ
>> Doing postfit: ch26,data_fakes
>> Doing postfit: ch26,tHW
>> Doing postfit: ch26,tHq
>> Doing postfit: ch26,tZq
>> Doing postfit: ch26,ttH
>> Doing postfit: ch26,ttVV
>> Doing postfit: ch26,TotalBkg
>> Doing postfit: ch26,TotalSig
>> Doing postfit: ch26,TotalProcs
>> Doing postfit: ch27,Convs
>> Doing postfit: ch27,Rares
>> Doing postfit: ch27,TTW_inclusive
>> Doing postfit: ch27,TTZ
>> Doing postfit: ch27,VVV
>> Doing postfit: ch27,WZ
>> Doing postfit: ch27,ZZ
>> Doing postfit: ch27,data_fakes
>> Doing postfit: ch27,tHW
>> Doing postfit: ch27,tHq
>> Doing postfit: ch27,tZq
>> Doing postfit: ch27,ttH
>> Doing postfit: ch27,ttVV
>> Doing postfit: ch27,TotalBkg
>> Doing postfit: ch27,TotalSig
>> Doing postfit: ch27,TotalProcs
>> Doing postfit: ch28,Rares
>> Doing postfit: ch28,TTW_inclusive
>> Doing postfit: ch28,TTZ
>> Doing postfit: ch28,VVV
>> Doing postfit: ch28,WZ
>> Doing postfit: ch28,ZZ
>> Doing postfit: ch28,data_fakes
>> Doing postfit: ch28,tHW
>> Doing postfit: ch28,tHq
>> Doing postfit: ch28,tZq
>> Doing postfit: ch28,ttH
>> Doing postfit: ch28,ttVV
>> Doing postfit: ch28,TotalBkg
>> Doing postfit: ch28,TotalSig
>> Doing postfit: ch28,TotalProcs
>> Doing postfit: ch29,Convs
>> Doing postfit: ch29,Rares
>> Doing postfit: ch29,TTW_inclusive
>> Doing postfit: ch29,TTZ
>> Doing postfit: ch29,VVV
>> Doing postfit: ch29,WZ
>> Doing postfit: ch29,ZZ
>> Doing postfit: ch29,data_fakes
>> Doing postfit: ch29,tHq
>> Doing postfit: ch29,tZq
>> Doing postfit: ch29,ttH
>> Doing postfit: ch29,ttVV
>> Doing postfit: ch29,TotalBkg
>> Doing postfit: ch29,TotalSig
>> Doing postfit: ch29,TotalProcs
>> Doing postfit: ch3,Convs
>> Doing postfit: ch3,Rares
>> Doing postfit: ch3,TTW_njets_bin0
>> Doing postfit: ch3,TTW_njets_bin1
>> Doing postfit: ch3,TTW_njets_bin2
>> Doing postfit: ch3,TTW_ooa
>> Doing postfit: ch3,TTZ
>> Doing postfit: ch3,VVV
>> Doing postfit: ch3,WZ
>> Doing postfit: ch3,ZZ
>> Doing postfit: ch3,data_fakes
>> Doing postfit: ch3,data_flips
>> Doing postfit: ch3,tHW
>> Doing postfit: ch3,tHq
>> Doing postfit: ch3,tZq
>> Doing postfit: ch3,ttH
>> Doing postfit: ch3,ttVV
>> Doing postfit: ch3,TotalBkg
>> Doing postfit: ch3,TotalSig
>> Doing postfit: ch3,TotalProcs
>> Doing postfit: ch30,Convs
>> Doing postfit: ch30,Rares
>> Doing postfit: ch30,TTW_inclusive
>> Doing postfit: ch30,TTZ
>> Doing postfit: ch30,VVV
>> Doing postfit: ch30,WZ
>> Doing postfit: ch30,ZZ
>> Doing postfit: ch30,data_fakes
>> Doing postfit: ch30,tHW
>> Doing postfit: ch30,tHq
>> Doing postfit: ch30,tZq
>> Doing postfit: ch30,ttH
>> Doing postfit: ch30,ttVV
>> Doing postfit: ch30,TotalBkg
>> Doing postfit: ch30,TotalSig
>> Doing postfit: ch30,TotalProcs
>> Doing postfit: ch31,Convs
>> Doing postfit: ch31,Rares
>> Doing postfit: ch31,TTW_inclusive
>> Doing postfit: ch31,TTZ
>> Doing postfit: ch31,VVV
>> Doing postfit: ch31,WZ
>> Doing postfit: ch31,ZZ
>> Doing postfit: ch31,data_fakes
>> Doing postfit: ch31,tHW
>> Doing postfit: ch31,tHq
>> Doing postfit: ch31,tZq
>> Doing postfit: ch31,ttH
>> Doing postfit: ch31,ttVV
>> Doing postfit: ch31,TotalBkg
>> Doing postfit: ch31,TotalSig
>> Doing postfit: ch31,TotalProcs
>> Doing postfit: ch32,Rares
>> Doing postfit: ch32,TTW_inclusive
>> Doing postfit: ch32,TTZ
>> Doing postfit: ch32,VVV
>> Doing postfit: ch32,WZ
>> Doing postfit: ch32,ZZ
>> Doing postfit: ch32,data_fakes
>> Doing postfit: ch32,tHW
>> Doing postfit: ch32,tHq
>> Doing postfit: ch32,tZq
>> Doing postfit: ch32,ttH
>> Doing postfit: ch32,ttVV
>> Doing postfit: ch32,TotalBkg
>> Doing postfit: ch32,TotalSig
>> Doing postfit: ch32,TotalProcs
>> Doing postfit: ch33,Convs
>> Doing postfit: ch33,Rares
>> Doing postfit: ch33,TTW_inclusive
>> Doing postfit: ch33,TTZ
>> Doing postfit: ch33,VVV
>> Doing postfit: ch33,WZ
>> Doing postfit: ch33,ZZ
>> Doing postfit: ch33,data_fakes
>> Doing postfit: ch33,tHW
>> Doing postfit: ch33,tHq
>> Doing postfit: ch33,tZq
>> Doing postfit: ch33,ttH
>> Doing postfit: ch33,ttVV
>> Doing postfit: ch33,TotalBkg
>> Doing postfit: ch33,TotalSig
>> Doing postfit: ch33,TotalProcs
>> Doing postfit: ch34,Convs
>> Doing postfit: ch34,Rares
>> Doing postfit: ch34,TTW_inclusive
>> Doing postfit: ch34,TTZ
>> Doing postfit: ch34,VVV
>> Doing postfit: ch34,WZ
>> Doing postfit: ch34,ZZ
>> Doing postfit: ch34,data_fakes
>> Doing postfit: ch34,tHW
>> Doing postfit: ch34,tHq
>> Doing postfit: ch34,tZq
>> Doing postfit: ch34,ttH
>> Doing postfit: ch34,ttVV
>> Doing postfit: ch34,TotalBkg
>> Doing postfit: ch34,TotalSig
>> Doing postfit: ch34,TotalProcs
>> Doing postfit: ch35,Convs
>> Doing postfit: ch35,Rares
>> Doing postfit: ch35,TTW_inclusive
>> Doing postfit: ch35,TTZ
>> Doing postfit: ch35,VVV
>> Doing postfit: ch35,WZ
>> Doing postfit: ch35,ZZ
>> Doing postfit: ch35,data_fakes
>> Doing postfit: ch35,tHW
>> Doing postfit: ch35,tHq
>> Doing postfit: ch35,tZq
>> Doing postfit: ch35,ttH
>> Doing postfit: ch35,ttVV
>> Doing postfit: ch35,TotalBkg
>> Doing postfit: ch35,TotalSig
>> Doing postfit: ch35,TotalProcs
>> Doing postfit: ch36,Rares
>> Doing postfit: ch36,TTW_inclusive
>> Doing postfit: ch36,TTZ
>> Doing postfit: ch36,VVV
>> Doing postfit: ch36,WZ
>> Doing postfit: ch36,ZZ
>> Doing postfit: ch36,data_fakes
>> Doing postfit: ch36,tHW
>> Doing postfit: ch36,tHq
>> Doing postfit: ch36,tZq
>> Doing postfit: ch36,ttH
>> Doing postfit: ch36,ttVV
>> Doing postfit: ch36,TotalBkg
>> Doing postfit: ch36,TotalSig
>> Doing postfit: ch36,TotalProcs
>> Doing postfit: ch37,Convs
>> Doing postfit: ch37,Rares
>> Doing postfit: ch37,TTW_inclusive
>> Doing postfit: ch37,TTZ
>> Doing postfit: ch37,VVV
>> Doing postfit: ch37,WZ
>> Doing postfit: ch37,ZZ
>> Doing postfit: ch37,data_fakes
>> Doing postfit: ch37,tHW
>> Doing postfit: ch37,tHq
>> Doing postfit: ch37,tZq
>> Doing postfit: ch37,ttH
>> Doing postfit: ch37,ttVV
>> Doing postfit: ch37,TotalBkg
>> Doing postfit: ch37,TotalSig
>> Doing postfit: ch37,TotalProcs
>> Doing postfit: ch38,Convs
>> Doing postfit: ch38,Rares
>> Doing postfit: ch38,TTW_inclusive
>> Doing postfit: ch38,TTZ
>> Doing postfit: ch38,VVV
>> Doing postfit: ch38,WZ
>> Doing postfit: ch38,ZZ
>> Doing postfit: ch38,data_fakes
>> Doing postfit: ch38,tHW
>> Doing postfit: ch38,tHq
>> Doing postfit: ch38,tZq
>> Doing postfit: ch38,ttH
>> Doing postfit: ch38,ttVV
>> Doing postfit: ch38,TotalBkg
>> Doing postfit: ch38,TotalSig
>> Doing postfit: ch38,TotalProcs
>> Doing postfit: ch39,Convs
>> Doing postfit: ch39,Rares
>> Doing postfit: ch39,TTW_inclusive
>> Doing postfit: ch39,TTZ
>> Doing postfit: ch39,VVV
>> Doing postfit: ch39,WZ
>> Doing postfit: ch39,ZZ
>> Doing postfit: ch39,data_fakes
>> Doing postfit: ch39,tHW
>> Doing postfit: ch39,tHq
>> Doing postfit: ch39,tZq
>> Doing postfit: ch39,ttH
>> Doing postfit: ch39,ttVV
>> Doing postfit: ch39,TotalBkg
>> Doing postfit: ch39,TotalSig
>> Doing postfit: ch39,TotalProcs
>> Doing postfit: ch4,Convs
>> Doing postfit: ch4,Rares
>> Doing postfit: ch4,TTW_njets_bin0
>> Doing postfit: ch4,TTW_njets_bin1
>> Doing postfit: ch4,TTW_njets_bin2
>> Doing postfit: ch4,TTW_ooa
>> Doing postfit: ch4,TTZ
>> Doing postfit: ch4,VVV
>> Doing postfit: ch4,WZ
>> Doing postfit: ch4,ZZ
>> Doing postfit: ch4,data_fakes
>> Doing postfit: ch4,data_flips
>> Doing postfit: ch4,tHW
>> Doing postfit: ch4,tHq
>> Doing postfit: ch4,tZq
>> Doing postfit: ch4,ttH
>> Doing postfit: ch4,ttVV
>> Doing postfit: ch4,TotalBkg
>> Doing postfit: ch4,TotalSig
>> Doing postfit: ch4,TotalProcs
>> Doing postfit: ch40,Rares
>> Doing postfit: ch40,TTW_inclusive
>> Doing postfit: ch40,TTZ
>> Doing postfit: ch40,VVV
>> Doing postfit: ch40,WZ
>> Doing postfit: ch40,ZZ
>> Doing postfit: ch40,data_fakes
>> Doing postfit: ch40,tHW
>> Doing postfit: ch40,tHq
>> Doing postfit: ch40,tZq
>> Doing postfit: ch40,ttH
>> Doing postfit: ch40,ttVV
>> Doing postfit: ch40,TotalBkg
>> Doing postfit: ch40,TotalSig
>> Doing postfit: ch40,TotalProcs
>> Doing postfit: ch41,MC_fakes
>> Doing postfit: ch41,Rares
>> Doing postfit: ch41,TTZ
>> Doing postfit: ch41,WZ
>> Doing postfit: ch41,ZZ
>> Doing postfit: ch41,ttH
>> Doing postfit: ch41,TotalBkg
>> Doing postfit: ch41,TotalSig
>> Doing postfit: ch41,TotalProcs
>> Doing postfit: ch42,Convs
>> Doing postfit: ch42,MC_fakes
>> Doing postfit: ch42,Rares
>> Doing postfit: ch42,TTZ
>> Doing postfit: ch42,WZ
>> Doing postfit: ch42,ZZ
>> Doing postfit: ch42,ttH
>> Doing postfit: ch42,TotalBkg
>> Doing postfit: ch42,TotalSig
>> Doing postfit: ch42,TotalProcs
>> Doing postfit: ch43,Convs
>> Doing postfit: ch43,MC_fakes
>> Doing postfit: ch43,Rares
>> Doing postfit: ch43,TTWW
>> Doing postfit: ch43,TTZ
>> Doing postfit: ch43,WZ
>> Doing postfit: ch43,ZZ
>> Doing postfit: ch43,ttH
>> Doing postfit: ch43,TotalBkg
>> Doing postfit: ch43,TotalSig
>> Doing postfit: ch43,TotalProcs
>> Doing postfit: ch44,Convs
>> Doing postfit: ch44,MC_fakes
>> Doing postfit: ch44,Rares
>> Doing postfit: ch44,TTWW
>> Doing postfit: ch44,TTZ
>> Doing postfit: ch44,WZ
>> Doing postfit: ch44,ZZ
>> Doing postfit: ch44,tHW
>> Doing postfit: ch44,ttH
>> Doing postfit: ch44,TotalBkg
>> Doing postfit: ch44,TotalSig
>> Doing postfit: ch44,TotalProcs
>> Doing postfit: ch5,Convs
>> Doing postfit: ch5,Rares
>> Doing postfit: ch5,TTW_njets_bin0
>> Doing postfit: ch5,TTW_njets_bin1
>> Doing postfit: ch5,TTW_njets_bin2
>> Doing postfit: ch5,TTW_ooa
>> Doing postfit: ch5,TTZ
>> Doing postfit: ch5,VVV
>> Doing postfit: ch5,WZ
>> Doing postfit: ch5,ZZ
>> Doing postfit: ch5,data_fakes
>> Doing postfit: ch5,data_flips
>> Doing postfit: ch5,tHW
>> Doing postfit: ch5,tHq
>> Doing postfit: ch5,tZq
>> Doing postfit: ch5,ttH
>> Doing postfit: ch5,ttVV
>> Doing postfit: ch5,TotalBkg
>> Doing postfit: ch5,TotalSig
>> Doing postfit: ch5,TotalProcs
>> Doing postfit: ch6,Rares
>> Doing postfit: ch6,TTW_njets_bin0
>> Doing postfit: ch6,TTW_njets_bin1
>> Doing postfit: ch6,TTW_njets_bin2
>> Doing postfit: ch6,TTW_ooa
>> Doing postfit: ch6,TTZ
>> Doing postfit: ch6,VVV
>> Doing postfit: ch6,WZ
>> Doing postfit: ch6,ZZ
>> Doing postfit: ch6,data_fakes
>> Doing postfit: ch6,tHW
>> Doing postfit: ch6,tHq
>> Doing postfit: ch6,tZq
>> Doing postfit: ch6,ttH
>> Doing postfit: ch6,ttVV
>> Doing postfit: ch6,TotalBkg
>> Doing postfit: ch6,TotalSig
>> Doing postfit: ch6,TotalProcs
>> Doing postfit: ch7,Rares
>> Doing postfit: ch7,TTW_njets_bin0
>> Doing postfit: ch7,TTW_njets_bin1
>> Doing postfit: ch7,TTW_njets_bin2
>> Doing postfit: ch7,TTW_ooa
>> Doing postfit: ch7,TTZ
>> Doing postfit: ch7,VVV
>> Doing postfit: ch7,WZ
>> Doing postfit: ch7,ZZ
>> Doing postfit: ch7,data_fakes
>> Doing postfit: ch7,tHW
>> Doing postfit: ch7,tHq
>> Doing postfit: ch7,tZq
>> Doing postfit: ch7,ttH
>> Doing postfit: ch7,ttVV
>> Doing postfit: ch7,TotalBkg
>> Doing postfit: ch7,TotalSig
>> Doing postfit: ch7,TotalProcs
>> Doing postfit: ch8,Convs
>> Doing postfit: ch8,Rares
>> Doing postfit: ch8,TTW_njets_bin0
>> Doing postfit: ch8,TTW_njets_bin1
>> Doing postfit: ch8,TTW_njets_bin2
>> Doing postfit: ch8,TTW_ooa
>> Doing postfit: ch8,TTZ
>> Doing postfit: ch8,VVV
>> Doing postfit: ch8,WZ
>> Doing postfit: ch8,ZZ
>> Doing postfit: ch8,data_fakes
>> Doing postfit: ch8,data_flips
>> Doing postfit: ch8,tHW
>> Doing postfit: ch8,tHq
>> Doing postfit: ch8,tZq
>> Doing postfit: ch8,ttH
>> Doing postfit: ch8,ttVV
>> Doing postfit: ch8,TotalBkg
>> Doing postfit: ch8,TotalSig
>> Doing postfit: ch8,TotalProcs
>> Doing postfit: ch9,Rares
>> Doing postfit: ch9,TTW_njets_bin0
>> Doing postfit: ch9,TTW_njets_bin1
>> Doing postfit: ch9,TTW_njets_bin2
>> Doing postfit: ch9,TTW_ooa
>> Doing postfit: ch9,TTZ
>> Doing postfit: ch9,VVV
>> Doing postfit: ch9,WZ
>> Doing postfit: ch9,ZZ
>> Doing postfit: ch9,data_fakes
>> Doing postfit: ch9,tHW
>> Doing postfit: ch9,tHq
>> Doing postfit: ch9,tZq
>> Doing postfit: ch9,ttH
>> Doing postfit: ch9,ttVV
>> Doing postfit: ch9,TotalBkg
>> Doing postfit: ch9,TotalSig
>> Doing postfit: ch9,TotalProcs

Bin                       Total relative bkg uncert. (postfit)
----------------------------------------------------------
ch1                       0.09111   
ch10                      0.07772   
ch11                      0.13332   
ch12                      0.34268   
ch13                      0.10258   
ch14                      0.08875   
ch15                      0.09649   
ch16                      0.08373   
ch17                      0.07399   
ch18                      0.08289   
ch19                      0.09391   
ch2                       0.10631   
ch20                      0.09269   
ch21                      0.09421   
ch22                      0.09481   
ch23                      0.07685   
ch24                      0.07404   
ch25                      0.03524   
ch26                      0.02980   
ch27                      0.02941   
ch28                      0.02452   
ch29                      0.03303   
ch3                       0.07967   
ch30                      0.02746   
ch31                      0.02770   
ch32                      0.02575   
ch33                      0.02962   
ch34                      0.02613   
ch35                      0.02471   
ch36                      0.02318   
ch37                      0.02788   
ch38                      0.02286   
ch39                      0.02288   
ch4                       0.07843   
ch40                      0.02076   
ch41                      0.03726   
ch42                      0.03691   
ch43                      0.03574   
ch44                      0.03414   
ch5                       0.14416   
ch6                       0.08893   
ch7                       0.11703   
ch8                       0.08238   
ch9                       0.09559   

Bin                       Process              Scale factor
----------------------------------------------------------
ch1                       Convs                1.11614   
ch1                       Rares                1.20565   
ch1                       TTW_njets_bin0       1.34168   
ch1                       TTW_njets_bin1       1.17111   
ch1                       TTW_njets_bin2       1.32356   
ch1                       TTW_ooa              1.09313   
ch1                       TTZ                  1.07265   
ch1                       VVV                  1.29272   
ch1                       WZ                   1.02807   
ch1                       ZZ                   1.43103   
ch1                       data_fakes           1.46998   
ch1                       data_flips           0.92995   
ch1                       tHW                  1.05812   
ch1                       tHq                  1.07472   
ch1                       tZq                  1.16715   
ch1                       ttH                  1.05525   
ch1                       ttVV                 1.07398   
ch10                      Convs                1.29363   
ch10                      Rares                1.13424   
ch10                      TTW_njets_bin0       1.31898   
ch10                      TTW_njets_bin1       1.12043   
ch10                      TTW_njets_bin2       1.27580   
ch10                      TTW_ooa              1.01853   
ch10                      TTZ                  1.23979   
ch10                      VVV                  1.18681   
ch10                      WZ                   0.97150   
ch10                      ZZ                   1.24394   
ch10                      data_fakes           1.27978   
ch10                      data_flips           0.92968   
ch10                      tHW                  1.00799   
ch10                      tHq                  1.01969   
ch10                      tZq                  1.05804   
ch10                      ttH                  1.02879   
ch10                      ttVV                 1.03467   
ch11                      Convs                0.63765   
ch11                      Rares                1.22001   
ch11                      TTW_njets_bin0       1.37507   
ch11                      TTW_njets_bin1       1.16527   
ch11                      TTW_njets_bin2       1.34150   
ch11                      TTW_ooa              1.09522   
ch11                      TTZ                  1.21783   
ch11                      VVV                  1.45547   
ch11                      WZ                   1.30005   
ch11                      ZZ                   1.56056   
ch11                      data_fakes           1.51317   
ch11                      data_flips           0.93090   
ch11                      tHW                  1.08381   
ch11                      tHq                  1.07501   
ch11                      tZq                  1.14427   
ch11                      ttH                  1.04268   
ch11                      ttVV                 1.07076   
ch12                      Rares                1.17328   
ch12                      TTW_njets_bin0       1.30983   
ch12                      TTW_njets_bin1       1.12039   
ch12                      TTW_njets_bin2       1.25025   
ch12                      TTW_ooa              1.04341   
ch12                      TTZ                  1.16220   
ch12                      VVV                  2.80763   
ch12                      WZ                   1.11113   
ch12                      ZZ                   1.66607   
ch12                      data_fakes           1.16021   
ch12                      tHW                  1.02850   
ch12                      tHq                  1.04234   
ch12                      tZq                  1.09835   
ch12                      ttH                  1.03600   
ch12                      ttVV                 1.01726   
ch13                      Convs                0.66676   
ch13                      Rares                1.12438   
ch13                      TTW_njets_bin0       1.35722   
ch13                      TTW_njets_bin1       1.17085   
ch13                      TTW_njets_bin2       1.35498   
ch13                      TTW_ooa              1.08227   
ch13                      TTZ                  1.10308   
ch13                      VVV                  1.23253   
ch13                      WZ                   0.97757   
ch13                      ZZ                   1.23127   
ch13                      data_fakes           1.43998   
ch13                      data_flips           0.92925   
ch13                      tHW                  1.04397   
ch13                      tHq                  1.03611   
ch13                      tZq                  1.11411   
ch13                      ttH                  1.04712   
ch13                      ttVV                 1.06495   
ch14                      Convs                1.02493   
ch14                      Rares                1.18184   
ch14                      TTW_njets_bin0       1.32114   
ch14                      TTW_njets_bin1       1.13646   
ch14                      TTW_njets_bin2       1.29158   
ch14                      TTW_ooa              1.03028   
ch14                      TTZ                  1.13099   
ch14                      VVV                  1.23081   
ch14                      WZ                   0.98922   
ch14                      ZZ                   1.24331   
ch14                      data_fakes           1.26501   
ch14                      data_flips           0.92950   
ch14                      tHW                  1.02576   
ch14                      tHq                  1.02604   
ch14                      tZq                  1.06958   
ch14                      ttH                  1.02153   
ch14                      ttVV                 1.03713   
ch15                      Convs                1.08975   
ch15                      Rares                1.21074   
ch15                      TTW_njets_bin0       1.35694   
ch15                      TTW_njets_bin1       1.17333   
ch15                      TTW_njets_bin2       1.33170   
ch15                      TTW_ooa              1.09459   
ch15                      TTZ                  1.11521   
ch15                      VVV                  1.11386   
ch15                      WZ                   1.00115   
ch15                      ZZ                   1.33063   
ch15                      data_fakes           1.50719   
ch15                      data_flips           0.92952   
ch15                      tHW                  1.03699   
ch15                      tHq                  1.07069   
ch15                      tZq                  1.10321   
ch15                      ttH                  1.04575   
ch15                      ttVV                 1.06063   
ch16                      Convs                1.00769   
ch16                      Rares                1.17162   
ch16                      TTW_njets_bin0       1.31884   
ch16                      TTW_njets_bin1       1.14944   
ch16                      TTW_njets_bin2       1.27887   
ch16                      TTW_ooa              1.03162   
ch16                      TTZ                  1.16438   
ch16                      VVV                  1.19978   
ch16                      WZ                   0.99895   
ch16                      ZZ                   1.49275   
ch16                      data_fakes           1.30151   
ch16                      data_flips           0.92949   
ch16                      tHW                  1.01870   
ch16                      tHq                  1.02775   
ch16                      tZq                  1.11565   
ch16                      ttH                  1.03269   
ch16                      ttVV                 1.03602   
ch17                      Convs                0.99628   
ch17                      Rares                1.15898   
ch17                      TTW_njets_bin0       1.29133   
ch17                      TTW_njets_bin1       1.12198   
ch17                      TTW_njets_bin2       1.27465   
ch17                      TTW_ooa              0.99250   
ch17                      TTZ                  1.14775   
ch17                      VVV                  1.22142   
ch17                      WZ                   0.96649   
ch17                      ZZ                   1.35763   
ch17                      data_fakes           1.26371   
ch17                      data_flips           0.92958   
ch17                      tHW                  1.01569   
ch17                      tHq                  1.00254   
ch17                      tZq                  1.05138   
ch17                      ttH                  1.01432   
ch17                      ttVV                 1.02614   
ch18                      Rares                1.26471   
ch18                      TTW_njets_bin0       1.25372   
ch18                      TTW_njets_bin1       1.09347   
ch18                      TTW_njets_bin2       1.23310   
ch18                      TTW_ooa              0.96159   
ch18                      TTZ                  1.12665   
ch18                      VVV                  1.20137   
ch18                      WZ                   0.98490   
ch18                      ZZ                   0.99543   
ch18                      data_fakes           1.13225   
ch18                      tHW                  0.98392   
ch18                      tHq                  0.97465   
ch18                      tZq                  1.05218   
ch18                      ttH                  0.98456   
ch18                      ttVV                 0.99233   
ch19                      Convs                1.05106   
ch19                      Rares                1.16953   
ch19                      TTW_njets_bin0       1.31351   
ch19                      TTW_njets_bin1       1.15139   
ch19                      TTW_njets_bin2       1.29984   
ch19                      TTW_ooa              1.04752   
ch19                      TTZ                  1.13351   
ch19                      VVV                  0.95143   
ch19                      WZ                   0.84670   
ch19                      ZZ                   1.12929   
ch19                      data_fakes           1.54267   
ch19                      data_flips           0.92938   
ch19                      tHW                  1.01280   
ch19                      tHq                  1.03360   
ch19                      tZq                  1.08847   
ch19                      ttH                  1.02550   
ch19                      ttVV                 1.05270   
ch2                       Convs                1.03747   
ch2                       Rares                1.19023   
ch2                       TTW_njets_bin0       1.32372   
ch2                       TTW_njets_bin1       1.20876   
ch2                       TTW_njets_bin2       1.30198   
ch2                       TTW_ooa              1.04928   
ch2                       TTZ                  1.15751   
ch2                       VVV                  1.23599   
ch2                       WZ                   0.91273   
ch2                       ZZ                   1.37262   
ch2                       data_fakes           1.47866   
ch2                       data_flips           0.92912   
ch2                       tHW                  1.06000   
ch2                       tHq                  1.05948   
ch2                       tZq                  1.17541   
ch2                       ttH                  1.03435   
ch2                       ttVV                 1.07314   
ch20                      Rares                1.10263   
ch20                      TTW_njets_bin0       1.26298   
ch20                      TTW_njets_bin1       1.11434   
ch20                      TTW_njets_bin2       1.25256   
ch20                      TTW_ooa              0.99833   
ch20                      TTZ                  1.16106   
ch20                      VVV                  1.16334   
ch20                      WZ                   0.96936   
ch20                      ZZ                   1.42988   
ch20                      data_fakes           1.12134   
ch20                      tHW                  0.99544   
ch20                      tHq                  1.03250   
ch20                      tZq                  1.07293   
ch20                      ttH                  0.99457   
ch20                      ttVV                 1.00896   
ch21                      Convs                1.07705   
ch21                      Rares                1.19261   
ch21                      TTW_njets_bin0       1.33497   
ch21                      TTW_njets_bin1       1.15256   
ch21                      TTW_njets_bin2       1.31904   
ch21                      TTW_ooa              0.99680   
ch21                      TTZ                  1.24105   
ch21                      VVV                  1.24068   
ch21                      WZ                   0.93234   
ch21                      ZZ                   1.12177   
ch21                      data_fakes           1.53601   
ch21                      data_flips           0.92947   
ch21                      tHW                  1.04668   
ch21                      tHq                  1.01575   
ch21                      tZq                  1.07818   
ch21                      ttH                  1.03487   
ch21                      ttVV                 1.05325   
ch22                      Rares                1.05637   
ch22                      TTW_njets_bin0       1.27567   
ch22                      TTW_njets_bin1       1.10656   
ch22                      TTW_njets_bin2       1.26058   
ch22                      TTW_ooa              1.00152   
ch22                      TTZ                  1.14288   
ch22                      VVV                  1.20193   
ch22                      WZ                   0.93937   
ch22                      ZZ                   1.06854   
ch22                      data_fakes           1.05081   
ch22                      tHW                  0.99707   
ch22                      tHq                  0.99365   
ch22                      tZq                  1.07901   
ch22                      ttH                  1.00316   
ch22                      ttVV                 1.00968   
ch23                      Rares                1.01209   
ch23                      TTW_njets_bin0       1.26447   
ch23                      TTW_njets_bin1       1.08917   
ch23                      TTW_njets_bin2       1.22344   
ch23                      TTW_ooa              0.97800   
ch23                      TTZ                  1.17101   
ch23                      VVV                  1.14510   
ch23                      WZ                   0.97451   
ch23                      data_fakes           1.09441   
ch23                      tHW                  0.98715   
ch23                      tHq                  0.96582   
ch23                      tZq                  1.04998   
ch23                      ttH                  0.98405   
ch23                      ttVV                 0.99707   
ch24                      Convs                1.08889   
ch24                      Rares                1.19866   
ch24                      TTW_njets_bin0       1.29769   
ch24                      TTW_njets_bin1       1.11773   
ch24                      TTW_njets_bin2       1.26385   
ch24                      TTW_ooa              0.99698   
ch24                      TTZ                  1.11913   
ch24                      VVV                  1.19185   
ch24                      WZ                   0.94782   
ch24                      ZZ                   1.20403   
ch24                      data_fakes           1.30066   
ch24                      data_flips           0.92956   
ch24                      tHW                  1.00860   
ch24                      tHq                  0.99658   
ch24                      tZq                  1.04401   
ch24                      ttH                  1.01510   
ch24                      ttVV                 1.02447   
ch25                      Convs                0.80961   
ch25                      Rares                1.26805   
ch25                      TTW_inclusive        1.11094   
ch25                      TTZ                  1.25865   
ch25                      VVV                  1.36517   
ch25                      WZ                   0.95754   
ch25                      ZZ                   1.28914   
ch25                      data_fakes           1.16551   
ch25                      tHq                  1.12809   
ch25                      tZq                  1.19786   
ch25                      ttH                  1.11441   
ch25                      ttVV                 1.13631   
ch26                      Rares                1.21565   
ch26                      TTW_inclusive        1.06931   
ch26                      TTZ                  1.22956   
ch26                      VVV                  1.31166   
ch26                      WZ                   0.92696   
ch26                      ZZ                   1.24039   
ch26                      data_fakes           0.94762   
ch26                      tHW                  1.06274   
ch26                      tHq                  1.07651   
ch26                      tZq                  1.12606   
ch26                      ttH                  1.08319   
ch26                      ttVV                 1.07915   
ch27                      Convs                1.13381   
ch27                      Rares                1.17641   
ch27                      TTW_inclusive        1.01070   
ch27                      TTZ                  1.18874   
ch27                      VVV                  1.27647   
ch27                      WZ                   0.89994   
ch27                      ZZ                   1.21462   
ch27                      data_fakes           1.22304   
ch27                      tHW                  1.04007   
ch27                      tHq                  1.04625   
ch27                      tZq                  1.09964   
ch27                      ttH                  1.07110   
ch27                      ttVV                 1.03529   
ch28                      Rares                1.14797   
ch28                      TTW_inclusive        0.97406   
ch28                      TTZ                  1.14110   
ch28                      VVV                  1.22636   
ch28                      WZ                   0.86821   
ch28                      ZZ                   1.16953   
ch28                      data_fakes           1.05426   
ch28                      tHW                  1.01642   
ch28                      tHq                  1.01249   
ch28                      tZq                  1.07070   
ch28                      ttH                  1.04088   
ch28                      ttVV                 1.01829   
ch29                      Convs                1.01311   
ch29                      Rares                1.22294   
ch29                      TTW_inclusive        1.02274   
ch29                      TTZ                  1.22544   
ch29                      VVV                  1.33074   
ch29                      WZ                   0.92486   
ch29                      ZZ                   1.26438   
ch29                      data_fakes           1.29911   
ch29                      tHq                  1.09921   
ch29                      tZq                  1.14291   
ch29                      ttH                  1.11673   
ch29                      ttVV                 1.09875   
ch3                       Convs                1.17370   
ch3                       Rares                1.25835   
ch3                       TTW_njets_bin0       1.30524   
ch3                       TTW_njets_bin1       1.13930   
ch3                       TTW_njets_bin2       1.27897   
ch3                       TTW_ooa              1.04499   
ch3                       TTZ                  1.19438   
ch3                       VVV                  1.24877   
ch3                       WZ                   1.00134   
ch3                       ZZ                   1.30078   
ch3                       data_fakes           1.33944   
ch3                       data_flips           0.92977   
ch3                       tHW                  1.01005   
ch3                       tHq                  1.01869   
ch3                       tZq                  1.12651   
ch3                       ttH                  1.02278   
ch3                       ttVV                 1.02902   
ch30                      Convs                1.04901   
ch30                      Rares                1.19302   
ch30                      TTW_inclusive        1.03774   
ch30                      TTZ                  1.19813   
ch30                      VVV                  1.29126   
ch30                      WZ                   0.89630   
ch30                      ZZ                   1.21338   
ch30                      data_fakes           0.94884   
ch30                      tHW                  1.05019   
ch30                      tHq                  1.04828   
ch30                      tZq                  1.11848   
ch30                      ttH                  1.09240   
ch30                      ttVV                 1.07482   
ch31                      Convs                1.10519   
ch31                      Rares                1.18347   
ch31                      TTW_inclusive        1.01794   
ch31                      TTZ                  1.16809   
ch31                      VVV                  1.24761   
ch31                      WZ                   0.87667   
ch31                      ZZ                   1.20511   
ch31                      data_fakes           1.43500   
ch31                      tHW                  1.02960   
ch31                      tHq                  1.02319   
ch31                      tZq                  1.09085   
ch31                      ttH                  1.04765   
ch31                      ttVV                 1.04658   
ch32                      Rares                1.12271   
ch32                      TTW_inclusive        1.00022   
ch32                      TTZ                  1.14865   
ch32                      VVV                  1.22360   
ch32                      WZ                   0.85125   
ch32                      ZZ                   1.15798   
ch32                      data_fakes           1.02336   
ch32                      tHW                  1.00179   
ch32                      tHq                  1.00543   
ch32                      tZq                  1.07202   
ch32                      ttH                  1.02667   
ch32                      ttVV                 1.00610   
ch33                      Convs                1.20141   
ch33                      Rares                1.27540   
ch33                      TTW_inclusive        1.12485   
ch33                      TTZ                  1.26873   
ch33                      VVV                  1.36994   
ch33                      WZ                   0.96771   
ch33                      ZZ                   1.30774   
ch33                      data_fakes           1.46570   
ch33                      tHW                  1.08718   
ch33                      tHq                  1.08222   
ch33                      tZq                  1.20176   
ch33                      ttH                  1.10743   
ch33                      ttVV                 1.11676   
ch34                      Convs                1.07275   
ch34                      Rares                1.23207   
ch34                      TTW_inclusive        1.07752   
ch34                      TTZ                  1.23069   
ch34                      VVV                  1.31798   
ch34                      WZ                   0.93742   
ch34                      ZZ                   1.27666   
ch34                      data_fakes           1.11600   
ch34                      tHW                  1.07177   
ch34                      tHq                  1.10552   
ch34                      tZq                  1.15794   
ch34                      ttH                  1.04691   
ch34                      ttVV                 1.06531   
ch35                      Convs                1.22979   
ch35                      Rares                1.19240   
ch35                      TTW_inclusive        1.06313   
ch35                      TTZ                  1.20048   
ch35                      VVV                  1.28479   
ch35                      WZ                   0.91628   
ch35                      ZZ                   1.24300   
ch35                      data_fakes           1.43901   
ch35                      tHW                  1.07560   
ch35                      tHq                  1.04497   
ch35                      tZq                  1.12122   
ch35                      ttH                  1.07375   
ch35                      ttVV                 1.05514   
ch36                      Rares                1.19550   
ch36                      TTW_inclusive        0.99710   
ch36                      TTZ                  1.16809   
ch36                      VVV                  1.25200   
ch36                      WZ                   0.88894   
ch36                      ZZ                   1.20157   
ch36                      data_fakes           1.05516   
ch36                      tHW                  1.00656   
ch36                      tHq                  1.02746   
ch36                      tZq                  1.09181   
ch36                      ttH                  1.03499   
ch36                      ttVV                 1.04204   
ch37                      Convs                0.58571   
ch37                      Rares                1.24490   
ch37                      TTW_inclusive        1.08856   
ch37                      TTZ                  1.23080   
ch37                      VVV                  1.32541   
ch37                      WZ                   0.92670   
ch37                      ZZ                   1.24868   
ch37                      data_fakes           1.40446   
ch37                      tHW                  1.09385   
ch37                      tHq                  1.14353   
ch37                      tZq                  1.14374   
ch37                      ttH                  1.09143   
ch37                      ttVV                 1.08559   
ch38                      Convs                1.09039   
ch38                      Rares                1.17095   
ch38                      TTW_inclusive        1.05244   
ch38                      TTZ                  1.19998   
ch38                      VVV                  1.29343   
ch38                      WZ                   0.89622   
ch38                      ZZ                   1.20287   
ch38                      data_fakes           1.00326   
ch38                      tHW                  1.04768   
ch38                      tHq                  1.04347   
ch38                      tZq                  1.11528   
ch38                      ttH                  1.08605   
ch38                      ttVV                 1.04913   
ch39                      Convs                0.95313   
ch39                      Rares                1.16940   
ch39                      TTW_inclusive        1.00824   
ch39                      TTZ                  1.16432   
ch39                      VVV                  1.24575   
ch39                      WZ                   0.88011   
ch39                      ZZ                   1.18541   
ch39                      data_fakes           1.36419   
ch39                      tHW                  1.02551   
ch39                      tHq                  1.02499   
ch39                      tZq                  1.08940   
ch39                      ttH                  1.03283   
ch39                      ttVV                 1.02539   
ch4                       Convs                1.01834   
ch4                       Rares                1.20387   
ch4                       TTW_njets_bin0       1.34302   
ch4                       TTW_njets_bin1       1.14290   
ch4                       TTW_njets_bin2       1.29519   
ch4                       TTW_ooa              1.08541   
ch4                       TTZ                  1.14348   
ch4                       VVV                  1.42325   
ch4                       WZ                   1.16593   
ch4                       ZZ                   1.53918   
ch4                       data_fakes           1.23310   
ch4                       data_flips           0.92930   
ch4                       tHW                  1.06091   
ch4                       tHq                  1.05372   
ch4                       tZq                  1.15509   
ch4                       ttH                  1.03494   
ch4                       ttVV                 1.04801   
ch40                      Rares                1.13000   
ch40                      TTW_inclusive        0.98613   
ch40                      TTZ                  1.13282   
ch40                      VVV                  1.20023   
ch40                      WZ                   0.85100   
ch40                      ZZ                   1.13821   
ch40                      data_fakes           1.01915   
ch40                      tHW                  0.97617   
ch40                      tHq                  0.98473   
ch40                      tZq                  1.05861   
ch40                      ttH                  0.98303   
ch40                      ttVV                 1.00702   
ch41                      MC_fakes             1.00116   
ch41                      Rares                1.17074   
ch41                      TTZ                  1.15837   
ch41                      WZ                   0.80470   
ch41                      ZZ                   1.07342   
ch41                      ttH                  0.98067   
ch42                      Convs                1.09140   
ch42                      MC_fakes             0.99975   
ch42                      Rares                1.18347   
ch42                      TTZ                  1.17668   
ch42                      WZ                   0.82682   
ch42                      ZZ                   1.08346   
ch42                      ttH                  1.05216   
ch43                      Convs                1.08525   
ch43                      MC_fakes             0.99961   
ch43                      Rares                1.18692   
ch43                      TTWW                 0.99995   
ch43                      TTZ                  1.18702   
ch43                      WZ                   0.71874   
ch43                      ZZ                   1.10244   
ch43                      ttH                  0.99250   
ch44                      Convs                1.09252   
ch44                      MC_fakes             0.99765   
ch44                      Rares                1.18631   
ch44                      TTWW                 0.99992   
ch44                      TTZ                  1.16163   
ch44                      WZ                   0.64589   
ch44                      ZZ                   1.07873   
ch44                      tHW                  1.02390   
ch44                      ttH                  1.03607   
ch5                       Convs                0.82539   
ch5                       Rares                1.23351   
ch5                       TTW_njets_bin0       1.38640   
ch5                       TTW_njets_bin1       1.17836   
ch5                       TTW_njets_bin2       1.34326   
ch5                       TTW_ooa              1.13359   
ch5                       TTZ                  1.19240   
ch5                       VVV                  1.43530   
ch5                       WZ                   1.18895   
ch5                       ZZ                   1.69932   
ch5                       data_fakes           1.78556   
ch5                       data_flips           0.92979   
ch5                       tHW                  1.09233   
ch5                       tHq                  1.09760   
ch5                       tZq                  1.27761   
ch5                       ttH                  1.03726   
ch5                       ttVV                 1.07663   
ch6                       Rares                1.24335   
ch6                       TTW_njets_bin0       1.27840   
ch6                       TTW_njets_bin1       1.10030   
ch6                       TTW_njets_bin2       1.25633   
ch6                       TTW_ooa              0.97902   
ch6                       TTZ                  1.11974   
ch6                       VVV                  1.00187   
ch6                       WZ                   0.94828   
ch6                       ZZ                   1.39604   
ch6                       data_fakes           1.07283   
ch6                       tHW                  0.98526   
ch6                       tHq                  0.99133   
ch6                       tZq                  1.00576   
ch6                       ttH                  0.97973   
ch6                       ttVV                 0.99752   
ch7                       Rares                1.16043   
ch7                       TTW_njets_bin0       1.30234   
ch7                       TTW_njets_bin1       1.11183   
ch7                       TTW_njets_bin2       1.24473   
ch7                       TTW_ooa              1.04469   
ch7                       TTZ                  1.14683   
ch7                       VVV                  1.32016   
ch7                       WZ                   1.19107   
ch7                       ZZ                   1.41390   
ch7                       data_fakes           1.19438   
ch7                       tHW                  1.02633   
ch7                       tHq                  1.02001   
ch7                       tZq                  1.10500   
ch7                       ttH                  1.00159   
ch7                       ttVV                 1.02181   
ch8                       Convs                1.13163   
ch8                       Rares                1.22884   
ch8                       TTW_njets_bin0       1.34565   
ch8                       TTW_njets_bin1       1.14012   
ch8                       TTW_njets_bin2       1.29521   
ch8                       TTW_ooa              1.08014   
ch8                       TTZ                  1.18299   
ch8                       VVV                  1.37964   
ch8                       WZ                   1.33483   
ch8                       ZZ                   1.55043   
ch8                       data_fakes           1.26941   
ch8                       data_flips           0.92967   
ch8                       tHW                  1.05084   
ch8                       tHq                  1.06161   
ch8                       tZq                  1.16828   
ch8                       ttH                  1.02685   
ch8                       ttVV                 1.04941   
ch9                       Rares                1.09771   
ch9                       TTW_njets_bin0       1.28815   
ch9                       TTW_njets_bin1       1.08409   
ch9                       TTW_njets_bin2       1.24401   
ch9                       TTW_ooa              1.00634   
ch9                       TTZ                  1.05411   
ch9                       VVV                  1.20631   
ch9                       WZ                   0.92663   
ch9                       ZZ                   1.39048   
ch9                       data_fakes           1.03565   
ch9                       tHW                  0.97555   
ch9                       tHq                  0.99512   
ch9                       tZq                  1.02493   
ch9                       ttH                  0.96976   
ch9                       ttVV                 1.00021   
