WARNING: the default behaviour of PostFitShapesFromWorkspace is to use the covariance matrix sampling method for the post-fit uncertainty. The option --sampling is deprecated and will be removed in future versions of CombineHarvester
[SetFlag] Changing value of flag "workspaces-use-clone" from 0 to 1
[#1] INFO:ObjectHandling -- RooWorkspace::import(w) importing dataset ch1
[#1] INFO:ObjectHandling -- RooWorkspace::import(w) importing dataset ch10
[#1] INFO:ObjectHandling -- RooWorkspace::import(w) importing dataset ch11
[#1] INFO:ObjectHandling -- RooWorkspace::import(w) importing dataset ch12
[#1] INFO:ObjectHandling -- RooWorkspace::import(w) importing dataset ch2
[#1] INFO:ObjectHandling -- RooWorkspace::import(w) importing dataset ch3
[#1] INFO:ObjectHandling -- RooWorkspace::import(w) importing dataset ch4
[#1] INFO:ObjectHandling -- RooWorkspace::import(w) importing dataset ch5
[#1] INFO:ObjectHandling -- RooWorkspace::import(w) importing dataset ch6
[#1] INFO:ObjectHandling -- RooWorkspace::import(w) importing dataset ch7
[#1] INFO:ObjectHandling -- RooWorkspace::import(w) importing dataset ch8
[#1] INFO:ObjectHandling -- RooWorkspace::import(w) importing dataset ch9
[SetFlag] Changing value of flag "workspaces-use-clone" from 0 to 1
>> Doing prefit: TotalBkg
>> Doing prefit: TotalSig
>> Doing prefit: TotalProcs
>> Doing prefit: ch1,Convs
>> Doing prefit: ch1,Rares
>> Doing prefit: ch1,TTW_lep2_eta_bin0
>> Doing prefit: ch1,TTW_lep2_eta_bin1
>> Doing prefit: ch1,TTW_lep2_eta_bin2
>> Doing prefit: ch1,TTW_lep2_eta_bin3
>> Doing prefit: ch1,TTW_ooa
>> Doing prefit: ch1,TTZ
>> Doing prefit: ch1,VVV
>> Doing prefit: ch1,WZ
>> Doing prefit: ch1,ZZ
>> Doing prefit: ch1,data_fakes
>> Doing prefit: ch1,data_flips
>> Doing prefit: ch1,tHW
>> Doing prefit: ch1,tHq
>> Doing prefit: ch1,tZq
>> Doing prefit: ch1,ttH
>> Doing prefit: ch1,ttVV
>> Doing prefit: ch1,TotalBkg
>> Doing prefit: ch1,TotalSig
>> Doing prefit: ch1,TotalProcs
>> Doing prefit: ch10,Convs
>> Doing prefit: ch10,Rares
>> Doing prefit: ch10,TTW_lep2_eta_bin0
>> Doing prefit: ch10,TTW_lep2_eta_bin1
>> Doing prefit: ch10,TTW_lep2_eta_bin2
>> Doing prefit: ch10,TTW_lep2_eta_bin3
>> Doing prefit: ch10,TTW_ooa
>> Doing prefit: ch10,TTZ
>> Doing prefit: ch10,VVV
>> Doing prefit: ch10,WZ
>> Doing prefit: ch10,ZZ
>> Doing prefit: ch10,data_fakes
>> Doing prefit: ch10,data_flips
>> Doing prefit: ch10,tHW
>> Doing prefit: ch10,tHq
>> Doing prefit: ch10,tZq
>> Doing prefit: ch10,ttH
>> Doing prefit: ch10,ttVV
>> Doing prefit: ch10,TotalBkg
>> Doing prefit: ch10,TotalSig
>> Doing prefit: ch10,TotalProcs
>> Doing prefit: ch11,Convs
>> Doing prefit: ch11,Rares
>> Doing prefit: ch11,TTW_lep2_eta_bin0
>> Doing prefit: ch11,TTW_lep2_eta_bin1
>> Doing prefit: ch11,TTW_lep2_eta_bin2
>> Doing prefit: ch11,TTW_lep2_eta_bin3
>> Doing prefit: ch11,TTW_ooa
>> Doing prefit: ch11,TTZ
>> Doing prefit: ch11,VVV
>> Doing prefit: ch11,WZ
>> Doing prefit: ch11,ZZ
>> Doing prefit: ch11,data_fakes
>> Doing prefit: ch11,data_flips
>> Doing prefit: ch11,tHW
>> Doing prefit: ch11,tHq
>> Doing prefit: ch11,tZq
>> Doing prefit: ch11,ttH
>> Doing prefit: ch11,ttVV
>> Doing prefit: ch11,TotalBkg
>> Doing prefit: ch11,TotalSig
>> Doing prefit: ch11,TotalProcs
>> Doing prefit: ch12,Rares
>> Doing prefit: ch12,TTW_lep2_eta_bin0
>> Doing prefit: ch12,TTW_lep2_eta_bin1
>> Doing prefit: ch12,TTW_lep2_eta_bin2
>> Doing prefit: ch12,TTW_lep2_eta_bin3
>> Doing prefit: ch12,TTW_ooa
>> Doing prefit: ch12,TTZ
>> Doing prefit: ch12,VVV
>> Doing prefit: ch12,WZ
>> Doing prefit: ch12,ZZ
>> Doing prefit: ch12,data_fakes
>> Doing prefit: ch12,tHW
>> Doing prefit: ch12,tHq
>> Doing prefit: ch12,tZq
>> Doing prefit: ch12,ttH
>> Doing prefit: ch12,ttVV
>> Doing prefit: ch12,TotalBkg
>> Doing prefit: ch12,TotalSig
>> Doing prefit: ch12,TotalProcs
>> Doing prefit: ch2,Convs
>> Doing prefit: ch2,Rares
>> Doing prefit: ch2,TTW_lep2_eta_bin0
>> Doing prefit: ch2,TTW_lep2_eta_bin1
>> Doing prefit: ch2,TTW_lep2_eta_bin2
>> Doing prefit: ch2,TTW_lep2_eta_bin3
>> Doing prefit: ch2,TTW_ooa
>> Doing prefit: ch2,TTZ
>> Doing prefit: ch2,VVV
>> Doing prefit: ch2,WZ
>> Doing prefit: ch2,ZZ
>> Doing prefit: ch2,data_fakes
>> Doing prefit: ch2,data_flips
>> Doing prefit: ch2,tHW
>> Doing prefit: ch2,tHq
>> Doing prefit: ch2,tZq
>> Doing prefit: ch2,ttH
>> Doing prefit: ch2,ttVV
>> Doing prefit: ch2,TotalBkg
>> Doing prefit: ch2,TotalSig
>> Doing prefit: ch2,TotalProcs
>> Doing prefit: ch3,Rares
>> Doing prefit: ch3,TTW_lep2_eta_bin0
>> Doing prefit: ch3,TTW_lep2_eta_bin1
>> Doing prefit: ch3,TTW_lep2_eta_bin2
>> Doing prefit: ch3,TTW_lep2_eta_bin3
>> Doing prefit: ch3,TTW_ooa
>> Doing prefit: ch3,TTZ
>> Doing prefit: ch3,VVV
>> Doing prefit: ch3,WZ
>> Doing prefit: ch3,ZZ
>> Doing prefit: ch3,data_fakes
>> Doing prefit: ch3,tHW
>> Doing prefit: ch3,tHq
>> Doing prefit: ch3,tZq
>> Doing prefit: ch3,ttH
>> Doing prefit: ch3,ttVV
>> Doing prefit: ch3,TotalBkg
>> Doing prefit: ch3,TotalSig
>> Doing prefit: ch3,TotalProcs
>> Doing prefit: ch4,Convs
>> Doing prefit: ch4,Rares
>> Doing prefit: ch4,TTW_lep2_eta_bin0
>> Doing prefit: ch4,TTW_lep2_eta_bin1
>> Doing prefit: ch4,TTW_lep2_eta_bin2
>> Doing prefit: ch4,TTW_lep2_eta_bin3
>> Doing prefit: ch4,TTW_ooa
>> Doing prefit: ch4,TTZ
>> Doing prefit: ch4,VVV
>> Doing prefit: ch4,WZ
>> Doing prefit: ch4,ZZ
>> Doing prefit: ch4,data_fakes
>> Doing prefit: ch4,data_flips
>> Doing prefit: ch4,tHW
>> Doing prefit: ch4,tHq
>> Doing prefit: ch4,tZq
>> Doing prefit: ch4,ttH
>> Doing prefit: ch4,ttVV
>> Doing prefit: ch4,TotalBkg
>> Doing prefit: ch4,TotalSig
>> Doing prefit: ch4,TotalProcs
>> Doing prefit: ch5,Convs
>> Doing prefit: ch5,Rares
>> Doing prefit: ch5,TTW_lep2_eta_bin0
>> Doing prefit: ch5,TTW_lep2_eta_bin1
>> Doing prefit: ch5,TTW_lep2_eta_bin2
>> Doing prefit: ch5,TTW_lep2_eta_bin3
>> Doing prefit: ch5,TTW_ooa
>> Doing prefit: ch5,TTZ
>> Doing prefit: ch5,VVV
>> Doing prefit: ch5,WZ
>> Doing prefit: ch5,ZZ
>> Doing prefit: ch5,data_fakes
>> Doing prefit: ch5,data_flips
>> Doing prefit: ch5,tHW
>> Doing prefit: ch5,tHq
>> Doing prefit: ch5,tZq
>> Doing prefit: ch5,ttH
>> Doing prefit: ch5,ttVV
>> Doing prefit: ch5,TotalBkg
>> Doing prefit: ch5,TotalSig
>> Doing prefit: ch5,TotalProcs
>> Doing prefit: ch6,Rares
>> Doing prefit: ch6,TTW_lep2_eta_bin0
>> Doing prefit: ch6,TTW_lep2_eta_bin1
>> Doing prefit: ch6,TTW_lep2_eta_bin2
>> Doing prefit: ch6,TTW_lep2_eta_bin3
>> Doing prefit: ch6,TTW_ooa
>> Doing prefit: ch6,TTZ
>> Doing prefit: ch6,VVV
>> Doing prefit: ch6,WZ
>> Doing prefit: ch6,ZZ
>> Doing prefit: ch6,data_fakes
>> Doing prefit: ch6,tHW
>> Doing prefit: ch6,tHq
>> Doing prefit: ch6,tZq
>> Doing prefit: ch6,ttH
>> Doing prefit: ch6,ttVV
>> Doing prefit: ch6,TotalBkg
>> Doing prefit: ch6,TotalSig
>> Doing prefit: ch6,TotalProcs
>> Doing prefit: ch7,Convs
>> Doing prefit: ch7,Rares
>> Doing prefit: ch7,TTW_lep2_eta_bin0
>> Doing prefit: ch7,TTW_lep2_eta_bin1
>> Doing prefit: ch7,TTW_lep2_eta_bin2
>> Doing prefit: ch7,TTW_lep2_eta_bin3
>> Doing prefit: ch7,TTW_ooa
>> Doing prefit: ch7,TTZ
>> Doing prefit: ch7,VVV
>> Doing prefit: ch7,WZ
>> Doing prefit: ch7,ZZ
>> Doing prefit: ch7,data_fakes
>> Doing prefit: ch7,data_flips
>> Doing prefit: ch7,tHW
>> Doing prefit: ch7,tHq
>> Doing prefit: ch7,tZq
>> Doing prefit: ch7,ttH
>> Doing prefit: ch7,ttVV
>> Doing prefit: ch7,TotalBkg
>> Doing prefit: ch7,TotalSig
>> Doing prefit: ch7,TotalProcs
>> Doing prefit: ch8,Convs
>> Doing prefit: ch8,Rares
>> Doing prefit: ch8,TTW_lep2_eta_bin0
>> Doing prefit: ch8,TTW_lep2_eta_bin1
>> Doing prefit: ch8,TTW_lep2_eta_bin2
>> Doing prefit: ch8,TTW_lep2_eta_bin3
>> Doing prefit: ch8,TTW_ooa
>> Doing prefit: ch8,TTZ
>> Doing prefit: ch8,VVV
>> Doing prefit: ch8,WZ
>> Doing prefit: ch8,ZZ
>> Doing prefit: ch8,data_fakes
>> Doing prefit: ch8,data_flips
>> Doing prefit: ch8,tHW
>> Doing prefit: ch8,tHq
>> Doing prefit: ch8,tZq
>> Doing prefit: ch8,ttH
>> Doing prefit: ch8,ttVV
>> Doing prefit: ch8,TotalBkg
>> Doing prefit: ch8,TotalSig
>> Doing prefit: ch8,TotalProcs
>> Doing prefit: ch9,Rares
>> Doing prefit: ch9,TTW_lep2_eta_bin0
>> Doing prefit: ch9,TTW_lep2_eta_bin1
>> Doing prefit: ch9,TTW_lep2_eta_bin2
>> Doing prefit: ch9,TTW_lep2_eta_bin3
>> Doing prefit: ch9,TTW_ooa
>> Doing prefit: ch9,TTZ
>> Doing prefit: ch9,VVV
>> Doing prefit: ch9,WZ
>> Doing prefit: ch9,ZZ
>> Doing prefit: ch9,data_fakes
>> Doing prefit: ch9,tHW
>> Doing prefit: ch9,tHq
>> Doing prefit: ch9,tZq
>> Doing prefit: ch9,ttH
>> Doing prefit: ch9,ttVV
>> Doing prefit: ch9,TotalBkg
>> Doing prefit: ch9,TotalSig
>> Doing prefit: ch9,TotalProcs
Bin                       Total relative bkg uncert. (prefit)
----------------------------------------------------------
ch1                       0.11827   
ch10                      0.16288   
ch11                      0.10754   
ch12                      0.14584   
ch2                       0.13185   
ch3                       0.14515   
ch4                       0.18655   
ch5                       0.11518   
ch6                       0.15342   
ch7                       0.15146   
ch8                       0.12488   
ch9                       0.15620   
>> Doing postfit: TotalBkg
>> Doing postfit: TotalSig
>> Doing postfit: TotalProcs
>> Doing postfit: ch1,Convs
>> Doing postfit: ch1,Rares
>> Doing postfit: ch1,TTW_lep2_eta_bin0
>> Doing postfit: ch1,TTW_lep2_eta_bin1
>> Doing postfit: ch1,TTW_lep2_eta_bin2
>> Doing postfit: ch1,TTW_lep2_eta_bin3
>> Doing postfit: ch1,TTW_ooa
>> Doing postfit: ch1,TTZ
>> Doing postfit: ch1,VVV
>> Doing postfit: ch1,WZ
>> Doing postfit: ch1,ZZ
>> Doing postfit: ch1,data_fakes
>> Doing postfit: ch1,data_flips
>> Doing postfit: ch1,tHW
>> Doing postfit: ch1,tHq
>> Doing postfit: ch1,tZq
>> Doing postfit: ch1,ttH
>> Doing postfit: ch1,ttVV
>> Doing postfit: ch1,TotalBkg
>> Doing postfit: ch1,TotalSig
>> Doing postfit: ch1,TotalProcs
>> Doing postfit: ch10,Convs
>> Doing postfit: ch10,Rares
>> Doing postfit: ch10,TTW_lep2_eta_bin0
>> Doing postfit: ch10,TTW_lep2_eta_bin1
>> Doing postfit: ch10,TTW_lep2_eta_bin2
>> Doing postfit: ch10,TTW_lep2_eta_bin3
>> Doing postfit: ch10,TTW_ooa
>> Doing postfit: ch10,TTZ
>> Doing postfit: ch10,VVV
>> Doing postfit: ch10,WZ
>> Doing postfit: ch10,ZZ
>> Doing postfit: ch10,data_fakes
>> Doing postfit: ch10,data_flips
>> Doing postfit: ch10,tHW
>> Doing postfit: ch10,tHq
>> Doing postfit: ch10,tZq
>> Doing postfit: ch10,ttH
>> Doing postfit: ch10,ttVV
>> Doing postfit: ch10,TotalBkg
>> Doing postfit: ch10,TotalSig
>> Doing postfit: ch10,TotalProcs
>> Doing postfit: ch11,Convs
>> Doing postfit: ch11,Rares
>> Doing postfit: ch11,TTW_lep2_eta_bin0
>> Doing postfit: ch11,TTW_lep2_eta_bin1
>> Doing postfit: ch11,TTW_lep2_eta_bin2
>> Doing postfit: ch11,TTW_lep2_eta_bin3
>> Doing postfit: ch11,TTW_ooa
>> Doing postfit: ch11,TTZ
>> Doing postfit: ch11,VVV
>> Doing postfit: ch11,WZ
>> Doing postfit: ch11,ZZ
>> Doing postfit: ch11,data_fakes
>> Doing postfit: ch11,data_flips
>> Doing postfit: ch11,tHW
>> Doing postfit: ch11,tHq
>> Doing postfit: ch11,tZq
>> Doing postfit: ch11,ttH
>> Doing postfit: ch11,ttVV
>> Doing postfit: ch11,TotalBkg
>> Doing postfit: ch11,TotalSig
>> Doing postfit: ch11,TotalProcs
>> Doing postfit: ch12,Rares
>> Doing postfit: ch12,TTW_lep2_eta_bin0
>> Doing postfit: ch12,TTW_lep2_eta_bin1
>> Doing postfit: ch12,TTW_lep2_eta_bin2
>> Doing postfit: ch12,TTW_lep2_eta_bin3
>> Doing postfit: ch12,TTW_ooa
>> Doing postfit: ch12,TTZ
>> Doing postfit: ch12,VVV
>> Doing postfit: ch12,WZ
>> Doing postfit: ch12,ZZ
>> Doing postfit: ch12,data_fakes
>> Doing postfit: ch12,tHW
>> Doing postfit: ch12,tHq
>> Doing postfit: ch12,tZq
>> Doing postfit: ch12,ttH
>> Doing postfit: ch12,ttVV
>> Doing postfit: ch12,TotalBkg
>> Doing postfit: ch12,TotalSig
>> Doing postfit: ch12,TotalProcs
>> Doing postfit: ch2,Convs
>> Doing postfit: ch2,Rares
>> Doing postfit: ch2,TTW_lep2_eta_bin0
>> Doing postfit: ch2,TTW_lep2_eta_bin1
>> Doing postfit: ch2,TTW_lep2_eta_bin2
>> Doing postfit: ch2,TTW_lep2_eta_bin3
>> Doing postfit: ch2,TTW_ooa
>> Doing postfit: ch2,TTZ
>> Doing postfit: ch2,VVV
>> Doing postfit: ch2,WZ
>> Doing postfit: ch2,ZZ
>> Doing postfit: ch2,data_fakes
>> Doing postfit: ch2,data_flips
>> Doing postfit: ch2,tHW
>> Doing postfit: ch2,tHq
>> Doing postfit: ch2,tZq
>> Doing postfit: ch2,ttH
>> Doing postfit: ch2,ttVV
>> Doing postfit: ch2,TotalBkg
>> Doing postfit: ch2,TotalSig
>> Doing postfit: ch2,TotalProcs
>> Doing postfit: ch3,Rares
>> Doing postfit: ch3,TTW_lep2_eta_bin0
>> Doing postfit: ch3,TTW_lep2_eta_bin1
>> Doing postfit: ch3,TTW_lep2_eta_bin2
>> Doing postfit: ch3,TTW_lep2_eta_bin3
>> Doing postfit: ch3,TTW_ooa
>> Doing postfit: ch3,TTZ
>> Doing postfit: ch3,VVV
>> Doing postfit: ch3,WZ
>> Doing postfit: ch3,ZZ
>> Doing postfit: ch3,data_fakes
>> Doing postfit: ch3,tHW
>> Doing postfit: ch3,tHq
>> Doing postfit: ch3,tZq
>> Doing postfit: ch3,ttH
>> Doing postfit: ch3,ttVV
>> Doing postfit: ch3,TotalBkg
>> Doing postfit: ch3,TotalSig
>> Doing postfit: ch3,TotalProcs
>> Doing postfit: ch4,Convs
>> Doing postfit: ch4,Rares
>> Doing postfit: ch4,TTW_lep2_eta_bin0
>> Doing postfit: ch4,TTW_lep2_eta_bin1
>> Doing postfit: ch4,TTW_lep2_eta_bin2
>> Doing postfit: ch4,TTW_lep2_eta_bin3
>> Doing postfit: ch4,TTW_ooa
>> Doing postfit: ch4,TTZ
>> Doing postfit: ch4,VVV
>> Doing postfit: ch4,WZ
>> Doing postfit: ch4,ZZ
>> Doing postfit: ch4,data_fakes
>> Doing postfit: ch4,data_flips
>> Doing postfit: ch4,tHW
>> Doing postfit: ch4,tHq
>> Doing postfit: ch4,tZq
>> Doing postfit: ch4,ttH
>> Doing postfit: ch4,ttVV
>> Doing postfit: ch4,TotalBkg
>> Doing postfit: ch4,TotalSig
>> Doing postfit: ch4,TotalProcs
>> Doing postfit: ch5,Convs
>> Doing postfit: ch5,Rares
>> Doing postfit: ch5,TTW_lep2_eta_bin0
>> Doing postfit: ch5,TTW_lep2_eta_bin1
>> Doing postfit: ch5,TTW_lep2_eta_bin2
>> Doing postfit: ch5,TTW_lep2_eta_bin3
>> Doing postfit: ch5,TTW_ooa
>> Doing postfit: ch5,TTZ
>> Doing postfit: ch5,VVV
>> Doing postfit: ch5,WZ
>> Doing postfit: ch5,ZZ
>> Doing postfit: ch5,data_fakes
>> Doing postfit: ch5,data_flips
>> Doing postfit: ch5,tHW
>> Doing postfit: ch5,tHq
>> Doing postfit: ch5,tZq
>> Doing postfit: ch5,ttH
>> Doing postfit: ch5,ttVV
>> Doing postfit: ch5,TotalBkg
>> Doing postfit: ch5,TotalSig
>> Doing postfit: ch5,TotalProcs
>> Doing postfit: ch6,Rares
>> Doing postfit: ch6,TTW_lep2_eta_bin0
>> Doing postfit: ch6,TTW_lep2_eta_bin1
>> Doing postfit: ch6,TTW_lep2_eta_bin2
>> Doing postfit: ch6,TTW_lep2_eta_bin3
>> Doing postfit: ch6,TTW_ooa
>> Doing postfit: ch6,TTZ
>> Doing postfit: ch6,VVV
>> Doing postfit: ch6,WZ
>> Doing postfit: ch6,ZZ
>> Doing postfit: ch6,data_fakes
>> Doing postfit: ch6,tHW
>> Doing postfit: ch6,tHq
>> Doing postfit: ch6,tZq
>> Doing postfit: ch6,ttH
>> Doing postfit: ch6,ttVV
>> Doing postfit: ch6,TotalBkg
>> Doing postfit: ch6,TotalSig
>> Doing postfit: ch6,TotalProcs
>> Doing postfit: ch7,Convs
>> Doing postfit: ch7,Rares
>> Doing postfit: ch7,TTW_lep2_eta_bin0
>> Doing postfit: ch7,TTW_lep2_eta_bin1
>> Doing postfit: ch7,TTW_lep2_eta_bin2
>> Doing postfit: ch7,TTW_lep2_eta_bin3
>> Doing postfit: ch7,TTW_ooa
>> Doing postfit: ch7,TTZ
>> Doing postfit: ch7,VVV
>> Doing postfit: ch7,WZ
>> Doing postfit: ch7,ZZ
>> Doing postfit: ch7,data_fakes
>> Doing postfit: ch7,data_flips
>> Doing postfit: ch7,tHW
>> Doing postfit: ch7,tHq
>> Doing postfit: ch7,tZq
>> Doing postfit: ch7,ttH
>> Doing postfit: ch7,ttVV
>> Doing postfit: ch7,TotalBkg
>> Doing postfit: ch7,TotalSig
>> Doing postfit: ch7,TotalProcs
>> Doing postfit: ch8,Convs
>> Doing postfit: ch8,Rares
>> Doing postfit: ch8,TTW_lep2_eta_bin0
>> Doing postfit: ch8,TTW_lep2_eta_bin1
>> Doing postfit: ch8,TTW_lep2_eta_bin2
>> Doing postfit: ch8,TTW_lep2_eta_bin3
>> Doing postfit: ch8,TTW_ooa
>> Doing postfit: ch8,TTZ
>> Doing postfit: ch8,VVV
>> Doing postfit: ch8,WZ
>> Doing postfit: ch8,ZZ
>> Doing postfit: ch8,data_fakes
>> Doing postfit: ch8,data_flips
>> Doing postfit: ch8,tHW
>> Doing postfit: ch8,tHq
>> Doing postfit: ch8,tZq
>> Doing postfit: ch8,ttH
>> Doing postfit: ch8,ttVV
>> Doing postfit: ch8,TotalBkg
>> Doing postfit: ch8,TotalSig
>> Doing postfit: ch8,TotalProcs
>> Doing postfit: ch9,Rares
>> Doing postfit: ch9,TTW_lep2_eta_bin0
>> Doing postfit: ch9,TTW_lep2_eta_bin1
>> Doing postfit: ch9,TTW_lep2_eta_bin2
>> Doing postfit: ch9,TTW_lep2_eta_bin3
>> Doing postfit: ch9,TTW_ooa
>> Doing postfit: ch9,TTZ
>> Doing postfit: ch9,VVV
>> Doing postfit: ch9,WZ
>> Doing postfit: ch9,ZZ
>> Doing postfit: ch9,data_fakes
>> Doing postfit: ch9,tHW
>> Doing postfit: ch9,tHq
>> Doing postfit: ch9,tZq
>> Doing postfit: ch9,ttH
>> Doing postfit: ch9,ttVV
>> Doing postfit: ch9,TotalBkg
>> Doing postfit: ch9,TotalSig
>> Doing postfit: ch9,TotalProcs

Bin                       Total relative bkg uncert. (postfit)
----------------------------------------------------------
ch1                       0.08598   
ch10                      0.10217   
ch11                      0.07570   
ch12                      0.08366   
ch2                       0.09071   
ch3                       0.09255   
ch4                       0.11645   
ch5                       0.08097   
ch6                       0.14003   
ch7                       0.10392   
ch8                       0.09149   
ch9                       0.09535   

Bin                       Process              Scale factor
----------------------------------------------------------
ch1                       Convs                1.43426   
ch1                       Rares                1.59990   
ch1                       TTW_lep2_eta_bin0    1.14421   
ch1                       TTW_lep2_eta_bin1    1.46569   
ch1                       TTW_lep2_eta_bin2    1.40855   
ch1                       TTW_lep2_eta_bin3    1.41640   
ch1                       TTW_ooa              1.04869   
ch1                       TTZ                  1.13262   
ch1                       VVV                  1.23500   
ch1                       WZ                   1.00671   
ch1                       ZZ                   1.30573   
ch1                       data_fakes           1.07315   
ch1                       data_flips           1.02664   
ch1                       tHW                  1.00760   
ch1                       tHq                  1.02332   
ch1                       tZq                  1.09121   
ch1                       ttH                  1.01986   
ch1                       ttVV                 1.01739   
ch10                      Convs                1.36844   
ch10                      Rares                1.58489   
ch10                      TTW_lep2_eta_bin0    1.14705   
ch10                      TTW_lep2_eta_bin1    1.47907   
ch10                      TTW_lep2_eta_bin2    1.43950   
ch10                      TTW_lep2_eta_bin3    1.44031   
ch10                      TTW_ooa              1.02343   
ch10                      TTZ                  1.13857   
ch10                      VVV                  0.91115   
ch10                      WZ                   0.89710   
ch10                      ZZ                   1.19962   
ch10                      data_fakes           1.19941   
ch10                      data_flips           1.02679   
ch10                      tHW                  0.99105   
ch10                      tHq                  1.02852   
ch10                      tZq                  1.10800   
ch10                      ttH                  1.02875   
ch10                      ttVV                 1.03941   
ch11                      Convs                1.28889   
ch11                      Rares                1.49713   
ch11                      TTW_lep2_eta_bin0    1.12793   
ch11                      TTW_lep2_eta_bin1    1.43977   
ch11                      TTW_lep2_eta_bin2    1.39893   
ch11                      TTW_lep2_eta_bin3    1.38974   
ch11                      TTW_ooa              0.99911   
ch11                      TTZ                  1.12865   
ch11                      VVV                  1.23203   
ch11                      WZ                   0.97621   
ch11                      ZZ                   1.35649   
ch11                      data_fakes           1.07542   
ch11                      data_flips           1.02660   
ch11                      tHW                  1.01202   
ch11                      tHq                  1.00143   
ch11                      tZq                  1.03308   
ch11                      ttH                  1.00411   
ch11                      ttVV                 1.01416   
ch12                      Rares                1.62652   
ch12                      TTW_lep2_eta_bin0    1.10016   
ch12                      TTW_lep2_eta_bin1    1.40318   
ch12                      TTW_lep2_eta_bin2    1.35359   
ch12                      TTW_lep2_eta_bin3    1.35001   
ch12                      TTW_ooa              0.95611   
ch12                      TTZ                  1.06710   
ch12                      VVV                  1.20212   
ch12                      WZ                   0.96863   
ch12                      ZZ                   1.18458   
ch12                      data_fakes           0.98469   
ch12                      tHW                  0.97977   
ch12                      tHq                  0.97264   
ch12                      tZq                  1.08797   
ch12                      ttH                  0.99300   
ch12                      ttVV                 0.98026   
ch2                       Convs                1.52570   
ch2                       Rares                1.65904   
ch2                       TTW_lep2_eta_bin0    1.17871   
ch2                       TTW_lep2_eta_bin1    1.51455   
ch2                       TTW_lep2_eta_bin2    1.45918   
ch2                       TTW_lep2_eta_bin3    1.46691   
ch2                       TTW_ooa              1.10302   
ch2                       TTZ                  1.20101   
ch2                       VVV                  1.32666   
ch2                       WZ                   1.05241   
ch2                       ZZ                   1.28950   
ch2                       data_fakes           1.16482   
ch2                       data_flips           1.02700   
ch2                       tHW                  1.05724   
ch2                       tHq                  1.06404   
ch2                       tZq                  1.11133   
ch2                       ttH                  1.04582   
ch2                       ttVV                 1.05812   
ch3                       Rares                1.75152   
ch3                       TTW_lep2_eta_bin0    1.10060   
ch3                       TTW_lep2_eta_bin1    1.42272   
ch3                       TTW_lep2_eta_bin2    1.35080   
ch3                       TTW_lep2_eta_bin3    1.37382   
ch3                       TTW_ooa              0.98624   
ch3                       TTZ                  1.09076   
ch3                       VVV                  1.14632   
ch3                       WZ                   0.92726   
ch3                       ZZ                   1.50482   
ch3                       data_fakes           0.98292   
ch3                       tHW                  0.98456   
ch3                       tHq                  0.98909   
ch3                       tZq                  1.03372   
ch3                       ttH                  0.98793   
ch3                       ttVV                 0.98702   
ch4                       Convs                1.36466   
ch4                       Rares                1.68135   
ch4                       TTW_lep2_eta_bin0    1.19029   
ch4                       TTW_lep2_eta_bin1    1.50267   
ch4                       TTW_lep2_eta_bin2    1.48289   
ch4                       TTW_lep2_eta_bin3    1.46709   
ch4                       TTW_ooa              1.06998   
ch4                       TTZ                  1.15730   
ch4                       VVV                  1.36907   
ch4                       WZ                   1.21256   
ch4                       ZZ                   1.75116   
ch4                       data_fakes           1.11214   
ch4                       data_flips           1.02746   
ch4                       tHW                  1.07872   
ch4                       tHq                  1.08970   
ch4                       tZq                  1.20695   
ch4                       ttH                  1.06493   
ch4                       ttVV                 1.05897   
ch5                       Convs                1.36877   
ch5                       Rares                1.73949   
ch5                       TTW_lep2_eta_bin0    1.15501   
ch5                       TTW_lep2_eta_bin1    1.46290   
ch5                       TTW_lep2_eta_bin2    1.42937   
ch5                       TTW_lep2_eta_bin3    1.42545   
ch5                       TTW_ooa              1.06791   
ch5                       TTZ                  1.12132   
ch5                       VVV                  1.56117   
ch5                       WZ                   1.19809   
ch5                       ZZ                   1.53525   
ch5                       data_fakes           1.07288   
ch5                       data_flips           1.02687   
ch5                       tHW                  1.06100   
ch5                       tHq                  1.04552   
ch5                       tZq                  1.10558   
ch5                       ttH                  1.05061   
ch5                       ttVV                 1.03055   
ch6                       Rares                1.76224   
ch6                       TTW_lep2_eta_bin0    1.12175   
ch6                       TTW_lep2_eta_bin1    1.44280   
ch6                       TTW_lep2_eta_bin2    1.39018   
ch6                       TTW_lep2_eta_bin3    1.39709   
ch6                       TTW_ooa              1.04081   
ch6                       TTZ                  1.10465   
ch6                       VVV                  2.91072   
ch6                       WZ                   1.10742   
ch6                       ZZ                   1.77501   
ch6                       data_fakes           1.04179   
ch6                       tHW                  1.02793   
ch6                       tHq                  1.03645   
ch6                       tZq                  1.10197   
ch6                       ttH                  1.01207   
ch6                       ttVV                 1.00281   
ch7                       Convs                1.21206   
ch7                       Rares                1.57948   
ch7                       TTW_lep2_eta_bin0    1.16721   
ch7                       TTW_lep2_eta_bin1    1.49638   
ch7                       TTW_lep2_eta_bin2    1.44125   
ch7                       TTW_lep2_eta_bin3    1.46465   
ch7                       TTW_ooa              1.07637   
ch7                       TTZ                  1.10488   
ch7                       VVV                  1.27573   
ch7                       WZ                   0.97087   
ch7                       ZZ                   1.05681   
ch7                       data_fakes           1.12318   
ch7                       data_flips           1.02651   
ch7                       tHW                  1.04524   
ch7                       tHq                  1.05215   
ch7                       tZq                  1.14362   
ch7                       ttH                  1.05195   
ch7                       ttVV                 1.05311   
ch8                       Convs                1.20364   
ch8                       Rares                1.62593   
ch8                       TTW_lep2_eta_bin0    1.14651   
ch8                       TTW_lep2_eta_bin1    1.46727   
ch8                       TTW_lep2_eta_bin2    1.41982   
ch8                       TTW_lep2_eta_bin3    1.41996   
ch8                       TTW_ooa              1.03245   
ch8                       TTZ                  1.11026   
ch8                       VVV                  1.27101   
ch8                       WZ                   1.01432   
ch8                       ZZ                   1.27770   
ch8                       data_fakes           1.06389   
ch8                       data_flips           1.02648   
ch8                       tHW                  1.02544   
ch8                       tHq                  1.02522   
ch8                       tZq                  1.08161   
ch8                       ttH                  1.02882   
ch8                       ttVV                 1.02825   
ch9                       Rares                1.48781   
ch9                       TTW_lep2_eta_bin0    1.12053   
ch9                       TTW_lep2_eta_bin1    1.43313   
ch9                       TTW_lep2_eta_bin2    1.38675   
ch9                       TTW_lep2_eta_bin3    1.38021   
ch9                       TTW_ooa              0.99905   
ch9                       TTZ                  1.08961   
ch9                       VVV                  1.21949   
ch9                       WZ                   1.02261   
ch9                       ZZ                   0.96482   
ch9                       data_fakes           1.02029   
ch9                       tHW                  0.99673   
ch9                       tHq                  0.98295   
ch9                       tZq                  1.10138   
ch9                       ttH                  1.00419   
ch9                       ttVV                 1.00237   
