WARNING: the default behaviour of PostFitShapesFromWorkspace is to use the covariance matrix sampling method for the post-fit uncertainty. The option --sampling is deprecated and will be removed in future versions of CombineHarvester
[SetFlag] Changing value of flag "workspaces-use-clone" from 0 to 1
[#1] INFO:ObjectHandling -- RooWorkspace::import(w) importing dataset ch1
[#1] INFO:ObjectHandling -- RooWorkspace::import(w) importing dataset ch10
[#1] INFO:ObjectHandling -- RooWorkspace::import(w) importing dataset ch11
[#1] INFO:ObjectHandling -- RooWorkspace::import(w) importing dataset ch12
[#1] INFO:ObjectHandling -- RooWorkspace::import(w) importing dataset ch2
[#1] INFO:ObjectHandling -- RooWorkspace::import(w) importing dataset ch3
[#1] INFO:ObjectHandling -- RooWorkspace::import(w) importing dataset ch4
[#1] INFO:ObjectHandling -- RooWorkspace::import(w) importing dataset ch5
[#1] INFO:ObjectHandling -- RooWorkspace::import(w) importing dataset ch6
[#1] INFO:ObjectHandling -- RooWorkspace::import(w) importing dataset ch7
[#1] INFO:ObjectHandling -- RooWorkspace::import(w) importing dataset ch8
[#1] INFO:ObjectHandling -- RooWorkspace::import(w) importing dataset ch9
[SetFlag] Changing value of flag "workspaces-use-clone" from 0 to 1
>> Doing prefit: TotalBkg
>> Doing prefit: TotalSig
>> Doing prefit: TotalProcs
>> Doing prefit: ch1,Convs
>> Doing prefit: ch1,Rares
>> Doing prefit: ch1,TTW_mindr_lep1_jet25_bin0
>> Doing prefit: ch1,TTW_mindr_lep1_jet25_bin1
>> Doing prefit: ch1,TTW_mindr_lep1_jet25_bin2
>> Doing prefit: ch1,TTW_mindr_lep1_jet25_bin3
>> Doing prefit: ch1,TTW_ooa
>> Doing prefit: ch1,TTZ
>> Doing prefit: ch1,VVV
>> Doing prefit: ch1,WZ
>> Doing prefit: ch1,ZZ
>> Doing prefit: ch1,data_fakes
>> Doing prefit: ch1,data_flips
>> Doing prefit: ch1,tHW
>> Doing prefit: ch1,tHq
>> Doing prefit: ch1,tZq
>> Doing prefit: ch1,ttH
>> Doing prefit: ch1,ttVV
>> Doing prefit: ch1,TotalBkg
>> Doing prefit: ch1,TotalSig
>> Doing prefit: ch1,TotalProcs
>> Doing prefit: ch10,Convs
>> Doing prefit: ch10,Rares
>> Doing prefit: ch10,TTW_mindr_lep1_jet25_bin0
>> Doing prefit: ch10,TTW_mindr_lep1_jet25_bin1
>> Doing prefit: ch10,TTW_mindr_lep1_jet25_bin2
>> Doing prefit: ch10,TTW_mindr_lep1_jet25_bin3
>> Doing prefit: ch10,TTW_ooa
>> Doing prefit: ch10,TTZ
>> Doing prefit: ch10,VVV
>> Doing prefit: ch10,WZ
>> Doing prefit: ch10,ZZ
>> Doing prefit: ch10,data_fakes
>> Doing prefit: ch10,data_flips
>> Doing prefit: ch10,tHW
>> Doing prefit: ch10,tHq
>> Doing prefit: ch10,tZq
>> Doing prefit: ch10,ttH
>> Doing prefit: ch10,ttVV
>> Doing prefit: ch10,TotalBkg
>> Doing prefit: ch10,TotalSig
>> Doing prefit: ch10,TotalProcs
>> Doing prefit: ch11,Rares
>> Doing prefit: ch11,TTW_mindr_lep1_jet25_bin0
>> Doing prefit: ch11,TTW_mindr_lep1_jet25_bin1
>> Doing prefit: ch11,TTW_mindr_lep1_jet25_bin2
>> Doing prefit: ch11,TTW_mindr_lep1_jet25_bin3
>> Doing prefit: ch11,TTW_ooa
>> Doing prefit: ch11,TTZ
>> Doing prefit: ch11,VVV
>> Doing prefit: ch11,WZ
>> Doing prefit: ch11,ZZ
>> Doing prefit: ch11,data_fakes
>> Doing prefit: ch11,tHW
>> Doing prefit: ch11,tHq
>> Doing prefit: ch11,tZq
>> Doing prefit: ch11,ttH
>> Doing prefit: ch11,ttVV
>> Doing prefit: ch11,TotalBkg
>> Doing prefit: ch11,TotalSig
>> Doing prefit: ch11,TotalProcs
>> Doing prefit: ch12,Convs
>> Doing prefit: ch12,Rares
>> Doing prefit: ch12,TTW_mindr_lep1_jet25_bin0
>> Doing prefit: ch12,TTW_mindr_lep1_jet25_bin1
>> Doing prefit: ch12,TTW_mindr_lep1_jet25_bin2
>> Doing prefit: ch12,TTW_mindr_lep1_jet25_bin3
>> Doing prefit: ch12,TTW_ooa
>> Doing prefit: ch12,TTZ
>> Doing prefit: ch12,VVV
>> Doing prefit: ch12,WZ
>> Doing prefit: ch12,ZZ
>> Doing prefit: ch12,data_fakes
>> Doing prefit: ch12,data_flips
>> Doing prefit: ch12,tHW
>> Doing prefit: ch12,tHq
>> Doing prefit: ch12,tZq
>> Doing prefit: ch12,ttH
>> Doing prefit: ch12,ttVV
>> Doing prefit: ch12,TotalBkg
>> Doing prefit: ch12,TotalSig
>> Doing prefit: ch12,TotalProcs
>> Doing prefit: ch2,Convs
>> Doing prefit: ch2,Rares
>> Doing prefit: ch2,TTW_mindr_lep1_jet25_bin0
>> Doing prefit: ch2,TTW_mindr_lep1_jet25_bin1
>> Doing prefit: ch2,TTW_mindr_lep1_jet25_bin2
>> Doing prefit: ch2,TTW_mindr_lep1_jet25_bin3
>> Doing prefit: ch2,TTW_ooa
>> Doing prefit: ch2,TTZ
>> Doing prefit: ch2,VVV
>> Doing prefit: ch2,WZ
>> Doing prefit: ch2,ZZ
>> Doing prefit: ch2,data_fakes
>> Doing prefit: ch2,data_flips
>> Doing prefit: ch2,tHW
>> Doing prefit: ch2,tHq
>> Doing prefit: ch2,tZq
>> Doing prefit: ch2,ttH
>> Doing prefit: ch2,ttVV
>> Doing prefit: ch2,TotalBkg
>> Doing prefit: ch2,TotalSig
>> Doing prefit: ch2,TotalProcs
>> Doing prefit: ch3,Rares
>> Doing prefit: ch3,TTW_mindr_lep1_jet25_bin0
>> Doing prefit: ch3,TTW_mindr_lep1_jet25_bin1
>> Doing prefit: ch3,TTW_mindr_lep1_jet25_bin2
>> Doing prefit: ch3,TTW_mindr_lep1_jet25_bin3
>> Doing prefit: ch3,TTW_ooa
>> Doing prefit: ch3,TTZ
>> Doing prefit: ch3,VVV
>> Doing prefit: ch3,WZ
>> Doing prefit: ch3,ZZ
>> Doing prefit: ch3,data_fakes
>> Doing prefit: ch3,tHW
>> Doing prefit: ch3,tHq
>> Doing prefit: ch3,tZq
>> Doing prefit: ch3,ttH
>> Doing prefit: ch3,ttVV
>> Doing prefit: ch3,TotalBkg
>> Doing prefit: ch3,TotalSig
>> Doing prefit: ch3,TotalProcs
>> Doing prefit: ch4,Convs
>> Doing prefit: ch4,Rares
>> Doing prefit: ch4,TTW_mindr_lep1_jet25_bin0
>> Doing prefit: ch4,TTW_mindr_lep1_jet25_bin1
>> Doing prefit: ch4,TTW_mindr_lep1_jet25_bin2
>> Doing prefit: ch4,TTW_mindr_lep1_jet25_bin3
>> Doing prefit: ch4,TTW_ooa
>> Doing prefit: ch4,TTZ
>> Doing prefit: ch4,VVV
>> Doing prefit: ch4,WZ
>> Doing prefit: ch4,ZZ
>> Doing prefit: ch4,data_fakes
>> Doing prefit: ch4,data_flips
>> Doing prefit: ch4,tHW
>> Doing prefit: ch4,tHq
>> Doing prefit: ch4,tZq
>> Doing prefit: ch4,ttH
>> Doing prefit: ch4,ttVV
>> Doing prefit: ch4,TotalBkg
>> Doing prefit: ch4,TotalSig
>> Doing prefit: ch4,TotalProcs
>> Doing prefit: ch5,Rares
>> Doing prefit: ch5,TTW_mindr_lep1_jet25_bin0
>> Doing prefit: ch5,TTW_mindr_lep1_jet25_bin1
>> Doing prefit: ch5,TTW_mindr_lep1_jet25_bin2
>> Doing prefit: ch5,TTW_mindr_lep1_jet25_bin3
>> Doing prefit: ch5,TTW_ooa
>> Doing prefit: ch5,TTZ
>> Doing prefit: ch5,VVV
>> Doing prefit: ch5,WZ
>> Doing prefit: ch5,ZZ
>> Doing prefit: ch5,data_fakes
>> Doing prefit: ch5,tHW
>> Doing prefit: ch5,tHq
>> Doing prefit: ch5,tZq
>> Doing prefit: ch5,ttH
>> Doing prefit: ch5,ttVV
>> Doing prefit: ch5,TotalBkg
>> Doing prefit: ch5,TotalSig
>> Doing prefit: ch5,TotalProcs
>> Doing prefit: ch6,Convs
>> Doing prefit: ch6,Rares
>> Doing prefit: ch6,TTW_mindr_lep1_jet25_bin0
>> Doing prefit: ch6,TTW_mindr_lep1_jet25_bin1
>> Doing prefit: ch6,TTW_mindr_lep1_jet25_bin2
>> Doing prefit: ch6,TTW_mindr_lep1_jet25_bin3
>> Doing prefit: ch6,TTW_ooa
>> Doing prefit: ch6,TTZ
>> Doing prefit: ch6,VVV
>> Doing prefit: ch6,WZ
>> Doing prefit: ch6,ZZ
>> Doing prefit: ch6,data_fakes
>> Doing prefit: ch6,data_flips
>> Doing prefit: ch6,tHW
>> Doing prefit: ch6,tHq
>> Doing prefit: ch6,tZq
>> Doing prefit: ch6,ttH
>> Doing prefit: ch6,ttVV
>> Doing prefit: ch6,TotalBkg
>> Doing prefit: ch6,TotalSig
>> Doing prefit: ch6,TotalProcs
>> Doing prefit: ch7,Convs
>> Doing prefit: ch7,Rares
>> Doing prefit: ch7,TTW_mindr_lep1_jet25_bin0
>> Doing prefit: ch7,TTW_mindr_lep1_jet25_bin1
>> Doing prefit: ch7,TTW_mindr_lep1_jet25_bin2
>> Doing prefit: ch7,TTW_mindr_lep1_jet25_bin3
>> Doing prefit: ch7,TTW_ooa
>> Doing prefit: ch7,TTZ
>> Doing prefit: ch7,VVV
>> Doing prefit: ch7,WZ
>> Doing prefit: ch7,ZZ
>> Doing prefit: ch7,data_fakes
>> Doing prefit: ch7,data_flips
>> Doing prefit: ch7,tHW
>> Doing prefit: ch7,tHq
>> Doing prefit: ch7,tZq
>> Doing prefit: ch7,ttH
>> Doing prefit: ch7,ttVV
>> Doing prefit: ch7,TotalBkg
>> Doing prefit: ch7,TotalSig
>> Doing prefit: ch7,TotalProcs
>> Doing prefit: ch8,Rares
>> Doing prefit: ch8,TTW_mindr_lep1_jet25_bin0
>> Doing prefit: ch8,TTW_mindr_lep1_jet25_bin1
>> Doing prefit: ch8,TTW_mindr_lep1_jet25_bin2
>> Doing prefit: ch8,TTW_mindr_lep1_jet25_bin3
>> Doing prefit: ch8,TTW_ooa
>> Doing prefit: ch8,TTZ
>> Doing prefit: ch8,VVV
>> Doing prefit: ch8,WZ
>> Doing prefit: ch8,ZZ
>> Doing prefit: ch8,data_fakes
>> Doing prefit: ch8,tHW
>> Doing prefit: ch8,tHq
>> Doing prefit: ch8,tZq
>> Doing prefit: ch8,ttH
>> Doing prefit: ch8,ttVV
>> Doing prefit: ch8,TotalBkg
>> Doing prefit: ch8,TotalSig
>> Doing prefit: ch8,TotalProcs
>> Doing prefit: ch9,Convs
>> Doing prefit: ch9,Rares
>> Doing prefit: ch9,TTW_mindr_lep1_jet25_bin0
>> Doing prefit: ch9,TTW_mindr_lep1_jet25_bin1
>> Doing prefit: ch9,TTW_mindr_lep1_jet25_bin2
>> Doing prefit: ch9,TTW_mindr_lep1_jet25_bin3
>> Doing prefit: ch9,TTW_ooa
>> Doing prefit: ch9,TTZ
>> Doing prefit: ch9,VVV
>> Doing prefit: ch9,WZ
>> Doing prefit: ch9,ZZ
>> Doing prefit: ch9,data_fakes
>> Doing prefit: ch9,data_flips
>> Doing prefit: ch9,tHW
>> Doing prefit: ch9,tHq
>> Doing prefit: ch9,tZq
>> Doing prefit: ch9,ttH
>> Doing prefit: ch9,ttVV
>> Doing prefit: ch9,TotalBkg
>> Doing prefit: ch9,TotalSig
>> Doing prefit: ch9,TotalProcs
Bin                       Total relative bkg uncert. (prefit)
----------------------------------------------------------
ch1                       0.13350   
ch10                      0.10715   
ch11                      0.14589   
ch12                      0.11565   
ch2                       0.11907   
ch3                       0.14522   
ch4                       0.18531   
ch5                       0.15275   
ch6                       0.14058   
ch7                       0.12488   
ch8                       0.15618   
ch9                       0.16273   
>> Doing postfit: TotalBkg
>> Doing postfit: TotalSig
>> Doing postfit: TotalProcs
>> Doing postfit: ch1,Convs
>> Doing postfit: ch1,Rares
>> Doing postfit: ch1,TTW_mindr_lep1_jet25_bin0
>> Doing postfit: ch1,TTW_mindr_lep1_jet25_bin1
>> Doing postfit: ch1,TTW_mindr_lep1_jet25_bin2
>> Doing postfit: ch1,TTW_mindr_lep1_jet25_bin3
>> Doing postfit: ch1,TTW_ooa
>> Doing postfit: ch1,TTZ
>> Doing postfit: ch1,VVV
>> Doing postfit: ch1,WZ
>> Doing postfit: ch1,ZZ
>> Doing postfit: ch1,data_fakes
>> Doing postfit: ch1,data_flips
>> Doing postfit: ch1,tHW
>> Doing postfit: ch1,tHq
>> Doing postfit: ch1,tZq
>> Doing postfit: ch1,ttH
>> Doing postfit: ch1,ttVV
>> Doing postfit: ch1,TotalBkg
>> Doing postfit: ch1,TotalSig
>> Doing postfit: ch1,TotalProcs
>> Doing postfit: ch10,Convs
>> Doing postfit: ch10,Rares
>> Doing postfit: ch10,TTW_mindr_lep1_jet25_bin0
>> Doing postfit: ch10,TTW_mindr_lep1_jet25_bin1
>> Doing postfit: ch10,TTW_mindr_lep1_jet25_bin2
>> Doing postfit: ch10,TTW_mindr_lep1_jet25_bin3
>> Doing postfit: ch10,TTW_ooa
>> Doing postfit: ch10,TTZ
>> Doing postfit: ch10,VVV
>> Doing postfit: ch10,WZ
>> Doing postfit: ch10,ZZ
>> Doing postfit: ch10,data_fakes
>> Doing postfit: ch10,data_flips
>> Doing postfit: ch10,tHW
>> Doing postfit: ch10,tHq
>> Doing postfit: ch10,tZq
>> Doing postfit: ch10,ttH
>> Doing postfit: ch10,ttVV
>> Doing postfit: ch10,TotalBkg
>> Doing postfit: ch10,TotalSig
>> Doing postfit: ch10,TotalProcs
>> Doing postfit: ch11,Rares
>> Doing postfit: ch11,TTW_mindr_lep1_jet25_bin0
>> Doing postfit: ch11,TTW_mindr_lep1_jet25_bin1
>> Doing postfit: ch11,TTW_mindr_lep1_jet25_bin2
>> Doing postfit: ch11,TTW_mindr_lep1_jet25_bin3
>> Doing postfit: ch11,TTW_ooa
>> Doing postfit: ch11,TTZ
>> Doing postfit: ch11,VVV
>> Doing postfit: ch11,WZ
>> Doing postfit: ch11,ZZ
>> Doing postfit: ch11,data_fakes
>> Doing postfit: ch11,tHW
>> Doing postfit: ch11,tHq
>> Doing postfit: ch11,tZq
>> Doing postfit: ch11,ttH
>> Doing postfit: ch11,ttVV
>> Doing postfit: ch11,TotalBkg
>> Doing postfit: ch11,TotalSig
>> Doing postfit: ch11,TotalProcs
>> Doing postfit: ch12,Convs
>> Doing postfit: ch12,Rares
>> Doing postfit: ch12,TTW_mindr_lep1_jet25_bin0
>> Doing postfit: ch12,TTW_mindr_lep1_jet25_bin1
>> Doing postfit: ch12,TTW_mindr_lep1_jet25_bin2
>> Doing postfit: ch12,TTW_mindr_lep1_jet25_bin3
>> Doing postfit: ch12,TTW_ooa
>> Doing postfit: ch12,TTZ
>> Doing postfit: ch12,VVV
>> Doing postfit: ch12,WZ
>> Doing postfit: ch12,ZZ
>> Doing postfit: ch12,data_fakes
>> Doing postfit: ch12,data_flips
>> Doing postfit: ch12,tHW
>> Doing postfit: ch12,tHq
>> Doing postfit: ch12,tZq
>> Doing postfit: ch12,ttH
>> Doing postfit: ch12,ttVV
>> Doing postfit: ch12,TotalBkg
>> Doing postfit: ch12,TotalSig
>> Doing postfit: ch12,TotalProcs
>> Doing postfit: ch2,Convs
>> Doing postfit: ch2,Rares
>> Doing postfit: ch2,TTW_mindr_lep1_jet25_bin0
>> Doing postfit: ch2,TTW_mindr_lep1_jet25_bin1
>> Doing postfit: ch2,TTW_mindr_lep1_jet25_bin2
>> Doing postfit: ch2,TTW_mindr_lep1_jet25_bin3
>> Doing postfit: ch2,TTW_ooa
>> Doing postfit: ch2,TTZ
>> Doing postfit: ch2,VVV
>> Doing postfit: ch2,WZ
>> Doing postfit: ch2,ZZ
>> Doing postfit: ch2,data_fakes
>> Doing postfit: ch2,data_flips
>> Doing postfit: ch2,tHW
>> Doing postfit: ch2,tHq
>> Doing postfit: ch2,tZq
>> Doing postfit: ch2,ttH
>> Doing postfit: ch2,ttVV
>> Doing postfit: ch2,TotalBkg
>> Doing postfit: ch2,TotalSig
>> Doing postfit: ch2,TotalProcs
>> Doing postfit: ch3,Rares
>> Doing postfit: ch3,TTW_mindr_lep1_jet25_bin0
>> Doing postfit: ch3,TTW_mindr_lep1_jet25_bin1
>> Doing postfit: ch3,TTW_mindr_lep1_jet25_bin2
>> Doing postfit: ch3,TTW_mindr_lep1_jet25_bin3
>> Doing postfit: ch3,TTW_ooa
>> Doing postfit: ch3,TTZ
>> Doing postfit: ch3,VVV
>> Doing postfit: ch3,WZ
>> Doing postfit: ch3,ZZ
>> Doing postfit: ch3,data_fakes
>> Doing postfit: ch3,tHW
>> Doing postfit: ch3,tHq
>> Doing postfit: ch3,tZq
>> Doing postfit: ch3,ttH
>> Doing postfit: ch3,ttVV
>> Doing postfit: ch3,TotalBkg
>> Doing postfit: ch3,TotalSig
>> Doing postfit: ch3,TotalProcs
>> Doing postfit: ch4,Convs
>> Doing postfit: ch4,Rares
>> Doing postfit: ch4,TTW_mindr_lep1_jet25_bin0
>> Doing postfit: ch4,TTW_mindr_lep1_jet25_bin1
>> Doing postfit: ch4,TTW_mindr_lep1_jet25_bin2
>> Doing postfit: ch4,TTW_mindr_lep1_jet25_bin3
>> Doing postfit: ch4,TTW_ooa
>> Doing postfit: ch4,TTZ
>> Doing postfit: ch4,VVV
>> Doing postfit: ch4,WZ
>> Doing postfit: ch4,ZZ
>> Doing postfit: ch4,data_fakes
>> Doing postfit: ch4,data_flips
>> Doing postfit: ch4,tHW
>> Doing postfit: ch4,tHq
>> Doing postfit: ch4,tZq
>> Doing postfit: ch4,ttH
>> Doing postfit: ch4,ttVV
>> Doing postfit: ch4,TotalBkg
>> Doing postfit: ch4,TotalSig
>> Doing postfit: ch4,TotalProcs
>> Doing postfit: ch5,Rares
>> Doing postfit: ch5,TTW_mindr_lep1_jet25_bin0
>> Doing postfit: ch5,TTW_mindr_lep1_jet25_bin1
>> Doing postfit: ch5,TTW_mindr_lep1_jet25_bin2
>> Doing postfit: ch5,TTW_mindr_lep1_jet25_bin3
>> Doing postfit: ch5,TTW_ooa
>> Doing postfit: ch5,TTZ
>> Doing postfit: ch5,VVV
>> Doing postfit: ch5,WZ
>> Doing postfit: ch5,ZZ
>> Doing postfit: ch5,data_fakes
>> Doing postfit: ch5,tHW
>> Doing postfit: ch5,tHq
>> Doing postfit: ch5,tZq
>> Doing postfit: ch5,ttH
>> Doing postfit: ch5,ttVV
>> Doing postfit: ch5,TotalBkg
>> Doing postfit: ch5,TotalSig
>> Doing postfit: ch5,TotalProcs
>> Doing postfit: ch6,Convs
>> Doing postfit: ch6,Rares
>> Doing postfit: ch6,TTW_mindr_lep1_jet25_bin0
>> Doing postfit: ch6,TTW_mindr_lep1_jet25_bin1
>> Doing postfit: ch6,TTW_mindr_lep1_jet25_bin2
>> Doing postfit: ch6,TTW_mindr_lep1_jet25_bin3
>> Doing postfit: ch6,TTW_ooa
>> Doing postfit: ch6,TTZ
>> Doing postfit: ch6,VVV
>> Doing postfit: ch6,WZ
>> Doing postfit: ch6,ZZ
>> Doing postfit: ch6,data_fakes
>> Doing postfit: ch6,data_flips
>> Doing postfit: ch6,tHW
>> Doing postfit: ch6,tHq
>> Doing postfit: ch6,tZq
>> Doing postfit: ch6,ttH
>> Doing postfit: ch6,ttVV
>> Doing postfit: ch6,TotalBkg
>> Doing postfit: ch6,TotalSig
>> Doing postfit: ch6,TotalProcs
>> Doing postfit: ch7,Convs
>> Doing postfit: ch7,Rares
>> Doing postfit: ch7,TTW_mindr_lep1_jet25_bin0
>> Doing postfit: ch7,TTW_mindr_lep1_jet25_bin1
>> Doing postfit: ch7,TTW_mindr_lep1_jet25_bin2
>> Doing postfit: ch7,TTW_mindr_lep1_jet25_bin3
>> Doing postfit: ch7,TTW_ooa
>> Doing postfit: ch7,TTZ
>> Doing postfit: ch7,VVV
>> Doing postfit: ch7,WZ
>> Doing postfit: ch7,ZZ
>> Doing postfit: ch7,data_fakes
>> Doing postfit: ch7,data_flips
>> Doing postfit: ch7,tHW
>> Doing postfit: ch7,tHq
>> Doing postfit: ch7,tZq
>> Doing postfit: ch7,ttH
>> Doing postfit: ch7,ttVV
>> Doing postfit: ch7,TotalBkg
>> Doing postfit: ch7,TotalSig
>> Doing postfit: ch7,TotalProcs
>> Doing postfit: ch8,Rares
>> Doing postfit: ch8,TTW_mindr_lep1_jet25_bin0
>> Doing postfit: ch8,TTW_mindr_lep1_jet25_bin1
>> Doing postfit: ch8,TTW_mindr_lep1_jet25_bin2
>> Doing postfit: ch8,TTW_mindr_lep1_jet25_bin3
>> Doing postfit: ch8,TTW_ooa
>> Doing postfit: ch8,TTZ
>> Doing postfit: ch8,VVV
>> Doing postfit: ch8,WZ
>> Doing postfit: ch8,ZZ
>> Doing postfit: ch8,data_fakes
>> Doing postfit: ch8,tHW
>> Doing postfit: ch8,tHq
>> Doing postfit: ch8,tZq
>> Doing postfit: ch8,ttH
>> Doing postfit: ch8,ttVV
>> Doing postfit: ch8,TotalBkg
>> Doing postfit: ch8,TotalSig
>> Doing postfit: ch8,TotalProcs
>> Doing postfit: ch9,Convs
>> Doing postfit: ch9,Rares
>> Doing postfit: ch9,TTW_mindr_lep1_jet25_bin0
>> Doing postfit: ch9,TTW_mindr_lep1_jet25_bin1
>> Doing postfit: ch9,TTW_mindr_lep1_jet25_bin2
>> Doing postfit: ch9,TTW_mindr_lep1_jet25_bin3
>> Doing postfit: ch9,TTW_ooa
>> Doing postfit: ch9,TTZ
>> Doing postfit: ch9,VVV
>> Doing postfit: ch9,WZ
>> Doing postfit: ch9,ZZ
>> Doing postfit: ch9,data_fakes
>> Doing postfit: ch9,data_flips
>> Doing postfit: ch9,tHW
>> Doing postfit: ch9,tHq
>> Doing postfit: ch9,tZq
>> Doing postfit: ch9,ttH
>> Doing postfit: ch9,ttVV
>> Doing postfit: ch9,TotalBkg
>> Doing postfit: ch9,TotalSig
>> Doing postfit: ch9,TotalProcs

Bin                       Total relative bkg uncert. (postfit)
----------------------------------------------------------
ch1                       0.08731   
ch10                      0.06956   
ch11                      0.07258   
ch12                      0.07496   
ch2                       0.07796   
ch3                       0.08812   
ch4                       0.11505   
ch5                       0.50121   
ch6                       0.08408   
ch7                       0.08389   
ch8                       0.09258   
ch9                       0.09357   

Bin                       Process              Scale factor
----------------------------------------------------------
ch1                       Convs                1.14721   
ch1                       Rares                1.02867   
ch1                       TTW_mindr_lep1_jet25_bin0 1.24667   
ch1                       TTW_mindr_lep1_jet25_bin1 1.14230   
ch1                       TTW_mindr_lep1_jet25_bin2 1.51655   
ch1                       TTW_mindr_lep1_jet25_bin3 1.70613   
ch1                       TTW_ooa              1.03762   
ch1                       TTZ                  1.13213   
ch1                       VVV                  1.31084   
ch1                       WZ                   1.03661   
ch1                       ZZ                   1.35342   
ch1                       data_fakes           1.48546   
ch1                       data_flips           0.93213   
ch1                       tHW                  1.04510   
ch1                       tHq                  1.05076   
ch1                       tZq                  1.22860   
ch1                       ttH                  1.04451   
ch1                       ttVV                 1.07214   
ch10                      Convs                1.13568   
ch10                      Rares                0.99551   
ch10                      TTW_mindr_lep1_jet25_bin0 1.14117   
ch10                      TTW_mindr_lep1_jet25_bin1 1.15696   
ch10                      TTW_mindr_lep1_jet25_bin2 1.51582   
ch10                      TTW_mindr_lep1_jet25_bin3 1.80685   
ch10                      TTW_ooa              0.97255   
ch10                      TTZ                  1.10383   
ch10                      VVV                  1.20815   
ch10                      WZ                   0.97637   
ch10                      ZZ                   1.34496   
ch10                      data_fakes           1.18402   
ch10                      data_flips           0.93162   
ch10                      tHW                  1.00856   
ch10                      tHq                  0.99803   
ch10                      tZq                  1.07455   
ch10                      ttH                  1.01228   
ch10                      ttVV                 1.02624   
ch11                      Rares                1.02701   
ch11                      TTW_mindr_lep1_jet25_bin0 1.11307   
ch11                      TTW_mindr_lep1_jet25_bin1 1.10524   
ch11                      TTW_mindr_lep1_jet25_bin2 1.47049   
ch11                      TTW_mindr_lep1_jet25_bin3 1.79582   
ch11                      TTW_ooa              0.96464   
ch11                      TTZ                  1.16740   
ch11                      VVV                  1.19923   
ch11                      WZ                   0.98024   
ch11                      ZZ                   1.15202   
ch11                      data_fakes           1.00763   
ch11                      tHW                  0.98039   
ch11                      tHq                  0.97434   
ch11                      tZq                  1.03625   
ch11                      ttH                  0.96854   
ch11                      ttVV                 0.99681   
ch12                      Convs                1.10957   
ch12                      Rares                1.07370   
ch12                      TTW_mindr_lep1_jet25_bin0 1.16737   
ch12                      TTW_mindr_lep1_jet25_bin1 1.17896   
ch12                      TTW_mindr_lep1_jet25_bin2 1.56057   
ch12                      TTW_mindr_lep1_jet25_bin3 1.82757   
ch12                      TTW_ooa              1.08760   
ch12                      TTZ                  1.11690   
ch12                      VVV                  1.42656   
ch12                      WZ                   1.18458   
ch12                      ZZ                   1.54619   
ch12                      data_fakes           1.27171   
ch12                      data_flips           0.93175   
ch12                      tHW                  1.05590   
ch12                      tHq                  1.04477   
ch12                      tZq                  1.23293   
ch12                      ttH                  1.00055   
ch12                      ttVV                 1.04966   
ch2                       Convs                1.12657   
ch2                       Rares                1.07628   
ch2                       TTW_mindr_lep1_jet25_bin0 1.13660   
ch2                       TTW_mindr_lep1_jet25_bin1 1.13431   
ch2                       TTW_mindr_lep1_jet25_bin2 1.54964   
ch2                       TTW_mindr_lep1_jet25_bin3 1.79431   
ch2                       TTW_ooa              1.03212   
ch2                       TTZ                  1.27048   
ch2                       VVV                  1.23038   
ch2                       WZ                   0.99082   
ch2                       ZZ                   1.29049   
ch2                       data_fakes           1.27078   
ch2                       data_flips           0.93182   
ch2                       tHW                  1.00327   
ch2                       tHq                  1.01281   
ch2                       tZq                  1.18831   
ch2                       ttH                  1.01123   
ch2                       ttVV                 1.03052   
ch3                       Rares                1.10734   
ch3                       TTW_mindr_lep1_jet25_bin0 1.14837   
ch3                       TTW_mindr_lep1_jet25_bin1 1.17341   
ch3                       TTW_mindr_lep1_jet25_bin2 1.45983   
ch3                       TTW_mindr_lep1_jet25_bin3 1.61196   
ch3                       TTW_ooa              0.95695   
ch3                       TTZ                  1.13183   
ch3                       VVV                  1.04850   
ch3                       WZ                   0.94528   
ch3                       ZZ                   1.33302   
ch3                       data_fakes           1.02198   
ch3                       tHW                  0.98359   
ch3                       tHq                  0.98939   
ch3                       tZq                  0.95344   
ch3                       ttH                  0.95465   
ch3                       ttVV                 1.00568   
ch4                       Convs                1.06558   
ch4                       Rares                1.08857   
ch4                       TTW_mindr_lep1_jet25_bin0 1.20811   
ch4                       TTW_mindr_lep1_jet25_bin1 1.21578   
ch4                       TTW_mindr_lep1_jet25_bin2 1.55485   
ch4                       TTW_mindr_lep1_jet25_bin3 1.88648   
ch4                       TTW_ooa              1.18497   
ch4                       TTZ                  0.99099   
ch4                       VVV                  1.41067   
ch4                       WZ                   1.21300   
ch4                       ZZ                   1.68863   
ch4                       data_fakes           1.92848   
ch4                       data_flips           0.93161   
ch4                       tHW                  1.08175   
ch4                       tHq                  1.08647   
ch4                       tZq                  1.37726   
ch4                       ttH                  0.95009   
ch4                       ttVV                 1.07520   
ch5                       Rares                1.06105   
ch5                       TTW_mindr_lep1_jet25_bin0 1.12996   
ch5                       TTW_mindr_lep1_jet25_bin1 1.10984   
ch5                       TTW_mindr_lep1_jet25_bin2 1.57267   
ch5                       TTW_mindr_lep1_jet25_bin3 1.82258   
ch5                       TTW_ooa              1.04141   
ch5                       TTZ                  1.21601   
ch5                       VVV                  2.61294   
ch5                       WZ                   1.12578   
ch5                       ZZ                   1.61036   
ch5                       data_fakes           1.00894   
ch5                       tHW                  1.02743   
ch5                       tHq                  1.03907   
ch5                       tZq                  1.03213   
ch5                       ttH                  1.06845   
ch5                       ttVV                 1.02247   
ch6                       Convs                1.05938   
ch6                       Rares                0.98879   
ch6                       TTW_mindr_lep1_jet25_bin0 1.26936   
ch6                       TTW_mindr_lep1_jet25_bin1 1.19564   
ch6                       TTW_mindr_lep1_jet25_bin2 1.64035   
ch6                       TTW_mindr_lep1_jet25_bin3 1.87150   
ch6                       TTW_ooa              1.08390   
ch6                       TTZ                  1.07412   
ch6                       VVV                  1.22954   
ch6                       WZ                   0.95279   
ch6                       ZZ                   1.27603   
ch6                       data_fakes           1.49013   
ch6                       data_flips           0.93135   
ch6                       tHW                  1.03536   
ch6                       tHq                  1.03218   
ch6                       tZq                  1.06628   
ch6                       ttH                  1.04127   
ch6                       ttVV                 1.06268   
ch7                       Convs                0.97356   
ch7                       Rares                1.01727   
ch7                       TTW_mindr_lep1_jet25_bin0 1.18251   
ch7                       TTW_mindr_lep1_jet25_bin1 1.16550   
ch7                       TTW_mindr_lep1_jet25_bin2 1.51817   
ch7                       TTW_mindr_lep1_jet25_bin3 1.80338   
ch7                       TTW_ooa              1.00462   
ch7                       TTZ                  1.16668   
ch7                       VVV                  1.21771   
ch7                       WZ                   0.98570   
ch7                       ZZ                   1.27779   
ch7                       data_fakes           1.17049   
ch7                       data_flips           0.93160   
ch7                       tHW                  1.02179   
ch7                       tHq                  1.01622   
ch7                       tZq                  1.03591   
ch7                       ttH                  0.99461   
ch7                       ttVV                 1.04071   
ch8                       Rares                0.95669   
ch8                       TTW_mindr_lep1_jet25_bin0 1.14892   
ch8                       TTW_mindr_lep1_jet25_bin1 1.15426   
ch8                       TTW_mindr_lep1_jet25_bin2 1.48226   
ch8                       TTW_mindr_lep1_jet25_bin3 1.70650   
ch8                       TTW_ooa              0.99287   
ch8                       TTZ                  1.19521   
ch8                       VVV                  1.20021   
ch8                       WZ                   0.99418   
ch8                       ZZ                   1.03959   
ch8                       data_fakes           1.01112   
ch8                       tHW                  0.99525   
ch8                       tHq                  0.98233   
ch8                       tZq                  1.08564   
ch8                       ttH                  1.00321   
ch8                       ttVV                 1.01688   
ch9                       Convs                1.05409   
ch9                       Rares                0.95974   
ch9                       TTW_mindr_lep1_jet25_bin0 1.18454   
ch9                       TTW_mindr_lep1_jet25_bin1 1.16842   
ch9                       TTW_mindr_lep1_jet25_bin2 1.50982   
ch9                       TTW_mindr_lep1_jet25_bin3 1.81487   
ch9                       TTW_ooa              1.09036   
ch9                       TTZ                  1.11185   
ch9                       VVV                  1.06398   
ch9                       WZ                   0.95929   
ch9                       ZZ                   1.33765   
ch9                       data_fakes           1.66426   
ch9                       data_flips           0.93198   
ch9                       tHW                  0.99183   
ch9                       tHq                  1.02888   
ch9                       tZq                  1.05884   
ch9                       ttH                  1.02394   
ch9                       ttVV                 1.04857   
