WARNING: the default behaviour of PostFitShapesFromWorkspace is to use the covariance matrix sampling method for the post-fit uncertainty. The option --sampling is deprecated and will be removed in future versions of CombineHarvester
[SetFlag] Changing value of flag "workspaces-use-clone" from 0 to 1
[#1] INFO:ObjectHandling -- RooWorkspace::import(w) importing dataset ch1
[#1] INFO:ObjectHandling -- RooWorkspace::import(w) importing dataset ch10
[#1] INFO:ObjectHandling -- RooWorkspace::import(w) importing dataset ch11
[#1] INFO:ObjectHandling -- RooWorkspace::import(w) importing dataset ch12
[#1] INFO:ObjectHandling -- RooWorkspace::import(w) importing dataset ch2
[#1] INFO:ObjectHandling -- RooWorkspace::import(w) importing dataset ch3
[#1] INFO:ObjectHandling -- RooWorkspace::import(w) importing dataset ch4
[#1] INFO:ObjectHandling -- RooWorkspace::import(w) importing dataset ch5
[#1] INFO:ObjectHandling -- RooWorkspace::import(w) importing dataset ch6
[#1] INFO:ObjectHandling -- RooWorkspace::import(w) importing dataset ch7
[#1] INFO:ObjectHandling -- RooWorkspace::import(w) importing dataset ch8
[#1] INFO:ObjectHandling -- RooWorkspace::import(w) importing dataset ch9
[SetFlag] Changing value of flag "workspaces-use-clone" from 0 to 1
>> Doing prefit: TotalBkg
>> Doing prefit: TotalSig
>> Doing prefit: TotalProcs
>> Doing prefit: ch1,Convs
>> Doing prefit: ch1,Rares
>> Doing prefit: ch1,TTW_nbjets_medium_bin0
>> Doing prefit: ch1,TTW_nbjets_medium_bin1
>> Doing prefit: ch1,TTW_nbjets_medium_bin2
>> Doing prefit: ch1,TTW_ooa
>> Doing prefit: ch1,TTZ
>> Doing prefit: ch1,VVV
>> Doing prefit: ch1,WZ
>> Doing prefit: ch1,ZZ
>> Doing prefit: ch1,data_fakes
>> Doing prefit: ch1,data_flips
>> Doing prefit: ch1,tHW
>> Doing prefit: ch1,tHq
>> Doing prefit: ch1,tZq
>> Doing prefit: ch1,ttH
>> Doing prefit: ch1,ttVV
>> Doing prefit: ch1,TotalBkg
>> Doing prefit: ch1,TotalSig
>> Doing prefit: ch1,TotalProcs
>> Doing prefit: ch10,Convs
>> Doing prefit: ch10,Rares
>> Doing prefit: ch10,TTW_nbjets_medium_bin0
>> Doing prefit: ch10,TTW_nbjets_medium_bin1
>> Doing prefit: ch10,TTW_nbjets_medium_bin2
>> Doing prefit: ch10,TTW_ooa
>> Doing prefit: ch10,TTZ
>> Doing prefit: ch10,VVV
>> Doing prefit: ch10,WZ
>> Doing prefit: ch10,ZZ
>> Doing prefit: ch10,data_fakes
>> Doing prefit: ch10,data_flips
>> Doing prefit: ch10,tHW
>> Doing prefit: ch10,tHq
>> Doing prefit: ch10,tZq
>> Doing prefit: ch10,ttH
>> Doing prefit: ch10,ttVV
>> Doing prefit: ch10,TotalBkg
>> Doing prefit: ch10,TotalSig
>> Doing prefit: ch10,TotalProcs
>> Doing prefit: ch11,Convs
>> Doing prefit: ch11,Rares
>> Doing prefit: ch11,TTW_nbjets_medium_bin0
>> Doing prefit: ch11,TTW_nbjets_medium_bin1
>> Doing prefit: ch11,TTW_nbjets_medium_bin2
>> Doing prefit: ch11,TTW_ooa
>> Doing prefit: ch11,TTZ
>> Doing prefit: ch11,VVV
>> Doing prefit: ch11,WZ
>> Doing prefit: ch11,ZZ
>> Doing prefit: ch11,data_fakes
>> Doing prefit: ch11,data_flips
>> Doing prefit: ch11,tHW
>> Doing prefit: ch11,tHq
>> Doing prefit: ch11,tZq
>> Doing prefit: ch11,ttH
>> Doing prefit: ch11,ttVV
>> Doing prefit: ch11,TotalBkg
>> Doing prefit: ch11,TotalSig
>> Doing prefit: ch11,TotalProcs
>> Doing prefit: ch12,Rares
>> Doing prefit: ch12,TTW_nbjets_medium_bin0
>> Doing prefit: ch12,TTW_nbjets_medium_bin1
>> Doing prefit: ch12,TTW_nbjets_medium_bin2
>> Doing prefit: ch12,TTW_ooa
>> Doing prefit: ch12,TTZ
>> Doing prefit: ch12,VVV
>> Doing prefit: ch12,WZ
>> Doing prefit: ch12,ZZ
>> Doing prefit: ch12,data_fakes
>> Doing prefit: ch12,tHW
>> Doing prefit: ch12,tHq
>> Doing prefit: ch12,tZq
>> Doing prefit: ch12,ttH
>> Doing prefit: ch12,ttVV
>> Doing prefit: ch12,TotalBkg
>> Doing prefit: ch12,TotalSig
>> Doing prefit: ch12,TotalProcs
>> Doing prefit: ch2,Convs
>> Doing prefit: ch2,Rares
>> Doing prefit: ch2,TTW_nbjets_medium_bin0
>> Doing prefit: ch2,TTW_nbjets_medium_bin1
>> Doing prefit: ch2,TTW_nbjets_medium_bin2
>> Doing prefit: ch2,TTW_ooa
>> Doing prefit: ch2,TTZ
>> Doing prefit: ch2,VVV
>> Doing prefit: ch2,WZ
>> Doing prefit: ch2,ZZ
>> Doing prefit: ch2,data_fakes
>> Doing prefit: ch2,data_flips
>> Doing prefit: ch2,tHW
>> Doing prefit: ch2,tHq
>> Doing prefit: ch2,tZq
>> Doing prefit: ch2,ttH
>> Doing prefit: ch2,ttVV
>> Doing prefit: ch2,TotalBkg
>> Doing prefit: ch2,TotalSig
>> Doing prefit: ch2,TotalProcs
>> Doing prefit: ch3,Convs
>> Doing prefit: ch3,Rares
>> Doing prefit: ch3,TTW_nbjets_medium_bin0
>> Doing prefit: ch3,TTW_nbjets_medium_bin1
>> Doing prefit: ch3,TTW_nbjets_medium_bin2
>> Doing prefit: ch3,TTW_ooa
>> Doing prefit: ch3,TTZ
>> Doing prefit: ch3,VVV
>> Doing prefit: ch3,WZ
>> Doing prefit: ch3,ZZ
>> Doing prefit: ch3,data_fakes
>> Doing prefit: ch3,data_flips
>> Doing prefit: ch3,tHW
>> Doing prefit: ch3,tHq
>> Doing prefit: ch3,tZq
>> Doing prefit: ch3,ttH
>> Doing prefit: ch3,ttVV
>> Doing prefit: ch3,TotalBkg
>> Doing prefit: ch3,TotalSig
>> Doing prefit: ch3,TotalProcs
>> Doing prefit: ch4,Rares
>> Doing prefit: ch4,TTW_nbjets_medium_bin0
>> Doing prefit: ch4,TTW_nbjets_medium_bin1
>> Doing prefit: ch4,TTW_nbjets_medium_bin2
>> Doing prefit: ch4,TTW_ooa
>> Doing prefit: ch4,TTZ
>> Doing prefit: ch4,VVV
>> Doing prefit: ch4,WZ
>> Doing prefit: ch4,ZZ
>> Doing prefit: ch4,data_fakes
>> Doing prefit: ch4,tHW
>> Doing prefit: ch4,tHq
>> Doing prefit: ch4,tZq
>> Doing prefit: ch4,ttH
>> Doing prefit: ch4,ttVV
>> Doing prefit: ch4,TotalBkg
>> Doing prefit: ch4,TotalSig
>> Doing prefit: ch4,TotalProcs
>> Doing prefit: ch5,Convs
>> Doing prefit: ch5,Rares
>> Doing prefit: ch5,TTW_nbjets_medium_bin0
>> Doing prefit: ch5,TTW_nbjets_medium_bin1
>> Doing prefit: ch5,TTW_nbjets_medium_bin2
>> Doing prefit: ch5,TTW_ooa
>> Doing prefit: ch5,TTZ
>> Doing prefit: ch5,VVV
>> Doing prefit: ch5,WZ
>> Doing prefit: ch5,ZZ
>> Doing prefit: ch5,data_fakes
>> Doing prefit: ch5,data_flips
>> Doing prefit: ch5,tHW
>> Doing prefit: ch5,tHq
>> Doing prefit: ch5,tZq
>> Doing prefit: ch5,ttH
>> Doing prefit: ch5,ttVV
>> Doing prefit: ch5,TotalBkg
>> Doing prefit: ch5,TotalSig
>> Doing prefit: ch5,TotalProcs
>> Doing prefit: ch6,Rares
>> Doing prefit: ch6,TTW_nbjets_medium_bin0
>> Doing prefit: ch6,TTW_nbjets_medium_bin1
>> Doing prefit: ch6,TTW_nbjets_medium_bin2
>> Doing prefit: ch6,TTW_ooa
>> Doing prefit: ch6,TTZ
>> Doing prefit: ch6,VVV
>> Doing prefit: ch6,WZ
>> Doing prefit: ch6,ZZ
>> Doing prefit: ch6,data_fakes
>> Doing prefit: ch6,tHW
>> Doing prefit: ch6,tHq
>> Doing prefit: ch6,tZq
>> Doing prefit: ch6,ttH
>> Doing prefit: ch6,ttVV
>> Doing prefit: ch6,TotalBkg
>> Doing prefit: ch6,TotalSig
>> Doing prefit: ch6,TotalProcs
>> Doing prefit: ch7,Convs
>> Doing prefit: ch7,Rares
>> Doing prefit: ch7,TTW_nbjets_medium_bin0
>> Doing prefit: ch7,TTW_nbjets_medium_bin1
>> Doing prefit: ch7,TTW_nbjets_medium_bin2
>> Doing prefit: ch7,TTW_ooa
>> Doing prefit: ch7,TTZ
>> Doing prefit: ch7,VVV
>> Doing prefit: ch7,WZ
>> Doing prefit: ch7,ZZ
>> Doing prefit: ch7,data_fakes
>> Doing prefit: ch7,data_flips
>> Doing prefit: ch7,tHW
>> Doing prefit: ch7,tHq
>> Doing prefit: ch7,tZq
>> Doing prefit: ch7,ttH
>> Doing prefit: ch7,ttVV
>> Doing prefit: ch7,TotalBkg
>> Doing prefit: ch7,TotalSig
>> Doing prefit: ch7,TotalProcs
>> Doing prefit: ch8,Convs
>> Doing prefit: ch8,Rares
>> Doing prefit: ch8,TTW_nbjets_medium_bin0
>> Doing prefit: ch8,TTW_nbjets_medium_bin1
>> Doing prefit: ch8,TTW_nbjets_medium_bin2
>> Doing prefit: ch8,TTW_ooa
>> Doing prefit: ch8,TTZ
>> Doing prefit: ch8,VVV
>> Doing prefit: ch8,WZ
>> Doing prefit: ch8,ZZ
>> Doing prefit: ch8,data_fakes
>> Doing prefit: ch8,data_flips
>> Doing prefit: ch8,tHW
>> Doing prefit: ch8,tHq
>> Doing prefit: ch8,tZq
>> Doing prefit: ch8,ttH
>> Doing prefit: ch8,ttVV
>> Doing prefit: ch8,TotalBkg
>> Doing prefit: ch8,TotalSig
>> Doing prefit: ch8,TotalProcs
>> Doing prefit: ch9,Rares
>> Doing prefit: ch9,TTW_nbjets_medium_bin0
>> Doing prefit: ch9,TTW_nbjets_medium_bin1
>> Doing prefit: ch9,TTW_nbjets_medium_bin2
>> Doing prefit: ch9,TTW_ooa
>> Doing prefit: ch9,TTZ
>> Doing prefit: ch9,VVV
>> Doing prefit: ch9,WZ
>> Doing prefit: ch9,ZZ
>> Doing prefit: ch9,data_fakes
>> Doing prefit: ch9,tHW
>> Doing prefit: ch9,tHq
>> Doing prefit: ch9,tZq
>> Doing prefit: ch9,ttH
>> Doing prefit: ch9,ttVV
>> Doing prefit: ch9,TotalBkg
>> Doing prefit: ch9,TotalSig
>> Doing prefit: ch9,TotalProcs
Bin                       Total relative bkg uncert. (prefit)
----------------------------------------------------------
ch1                       0.21520   
ch10                      0.16437   
ch11                      0.10886   
ch12                      0.14588   
ch2                       0.13524   
ch3                       0.11935   
ch4                       0.14548   
ch5                       0.11566   
ch6                       0.15349   
ch7                       0.15183   
ch8                       0.12490   
ch9                       0.15632   
>> Doing postfit: TotalBkg
>> Doing postfit: TotalSig
>> Doing postfit: TotalProcs
>> Doing postfit: ch1,Convs
>> Doing postfit: ch1,Rares
>> Doing postfit: ch1,TTW_nbjets_medium_bin0
>> Doing postfit: ch1,TTW_nbjets_medium_bin1
>> Doing postfit: ch1,TTW_nbjets_medium_bin2
>> Doing postfit: ch1,TTW_ooa
>> Doing postfit: ch1,TTZ
>> Doing postfit: ch1,VVV
>> Doing postfit: ch1,WZ
>> Doing postfit: ch1,ZZ
>> Doing postfit: ch1,data_fakes
>> Doing postfit: ch1,data_flips
>> Doing postfit: ch1,tHW
>> Doing postfit: ch1,tHq
>> Doing postfit: ch1,tZq
>> Doing postfit: ch1,ttH
>> Doing postfit: ch1,ttVV
>> Doing postfit: ch1,TotalBkg
>> Doing postfit: ch1,TotalSig
>> Doing postfit: ch1,TotalProcs
>> Doing postfit: ch10,Convs
>> Doing postfit: ch10,Rares
>> Doing postfit: ch10,TTW_nbjets_medium_bin0
>> Doing postfit: ch10,TTW_nbjets_medium_bin1
>> Doing postfit: ch10,TTW_nbjets_medium_bin2
>> Doing postfit: ch10,TTW_ooa
>> Doing postfit: ch10,TTZ
>> Doing postfit: ch10,VVV
>> Doing postfit: ch10,WZ
>> Doing postfit: ch10,ZZ
>> Doing postfit: ch10,data_fakes
>> Doing postfit: ch10,data_flips
>> Doing postfit: ch10,tHW
>> Doing postfit: ch10,tHq
>> Doing postfit: ch10,tZq
>> Doing postfit: ch10,ttH
>> Doing postfit: ch10,ttVV
>> Doing postfit: ch10,TotalBkg
>> Doing postfit: ch10,TotalSig
>> Doing postfit: ch10,TotalProcs
>> Doing postfit: ch11,Convs
>> Doing postfit: ch11,Rares
>> Doing postfit: ch11,TTW_nbjets_medium_bin0
>> Doing postfit: ch11,TTW_nbjets_medium_bin1
>> Doing postfit: ch11,TTW_nbjets_medium_bin2
>> Doing postfit: ch11,TTW_ooa
>> Doing postfit: ch11,TTZ
>> Doing postfit: ch11,VVV
>> Doing postfit: ch11,WZ
>> Doing postfit: ch11,ZZ
>> Doing postfit: ch11,data_fakes
>> Doing postfit: ch11,data_flips
>> Doing postfit: ch11,tHW
>> Doing postfit: ch11,tHq
>> Doing postfit: ch11,tZq
>> Doing postfit: ch11,ttH
>> Doing postfit: ch11,ttVV
>> Doing postfit: ch11,TotalBkg
>> Doing postfit: ch11,TotalSig
>> Doing postfit: ch11,TotalProcs
>> Doing postfit: ch12,Rares
>> Doing postfit: ch12,TTW_nbjets_medium_bin0
>> Doing postfit: ch12,TTW_nbjets_medium_bin1
>> Doing postfit: ch12,TTW_nbjets_medium_bin2
>> Doing postfit: ch12,TTW_ooa
>> Doing postfit: ch12,TTZ
>> Doing postfit: ch12,VVV
>> Doing postfit: ch12,WZ
>> Doing postfit: ch12,ZZ
>> Doing postfit: ch12,data_fakes
>> Doing postfit: ch12,tHW
>> Doing postfit: ch12,tHq
>> Doing postfit: ch12,tZq
>> Doing postfit: ch12,ttH
>> Doing postfit: ch12,ttVV
>> Doing postfit: ch12,TotalBkg
>> Doing postfit: ch12,TotalSig
>> Doing postfit: ch12,TotalProcs
>> Doing postfit: ch2,Convs
>> Doing postfit: ch2,Rares
>> Doing postfit: ch2,TTW_nbjets_medium_bin0
>> Doing postfit: ch2,TTW_nbjets_medium_bin1
>> Doing postfit: ch2,TTW_nbjets_medium_bin2
>> Doing postfit: ch2,TTW_ooa
>> Doing postfit: ch2,TTZ
>> Doing postfit: ch2,VVV
>> Doing postfit: ch2,WZ
>> Doing postfit: ch2,ZZ
>> Doing postfit: ch2,data_fakes
>> Doing postfit: ch2,data_flips
>> Doing postfit: ch2,tHW
>> Doing postfit: ch2,tHq
>> Doing postfit: ch2,tZq
>> Doing postfit: ch2,ttH
>> Doing postfit: ch2,ttVV
>> Doing postfit: ch2,TotalBkg
>> Doing postfit: ch2,TotalSig
>> Doing postfit: ch2,TotalProcs
>> Doing postfit: ch3,Convs
>> Doing postfit: ch3,Rares
>> Doing postfit: ch3,TTW_nbjets_medium_bin0
>> Doing postfit: ch3,TTW_nbjets_medium_bin1
>> Doing postfit: ch3,TTW_nbjets_medium_bin2
>> Doing postfit: ch3,TTW_ooa
>> Doing postfit: ch3,TTZ
>> Doing postfit: ch3,VVV
>> Doing postfit: ch3,WZ
>> Doing postfit: ch3,ZZ
>> Doing postfit: ch3,data_fakes
>> Doing postfit: ch3,data_flips
>> Doing postfit: ch3,tHW
>> Doing postfit: ch3,tHq
>> Doing postfit: ch3,tZq
>> Doing postfit: ch3,ttH
>> Doing postfit: ch3,ttVV
>> Doing postfit: ch3,TotalBkg
>> Doing postfit: ch3,TotalSig
>> Doing postfit: ch3,TotalProcs
>> Doing postfit: ch4,Rares
>> Doing postfit: ch4,TTW_nbjets_medium_bin0
>> Doing postfit: ch4,TTW_nbjets_medium_bin1
>> Doing postfit: ch4,TTW_nbjets_medium_bin2
>> Doing postfit: ch4,TTW_ooa
>> Doing postfit: ch4,TTZ
>> Doing postfit: ch4,VVV
>> Doing postfit: ch4,WZ
>> Doing postfit: ch4,ZZ
>> Doing postfit: ch4,data_fakes
>> Doing postfit: ch4,tHW
>> Doing postfit: ch4,tHq
>> Doing postfit: ch4,tZq
>> Doing postfit: ch4,ttH
>> Doing postfit: ch4,ttVV
>> Doing postfit: ch4,TotalBkg
>> Doing postfit: ch4,TotalSig
>> Doing postfit: ch4,TotalProcs
>> Doing postfit: ch5,Convs
>> Doing postfit: ch5,Rares
>> Doing postfit: ch5,TTW_nbjets_medium_bin0
>> Doing postfit: ch5,TTW_nbjets_medium_bin1
>> Doing postfit: ch5,TTW_nbjets_medium_bin2
>> Doing postfit: ch5,TTW_ooa
>> Doing postfit: ch5,TTZ
>> Doing postfit: ch5,VVV
>> Doing postfit: ch5,WZ
>> Doing postfit: ch5,ZZ
>> Doing postfit: ch5,data_fakes
>> Doing postfit: ch5,data_flips
>> Doing postfit: ch5,tHW
>> Doing postfit: ch5,tHq
>> Doing postfit: ch5,tZq
>> Doing postfit: ch5,ttH
>> Doing postfit: ch5,ttVV
>> Doing postfit: ch5,TotalBkg
>> Doing postfit: ch5,TotalSig
>> Doing postfit: ch5,TotalProcs
>> Doing postfit: ch6,Rares
>> Doing postfit: ch6,TTW_nbjets_medium_bin0
>> Doing postfit: ch6,TTW_nbjets_medium_bin1
>> Doing postfit: ch6,TTW_nbjets_medium_bin2
>> Doing postfit: ch6,TTW_ooa
>> Doing postfit: ch6,TTZ
>> Doing postfit: ch6,VVV
>> Doing postfit: ch6,WZ
>> Doing postfit: ch6,ZZ
>> Doing postfit: ch6,data_fakes
>> Doing postfit: ch6,tHW
>> Doing postfit: ch6,tHq
>> Doing postfit: ch6,tZq
>> Doing postfit: ch6,ttH
>> Doing postfit: ch6,ttVV
>> Doing postfit: ch6,TotalBkg
>> Doing postfit: ch6,TotalSig
>> Doing postfit: ch6,TotalProcs
>> Doing postfit: ch7,Convs
>> Doing postfit: ch7,Rares
>> Doing postfit: ch7,TTW_nbjets_medium_bin0
>> Doing postfit: ch7,TTW_nbjets_medium_bin1
>> Doing postfit: ch7,TTW_nbjets_medium_bin2
>> Doing postfit: ch7,TTW_ooa
>> Doing postfit: ch7,TTZ
>> Doing postfit: ch7,VVV
>> Doing postfit: ch7,WZ
>> Doing postfit: ch7,ZZ
>> Doing postfit: ch7,data_fakes
>> Doing postfit: ch7,data_flips
>> Doing postfit: ch7,tHW
>> Doing postfit: ch7,tHq
>> Doing postfit: ch7,tZq
>> Doing postfit: ch7,ttH
>> Doing postfit: ch7,ttVV
>> Doing postfit: ch7,TotalBkg
>> Doing postfit: ch7,TotalSig
>> Doing postfit: ch7,TotalProcs
>> Doing postfit: ch8,Convs
>> Doing postfit: ch8,Rares
>> Doing postfit: ch8,TTW_nbjets_medium_bin0
>> Doing postfit: ch8,TTW_nbjets_medium_bin1
>> Doing postfit: ch8,TTW_nbjets_medium_bin2
>> Doing postfit: ch8,TTW_ooa
>> Doing postfit: ch8,TTZ
>> Doing postfit: ch8,VVV
>> Doing postfit: ch8,WZ
>> Doing postfit: ch8,ZZ
>> Doing postfit: ch8,data_fakes
>> Doing postfit: ch8,data_flips
>> Doing postfit: ch8,tHW
>> Doing postfit: ch8,tHq
>> Doing postfit: ch8,tZq
>> Doing postfit: ch8,ttH
>> Doing postfit: ch8,ttVV
>> Doing postfit: ch8,TotalBkg
>> Doing postfit: ch8,TotalSig
>> Doing postfit: ch8,TotalProcs
>> Doing postfit: ch9,Rares
>> Doing postfit: ch9,TTW_nbjets_medium_bin0
>> Doing postfit: ch9,TTW_nbjets_medium_bin1
>> Doing postfit: ch9,TTW_nbjets_medium_bin2
>> Doing postfit: ch9,TTW_ooa
>> Doing postfit: ch9,TTZ
>> Doing postfit: ch9,VVV
>> Doing postfit: ch9,WZ
>> Doing postfit: ch9,ZZ
>> Doing postfit: ch9,data_fakes
>> Doing postfit: ch9,tHW
>> Doing postfit: ch9,tHq
>> Doing postfit: ch9,tZq
>> Doing postfit: ch9,ttH
>> Doing postfit: ch9,ttVV
>> Doing postfit: ch9,TotalBkg
>> Doing postfit: ch9,TotalSig
>> Doing postfit: ch9,TotalProcs

Bin                       Total relative bkg uncert. (postfit)
----------------------------------------------------------
ch1                       0.16095   
ch10                      0.09365   
ch11                      0.07259   
ch12                      0.08784   
ch2                       0.09730   
ch3                       0.08141   
ch4                       0.09400   
ch5                       0.07484   
ch6                       0.12938   
ch7                       0.09767   
ch8                       0.08684   
ch9                       0.10085   

Bin                       Process              Scale factor
----------------------------------------------------------
ch1                       Convs                1.16139   
ch1                       Rares                1.25653   
ch1                       TTW_nbjets_medium_bin0 4.74061   
ch1                       TTW_nbjets_medium_bin1 0.20632   
ch1                       TTW_nbjets_medium_bin2 6.87742   
ch1                       TTW_ooa              1.11868   
ch1                       TTZ                  1.17409   
ch1                       VVV                  1.43660   
ch1                       WZ                   1.27665   
ch1                       ZZ                   1.81771   
ch1                       data_fakes           2.18288   
ch1                       data_flips           0.93945   
ch1                       tHW                  1.09698   
ch1                       tHq                  1.10096   
ch1                       tZq                  1.26232   
ch1                       ttH                  1.04071   
ch1                       ttVV                 1.05915   
ch10                      Convs                1.11743   
ch10                      Rares                1.21822   
ch10                      TTW_nbjets_medium_bin0 4.31790   
ch10                      TTW_nbjets_medium_bin1 0.20033   
ch10                      TTW_nbjets_medium_bin2 6.25694   
ch10                      TTW_ooa              1.01780   
ch10                      TTZ                  1.09820   
ch10                      VVV                  0.95742   
ch10                      WZ                   0.84416   
ch10                      ZZ                   1.14892   
ch10                      data_fakes           1.77698   
ch10                      data_flips           0.93920   
ch10                      tHW                  0.97884   
ch10                      tHq                  1.01835   
ch10                      tZq                  1.07714   
ch10                      ttH                  1.01175   
ch10                      ttVV                 1.02739   
ch11                      Convs                1.15730   
ch11                      Rares                1.13169   
ch11                      TTW_nbjets_medium_bin0 4.19913   
ch11                      TTW_nbjets_medium_bin1 0.19612   
ch11                      TTW_nbjets_medium_bin2 6.53370   
ch11                      TTW_ooa              0.97471   
ch11                      TTZ                  1.16051   
ch11                      VVV                  1.16574   
ch11                      WZ                   0.93874   
ch11                      ZZ                   1.30451   
ch11                      data_fakes           1.37324   
ch11                      data_flips           0.93925   
ch11                      tHW                  0.99949   
ch11                      tHq                  0.98625   
ch11                      tZq                  1.03087   
ch11                      ttH                  1.00079   
ch11                      ttVV                 1.00231   
ch12                      Rares                1.25888   
ch12                      TTW_nbjets_medium_bin0 4.10990   
ch12                      TTW_nbjets_medium_bin1 0.19045   
ch12                      TTW_nbjets_medium_bin2 6.17363   
ch12                      TTW_ooa              0.94597   
ch12                      TTZ                  1.10200   
ch12                      VVV                  1.15194   
ch12                      WZ                   0.94545   
ch12                      ZZ                   1.09856   
ch12                      data_fakes           1.16929   
ch12                      tHW                  0.96949   
ch12                      tHq                  0.96204   
ch12                      tZq                  1.05136   
ch12                      ttH                  0.97568   
ch12                      ttVV                 0.96976   
ch2                       Convs                1.14637   
ch2                       Rares                1.27162   
ch2                       TTW_nbjets_medium_bin0 4.38101   
ch2                       TTW_nbjets_medium_bin1 0.20500   
ch2                       TTW_nbjets_medium_bin2 6.67226   
ch2                       TTW_ooa              1.07417   
ch2                       TTZ                  1.11283   
ch2                       VVV                  1.23144   
ch2                       WZ                   1.00707   
ch2                       ZZ                   1.36410   
ch2                       data_fakes           1.57607   
ch2                       data_flips           0.93944   
ch2                       tHW                  1.04641   
ch2                       tHq                  1.05499   
ch2                       tZq                  1.12623   
ch2                       ttH                  1.03970   
ch2                       ttVV                 1.05176   
ch3                       Convs                1.12112   
ch3                       Rares                1.18938   
ch3                       TTW_nbjets_medium_bin0 4.27558   
ch3                       TTW_nbjets_medium_bin1 0.19857   
ch3                       TTW_nbjets_medium_bin2 6.54374   
ch3                       TTW_ooa              1.03507   
ch3                       TTZ                  1.13255   
ch3                       VVV                  1.20790   
ch3                       WZ                   0.96851   
ch3                       ZZ                   1.27648   
ch3                       data_fakes           1.44773   
ch3                       data_flips           0.93903   
ch3                       tHW                  1.00054   
ch3                       tHq                  1.01259   
ch3                       tZq                  1.10579   
ch3                       ttH                  1.00926   
ch3                       ttVV                 1.00742   
ch4                       Rares                1.28767   
ch4                       TTW_nbjets_medium_bin0 4.12028   
ch4                       TTW_nbjets_medium_bin1 0.19353   
ch4                       TTW_nbjets_medium_bin2 5.94038   
ch4                       TTW_ooa              0.96950   
ch4                       TTZ                  1.11155   
ch4                       VVV                  1.01823   
ch4                       WZ                   0.92471   
ch4                       ZZ                   1.39260   
ch4                       data_fakes           1.16242   
ch4                       tHW                  0.97771   
ch4                       tHq                  0.98457   
ch4                       tZq                  1.01211   
ch4                       ttH                  0.97562   
ch4                       ttVV                 0.97993   
ch5                       Convs                1.13724   
ch5                       Rares                1.28710   
ch5                       TTW_nbjets_medium_bin0 4.63933   
ch5                       TTW_nbjets_medium_bin1 0.19993   
ch5                       TTW_nbjets_medium_bin2 6.50336   
ch5                       TTW_ooa              1.08354   
ch5                       TTZ                  1.14195   
ch5                       VVV                  1.44469   
ch5                       WZ                   1.22833   
ch5                       ZZ                   1.62001   
ch5                       data_fakes           1.42066   
ch5                       data_flips           0.93931   
ch5                       tHW                  1.06776   
ch5                       tHq                  1.05507   
ch5                       tZq                  1.14942   
ch5                       ttH                  1.03645   
ch5                       ttVV                 1.03279   
ch6                       Rares                1.25314   
ch6                       TTW_nbjets_medium_bin0 4.52025   
ch6                       TTW_nbjets_medium_bin1 0.19478   
ch6                       TTW_nbjets_medium_bin2 6.12306   
ch6                       TTW_ooa              1.04645   
ch6                       TTZ                  1.15123   
ch6                       VVV                  2.81957   
ch6                       WZ                   1.15826   
ch6                       ZZ                   1.77213   
ch6                       data_fakes           1.15033   
ch6                       tHW                  1.03506   
ch6                       tHq                  1.04703   
ch6                       tZq                  1.11029   
ch6                       ttH                  1.02472   
ch6                       ttVV                 1.00352   
ch7                       Convs                1.16943   
ch7                       Rares                1.19427   
ch7                       TTW_nbjets_medium_bin0 4.44949   
ch7                       TTW_nbjets_medium_bin1 0.20613   
ch7                       TTW_nbjets_medium_bin2 7.05446   
ch7                       TTW_ooa              1.06465   
ch7                       TTZ                  1.20020   
ch7                       VVV                  1.21111   
ch7                       WZ                   0.94491   
ch7                       ZZ                   1.10213   
ch7                       data_fakes           1.70623   
ch7                       data_flips           0.93948   
ch7                       tHW                  1.03584   
ch7                       tHq                  1.03328   
ch7                       tZq                  1.10850   
ch7                       ttH                  1.04311   
ch7                       ttVV                 1.04240   
ch8                       Convs                1.15665   
ch8                       Rares                1.22270   
ch8                       TTW_nbjets_medium_bin0 4.32550   
ch8                       TTW_nbjets_medium_bin1 0.20004   
ch8                       TTW_nbjets_medium_bin2 6.26283   
ch8                       TTW_ooa              1.01366   
ch8                       TTZ                  1.14032   
ch8                       VVV                  1.18911   
ch8                       WZ                   0.97191   
ch8                       ZZ                   1.25802   
ch8                       data_fakes           1.46526   
ch8                       data_flips           0.93934   
ch8                       tHW                  1.01842   
ch8                       tHq                  1.01654   
ch8                       tZq                  1.06339   
ch8                       ttH                  1.01722   
ch8                       ttVV                 1.01793   
ch9                       Rares                1.11942   
ch9                       TTW_nbjets_medium_bin0 4.21752   
ch9                       TTW_nbjets_medium_bin1 0.19472   
ch9                       TTW_nbjets_medium_bin2 6.52906   
ch9                       TTW_ooa              0.98649   
ch9                       TTZ                  1.12754   
ch9                       VVV                  1.17840   
ch9                       WZ                   0.95475   
ch9                       ZZ                   0.86696   
ch9                       data_fakes           1.20398   
ch9                       tHW                  0.99014   
ch9                       tHq                  0.97881   
ch9                       tZq                  1.07921   
ch9                       ttH                  0.99755   
ch9                       ttVV                 0.99264   
