WARNING: the default behaviour of PostFitShapesFromWorkspace is to use the covariance matrix sampling method for the post-fit uncertainty. The option --sampling is deprecated and will be removed in future versions of CombineHarvester
[SetFlag] Changing value of flag "workspaces-use-clone" from 0 to 1
[#1] INFO:ObjectHandling -- RooWorkspace::import(w) importing dataset ch1
[#1] INFO:ObjectHandling -- RooWorkspace::import(w) importing dataset ch10
[#1] INFO:ObjectHandling -- RooWorkspace::import(w) importing dataset ch11
[#1] INFO:ObjectHandling -- RooWorkspace::import(w) importing dataset ch12
[#1] INFO:ObjectHandling -- RooWorkspace::import(w) importing dataset ch2
[#1] INFO:ObjectHandling -- RooWorkspace::import(w) importing dataset ch3
[#1] INFO:ObjectHandling -- RooWorkspace::import(w) importing dataset ch4
[#1] INFO:ObjectHandling -- RooWorkspace::import(w) importing dataset ch5
[#1] INFO:ObjectHandling -- RooWorkspace::import(w) importing dataset ch6
[#1] INFO:ObjectHandling -- RooWorkspace::import(w) importing dataset ch7
[#1] INFO:ObjectHandling -- RooWorkspace::import(w) importing dataset ch8
[#1] INFO:ObjectHandling -- RooWorkspace::import(w) importing dataset ch9
[SetFlag] Changing value of flag "workspaces-use-clone" from 0 to 1
>> Doing prefit: TotalBkg
>> Doing prefit: TotalSig
>> Doing prefit: TotalProcs
>> Doing prefit: ch1,Convs
>> Doing prefit: ch1,Rares
>> Doing prefit: ch1,TTW_deta_llss_bin0
>> Doing prefit: ch1,TTW_deta_llss_bin1
>> Doing prefit: ch1,TTW_deta_llss_bin2
>> Doing prefit: ch1,TTW_deta_llss_bin3
>> Doing prefit: ch1,TTW_ooa
>> Doing prefit: ch1,TTZ
>> Doing prefit: ch1,VVV
>> Doing prefit: ch1,WZ
>> Doing prefit: ch1,ZZ
>> Doing prefit: ch1,data_fakes
>> Doing prefit: ch1,data_flips
>> Doing prefit: ch1,tHW
>> Doing prefit: ch1,tHq
>> Doing prefit: ch1,tZq
>> Doing prefit: ch1,ttH
>> Doing prefit: ch1,ttVV
>> Doing prefit: ch1,TotalBkg
>> Doing prefit: ch1,TotalSig
>> Doing prefit: ch1,TotalProcs
>> Doing prefit: ch10,Convs
>> Doing prefit: ch10,Rares
>> Doing prefit: ch10,TTW_deta_llss_bin0
>> Doing prefit: ch10,TTW_deta_llss_bin1
>> Doing prefit: ch10,TTW_deta_llss_bin2
>> Doing prefit: ch10,TTW_deta_llss_bin3
>> Doing prefit: ch10,TTW_ooa
>> Doing prefit: ch10,TTZ
>> Doing prefit: ch10,VVV
>> Doing prefit: ch10,WZ
>> Doing prefit: ch10,ZZ
>> Doing prefit: ch10,data_fakes
>> Doing prefit: ch10,data_flips
>> Doing prefit: ch10,tHW
>> Doing prefit: ch10,tHq
>> Doing prefit: ch10,tZq
>> Doing prefit: ch10,ttH
>> Doing prefit: ch10,ttVV
>> Doing prefit: ch10,TotalBkg
>> Doing prefit: ch10,TotalSig
>> Doing prefit: ch10,TotalProcs
>> Doing prefit: ch11,Convs
>> Doing prefit: ch11,Rares
>> Doing prefit: ch11,TTW_deta_llss_bin0
>> Doing prefit: ch11,TTW_deta_llss_bin1
>> Doing prefit: ch11,TTW_deta_llss_bin2
>> Doing prefit: ch11,TTW_deta_llss_bin3
>> Doing prefit: ch11,TTW_ooa
>> Doing prefit: ch11,TTZ
>> Doing prefit: ch11,VVV
>> Doing prefit: ch11,WZ
>> Doing prefit: ch11,ZZ
>> Doing prefit: ch11,data_fakes
>> Doing prefit: ch11,data_flips
>> Doing prefit: ch11,tHW
>> Doing prefit: ch11,tHq
>> Doing prefit: ch11,tZq
>> Doing prefit: ch11,ttH
>> Doing prefit: ch11,ttVV
>> Doing prefit: ch11,TotalBkg
>> Doing prefit: ch11,TotalSig
>> Doing prefit: ch11,TotalProcs
>> Doing prefit: ch12,Rares
>> Doing prefit: ch12,TTW_deta_llss_bin0
>> Doing prefit: ch12,TTW_deta_llss_bin1
>> Doing prefit: ch12,TTW_deta_llss_bin2
>> Doing prefit: ch12,TTW_deta_llss_bin3
>> Doing prefit: ch12,TTW_ooa
>> Doing prefit: ch12,TTZ
>> Doing prefit: ch12,VVV
>> Doing prefit: ch12,WZ
>> Doing prefit: ch12,ZZ
>> Doing prefit: ch12,data_fakes
>> Doing prefit: ch12,tHW
>> Doing prefit: ch12,tHq
>> Doing prefit: ch12,tZq
>> Doing prefit: ch12,ttH
>> Doing prefit: ch12,ttVV
>> Doing prefit: ch12,TotalBkg
>> Doing prefit: ch12,TotalSig
>> Doing prefit: ch12,TotalProcs
>> Doing prefit: ch2,Convs
>> Doing prefit: ch2,Rares
>> Doing prefit: ch2,TTW_deta_llss_bin0
>> Doing prefit: ch2,TTW_deta_llss_bin1
>> Doing prefit: ch2,TTW_deta_llss_bin2
>> Doing prefit: ch2,TTW_deta_llss_bin3
>> Doing prefit: ch2,TTW_ooa
>> Doing prefit: ch2,TTZ
>> Doing prefit: ch2,VVV
>> Doing prefit: ch2,WZ
>> Doing prefit: ch2,ZZ
>> Doing prefit: ch2,data_fakes
>> Doing prefit: ch2,data_flips
>> Doing prefit: ch2,tHW
>> Doing prefit: ch2,tHq
>> Doing prefit: ch2,tZq
>> Doing prefit: ch2,ttH
>> Doing prefit: ch2,ttVV
>> Doing prefit: ch2,TotalBkg
>> Doing prefit: ch2,TotalSig
>> Doing prefit: ch2,TotalProcs
>> Doing prefit: ch3,Convs
>> Doing prefit: ch3,Rares
>> Doing prefit: ch3,TTW_deta_llss_bin0
>> Doing prefit: ch3,TTW_deta_llss_bin1
>> Doing prefit: ch3,TTW_deta_llss_bin2
>> Doing prefit: ch3,TTW_deta_llss_bin3
>> Doing prefit: ch3,TTW_ooa
>> Doing prefit: ch3,TTZ
>> Doing prefit: ch3,VVV
>> Doing prefit: ch3,WZ
>> Doing prefit: ch3,ZZ
>> Doing prefit: ch3,data_fakes
>> Doing prefit: ch3,data_flips
>> Doing prefit: ch3,tHW
>> Doing prefit: ch3,tHq
>> Doing prefit: ch3,tZq
>> Doing prefit: ch3,ttH
>> Doing prefit: ch3,ttVV
>> Doing prefit: ch3,TotalBkg
>> Doing prefit: ch3,TotalSig
>> Doing prefit: ch3,TotalProcs
>> Doing prefit: ch4,Rares
>> Doing prefit: ch4,TTW_deta_llss_bin0
>> Doing prefit: ch4,TTW_deta_llss_bin1
>> Doing prefit: ch4,TTW_deta_llss_bin2
>> Doing prefit: ch4,TTW_deta_llss_bin3
>> Doing prefit: ch4,TTW_ooa
>> Doing prefit: ch4,TTZ
>> Doing prefit: ch4,VVV
>> Doing prefit: ch4,WZ
>> Doing prefit: ch4,ZZ
>> Doing prefit: ch4,data_fakes
>> Doing prefit: ch4,tHW
>> Doing prefit: ch4,tHq
>> Doing prefit: ch4,tZq
>> Doing prefit: ch4,ttH
>> Doing prefit: ch4,ttVV
>> Doing prefit: ch4,TotalBkg
>> Doing prefit: ch4,TotalSig
>> Doing prefit: ch4,TotalProcs
>> Doing prefit: ch5,Convs
>> Doing prefit: ch5,Rares
>> Doing prefit: ch5,TTW_deta_llss_bin0
>> Doing prefit: ch5,TTW_deta_llss_bin1
>> Doing prefit: ch5,TTW_deta_llss_bin2
>> Doing prefit: ch5,TTW_deta_llss_bin3
>> Doing prefit: ch5,TTW_ooa
>> Doing prefit: ch5,TTZ
>> Doing prefit: ch5,VVV
>> Doing prefit: ch5,WZ
>> Doing prefit: ch5,ZZ
>> Doing prefit: ch5,data_fakes
>> Doing prefit: ch5,data_flips
>> Doing prefit: ch5,tHW
>> Doing prefit: ch5,tHq
>> Doing prefit: ch5,tZq
>> Doing prefit: ch5,ttH
>> Doing prefit: ch5,ttVV
>> Doing prefit: ch5,TotalBkg
>> Doing prefit: ch5,TotalSig
>> Doing prefit: ch5,TotalProcs
>> Doing prefit: ch6,Rares
>> Doing prefit: ch6,TTW_deta_llss_bin0
>> Doing prefit: ch6,TTW_deta_llss_bin1
>> Doing prefit: ch6,TTW_deta_llss_bin2
>> Doing prefit: ch6,TTW_deta_llss_bin3
>> Doing prefit: ch6,TTW_ooa
>> Doing prefit: ch6,TTZ
>> Doing prefit: ch6,VVV
>> Doing prefit: ch6,WZ
>> Doing prefit: ch6,ZZ
>> Doing prefit: ch6,data_fakes
>> Doing prefit: ch6,tHW
>> Doing prefit: ch6,tHq
>> Doing prefit: ch6,tZq
>> Doing prefit: ch6,ttH
>> Doing prefit: ch6,ttVV
>> Doing prefit: ch6,TotalBkg
>> Doing prefit: ch6,TotalSig
>> Doing prefit: ch6,TotalProcs
>> Doing prefit: ch7,Convs
>> Doing prefit: ch7,Rares
>> Doing prefit: ch7,TTW_deta_llss_bin0
>> Doing prefit: ch7,TTW_deta_llss_bin1
>> Doing prefit: ch7,TTW_deta_llss_bin2
>> Doing prefit: ch7,TTW_deta_llss_bin3
>> Doing prefit: ch7,TTW_ooa
>> Doing prefit: ch7,TTZ
>> Doing prefit: ch7,VVV
>> Doing prefit: ch7,WZ
>> Doing prefit: ch7,ZZ
>> Doing prefit: ch7,data_fakes
>> Doing prefit: ch7,data_flips
>> Doing prefit: ch7,tHW
>> Doing prefit: ch7,tHq
>> Doing prefit: ch7,tZq
>> Doing prefit: ch7,ttH
>> Doing prefit: ch7,ttVV
>> Doing prefit: ch7,TotalBkg
>> Doing prefit: ch7,TotalSig
>> Doing prefit: ch7,TotalProcs
>> Doing prefit: ch8,Convs
>> Doing prefit: ch8,Rares
>> Doing prefit: ch8,TTW_deta_llss_bin0
>> Doing prefit: ch8,TTW_deta_llss_bin1
>> Doing prefit: ch8,TTW_deta_llss_bin2
>> Doing prefit: ch8,TTW_deta_llss_bin3
>> Doing prefit: ch8,TTW_ooa
>> Doing prefit: ch8,TTZ
>> Doing prefit: ch8,VVV
>> Doing prefit: ch8,WZ
>> Doing prefit: ch8,ZZ
>> Doing prefit: ch8,data_fakes
>> Doing prefit: ch8,data_flips
>> Doing prefit: ch8,tHW
>> Doing prefit: ch8,tHq
>> Doing prefit: ch8,tZq
>> Doing prefit: ch8,ttH
>> Doing prefit: ch8,ttVV
>> Doing prefit: ch8,TotalBkg
>> Doing prefit: ch8,TotalSig
>> Doing prefit: ch8,TotalProcs
>> Doing prefit: ch9,Rares
>> Doing prefit: ch9,TTW_deta_llss_bin0
>> Doing prefit: ch9,TTW_deta_llss_bin1
>> Doing prefit: ch9,TTW_deta_llss_bin2
>> Doing prefit: ch9,TTW_deta_llss_bin3
>> Doing prefit: ch9,TTW_ooa
>> Doing prefit: ch9,TTZ
>> Doing prefit: ch9,VVV
>> Doing prefit: ch9,WZ
>> Doing prefit: ch9,ZZ
>> Doing prefit: ch9,data_fakes
>> Doing prefit: ch9,tHW
>> Doing prefit: ch9,tHq
>> Doing prefit: ch9,tZq
>> Doing prefit: ch9,ttH
>> Doing prefit: ch9,ttVV
>> Doing prefit: ch9,TotalBkg
>> Doing prefit: ch9,TotalSig
>> Doing prefit: ch9,TotalProcs
Bin                       Total relative bkg uncert. (prefit)
----------------------------------------------------------
ch1                       0.18747   
ch10                      0.16037   
ch11                      0.10753   
ch12                      0.14576   
ch2                       0.13236   
ch3                       0.11887   
ch4                       0.14511   
ch5                       0.11554   
ch6                       0.15340   
ch7                       0.15153   
ch8                       0.12483   
ch9                       0.15625   
>> Doing postfit: TotalBkg
>> Doing postfit: TotalSig
>> Doing postfit: TotalProcs
>> Doing postfit: ch1,Convs
>> Doing postfit: ch1,Rares
>> Doing postfit: ch1,TTW_deta_llss_bin0
>> Doing postfit: ch1,TTW_deta_llss_bin1
>> Doing postfit: ch1,TTW_deta_llss_bin2
>> Doing postfit: ch1,TTW_deta_llss_bin3
>> Doing postfit: ch1,TTW_ooa
>> Doing postfit: ch1,TTZ
>> Doing postfit: ch1,VVV
>> Doing postfit: ch1,WZ
>> Doing postfit: ch1,ZZ
>> Doing postfit: ch1,data_fakes
>> Doing postfit: ch1,data_flips
>> Doing postfit: ch1,tHW
>> Doing postfit: ch1,tHq
>> Doing postfit: ch1,tZq
>> Doing postfit: ch1,ttH
>> Doing postfit: ch1,ttVV
>> Doing postfit: ch1,TotalBkg
>> Doing postfit: ch1,TotalSig
>> Doing postfit: ch1,TotalProcs
>> Doing postfit: ch10,Convs
>> Doing postfit: ch10,Rares
>> Doing postfit: ch10,TTW_deta_llss_bin0
>> Doing postfit: ch10,TTW_deta_llss_bin1
>> Doing postfit: ch10,TTW_deta_llss_bin2
>> Doing postfit: ch10,TTW_deta_llss_bin3
>> Doing postfit: ch10,TTW_ooa
>> Doing postfit: ch10,TTZ
>> Doing postfit: ch10,VVV
>> Doing postfit: ch10,WZ
>> Doing postfit: ch10,ZZ
>> Doing postfit: ch10,data_fakes
>> Doing postfit: ch10,data_flips
>> Doing postfit: ch10,tHW
>> Doing postfit: ch10,tHq
>> Doing postfit: ch10,tZq
>> Doing postfit: ch10,ttH
>> Doing postfit: ch10,ttVV
>> Doing postfit: ch10,TotalBkg
>> Doing postfit: ch10,TotalSig
>> Doing postfit: ch10,TotalProcs
>> Doing postfit: ch11,Convs
>> Doing postfit: ch11,Rares
>> Doing postfit: ch11,TTW_deta_llss_bin0
>> Doing postfit: ch11,TTW_deta_llss_bin1
>> Doing postfit: ch11,TTW_deta_llss_bin2
>> Doing postfit: ch11,TTW_deta_llss_bin3
>> Doing postfit: ch11,TTW_ooa
>> Doing postfit: ch11,TTZ
>> Doing postfit: ch11,VVV
>> Doing postfit: ch11,WZ
>> Doing postfit: ch11,ZZ
>> Doing postfit: ch11,data_fakes
>> Doing postfit: ch11,data_flips
>> Doing postfit: ch11,tHW
>> Doing postfit: ch11,tHq
>> Doing postfit: ch11,tZq
>> Doing postfit: ch11,ttH
>> Doing postfit: ch11,ttVV
>> Doing postfit: ch11,TotalBkg
>> Doing postfit: ch11,TotalSig
>> Doing postfit: ch11,TotalProcs
>> Doing postfit: ch12,Rares
>> Doing postfit: ch12,TTW_deta_llss_bin0
>> Doing postfit: ch12,TTW_deta_llss_bin1
>> Doing postfit: ch12,TTW_deta_llss_bin2
>> Doing postfit: ch12,TTW_deta_llss_bin3
>> Doing postfit: ch12,TTW_ooa
>> Doing postfit: ch12,TTZ
>> Doing postfit: ch12,VVV
>> Doing postfit: ch12,WZ
>> Doing postfit: ch12,ZZ
>> Doing postfit: ch12,data_fakes
>> Doing postfit: ch12,tHW
>> Doing postfit: ch12,tHq
>> Doing postfit: ch12,tZq
>> Doing postfit: ch12,ttH
>> Doing postfit: ch12,ttVV
>> Doing postfit: ch12,TotalBkg
>> Doing postfit: ch12,TotalSig
>> Doing postfit: ch12,TotalProcs
>> Doing postfit: ch2,Convs
>> Doing postfit: ch2,Rares
>> Doing postfit: ch2,TTW_deta_llss_bin0
>> Doing postfit: ch2,TTW_deta_llss_bin1
>> Doing postfit: ch2,TTW_deta_llss_bin2
>> Doing postfit: ch2,TTW_deta_llss_bin3
>> Doing postfit: ch2,TTW_ooa
>> Doing postfit: ch2,TTZ
>> Doing postfit: ch2,VVV
>> Doing postfit: ch2,WZ
>> Doing postfit: ch2,ZZ
>> Doing postfit: ch2,data_fakes
>> Doing postfit: ch2,data_flips
>> Doing postfit: ch2,tHW
>> Doing postfit: ch2,tHq
>> Doing postfit: ch2,tZq
>> Doing postfit: ch2,ttH
>> Doing postfit: ch2,ttVV
>> Doing postfit: ch2,TotalBkg
>> Doing postfit: ch2,TotalSig
>> Doing postfit: ch2,TotalProcs
>> Doing postfit: ch3,Convs
>> Doing postfit: ch3,Rares
>> Doing postfit: ch3,TTW_deta_llss_bin0
>> Doing postfit: ch3,TTW_deta_llss_bin1
>> Doing postfit: ch3,TTW_deta_llss_bin2
>> Doing postfit: ch3,TTW_deta_llss_bin3
>> Doing postfit: ch3,TTW_ooa
>> Doing postfit: ch3,TTZ
>> Doing postfit: ch3,VVV
>> Doing postfit: ch3,WZ
>> Doing postfit: ch3,ZZ
>> Doing postfit: ch3,data_fakes
>> Doing postfit: ch3,data_flips
>> Doing postfit: ch3,tHW
>> Doing postfit: ch3,tHq
>> Doing postfit: ch3,tZq
>> Doing postfit: ch3,ttH
>> Doing postfit: ch3,ttVV
>> Doing postfit: ch3,TotalBkg
>> Doing postfit: ch3,TotalSig
>> Doing postfit: ch3,TotalProcs
>> Doing postfit: ch4,Rares
>> Doing postfit: ch4,TTW_deta_llss_bin0
>> Doing postfit: ch4,TTW_deta_llss_bin1
>> Doing postfit: ch4,TTW_deta_llss_bin2
>> Doing postfit: ch4,TTW_deta_llss_bin3
>> Doing postfit: ch4,TTW_ooa
>> Doing postfit: ch4,TTZ
>> Doing postfit: ch4,VVV
>> Doing postfit: ch4,WZ
>> Doing postfit: ch4,ZZ
>> Doing postfit: ch4,data_fakes
>> Doing postfit: ch4,tHW
>> Doing postfit: ch4,tHq
>> Doing postfit: ch4,tZq
>> Doing postfit: ch4,ttH
>> Doing postfit: ch4,ttVV
>> Doing postfit: ch4,TotalBkg
>> Doing postfit: ch4,TotalSig
>> Doing postfit: ch4,TotalProcs
>> Doing postfit: ch5,Convs
>> Doing postfit: ch5,Rares
>> Doing postfit: ch5,TTW_deta_llss_bin0
>> Doing postfit: ch5,TTW_deta_llss_bin1
>> Doing postfit: ch5,TTW_deta_llss_bin2
>> Doing postfit: ch5,TTW_deta_llss_bin3
>> Doing postfit: ch5,TTW_ooa
>> Doing postfit: ch5,TTZ
>> Doing postfit: ch5,VVV
>> Doing postfit: ch5,WZ
>> Doing postfit: ch5,ZZ
>> Doing postfit: ch5,data_fakes
>> Doing postfit: ch5,data_flips
>> Doing postfit: ch5,tHW
>> Doing postfit: ch5,tHq
>> Doing postfit: ch5,tZq
>> Doing postfit: ch5,ttH
>> Doing postfit: ch5,ttVV
>> Doing postfit: ch5,TotalBkg
>> Doing postfit: ch5,TotalSig
>> Doing postfit: ch5,TotalProcs
>> Doing postfit: ch6,Rares
>> Doing postfit: ch6,TTW_deta_llss_bin0
>> Doing postfit: ch6,TTW_deta_llss_bin1
>> Doing postfit: ch6,TTW_deta_llss_bin2
>> Doing postfit: ch6,TTW_deta_llss_bin3
>> Doing postfit: ch6,TTW_ooa
>> Doing postfit: ch6,TTZ
>> Doing postfit: ch6,VVV
>> Doing postfit: ch6,WZ
>> Doing postfit: ch6,ZZ
>> Doing postfit: ch6,data_fakes
>> Doing postfit: ch6,tHW
>> Doing postfit: ch6,tHq
>> Doing postfit: ch6,tZq
>> Doing postfit: ch6,ttH
>> Doing postfit: ch6,ttVV
>> Doing postfit: ch6,TotalBkg
>> Doing postfit: ch6,TotalSig
>> Doing postfit: ch6,TotalProcs
>> Doing postfit: ch7,Convs
>> Doing postfit: ch7,Rares
>> Doing postfit: ch7,TTW_deta_llss_bin0
>> Doing postfit: ch7,TTW_deta_llss_bin1
>> Doing postfit: ch7,TTW_deta_llss_bin2
>> Doing postfit: ch7,TTW_deta_llss_bin3
>> Doing postfit: ch7,TTW_ooa
>> Doing postfit: ch7,TTZ
>> Doing postfit: ch7,VVV
>> Doing postfit: ch7,WZ
>> Doing postfit: ch7,ZZ
>> Doing postfit: ch7,data_fakes
>> Doing postfit: ch7,data_flips
>> Doing postfit: ch7,tHW
>> Doing postfit: ch7,tHq
>> Doing postfit: ch7,tZq
>> Doing postfit: ch7,ttH
>> Doing postfit: ch7,ttVV
>> Doing postfit: ch7,TotalBkg
>> Doing postfit: ch7,TotalSig
>> Doing postfit: ch7,TotalProcs
>> Doing postfit: ch8,Convs
>> Doing postfit: ch8,Rares
>> Doing postfit: ch8,TTW_deta_llss_bin0
>> Doing postfit: ch8,TTW_deta_llss_bin1
>> Doing postfit: ch8,TTW_deta_llss_bin2
>> Doing postfit: ch8,TTW_deta_llss_bin3
>> Doing postfit: ch8,TTW_ooa
>> Doing postfit: ch8,TTZ
>> Doing postfit: ch8,VVV
>> Doing postfit: ch8,WZ
>> Doing postfit: ch8,ZZ
>> Doing postfit: ch8,data_fakes
>> Doing postfit: ch8,data_flips
>> Doing postfit: ch8,tHW
>> Doing postfit: ch8,tHq
>> Doing postfit: ch8,tZq
>> Doing postfit: ch8,ttH
>> Doing postfit: ch8,ttVV
>> Doing postfit: ch8,TotalBkg
>> Doing postfit: ch8,TotalSig
>> Doing postfit: ch8,TotalProcs
>> Doing postfit: ch9,Rares
>> Doing postfit: ch9,TTW_deta_llss_bin0
>> Doing postfit: ch9,TTW_deta_llss_bin1
>> Doing postfit: ch9,TTW_deta_llss_bin2
>> Doing postfit: ch9,TTW_deta_llss_bin3
>> Doing postfit: ch9,TTW_ooa
>> Doing postfit: ch9,TTZ
>> Doing postfit: ch9,VVV
>> Doing postfit: ch9,WZ
>> Doing postfit: ch9,ZZ
>> Doing postfit: ch9,data_fakes
>> Doing postfit: ch9,tHW
>> Doing postfit: ch9,tHq
>> Doing postfit: ch9,tZq
>> Doing postfit: ch9,ttH
>> Doing postfit: ch9,ttVV
>> Doing postfit: ch9,TotalBkg
>> Doing postfit: ch9,TotalSig
>> Doing postfit: ch9,TotalProcs

Bin                       Total relative bkg uncert. (postfit)
----------------------------------------------------------
ch1                       0.11441   
ch10                      0.09185   
ch11                      0.07012   
ch12                      0.08059   
ch2                       0.09095   
ch3                       0.07949   
ch4                       0.08411   
ch5                       0.07969   
ch6                       0.10779   
ch7                       0.09694   
ch8                       0.08514   
ch9                       0.08459   

Bin                       Process              Scale factor
----------------------------------------------------------
ch1                       Convs                1.16033   
ch1                       Rares                1.09134   
ch1                       TTW_deta_llss_bin0   1.32139   
ch1                       TTW_deta_llss_bin1   1.36399   
ch1                       TTW_deta_llss_bin2   1.32074   
ch1                       TTW_deta_llss_bin3   2.01247   
ch1                       TTW_ooa              1.09443   
ch1                       TTZ                  1.32027   
ch1                       VVV                  1.41259   
ch1                       WZ                   1.24696   
ch1                       ZZ                   1.76920   
ch1                       data_fakes           1.36575   
ch1                       data_flips           0.95228   
ch1                       tHW                  1.08489   
ch1                       tHq                  1.08663   
ch1                       tZq                  1.21206   
ch1                       ttH                  1.05799   
ch1                       ttVV                 1.06504   
ch10                      Convs                1.17087   
ch10                      Rares                1.04482   
ch10                      TTW_deta_llss_bin0   1.28329   
ch10                      TTW_deta_llss_bin1   1.32588   
ch10                      TTW_deta_llss_bin2   1.28792   
ch10                      TTW_deta_llss_bin3   1.93159   
ch10                      TTW_ooa              1.02767   
ch10                      TTZ                  1.22998   
ch10                      VVV                  1.01730   
ch10                      WZ                   0.91394   
ch10                      ZZ                   1.30277   
ch10                      data_fakes           1.30573   
ch10                      data_flips           0.95235   
ch10                      tHW                  0.99709   
ch10                      tHq                  1.02245   
ch10                      tZq                  1.09972   
ch10                      ttH                  1.02737   
ch10                      ttVV                 1.04269   
ch11                      Convs                1.16576   
ch11                      Rares                0.91936   
ch11                      TTW_deta_llss_bin0   1.24940   
ch11                      TTW_deta_llss_bin1   1.29404   
ch11                      TTW_deta_llss_bin2   1.25654   
ch11                      TTW_deta_llss_bin3   1.89404   
ch11                      TTW_ooa              0.99449   
ch11                      TTZ                  1.12387   
ch11                      VVV                  1.21316   
ch11                      WZ                   0.98572   
ch11                      ZZ                   1.32824   
ch11                      data_fakes           1.06909   
ch11                      data_flips           0.95222   
ch11                      tHW                  1.00482   
ch11                      tHq                  0.99540   
ch11                      tZq                  1.04144   
ch11                      ttH                  1.00345   
ch11                      ttVV                 1.01824   
ch12                      Rares                1.09035   
ch12                      TTW_deta_llss_bin0   1.21672   
ch12                      TTW_deta_llss_bin1   1.26703   
ch12                      TTW_deta_llss_bin2   1.21925   
ch12                      TTW_deta_llss_bin3   1.84716   
ch12                      TTW_ooa              0.95919   
ch12                      TTZ                  1.14275   
ch12                      VVV                  1.18946   
ch12                      WZ                   0.99758   
ch12                      ZZ                   1.24627   
ch12                      data_fakes           0.95790   
ch12                      tHW                  0.97717   
ch12                      tHq                  0.97013   
ch12                      tZq                  1.06717   
ch12                      ttH                  0.98924   
ch12                      ttVV                 0.98748   
ch2                       Convs                1.19137   
ch2                       Rares                1.13540   
ch2                       TTW_deta_llss_bin0   1.30825   
ch2                       TTW_deta_llss_bin1   1.35893   
ch2                       TTW_deta_llss_bin2   1.31362   
ch2                       TTW_deta_llss_bin3   1.95969   
ch2                       TTW_ooa              1.08995   
ch2                       TTZ                  1.22320   
ch2                       VVV                  1.23148   
ch2                       WZ                   1.08155   
ch2                       ZZ                   1.42349   
ch2                       data_fakes           1.32861   
ch2                       data_flips           0.95279   
ch2                       tHW                  1.05505   
ch2                       tHq                  1.06384   
ch2                       tZq                  1.12095   
ch2                       ttH                  1.04981   
ch2                       ttVV                 1.06359   
ch3                       Convs                1.06501   
ch3                       Rares                1.06221   
ch3                       TTW_deta_llss_bin0   1.26222   
ch3                       TTW_deta_llss_bin1   1.31751   
ch3                       TTW_deta_llss_bin2   1.27371   
ch3                       TTW_deta_llss_bin3   1.90750   
ch3                       TTW_ooa              1.04014   
ch3                       TTZ                  1.19888   
ch3                       VVV                  1.22970   
ch3                       WZ                   1.01828   
ch3                       ZZ                   1.33845   
ch3                       data_fakes           1.06528   
ch3                       data_flips           0.95194   
ch3                       tHW                  1.01288   
ch3                       tHq                  1.02392   
ch3                       tZq                  1.09656   
ch3                       ttH                  1.02033   
ch3                       ttVV                 1.02813   
ch4                       Rares                1.08084   
ch4                       TTW_deta_llss_bin0   1.22778   
ch4                       TTW_deta_llss_bin1   1.28397   
ch4                       TTW_deta_llss_bin2   1.24177   
ch4                       TTW_deta_llss_bin3   1.85509   
ch4                       TTW_ooa              0.98795   
ch4                       TTZ                  1.16371   
ch4                       VVV                  1.19950   
ch4                       WZ                   0.98005   
ch4                       ZZ                   1.45268   
ch4                       data_fakes           0.96086   
ch4                       tHW                  0.98777   
ch4                       tHq                  0.99062   
ch4                       tZq                  1.04449   
ch4                       ttH                  0.99242   
ch4                       ttVV                 0.99851   
ch5                       Convs                1.18545   
ch5                       Rares                1.09961   
ch5                       TTW_deta_llss_bin0   1.27645   
ch5                       TTW_deta_llss_bin1   1.32942   
ch5                       TTW_deta_llss_bin2   1.29241   
ch5                       TTW_deta_llss_bin3   1.93011   
ch5                       TTW_ooa              1.06821   
ch5                       TTZ                  1.19804   
ch5                       VVV                  1.47771   
ch5                       WZ                   1.21442   
ch5                       ZZ                   1.56151   
ch5                       data_fakes           1.11658   
ch5                       data_flips           0.95207   
ch5                       tHW                  1.05871   
ch5                       tHq                  1.04579   
ch5                       tZq                  1.11812   
ch5                       ttH                  1.03943   
ch5                       ttVV                 1.03935   
ch6                       Rares                1.13452   
ch6                       TTW_deta_llss_bin0   1.24778   
ch6                       TTW_deta_llss_bin1   1.30130   
ch6                       TTW_deta_llss_bin2   1.25985   
ch6                       TTW_deta_llss_bin3   1.89000   
ch6                       TTW_ooa              1.03801   
ch6                       TTZ                  1.19157   
ch6                       VVV                  2.14880   
ch6                       WZ                   1.15078   
ch6                       ZZ                   1.70542   
ch6                       data_fakes           0.99415   
ch6                       tHW                  1.02575   
ch6                       tHq                  1.03324   
ch6                       tZq                  1.10604   
ch6                       ttH                  1.01650   
ch6                       ttVV                 1.01368   
ch7                       Convs                1.21227   
ch7                       Rares                1.06189   
ch7                       TTW_deta_llss_bin0   1.29830   
ch7                       TTW_deta_llss_bin1   1.35662   
ch7                       TTW_deta_llss_bin2   1.31384   
ch7                       TTW_deta_llss_bin3   1.98846   
ch7                       TTW_ooa              1.07297   
ch7                       TTZ                  1.26655   
ch7                       VVV                  1.27288   
ch7                       WZ                   1.02385   
ch7                       ZZ                   1.18211   
ch7                       data_fakes           1.37349   
ch7                       data_flips           0.95245   
ch7                       tHW                  1.04316   
ch7                       tHq                  1.05308   
ch7                       tZq                  1.13032   
ch7                       ttH                  1.04932   
ch7                       ttVV                 1.06093   
ch8                       Convs                1.19389   
ch8                       Rares                1.08357   
ch8                       TTW_deta_llss_bin0   1.27061   
ch8                       TTW_deta_llss_bin1   1.32563   
ch8                       TTW_deta_llss_bin2   1.28014   
ch8                       TTW_deta_llss_bin3   1.93930   
ch8                       TTW_ooa              1.02794   
ch8                       TTZ                  1.18926   
ch8                       VVV                  1.24818   
ch8                       WZ                   1.03574   
ch8                       ZZ                   1.33042   
ch8                       data_fakes           1.09289   
ch8                       data_flips           0.95230   
ch8                       tHW                  1.02394   
ch8                       tHq                  1.02683   
ch8                       tZq                  1.08652   
ch8                       ttH                  1.02926   
ch8                       ttVV                 1.03635   
ch9                       Rares                0.99913   
ch9                       TTW_deta_llss_bin0   1.24289   
ch9                       TTW_deta_llss_bin1   1.29252   
ch9                       TTW_deta_llss_bin2   1.25182   
ch9                       TTW_deta_llss_bin3   1.87930   
ch9                       TTW_ooa              0.99836   
ch9                       TTZ                  1.17123   
ch9                       VVV                  1.20928   
ch9                       WZ                   1.01443   
ch9                       ZZ                   1.10734   
ch9                       data_fakes           0.92422   
ch9                       tHW                  0.99477   
ch9                       tHq                  0.98971   
ch9                       tZq                  1.08632   
ch9                       ttH                  1.00513   
ch9                       ttVV                 1.01160   
