WARNING: the default behaviour of PostFitShapesFromWorkspace is to use the covariance matrix sampling method for the post-fit uncertainty. The option --sampling is deprecated and will be removed in future versions of CombineHarvester
[SetFlag] Changing value of flag "workspaces-use-clone" from 0 to 1
[#1] INFO:ObjectHandling -- RooWorkspace::import(w) importing dataset ch1
[#1] INFO:ObjectHandling -- RooWorkspace::import(w) importing dataset ch10
[#1] INFO:ObjectHandling -- RooWorkspace::import(w) importing dataset ch11
[#1] INFO:ObjectHandling -- RooWorkspace::import(w) importing dataset ch12
[#1] INFO:ObjectHandling -- RooWorkspace::import(w) importing dataset ch2
[#1] INFO:ObjectHandling -- RooWorkspace::import(w) importing dataset ch3
[#1] INFO:ObjectHandling -- RooWorkspace::import(w) importing dataset ch4
[#1] INFO:ObjectHandling -- RooWorkspace::import(w) importing dataset ch5
[#1] INFO:ObjectHandling -- RooWorkspace::import(w) importing dataset ch6
[#1] INFO:ObjectHandling -- RooWorkspace::import(w) importing dataset ch7
[#1] INFO:ObjectHandling -- RooWorkspace::import(w) importing dataset ch8
[#1] INFO:ObjectHandling -- RooWorkspace::import(w) importing dataset ch9
[SetFlag] Changing value of flag "workspaces-use-clone" from 0 to 1
>> Doing prefit: TotalBkg
>> Doing prefit: TotalSig
>> Doing prefit: TotalProcs
>> Doing prefit: ch1,Rares
>> Doing prefit: ch1,TTW_mll_bin0
>> Doing prefit: ch1,TTW_mll_bin1
>> Doing prefit: ch1,TTW_mll_bin2
>> Doing prefit: ch1,TTW_mll_bin3
>> Doing prefit: ch1,TTW_ooa
>> Doing prefit: ch1,TTZ
>> Doing prefit: ch1,VVV
>> Doing prefit: ch1,WZ
>> Doing prefit: ch1,ZZ
>> Doing prefit: ch1,data_fakes
>> Doing prefit: ch1,tHW
>> Doing prefit: ch1,tHq
>> Doing prefit: ch1,tZq
>> Doing prefit: ch1,ttH
>> Doing prefit: ch1,ttVV
>> Doing prefit: ch1,TotalBkg
>> Doing prefit: ch1,TotalSig
>> Doing prefit: ch1,TotalProcs
>> Doing prefit: ch10,Convs
>> Doing prefit: ch10,Rares
>> Doing prefit: ch10,TTW_mll_bin0
>> Doing prefit: ch10,TTW_mll_bin1
>> Doing prefit: ch10,TTW_mll_bin2
>> Doing prefit: ch10,TTW_mll_bin3
>> Doing prefit: ch10,TTW_ooa
>> Doing prefit: ch10,TTZ
>> Doing prefit: ch10,VVV
>> Doing prefit: ch10,WZ
>> Doing prefit: ch10,ZZ
>> Doing prefit: ch10,data_fakes
>> Doing prefit: ch10,data_flips
>> Doing prefit: ch10,tHW
>> Doing prefit: ch10,tHq
>> Doing prefit: ch10,tZq
>> Doing prefit: ch10,ttH
>> Doing prefit: ch10,ttVV
>> Doing prefit: ch10,TotalBkg
>> Doing prefit: ch10,TotalSig
>> Doing prefit: ch10,TotalProcs
>> Doing prefit: ch11,Convs
>> Doing prefit: ch11,Rares
>> Doing prefit: ch11,TTW_mll_bin0
>> Doing prefit: ch11,TTW_mll_bin1
>> Doing prefit: ch11,TTW_mll_bin2
>> Doing prefit: ch11,TTW_mll_bin3
>> Doing prefit: ch11,TTW_ooa
>> Doing prefit: ch11,TTZ
>> Doing prefit: ch11,VVV
>> Doing prefit: ch11,WZ
>> Doing prefit: ch11,ZZ
>> Doing prefit: ch11,data_fakes
>> Doing prefit: ch11,data_flips
>> Doing prefit: ch11,tHW
>> Doing prefit: ch11,tHq
>> Doing prefit: ch11,tZq
>> Doing prefit: ch11,ttH
>> Doing prefit: ch11,ttVV
>> Doing prefit: ch11,TotalBkg
>> Doing prefit: ch11,TotalSig
>> Doing prefit: ch11,TotalProcs
>> Doing prefit: ch12,Rares
>> Doing prefit: ch12,TTW_mll_bin0
>> Doing prefit: ch12,TTW_mll_bin1
>> Doing prefit: ch12,TTW_mll_bin2
>> Doing prefit: ch12,TTW_mll_bin3
>> Doing prefit: ch12,TTW_ooa
>> Doing prefit: ch12,TTZ
>> Doing prefit: ch12,VVV
>> Doing prefit: ch12,WZ
>> Doing prefit: ch12,ZZ
>> Doing prefit: ch12,data_fakes
>> Doing prefit: ch12,tHW
>> Doing prefit: ch12,tHq
>> Doing prefit: ch12,tZq
>> Doing prefit: ch12,ttH
>> Doing prefit: ch12,ttVV
>> Doing prefit: ch12,TotalBkg
>> Doing prefit: ch12,TotalSig
>> Doing prefit: ch12,TotalProcs
>> Doing prefit: ch2,Convs
>> Doing prefit: ch2,Rares
>> Doing prefit: ch2,TTW_mll_bin0
>> Doing prefit: ch2,TTW_mll_bin1
>> Doing prefit: ch2,TTW_mll_bin2
>> Doing prefit: ch2,TTW_mll_bin3
>> Doing prefit: ch2,TTW_ooa
>> Doing prefit: ch2,TTZ
>> Doing prefit: ch2,VVV
>> Doing prefit: ch2,WZ
>> Doing prefit: ch2,ZZ
>> Doing prefit: ch2,data_fakes
>> Doing prefit: ch2,data_flips
>> Doing prefit: ch2,tHW
>> Doing prefit: ch2,tHq
>> Doing prefit: ch2,tZq
>> Doing prefit: ch2,ttH
>> Doing prefit: ch2,ttVV
>> Doing prefit: ch2,TotalBkg
>> Doing prefit: ch2,TotalSig
>> Doing prefit: ch2,TotalProcs
>> Doing prefit: ch3,Convs
>> Doing prefit: ch3,Rares
>> Doing prefit: ch3,TTW_mll_bin0
>> Doing prefit: ch3,TTW_mll_bin1
>> Doing prefit: ch3,TTW_mll_bin2
>> Doing prefit: ch3,TTW_mll_bin3
>> Doing prefit: ch3,TTW_ooa
>> Doing prefit: ch3,TTZ
>> Doing prefit: ch3,VVV
>> Doing prefit: ch3,WZ
>> Doing prefit: ch3,ZZ
>> Doing prefit: ch3,data_fakes
>> Doing prefit: ch3,data_flips
>> Doing prefit: ch3,tHW
>> Doing prefit: ch3,tHq
>> Doing prefit: ch3,tZq
>> Doing prefit: ch3,ttH
>> Doing prefit: ch3,ttVV
>> Doing prefit: ch3,TotalBkg
>> Doing prefit: ch3,TotalSig
>> Doing prefit: ch3,TotalProcs
>> Doing prefit: ch4,Rares
>> Doing prefit: ch4,TTW_mll_bin0
>> Doing prefit: ch4,TTW_mll_bin1
>> Doing prefit: ch4,TTW_mll_bin2
>> Doing prefit: ch4,TTW_mll_bin3
>> Doing prefit: ch4,TTW_ooa
>> Doing prefit: ch4,TTZ
>> Doing prefit: ch4,VVV
>> Doing prefit: ch4,WZ
>> Doing prefit: ch4,ZZ
>> Doing prefit: ch4,data_fakes
>> Doing prefit: ch4,tHW
>> Doing prefit: ch4,tHq
>> Doing prefit: ch4,tZq
>> Doing prefit: ch4,ttH
>> Doing prefit: ch4,ttVV
>> Doing prefit: ch4,TotalBkg
>> Doing prefit: ch4,TotalSig
>> Doing prefit: ch4,TotalProcs
>> Doing prefit: ch5,Convs
>> Doing prefit: ch5,Rares
>> Doing prefit: ch5,TTW_mll_bin0
>> Doing prefit: ch5,TTW_mll_bin1
>> Doing prefit: ch5,TTW_mll_bin2
>> Doing prefit: ch5,TTW_mll_bin3
>> Doing prefit: ch5,TTW_ooa
>> Doing prefit: ch5,TTZ
>> Doing prefit: ch5,VVV
>> Doing prefit: ch5,WZ
>> Doing prefit: ch5,ZZ
>> Doing prefit: ch5,data_fakes
>> Doing prefit: ch5,data_flips
>> Doing prefit: ch5,tHW
>> Doing prefit: ch5,tHq
>> Doing prefit: ch5,tZq
>> Doing prefit: ch5,ttH
>> Doing prefit: ch5,ttVV
>> Doing prefit: ch5,TotalBkg
>> Doing prefit: ch5,TotalSig
>> Doing prefit: ch5,TotalProcs
>> Doing prefit: ch6,Convs
>> Doing prefit: ch6,Rares
>> Doing prefit: ch6,TTW_mll_bin0
>> Doing prefit: ch6,TTW_mll_bin1
>> Doing prefit: ch6,TTW_mll_bin2
>> Doing prefit: ch6,TTW_mll_bin3
>> Doing prefit: ch6,TTW_ooa
>> Doing prefit: ch6,TTZ
>> Doing prefit: ch6,VVV
>> Doing prefit: ch6,WZ
>> Doing prefit: ch6,ZZ
>> Doing prefit: ch6,data_fakes
>> Doing prefit: ch6,data_flips
>> Doing prefit: ch6,tHW
>> Doing prefit: ch6,tHq
>> Doing prefit: ch6,tZq
>> Doing prefit: ch6,ttH
>> Doing prefit: ch6,ttVV
>> Doing prefit: ch6,TotalBkg
>> Doing prefit: ch6,TotalSig
>> Doing prefit: ch6,TotalProcs
>> Doing prefit: ch7,Convs
>> Doing prefit: ch7,Rares
>> Doing prefit: ch7,TTW_mll_bin0
>> Doing prefit: ch7,TTW_mll_bin1
>> Doing prefit: ch7,TTW_mll_bin2
>> Doing prefit: ch7,TTW_mll_bin3
>> Doing prefit: ch7,TTW_ooa
>> Doing prefit: ch7,TTZ
>> Doing prefit: ch7,VVV
>> Doing prefit: ch7,WZ
>> Doing prefit: ch7,ZZ
>> Doing prefit: ch7,data_fakes
>> Doing prefit: ch7,data_flips
>> Doing prefit: ch7,tHW
>> Doing prefit: ch7,tHq
>> Doing prefit: ch7,tZq
>> Doing prefit: ch7,ttH
>> Doing prefit: ch7,ttVV
>> Doing prefit: ch7,TotalBkg
>> Doing prefit: ch7,TotalSig
>> Doing prefit: ch7,TotalProcs
>> Doing prefit: ch8,Convs
>> Doing prefit: ch8,Rares
>> Doing prefit: ch8,TTW_mll_bin0
>> Doing prefit: ch8,TTW_mll_bin1
>> Doing prefit: ch8,TTW_mll_bin2
>> Doing prefit: ch8,TTW_mll_bin3
>> Doing prefit: ch8,TTW_ooa
>> Doing prefit: ch8,TTZ
>> Doing prefit: ch8,VVV
>> Doing prefit: ch8,WZ
>> Doing prefit: ch8,ZZ
>> Doing prefit: ch8,data_fakes
>> Doing prefit: ch8,data_flips
>> Doing prefit: ch8,tHW
>> Doing prefit: ch8,tHq
>> Doing prefit: ch8,tZq
>> Doing prefit: ch8,ttH
>> Doing prefit: ch8,ttVV
>> Doing prefit: ch8,TotalBkg
>> Doing prefit: ch8,TotalSig
>> Doing prefit: ch8,TotalProcs
>> Doing prefit: ch9,Rares
>> Doing prefit: ch9,TTW_mll_bin0
>> Doing prefit: ch9,TTW_mll_bin1
>> Doing prefit: ch9,TTW_mll_bin2
>> Doing prefit: ch9,TTW_mll_bin3
>> Doing prefit: ch9,TTW_ooa
>> Doing prefit: ch9,TTZ
>> Doing prefit: ch9,VVV
>> Doing prefit: ch9,WZ
>> Doing prefit: ch9,ZZ
>> Doing prefit: ch9,data_fakes
>> Doing prefit: ch9,tHW
>> Doing prefit: ch9,tHq
>> Doing prefit: ch9,tZq
>> Doing prefit: ch9,ttH
>> Doing prefit: ch9,ttVV
>> Doing prefit: ch9,TotalBkg
>> Doing prefit: ch9,TotalSig
>> Doing prefit: ch9,TotalProcs
Bin                       Total relative bkg uncert. (prefit)
----------------------------------------------------------
ch1                       0.14950   
ch10                      0.15984   
ch11                      0.10769   
ch12                      0.14574   
ch2                       0.13330   
ch3                       0.11852   
ch4                       0.14642   
ch5                       0.18656   
ch6                       0.11508   
ch7                       0.15133   
ch8                       0.12467   
ch9                       0.15627   
>> Doing postfit: TotalBkg
>> Doing postfit: TotalSig
>> Doing postfit: TotalProcs
>> Doing postfit: ch1,Rares
>> Doing postfit: ch1,TTW_mll_bin0
>> Doing postfit: ch1,TTW_mll_bin1
>> Doing postfit: ch1,TTW_mll_bin2
>> Doing postfit: ch1,TTW_mll_bin3
>> Doing postfit: ch1,TTW_ooa
>> Doing postfit: ch1,TTZ
>> Doing postfit: ch1,VVV
>> Doing postfit: ch1,WZ
>> Doing postfit: ch1,ZZ
>> Doing postfit: ch1,data_fakes
>> Doing postfit: ch1,tHW
>> Doing postfit: ch1,tHq
>> Doing postfit: ch1,tZq
>> Doing postfit: ch1,ttH
>> Doing postfit: ch1,ttVV
>> Doing postfit: ch1,TotalBkg
>> Doing postfit: ch1,TotalSig
>> Doing postfit: ch1,TotalProcs
>> Doing postfit: ch10,Convs
>> Doing postfit: ch10,Rares
>> Doing postfit: ch10,TTW_mll_bin0
>> Doing postfit: ch10,TTW_mll_bin1
>> Doing postfit: ch10,TTW_mll_bin2
>> Doing postfit: ch10,TTW_mll_bin3
>> Doing postfit: ch10,TTW_ooa
>> Doing postfit: ch10,TTZ
>> Doing postfit: ch10,VVV
>> Doing postfit: ch10,WZ
>> Doing postfit: ch10,ZZ
>> Doing postfit: ch10,data_fakes
>> Doing postfit: ch10,data_flips
>> Doing postfit: ch10,tHW
>> Doing postfit: ch10,tHq
>> Doing postfit: ch10,tZq
>> Doing postfit: ch10,ttH
>> Doing postfit: ch10,ttVV
>> Doing postfit: ch10,TotalBkg
>> Doing postfit: ch10,TotalSig
>> Doing postfit: ch10,TotalProcs
>> Doing postfit: ch11,Convs
>> Doing postfit: ch11,Rares
>> Doing postfit: ch11,TTW_mll_bin0
>> Doing postfit: ch11,TTW_mll_bin1
>> Doing postfit: ch11,TTW_mll_bin2
>> Doing postfit: ch11,TTW_mll_bin3
>> Doing postfit: ch11,TTW_ooa
>> Doing postfit: ch11,TTZ
>> Doing postfit: ch11,VVV
>> Doing postfit: ch11,WZ
>> Doing postfit: ch11,ZZ
>> Doing postfit: ch11,data_fakes
>> Doing postfit: ch11,data_flips
>> Doing postfit: ch11,tHW
>> Doing postfit: ch11,tHq
>> Doing postfit: ch11,tZq
>> Doing postfit: ch11,ttH
>> Doing postfit: ch11,ttVV
>> Doing postfit: ch11,TotalBkg
>> Doing postfit: ch11,TotalSig
>> Doing postfit: ch11,TotalProcs
>> Doing postfit: ch12,Rares
>> Doing postfit: ch12,TTW_mll_bin0
>> Doing postfit: ch12,TTW_mll_bin1
>> Doing postfit: ch12,TTW_mll_bin2
>> Doing postfit: ch12,TTW_mll_bin3
>> Doing postfit: ch12,TTW_ooa
>> Doing postfit: ch12,TTZ
>> Doing postfit: ch12,VVV
>> Doing postfit: ch12,WZ
>> Doing postfit: ch12,ZZ
>> Doing postfit: ch12,data_fakes
>> Doing postfit: ch12,tHW
>> Doing postfit: ch12,tHq
>> Doing postfit: ch12,tZq
>> Doing postfit: ch12,ttH
>> Doing postfit: ch12,ttVV
>> Doing postfit: ch12,TotalBkg
>> Doing postfit: ch12,TotalSig
>> Doing postfit: ch12,TotalProcs
>> Doing postfit: ch2,Convs
>> Doing postfit: ch2,Rares
>> Doing postfit: ch2,TTW_mll_bin0
>> Doing postfit: ch2,TTW_mll_bin1
>> Doing postfit: ch2,TTW_mll_bin2
>> Doing postfit: ch2,TTW_mll_bin3
>> Doing postfit: ch2,TTW_ooa
>> Doing postfit: ch2,TTZ
>> Doing postfit: ch2,VVV
>> Doing postfit: ch2,WZ
>> Doing postfit: ch2,ZZ
>> Doing postfit: ch2,data_fakes
>> Doing postfit: ch2,data_flips
>> Doing postfit: ch2,tHW
>> Doing postfit: ch2,tHq
>> Doing postfit: ch2,tZq
>> Doing postfit: ch2,ttH
>> Doing postfit: ch2,ttVV
>> Doing postfit: ch2,TotalBkg
>> Doing postfit: ch2,TotalSig
>> Doing postfit: ch2,TotalProcs
>> Doing postfit: ch3,Convs
>> Doing postfit: ch3,Rares
>> Doing postfit: ch3,TTW_mll_bin0
>> Doing postfit: ch3,TTW_mll_bin1
>> Doing postfit: ch3,TTW_mll_bin2
>> Doing postfit: ch3,TTW_mll_bin3
>> Doing postfit: ch3,TTW_ooa
>> Doing postfit: ch3,TTZ
>> Doing postfit: ch3,VVV
>> Doing postfit: ch3,WZ
>> Doing postfit: ch3,ZZ
>> Doing postfit: ch3,data_fakes
>> Doing postfit: ch3,data_flips
>> Doing postfit: ch3,tHW
>> Doing postfit: ch3,tHq
>> Doing postfit: ch3,tZq
>> Doing postfit: ch3,ttH
>> Doing postfit: ch3,ttVV
>> Doing postfit: ch3,TotalBkg
>> Doing postfit: ch3,TotalSig
>> Doing postfit: ch3,TotalProcs
>> Doing postfit: ch4,Rares
>> Doing postfit: ch4,TTW_mll_bin0
>> Doing postfit: ch4,TTW_mll_bin1
>> Doing postfit: ch4,TTW_mll_bin2
>> Doing postfit: ch4,TTW_mll_bin3
>> Doing postfit: ch4,TTW_ooa
>> Doing postfit: ch4,TTZ
>> Doing postfit: ch4,VVV
>> Doing postfit: ch4,WZ
>> Doing postfit: ch4,ZZ
>> Doing postfit: ch4,data_fakes
>> Doing postfit: ch4,tHW
>> Doing postfit: ch4,tHq
>> Doing postfit: ch4,tZq
>> Doing postfit: ch4,ttH
>> Doing postfit: ch4,ttVV
>> Doing postfit: ch4,TotalBkg
>> Doing postfit: ch4,TotalSig
>> Doing postfit: ch4,TotalProcs
>> Doing postfit: ch5,Convs
>> Doing postfit: ch5,Rares
>> Doing postfit: ch5,TTW_mll_bin0
>> Doing postfit: ch5,TTW_mll_bin1
>> Doing postfit: ch5,TTW_mll_bin2
>> Doing postfit: ch5,TTW_mll_bin3
>> Doing postfit: ch5,TTW_ooa
>> Doing postfit: ch5,TTZ
>> Doing postfit: ch5,VVV
>> Doing postfit: ch5,WZ
>> Doing postfit: ch5,ZZ
>> Doing postfit: ch5,data_fakes
>> Doing postfit: ch5,data_flips
>> Doing postfit: ch5,tHW
>> Doing postfit: ch5,tHq
>> Doing postfit: ch5,tZq
>> Doing postfit: ch5,ttH
>> Doing postfit: ch5,ttVV
>> Doing postfit: ch5,TotalBkg
>> Doing postfit: ch5,TotalSig
>> Doing postfit: ch5,TotalProcs
>> Doing postfit: ch6,Convs
>> Doing postfit: ch6,Rares
>> Doing postfit: ch6,TTW_mll_bin0
>> Doing postfit: ch6,TTW_mll_bin1
>> Doing postfit: ch6,TTW_mll_bin2
>> Doing postfit: ch6,TTW_mll_bin3
>> Doing postfit: ch6,TTW_ooa
>> Doing postfit: ch6,TTZ
>> Doing postfit: ch6,VVV
>> Doing postfit: ch6,WZ
>> Doing postfit: ch6,ZZ
>> Doing postfit: ch6,data_fakes
>> Doing postfit: ch6,data_flips
>> Doing postfit: ch6,tHW
>> Doing postfit: ch6,tHq
>> Doing postfit: ch6,tZq
>> Doing postfit: ch6,ttH
>> Doing postfit: ch6,ttVV
>> Doing postfit: ch6,TotalBkg
>> Doing postfit: ch6,TotalSig
>> Doing postfit: ch6,TotalProcs
>> Doing postfit: ch7,Convs
>> Doing postfit: ch7,Rares
>> Doing postfit: ch7,TTW_mll_bin0
>> Doing postfit: ch7,TTW_mll_bin1
>> Doing postfit: ch7,TTW_mll_bin2
>> Doing postfit: ch7,TTW_mll_bin3
>> Doing postfit: ch7,TTW_ooa
>> Doing postfit: ch7,TTZ
>> Doing postfit: ch7,VVV
>> Doing postfit: ch7,WZ
>> Doing postfit: ch7,ZZ
>> Doing postfit: ch7,data_fakes
>> Doing postfit: ch7,data_flips
>> Doing postfit: ch7,tHW
>> Doing postfit: ch7,tHq
>> Doing postfit: ch7,tZq
>> Doing postfit: ch7,ttH
>> Doing postfit: ch7,ttVV
>> Doing postfit: ch7,TotalBkg
>> Doing postfit: ch7,TotalSig
>> Doing postfit: ch7,TotalProcs
>> Doing postfit: ch8,Convs
>> Doing postfit: ch8,Rares
>> Doing postfit: ch8,TTW_mll_bin0
>> Doing postfit: ch8,TTW_mll_bin1
>> Doing postfit: ch8,TTW_mll_bin2
>> Doing postfit: ch8,TTW_mll_bin3
>> Doing postfit: ch8,TTW_ooa
>> Doing postfit: ch8,TTZ
>> Doing postfit: ch8,VVV
>> Doing postfit: ch8,WZ
>> Doing postfit: ch8,ZZ
>> Doing postfit: ch8,data_fakes
>> Doing postfit: ch8,data_flips
>> Doing postfit: ch8,tHW
>> Doing postfit: ch8,tHq
>> Doing postfit: ch8,tZq
>> Doing postfit: ch8,ttH
>> Doing postfit: ch8,ttVV
>> Doing postfit: ch8,TotalBkg
>> Doing postfit: ch8,TotalSig
>> Doing postfit: ch8,TotalProcs
>> Doing postfit: ch9,Rares
>> Doing postfit: ch9,TTW_mll_bin0
>> Doing postfit: ch9,TTW_mll_bin1
>> Doing postfit: ch9,TTW_mll_bin2
>> Doing postfit: ch9,TTW_mll_bin3
>> Doing postfit: ch9,TTW_ooa
>> Doing postfit: ch9,TTZ
>> Doing postfit: ch9,VVV
>> Doing postfit: ch9,WZ
>> Doing postfit: ch9,ZZ
>> Doing postfit: ch9,data_fakes
>> Doing postfit: ch9,tHW
>> Doing postfit: ch9,tHq
>> Doing postfit: ch9,tZq
>> Doing postfit: ch9,ttH
>> Doing postfit: ch9,ttVV
>> Doing postfit: ch9,TotalBkg
>> Doing postfit: ch9,TotalSig
>> Doing postfit: ch9,TotalProcs

Bin                       Total relative bkg uncert. (postfit)
----------------------------------------------------------
ch1                       0.42305   
ch10                      0.08778   
ch11                      0.06282   
ch12                      0.07382   
ch2                       0.09472   
ch3                       0.07648   
ch4                       0.08804   
ch5                       0.11180   
ch6                       0.07722   
ch7                       0.10063   
ch8                       0.08626   
ch9                       0.09029   

Bin                       Process              Scale factor
----------------------------------------------------------
ch1                       Rares                1.07600   
ch1                       TTW_mll_bin0         1.23944   
ch1                       TTW_mll_bin1         1.23933   
ch1                       TTW_mll_bin2         1.41279   
ch1                       TTW_mll_bin3         1.49395   
ch1                       TTW_ooa              1.11463   
ch1                       TTZ                  1.13414   
ch1                       VVV                  216.73828 
ch1                       WZ                   1.07794   
ch1                       ZZ                   1.89107   
ch1                       data_fakes           0.94787   
ch1                       tHW                  1.04614   
ch1                       tHq                  1.08213   
ch1                       tZq                  1.17210   
ch1                       ttH                  1.03551   
ch1                       ttVV                 1.04303   
ch10                      Convs                1.03810   
ch10                      Rares                1.19929   
ch10                      TTW_mll_bin0         1.27770   
ch10                      TTW_mll_bin1         1.27855   
ch10                      TTW_mll_bin2         1.43558   
ch10                      TTW_mll_bin3         1.54531   
ch10                      TTW_ooa              1.10494   
ch10                      TTZ                  1.12468   
ch10                      VVV                  1.31276   
ch10                      WZ                   0.97549   
ch10                      ZZ                   1.08317   
ch10                      data_fakes           1.40338   
ch10                      data_flips           0.98245   
ch10                      tHW                  1.04428   
ch10                      tHq                  1.07474   
ch10                      tZq                  1.20135   
ch10                      ttH                  1.04509   
ch10                      ttVV                 1.08892   
ch11                      Convs                1.10521   
ch11                      Rares                1.16758   
ch11                      TTW_mll_bin0         1.24505   
ch11                      TTW_mll_bin1         1.24390   
ch11                      TTW_mll_bin2         1.41561   
ch11                      TTW_mll_bin3         1.51378   
ch11                      TTW_ooa              1.06948   
ch11                      TTZ                  1.18030   
ch11                      VVV                  1.67725   
ch11                      WZ                   1.04209   
ch11                      ZZ                   1.24794   
ch11                      data_fakes           1.11622   
ch11                      data_flips           0.98264   
ch11                      tHW                  1.03428   
ch11                      tHq                  1.04193   
ch11                      tZq                  1.09339   
ch11                      ttH                  1.02181   
ch11                      ttVV                 1.06390   
ch12                      Rares                1.27141   
ch12                      TTW_mll_bin0         1.20951   
ch12                      TTW_mll_bin1         1.21253   
ch12                      TTW_mll_bin2         1.38508   
ch12                      TTW_mll_bin3         1.47005   
ch12                      TTW_ooa              1.01543   
ch12                      TTZ                  1.11282   
ch12                      VVV                  1.63809   
ch12                      WZ                   1.07672   
ch12                      ZZ                   1.39604   
ch12                      data_fakes           0.95944   
ch12                      tHW                  1.00851   
ch12                      tHq                  1.02920   
ch12                      tZq                  1.19663   
ch12                      ttH                  1.01500   
ch12                      ttVV                 1.02944   
ch2                       Convs                1.17594   
ch2                       Rares                1.22041   
ch2                       TTW_mll_bin0         1.31112   
ch2                       TTW_mll_bin1         1.28423   
ch2                       TTW_mll_bin2         1.47219   
ch2                       TTW_mll_bin3         1.60217   
ch2                       TTW_ooa              1.16323   
ch2                       TTZ                  1.16444   
ch2                       VVV                  1.72000   
ch2                       WZ                   1.04324   
ch2                       ZZ                   1.66919   
ch2                       data_fakes           1.35150   
ch2                       data_flips           0.98287   
ch2                       tHW                  1.07583   
ch2                       tHq                  1.11983   
ch2                       tZq                  1.17187   
ch2                       ttH                  1.06683   
ch2                       ttVV                 1.09675   
ch3                       Convs                1.24675   
ch3                       Rares                1.20682   
ch3                       TTW_mll_bin0         1.25414   
ch3                       TTW_mll_bin1         1.25631   
ch3                       TTW_mll_bin2         1.43547   
ch3                       TTW_mll_bin3         1.55044   
ch3                       TTW_ooa              1.09166   
ch3                       TTZ                  1.13460   
ch3                       VVV                  1.63292   
ch3                       WZ                   1.02008   
ch3                       ZZ                   1.23152   
ch3                       data_fakes           1.15545   
ch3                       data_flips           0.98273   
ch3                       tHW                  1.03648   
ch3                       tHq                  1.05099   
ch3                       tZq                  1.15921   
ch3                       ttH                  1.04241   
ch3                       ttVV                 1.07344   
ch4                       Rares                1.40252   
ch4                       TTW_mll_bin0         1.21103   
ch4                       TTW_mll_bin1         1.21572   
ch4                       TTW_mll_bin2         1.38191   
ch4                       TTW_mll_bin3         1.47184   
ch4                       TTW_ooa              1.04532   
ch4                       TTZ                  1.12845   
ch4                       VVV                  1.44578   
ch4                       WZ                   1.00041   
ch4                       ZZ                   1.65041   
ch4                       data_fakes           0.93906   
ch4                       tHW                  1.00970   
ch4                       tHq                  1.01822   
ch4                       tZq                  1.06110   
ch4                       ttH                  1.01002   
ch4                       ttVV                 1.02996   
ch5                       Convs                1.12199   
ch5                       Rares                1.27244   
ch5                       TTW_mll_bin0         1.28653   
ch5                       TTW_mll_bin1         1.35270   
ch5                       TTW_mll_bin2         1.51250   
ch5                       TTW_mll_bin3         1.62743   
ch5                       TTW_ooa              1.14580   
ch5                       TTZ                  1.21905   
ch5                       VVV                  1.75734   
ch5                       WZ                   1.28693   
ch5                       ZZ                   2.39819   
ch5                       data_fakes           1.48437   
ch5                       data_flips           0.98195   
ch5                       tHW                  1.14817   
ch5                       tHq                  1.17443   
ch5                       tZq                  1.40483   
ch5                       ttH                  1.10818   
ch5                       ttVV                 1.10332   
ch6                       Convs                1.19500   
ch6                       Rares                1.20869   
ch6                       TTW_mll_bin0         1.28359   
ch6                       TTW_mll_bin1         1.28363   
ch6                       TTW_mll_bin2         1.45478   
ch6                       TTW_mll_bin3         1.59062   
ch6                       TTW_ooa              1.16384   
ch6                       TTZ                  1.14334   
ch6                       VVV                  2.16952   
ch6                       WZ                   1.22037   
ch6                       ZZ                   1.63689   
ch6                       data_fakes           1.17054   
ch6                       data_flips           0.98292   
ch6                       tHW                  1.12129   
ch6                       tHq                  1.09522   
ch6                       tZq                  1.17724   
ch6                       ttH                  1.07080   
ch6                       ttVV                 1.07628   
ch7                       Convs                1.09710   
ch7                       Rares                1.31945   
ch7                       TTW_mll_bin0         1.28144   
ch7                       TTW_mll_bin1         1.29317   
ch7                       TTW_mll_bin2         1.47034   
ch7                       TTW_mll_bin3         1.58001   
ch7                       TTW_ooa              1.12737   
ch7                       TTZ                  1.11942   
ch7                       VVV                  1.70046   
ch7                       WZ                   1.12251   
ch7                       ZZ                   1.42345   
ch7                       data_fakes           1.37061   
ch7                       data_flips           0.98259   
ch7                       tHW                  1.06963   
ch7                       tHq                  1.07223   
ch7                       tZq                  1.23104   
ch7                       ttH                  1.07344   
ch7                       ttVV                 1.10495   
ch8                       Convs                1.03646   
ch8                       Rares                1.28281   
ch8                       TTW_mll_bin0         1.26476   
ch8                       TTW_mll_bin1         1.26885   
ch8                       TTW_mll_bin2         1.44981   
ch8                       TTW_mll_bin3         1.55476   
ch8                       TTW_ooa              1.08830   
ch8                       TTZ                  1.21228   
ch8                       VVV                  1.82215   
ch8                       WZ                   1.08137   
ch8                       ZZ                   1.33676   
ch8                       data_fakes           1.12440   
ch8                       data_flips           0.98273   
ch8                       tHW                  1.04788   
ch8                       tHq                  1.07456   
ch8                       tZq                  1.14756   
ch8                       ttH                  1.05866   
ch8                       ttVV                 1.08015   
ch9                       Rares                1.21273   
ch9                       TTW_mll_bin0         1.23180   
ch9                       TTW_mll_bin1         1.23585   
ch9                       TTW_mll_bin2         1.41898   
ch9                       TTW_mll_bin3         1.51535   
ch9                       TTW_ooa              1.05866   
ch9                       TTZ                  1.12872   
ch9                       VVV                  1.63527   
ch9                       WZ                   1.00141   
ch9                       ZZ                   1.06794   
ch9                       data_fakes           0.94664   
ch9                       tHW                  1.03215   
ch9                       tHq                  1.02953   
ch9                       tZq                  1.16704   
ch9                       ttH                  1.03428   
ch9                       ttVV                 1.05381   
