WARNING: the default behaviour of PostFitShapesFromWorkspace is to use the covariance matrix sampling method for the post-fit uncertainty. The option --sampling is deprecated and will be removed in future versions of CombineHarvester
[SetFlag] Changing value of flag "workspaces-use-clone" from 0 to 1
[#1] INFO:ObjectHandling -- RooWorkspace::import(w) importing dataset ch1
[#1] INFO:ObjectHandling -- RooWorkspace::import(w) importing dataset ch10
[#1] INFO:ObjectHandling -- RooWorkspace::import(w) importing dataset ch11
[#1] INFO:ObjectHandling -- RooWorkspace::import(w) importing dataset ch12
[#1] INFO:ObjectHandling -- RooWorkspace::import(w) importing dataset ch13
[#1] INFO:ObjectHandling -- RooWorkspace::import(w) importing dataset ch14
[#1] INFO:ObjectHandling -- RooWorkspace::import(w) importing dataset ch15
[#1] INFO:ObjectHandling -- RooWorkspace::import(w) importing dataset ch16
[#1] INFO:ObjectHandling -- RooWorkspace::import(w) importing dataset ch17
[#1] INFO:ObjectHandling -- RooWorkspace::import(w) importing dataset ch18
[#1] INFO:ObjectHandling -- RooWorkspace::import(w) importing dataset ch19
[#1] INFO:ObjectHandling -- RooWorkspace::import(w) importing dataset ch2
[#1] INFO:ObjectHandling -- RooWorkspace::import(w) importing dataset ch20
[#1] INFO:ObjectHandling -- RooWorkspace::import(w) importing dataset ch21
[#1] INFO:ObjectHandling -- RooWorkspace::import(w) importing dataset ch22
[#1] INFO:ObjectHandling -- RooWorkspace::import(w) importing dataset ch23
[#1] INFO:ObjectHandling -- RooWorkspace::import(w) importing dataset ch24
[#1] INFO:ObjectHandling -- RooWorkspace::import(w) importing dataset ch3
[#1] INFO:ObjectHandling -- RooWorkspace::import(w) importing dataset ch4
[#1] INFO:ObjectHandling -- RooWorkspace::import(w) importing dataset ch5
[#1] INFO:ObjectHandling -- RooWorkspace::import(w) importing dataset ch6
[#1] INFO:ObjectHandling -- RooWorkspace::import(w) importing dataset ch7
[#1] INFO:ObjectHandling -- RooWorkspace::import(w) importing dataset ch8
[#1] INFO:ObjectHandling -- RooWorkspace::import(w) importing dataset ch9
[SetFlag] Changing value of flag "workspaces-use-clone" from 0 to 1
>> Doing prefit: TotalBkg
>> Doing prefit: TotalSig
>> Doing prefit: TotalProcs
>> Doing prefit: ch1,Convs
>> Doing prefit: ch1,Rares
>> Doing prefit: ch1,TTW_lep2_pt_bin0
>> Doing prefit: ch1,TTW_lep2_pt_bin1
>> Doing prefit: ch1,TTW_lep2_pt_bin2
>> Doing prefit: ch1,TTW_ooa
>> Doing prefit: ch1,TTZ
>> Doing prefit: ch1,VVV
>> Doing prefit: ch1,WZ
>> Doing prefit: ch1,ZZ
>> Doing prefit: ch1,data_fakes
>> Doing prefit: ch1,data_flips
>> Doing prefit: ch1,tHW
>> Doing prefit: ch1,tHq
>> Doing prefit: ch1,tZq
>> Doing prefit: ch1,ttH
>> Doing prefit: ch1,ttVV
>> Doing prefit: ch1,TotalBkg
>> Doing prefit: ch1,TotalSig
>> Doing prefit: ch1,TotalProcs
>> Doing prefit: ch10,Convs
>> Doing prefit: ch10,Rares
>> Doing prefit: ch10,TTW_lep2_pt_bin0
>> Doing prefit: ch10,TTW_lep2_pt_bin1
>> Doing prefit: ch10,TTW_lep2_pt_bin2
>> Doing prefit: ch10,TTW_ooa
>> Doing prefit: ch10,TTZ
>> Doing prefit: ch10,VVV
>> Doing prefit: ch10,WZ
>> Doing prefit: ch10,ZZ
>> Doing prefit: ch10,data_fakes
>> Doing prefit: ch10,data_flips
>> Doing prefit: ch10,tHW
>> Doing prefit: ch10,tHq
>> Doing prefit: ch10,tZq
>> Doing prefit: ch10,ttH
>> Doing prefit: ch10,ttVV
>> Doing prefit: ch10,TotalBkg
>> Doing prefit: ch10,TotalSig
>> Doing prefit: ch10,TotalProcs
>> Doing prefit: ch11,Convs
>> Doing prefit: ch11,Rares
>> Doing prefit: ch11,TTW_lep2_pt_bin0
>> Doing prefit: ch11,TTW_lep2_pt_bin1
>> Doing prefit: ch11,TTW_lep2_pt_bin2
>> Doing prefit: ch11,TTW_ooa
>> Doing prefit: ch11,TTZ
>> Doing prefit: ch11,VVV
>> Doing prefit: ch11,WZ
>> Doing prefit: ch11,ZZ
>> Doing prefit: ch11,data_fakes
>> Doing prefit: ch11,data_flips
>> Doing prefit: ch11,tHW
>> Doing prefit: ch11,tHq
>> Doing prefit: ch11,tZq
>> Doing prefit: ch11,ttH
>> Doing prefit: ch11,ttVV
>> Doing prefit: ch11,TotalBkg
>> Doing prefit: ch11,TotalSig
>> Doing prefit: ch11,TotalProcs
>> Doing prefit: ch12,Rares
>> Doing prefit: ch12,TTW_lep2_pt_bin0
>> Doing prefit: ch12,TTW_lep2_pt_bin1
>> Doing prefit: ch12,TTW_lep2_pt_bin2
>> Doing prefit: ch12,TTW_ooa
>> Doing prefit: ch12,TTZ
>> Doing prefit: ch12,VVV
>> Doing prefit: ch12,WZ
>> Doing prefit: ch12,ZZ
>> Doing prefit: ch12,data_fakes
>> Doing prefit: ch12,tHW
>> Doing prefit: ch12,tHq
>> Doing prefit: ch12,tZq
>> Doing prefit: ch12,ttH
>> Doing prefit: ch12,ttVV
>> Doing prefit: ch12,TotalBkg
>> Doing prefit: ch12,TotalSig
>> Doing prefit: ch12,TotalProcs
>> Doing prefit: ch13,Convs
>> Doing prefit: ch13,Rares
>> Doing prefit: ch13,TTW_lep2_pt_bin0
>> Doing prefit: ch13,TTW_lep2_pt_bin1
>> Doing prefit: ch13,TTW_lep2_pt_bin2
>> Doing prefit: ch13,TTW_ooa
>> Doing prefit: ch13,TTZ
>> Doing prefit: ch13,VVV
>> Doing prefit: ch13,WZ
>> Doing prefit: ch13,ZZ
>> Doing prefit: ch13,data_fakes
>> Doing prefit: ch13,data_flips
>> Doing prefit: ch13,tHW
>> Doing prefit: ch13,tHq
>> Doing prefit: ch13,tZq
>> Doing prefit: ch13,ttH
>> Doing prefit: ch13,ttVV
>> Doing prefit: ch13,TotalBkg
>> Doing prefit: ch13,TotalSig
>> Doing prefit: ch13,TotalProcs
>> Doing prefit: ch14,Convs
>> Doing prefit: ch14,Rares
>> Doing prefit: ch14,TTW_lep2_pt_bin0
>> Doing prefit: ch14,TTW_lep2_pt_bin1
>> Doing prefit: ch14,TTW_lep2_pt_bin2
>> Doing prefit: ch14,TTW_ooa
>> Doing prefit: ch14,TTZ
>> Doing prefit: ch14,VVV
>> Doing prefit: ch14,WZ
>> Doing prefit: ch14,ZZ
>> Doing prefit: ch14,data_fakes
>> Doing prefit: ch14,data_flips
>> Doing prefit: ch14,tHW
>> Doing prefit: ch14,tHq
>> Doing prefit: ch14,tZq
>> Doing prefit: ch14,ttH
>> Doing prefit: ch14,ttVV
>> Doing prefit: ch14,TotalBkg
>> Doing prefit: ch14,TotalSig
>> Doing prefit: ch14,TotalProcs
>> Doing prefit: ch15,Rares
>> Doing prefit: ch15,TTW_lep2_pt_bin0
>> Doing prefit: ch15,TTW_lep2_pt_bin1
>> Doing prefit: ch15,TTW_lep2_pt_bin2
>> Doing prefit: ch15,TTW_ooa
>> Doing prefit: ch15,TTZ
>> Doing prefit: ch15,VVV
>> Doing prefit: ch15,WZ
>> Doing prefit: ch15,ZZ
>> Doing prefit: ch15,data_fakes
>> Doing prefit: ch15,tHW
>> Doing prefit: ch15,tHq
>> Doing prefit: ch15,tZq
>> Doing prefit: ch15,ttH
>> Doing prefit: ch15,ttVV
>> Doing prefit: ch15,TotalBkg
>> Doing prefit: ch15,TotalSig
>> Doing prefit: ch15,TotalProcs
>> Doing prefit: ch16,Convs
>> Doing prefit: ch16,Rares
>> Doing prefit: ch16,TTW_lep2_pt_bin0
>> Doing prefit: ch16,TTW_lep2_pt_bin1
>> Doing prefit: ch16,TTW_lep2_pt_bin2
>> Doing prefit: ch16,TTW_ooa
>> Doing prefit: ch16,TTZ
>> Doing prefit: ch16,VVV
>> Doing prefit: ch16,WZ
>> Doing prefit: ch16,ZZ
>> Doing prefit: ch16,data_fakes
>> Doing prefit: ch16,data_flips
>> Doing prefit: ch16,tHW
>> Doing prefit: ch16,tHq
>> Doing prefit: ch16,tZq
>> Doing prefit: ch16,ttH
>> Doing prefit: ch16,ttVV
>> Doing prefit: ch16,TotalBkg
>> Doing prefit: ch16,TotalSig
>> Doing prefit: ch16,TotalProcs
>> Doing prefit: ch17,Convs
>> Doing prefit: ch17,Rares
>> Doing prefit: ch17,TTW_lep2_pt_bin0
>> Doing prefit: ch17,TTW_lep2_pt_bin1
>> Doing prefit: ch17,TTW_lep2_pt_bin2
>> Doing prefit: ch17,TTW_ooa
>> Doing prefit: ch17,TTZ
>> Doing prefit: ch17,VVV
>> Doing prefit: ch17,WZ
>> Doing prefit: ch17,ZZ
>> Doing prefit: ch17,data_fakes
>> Doing prefit: ch17,data_flips
>> Doing prefit: ch17,tHW
>> Doing prefit: ch17,tHq
>> Doing prefit: ch17,tZq
>> Doing prefit: ch17,ttH
>> Doing prefit: ch17,ttVV
>> Doing prefit: ch17,TotalBkg
>> Doing prefit: ch17,TotalSig
>> Doing prefit: ch17,TotalProcs
>> Doing prefit: ch18,Rares
>> Doing prefit: ch18,TTW_lep2_pt_bin0
>> Doing prefit: ch18,TTW_lep2_pt_bin1
>> Doing prefit: ch18,TTW_lep2_pt_bin2
>> Doing prefit: ch18,TTW_ooa
>> Doing prefit: ch18,TTZ
>> Doing prefit: ch18,VVV
>> Doing prefit: ch18,WZ
>> Doing prefit: ch18,ZZ
>> Doing prefit: ch18,data_fakes
>> Doing prefit: ch18,tHW
>> Doing prefit: ch18,tHq
>> Doing prefit: ch18,tZq
>> Doing prefit: ch18,ttH
>> Doing prefit: ch18,ttVV
>> Doing prefit: ch18,TotalBkg
>> Doing prefit: ch18,TotalSig
>> Doing prefit: ch18,TotalProcs
>> Doing prefit: ch19,Convs
>> Doing prefit: ch19,Rares
>> Doing prefit: ch19,TTW_lep2_pt_bin0
>> Doing prefit: ch19,TTW_lep2_pt_bin1
>> Doing prefit: ch19,TTW_lep2_pt_bin2
>> Doing prefit: ch19,TTW_ooa
>> Doing prefit: ch19,TTZ
>> Doing prefit: ch19,VVV
>> Doing prefit: ch19,WZ
>> Doing prefit: ch19,ZZ
>> Doing prefit: ch19,data_fakes
>> Doing prefit: ch19,data_flips
>> Doing prefit: ch19,tHW
>> Doing prefit: ch19,tHq
>> Doing prefit: ch19,tZq
>> Doing prefit: ch19,ttH
>> Doing prefit: ch19,ttVV
>> Doing prefit: ch19,TotalBkg
>> Doing prefit: ch19,TotalSig
>> Doing prefit: ch19,TotalProcs
>> Doing prefit: ch2,Convs
>> Doing prefit: ch2,Rares
>> Doing prefit: ch2,TTW_lep2_pt_bin0
>> Doing prefit: ch2,TTW_lep2_pt_bin1
>> Doing prefit: ch2,TTW_lep2_pt_bin2
>> Doing prefit: ch2,TTW_ooa
>> Doing prefit: ch2,TTZ
>> Doing prefit: ch2,VVV
>> Doing prefit: ch2,WZ
>> Doing prefit: ch2,ZZ
>> Doing prefit: ch2,data_fakes
>> Doing prefit: ch2,data_flips
>> Doing prefit: ch2,tHW
>> Doing prefit: ch2,tHq
>> Doing prefit: ch2,tZq
>> Doing prefit: ch2,ttH
>> Doing prefit: ch2,ttVV
>> Doing prefit: ch2,TotalBkg
>> Doing prefit: ch2,TotalSig
>> Doing prefit: ch2,TotalProcs
>> Doing prefit: ch20,Convs
>> Doing prefit: ch20,Rares
>> Doing prefit: ch20,TTW_lep2_pt_bin0
>> Doing prefit: ch20,TTW_lep2_pt_bin1
>> Doing prefit: ch20,TTW_lep2_pt_bin2
>> Doing prefit: ch20,TTW_ooa
>> Doing prefit: ch20,TTZ
>> Doing prefit: ch20,VVV
>> Doing prefit: ch20,WZ
>> Doing prefit: ch20,ZZ
>> Doing prefit: ch20,data_fakes
>> Doing prefit: ch20,data_flips
>> Doing prefit: ch20,tHW
>> Doing prefit: ch20,tHq
>> Doing prefit: ch20,tZq
>> Doing prefit: ch20,ttH
>> Doing prefit: ch20,ttVV
>> Doing prefit: ch20,TotalBkg
>> Doing prefit: ch20,TotalSig
>> Doing prefit: ch20,TotalProcs
>> Doing prefit: ch21,Rares
>> Doing prefit: ch21,TTW_lep2_pt_bin0
>> Doing prefit: ch21,TTW_lep2_pt_bin1
>> Doing prefit: ch21,TTW_lep2_pt_bin2
>> Doing prefit: ch21,TTW_ooa
>> Doing prefit: ch21,TTZ
>> Doing prefit: ch21,VVV
>> Doing prefit: ch21,WZ
>> Doing prefit: ch21,data_fakes
>> Doing prefit: ch21,tHW
>> Doing prefit: ch21,tHq
>> Doing prefit: ch21,tZq
>> Doing prefit: ch21,ttH
>> Doing prefit: ch21,ttVV
>> Doing prefit: ch21,TotalBkg
>> Doing prefit: ch21,TotalSig
>> Doing prefit: ch21,TotalProcs
>> Doing prefit: ch22,Convs
>> Doing prefit: ch22,Rares
>> Doing prefit: ch22,TTW_lep2_pt_bin0
>> Doing prefit: ch22,TTW_lep2_pt_bin1
>> Doing prefit: ch22,TTW_lep2_pt_bin2
>> Doing prefit: ch22,TTW_ooa
>> Doing prefit: ch22,TTZ
>> Doing prefit: ch22,VVV
>> Doing prefit: ch22,WZ
>> Doing prefit: ch22,ZZ
>> Doing prefit: ch22,data_fakes
>> Doing prefit: ch22,data_flips
>> Doing prefit: ch22,tHW
>> Doing prefit: ch22,tHq
>> Doing prefit: ch22,tZq
>> Doing prefit: ch22,ttH
>> Doing prefit: ch22,ttVV
>> Doing prefit: ch22,TotalBkg
>> Doing prefit: ch22,TotalSig
>> Doing prefit: ch22,TotalProcs
>> Doing prefit: ch23,Convs
>> Doing prefit: ch23,Rares
>> Doing prefit: ch23,TTW_lep2_pt_bin0
>> Doing prefit: ch23,TTW_lep2_pt_bin1
>> Doing prefit: ch23,TTW_lep2_pt_bin2
>> Doing prefit: ch23,TTW_ooa
>> Doing prefit: ch23,TTZ
>> Doing prefit: ch23,VVV
>> Doing prefit: ch23,WZ
>> Doing prefit: ch23,ZZ
>> Doing prefit: ch23,data_fakes
>> Doing prefit: ch23,data_flips
>> Doing prefit: ch23,tHW
>> Doing prefit: ch23,tHq
>> Doing prefit: ch23,tZq
>> Doing prefit: ch23,ttH
>> Doing prefit: ch23,ttVV
>> Doing prefit: ch23,TotalBkg
>> Doing prefit: ch23,TotalSig
>> Doing prefit: ch23,TotalProcs
>> Doing prefit: ch24,Rares
>> Doing prefit: ch24,TTW_lep2_pt_bin0
>> Doing prefit: ch24,TTW_lep2_pt_bin1
>> Doing prefit: ch24,TTW_lep2_pt_bin2
>> Doing prefit: ch24,TTW_ooa
>> Doing prefit: ch24,TTZ
>> Doing prefit: ch24,VVV
>> Doing prefit: ch24,WZ
>> Doing prefit: ch24,ZZ
>> Doing prefit: ch24,data_fakes
>> Doing prefit: ch24,tHW
>> Doing prefit: ch24,tHq
>> Doing prefit: ch24,tZq
>> Doing prefit: ch24,ttH
>> Doing prefit: ch24,ttVV
>> Doing prefit: ch24,TotalBkg
>> Doing prefit: ch24,TotalSig
>> Doing prefit: ch24,TotalProcs
>> Doing prefit: ch3,Rares
>> Doing prefit: ch3,TTW_lep2_pt_bin0
>> Doing prefit: ch3,TTW_lep2_pt_bin1
>> Doing prefit: ch3,TTW_lep2_pt_bin2
>> Doing prefit: ch3,TTW_ooa
>> Doing prefit: ch3,TTZ
>> Doing prefit: ch3,VVV
>> Doing prefit: ch3,WZ
>> Doing prefit: ch3,ZZ
>> Doing prefit: ch3,data_fakes
>> Doing prefit: ch3,tHW
>> Doing prefit: ch3,tHq
>> Doing prefit: ch3,tZq
>> Doing prefit: ch3,ttH
>> Doing prefit: ch3,ttVV
>> Doing prefit: ch3,TotalBkg
>> Doing prefit: ch3,TotalSig
>> Doing prefit: ch3,TotalProcs
>> Doing prefit: ch4,Convs
>> Doing prefit: ch4,Rares
>> Doing prefit: ch4,TTW_lep2_pt_bin0
>> Doing prefit: ch4,TTW_lep2_pt_bin1
>> Doing prefit: ch4,TTW_lep2_pt_bin2
>> Doing prefit: ch4,TTW_ooa
>> Doing prefit: ch4,TTZ
>> Doing prefit: ch4,VVV
>> Doing prefit: ch4,WZ
>> Doing prefit: ch4,ZZ
>> Doing prefit: ch4,data_fakes
>> Doing prefit: ch4,data_flips
>> Doing prefit: ch4,tHW
>> Doing prefit: ch4,tHq
>> Doing prefit: ch4,tZq
>> Doing prefit: ch4,ttH
>> Doing prefit: ch4,ttVV
>> Doing prefit: ch4,TotalBkg
>> Doing prefit: ch4,TotalSig
>> Doing prefit: ch4,TotalProcs
>> Doing prefit: ch5,Convs
>> Doing prefit: ch5,Rares
>> Doing prefit: ch5,TTW_lep2_pt_bin0
>> Doing prefit: ch5,TTW_lep2_pt_bin1
>> Doing prefit: ch5,TTW_lep2_pt_bin2
>> Doing prefit: ch5,TTW_ooa
>> Doing prefit: ch5,TTZ
>> Doing prefit: ch5,VVV
>> Doing prefit: ch5,WZ
>> Doing prefit: ch5,ZZ
>> Doing prefit: ch5,data_fakes
>> Doing prefit: ch5,data_flips
>> Doing prefit: ch5,tHW
>> Doing prefit: ch5,tHq
>> Doing prefit: ch5,tZq
>> Doing prefit: ch5,ttH
>> Doing prefit: ch5,ttVV
>> Doing prefit: ch5,TotalBkg
>> Doing prefit: ch5,TotalSig
>> Doing prefit: ch5,TotalProcs
>> Doing prefit: ch6,Rares
>> Doing prefit: ch6,TTW_lep2_pt_bin0
>> Doing prefit: ch6,TTW_lep2_pt_bin1
>> Doing prefit: ch6,TTW_lep2_pt_bin2
>> Doing prefit: ch6,TTW_ooa
>> Doing prefit: ch6,TTZ
>> Doing prefit: ch6,VVV
>> Doing prefit: ch6,WZ
>> Doing prefit: ch6,ZZ
>> Doing prefit: ch6,data_fakes
>> Doing prefit: ch6,tHW
>> Doing prefit: ch6,tHq
>> Doing prefit: ch6,tZq
>> Doing prefit: ch6,ttH
>> Doing prefit: ch6,ttVV
>> Doing prefit: ch6,TotalBkg
>> Doing prefit: ch6,TotalSig
>> Doing prefit: ch6,TotalProcs
>> Doing prefit: ch7,Convs
>> Doing prefit: ch7,Rares
>> Doing prefit: ch7,TTW_lep2_pt_bin0
>> Doing prefit: ch7,TTW_lep2_pt_bin1
>> Doing prefit: ch7,TTW_lep2_pt_bin2
>> Doing prefit: ch7,TTW_ooa
>> Doing prefit: ch7,TTZ
>> Doing prefit: ch7,VVV
>> Doing prefit: ch7,WZ
>> Doing prefit: ch7,ZZ
>> Doing prefit: ch7,data_fakes
>> Doing prefit: ch7,data_flips
>> Doing prefit: ch7,tHW
>> Doing prefit: ch7,tHq
>> Doing prefit: ch7,tZq
>> Doing prefit: ch7,ttH
>> Doing prefit: ch7,ttVV
>> Doing prefit: ch7,TotalBkg
>> Doing prefit: ch7,TotalSig
>> Doing prefit: ch7,TotalProcs
>> Doing prefit: ch8,Convs
>> Doing prefit: ch8,Rares
>> Doing prefit: ch8,TTW_lep2_pt_bin0
>> Doing prefit: ch8,TTW_lep2_pt_bin1
>> Doing prefit: ch8,TTW_lep2_pt_bin2
>> Doing prefit: ch8,TTW_ooa
>> Doing prefit: ch8,TTZ
>> Doing prefit: ch8,VVV
>> Doing prefit: ch8,WZ
>> Doing prefit: ch8,ZZ
>> Doing prefit: ch8,data_fakes
>> Doing prefit: ch8,data_flips
>> Doing prefit: ch8,tHW
>> Doing prefit: ch8,tHq
>> Doing prefit: ch8,tZq
>> Doing prefit: ch8,ttH
>> Doing prefit: ch8,ttVV
>> Doing prefit: ch8,TotalBkg
>> Doing prefit: ch8,TotalSig
>> Doing prefit: ch8,TotalProcs
>> Doing prefit: ch9,Rares
>> Doing prefit: ch9,TTW_lep2_pt_bin0
>> Doing prefit: ch9,TTW_lep2_pt_bin1
>> Doing prefit: ch9,TTW_lep2_pt_bin2
>> Doing prefit: ch9,TTW_ooa
>> Doing prefit: ch9,TTZ
>> Doing prefit: ch9,VVV
>> Doing prefit: ch9,WZ
>> Doing prefit: ch9,ZZ
>> Doing prefit: ch9,data_fakes
>> Doing prefit: ch9,tHW
>> Doing prefit: ch9,tHq
>> Doing prefit: ch9,tZq
>> Doing prefit: ch9,ttH
>> Doing prefit: ch9,ttVV
>> Doing prefit: ch9,TotalBkg
>> Doing prefit: ch9,TotalSig
>> Doing prefit: ch9,TotalProcs
Bin                       Total relative bkg uncert. (prefit)
----------------------------------------------------------
ch1                       0.15241   
ch10                      0.18694   
ch11                      0.11440   
ch12                      0.15300   
ch13                      0.14621   
ch14                      0.12530   
ch15                      0.17502   
ch16                      0.14883   
ch17                      0.12489   
ch18                      0.15599   
ch19                      0.14917   
ch2                       0.10906   
ch20                      0.11703   
ch21                      0.12251   
ch22                      0.16311   
ch23                      0.10751   
ch24                      0.14555   
ch3                       0.14097   
ch4                       0.13324   
ch5                       0.11942   
ch6                       0.14537   
ch7                       0.16721   
ch8                       0.11986   
ch9                       0.20747   
>> Doing postfit: TotalBkg
>> Doing postfit: TotalSig
>> Doing postfit: TotalProcs
>> Doing postfit: ch1,Convs
>> Doing postfit: ch1,Rares
>> Doing postfit: ch1,TTW_lep2_pt_bin0
>> Doing postfit: ch1,TTW_lep2_pt_bin1
>> Doing postfit: ch1,TTW_lep2_pt_bin2
>> Doing postfit: ch1,TTW_ooa
>> Doing postfit: ch1,TTZ
>> Doing postfit: ch1,VVV
>> Doing postfit: ch1,WZ
>> Doing postfit: ch1,ZZ
>> Doing postfit: ch1,data_fakes
>> Doing postfit: ch1,data_flips
>> Doing postfit: ch1,tHW
>> Doing postfit: ch1,tHq
>> Doing postfit: ch1,tZq
>> Doing postfit: ch1,ttH
>> Doing postfit: ch1,ttVV
>> Doing postfit: ch1,TotalBkg
>> Doing postfit: ch1,TotalSig
>> Doing postfit: ch1,TotalProcs
>> Doing postfit: ch10,Convs
>> Doing postfit: ch10,Rares
>> Doing postfit: ch10,TTW_lep2_pt_bin0
>> Doing postfit: ch10,TTW_lep2_pt_bin1
>> Doing postfit: ch10,TTW_lep2_pt_bin2
>> Doing postfit: ch10,TTW_ooa
>> Doing postfit: ch10,TTZ
>> Doing postfit: ch10,VVV
>> Doing postfit: ch10,WZ
>> Doing postfit: ch10,ZZ
>> Doing postfit: ch10,data_fakes
>> Doing postfit: ch10,data_flips
>> Doing postfit: ch10,tHW
>> Doing postfit: ch10,tHq
>> Doing postfit: ch10,tZq
>> Doing postfit: ch10,ttH
>> Doing postfit: ch10,ttVV
>> Doing postfit: ch10,TotalBkg
>> Doing postfit: ch10,TotalSig
>> Doing postfit: ch10,TotalProcs
>> Doing postfit: ch11,Convs
>> Doing postfit: ch11,Rares
>> Doing postfit: ch11,TTW_lep2_pt_bin0
>> Doing postfit: ch11,TTW_lep2_pt_bin1
>> Doing postfit: ch11,TTW_lep2_pt_bin2
>> Doing postfit: ch11,TTW_ooa
>> Doing postfit: ch11,TTZ
>> Doing postfit: ch11,VVV
>> Doing postfit: ch11,WZ
>> Doing postfit: ch11,ZZ
>> Doing postfit: ch11,data_fakes
>> Doing postfit: ch11,data_flips
>> Doing postfit: ch11,tHW
>> Doing postfit: ch11,tHq
>> Doing postfit: ch11,tZq
>> Doing postfit: ch11,ttH
>> Doing postfit: ch11,ttVV
>> Doing postfit: ch11,TotalBkg
>> Doing postfit: ch11,TotalSig
>> Doing postfit: ch11,TotalProcs
>> Doing postfit: ch12,Rares
>> Doing postfit: ch12,TTW_lep2_pt_bin0
>> Doing postfit: ch12,TTW_lep2_pt_bin1
>> Doing postfit: ch12,TTW_lep2_pt_bin2
>> Doing postfit: ch12,TTW_ooa
>> Doing postfit: ch12,TTZ
>> Doing postfit: ch12,VVV
>> Doing postfit: ch12,WZ
>> Doing postfit: ch12,ZZ
>> Doing postfit: ch12,data_fakes
>> Doing postfit: ch12,tHW
>> Doing postfit: ch12,tHq
>> Doing postfit: ch12,tZq
>> Doing postfit: ch12,ttH
>> Doing postfit: ch12,ttVV
>> Doing postfit: ch12,TotalBkg
>> Doing postfit: ch12,TotalSig
>> Doing postfit: ch12,TotalProcs
>> Doing postfit: ch13,Convs
>> Doing postfit: ch13,Rares
>> Doing postfit: ch13,TTW_lep2_pt_bin0
>> Doing postfit: ch13,TTW_lep2_pt_bin1
>> Doing postfit: ch13,TTW_lep2_pt_bin2
>> Doing postfit: ch13,TTW_ooa
>> Doing postfit: ch13,TTZ
>> Doing postfit: ch13,VVV
>> Doing postfit: ch13,WZ
>> Doing postfit: ch13,ZZ
>> Doing postfit: ch13,data_fakes
>> Doing postfit: ch13,data_flips
>> Doing postfit: ch13,tHW
>> Doing postfit: ch13,tHq
>> Doing postfit: ch13,tZq
>> Doing postfit: ch13,ttH
>> Doing postfit: ch13,ttVV
>> Doing postfit: ch13,TotalBkg
>> Doing postfit: ch13,TotalSig
>> Doing postfit: ch13,TotalProcs
>> Doing postfit: ch14,Convs
>> Doing postfit: ch14,Rares
>> Doing postfit: ch14,TTW_lep2_pt_bin0
>> Doing postfit: ch14,TTW_lep2_pt_bin1
>> Doing postfit: ch14,TTW_lep2_pt_bin2
>> Doing postfit: ch14,TTW_ooa
>> Doing postfit: ch14,TTZ
>> Doing postfit: ch14,VVV
>> Doing postfit: ch14,WZ
>> Doing postfit: ch14,ZZ
>> Doing postfit: ch14,data_fakes
>> Doing postfit: ch14,data_flips
>> Doing postfit: ch14,tHW
>> Doing postfit: ch14,tHq
>> Doing postfit: ch14,tZq
>> Doing postfit: ch14,ttH
>> Doing postfit: ch14,ttVV
>> Doing postfit: ch14,TotalBkg
>> Doing postfit: ch14,TotalSig
>> Doing postfit: ch14,TotalProcs
>> Doing postfit: ch15,Rares
>> Doing postfit: ch15,TTW_lep2_pt_bin0
>> Doing postfit: ch15,TTW_lep2_pt_bin1
>> Doing postfit: ch15,TTW_lep2_pt_bin2
>> Doing postfit: ch15,TTW_ooa
>> Doing postfit: ch15,TTZ
>> Doing postfit: ch15,VVV
>> Doing postfit: ch15,WZ
>> Doing postfit: ch15,ZZ
>> Doing postfit: ch15,data_fakes
>> Doing postfit: ch15,tHW
>> Doing postfit: ch15,tHq
>> Doing postfit: ch15,tZq
>> Doing postfit: ch15,ttH
>> Doing postfit: ch15,ttVV
>> Doing postfit: ch15,TotalBkg
>> Doing postfit: ch15,TotalSig
>> Doing postfit: ch15,TotalProcs
>> Doing postfit: ch16,Convs
>> Doing postfit: ch16,Rares
>> Doing postfit: ch16,TTW_lep2_pt_bin0
>> Doing postfit: ch16,TTW_lep2_pt_bin1
>> Doing postfit: ch16,TTW_lep2_pt_bin2
>> Doing postfit: ch16,TTW_ooa
>> Doing postfit: ch16,TTZ
>> Doing postfit: ch16,VVV
>> Doing postfit: ch16,WZ
>> Doing postfit: ch16,ZZ
>> Doing postfit: ch16,data_fakes
>> Doing postfit: ch16,data_flips
>> Doing postfit: ch16,tHW
>> Doing postfit: ch16,tHq
>> Doing postfit: ch16,tZq
>> Doing postfit: ch16,ttH
>> Doing postfit: ch16,ttVV
>> Doing postfit: ch16,TotalBkg
>> Doing postfit: ch16,TotalSig
>> Doing postfit: ch16,TotalProcs
>> Doing postfit: ch17,Convs
>> Doing postfit: ch17,Rares
>> Doing postfit: ch17,TTW_lep2_pt_bin0
>> Doing postfit: ch17,TTW_lep2_pt_bin1
>> Doing postfit: ch17,TTW_lep2_pt_bin2
>> Doing postfit: ch17,TTW_ooa
>> Doing postfit: ch17,TTZ
>> Doing postfit: ch17,VVV
>> Doing postfit: ch17,WZ
>> Doing postfit: ch17,ZZ
>> Doing postfit: ch17,data_fakes
>> Doing postfit: ch17,data_flips
>> Doing postfit: ch17,tHW
>> Doing postfit: ch17,tHq
>> Doing postfit: ch17,tZq
>> Doing postfit: ch17,ttH
>> Doing postfit: ch17,ttVV
>> Doing postfit: ch17,TotalBkg
>> Doing postfit: ch17,TotalSig
>> Doing postfit: ch17,TotalProcs
>> Doing postfit: ch18,Rares
>> Doing postfit: ch18,TTW_lep2_pt_bin0
>> Doing postfit: ch18,TTW_lep2_pt_bin1
>> Doing postfit: ch18,TTW_lep2_pt_bin2
>> Doing postfit: ch18,TTW_ooa
>> Doing postfit: ch18,TTZ
>> Doing postfit: ch18,VVV
>> Doing postfit: ch18,WZ
>> Doing postfit: ch18,ZZ
>> Doing postfit: ch18,data_fakes
>> Doing postfit: ch18,tHW
>> Doing postfit: ch18,tHq
>> Doing postfit: ch18,tZq
>> Doing postfit: ch18,ttH
>> Doing postfit: ch18,ttVV
>> Doing postfit: ch18,TotalBkg
>> Doing postfit: ch18,TotalSig
>> Doing postfit: ch18,TotalProcs
>> Doing postfit: ch19,Convs
>> Doing postfit: ch19,Rares
>> Doing postfit: ch19,TTW_lep2_pt_bin0
>> Doing postfit: ch19,TTW_lep2_pt_bin1
>> Doing postfit: ch19,TTW_lep2_pt_bin2
>> Doing postfit: ch19,TTW_ooa
>> Doing postfit: ch19,TTZ
>> Doing postfit: ch19,VVV
>> Doing postfit: ch19,WZ
>> Doing postfit: ch19,ZZ
>> Doing postfit: ch19,data_fakes
>> Doing postfit: ch19,data_flips
>> Doing postfit: ch19,tHW
>> Doing postfit: ch19,tHq
>> Doing postfit: ch19,tZq
>> Doing postfit: ch19,ttH
>> Doing postfit: ch19,ttVV
>> Doing postfit: ch19,TotalBkg
>> Doing postfit: ch19,TotalSig
>> Doing postfit: ch19,TotalProcs
>> Doing postfit: ch2,Convs
>> Doing postfit: ch2,Rares
>> Doing postfit: ch2,TTW_lep2_pt_bin0
>> Doing postfit: ch2,TTW_lep2_pt_bin1
>> Doing postfit: ch2,TTW_lep2_pt_bin2
>> Doing postfit: ch2,TTW_ooa
>> Doing postfit: ch2,TTZ
>> Doing postfit: ch2,VVV
>> Doing postfit: ch2,WZ
>> Doing postfit: ch2,ZZ
>> Doing postfit: ch2,data_fakes
>> Doing postfit: ch2,data_flips
>> Doing postfit: ch2,tHW
>> Doing postfit: ch2,tHq
>> Doing postfit: ch2,tZq
>> Doing postfit: ch2,ttH
>> Doing postfit: ch2,ttVV
>> Doing postfit: ch2,TotalBkg
>> Doing postfit: ch2,TotalSig
>> Doing postfit: ch2,TotalProcs
>> Doing postfit: ch20,Convs
>> Doing postfit: ch20,Rares
>> Doing postfit: ch20,TTW_lep2_pt_bin0
>> Doing postfit: ch20,TTW_lep2_pt_bin1
>> Doing postfit: ch20,TTW_lep2_pt_bin2
>> Doing postfit: ch20,TTW_ooa
>> Doing postfit: ch20,TTZ
>> Doing postfit: ch20,VVV
>> Doing postfit: ch20,WZ
>> Doing postfit: ch20,ZZ
>> Doing postfit: ch20,data_fakes
>> Doing postfit: ch20,data_flips
>> Doing postfit: ch20,tHW
>> Doing postfit: ch20,tHq
>> Doing postfit: ch20,tZq
>> Doing postfit: ch20,ttH
>> Doing postfit: ch20,ttVV
>> Doing postfit: ch20,TotalBkg
>> Doing postfit: ch20,TotalSig
>> Doing postfit: ch20,TotalProcs
>> Doing postfit: ch21,Rares
>> Doing postfit: ch21,TTW_lep2_pt_bin0
>> Doing postfit: ch21,TTW_lep2_pt_bin1
>> Doing postfit: ch21,TTW_lep2_pt_bin2
>> Doing postfit: ch21,TTW_ooa
>> Doing postfit: ch21,TTZ
>> Doing postfit: ch21,VVV
>> Doing postfit: ch21,WZ
>> Doing postfit: ch21,data_fakes
>> Doing postfit: ch21,tHW
>> Doing postfit: ch21,tHq
>> Doing postfit: ch21,tZq
>> Doing postfit: ch21,ttH
>> Doing postfit: ch21,ttVV
>> Doing postfit: ch21,TotalBkg
>> Doing postfit: ch21,TotalSig
>> Doing postfit: ch21,TotalProcs
>> Doing postfit: ch22,Convs
>> Doing postfit: ch22,Rares
>> Doing postfit: ch22,TTW_lep2_pt_bin0
>> Doing postfit: ch22,TTW_lep2_pt_bin1
>> Doing postfit: ch22,TTW_lep2_pt_bin2
>> Doing postfit: ch22,TTW_ooa
>> Doing postfit: ch22,TTZ
>> Doing postfit: ch22,VVV
>> Doing postfit: ch22,WZ
>> Doing postfit: ch22,ZZ
>> Doing postfit: ch22,data_fakes
>> Doing postfit: ch22,data_flips
>> Doing postfit: ch22,tHW
>> Doing postfit: ch22,tHq
>> Doing postfit: ch22,tZq
>> Doing postfit: ch22,ttH
>> Doing postfit: ch22,ttVV
>> Doing postfit: ch22,TotalBkg
>> Doing postfit: ch22,TotalSig
>> Doing postfit: ch22,TotalProcs
>> Doing postfit: ch23,Convs
>> Doing postfit: ch23,Rares
>> Doing postfit: ch23,TTW_lep2_pt_bin0
>> Doing postfit: ch23,TTW_lep2_pt_bin1
>> Doing postfit: ch23,TTW_lep2_pt_bin2
>> Doing postfit: ch23,TTW_ooa
>> Doing postfit: ch23,TTZ
>> Doing postfit: ch23,VVV
>> Doing postfit: ch23,WZ
>> Doing postfit: ch23,ZZ
>> Doing postfit: ch23,data_fakes
>> Doing postfit: ch23,data_flips
>> Doing postfit: ch23,tHW
>> Doing postfit: ch23,tHq
>> Doing postfit: ch23,tZq
>> Doing postfit: ch23,ttH
>> Doing postfit: ch23,ttVV
>> Doing postfit: ch23,TotalBkg
>> Doing postfit: ch23,TotalSig
>> Doing postfit: ch23,TotalProcs
>> Doing postfit: ch24,Rares
>> Doing postfit: ch24,TTW_lep2_pt_bin0
>> Doing postfit: ch24,TTW_lep2_pt_bin1
>> Doing postfit: ch24,TTW_lep2_pt_bin2
>> Doing postfit: ch24,TTW_ooa
>> Doing postfit: ch24,TTZ
>> Doing postfit: ch24,VVV
>> Doing postfit: ch24,WZ
>> Doing postfit: ch24,ZZ
>> Doing postfit: ch24,data_fakes
>> Doing postfit: ch24,tHW
>> Doing postfit: ch24,tHq
>> Doing postfit: ch24,tZq
>> Doing postfit: ch24,ttH
>> Doing postfit: ch24,ttVV
>> Doing postfit: ch24,TotalBkg
>> Doing postfit: ch24,TotalSig
>> Doing postfit: ch24,TotalProcs
>> Doing postfit: ch3,Rares
>> Doing postfit: ch3,TTW_lep2_pt_bin0
>> Doing postfit: ch3,TTW_lep2_pt_bin1
>> Doing postfit: ch3,TTW_lep2_pt_bin2
>> Doing postfit: ch3,TTW_ooa
>> Doing postfit: ch3,TTZ
>> Doing postfit: ch3,VVV
>> Doing postfit: ch3,WZ
>> Doing postfit: ch3,ZZ
>> Doing postfit: ch3,data_fakes
>> Doing postfit: ch3,tHW
>> Doing postfit: ch3,tHq
>> Doing postfit: ch3,tZq
>> Doing postfit: ch3,ttH
>> Doing postfit: ch3,ttVV
>> Doing postfit: ch3,TotalBkg
>> Doing postfit: ch3,TotalSig
>> Doing postfit: ch3,TotalProcs
>> Doing postfit: ch4,Convs
>> Doing postfit: ch4,Rares
>> Doing postfit: ch4,TTW_lep2_pt_bin0
>> Doing postfit: ch4,TTW_lep2_pt_bin1
>> Doing postfit: ch4,TTW_lep2_pt_bin2
>> Doing postfit: ch4,TTW_ooa
>> Doing postfit: ch4,TTZ
>> Doing postfit: ch4,VVV
>> Doing postfit: ch4,WZ
>> Doing postfit: ch4,ZZ
>> Doing postfit: ch4,data_fakes
>> Doing postfit: ch4,data_flips
>> Doing postfit: ch4,tHW
>> Doing postfit: ch4,tHq
>> Doing postfit: ch4,tZq
>> Doing postfit: ch4,ttH
>> Doing postfit: ch4,ttVV
>> Doing postfit: ch4,TotalBkg
>> Doing postfit: ch4,TotalSig
>> Doing postfit: ch4,TotalProcs
>> Doing postfit: ch5,Convs
>> Doing postfit: ch5,Rares
>> Doing postfit: ch5,TTW_lep2_pt_bin0
>> Doing postfit: ch5,TTW_lep2_pt_bin1
>> Doing postfit: ch5,TTW_lep2_pt_bin2
>> Doing postfit: ch5,TTW_ooa
>> Doing postfit: ch5,TTZ
>> Doing postfit: ch5,VVV
>> Doing postfit: ch5,WZ
>> Doing postfit: ch5,ZZ
>> Doing postfit: ch5,data_fakes
>> Doing postfit: ch5,data_flips
>> Doing postfit: ch5,tHW
>> Doing postfit: ch5,tHq
>> Doing postfit: ch5,tZq
>> Doing postfit: ch5,ttH
>> Doing postfit: ch5,ttVV
>> Doing postfit: ch5,TotalBkg
>> Doing postfit: ch5,TotalSig
>> Doing postfit: ch5,TotalProcs
>> Doing postfit: ch6,Rares
>> Doing postfit: ch6,TTW_lep2_pt_bin0
>> Doing postfit: ch6,TTW_lep2_pt_bin1
>> Doing postfit: ch6,TTW_lep2_pt_bin2
>> Doing postfit: ch6,TTW_ooa
>> Doing postfit: ch6,TTZ
>> Doing postfit: ch6,VVV
>> Doing postfit: ch6,WZ
>> Doing postfit: ch6,ZZ
>> Doing postfit: ch6,data_fakes
>> Doing postfit: ch6,tHW
>> Doing postfit: ch6,tHq
>> Doing postfit: ch6,tZq
>> Doing postfit: ch6,ttH
>> Doing postfit: ch6,ttVV
>> Doing postfit: ch6,TotalBkg
>> Doing postfit: ch6,TotalSig
>> Doing postfit: ch6,TotalProcs
>> Doing postfit: ch7,Convs
>> Doing postfit: ch7,Rares
>> Doing postfit: ch7,TTW_lep2_pt_bin0
>> Doing postfit: ch7,TTW_lep2_pt_bin1
>> Doing postfit: ch7,TTW_lep2_pt_bin2
>> Doing postfit: ch7,TTW_ooa
>> Doing postfit: ch7,TTZ
>> Doing postfit: ch7,VVV
>> Doing postfit: ch7,WZ
>> Doing postfit: ch7,ZZ
>> Doing postfit: ch7,data_fakes
>> Doing postfit: ch7,data_flips
>> Doing postfit: ch7,tHW
>> Doing postfit: ch7,tHq
>> Doing postfit: ch7,tZq
>> Doing postfit: ch7,ttH
>> Doing postfit: ch7,ttVV
>> Doing postfit: ch7,TotalBkg
>> Doing postfit: ch7,TotalSig
>> Doing postfit: ch7,TotalProcs
>> Doing postfit: ch8,Convs
>> Doing postfit: ch8,Rares
>> Doing postfit: ch8,TTW_lep2_pt_bin0
>> Doing postfit: ch8,TTW_lep2_pt_bin1
>> Doing postfit: ch8,TTW_lep2_pt_bin2
>> Doing postfit: ch8,TTW_ooa
>> Doing postfit: ch8,TTZ
>> Doing postfit: ch8,VVV
>> Doing postfit: ch8,WZ
>> Doing postfit: ch8,ZZ
>> Doing postfit: ch8,data_fakes
>> Doing postfit: ch8,data_flips
>> Doing postfit: ch8,tHW
>> Doing postfit: ch8,tHq
>> Doing postfit: ch8,tZq
>> Doing postfit: ch8,ttH
>> Doing postfit: ch8,ttVV
>> Doing postfit: ch8,TotalBkg
>> Doing postfit: ch8,TotalSig
>> Doing postfit: ch8,TotalProcs
>> Doing postfit: ch9,Rares
>> Doing postfit: ch9,TTW_lep2_pt_bin0
>> Doing postfit: ch9,TTW_lep2_pt_bin1
>> Doing postfit: ch9,TTW_lep2_pt_bin2
>> Doing postfit: ch9,TTW_ooa
>> Doing postfit: ch9,TTZ
>> Doing postfit: ch9,VVV
>> Doing postfit: ch9,WZ
>> Doing postfit: ch9,ZZ
>> Doing postfit: ch9,data_fakes
>> Doing postfit: ch9,tHW
>> Doing postfit: ch9,tHq
>> Doing postfit: ch9,tZq
>> Doing postfit: ch9,ttH
>> Doing postfit: ch9,ttVV
>> Doing postfit: ch9,TotalBkg
>> Doing postfit: ch9,TotalSig
>> Doing postfit: ch9,TotalProcs

Bin                       Total relative bkg uncert. (postfit)
----------------------------------------------------------
ch1                       0.10564   
ch10                      0.12393   
ch11                      0.07605   
ch12                      0.13153   
ch13                      0.09558   
ch14                      0.07368   
ch15                      0.09274   
ch16                      0.09030   
ch17                      0.07892   
ch18                      0.08126   
ch19                      0.08854   
ch2                       0.07291   
ch20                      0.06375   
ch21                      0.06912   
ch22                      0.10060   
ch23                      0.06269   
ch24                      0.07534   
ch3                       0.08036   
ch4                       0.09483   
ch5                       0.07394   
ch6                       0.08554   
ch7                       0.14079   
ch8                       0.08166   
ch9                       0.11175   

Bin                       Process              Scale factor
----------------------------------------------------------
ch1                       Convs                1.17663   
ch1                       Rares                1.37237   
ch1                       TTW_lep2_pt_bin0     1.52261   
ch1                       TTW_lep2_pt_bin1     1.28206   
ch1                       TTW_lep2_pt_bin2     1.40739   
ch1                       TTW_ooa              1.09360   
ch1                       TTZ                  1.15077   
ch1                       VVV                  1.21043   
ch1                       WZ                   0.93679   
ch1                       ZZ                   1.35262   
ch1                       data_fakes           1.28993   
ch1                       data_flips           1.01927   
ch1                       tHW                  1.05326   
ch1                       tHq                  1.04608   
ch1                       tZq                  1.02345   
ch1                       ttH                  1.09401   
ch1                       ttVV                 1.08113   
ch10                      Convs                1.12166   
ch10                      Rares                1.42289   
ch10                      TTW_lep2_pt_bin0     1.52803   
ch10                      TTW_lep2_pt_bin1     1.31640   
ch10                      TTW_lep2_pt_bin2     1.39678   
ch10                      TTW_ooa              1.04828   
ch10                      TTZ                  1.29097   
ch10                      VVV                  1.45299   
ch10                      WZ                   1.22215   
ch10                      ZZ                   1.71633   
ch10                      data_fakes           1.54651   
ch10                      data_flips           1.01961   
ch10                      tHW                  1.07990   
ch10                      tHq                  1.08770   
ch10                      tZq                  1.15691   
ch10                      ttH                  1.10756   
ch10                      ttVV                 1.08367   
ch11                      Convs                1.06617   
ch11                      Rares                1.39692   
ch11                      TTW_lep2_pt_bin0     1.51901   
ch11                      TTW_lep2_pt_bin1     1.30260   
ch11                      TTW_lep2_pt_bin2     1.33573   
ch11                      TTW_ooa              1.06300   
ch11                      TTZ                  1.15143   
ch11                      VVV                  1.43730   
ch11                      WZ                   1.19718   
ch11                      ZZ                   1.55919   
ch11                      data_fakes           1.10856   
ch11                      data_flips           1.01849   
ch11                      tHW                  1.05762   
ch11                      tHq                  1.04581   
ch11                      tZq                  1.11514   
ch11                      ttH                  1.06893   
ch11                      ttVV                 1.05560   
ch12                      Rares                1.44880   
ch12                      TTW_lep2_pt_bin0     1.47659   
ch12                      TTW_lep2_pt_bin1     1.27702   
ch12                      TTW_lep2_pt_bin2     1.31397   
ch12                      TTW_ooa              1.03904   
ch12                      TTZ                  1.12878   
ch12                      VVV                  2.48979   
ch12                      WZ                   1.12685   
ch12                      ZZ                   1.73029   
ch12                      data_fakes           1.01454   
ch12                      tHW                  1.02730   
ch12                      tHq                  1.03708   
ch12                      tZq                  1.08949   
ch12                      ttH                  1.01057   
ch12                      ttVV                 1.02718   
ch13                      Convs                1.04275   
ch13                      Rares                1.36970   
ch13                      TTW_lep2_pt_bin0     1.53812   
ch13                      TTW_lep2_pt_bin1     1.29622   
ch13                      TTW_lep2_pt_bin2     1.37582   
ch13                      TTW_ooa              1.06138   
ch13                      TTZ                  1.12998   
ch13                      VVV                  1.11568   
ch13                      WZ                   0.99182   
ch13                      ZZ                   1.36154   
ch13                      data_fakes           1.24449   
ch13                      data_flips           1.01829   
ch13                      tHW                  1.02969   
ch13                      tHq                  1.05602   
ch13                      tZq                  1.13627   
ch13                      ttH                  1.09679   
ch13                      ttVV                 1.07250   
ch14                      Convs                1.10872   
ch14                      Rares                1.37620   
ch14                      TTW_lep2_pt_bin0     1.53675   
ch14                      TTW_lep2_pt_bin1     1.27679   
ch14                      TTW_lep2_pt_bin2     1.33631   
ch14                      TTW_ooa              1.04298   
ch14                      TTZ                  1.08710   
ch14                      VVV                  1.14502   
ch14                      WZ                   0.99811   
ch14                      ZZ                   1.39949   
ch14                      data_fakes           1.11274   
ch14                      data_flips           1.01864   
ch14                      tHW                  1.01629   
ch14                      tHq                  1.01571   
ch14                      tZq                  1.08520   
ch14                      ttH                  1.05604   
ch14                      ttVV                 1.04999   
ch15                      Rares                1.26872   
ch15                      TTW_lep2_pt_bin0     1.46503   
ch15                      TTW_lep2_pt_bin1     1.24558   
ch15                      TTW_lep2_pt_bin2     1.30703   
ch15                      TTW_ooa              0.99210   
ch15                      TTZ                  1.10347   
ch15                      VVV                  1.12027   
ch15                      WZ                   0.97010   
ch15                      ZZ                   1.47604   
ch15                      data_fakes           0.99376   
ch15                      tHW                  0.99401   
ch15                      tHq                  1.03214   
ch15                      tZq                  1.04486   
ch15                      ttH                  1.01353   
ch15                      ttVV                 1.02377   
ch16                      Convs                1.00568   
ch16                      Rares                1.35946   
ch16                      TTW_lep2_pt_bin0     1.54442   
ch16                      TTW_lep2_pt_bin1     1.29225   
ch16                      TTW_lep2_pt_bin2     1.32725   
ch16                      TTW_ooa              1.06004   
ch16                      TTZ                  1.17639   
ch16                      VVV                  1.23061   
ch16                      WZ                   0.96929   
ch16                      ZZ                   1.12010   
ch16                      data_fakes           1.24528   
ch16                      data_flips           1.01845   
ch16                      tHW                  1.04139   
ch16                      tHq                  1.03902   
ch16                      tZq                  1.17405   
ch16                      ttH                  1.06936   
ch16                      ttVV                 1.07543   
ch17                      Convs                1.02926   
ch17                      Rares                1.35448   
ch17                      TTW_lep2_pt_bin0     1.51928   
ch17                      TTW_lep2_pt_bin1     1.27888   
ch17                      TTW_lep2_pt_bin2     1.33573   
ch17                      TTW_ooa              1.02738   
ch17                      TTZ                  1.11918   
ch17                      VVV                  1.21326   
ch17                      WZ                   1.00123   
ch17                      ZZ                   1.27485   
ch17                      data_fakes           1.08168   
ch17                      data_flips           1.01849   
ch17                      tHW                  1.02562   
ch17                      tHq                  1.02347   
ch17                      tZq                  1.09287   
ch17                      ttH                  1.04016   
ch17                      ttVV                 1.05063   
ch18                      Rares                1.21933   
ch18                      TTW_lep2_pt_bin0     1.45526   
ch18                      TTW_lep2_pt_bin1     1.24927   
ch18                      TTW_lep2_pt_bin2     1.30273   
ch18                      TTW_ooa              1.00366   
ch18                      TTZ                  1.12087   
ch18                      VVV                  1.19879   
ch18                      WZ                   0.97754   
ch18                      ZZ                   0.89911   
ch18                      data_fakes           0.93092   
ch18                      tHW                  0.99732   
ch18                      tHq                  0.98456   
ch18                      tZq                  1.09206   
ch18                      ttH                  1.00730   
ch18                      ttVV                 1.02440   
ch19                      Convs                1.11604   
ch19                      Rares                1.34152   
ch19                      TTW_lep2_pt_bin0     1.52266   
ch19                      TTW_lep2_pt_bin1     1.29402   
ch19                      TTW_lep2_pt_bin2     1.31050   
ch19                      TTW_ooa              1.01294   
ch19                      TTZ                  1.09578   
ch19                      VVV                  1.20290   
ch19                      WZ                   0.96455   
ch19                      ZZ                   1.37398   
ch19                      data_fakes           1.32606   
ch19                      data_flips           1.01864   
ch19                      tHW                  1.03682   
ch19                      tHq                  1.00510   
ch19                      tZq                  1.09095   
ch19                      ttH                  1.01902   
ch19                      ttVV                 1.06180   
ch2                       Convs                1.21763   
ch2                       Rares                1.22953   
ch2                       TTW_lep2_pt_bin0     1.54598   
ch2                       TTW_lep2_pt_bin1     1.29171   
ch2                       TTW_lep2_pt_bin2     1.31834   
ch2                       TTW_ooa              1.04048   
ch2                       TTZ                  1.05767   
ch2                       VVV                  1.19710   
ch2                       WZ                   0.98142   
ch2                       ZZ                   1.24163   
ch2                       data_fakes           1.09097   
ch2                       data_flips           1.01884   
ch2                       tHW                  1.00520   
ch2                       tHq                  1.01607   
ch2                       tZq                  1.03078   
ch2                       ttH                  1.03794   
ch2                       ttVV                 1.04301   
ch20                      Convs                1.11871   
ch20                      Rares                1.37452   
ch20                      TTW_lep2_pt_bin0     1.49839   
ch20                      TTW_lep2_pt_bin1     1.25739   
ch20                      TTW_lep2_pt_bin2     1.30689   
ch20                      TTW_ooa              0.97158   
ch20                      TTZ                  1.16287   
ch20                      VVV                  1.17959   
ch20                      WZ                   0.97307   
ch20                      ZZ                   1.20688   
ch20                      data_fakes           1.13155   
ch20                      data_flips           1.01868   
ch20                      tHW                  1.00507   
ch20                      tHq                  0.98733   
ch20                      tZq                  1.05896   
ch20                      ttH                  1.02094   
ch20                      ttVV                 1.03338   
ch21                      Rares                1.18403   
ch21                      TTW_lep2_pt_bin0     1.44915   
ch21                      TTW_lep2_pt_bin1     1.23596   
ch21                      TTW_lep2_pt_bin2     1.27985   
ch21                      TTW_ooa              0.93906   
ch21                      TTZ                  1.01222   
ch21                      VVV                  1.11576   
ch21                      WZ                   0.95822   
ch21                      data_fakes           0.97602   
ch21                      tHW                  0.98373   
ch21                      tHq                  0.96059   
ch21                      tZq                  1.04349   
ch21                      ttH                  1.01154   
ch21                      ttVV                 1.00731   
ch22                      Convs                1.10216   
ch22                      Rares                1.46796   
ch22                      TTW_lep2_pt_bin0     1.52237   
ch22                      TTW_lep2_pt_bin1     1.28576   
ch22                      TTW_lep2_pt_bin2     1.34007   
ch22                      TTW_ooa              0.99705   
ch22                      TTZ                  1.19229   
ch22                      VVV                  0.94309   
ch22                      WZ                   0.88061   
ch22                      ZZ                   1.36923   
ch22                      data_fakes           1.34788   
ch22                      data_flips           1.01874   
ch22                      tHW                  0.99173   
ch22                      tHq                  1.02556   
ch22                      tZq                  1.11964   
ch22                      ttH                  1.04293   
ch22                      ttVV                 1.06002   
ch23                      Convs                1.15077   
ch23                      Rares                1.32084   
ch23                      TTW_lep2_pt_bin0     1.47413   
ch23                      TTW_lep2_pt_bin1     1.25591   
ch23                      TTW_lep2_pt_bin2     1.29999   
ch23                      TTW_ooa              0.99510   
ch23                      TTZ                  1.19594   
ch23                      VVV                  1.20204   
ch23                      WZ                   0.97087   
ch23                      ZZ                   1.34071   
ch23                      data_fakes           1.09865   
ch23                      data_flips           1.01862   
ch23                      tHW                  1.00991   
ch23                      tHq                  0.99641   
ch23                      tZq                  1.01528   
ch23                      ttH                  1.00453   
ch23                      ttVV                 1.03531   
ch24                      Rares                1.43957   
ch24                      TTW_lep2_pt_bin0     1.44359   
ch24                      TTW_lep2_pt_bin1     1.21988   
ch24                      TTW_lep2_pt_bin2     1.27839   
ch24                      TTW_ooa              0.95308   
ch24                      TTZ                  1.11140   
ch24                      VVV                  1.17874   
ch24                      WZ                   0.99986   
ch24                      ZZ                   1.23842   
ch24                      data_fakes           1.02175   
ch24                      tHW                  0.97931   
ch24                      tHq                  0.97023   
ch24                      tZq                  1.09205   
ch24                      ttH                  0.99974   
ch24                      ttVV                 1.00233   
ch3                       Rares                1.31940   
ch3                       TTW_lep2_pt_bin0     1.44651   
ch3                       TTW_lep2_pt_bin1     1.23280   
ch3                       TTW_lep2_pt_bin2     1.29324   
ch3                       TTW_ooa              0.98253   
ch3                       TTZ                  1.15916   
ch3                       VVV                  1.17677   
ch3                       WZ                   0.94729   
ch3                       ZZ                   1.42171   
ch3                       data_fakes           0.96023   
ch3                       tHW                  0.97118   
ch3                       tHq                  0.98713   
ch3                       tZq                  1.06021   
ch3                       ttH                  1.02369   
ch3                       ttVV                 1.00795   
ch4                       Convs                0.91475   
ch4                       Rares                1.30091   
ch4                       TTW_lep2_pt_bin0     1.51336   
ch4                       TTW_lep2_pt_bin1     1.32288   
ch4                       TTW_lep2_pt_bin2     1.37172   
ch4                       TTW_ooa              1.10461   
ch4                       TTZ                  1.10248   
ch4                       VVV                  1.17272   
ch4                       WZ                   1.01976   
ch4                       ZZ                   1.38423   
ch4                       data_fakes           1.16802   
ch4                       data_flips           1.01818   
ch4                       tHW                  1.05013   
ch4                       tHq                  1.05806   
ch4                       tZq                  1.09106   
ch4                       ttH                  1.05879   
ch4                       ttVV                 1.08084   
ch5                       Convs                1.37353   
ch5                       Rares                1.34745   
ch5                       TTW_lep2_pt_bin0     1.52520   
ch5                       TTW_lep2_pt_bin1     1.27773   
ch5                       TTW_lep2_pt_bin2     1.32914   
ch5                       TTW_ooa              1.03572   
ch5                       TTZ                  1.14059   
ch5                       VVV                  1.22340   
ch5                       WZ                   1.00237   
ch5                       ZZ                   1.30333   
ch5                       data_fakes           1.14113   
ch5                       data_flips           1.01872   
ch5                       tHW                  1.00425   
ch5                       tHq                  1.01448   
ch5                       tZq                  1.07419   
ch5                       ttH                  1.02836   
ch5                       ttVV                 1.03695   
ch6                       Rares                1.41402   
ch6                       TTW_lep2_pt_bin0     1.42218   
ch6                       TTW_lep2_pt_bin1     1.24693   
ch6                       TTW_lep2_pt_bin2     1.27222   
ch6                       TTW_ooa              0.98992   
ch6                       TTZ                  1.14646   
ch6                       VVV                  1.05280   
ch6                       WZ                   0.93161   
ch6                       ZZ                   1.35464   
ch6                       data_fakes           0.93033   
ch6                       tHW                  0.98202   
ch6                       tHq                  0.98718   
ch6                       tZq                  1.03689   
ch6                       ttH                  1.00347   
ch6                       ttVV                 1.00834   
ch7                       Convs                0.91461   
ch7                       Rares                1.40800   
ch7                       TTW_lep2_pt_bin0     1.49642   
ch7                       TTW_lep2_pt_bin1     1.30572   
ch7                       TTW_lep2_pt_bin2     1.41889   
ch7                       TTW_ooa              1.10960   
ch7                       TTZ                  1.28240   
ch7                       VVV                  1.44938   
ch7                       WZ                   1.28113   
ch7                       ZZ                   1.51035   
ch7                       data_fakes           1.21771   
ch7                       data_flips           1.01939   
ch7                       tHW                  1.07356   
ch7                       tHq                  1.06056   
ch7                       tZq                  1.29783   
ch7                       ttH                  1.12100   
ch7                       ttVV                 1.07975   
ch8                       Convs                1.14195   
ch8                       Rares                1.37539   
ch8                       TTW_lep2_pt_bin0     1.54558   
ch8                       TTW_lep2_pt_bin1     1.28880   
ch8                       TTW_lep2_pt_bin2     1.35233   
ch8                       TTW_ooa              1.06713   
ch8                       TTZ                  1.23566   
ch8                       VVV                  1.34456   
ch8                       WZ                   1.34232   
ch8                       ZZ                   1.50892   
ch8                       data_fakes           1.09988   
ch8                       data_flips           1.01887   
ch8                       tHW                  1.04125   
ch8                       tHq                  1.05622   
ch8                       tZq                  1.11074   
ch8                       ttH                  1.05912   
ch8                       ttVV                 1.05658   
ch9                       Rares                1.34724   
ch9                       TTW_lep2_pt_bin0     1.46355   
ch9                       TTW_lep2_pt_bin1     1.29075   
ch9                       TTW_lep2_pt_bin2     1.32413   
ch9                       TTW_ooa              1.04991   
ch9                       TTZ                  1.20084   
ch9                       VVV                  1.32263   
ch9                       WZ                   1.23501   
ch9                       ZZ                   1.35407   
ch9                       data_fakes           1.04347   
ch9                       tHW                  1.02001   
ch9                       tHq                  1.01380   
ch9                       tZq                  1.27756   
ch9                       ttH                  1.04934   
ch9                       ttVV                 1.03270   
