WARNING: the default behaviour of PostFitShapesFromWorkspace is to use the covariance matrix sampling method for the post-fit uncertainty. The option --sampling is deprecated and will be removed in future versions of CombineHarvester
[SetFlag] Changing value of flag "workspaces-use-clone" from 0 to 1
[#1] INFO:ObjectHandling -- RooWorkspace::import(w) importing dataset ch1
[#1] INFO:ObjectHandling -- RooWorkspace::import(w) importing dataset ch10
[#1] INFO:ObjectHandling -- RooWorkspace::import(w) importing dataset ch11
[#1] INFO:ObjectHandling -- RooWorkspace::import(w) importing dataset ch12
[#1] INFO:ObjectHandling -- RooWorkspace::import(w) importing dataset ch2
[#1] INFO:ObjectHandling -- RooWorkspace::import(w) importing dataset ch3
[#1] INFO:ObjectHandling -- RooWorkspace::import(w) importing dataset ch4
[#1] INFO:ObjectHandling -- RooWorkspace::import(w) importing dataset ch5
[#1] INFO:ObjectHandling -- RooWorkspace::import(w) importing dataset ch6
[#1] INFO:ObjectHandling -- RooWorkspace::import(w) importing dataset ch7
[#1] INFO:ObjectHandling -- RooWorkspace::import(w) importing dataset ch8
[#1] INFO:ObjectHandling -- RooWorkspace::import(w) importing dataset ch9
[SetFlag] Changing value of flag "workspaces-use-clone" from 0 to 1
>> Doing prefit: TotalBkg
>> Doing prefit: TotalSig
>> Doing prefit: TotalProcs
>> Doing prefit: ch1,Convs
>> Doing prefit: ch1,Rares
>> Doing prefit: ch1,TTW_lep2_pt_bin0
>> Doing prefit: ch1,TTW_lep2_pt_bin1
>> Doing prefit: ch1,TTW_lep2_pt_bin2
>> Doing prefit: ch1,TTW_ooa
>> Doing prefit: ch1,TTZ
>> Doing prefit: ch1,VVV
>> Doing prefit: ch1,WZ
>> Doing prefit: ch1,ZZ
>> Doing prefit: ch1,data_fakes
>> Doing prefit: ch1,data_flips
>> Doing prefit: ch1,tHW
>> Doing prefit: ch1,tHq
>> Doing prefit: ch1,tZq
>> Doing prefit: ch1,ttH
>> Doing prefit: ch1,ttVV
>> Doing prefit: ch1,TotalBkg
>> Doing prefit: ch1,TotalSig
>> Doing prefit: ch1,TotalProcs
>> Doing prefit: ch10,Convs
>> Doing prefit: ch10,Rares
>> Doing prefit: ch10,TTW_lep2_pt_bin0
>> Doing prefit: ch10,TTW_lep2_pt_bin1
>> Doing prefit: ch10,TTW_lep2_pt_bin2
>> Doing prefit: ch10,TTW_ooa
>> Doing prefit: ch10,TTZ
>> Doing prefit: ch10,VVV
>> Doing prefit: ch10,WZ
>> Doing prefit: ch10,ZZ
>> Doing prefit: ch10,data_fakes
>> Doing prefit: ch10,data_flips
>> Doing prefit: ch10,tHW
>> Doing prefit: ch10,tHq
>> Doing prefit: ch10,tZq
>> Doing prefit: ch10,ttH
>> Doing prefit: ch10,ttVV
>> Doing prefit: ch10,TotalBkg
>> Doing prefit: ch10,TotalSig
>> Doing prefit: ch10,TotalProcs
>> Doing prefit: ch11,Convs
>> Doing prefit: ch11,Rares
>> Doing prefit: ch11,TTW_lep2_pt_bin0
>> Doing prefit: ch11,TTW_lep2_pt_bin1
>> Doing prefit: ch11,TTW_lep2_pt_bin2
>> Doing prefit: ch11,TTW_ooa
>> Doing prefit: ch11,TTZ
>> Doing prefit: ch11,VVV
>> Doing prefit: ch11,WZ
>> Doing prefit: ch11,ZZ
>> Doing prefit: ch11,data_fakes
>> Doing prefit: ch11,data_flips
>> Doing prefit: ch11,tHW
>> Doing prefit: ch11,tHq
>> Doing prefit: ch11,tZq
>> Doing prefit: ch11,ttH
>> Doing prefit: ch11,ttVV
>> Doing prefit: ch11,TotalBkg
>> Doing prefit: ch11,TotalSig
>> Doing prefit: ch11,TotalProcs
>> Doing prefit: ch12,Rares
>> Doing prefit: ch12,TTW_lep2_pt_bin0
>> Doing prefit: ch12,TTW_lep2_pt_bin1
>> Doing prefit: ch12,TTW_lep2_pt_bin2
>> Doing prefit: ch12,TTW_ooa
>> Doing prefit: ch12,TTZ
>> Doing prefit: ch12,VVV
>> Doing prefit: ch12,WZ
>> Doing prefit: ch12,ZZ
>> Doing prefit: ch12,data_fakes
>> Doing prefit: ch12,tHW
>> Doing prefit: ch12,tHq
>> Doing prefit: ch12,tZq
>> Doing prefit: ch12,ttH
>> Doing prefit: ch12,ttVV
>> Doing prefit: ch12,TotalBkg
>> Doing prefit: ch12,TotalSig
>> Doing prefit: ch12,TotalProcs
>> Doing prefit: ch2,Convs
>> Doing prefit: ch2,Rares
>> Doing prefit: ch2,TTW_lep2_pt_bin0
>> Doing prefit: ch2,TTW_lep2_pt_bin1
>> Doing prefit: ch2,TTW_lep2_pt_bin2
>> Doing prefit: ch2,TTW_ooa
>> Doing prefit: ch2,TTZ
>> Doing prefit: ch2,VVV
>> Doing prefit: ch2,WZ
>> Doing prefit: ch2,ZZ
>> Doing prefit: ch2,data_fakes
>> Doing prefit: ch2,data_flips
>> Doing prefit: ch2,tHW
>> Doing prefit: ch2,tHq
>> Doing prefit: ch2,tZq
>> Doing prefit: ch2,ttH
>> Doing prefit: ch2,ttVV
>> Doing prefit: ch2,TotalBkg
>> Doing prefit: ch2,TotalSig
>> Doing prefit: ch2,TotalProcs
>> Doing prefit: ch3,Rares
>> Doing prefit: ch3,TTW_lep2_pt_bin0
>> Doing prefit: ch3,TTW_lep2_pt_bin1
>> Doing prefit: ch3,TTW_lep2_pt_bin2
>> Doing prefit: ch3,TTW_ooa
>> Doing prefit: ch3,TTZ
>> Doing prefit: ch3,VVV
>> Doing prefit: ch3,WZ
>> Doing prefit: ch3,ZZ
>> Doing prefit: ch3,data_fakes
>> Doing prefit: ch3,tHW
>> Doing prefit: ch3,tHq
>> Doing prefit: ch3,tZq
>> Doing prefit: ch3,ttH
>> Doing prefit: ch3,ttVV
>> Doing prefit: ch3,TotalBkg
>> Doing prefit: ch3,TotalSig
>> Doing prefit: ch3,TotalProcs
>> Doing prefit: ch4,Convs
>> Doing prefit: ch4,Rares
>> Doing prefit: ch4,TTW_lep2_pt_bin0
>> Doing prefit: ch4,TTW_lep2_pt_bin1
>> Doing prefit: ch4,TTW_lep2_pt_bin2
>> Doing prefit: ch4,TTW_ooa
>> Doing prefit: ch4,TTZ
>> Doing prefit: ch4,VVV
>> Doing prefit: ch4,WZ
>> Doing prefit: ch4,ZZ
>> Doing prefit: ch4,data_fakes
>> Doing prefit: ch4,data_flips
>> Doing prefit: ch4,tHW
>> Doing prefit: ch4,tHq
>> Doing prefit: ch4,tZq
>> Doing prefit: ch4,ttH
>> Doing prefit: ch4,ttVV
>> Doing prefit: ch4,TotalBkg
>> Doing prefit: ch4,TotalSig
>> Doing prefit: ch4,TotalProcs
>> Doing prefit: ch5,Convs
>> Doing prefit: ch5,Rares
>> Doing prefit: ch5,TTW_lep2_pt_bin0
>> Doing prefit: ch5,TTW_lep2_pt_bin1
>> Doing prefit: ch5,TTW_lep2_pt_bin2
>> Doing prefit: ch5,TTW_ooa
>> Doing prefit: ch5,TTZ
>> Doing prefit: ch5,VVV
>> Doing prefit: ch5,WZ
>> Doing prefit: ch5,ZZ
>> Doing prefit: ch5,data_fakes
>> Doing prefit: ch5,data_flips
>> Doing prefit: ch5,tHW
>> Doing prefit: ch5,tHq
>> Doing prefit: ch5,tZq
>> Doing prefit: ch5,ttH
>> Doing prefit: ch5,ttVV
>> Doing prefit: ch5,TotalBkg
>> Doing prefit: ch5,TotalSig
>> Doing prefit: ch5,TotalProcs
>> Doing prefit: ch6,Rares
>> Doing prefit: ch6,TTW_lep2_pt_bin0
>> Doing prefit: ch6,TTW_lep2_pt_bin1
>> Doing prefit: ch6,TTW_lep2_pt_bin2
>> Doing prefit: ch6,TTW_ooa
>> Doing prefit: ch6,TTZ
>> Doing prefit: ch6,VVV
>> Doing prefit: ch6,WZ
>> Doing prefit: ch6,ZZ
>> Doing prefit: ch6,data_fakes
>> Doing prefit: ch6,tHW
>> Doing prefit: ch6,tHq
>> Doing prefit: ch6,tZq
>> Doing prefit: ch6,ttH
>> Doing prefit: ch6,ttVV
>> Doing prefit: ch6,TotalBkg
>> Doing prefit: ch6,TotalSig
>> Doing prefit: ch6,TotalProcs
>> Doing prefit: ch7,Convs
>> Doing prefit: ch7,Rares
>> Doing prefit: ch7,TTW_lep2_pt_bin0
>> Doing prefit: ch7,TTW_lep2_pt_bin1
>> Doing prefit: ch7,TTW_lep2_pt_bin2
>> Doing prefit: ch7,TTW_ooa
>> Doing prefit: ch7,TTZ
>> Doing prefit: ch7,VVV
>> Doing prefit: ch7,WZ
>> Doing prefit: ch7,ZZ
>> Doing prefit: ch7,data_fakes
>> Doing prefit: ch7,data_flips
>> Doing prefit: ch7,tHW
>> Doing prefit: ch7,tHq
>> Doing prefit: ch7,tZq
>> Doing prefit: ch7,ttH
>> Doing prefit: ch7,ttVV
>> Doing prefit: ch7,TotalBkg
>> Doing prefit: ch7,TotalSig
>> Doing prefit: ch7,TotalProcs
>> Doing prefit: ch8,Convs
>> Doing prefit: ch8,Rares
>> Doing prefit: ch8,TTW_lep2_pt_bin0
>> Doing prefit: ch8,TTW_lep2_pt_bin1
>> Doing prefit: ch8,TTW_lep2_pt_bin2
>> Doing prefit: ch8,TTW_ooa
>> Doing prefit: ch8,TTZ
>> Doing prefit: ch8,VVV
>> Doing prefit: ch8,WZ
>> Doing prefit: ch8,ZZ
>> Doing prefit: ch8,data_fakes
>> Doing prefit: ch8,data_flips
>> Doing prefit: ch8,tHW
>> Doing prefit: ch8,tHq
>> Doing prefit: ch8,tZq
>> Doing prefit: ch8,ttH
>> Doing prefit: ch8,ttVV
>> Doing prefit: ch8,TotalBkg
>> Doing prefit: ch8,TotalSig
>> Doing prefit: ch8,TotalProcs
>> Doing prefit: ch9,Rares
>> Doing prefit: ch9,TTW_lep2_pt_bin0
>> Doing prefit: ch9,TTW_lep2_pt_bin1
>> Doing prefit: ch9,TTW_lep2_pt_bin2
>> Doing prefit: ch9,TTW_ooa
>> Doing prefit: ch9,TTZ
>> Doing prefit: ch9,VVV
>> Doing prefit: ch9,WZ
>> Doing prefit: ch9,ZZ
>> Doing prefit: ch9,data_fakes
>> Doing prefit: ch9,tHW
>> Doing prefit: ch9,tHq
>> Doing prefit: ch9,tZq
>> Doing prefit: ch9,ttH
>> Doing prefit: ch9,ttVV
>> Doing prefit: ch9,TotalBkg
>> Doing prefit: ch9,TotalSig
>> Doing prefit: ch9,TotalProcs
Bin                       Total relative bkg uncert. (prefit)
----------------------------------------------------------
ch1                       0.13324   
ch10                      0.16311   
ch11                      0.10751   
ch12                      0.14555   
ch2                       0.11942   
ch3                       0.14537   
ch4                       0.18694   
ch5                       0.11440   
ch6                       0.15300   
ch7                       0.14883   
ch8                       0.12489   
ch9                       0.15599   
>> Doing postfit: TotalBkg
>> Doing postfit: TotalSig
>> Doing postfit: TotalProcs
>> Doing postfit: ch1,Convs
>> Doing postfit: ch1,Rares
>> Doing postfit: ch1,TTW_lep2_pt_bin0
>> Doing postfit: ch1,TTW_lep2_pt_bin1
>> Doing postfit: ch1,TTW_lep2_pt_bin2
>> Doing postfit: ch1,TTW_ooa
>> Doing postfit: ch1,TTZ
>> Doing postfit: ch1,VVV
>> Doing postfit: ch1,WZ
>> Doing postfit: ch1,ZZ
>> Doing postfit: ch1,data_fakes
>> Doing postfit: ch1,data_flips
>> Doing postfit: ch1,tHW
>> Doing postfit: ch1,tHq
>> Doing postfit: ch1,tZq
>> Doing postfit: ch1,ttH
>> Doing postfit: ch1,ttVV
>> Doing postfit: ch1,TotalBkg
>> Doing postfit: ch1,TotalSig
>> Doing postfit: ch1,TotalProcs
>> Doing postfit: ch10,Convs
>> Doing postfit: ch10,Rares
>> Doing postfit: ch10,TTW_lep2_pt_bin0
>> Doing postfit: ch10,TTW_lep2_pt_bin1
>> Doing postfit: ch10,TTW_lep2_pt_bin2
>> Doing postfit: ch10,TTW_ooa
>> Doing postfit: ch10,TTZ
>> Doing postfit: ch10,VVV
>> Doing postfit: ch10,WZ
>> Doing postfit: ch10,ZZ
>> Doing postfit: ch10,data_fakes
>> Doing postfit: ch10,data_flips
>> Doing postfit: ch10,tHW
>> Doing postfit: ch10,tHq
>> Doing postfit: ch10,tZq
>> Doing postfit: ch10,ttH
>> Doing postfit: ch10,ttVV
>> Doing postfit: ch10,TotalBkg
>> Doing postfit: ch10,TotalSig
>> Doing postfit: ch10,TotalProcs
>> Doing postfit: ch11,Convs
>> Doing postfit: ch11,Rares
>> Doing postfit: ch11,TTW_lep2_pt_bin0
>> Doing postfit: ch11,TTW_lep2_pt_bin1
>> Doing postfit: ch11,TTW_lep2_pt_bin2
>> Doing postfit: ch11,TTW_ooa
>> Doing postfit: ch11,TTZ
>> Doing postfit: ch11,VVV
>> Doing postfit: ch11,WZ
>> Doing postfit: ch11,ZZ
>> Doing postfit: ch11,data_fakes
>> Doing postfit: ch11,data_flips
>> Doing postfit: ch11,tHW
>> Doing postfit: ch11,tHq
>> Doing postfit: ch11,tZq
>> Doing postfit: ch11,ttH
>> Doing postfit: ch11,ttVV
>> Doing postfit: ch11,TotalBkg
>> Doing postfit: ch11,TotalSig
>> Doing postfit: ch11,TotalProcs
>> Doing postfit: ch12,Rares
>> Doing postfit: ch12,TTW_lep2_pt_bin0
>> Doing postfit: ch12,TTW_lep2_pt_bin1
>> Doing postfit: ch12,TTW_lep2_pt_bin2
>> Doing postfit: ch12,TTW_ooa
>> Doing postfit: ch12,TTZ
>> Doing postfit: ch12,VVV
>> Doing postfit: ch12,WZ
>> Doing postfit: ch12,ZZ
>> Doing postfit: ch12,data_fakes
>> Doing postfit: ch12,tHW
>> Doing postfit: ch12,tHq
>> Doing postfit: ch12,tZq
>> Doing postfit: ch12,ttH
>> Doing postfit: ch12,ttVV
>> Doing postfit: ch12,TotalBkg
>> Doing postfit: ch12,TotalSig
>> Doing postfit: ch12,TotalProcs
>> Doing postfit: ch2,Convs
>> Doing postfit: ch2,Rares
>> Doing postfit: ch2,TTW_lep2_pt_bin0
>> Doing postfit: ch2,TTW_lep2_pt_bin1
>> Doing postfit: ch2,TTW_lep2_pt_bin2
>> Doing postfit: ch2,TTW_ooa
>> Doing postfit: ch2,TTZ
>> Doing postfit: ch2,VVV
>> Doing postfit: ch2,WZ
>> Doing postfit: ch2,ZZ
>> Doing postfit: ch2,data_fakes
>> Doing postfit: ch2,data_flips
>> Doing postfit: ch2,tHW
>> Doing postfit: ch2,tHq
>> Doing postfit: ch2,tZq
>> Doing postfit: ch2,ttH
>> Doing postfit: ch2,ttVV
>> Doing postfit: ch2,TotalBkg
>> Doing postfit: ch2,TotalSig
>> Doing postfit: ch2,TotalProcs
>> Doing postfit: ch3,Rares
>> Doing postfit: ch3,TTW_lep2_pt_bin0
>> Doing postfit: ch3,TTW_lep2_pt_bin1
>> Doing postfit: ch3,TTW_lep2_pt_bin2
>> Doing postfit: ch3,TTW_ooa
>> Doing postfit: ch3,TTZ
>> Doing postfit: ch3,VVV
>> Doing postfit: ch3,WZ
>> Doing postfit: ch3,ZZ
>> Doing postfit: ch3,data_fakes
>> Doing postfit: ch3,tHW
>> Doing postfit: ch3,tHq
>> Doing postfit: ch3,tZq
>> Doing postfit: ch3,ttH
>> Doing postfit: ch3,ttVV
>> Doing postfit: ch3,TotalBkg
>> Doing postfit: ch3,TotalSig
>> Doing postfit: ch3,TotalProcs
>> Doing postfit: ch4,Convs
>> Doing postfit: ch4,Rares
>> Doing postfit: ch4,TTW_lep2_pt_bin0
>> Doing postfit: ch4,TTW_lep2_pt_bin1
>> Doing postfit: ch4,TTW_lep2_pt_bin2
>> Doing postfit: ch4,TTW_ooa
>> Doing postfit: ch4,TTZ
>> Doing postfit: ch4,VVV
>> Doing postfit: ch4,WZ
>> Doing postfit: ch4,ZZ
>> Doing postfit: ch4,data_fakes
>> Doing postfit: ch4,data_flips
>> Doing postfit: ch4,tHW
>> Doing postfit: ch4,tHq
>> Doing postfit: ch4,tZq
>> Doing postfit: ch4,ttH
>> Doing postfit: ch4,ttVV
>> Doing postfit: ch4,TotalBkg
>> Doing postfit: ch4,TotalSig
>> Doing postfit: ch4,TotalProcs
>> Doing postfit: ch5,Convs
>> Doing postfit: ch5,Rares
>> Doing postfit: ch5,TTW_lep2_pt_bin0
>> Doing postfit: ch5,TTW_lep2_pt_bin1
>> Doing postfit: ch5,TTW_lep2_pt_bin2
>> Doing postfit: ch5,TTW_ooa
>> Doing postfit: ch5,TTZ
>> Doing postfit: ch5,VVV
>> Doing postfit: ch5,WZ
>> Doing postfit: ch5,ZZ
>> Doing postfit: ch5,data_fakes
>> Doing postfit: ch5,data_flips
>> Doing postfit: ch5,tHW
>> Doing postfit: ch5,tHq
>> Doing postfit: ch5,tZq
>> Doing postfit: ch5,ttH
>> Doing postfit: ch5,ttVV
>> Doing postfit: ch5,TotalBkg
>> Doing postfit: ch5,TotalSig
>> Doing postfit: ch5,TotalProcs
>> Doing postfit: ch6,Rares
>> Doing postfit: ch6,TTW_lep2_pt_bin0
>> Doing postfit: ch6,TTW_lep2_pt_bin1
>> Doing postfit: ch6,TTW_lep2_pt_bin2
>> Doing postfit: ch6,TTW_ooa
>> Doing postfit: ch6,TTZ
>> Doing postfit: ch6,VVV
>> Doing postfit: ch6,WZ
>> Doing postfit: ch6,ZZ
>> Doing postfit: ch6,data_fakes
>> Doing postfit: ch6,tHW
>> Doing postfit: ch6,tHq
>> Doing postfit: ch6,tZq
>> Doing postfit: ch6,ttH
>> Doing postfit: ch6,ttVV
>> Doing postfit: ch6,TotalBkg
>> Doing postfit: ch6,TotalSig
>> Doing postfit: ch6,TotalProcs
>> Doing postfit: ch7,Convs
>> Doing postfit: ch7,Rares
>> Doing postfit: ch7,TTW_lep2_pt_bin0
>> Doing postfit: ch7,TTW_lep2_pt_bin1
>> Doing postfit: ch7,TTW_lep2_pt_bin2
>> Doing postfit: ch7,TTW_ooa
>> Doing postfit: ch7,TTZ
>> Doing postfit: ch7,VVV
>> Doing postfit: ch7,WZ
>> Doing postfit: ch7,ZZ
>> Doing postfit: ch7,data_fakes
>> Doing postfit: ch7,data_flips
>> Doing postfit: ch7,tHW
>> Doing postfit: ch7,tHq
>> Doing postfit: ch7,tZq
>> Doing postfit: ch7,ttH
>> Doing postfit: ch7,ttVV
>> Doing postfit: ch7,TotalBkg
>> Doing postfit: ch7,TotalSig
>> Doing postfit: ch7,TotalProcs
>> Doing postfit: ch8,Convs
>> Doing postfit: ch8,Rares
>> Doing postfit: ch8,TTW_lep2_pt_bin0
>> Doing postfit: ch8,TTW_lep2_pt_bin1
>> Doing postfit: ch8,TTW_lep2_pt_bin2
>> Doing postfit: ch8,TTW_ooa
>> Doing postfit: ch8,TTZ
>> Doing postfit: ch8,VVV
>> Doing postfit: ch8,WZ
>> Doing postfit: ch8,ZZ
>> Doing postfit: ch8,data_fakes
>> Doing postfit: ch8,data_flips
>> Doing postfit: ch8,tHW
>> Doing postfit: ch8,tHq
>> Doing postfit: ch8,tZq
>> Doing postfit: ch8,ttH
>> Doing postfit: ch8,ttVV
>> Doing postfit: ch8,TotalBkg
>> Doing postfit: ch8,TotalSig
>> Doing postfit: ch8,TotalProcs
>> Doing postfit: ch9,Rares
>> Doing postfit: ch9,TTW_lep2_pt_bin0
>> Doing postfit: ch9,TTW_lep2_pt_bin1
>> Doing postfit: ch9,TTW_lep2_pt_bin2
>> Doing postfit: ch9,TTW_ooa
>> Doing postfit: ch9,TTZ
>> Doing postfit: ch9,VVV
>> Doing postfit: ch9,WZ
>> Doing postfit: ch9,ZZ
>> Doing postfit: ch9,data_fakes
>> Doing postfit: ch9,tHW
>> Doing postfit: ch9,tHq
>> Doing postfit: ch9,tZq
>> Doing postfit: ch9,ttH
>> Doing postfit: ch9,ttVV
>> Doing postfit: ch9,TotalBkg
>> Doing postfit: ch9,TotalSig
>> Doing postfit: ch9,TotalProcs

Bin                       Total relative bkg uncert. (postfit)
----------------------------------------------------------
ch1                       0.09007   
ch10                      0.09210   
ch11                      0.06065   
ch12                      0.07562   
ch2                       0.07419   
ch3                       0.08174   
ch4                       0.11938   
ch5                       0.07314   
ch6                       0.12477   
ch7                       0.09472   
ch8                       0.08547   
ch9                       0.07840   

Bin                       Process              Scale factor
----------------------------------------------------------
ch1                       Convs                1.19483   
ch1                       Rares                1.37278   
ch1                       TTW_lep2_pt_bin0     1.52563   
ch1                       TTW_lep2_pt_bin1     1.32861   
ch1                       TTW_lep2_pt_bin2     1.37106   
ch1                       TTW_ooa              1.11128   
ch1                       TTZ                  1.16006   
ch1                       VVV                  1.28233   
ch1                       WZ                   1.04641   
ch1                       ZZ                   1.39844   
ch1                       data_fakes           1.25662   
ch1                       data_flips           1.01929   
ch1                       tHW                  1.05054   
ch1                       tHq                  1.05857   
ch1                       tZq                  1.09472   
ch1                       ttH                  1.06468   
ch1                       ttVV                 1.08107   
ch10                      Convs                1.21035   
ch10                      Rares                1.26102   
ch10                      TTW_lep2_pt_bin0     1.52427   
ch10                      TTW_lep2_pt_bin1     1.28778   
ch10                      TTW_lep2_pt_bin2     1.33932   
ch10                      TTW_ooa              0.99764   
ch10                      TTZ                  1.19398   
ch10                      VVV                  0.94221   
ch10                      WZ                   0.89769   
ch10                      ZZ                   1.37468   
ch10                      data_fakes           1.38100   
ch10                      data_flips           1.01894   
ch10                      tHW                  0.99177   
ch10                      tHq                  1.02576   
ch10                      tZq                  1.12079   
ch10                      ttH                  1.04484   
ch10                      ttVV                 1.06006   
ch11                      Convs                1.16273   
ch11                      Rares                1.25640   
ch11                      TTW_lep2_pt_bin0     1.47383   
ch11                      TTW_lep2_pt_bin1     1.25549   
ch11                      TTW_lep2_pt_bin2     1.30037   
ch11                      TTW_ooa              0.99524   
ch11                      TTZ                  1.18842   
ch11                      VVV                  1.19901   
ch11                      WZ                   0.96988   
ch11                      ZZ                   1.33750   
ch11                      data_fakes           1.09398   
ch11                      data_flips           1.01862   
ch11                      tHW                  1.00991   
ch11                      tHq                  0.99639   
ch11                      tZq                  1.01522   
ch11                      ttH                  1.00441   
ch11                      ttVV                 1.03531   
ch12                      Rares                1.43653   
ch12                      TTW_lep2_pt_bin0     1.44303   
ch12                      TTW_lep2_pt_bin1     1.21991   
ch12                      TTW_lep2_pt_bin2     1.28018   
ch12                      TTW_ooa              0.95283   
ch12                      TTZ                  1.11166   
ch12                      VVV                  1.17445   
ch12                      WZ                   1.00799   
ch12                      ZZ                   1.24474   
ch12                      data_fakes           1.01160   
ch12                      tHW                  0.97928   
ch12                      tHq                  0.97028   
ch12                      tZq                  1.09242   
ch12                      ttH                  1.00025   
ch12                      ttVV                 1.00237   
ch2                       Convs                1.04738   
ch2                       Rares                1.32725   
ch2                       TTW_lep2_pt_bin0     1.52067   
ch2                       TTW_lep2_pt_bin1     1.27801   
ch2                       TTW_lep2_pt_bin2     1.33283   
ch2                       TTW_ooa              1.03532   
ch2                       TTZ                  1.16089   
ch2                       VVV                  1.21737   
ch2                       WZ                   1.00622   
ch2                       ZZ                   1.30254   
ch2                       data_fakes           1.12118   
ch2                       data_flips           1.01885   
ch2                       tHW                  1.00421   
ch2                       tHq                  1.01462   
ch2                       tZq                  1.07411   
ch2                       ttH                  1.02831   
ch2                       ttVV                 1.03702   
ch3                       Rares                1.45148   
ch3                       TTW_lep2_pt_bin0     1.42480   
ch3                       TTW_lep2_pt_bin1     1.24399   
ch3                       TTW_lep2_pt_bin2     1.27584   
ch3                       TTW_ooa              0.99352   
ch3                       TTZ                  1.14874   
ch3                       VVV                  1.03504   
ch3                       WZ                   0.94106   
ch3                       ZZ                   1.35593   
ch3                       data_fakes           0.96589   
ch3                       tHW                  0.98209   
ch3                       tHq                  0.98729   
ch3                       tZq                  1.03787   
ch3                       ttH                  1.00480   
ch3                       ttVV                 1.00845   
ch4                       Convs                1.11639   
ch4                       Rares                1.39230   
ch4                       TTW_lep2_pt_bin0     1.51856   
ch4                       TTW_lep2_pt_bin1     1.31256   
ch4                       TTW_lep2_pt_bin2     1.39584   
ch4                       TTW_ooa              1.04463   
ch4                       TTZ                  1.20304   
ch4                       VVV                  1.39492   
ch4                       WZ                   1.21104   
ch4                       ZZ                   1.70904   
ch4                       data_fakes           1.38667   
ch4                       data_flips           1.01820   
ch4                       tHW                  1.07939   
ch4                       tHq                  1.08742   
ch4                       tZq                  1.15319   
ch4                       ttH                  1.10258   
ch4                       ttVV                 1.08348   
ch5                       Convs                1.10594   
ch5                       Rares                1.40743   
ch5                       TTW_lep2_pt_bin0     1.52363   
ch5                       TTW_lep2_pt_bin1     1.30321   
ch5                       TTW_lep2_pt_bin2     1.33621   
ch5                       TTW_ooa              1.06342   
ch5                       TTZ                  1.16213   
ch5                       VVV                  1.44745   
ch5                       WZ                   1.20060   
ch5                       ZZ                   1.56177   
ch5                       data_fakes           1.15314   
ch5                       data_flips           1.01879   
ch5                       tHW                  1.05767   
ch5                       tHq                  1.04593   
ch5                       tZq                  1.11613   
ch5                       ttH                  1.07061   
ch5                       ttVV                 1.05565   
ch6                       Rares                1.38473   
ch6                       TTW_lep2_pt_bin0     1.47189   
ch6                       TTW_lep2_pt_bin1     1.27772   
ch6                       TTW_lep2_pt_bin2     1.30513   
ch6                       TTW_ooa              1.03569   
ch6                       TTZ                  1.12377   
ch6                       VVV                  2.44808   
ch6                       WZ                   1.11542   
ch6                       ZZ                   1.71951   
ch6                       data_fakes           0.92860   
ch6                       tHW                  1.02709   
ch6                       tHq                  1.03679   
ch6                       tZq                  1.08645   
ch6                       ttH                  1.00632   
ch6                       ttVV                 1.02692   
ch7                       Convs                1.01906   
ch7                       Rares                1.37289   
ch7                       TTW_lep2_pt_bin0     1.54516   
ch7                       TTW_lep2_pt_bin1     1.29251   
ch7                       TTW_lep2_pt_bin2     1.32989   
ch7                       TTW_ooa              1.06042   
ch7                       TTZ                  1.14703   
ch7                       VVV                  1.23084   
ch7                       WZ                   0.98495   
ch7                       ZZ                   1.12601   
ch7                       data_fakes           1.26643   
ch7                       data_flips           1.01879   
ch7                       tHW                  1.04143   
ch7                       tHq                  1.03943   
ch7                       tZq                  1.17509   
ch7                       ttH                  1.07079   
ch7                       ttVV                 1.07552   
ch8                       Convs                1.17954   
ch8                       Rares                1.38673   
ch8                       TTW_lep2_pt_bin0     1.52075   
ch8                       TTW_lep2_pt_bin1     1.27862   
ch8                       TTW_lep2_pt_bin2     1.33809   
ch8                       TTW_ooa              1.02823   
ch8                       TTZ                  1.16853   
ch8                       VVV                  1.22232   
ch8                       WZ                   1.01113   
ch8                       ZZ                   1.28528   
ch8                       data_fakes           1.10775   
ch8                       data_flips           1.01871   
ch8                       tHW                  1.02572   
ch8                       tHq                  1.02391   
ch8                       tZq                  1.09357   
ch8                       ttH                  1.04138   
ch8                       ttVV                 1.05070   
ch9                       Rares                1.28766   
ch9                       TTW_lep2_pt_bin0     1.45853   
ch9                       TTW_lep2_pt_bin1     1.25182   
ch9                       TTW_lep2_pt_bin2     1.30348   
ch9                       TTW_ooa              1.00448   
ch9                       TTZ                  1.12326   
ch9                       VVV                  1.21054   
ch9                       WZ                   1.00193   
ch9                       ZZ                   0.90989   
ch9                       data_fakes           0.98815   
ch9                       tHW                  0.99744   
ch9                       tHq                  0.98523   
ch9                       tZq                  1.09381   
ch9                       ttH                  1.00984   
ch9                       ttVV                 1.02448   
