WARNING: the default behaviour of PostFitShapesFromWorkspace is to use the covariance matrix sampling method for the post-fit uncertainty. The option --sampling is deprecated and will be removed in future versions of CombineHarvester
[SetFlag] Changing value of flag "workspaces-use-clone" from 0 to 1
[#1] INFO:ObjectHandling -- RooWorkspace::import(w) importing dataset ch1
[#1] INFO:ObjectHandling -- RooWorkspace::import(w) importing dataset ch10
[#1] INFO:ObjectHandling -- RooWorkspace::import(w) importing dataset ch11
[#1] INFO:ObjectHandling -- RooWorkspace::import(w) importing dataset ch12
[#1] INFO:ObjectHandling -- RooWorkspace::import(w) importing dataset ch2
[#1] INFO:ObjectHandling -- RooWorkspace::import(w) importing dataset ch3
[#1] INFO:ObjectHandling -- RooWorkspace::import(w) importing dataset ch4
[#1] INFO:ObjectHandling -- RooWorkspace::import(w) importing dataset ch5
[#1] INFO:ObjectHandling -- RooWorkspace::import(w) importing dataset ch6
[#1] INFO:ObjectHandling -- RooWorkspace::import(w) importing dataset ch7
[#1] INFO:ObjectHandling -- RooWorkspace::import(w) importing dataset ch8
[#1] INFO:ObjectHandling -- RooWorkspace::import(w) importing dataset ch9
[SetFlag] Changing value of flag "workspaces-use-clone" from 0 to 1
>> Doing prefit: TotalBkg
>> Doing prefit: TotalSig
>> Doing prefit: TotalProcs
>> Doing prefit: ch1,Convs
>> Doing prefit: ch1,Rares
>> Doing prefit: ch1,TTW_ooa
>> Doing prefit: ch1,TTW_sum_2lss_pt_bin0
>> Doing prefit: ch1,TTW_sum_2lss_pt_bin1
>> Doing prefit: ch1,TTW_sum_2lss_pt_bin2
>> Doing prefit: ch1,TTW_sum_2lss_pt_bin3
>> Doing prefit: ch1,TTZ
>> Doing prefit: ch1,VVV
>> Doing prefit: ch1,WZ
>> Doing prefit: ch1,ZZ
>> Doing prefit: ch1,data_fakes
>> Doing prefit: ch1,data_flips
>> Doing prefit: ch1,tHW
>> Doing prefit: ch1,tHq
>> Doing prefit: ch1,tZq
>> Doing prefit: ch1,ttH
>> Doing prefit: ch1,ttVV
>> Doing prefit: ch1,TotalBkg
>> Doing prefit: ch1,TotalSig
>> Doing prefit: ch1,TotalProcs
>> Doing prefit: ch10,Convs
>> Doing prefit: ch10,Rares
>> Doing prefit: ch10,TTW_ooa
>> Doing prefit: ch10,TTW_sum_2lss_pt_bin0
>> Doing prefit: ch10,TTW_sum_2lss_pt_bin1
>> Doing prefit: ch10,TTW_sum_2lss_pt_bin2
>> Doing prefit: ch10,TTW_sum_2lss_pt_bin3
>> Doing prefit: ch10,TTZ
>> Doing prefit: ch10,VVV
>> Doing prefit: ch10,WZ
>> Doing prefit: ch10,ZZ
>> Doing prefit: ch10,data_fakes
>> Doing prefit: ch10,data_flips
>> Doing prefit: ch10,tHW
>> Doing prefit: ch10,tHq
>> Doing prefit: ch10,tZq
>> Doing prefit: ch10,ttH
>> Doing prefit: ch10,ttVV
>> Doing prefit: ch10,TotalBkg
>> Doing prefit: ch10,TotalSig
>> Doing prefit: ch10,TotalProcs
>> Doing prefit: ch11,Rares
>> Doing prefit: ch11,TTW_ooa
>> Doing prefit: ch11,TTW_sum_2lss_pt_bin0
>> Doing prefit: ch11,TTW_sum_2lss_pt_bin1
>> Doing prefit: ch11,TTW_sum_2lss_pt_bin2
>> Doing prefit: ch11,TTW_sum_2lss_pt_bin3
>> Doing prefit: ch11,TTZ
>> Doing prefit: ch11,VVV
>> Doing prefit: ch11,WZ
>> Doing prefit: ch11,ZZ
>> Doing prefit: ch11,data_fakes
>> Doing prefit: ch11,tHW
>> Doing prefit: ch11,tHq
>> Doing prefit: ch11,tZq
>> Doing prefit: ch11,ttH
>> Doing prefit: ch11,ttVV
>> Doing prefit: ch11,TotalBkg
>> Doing prefit: ch11,TotalSig
>> Doing prefit: ch11,TotalProcs
>> Doing prefit: ch12,Convs
>> Doing prefit: ch12,Rares
>> Doing prefit: ch12,TTW_ooa
>> Doing prefit: ch12,TTW_sum_2lss_pt_bin0
>> Doing prefit: ch12,TTW_sum_2lss_pt_bin1
>> Doing prefit: ch12,TTW_sum_2lss_pt_bin2
>> Doing prefit: ch12,TTW_sum_2lss_pt_bin3
>> Doing prefit: ch12,TTZ
>> Doing prefit: ch12,VVV
>> Doing prefit: ch12,WZ
>> Doing prefit: ch12,ZZ
>> Doing prefit: ch12,data_fakes
>> Doing prefit: ch12,data_flips
>> Doing prefit: ch12,tHW
>> Doing prefit: ch12,tHq
>> Doing prefit: ch12,tZq
>> Doing prefit: ch12,ttH
>> Doing prefit: ch12,ttVV
>> Doing prefit: ch12,TotalBkg
>> Doing prefit: ch12,TotalSig
>> Doing prefit: ch12,TotalProcs
>> Doing prefit: ch2,Rares
>> Doing prefit: ch2,TTW_ooa
>> Doing prefit: ch2,TTW_sum_2lss_pt_bin0
>> Doing prefit: ch2,TTW_sum_2lss_pt_bin1
>> Doing prefit: ch2,TTW_sum_2lss_pt_bin2
>> Doing prefit: ch2,TTW_sum_2lss_pt_bin3
>> Doing prefit: ch2,TTZ
>> Doing prefit: ch2,VVV
>> Doing prefit: ch2,WZ
>> Doing prefit: ch2,data_fakes
>> Doing prefit: ch2,tHW
>> Doing prefit: ch2,tHq
>> Doing prefit: ch2,tZq
>> Doing prefit: ch2,ttH
>> Doing prefit: ch2,ttVV
>> Doing prefit: ch2,TotalBkg
>> Doing prefit: ch2,TotalSig
>> Doing prefit: ch2,TotalProcs
>> Doing prefit: ch3,Convs
>> Doing prefit: ch3,Rares
>> Doing prefit: ch3,TTW_ooa
>> Doing prefit: ch3,TTW_sum_2lss_pt_bin0
>> Doing prefit: ch3,TTW_sum_2lss_pt_bin1
>> Doing prefit: ch3,TTW_sum_2lss_pt_bin2
>> Doing prefit: ch3,TTW_sum_2lss_pt_bin3
>> Doing prefit: ch3,TTZ
>> Doing prefit: ch3,VVV
>> Doing prefit: ch3,WZ
>> Doing prefit: ch3,ZZ
>> Doing prefit: ch3,data_fakes
>> Doing prefit: ch3,data_flips
>> Doing prefit: ch3,tHW
>> Doing prefit: ch3,tHq
>> Doing prefit: ch3,tZq
>> Doing prefit: ch3,ttH
>> Doing prefit: ch3,ttVV
>> Doing prefit: ch3,TotalBkg
>> Doing prefit: ch3,TotalSig
>> Doing prefit: ch3,TotalProcs
>> Doing prefit: ch4,Convs
>> Doing prefit: ch4,Rares
>> Doing prefit: ch4,TTW_ooa
>> Doing prefit: ch4,TTW_sum_2lss_pt_bin0
>> Doing prefit: ch4,TTW_sum_2lss_pt_bin1
>> Doing prefit: ch4,TTW_sum_2lss_pt_bin2
>> Doing prefit: ch4,TTW_sum_2lss_pt_bin3
>> Doing prefit: ch4,TTZ
>> Doing prefit: ch4,VVV
>> Doing prefit: ch4,WZ
>> Doing prefit: ch4,ZZ
>> Doing prefit: ch4,data_fakes
>> Doing prefit: ch4,data_flips
>> Doing prefit: ch4,tHW
>> Doing prefit: ch4,tHq
>> Doing prefit: ch4,tZq
>> Doing prefit: ch4,ttH
>> Doing prefit: ch4,ttVV
>> Doing prefit: ch4,TotalBkg
>> Doing prefit: ch4,TotalSig
>> Doing prefit: ch4,TotalProcs
>> Doing prefit: ch5,Rares
>> Doing prefit: ch5,TTW_ooa
>> Doing prefit: ch5,TTW_sum_2lss_pt_bin0
>> Doing prefit: ch5,TTW_sum_2lss_pt_bin1
>> Doing prefit: ch5,TTW_sum_2lss_pt_bin2
>> Doing prefit: ch5,TTW_sum_2lss_pt_bin3
>> Doing prefit: ch5,TTZ
>> Doing prefit: ch5,VVV
>> Doing prefit: ch5,WZ
>> Doing prefit: ch5,ZZ
>> Doing prefit: ch5,data_fakes
>> Doing prefit: ch5,tHW
>> Doing prefit: ch5,tHq
>> Doing prefit: ch5,tZq
>> Doing prefit: ch5,ttH
>> Doing prefit: ch5,ttVV
>> Doing prefit: ch5,TotalBkg
>> Doing prefit: ch5,TotalSig
>> Doing prefit: ch5,TotalProcs
>> Doing prefit: ch6,Convs
>> Doing prefit: ch6,Rares
>> Doing prefit: ch6,TTW_ooa
>> Doing prefit: ch6,TTW_sum_2lss_pt_bin0
>> Doing prefit: ch6,TTW_sum_2lss_pt_bin1
>> Doing prefit: ch6,TTW_sum_2lss_pt_bin2
>> Doing prefit: ch6,TTW_sum_2lss_pt_bin3
>> Doing prefit: ch6,TTZ
>> Doing prefit: ch6,VVV
>> Doing prefit: ch6,WZ
>> Doing prefit: ch6,ZZ
>> Doing prefit: ch6,data_fakes
>> Doing prefit: ch6,data_flips
>> Doing prefit: ch6,tHW
>> Doing prefit: ch6,tHq
>> Doing prefit: ch6,tZq
>> Doing prefit: ch6,ttH
>> Doing prefit: ch6,ttVV
>> Doing prefit: ch6,TotalBkg
>> Doing prefit: ch6,TotalSig
>> Doing prefit: ch6,TotalProcs
>> Doing prefit: ch7,Convs
>> Doing prefit: ch7,Rares
>> Doing prefit: ch7,TTW_ooa
>> Doing prefit: ch7,TTW_sum_2lss_pt_bin0
>> Doing prefit: ch7,TTW_sum_2lss_pt_bin1
>> Doing prefit: ch7,TTW_sum_2lss_pt_bin2
>> Doing prefit: ch7,TTW_sum_2lss_pt_bin3
>> Doing prefit: ch7,TTZ
>> Doing prefit: ch7,VVV
>> Doing prefit: ch7,WZ
>> Doing prefit: ch7,ZZ
>> Doing prefit: ch7,data_fakes
>> Doing prefit: ch7,data_flips
>> Doing prefit: ch7,tHW
>> Doing prefit: ch7,tHq
>> Doing prefit: ch7,tZq
>> Doing prefit: ch7,ttH
>> Doing prefit: ch7,ttVV
>> Doing prefit: ch7,TotalBkg
>> Doing prefit: ch7,TotalSig
>> Doing prefit: ch7,TotalProcs
>> Doing prefit: ch8,Rares
>> Doing prefit: ch8,TTW_ooa
>> Doing prefit: ch8,TTW_sum_2lss_pt_bin0
>> Doing prefit: ch8,TTW_sum_2lss_pt_bin1
>> Doing prefit: ch8,TTW_sum_2lss_pt_bin2
>> Doing prefit: ch8,TTW_sum_2lss_pt_bin3
>> Doing prefit: ch8,TTZ
>> Doing prefit: ch8,VVV
>> Doing prefit: ch8,WZ
>> Doing prefit: ch8,ZZ
>> Doing prefit: ch8,data_fakes
>> Doing prefit: ch8,tHW
>> Doing prefit: ch8,tHq
>> Doing prefit: ch8,tZq
>> Doing prefit: ch8,ttH
>> Doing prefit: ch8,ttVV
>> Doing prefit: ch8,TotalBkg
>> Doing prefit: ch8,TotalSig
>> Doing prefit: ch8,TotalProcs
>> Doing prefit: ch9,Convs
>> Doing prefit: ch9,Rares
>> Doing prefit: ch9,TTW_ooa
>> Doing prefit: ch9,TTW_sum_2lss_pt_bin0
>> Doing prefit: ch9,TTW_sum_2lss_pt_bin1
>> Doing prefit: ch9,TTW_sum_2lss_pt_bin2
>> Doing prefit: ch9,TTW_sum_2lss_pt_bin3
>> Doing prefit: ch9,TTZ
>> Doing prefit: ch9,VVV
>> Doing prefit: ch9,WZ
>> Doing prefit: ch9,ZZ
>> Doing prefit: ch9,data_fakes
>> Doing prefit: ch9,data_flips
>> Doing prefit: ch9,tHW
>> Doing prefit: ch9,tHq
>> Doing prefit: ch9,tZq
>> Doing prefit: ch9,ttH
>> Doing prefit: ch9,ttVV
>> Doing prefit: ch9,TotalBkg
>> Doing prefit: ch9,TotalSig
>> Doing prefit: ch9,TotalProcs
Bin                       Total relative bkg uncert. (prefit)
----------------------------------------------------------
ch1                       0.11716   
ch10                      0.12489   
ch11                      0.17417   
ch12                      0.15006   
ch2                       0.12178   
ch3                       0.14855   
ch4                       0.10992   
ch5                       0.14023   
ch6                       0.13091   
ch7                       0.11876   
ch8                       0.20830   
ch9                       0.14597   
>> Doing postfit: TotalBkg
>> Doing postfit: TotalSig
>> Doing postfit: TotalProcs
>> Doing postfit: ch1,Convs
>> Doing postfit: ch1,Rares
>> Doing postfit: ch1,TTW_ooa
>> Doing postfit: ch1,TTW_sum_2lss_pt_bin0
>> Doing postfit: ch1,TTW_sum_2lss_pt_bin1
>> Doing postfit: ch1,TTW_sum_2lss_pt_bin2
>> Doing postfit: ch1,TTW_sum_2lss_pt_bin3
>> Doing postfit: ch1,TTZ
>> Doing postfit: ch1,VVV
>> Doing postfit: ch1,WZ
>> Doing postfit: ch1,ZZ
>> Doing postfit: ch1,data_fakes
>> Doing postfit: ch1,data_flips
>> Doing postfit: ch1,tHW
>> Doing postfit: ch1,tHq
>> Doing postfit: ch1,tZq
>> Doing postfit: ch1,ttH
>> Doing postfit: ch1,ttVV
>> Doing postfit: ch1,TotalBkg
>> Doing postfit: ch1,TotalSig
>> Doing postfit: ch1,TotalProcs
>> Doing postfit: ch10,Convs
>> Doing postfit: ch10,Rares
>> Doing postfit: ch10,TTW_ooa
>> Doing postfit: ch10,TTW_sum_2lss_pt_bin0
>> Doing postfit: ch10,TTW_sum_2lss_pt_bin1
>> Doing postfit: ch10,TTW_sum_2lss_pt_bin2
>> Doing postfit: ch10,TTW_sum_2lss_pt_bin3
>> Doing postfit: ch10,TTZ
>> Doing postfit: ch10,VVV
>> Doing postfit: ch10,WZ
>> Doing postfit: ch10,ZZ
>> Doing postfit: ch10,data_fakes
>> Doing postfit: ch10,data_flips
>> Doing postfit: ch10,tHW
>> Doing postfit: ch10,tHq
>> Doing postfit: ch10,tZq
>> Doing postfit: ch10,ttH
>> Doing postfit: ch10,ttVV
>> Doing postfit: ch10,TotalBkg
>> Doing postfit: ch10,TotalSig
>> Doing postfit: ch10,TotalProcs
>> Doing postfit: ch11,Rares
>> Doing postfit: ch11,TTW_ooa
>> Doing postfit: ch11,TTW_sum_2lss_pt_bin0
>> Doing postfit: ch11,TTW_sum_2lss_pt_bin1
>> Doing postfit: ch11,TTW_sum_2lss_pt_bin2
>> Doing postfit: ch11,TTW_sum_2lss_pt_bin3
>> Doing postfit: ch11,TTZ
>> Doing postfit: ch11,VVV
>> Doing postfit: ch11,WZ
>> Doing postfit: ch11,ZZ
>> Doing postfit: ch11,data_fakes
>> Doing postfit: ch11,tHW
>> Doing postfit: ch11,tHq
>> Doing postfit: ch11,tZq
>> Doing postfit: ch11,ttH
>> Doing postfit: ch11,ttVV
>> Doing postfit: ch11,TotalBkg
>> Doing postfit: ch11,TotalSig
>> Doing postfit: ch11,TotalProcs
>> Doing postfit: ch12,Convs
>> Doing postfit: ch12,Rares
>> Doing postfit: ch12,TTW_ooa
>> Doing postfit: ch12,TTW_sum_2lss_pt_bin0
>> Doing postfit: ch12,TTW_sum_2lss_pt_bin1
>> Doing postfit: ch12,TTW_sum_2lss_pt_bin2
>> Doing postfit: ch12,TTW_sum_2lss_pt_bin3
>> Doing postfit: ch12,TTZ
>> Doing postfit: ch12,VVV
>> Doing postfit: ch12,WZ
>> Doing postfit: ch12,ZZ
>> Doing postfit: ch12,data_fakes
>> Doing postfit: ch12,data_flips
>> Doing postfit: ch12,tHW
>> Doing postfit: ch12,tHq
>> Doing postfit: ch12,tZq
>> Doing postfit: ch12,ttH
>> Doing postfit: ch12,ttVV
>> Doing postfit: ch12,TotalBkg
>> Doing postfit: ch12,TotalSig
>> Doing postfit: ch12,TotalProcs
>> Doing postfit: ch2,Rares
>> Doing postfit: ch2,TTW_ooa
>> Doing postfit: ch2,TTW_sum_2lss_pt_bin0
>> Doing postfit: ch2,TTW_sum_2lss_pt_bin1
>> Doing postfit: ch2,TTW_sum_2lss_pt_bin2
>> Doing postfit: ch2,TTW_sum_2lss_pt_bin3
>> Doing postfit: ch2,TTZ
>> Doing postfit: ch2,VVV
>> Doing postfit: ch2,WZ
>> Doing postfit: ch2,data_fakes
>> Doing postfit: ch2,tHW
>> Doing postfit: ch2,tHq
>> Doing postfit: ch2,tZq
>> Doing postfit: ch2,ttH
>> Doing postfit: ch2,ttVV
>> Doing postfit: ch2,TotalBkg
>> Doing postfit: ch2,TotalSig
>> Doing postfit: ch2,TotalProcs
>> Doing postfit: ch3,Convs
>> Doing postfit: ch3,Rares
>> Doing postfit: ch3,TTW_ooa
>> Doing postfit: ch3,TTW_sum_2lss_pt_bin0
>> Doing postfit: ch3,TTW_sum_2lss_pt_bin1
>> Doing postfit: ch3,TTW_sum_2lss_pt_bin2
>> Doing postfit: ch3,TTW_sum_2lss_pt_bin3
>> Doing postfit: ch3,TTZ
>> Doing postfit: ch3,VVV
>> Doing postfit: ch3,WZ
>> Doing postfit: ch3,ZZ
>> Doing postfit: ch3,data_fakes
>> Doing postfit: ch3,data_flips
>> Doing postfit: ch3,tHW
>> Doing postfit: ch3,tHq
>> Doing postfit: ch3,tZq
>> Doing postfit: ch3,ttH
>> Doing postfit: ch3,ttVV
>> Doing postfit: ch3,TotalBkg
>> Doing postfit: ch3,TotalSig
>> Doing postfit: ch3,TotalProcs
>> Doing postfit: ch4,Convs
>> Doing postfit: ch4,Rares
>> Doing postfit: ch4,TTW_ooa
>> Doing postfit: ch4,TTW_sum_2lss_pt_bin0
>> Doing postfit: ch4,TTW_sum_2lss_pt_bin1
>> Doing postfit: ch4,TTW_sum_2lss_pt_bin2
>> Doing postfit: ch4,TTW_sum_2lss_pt_bin3
>> Doing postfit: ch4,TTZ
>> Doing postfit: ch4,VVV
>> Doing postfit: ch4,WZ
>> Doing postfit: ch4,ZZ
>> Doing postfit: ch4,data_fakes
>> Doing postfit: ch4,data_flips
>> Doing postfit: ch4,tHW
>> Doing postfit: ch4,tHq
>> Doing postfit: ch4,tZq
>> Doing postfit: ch4,ttH
>> Doing postfit: ch4,ttVV
>> Doing postfit: ch4,TotalBkg
>> Doing postfit: ch4,TotalSig
>> Doing postfit: ch4,TotalProcs
>> Doing postfit: ch5,Rares
>> Doing postfit: ch5,TTW_ooa
>> Doing postfit: ch5,TTW_sum_2lss_pt_bin0
>> Doing postfit: ch5,TTW_sum_2lss_pt_bin1
>> Doing postfit: ch5,TTW_sum_2lss_pt_bin2
>> Doing postfit: ch5,TTW_sum_2lss_pt_bin3
>> Doing postfit: ch5,TTZ
>> Doing postfit: ch5,VVV
>> Doing postfit: ch5,WZ
>> Doing postfit: ch5,ZZ
>> Doing postfit: ch5,data_fakes
>> Doing postfit: ch5,tHW
>> Doing postfit: ch5,tHq
>> Doing postfit: ch5,tZq
>> Doing postfit: ch5,ttH
>> Doing postfit: ch5,ttVV
>> Doing postfit: ch5,TotalBkg
>> Doing postfit: ch5,TotalSig
>> Doing postfit: ch5,TotalProcs
>> Doing postfit: ch6,Convs
>> Doing postfit: ch6,Rares
>> Doing postfit: ch6,TTW_ooa
>> Doing postfit: ch6,TTW_sum_2lss_pt_bin0
>> Doing postfit: ch6,TTW_sum_2lss_pt_bin1
>> Doing postfit: ch6,TTW_sum_2lss_pt_bin2
>> Doing postfit: ch6,TTW_sum_2lss_pt_bin3
>> Doing postfit: ch6,TTZ
>> Doing postfit: ch6,VVV
>> Doing postfit: ch6,WZ
>> Doing postfit: ch6,ZZ
>> Doing postfit: ch6,data_fakes
>> Doing postfit: ch6,data_flips
>> Doing postfit: ch6,tHW
>> Doing postfit: ch6,tHq
>> Doing postfit: ch6,tZq
>> Doing postfit: ch6,ttH
>> Doing postfit: ch6,ttVV
>> Doing postfit: ch6,TotalBkg
>> Doing postfit: ch6,TotalSig
>> Doing postfit: ch6,TotalProcs
>> Doing postfit: ch7,Convs
>> Doing postfit: ch7,Rares
>> Doing postfit: ch7,TTW_ooa
>> Doing postfit: ch7,TTW_sum_2lss_pt_bin0
>> Doing postfit: ch7,TTW_sum_2lss_pt_bin1
>> Doing postfit: ch7,TTW_sum_2lss_pt_bin2
>> Doing postfit: ch7,TTW_sum_2lss_pt_bin3
>> Doing postfit: ch7,TTZ
>> Doing postfit: ch7,VVV
>> Doing postfit: ch7,WZ
>> Doing postfit: ch7,ZZ
>> Doing postfit: ch7,data_fakes
>> Doing postfit: ch7,data_flips
>> Doing postfit: ch7,tHW
>> Doing postfit: ch7,tHq
>> Doing postfit: ch7,tZq
>> Doing postfit: ch7,ttH
>> Doing postfit: ch7,ttVV
>> Doing postfit: ch7,TotalBkg
>> Doing postfit: ch7,TotalSig
>> Doing postfit: ch7,TotalProcs
>> Doing postfit: ch8,Rares
>> Doing postfit: ch8,TTW_ooa
>> Doing postfit: ch8,TTW_sum_2lss_pt_bin0
>> Doing postfit: ch8,TTW_sum_2lss_pt_bin1
>> Doing postfit: ch8,TTW_sum_2lss_pt_bin2
>> Doing postfit: ch8,TTW_sum_2lss_pt_bin3
>> Doing postfit: ch8,TTZ
>> Doing postfit: ch8,VVV
>> Doing postfit: ch8,WZ
>> Doing postfit: ch8,ZZ
>> Doing postfit: ch8,data_fakes
>> Doing postfit: ch8,tHW
>> Doing postfit: ch8,tHq
>> Doing postfit: ch8,tZq
>> Doing postfit: ch8,ttH
>> Doing postfit: ch8,ttVV
>> Doing postfit: ch8,TotalBkg
>> Doing postfit: ch8,TotalSig
>> Doing postfit: ch8,TotalProcs
>> Doing postfit: ch9,Convs
>> Doing postfit: ch9,Rares
>> Doing postfit: ch9,TTW_ooa
>> Doing postfit: ch9,TTW_sum_2lss_pt_bin0
>> Doing postfit: ch9,TTW_sum_2lss_pt_bin1
>> Doing postfit: ch9,TTW_sum_2lss_pt_bin2
>> Doing postfit: ch9,TTW_sum_2lss_pt_bin3
>> Doing postfit: ch9,TTZ
>> Doing postfit: ch9,VVV
>> Doing postfit: ch9,WZ
>> Doing postfit: ch9,ZZ
>> Doing postfit: ch9,data_fakes
>> Doing postfit: ch9,data_flips
>> Doing postfit: ch9,tHW
>> Doing postfit: ch9,tHq
>> Doing postfit: ch9,tZq
>> Doing postfit: ch9,ttH
>> Doing postfit: ch9,ttVV
>> Doing postfit: ch9,TotalBkg
>> Doing postfit: ch9,TotalSig
>> Doing postfit: ch9,TotalProcs

Bin                       Total relative bkg uncert. (postfit)
----------------------------------------------------------
ch1                       0.07366   
ch10                      0.08228   
ch11                      0.10162   
ch12                      0.09822   
ch2                       0.07372   
ch3                       0.09560   
ch4                       0.08240   
ch5                       0.08908   
ch6                       0.08722   
ch7                       0.08945   
ch8                       0.12331   
ch9                       0.09761   

Bin                       Process              Scale factor
----------------------------------------------------------
ch1                       Convs                1.19950   
ch1                       Rares                1.28178   
ch1                       TTW_ooa              1.00443   
ch1                       TTW_sum_2lss_pt_bin0 1.32329   
ch1                       TTW_sum_2lss_pt_bin1 1.27776   
ch1                       TTW_sum_2lss_pt_bin2 1.59040   
ch1                       TTW_sum_2lss_pt_bin3 0.95415   
ch1                       TTZ                  1.16779   
ch1                       VVV                  1.17252   
ch1                       WZ                   0.96479   
ch1                       ZZ                   1.20184   
ch1                       data_fakes           1.15447   
ch1                       data_flips           0.98736   
ch1                       tHW                  1.02289   
ch1                       tHq                  1.00818   
ch1                       tZq                  1.07410   
ch1                       ttH                  1.03544   
ch1                       ttVV                 1.05694   
ch10                      Convs                1.19611   
ch10                      Rares                1.21527   
ch10                      TTW_ooa              1.06523   
ch10                      TTW_sum_2lss_pt_bin0 1.34311   
ch10                      TTW_sum_2lss_pt_bin1 1.30535   
ch10                      TTW_sum_2lss_pt_bin2 1.62635   
ch10                      TTW_sum_2lss_pt_bin3 0.94664   
ch10                      TTZ                  1.13905   
ch10                      VVV                  1.25137   
ch10                      WZ                   1.05711   
ch10                      ZZ                   1.43850   
ch10                      data_fakes           1.13158   
ch10                      data_flips           0.98740   
ch10                      tHW                  1.03021   
ch10                      tHq                  1.03854   
ch10                      tZq                  1.13285   
ch10                      ttH                  1.06298   
ch10                      ttVV                 1.06981   
ch11                      Rares                1.12481   
ch11                      TTW_ooa              1.00913   
ch11                      TTW_sum_2lss_pt_bin0 1.29824   
ch11                      TTW_sum_2lss_pt_bin1 1.26813   
ch11                      TTW_sum_2lss_pt_bin2 1.57690   
ch11                      TTW_sum_2lss_pt_bin3 0.93236   
ch11                      TTZ                  1.14324   
ch11                      VVV                  1.14651   
ch11                      WZ                   1.01583   
ch11                      ZZ                   1.48217   
ch11                      data_fakes           0.98702   
ch11                      tHW                  1.00703   
ch11                      tHq                  1.05755   
ch11                      tZq                  1.09050   
ch11                      ttH                  1.02428   
ch11                      ttVV                 1.04300   
ch12                      Convs                1.15313   
ch12                      Rares                1.41899   
ch12                      TTW_ooa              1.02585   
ch12                      TTW_sum_2lss_pt_bin0 1.36639   
ch12                      TTW_sum_2lss_pt_bin1 1.28972   
ch12                      TTW_sum_2lss_pt_bin2 1.64237   
ch12                      TTW_sum_2lss_pt_bin3 0.96707   
ch12                      TTZ                  1.21923   
ch12                      VVV                  1.22529   
ch12                      WZ                   0.99877   
ch12                      ZZ                   1.11117   
ch12                      data_fakes           1.34839   
ch12                      data_flips           0.98734   
ch12                      tHW                  1.06535   
ch12                      tHq                  1.03108   
ch12                      tZq                  1.10177   
ch12                      ttH                  1.04145   
ch12                      ttVV                 1.08391   
ch2                       Rares                1.00614   
ch2                       TTW_ooa              0.96884   
ch2                       TTW_sum_2lss_pt_bin0 1.26723   
ch2                       TTW_sum_2lss_pt_bin1 1.24042   
ch2                       TTW_sum_2lss_pt_bin2 1.58698   
ch2                       TTW_sum_2lss_pt_bin3 0.92603   
ch2                       TTZ                  1.07460   
ch2                       VVV                  1.09875   
ch2                       WZ                   1.00429   
ch2                       data_fakes           0.99683   
ch2                       tHW                  0.99596   
ch2                       tHq                  0.97705   
ch2                       tZq                  1.06333   
ch2                       ttH                  1.01924   
ch2                       ttVV                 1.02812   
ch3                       Convs                1.27311   
ch3                       Rares                1.20226   
ch3                       TTW_ooa              1.10360   
ch3                       TTW_sum_2lss_pt_bin0 1.37032   
ch3                       TTW_sum_2lss_pt_bin1 1.32891   
ch3                       TTW_sum_2lss_pt_bin2 1.67492   
ch3                       TTW_sum_2lss_pt_bin3 1.01850   
ch3                       TTZ                  1.16549   
ch3                       VVV                  1.22643   
ch3                       WZ                   0.95713   
ch3                       ZZ                   1.43572   
ch3                       data_fakes           1.26404   
ch3                       data_flips           0.98755   
ch3                       tHW                  1.07522   
ch3                       tHq                  1.06428   
ch3                       tZq                  1.14058   
ch3                       ttH                  1.09690   
ch3                       ttVV                 1.11266   
ch4                       Convs                1.31191   
ch4                       Rares                1.14770   
ch4                       TTW_ooa              1.05844   
ch4                       TTW_sum_2lss_pt_bin0 1.35434   
ch4                       TTW_sum_2lss_pt_bin1 1.29244   
ch4                       TTW_sum_2lss_pt_bin2 1.62047   
ch4                       TTW_sum_2lss_pt_bin3 0.97054   
ch4                       TTZ                  1.15099   
ch4                       VVV                  1.15135   
ch4                       WZ                   1.00642   
ch4                       ZZ                   1.29184   
ch4                       data_fakes           1.14351   
ch4                       data_flips           0.98747   
ch4                       tHW                  1.01710   
ch4                       tHq                  1.03248   
ch4                       tZq                  1.05427   
ch4                       ttH                  1.04740   
ch4                       ttVV                 1.06704   
ch5                       Rares                1.06131   
ch5                       TTW_ooa              1.01265   
ch5                       TTW_sum_2lss_pt_bin0 1.29829   
ch5                       TTW_sum_2lss_pt_bin1 1.24264   
ch5                       TTW_sum_2lss_pt_bin2 1.59108   
ch5                       TTW_sum_2lss_pt_bin3 0.92738   
ch5                       TTZ                  1.09690   
ch5                       VVV                  1.22019   
ch5                       WZ                   1.01943   
ch5                       ZZ                   1.46964   
ch5                       data_fakes           0.93614   
ch5                       tHW                  0.98907   
ch5                       tHq                  1.00614   
ch5                       tZq                  1.07817   
ch5                       ttH                  1.02789   
ch5                       ttVV                 1.03157   
ch6                       Convs                1.16938   
ch6                       Rares                1.23829   
ch6                       TTW_ooa              1.11260   
ch6                       TTW_sum_2lss_pt_bin0 1.34428   
ch6                       TTW_sum_2lss_pt_bin1 1.34579   
ch6                       TTW_sum_2lss_pt_bin2 1.71554   
ch6                       TTW_sum_2lss_pt_bin3 0.98628   
ch6                       TTZ                  1.25061   
ch6                       VVV                  1.35190   
ch6                       WZ                   1.30949   
ch6                       ZZ                   1.48461   
ch6                       data_fakes           1.15616   
ch6                       data_flips           0.98660   
ch6                       tHW                  1.09442   
ch6                       tHq                  1.08032   
ch6                       tZq                  1.30657   
ch6                       ttH                  1.09972   
ch6                       ttVV                 1.09913   
ch7                       Convs                1.16529   
ch7                       Rares                1.22522   
ch7                       TTW_ooa              1.09504   
ch7                       TTW_sum_2lss_pt_bin0 1.34072   
ch7                       TTW_sum_2lss_pt_bin1 1.31590   
ch7                       TTW_sum_2lss_pt_bin2 1.64508   
ch7                       TTW_sum_2lss_pt_bin3 0.95268   
ch7                       TTZ                  1.20524   
ch7                       VVV                  1.35977   
ch7                       WZ                   1.47903   
ch7                       ZZ                   1.53750   
ch7                       data_fakes           1.09568   
ch7                       data_flips           0.98796   
ch7                       tHW                  1.05893   
ch7                       tHq                  1.07421   
ch7                       tZq                  1.15062   
ch7                       ttH                  1.06125   
ch7                       ttVV                 1.08158   
ch8                       Rares                1.18896   
ch8                       TTW_ooa              1.06092   
ch8                       TTW_sum_2lss_pt_bin0 1.31093   
ch8                       TTW_sum_2lss_pt_bin1 1.28242   
ch8                       TTW_sum_2lss_pt_bin2 1.60175   
ch8                       TTW_sum_2lss_pt_bin3 0.92579   
ch8                       TTZ                  1.18103   
ch8                       VVV                  1.26758   
ch8                       WZ                   1.23078   
ch8                       ZZ                   1.44086   
ch8                       data_fakes           1.02899   
ch8                       tHW                  1.03626   
ch8                       tHq                  1.03069   
ch8                       tZq                  1.25725   
ch8                       ttH                  1.04520   
ch8                       ttVV                 1.05276   
ch9                       Convs                1.15155   
ch9                       Rares                1.15020   
ch9                       TTW_ooa              1.10664   
ch9                       TTW_sum_2lss_pt_bin0 1.36605   
ch9                       TTW_sum_2lss_pt_bin1 1.32344   
ch9                       TTW_sum_2lss_pt_bin2 1.66424   
ch9                       TTW_sum_2lss_pt_bin3 1.00940   
ch9                       TTZ                  1.15654   
ch9                       VVV                  1.04618   
ch9                       WZ                   1.01042   
ch9                       ZZ                   1.26308   
ch9                       data_fakes           1.28240   
ch9                       data_flips           0.98702   
ch9                       tHW                  1.04692   
ch9                       tHq                  1.08325   
ch9                       tZq                  1.15626   
ch9                       ttH                  1.09412   
ch9                       ttVV                 1.09425   
