WARNING: the default behaviour of PostFitShapesFromWorkspace is to use the covariance matrix sampling method for the post-fit uncertainty. The option --sampling is deprecated and will be removed in future versions of CombineHarvester
[SetFlag] Changing value of flag "workspaces-use-clone" from 0 to 1
[#1] INFO:ObjectHandling -- RooWorkspace::import(w) importing dataset ch1
[#1] INFO:ObjectHandling -- RooWorkspace::import(w) importing dataset ch10
[#1] INFO:ObjectHandling -- RooWorkspace::import(w) importing dataset ch11
[#1] INFO:ObjectHandling -- RooWorkspace::import(w) importing dataset ch12
[#1] INFO:ObjectHandling -- RooWorkspace::import(w) importing dataset ch13
[#1] INFO:ObjectHandling -- RooWorkspace::import(w) importing dataset ch14
[#1] INFO:ObjectHandling -- RooWorkspace::import(w) importing dataset ch15
[#1] INFO:ObjectHandling -- RooWorkspace::import(w) importing dataset ch16
[#1] INFO:ObjectHandling -- RooWorkspace::import(w) importing dataset ch17
[#1] INFO:ObjectHandling -- RooWorkspace::import(w) importing dataset ch18
[#1] INFO:ObjectHandling -- RooWorkspace::import(w) importing dataset ch19
[#1] INFO:ObjectHandling -- RooWorkspace::import(w) importing dataset ch2
[#1] INFO:ObjectHandling -- RooWorkspace::import(w) importing dataset ch20
[#1] INFO:ObjectHandling -- RooWorkspace::import(w) importing dataset ch21
[#1] INFO:ObjectHandling -- RooWorkspace::import(w) importing dataset ch22
[#1] INFO:ObjectHandling -- RooWorkspace::import(w) importing dataset ch23
[#1] INFO:ObjectHandling -- RooWorkspace::import(w) importing dataset ch24
[#1] INFO:ObjectHandling -- RooWorkspace::import(w) importing dataset ch3
[#1] INFO:ObjectHandling -- RooWorkspace::import(w) importing dataset ch4
[#1] INFO:ObjectHandling -- RooWorkspace::import(w) importing dataset ch5
[#1] INFO:ObjectHandling -- RooWorkspace::import(w) importing dataset ch6
[#1] INFO:ObjectHandling -- RooWorkspace::import(w) importing dataset ch7
[#1] INFO:ObjectHandling -- RooWorkspace::import(w) importing dataset ch8
[#1] INFO:ObjectHandling -- RooWorkspace::import(w) importing dataset ch9
[SetFlag] Changing value of flag "workspaces-use-clone" from 0 to 1
>> Doing prefit: TotalBkg
>> Doing prefit: TotalSig
>> Doing prefit: TotalProcs
>> Doing prefit: ch1,Rares
>> Doing prefit: ch1,TTW_ooa
>> Doing prefit: ch1,TTW_sum_2lss_pt_bin0
>> Doing prefit: ch1,TTW_sum_2lss_pt_bin1
>> Doing prefit: ch1,TTW_sum_2lss_pt_bin2
>> Doing prefit: ch1,TTW_sum_2lss_pt_bin3
>> Doing prefit: ch1,TTZ
>> Doing prefit: ch1,VVV
>> Doing prefit: ch1,WZ
>> Doing prefit: ch1,data_fakes
>> Doing prefit: ch1,tHW
>> Doing prefit: ch1,tHq
>> Doing prefit: ch1,tZq
>> Doing prefit: ch1,ttH
>> Doing prefit: ch1,ttVV
>> Doing prefit: ch1,TotalBkg
>> Doing prefit: ch1,TotalSig
>> Doing prefit: ch1,TotalProcs
>> Doing prefit: ch10,Rares
>> Doing prefit: ch10,TTW_ooa
>> Doing prefit: ch10,TTW_sum_2lss_pt_bin0
>> Doing prefit: ch10,TTW_sum_2lss_pt_bin1
>> Doing prefit: ch10,TTW_sum_2lss_pt_bin2
>> Doing prefit: ch10,TTW_sum_2lss_pt_bin3
>> Doing prefit: ch10,TTZ
>> Doing prefit: ch10,VVV
>> Doing prefit: ch10,WZ
>> Doing prefit: ch10,ZZ
>> Doing prefit: ch10,data_fakes
>> Doing prefit: ch10,tHW
>> Doing prefit: ch10,tHq
>> Doing prefit: ch10,tZq
>> Doing prefit: ch10,ttH
>> Doing prefit: ch10,ttVV
>> Doing prefit: ch10,TotalBkg
>> Doing prefit: ch10,TotalSig
>> Doing prefit: ch10,TotalProcs
>> Doing prefit: ch11,Convs
>> Doing prefit: ch11,Rares
>> Doing prefit: ch11,TTW_ooa
>> Doing prefit: ch11,TTW_sum_2lss_pt_bin0
>> Doing prefit: ch11,TTW_sum_2lss_pt_bin1
>> Doing prefit: ch11,TTW_sum_2lss_pt_bin2
>> Doing prefit: ch11,TTW_sum_2lss_pt_bin3
>> Doing prefit: ch11,TTZ
>> Doing prefit: ch11,VVV
>> Doing prefit: ch11,WZ
>> Doing prefit: ch11,ZZ
>> Doing prefit: ch11,data_fakes
>> Doing prefit: ch11,data_flips
>> Doing prefit: ch11,tHW
>> Doing prefit: ch11,tHq
>> Doing prefit: ch11,tZq
>> Doing prefit: ch11,ttH
>> Doing prefit: ch11,ttVV
>> Doing prefit: ch11,TotalBkg
>> Doing prefit: ch11,TotalSig
>> Doing prefit: ch11,TotalProcs
>> Doing prefit: ch12,Convs
>> Doing prefit: ch12,Rares
>> Doing prefit: ch12,TTW_ooa
>> Doing prefit: ch12,TTW_sum_2lss_pt_bin0
>> Doing prefit: ch12,TTW_sum_2lss_pt_bin1
>> Doing prefit: ch12,TTW_sum_2lss_pt_bin2
>> Doing prefit: ch12,TTW_sum_2lss_pt_bin3
>> Doing prefit: ch12,TTZ
>> Doing prefit: ch12,VVV
>> Doing prefit: ch12,WZ
>> Doing prefit: ch12,ZZ
>> Doing prefit: ch12,data_fakes
>> Doing prefit: ch12,data_flips
>> Doing prefit: ch12,tHW
>> Doing prefit: ch12,tHq
>> Doing prefit: ch12,tZq
>> Doing prefit: ch12,ttH
>> Doing prefit: ch12,ttVV
>> Doing prefit: ch12,TotalBkg
>> Doing prefit: ch12,TotalSig
>> Doing prefit: ch12,TotalProcs
>> Doing prefit: ch13,Rares
>> Doing prefit: ch13,TTW_ooa
>> Doing prefit: ch13,TTW_sum_2lss_pt_bin0
>> Doing prefit: ch13,TTW_sum_2lss_pt_bin1
>> Doing prefit: ch13,TTW_sum_2lss_pt_bin2
>> Doing prefit: ch13,TTW_sum_2lss_pt_bin3
>> Doing prefit: ch13,TTZ
>> Doing prefit: ch13,VVV
>> Doing prefit: ch13,WZ
>> Doing prefit: ch13,ZZ
>> Doing prefit: ch13,data_fakes
>> Doing prefit: ch13,tHW
>> Doing prefit: ch13,tHq
>> Doing prefit: ch13,tZq
>> Doing prefit: ch13,ttH
>> Doing prefit: ch13,ttVV
>> Doing prefit: ch13,TotalBkg
>> Doing prefit: ch13,TotalSig
>> Doing prefit: ch13,TotalProcs
>> Doing prefit: ch14,Convs
>> Doing prefit: ch14,Rares
>> Doing prefit: ch14,TTW_ooa
>> Doing prefit: ch14,TTW_sum_2lss_pt_bin0
>> Doing prefit: ch14,TTW_sum_2lss_pt_bin1
>> Doing prefit: ch14,TTW_sum_2lss_pt_bin2
>> Doing prefit: ch14,TTW_sum_2lss_pt_bin3
>> Doing prefit: ch14,TTZ
>> Doing prefit: ch14,VVV
>> Doing prefit: ch14,WZ
>> Doing prefit: ch14,ZZ
>> Doing prefit: ch14,data_fakes
>> Doing prefit: ch14,data_flips
>> Doing prefit: ch14,tHW
>> Doing prefit: ch14,tHq
>> Doing prefit: ch14,tZq
>> Doing prefit: ch14,ttH
>> Doing prefit: ch14,ttVV
>> Doing prefit: ch14,TotalBkg
>> Doing prefit: ch14,TotalSig
>> Doing prefit: ch14,TotalProcs
>> Doing prefit: ch15,Convs
>> Doing prefit: ch15,Rares
>> Doing prefit: ch15,TTW_ooa
>> Doing prefit: ch15,TTW_sum_2lss_pt_bin0
>> Doing prefit: ch15,TTW_sum_2lss_pt_bin1
>> Doing prefit: ch15,TTW_sum_2lss_pt_bin2
>> Doing prefit: ch15,TTW_sum_2lss_pt_bin3
>> Doing prefit: ch15,TTZ
>> Doing prefit: ch15,VVV
>> Doing prefit: ch15,WZ
>> Doing prefit: ch15,ZZ
>> Doing prefit: ch15,data_fakes
>> Doing prefit: ch15,data_flips
>> Doing prefit: ch15,tHW
>> Doing prefit: ch15,tHq
>> Doing prefit: ch15,tZq
>> Doing prefit: ch15,ttH
>> Doing prefit: ch15,ttVV
>> Doing prefit: ch15,TotalBkg
>> Doing prefit: ch15,TotalSig
>> Doing prefit: ch15,TotalProcs
>> Doing prefit: ch16,Rares
>> Doing prefit: ch16,TTW_ooa
>> Doing prefit: ch16,TTW_sum_2lss_pt_bin0
>> Doing prefit: ch16,TTW_sum_2lss_pt_bin1
>> Doing prefit: ch16,TTW_sum_2lss_pt_bin2
>> Doing prefit: ch16,TTW_sum_2lss_pt_bin3
>> Doing prefit: ch16,TTZ
>> Doing prefit: ch16,VVV
>> Doing prefit: ch16,WZ
>> Doing prefit: ch16,ZZ
>> Doing prefit: ch16,data_fakes
>> Doing prefit: ch16,tHW
>> Doing prefit: ch16,tHq
>> Doing prefit: ch16,tZq
>> Doing prefit: ch16,ttH
>> Doing prefit: ch16,ttVV
>> Doing prefit: ch16,TotalBkg
>> Doing prefit: ch16,TotalSig
>> Doing prefit: ch16,TotalProcs
>> Doing prefit: ch17,Convs
>> Doing prefit: ch17,Rares
>> Doing prefit: ch17,TTW_ooa
>> Doing prefit: ch17,TTW_sum_2lss_pt_bin0
>> Doing prefit: ch17,TTW_sum_2lss_pt_bin1
>> Doing prefit: ch17,TTW_sum_2lss_pt_bin2
>> Doing prefit: ch17,TTW_sum_2lss_pt_bin3
>> Doing prefit: ch17,TTZ
>> Doing prefit: ch17,VVV
>> Doing prefit: ch17,WZ
>> Doing prefit: ch17,ZZ
>> Doing prefit: ch17,data_fakes
>> Doing prefit: ch17,data_flips
>> Doing prefit: ch17,tHW
>> Doing prefit: ch17,tHq
>> Doing prefit: ch17,tZq
>> Doing prefit: ch17,ttH
>> Doing prefit: ch17,ttVV
>> Doing prefit: ch17,TotalBkg
>> Doing prefit: ch17,TotalSig
>> Doing prefit: ch17,TotalProcs
>> Doing prefit: ch18,Convs
>> Doing prefit: ch18,Rares
>> Doing prefit: ch18,TTW_ooa
>> Doing prefit: ch18,TTW_sum_2lss_pt_bin0
>> Doing prefit: ch18,TTW_sum_2lss_pt_bin1
>> Doing prefit: ch18,TTW_sum_2lss_pt_bin2
>> Doing prefit: ch18,TTW_sum_2lss_pt_bin3
>> Doing prefit: ch18,TTZ
>> Doing prefit: ch18,VVV
>> Doing prefit: ch18,WZ
>> Doing prefit: ch18,ZZ
>> Doing prefit: ch18,data_fakes
>> Doing prefit: ch18,data_flips
>> Doing prefit: ch18,tHW
>> Doing prefit: ch18,tHq
>> Doing prefit: ch18,tZq
>> Doing prefit: ch18,ttH
>> Doing prefit: ch18,ttVV
>> Doing prefit: ch18,TotalBkg
>> Doing prefit: ch18,TotalSig
>> Doing prefit: ch18,TotalProcs
>> Doing prefit: ch19,Rares
>> Doing prefit: ch19,TTW_ooa
>> Doing prefit: ch19,TTW_sum_2lss_pt_bin0
>> Doing prefit: ch19,TTW_sum_2lss_pt_bin1
>> Doing prefit: ch19,TTW_sum_2lss_pt_bin2
>> Doing prefit: ch19,TTW_sum_2lss_pt_bin3
>> Doing prefit: ch19,TTZ
>> Doing prefit: ch19,VVV
>> Doing prefit: ch19,WZ
>> Doing prefit: ch19,ZZ
>> Doing prefit: ch19,data_fakes
>> Doing prefit: ch19,tHW
>> Doing prefit: ch19,tHq
>> Doing prefit: ch19,tZq
>> Doing prefit: ch19,ttH
>> Doing prefit: ch19,ttVV
>> Doing prefit: ch19,TotalBkg
>> Doing prefit: ch19,TotalSig
>> Doing prefit: ch19,TotalProcs
>> Doing prefit: ch2,Convs
>> Doing prefit: ch2,Rares
>> Doing prefit: ch2,TTW_ooa
>> Doing prefit: ch2,TTW_sum_2lss_pt_bin0
>> Doing prefit: ch2,TTW_sum_2lss_pt_bin1
>> Doing prefit: ch2,TTW_sum_2lss_pt_bin2
>> Doing prefit: ch2,TTW_sum_2lss_pt_bin3
>> Doing prefit: ch2,TTZ
>> Doing prefit: ch2,VVV
>> Doing prefit: ch2,WZ
>> Doing prefit: ch2,ZZ
>> Doing prefit: ch2,data_fakes
>> Doing prefit: ch2,data_flips
>> Doing prefit: ch2,tHW
>> Doing prefit: ch2,tHq
>> Doing prefit: ch2,tZq
>> Doing prefit: ch2,ttH
>> Doing prefit: ch2,ttVV
>> Doing prefit: ch2,TotalBkg
>> Doing prefit: ch2,TotalSig
>> Doing prefit: ch2,TotalProcs
>> Doing prefit: ch20,Convs
>> Doing prefit: ch20,Rares
>> Doing prefit: ch20,TTW_ooa
>> Doing prefit: ch20,TTW_sum_2lss_pt_bin0
>> Doing prefit: ch20,TTW_sum_2lss_pt_bin1
>> Doing prefit: ch20,TTW_sum_2lss_pt_bin2
>> Doing prefit: ch20,TTW_sum_2lss_pt_bin3
>> Doing prefit: ch20,TTZ
>> Doing prefit: ch20,VVV
>> Doing prefit: ch20,WZ
>> Doing prefit: ch20,ZZ
>> Doing prefit: ch20,data_fakes
>> Doing prefit: ch20,data_flips
>> Doing prefit: ch20,tHW
>> Doing prefit: ch20,tHq
>> Doing prefit: ch20,tZq
>> Doing prefit: ch20,ttH
>> Doing prefit: ch20,ttVV
>> Doing prefit: ch20,TotalBkg
>> Doing prefit: ch20,TotalSig
>> Doing prefit: ch20,TotalProcs
>> Doing prefit: ch21,Convs
>> Doing prefit: ch21,Rares
>> Doing prefit: ch21,TTW_ooa
>> Doing prefit: ch21,TTW_sum_2lss_pt_bin0
>> Doing prefit: ch21,TTW_sum_2lss_pt_bin1
>> Doing prefit: ch21,TTW_sum_2lss_pt_bin2
>> Doing prefit: ch21,TTW_sum_2lss_pt_bin3
>> Doing prefit: ch21,TTZ
>> Doing prefit: ch21,VVV
>> Doing prefit: ch21,WZ
>> Doing prefit: ch21,ZZ
>> Doing prefit: ch21,data_fakes
>> Doing prefit: ch21,data_flips
>> Doing prefit: ch21,tHW
>> Doing prefit: ch21,tHq
>> Doing prefit: ch21,tZq
>> Doing prefit: ch21,ttH
>> Doing prefit: ch21,ttVV
>> Doing prefit: ch21,TotalBkg
>> Doing prefit: ch21,TotalSig
>> Doing prefit: ch21,TotalProcs
>> Doing prefit: ch22,Convs
>> Doing prefit: ch22,Rares
>> Doing prefit: ch22,TTW_ooa
>> Doing prefit: ch22,TTW_sum_2lss_pt_bin0
>> Doing prefit: ch22,TTW_sum_2lss_pt_bin1
>> Doing prefit: ch22,TTW_sum_2lss_pt_bin2
>> Doing prefit: ch22,TTW_sum_2lss_pt_bin3
>> Doing prefit: ch22,TTZ
>> Doing prefit: ch22,VVV
>> Doing prefit: ch22,WZ
>> Doing prefit: ch22,ZZ
>> Doing prefit: ch22,data_fakes
>> Doing prefit: ch22,data_flips
>> Doing prefit: ch22,tHW
>> Doing prefit: ch22,tHq
>> Doing prefit: ch22,tZq
>> Doing prefit: ch22,ttH
>> Doing prefit: ch22,ttVV
>> Doing prefit: ch22,TotalBkg
>> Doing prefit: ch22,TotalSig
>> Doing prefit: ch22,TotalProcs
>> Doing prefit: ch23,Convs
>> Doing prefit: ch23,Rares
>> Doing prefit: ch23,TTW_ooa
>> Doing prefit: ch23,TTW_sum_2lss_pt_bin0
>> Doing prefit: ch23,TTW_sum_2lss_pt_bin1
>> Doing prefit: ch23,TTW_sum_2lss_pt_bin2
>> Doing prefit: ch23,TTW_sum_2lss_pt_bin3
>> Doing prefit: ch23,TTZ
>> Doing prefit: ch23,VVV
>> Doing prefit: ch23,WZ
>> Doing prefit: ch23,ZZ
>> Doing prefit: ch23,data_fakes
>> Doing prefit: ch23,data_flips
>> Doing prefit: ch23,tHW
>> Doing prefit: ch23,tHq
>> Doing prefit: ch23,tZq
>> Doing prefit: ch23,ttH
>> Doing prefit: ch23,ttVV
>> Doing prefit: ch23,TotalBkg
>> Doing prefit: ch23,TotalSig
>> Doing prefit: ch23,TotalProcs
>> Doing prefit: ch24,Rares
>> Doing prefit: ch24,TTW_ooa
>> Doing prefit: ch24,TTW_sum_2lss_pt_bin0
>> Doing prefit: ch24,TTW_sum_2lss_pt_bin1
>> Doing prefit: ch24,TTW_sum_2lss_pt_bin2
>> Doing prefit: ch24,TTW_sum_2lss_pt_bin3
>> Doing prefit: ch24,TTZ
>> Doing prefit: ch24,VVV
>> Doing prefit: ch24,WZ
>> Doing prefit: ch24,ZZ
>> Doing prefit: ch24,data_fakes
>> Doing prefit: ch24,tHW
>> Doing prefit: ch24,tHq
>> Doing prefit: ch24,tZq
>> Doing prefit: ch24,ttH
>> Doing prefit: ch24,ttVV
>> Doing prefit: ch24,TotalBkg
>> Doing prefit: ch24,TotalSig
>> Doing prefit: ch24,TotalProcs
>> Doing prefit: ch3,Convs
>> Doing prefit: ch3,Rares
>> Doing prefit: ch3,TTW_ooa
>> Doing prefit: ch3,TTW_sum_2lss_pt_bin0
>> Doing prefit: ch3,TTW_sum_2lss_pt_bin1
>> Doing prefit: ch3,TTW_sum_2lss_pt_bin2
>> Doing prefit: ch3,TTW_sum_2lss_pt_bin3
>> Doing prefit: ch3,TTZ
>> Doing prefit: ch3,VVV
>> Doing prefit: ch3,WZ
>> Doing prefit: ch3,ZZ
>> Doing prefit: ch3,data_fakes
>> Doing prefit: ch3,data_flips
>> Doing prefit: ch3,tHW
>> Doing prefit: ch3,tHq
>> Doing prefit: ch3,tZq
>> Doing prefit: ch3,ttH
>> Doing prefit: ch3,ttVV
>> Doing prefit: ch3,TotalBkg
>> Doing prefit: ch3,TotalSig
>> Doing prefit: ch3,TotalProcs
>> Doing prefit: ch4,Rares
>> Doing prefit: ch4,TTW_ooa
>> Doing prefit: ch4,TTW_sum_2lss_pt_bin0
>> Doing prefit: ch4,TTW_sum_2lss_pt_bin1
>> Doing prefit: ch4,TTW_sum_2lss_pt_bin2
>> Doing prefit: ch4,TTW_sum_2lss_pt_bin3
>> Doing prefit: ch4,TTZ
>> Doing prefit: ch4,VVV
>> Doing prefit: ch4,WZ
>> Doing prefit: ch4,ZZ
>> Doing prefit: ch4,data_fakes
>> Doing prefit: ch4,tHW
>> Doing prefit: ch4,tHq
>> Doing prefit: ch4,tZq
>> Doing prefit: ch4,ttH
>> Doing prefit: ch4,ttVV
>> Doing prefit: ch4,TotalBkg
>> Doing prefit: ch4,TotalSig
>> Doing prefit: ch4,TotalProcs
>> Doing prefit: ch5,Convs
>> Doing prefit: ch5,Rares
>> Doing prefit: ch5,TTW_ooa
>> Doing prefit: ch5,TTW_sum_2lss_pt_bin0
>> Doing prefit: ch5,TTW_sum_2lss_pt_bin1
>> Doing prefit: ch5,TTW_sum_2lss_pt_bin2
>> Doing prefit: ch5,TTW_sum_2lss_pt_bin3
>> Doing prefit: ch5,TTZ
>> Doing prefit: ch5,VVV
>> Doing prefit: ch5,WZ
>> Doing prefit: ch5,ZZ
>> Doing prefit: ch5,data_fakes
>> Doing prefit: ch5,data_flips
>> Doing prefit: ch5,tHW
>> Doing prefit: ch5,tHq
>> Doing prefit: ch5,tZq
>> Doing prefit: ch5,ttH
>> Doing prefit: ch5,ttVV
>> Doing prefit: ch5,TotalBkg
>> Doing prefit: ch5,TotalSig
>> Doing prefit: ch5,TotalProcs
>> Doing prefit: ch6,Convs
>> Doing prefit: ch6,Rares
>> Doing prefit: ch6,TTW_ooa
>> Doing prefit: ch6,TTW_sum_2lss_pt_bin0
>> Doing prefit: ch6,TTW_sum_2lss_pt_bin1
>> Doing prefit: ch6,TTW_sum_2lss_pt_bin2
>> Doing prefit: ch6,TTW_sum_2lss_pt_bin3
>> Doing prefit: ch6,TTZ
>> Doing prefit: ch6,VVV
>> Doing prefit: ch6,WZ
>> Doing prefit: ch6,ZZ
>> Doing prefit: ch6,data_fakes
>> Doing prefit: ch6,data_flips
>> Doing prefit: ch6,tHW
>> Doing prefit: ch6,tHq
>> Doing prefit: ch6,tZq
>> Doing prefit: ch6,ttH
>> Doing prefit: ch6,ttVV
>> Doing prefit: ch6,TotalBkg
>> Doing prefit: ch6,TotalSig
>> Doing prefit: ch6,TotalProcs
>> Doing prefit: ch7,Rares
>> Doing prefit: ch7,TTW_ooa
>> Doing prefit: ch7,TTW_sum_2lss_pt_bin0
>> Doing prefit: ch7,TTW_sum_2lss_pt_bin1
>> Doing prefit: ch7,TTW_sum_2lss_pt_bin2
>> Doing prefit: ch7,TTW_sum_2lss_pt_bin3
>> Doing prefit: ch7,TTZ
>> Doing prefit: ch7,VVV
>> Doing prefit: ch7,WZ
>> Doing prefit: ch7,ZZ
>> Doing prefit: ch7,data_fakes
>> Doing prefit: ch7,tHW
>> Doing prefit: ch7,tHq
>> Doing prefit: ch7,tZq
>> Doing prefit: ch7,ttH
>> Doing prefit: ch7,ttVV
>> Doing prefit: ch7,TotalBkg
>> Doing prefit: ch7,TotalSig
>> Doing prefit: ch7,TotalProcs
>> Doing prefit: ch8,Convs
>> Doing prefit: ch8,Rares
>> Doing prefit: ch8,TTW_ooa
>> Doing prefit: ch8,TTW_sum_2lss_pt_bin0
>> Doing prefit: ch8,TTW_sum_2lss_pt_bin1
>> Doing prefit: ch8,TTW_sum_2lss_pt_bin2
>> Doing prefit: ch8,TTW_sum_2lss_pt_bin3
>> Doing prefit: ch8,TTZ
>> Doing prefit: ch8,VVV
>> Doing prefit: ch8,WZ
>> Doing prefit: ch8,ZZ
>> Doing prefit: ch8,data_fakes
>> Doing prefit: ch8,data_flips
>> Doing prefit: ch8,tHW
>> Doing prefit: ch8,tHq
>> Doing prefit: ch8,tZq
>> Doing prefit: ch8,ttH
>> Doing prefit: ch8,ttVV
>> Doing prefit: ch8,TotalBkg
>> Doing prefit: ch8,TotalSig
>> Doing prefit: ch8,TotalProcs
>> Doing prefit: ch9,Convs
>> Doing prefit: ch9,Rares
>> Doing prefit: ch9,TTW_ooa
>> Doing prefit: ch9,TTW_sum_2lss_pt_bin0
>> Doing prefit: ch9,TTW_sum_2lss_pt_bin1
>> Doing prefit: ch9,TTW_sum_2lss_pt_bin2
>> Doing prefit: ch9,TTW_sum_2lss_pt_bin3
>> Doing prefit: ch9,TTZ
>> Doing prefit: ch9,VVV
>> Doing prefit: ch9,WZ
>> Doing prefit: ch9,ZZ
>> Doing prefit: ch9,data_fakes
>> Doing prefit: ch9,data_flips
>> Doing prefit: ch9,tHW
>> Doing prefit: ch9,tHq
>> Doing prefit: ch9,tZq
>> Doing prefit: ch9,ttH
>> Doing prefit: ch9,ttVV
>> Doing prefit: ch9,TotalBkg
>> Doing prefit: ch9,TotalSig
>> Doing prefit: ch9,TotalProcs
Bin                       Total relative bkg uncert. (prefit)
----------------------------------------------------------
ch1                       0.12178   
ch10                      0.20830   
ch11                      0.18773   
ch12                      0.11588   
ch13                      0.15358   
ch14                      0.14597   
ch15                      0.12489   
ch16                      0.17417   
ch17                      0.15018   
ch18                      0.12489   
ch19                      0.15457   
ch2                       0.14855   
ch20                      0.15006   
ch21                      0.11716   
ch22                      0.15972   
ch23                      0.10734   
ch24                      0.14580   
ch3                       0.10992   
ch4                       0.14023   
ch5                       0.13253   
ch6                       0.11860   
ch7                       0.14393   
ch8                       0.13091   
ch9                       0.11876   
>> Doing postfit: TotalBkg
>> Doing postfit: TotalSig
>> Doing postfit: TotalProcs
>> Doing postfit: ch1,Rares
>> Doing postfit: ch1,TTW_ooa
>> Doing postfit: ch1,TTW_sum_2lss_pt_bin0
>> Doing postfit: ch1,TTW_sum_2lss_pt_bin1
>> Doing postfit: ch1,TTW_sum_2lss_pt_bin2
>> Doing postfit: ch1,TTW_sum_2lss_pt_bin3
>> Doing postfit: ch1,TTZ
>> Doing postfit: ch1,VVV
>> Doing postfit: ch1,WZ
>> Doing postfit: ch1,data_fakes
>> Doing postfit: ch1,tHW
>> Doing postfit: ch1,tHq
>> Doing postfit: ch1,tZq
>> Doing postfit: ch1,ttH
>> Doing postfit: ch1,ttVV
>> Doing postfit: ch1,TotalBkg
>> Doing postfit: ch1,TotalSig
>> Doing postfit: ch1,TotalProcs
>> Doing postfit: ch10,Rares
>> Doing postfit: ch10,TTW_ooa
>> Doing postfit: ch10,TTW_sum_2lss_pt_bin0
>> Doing postfit: ch10,TTW_sum_2lss_pt_bin1
>> Doing postfit: ch10,TTW_sum_2lss_pt_bin2
>> Doing postfit: ch10,TTW_sum_2lss_pt_bin3
>> Doing postfit: ch10,TTZ
>> Doing postfit: ch10,VVV
>> Doing postfit: ch10,WZ
>> Doing postfit: ch10,ZZ
>> Doing postfit: ch10,data_fakes
>> Doing postfit: ch10,tHW
>> Doing postfit: ch10,tHq
>> Doing postfit: ch10,tZq
>> Doing postfit: ch10,ttH
>> Doing postfit: ch10,ttVV
>> Doing postfit: ch10,TotalBkg
>> Doing postfit: ch10,TotalSig
>> Doing postfit: ch10,TotalProcs
>> Doing postfit: ch11,Convs
>> Doing postfit: ch11,Rares
>> Doing postfit: ch11,TTW_ooa
>> Doing postfit: ch11,TTW_sum_2lss_pt_bin0
>> Doing postfit: ch11,TTW_sum_2lss_pt_bin1
>> Doing postfit: ch11,TTW_sum_2lss_pt_bin2
>> Doing postfit: ch11,TTW_sum_2lss_pt_bin3
>> Doing postfit: ch11,TTZ
>> Doing postfit: ch11,VVV
>> Doing postfit: ch11,WZ
>> Doing postfit: ch11,ZZ
>> Doing postfit: ch11,data_fakes
>> Doing postfit: ch11,data_flips
>> Doing postfit: ch11,tHW
>> Doing postfit: ch11,tHq
>> Doing postfit: ch11,tZq
>> Doing postfit: ch11,ttH
>> Doing postfit: ch11,ttVV
>> Doing postfit: ch11,TotalBkg
>> Doing postfit: ch11,TotalSig
>> Doing postfit: ch11,TotalProcs
>> Doing postfit: ch12,Convs
>> Doing postfit: ch12,Rares
>> Doing postfit: ch12,TTW_ooa
>> Doing postfit: ch12,TTW_sum_2lss_pt_bin0
>> Doing postfit: ch12,TTW_sum_2lss_pt_bin1
>> Doing postfit: ch12,TTW_sum_2lss_pt_bin2
>> Doing postfit: ch12,TTW_sum_2lss_pt_bin3
>> Doing postfit: ch12,TTZ
>> Doing postfit: ch12,VVV
>> Doing postfit: ch12,WZ
>> Doing postfit: ch12,ZZ
>> Doing postfit: ch12,data_fakes
>> Doing postfit: ch12,data_flips
>> Doing postfit: ch12,tHW
>> Doing postfit: ch12,tHq
>> Doing postfit: ch12,tZq
>> Doing postfit: ch12,ttH
>> Doing postfit: ch12,ttVV
>> Doing postfit: ch12,TotalBkg
>> Doing postfit: ch12,TotalSig
>> Doing postfit: ch12,TotalProcs
>> Doing postfit: ch13,Rares
>> Doing postfit: ch13,TTW_ooa
>> Doing postfit: ch13,TTW_sum_2lss_pt_bin0
>> Doing postfit: ch13,TTW_sum_2lss_pt_bin1
>> Doing postfit: ch13,TTW_sum_2lss_pt_bin2
>> Doing postfit: ch13,TTW_sum_2lss_pt_bin3
>> Doing postfit: ch13,TTZ
>> Doing postfit: ch13,VVV
>> Doing postfit: ch13,WZ
>> Doing postfit: ch13,ZZ
>> Doing postfit: ch13,data_fakes
>> Doing postfit: ch13,tHW
>> Doing postfit: ch13,tHq
>> Doing postfit: ch13,tZq
>> Doing postfit: ch13,ttH
>> Doing postfit: ch13,ttVV
>> Doing postfit: ch13,TotalBkg
>> Doing postfit: ch13,TotalSig
>> Doing postfit: ch13,TotalProcs
>> Doing postfit: ch14,Convs
>> Doing postfit: ch14,Rares
>> Doing postfit: ch14,TTW_ooa
>> Doing postfit: ch14,TTW_sum_2lss_pt_bin0
>> Doing postfit: ch14,TTW_sum_2lss_pt_bin1
>> Doing postfit: ch14,TTW_sum_2lss_pt_bin2
>> Doing postfit: ch14,TTW_sum_2lss_pt_bin3
>> Doing postfit: ch14,TTZ
>> Doing postfit: ch14,VVV
>> Doing postfit: ch14,WZ
>> Doing postfit: ch14,ZZ
>> Doing postfit: ch14,data_fakes
>> Doing postfit: ch14,data_flips
>> Doing postfit: ch14,tHW
>> Doing postfit: ch14,tHq
>> Doing postfit: ch14,tZq
>> Doing postfit: ch14,ttH
>> Doing postfit: ch14,ttVV
>> Doing postfit: ch14,TotalBkg
>> Doing postfit: ch14,TotalSig
>> Doing postfit: ch14,TotalProcs
>> Doing postfit: ch15,Convs
>> Doing postfit: ch15,Rares
>> Doing postfit: ch15,TTW_ooa
>> Doing postfit: ch15,TTW_sum_2lss_pt_bin0
>> Doing postfit: ch15,TTW_sum_2lss_pt_bin1
>> Doing postfit: ch15,TTW_sum_2lss_pt_bin2
>> Doing postfit: ch15,TTW_sum_2lss_pt_bin3
>> Doing postfit: ch15,TTZ
>> Doing postfit: ch15,VVV
>> Doing postfit: ch15,WZ
>> Doing postfit: ch15,ZZ
>> Doing postfit: ch15,data_fakes
>> Doing postfit: ch15,data_flips
>> Doing postfit: ch15,tHW
>> Doing postfit: ch15,tHq
>> Doing postfit: ch15,tZq
>> Doing postfit: ch15,ttH
>> Doing postfit: ch15,ttVV
>> Doing postfit: ch15,TotalBkg
>> Doing postfit: ch15,TotalSig
>> Doing postfit: ch15,TotalProcs
>> Doing postfit: ch16,Rares
>> Doing postfit: ch16,TTW_ooa
>> Doing postfit: ch16,TTW_sum_2lss_pt_bin0
>> Doing postfit: ch16,TTW_sum_2lss_pt_bin1
>> Doing postfit: ch16,TTW_sum_2lss_pt_bin2
>> Doing postfit: ch16,TTW_sum_2lss_pt_bin3
>> Doing postfit: ch16,TTZ
>> Doing postfit: ch16,VVV
>> Doing postfit: ch16,WZ
>> Doing postfit: ch16,ZZ
>> Doing postfit: ch16,data_fakes
>> Doing postfit: ch16,tHW
>> Doing postfit: ch16,tHq
>> Doing postfit: ch16,tZq
>> Doing postfit: ch16,ttH
>> Doing postfit: ch16,ttVV
>> Doing postfit: ch16,TotalBkg
>> Doing postfit: ch16,TotalSig
>> Doing postfit: ch16,TotalProcs
>> Doing postfit: ch17,Convs
>> Doing postfit: ch17,Rares
>> Doing postfit: ch17,TTW_ooa
>> Doing postfit: ch17,TTW_sum_2lss_pt_bin0
>> Doing postfit: ch17,TTW_sum_2lss_pt_bin1
>> Doing postfit: ch17,TTW_sum_2lss_pt_bin2
>> Doing postfit: ch17,TTW_sum_2lss_pt_bin3
>> Doing postfit: ch17,TTZ
>> Doing postfit: ch17,VVV
>> Doing postfit: ch17,WZ
>> Doing postfit: ch17,ZZ
>> Doing postfit: ch17,data_fakes
>> Doing postfit: ch17,data_flips
>> Doing postfit: ch17,tHW
>> Doing postfit: ch17,tHq
>> Doing postfit: ch17,tZq
>> Doing postfit: ch17,ttH
>> Doing postfit: ch17,ttVV
>> Doing postfit: ch17,TotalBkg
>> Doing postfit: ch17,TotalSig
>> Doing postfit: ch17,TotalProcs
>> Doing postfit: ch18,Convs
>> Doing postfit: ch18,Rares
>> Doing postfit: ch18,TTW_ooa
>> Doing postfit: ch18,TTW_sum_2lss_pt_bin0
>> Doing postfit: ch18,TTW_sum_2lss_pt_bin1
>> Doing postfit: ch18,TTW_sum_2lss_pt_bin2
>> Doing postfit: ch18,TTW_sum_2lss_pt_bin3
>> Doing postfit: ch18,TTZ
>> Doing postfit: ch18,VVV
>> Doing postfit: ch18,WZ
>> Doing postfit: ch18,ZZ
>> Doing postfit: ch18,data_fakes
>> Doing postfit: ch18,data_flips
>> Doing postfit: ch18,tHW
>> Doing postfit: ch18,tHq
>> Doing postfit: ch18,tZq
>> Doing postfit: ch18,ttH
>> Doing postfit: ch18,ttVV
>> Doing postfit: ch18,TotalBkg
>> Doing postfit: ch18,TotalSig
>> Doing postfit: ch18,TotalProcs
>> Doing postfit: ch19,Rares
>> Doing postfit: ch19,TTW_ooa
>> Doing postfit: ch19,TTW_sum_2lss_pt_bin0
>> Doing postfit: ch19,TTW_sum_2lss_pt_bin1
>> Doing postfit: ch19,TTW_sum_2lss_pt_bin2
>> Doing postfit: ch19,TTW_sum_2lss_pt_bin3
>> Doing postfit: ch19,TTZ
>> Doing postfit: ch19,VVV
>> Doing postfit: ch19,WZ
>> Doing postfit: ch19,ZZ
>> Doing postfit: ch19,data_fakes
>> Doing postfit: ch19,tHW
>> Doing postfit: ch19,tHq
>> Doing postfit: ch19,tZq
>> Doing postfit: ch19,ttH
>> Doing postfit: ch19,ttVV
>> Doing postfit: ch19,TotalBkg
>> Doing postfit: ch19,TotalSig
>> Doing postfit: ch19,TotalProcs
>> Doing postfit: ch2,Convs
>> Doing postfit: ch2,Rares
>> Doing postfit: ch2,TTW_ooa
>> Doing postfit: ch2,TTW_sum_2lss_pt_bin0
>> Doing postfit: ch2,TTW_sum_2lss_pt_bin1
>> Doing postfit: ch2,TTW_sum_2lss_pt_bin2
>> Doing postfit: ch2,TTW_sum_2lss_pt_bin3
>> Doing postfit: ch2,TTZ
>> Doing postfit: ch2,VVV
>> Doing postfit: ch2,WZ
>> Doing postfit: ch2,ZZ
>> Doing postfit: ch2,data_fakes
>> Doing postfit: ch2,data_flips
>> Doing postfit: ch2,tHW
>> Doing postfit: ch2,tHq
>> Doing postfit: ch2,tZq
>> Doing postfit: ch2,ttH
>> Doing postfit: ch2,ttVV
>> Doing postfit: ch2,TotalBkg
>> Doing postfit: ch2,TotalSig
>> Doing postfit: ch2,TotalProcs
>> Doing postfit: ch20,Convs
>> Doing postfit: ch20,Rares
>> Doing postfit: ch20,TTW_ooa
>> Doing postfit: ch20,TTW_sum_2lss_pt_bin0
>> Doing postfit: ch20,TTW_sum_2lss_pt_bin1
>> Doing postfit: ch20,TTW_sum_2lss_pt_bin2
>> Doing postfit: ch20,TTW_sum_2lss_pt_bin3
>> Doing postfit: ch20,TTZ
>> Doing postfit: ch20,VVV
>> Doing postfit: ch20,WZ
>> Doing postfit: ch20,ZZ
>> Doing postfit: ch20,data_fakes
>> Doing postfit: ch20,data_flips
>> Doing postfit: ch20,tHW
>> Doing postfit: ch20,tHq
>> Doing postfit: ch20,tZq
>> Doing postfit: ch20,ttH
>> Doing postfit: ch20,ttVV
>> Doing postfit: ch20,TotalBkg
>> Doing postfit: ch20,TotalSig
>> Doing postfit: ch20,TotalProcs
>> Doing postfit: ch21,Convs
>> Doing postfit: ch21,Rares
>> Doing postfit: ch21,TTW_ooa
>> Doing postfit: ch21,TTW_sum_2lss_pt_bin0
>> Doing postfit: ch21,TTW_sum_2lss_pt_bin1
>> Doing postfit: ch21,TTW_sum_2lss_pt_bin2
>> Doing postfit: ch21,TTW_sum_2lss_pt_bin3
>> Doing postfit: ch21,TTZ
>> Doing postfit: ch21,VVV
>> Doing postfit: ch21,WZ
>> Doing postfit: ch21,ZZ
>> Doing postfit: ch21,data_fakes
>> Doing postfit: ch21,data_flips
>> Doing postfit: ch21,tHW
>> Doing postfit: ch21,tHq
>> Doing postfit: ch21,tZq
>> Doing postfit: ch21,ttH
>> Doing postfit: ch21,ttVV
>> Doing postfit: ch21,TotalBkg
>> Doing postfit: ch21,TotalSig
>> Doing postfit: ch21,TotalProcs
>> Doing postfit: ch22,Convs
>> Doing postfit: ch22,Rares
>> Doing postfit: ch22,TTW_ooa
>> Doing postfit: ch22,TTW_sum_2lss_pt_bin0
>> Doing postfit: ch22,TTW_sum_2lss_pt_bin1
>> Doing postfit: ch22,TTW_sum_2lss_pt_bin2
>> Doing postfit: ch22,TTW_sum_2lss_pt_bin3
>> Doing postfit: ch22,TTZ
>> Doing postfit: ch22,VVV
>> Doing postfit: ch22,WZ
>> Doing postfit: ch22,ZZ
>> Doing postfit: ch22,data_fakes
>> Doing postfit: ch22,data_flips
>> Doing postfit: ch22,tHW
>> Doing postfit: ch22,tHq
>> Doing postfit: ch22,tZq
>> Doing postfit: ch22,ttH
>> Doing postfit: ch22,ttVV
>> Doing postfit: ch22,TotalBkg
>> Doing postfit: ch22,TotalSig
>> Doing postfit: ch22,TotalProcs
>> Doing postfit: ch23,Convs
>> Doing postfit: ch23,Rares
>> Doing postfit: ch23,TTW_ooa
>> Doing postfit: ch23,TTW_sum_2lss_pt_bin0
>> Doing postfit: ch23,TTW_sum_2lss_pt_bin1
>> Doing postfit: ch23,TTW_sum_2lss_pt_bin2
>> Doing postfit: ch23,TTW_sum_2lss_pt_bin3
>> Doing postfit: ch23,TTZ
>> Doing postfit: ch23,VVV
>> Doing postfit: ch23,WZ
>> Doing postfit: ch23,ZZ
>> Doing postfit: ch23,data_fakes
>> Doing postfit: ch23,data_flips
>> Doing postfit: ch23,tHW
>> Doing postfit: ch23,tHq
>> Doing postfit: ch23,tZq
>> Doing postfit: ch23,ttH
>> Doing postfit: ch23,ttVV
>> Doing postfit: ch23,TotalBkg
>> Doing postfit: ch23,TotalSig
>> Doing postfit: ch23,TotalProcs
>> Doing postfit: ch24,Rares
>> Doing postfit: ch24,TTW_ooa
>> Doing postfit: ch24,TTW_sum_2lss_pt_bin0
>> Doing postfit: ch24,TTW_sum_2lss_pt_bin1
>> Doing postfit: ch24,TTW_sum_2lss_pt_bin2
>> Doing postfit: ch24,TTW_sum_2lss_pt_bin3
>> Doing postfit: ch24,TTZ
>> Doing postfit: ch24,VVV
>> Doing postfit: ch24,WZ
>> Doing postfit: ch24,ZZ
>> Doing postfit: ch24,data_fakes
>> Doing postfit: ch24,tHW
>> Doing postfit: ch24,tHq
>> Doing postfit: ch24,tZq
>> Doing postfit: ch24,ttH
>> Doing postfit: ch24,ttVV
>> Doing postfit: ch24,TotalBkg
>> Doing postfit: ch24,TotalSig
>> Doing postfit: ch24,TotalProcs
>> Doing postfit: ch3,Convs
>> Doing postfit: ch3,Rares
>> Doing postfit: ch3,TTW_ooa
>> Doing postfit: ch3,TTW_sum_2lss_pt_bin0
>> Doing postfit: ch3,TTW_sum_2lss_pt_bin1
>> Doing postfit: ch3,TTW_sum_2lss_pt_bin2
>> Doing postfit: ch3,TTW_sum_2lss_pt_bin3
>> Doing postfit: ch3,TTZ
>> Doing postfit: ch3,VVV
>> Doing postfit: ch3,WZ
>> Doing postfit: ch3,ZZ
>> Doing postfit: ch3,data_fakes
>> Doing postfit: ch3,data_flips
>> Doing postfit: ch3,tHW
>> Doing postfit: ch3,tHq
>> Doing postfit: ch3,tZq
>> Doing postfit: ch3,ttH
>> Doing postfit: ch3,ttVV
>> Doing postfit: ch3,TotalBkg
>> Doing postfit: ch3,TotalSig
>> Doing postfit: ch3,TotalProcs
>> Doing postfit: ch4,Rares
>> Doing postfit: ch4,TTW_ooa
>> Doing postfit: ch4,TTW_sum_2lss_pt_bin0
>> Doing postfit: ch4,TTW_sum_2lss_pt_bin1
>> Doing postfit: ch4,TTW_sum_2lss_pt_bin2
>> Doing postfit: ch4,TTW_sum_2lss_pt_bin3
>> Doing postfit: ch4,TTZ
>> Doing postfit: ch4,VVV
>> Doing postfit: ch4,WZ
>> Doing postfit: ch4,ZZ
>> Doing postfit: ch4,data_fakes
>> Doing postfit: ch4,tHW
>> Doing postfit: ch4,tHq
>> Doing postfit: ch4,tZq
>> Doing postfit: ch4,ttH
>> Doing postfit: ch4,ttVV
>> Doing postfit: ch4,TotalBkg
>> Doing postfit: ch4,TotalSig
>> Doing postfit: ch4,TotalProcs
>> Doing postfit: ch5,Convs
>> Doing postfit: ch5,Rares
>> Doing postfit: ch5,TTW_ooa
>> Doing postfit: ch5,TTW_sum_2lss_pt_bin0
>> Doing postfit: ch5,TTW_sum_2lss_pt_bin1
>> Doing postfit: ch5,TTW_sum_2lss_pt_bin2
>> Doing postfit: ch5,TTW_sum_2lss_pt_bin3
>> Doing postfit: ch5,TTZ
>> Doing postfit: ch5,VVV
>> Doing postfit: ch5,WZ
>> Doing postfit: ch5,ZZ
>> Doing postfit: ch5,data_fakes
>> Doing postfit: ch5,data_flips
>> Doing postfit: ch5,tHW
>> Doing postfit: ch5,tHq
>> Doing postfit: ch5,tZq
>> Doing postfit: ch5,ttH
>> Doing postfit: ch5,ttVV
>> Doing postfit: ch5,TotalBkg
>> Doing postfit: ch5,TotalSig
>> Doing postfit: ch5,TotalProcs
>> Doing postfit: ch6,Convs
>> Doing postfit: ch6,Rares
>> Doing postfit: ch6,TTW_ooa
>> Doing postfit: ch6,TTW_sum_2lss_pt_bin0
>> Doing postfit: ch6,TTW_sum_2lss_pt_bin1
>> Doing postfit: ch6,TTW_sum_2lss_pt_bin2
>> Doing postfit: ch6,TTW_sum_2lss_pt_bin3
>> Doing postfit: ch6,TTZ
>> Doing postfit: ch6,VVV
>> Doing postfit: ch6,WZ
>> Doing postfit: ch6,ZZ
>> Doing postfit: ch6,data_fakes
>> Doing postfit: ch6,data_flips
>> Doing postfit: ch6,tHW
>> Doing postfit: ch6,tHq
>> Doing postfit: ch6,tZq
>> Doing postfit: ch6,ttH
>> Doing postfit: ch6,ttVV
>> Doing postfit: ch6,TotalBkg
>> Doing postfit: ch6,TotalSig
>> Doing postfit: ch6,TotalProcs
>> Doing postfit: ch7,Rares
>> Doing postfit: ch7,TTW_ooa
>> Doing postfit: ch7,TTW_sum_2lss_pt_bin0
>> Doing postfit: ch7,TTW_sum_2lss_pt_bin1
>> Doing postfit: ch7,TTW_sum_2lss_pt_bin2
>> Doing postfit: ch7,TTW_sum_2lss_pt_bin3
>> Doing postfit: ch7,TTZ
>> Doing postfit: ch7,VVV
>> Doing postfit: ch7,WZ
>> Doing postfit: ch7,ZZ
>> Doing postfit: ch7,data_fakes
>> Doing postfit: ch7,tHW
>> Doing postfit: ch7,tHq
>> Doing postfit: ch7,tZq
>> Doing postfit: ch7,ttH
>> Doing postfit: ch7,ttVV
>> Doing postfit: ch7,TotalBkg
>> Doing postfit: ch7,TotalSig
>> Doing postfit: ch7,TotalProcs
>> Doing postfit: ch8,Convs
>> Doing postfit: ch8,Rares
>> Doing postfit: ch8,TTW_ooa
>> Doing postfit: ch8,TTW_sum_2lss_pt_bin0
>> Doing postfit: ch8,TTW_sum_2lss_pt_bin1
>> Doing postfit: ch8,TTW_sum_2lss_pt_bin2
>> Doing postfit: ch8,TTW_sum_2lss_pt_bin3
>> Doing postfit: ch8,TTZ
>> Doing postfit: ch8,VVV
>> Doing postfit: ch8,WZ
>> Doing postfit: ch8,ZZ
>> Doing postfit: ch8,data_fakes
>> Doing postfit: ch8,data_flips
>> Doing postfit: ch8,tHW
>> Doing postfit: ch8,tHq
>> Doing postfit: ch8,tZq
>> Doing postfit: ch8,ttH
>> Doing postfit: ch8,ttVV
>> Doing postfit: ch8,TotalBkg
>> Doing postfit: ch8,TotalSig
>> Doing postfit: ch8,TotalProcs
>> Doing postfit: ch9,Convs
>> Doing postfit: ch9,Rares
>> Doing postfit: ch9,TTW_ooa
>> Doing postfit: ch9,TTW_sum_2lss_pt_bin0
>> Doing postfit: ch9,TTW_sum_2lss_pt_bin1
>> Doing postfit: ch9,TTW_sum_2lss_pt_bin2
>> Doing postfit: ch9,TTW_sum_2lss_pt_bin3
>> Doing postfit: ch9,TTZ
>> Doing postfit: ch9,VVV
>> Doing postfit: ch9,WZ
>> Doing postfit: ch9,ZZ
>> Doing postfit: ch9,data_fakes
>> Doing postfit: ch9,data_flips
>> Doing postfit: ch9,tHW
>> Doing postfit: ch9,tHq
>> Doing postfit: ch9,tZq
>> Doing postfit: ch9,ttH
>> Doing postfit: ch9,ttVV
>> Doing postfit: ch9,TotalBkg
>> Doing postfit: ch9,TotalSig
>> Doing postfit: ch9,TotalProcs

Bin                       Total relative bkg uncert. (postfit)
----------------------------------------------------------
ch1                       0.07224   
ch10                      0.12269   
ch11                      0.11790   
ch12                      0.08506   
ch13                      0.09927   
ch14                      0.09384   
ch15                      0.08607   
ch16                      0.10857   
ch17                      0.09814   
ch18                      0.08812   
ch19                      0.09181   
ch2                       0.10564   
ch20                      0.09233   
ch21                      0.07075   
ch22                      0.08962   
ch23                      0.07070   
ch24                      0.08355   
ch3                       0.07644   
ch4                       0.09582   
ch5                       0.09289   
ch6                       0.08168   
ch7                       0.09676   
ch8                       0.08465   
ch9                       0.08633   

Bin                       Process              Scale factor
----------------------------------------------------------
ch1                       Rares                1.07011   
ch1                       TTW_ooa              0.96907   
ch1                       TTW_sum_2lss_pt_bin0 1.26902   
ch1                       TTW_sum_2lss_pt_bin1 1.24127   
ch1                       TTW_sum_2lss_pt_bin2 1.58398   
ch1                       TTW_sum_2lss_pt_bin3 0.92562   
ch1                       TTZ                  1.16399   
ch1                       VVV                  1.09859   
ch1                       WZ                   1.01358   
ch1                       data_fakes           1.01791   
ch1                       tHW                  0.99621   
ch1                       tHq                  0.97695   
ch1                       tZq                  1.06418   
ch1                       ttH                  1.02066   
ch1                       ttVV                 1.02815   
ch10                      Rares                1.18377   
ch10                      TTW_ooa              1.06074   
ch10                      TTW_sum_2lss_pt_bin0 1.31005   
ch10                      TTW_sum_2lss_pt_bin1 1.28435   
ch10                      TTW_sum_2lss_pt_bin2 1.59145   
ch10                      TTW_sum_2lss_pt_bin3 0.92418   
ch10                      TTZ                  1.17700   
ch10                      VVV                  1.30682   
ch10                      WZ                   1.22952   
ch10                      ZZ                   1.44202   
ch10                      data_fakes           1.03805   
ch10                      tHW                  1.03630   
ch10                      tHq                  1.03070   
ch10                      tZq                  1.25746   
ch10                      ttH                  1.04527   
ch10                      ttVV                 1.05271   
ch11                      Convs                1.16426   
ch11                      Rares                1.24575   
ch11                      TTW_ooa              1.09300   
ch11                      TTW_sum_2lss_pt_bin0 1.35985   
ch11                      TTW_sum_2lss_pt_bin1 1.35044   
ch11                      TTW_sum_2lss_pt_bin2 1.71596   
ch11                      TTW_sum_2lss_pt_bin3 0.98656   
ch11                      TTZ                  1.22935   
ch11                      VVV                  1.43359   
ch11                      WZ                   1.24797   
ch11                      ZZ                   1.64330   
ch11                      data_fakes           1.35110   
ch11                      data_flips           0.98748   
ch11                      tHW                  1.10950   
ch11                      tHq                  1.11048   
ch11                      tZq                  1.22432   
ch11                      ttH                  1.10157   
ch11                      ttVV                 1.10743   
ch12                      Convs                1.29729   
ch12                      Rares                1.30493   
ch12                      TTW_ooa              1.09472   
ch12                      TTW_sum_2lss_pt_bin0 1.35387   
ch12                      TTW_sum_2lss_pt_bin1 1.29863   
ch12                      TTW_sum_2lss_pt_bin2 1.63445   
ch12                      TTW_sum_2lss_pt_bin3 0.96583   
ch12                      TTZ                  1.15914   
ch12                      VVV                  1.41382   
ch12                      WZ                   1.20099   
ch12                      ZZ                   1.56027   
ch12                      data_fakes           1.13687   
ch12                      data_flips           0.98744   
ch12                      tHW                  1.07819   
ch12                      tHq                  1.06282   
ch12                      tZq                  1.13346   
ch12                      ttH                  1.07184   
ch12                      ttVV                 1.07898   
ch13                      Rares                1.13121   
ch13                      TTW_ooa              1.05432   
ch13                      TTW_sum_2lss_pt_bin0 1.29696   
ch13                      TTW_sum_2lss_pt_bin1 1.27121   
ch13                      TTW_sum_2lss_pt_bin2 1.60026   
ch13                      TTW_sum_2lss_pt_bin3 0.94228   
ch13                      TTZ                  1.14259   
ch13                      VVV                  2.21631   
ch13                      WZ                   1.13654   
ch13                      ZZ                   1.57904   
ch13                      data_fakes           0.93377   
ch13                      tHW                  1.03315   
ch13                      tHq                  1.05588   
ch13                      tZq                  1.13242   
ch13                      ttH                  1.01932   
ch13                      ttVV                 1.04357   
ch14                      Convs                1.10694   
ch14                      Rares                1.17593   
ch14                      TTW_ooa              1.10666   
ch14                      TTW_sum_2lss_pt_bin0 1.36698   
ch14                      TTW_sum_2lss_pt_bin1 1.32304   
ch14                      TTW_sum_2lss_pt_bin2 1.66154   
ch14                      TTW_sum_2lss_pt_bin3 1.00887   
ch14                      TTZ                  1.15657   
ch14                      VVV                  1.02985   
ch14                      WZ                   1.01480   
ch14                      ZZ                   1.26433   
ch14                      data_fakes           1.28673   
ch14                      data_flips           0.98693   
ch14                      tHW                  1.04690   
ch14                      tHq                  1.08306   
ch14                      tZq                  1.15616   
ch14                      ttH                  1.09399   
ch14                      ttVV                 1.09422   
ch15                      Convs                1.19518   
ch15                      Rares                1.21492   
ch15                      TTW_ooa              1.06496   
ch15                      TTW_sum_2lss_pt_bin0 1.34324   
ch15                      TTW_sum_2lss_pt_bin1 1.30435   
ch15                      TTW_sum_2lss_pt_bin2 1.62418   
ch15                      TTW_sum_2lss_pt_bin3 0.94672   
ch15                      TTZ                  1.15601   
ch15                      VVV                  1.24739   
ch15                      WZ                   1.04831   
ch15                      ZZ                   1.43691   
ch15                      data_fakes           1.12357   
ch15                      data_flips           0.98728   
ch15                      tHW                  1.03011   
ch15                      tHq                  1.03834   
ch15                      tZq                  1.13241   
ch15                      ttH                  1.06224   
ch15                      ttVV                 1.06977   
ch16                      Rares                1.13158   
ch16                      TTW_ooa              1.00947   
ch16                      TTW_sum_2lss_pt_bin0 1.29975   
ch16                      TTW_sum_2lss_pt_bin1 1.26829   
ch16                      TTW_sum_2lss_pt_bin2 1.57511   
ch16                      TTW_sum_2lss_pt_bin3 0.93410   
ch16                      TTZ                  1.14394   
ch16                      VVV                  1.14709   
ch16                      WZ                   1.02180   
ch16                      ZZ                   1.46789   
ch16                      data_fakes           1.02075   
ch16                      tHW                  1.00707   
ch16                      tHq                  1.05781   
ch16                      tZq                  1.09104   
ch16                      ttH                  1.02504   
ch16                      ttVV                 1.04303   
ch17                      Convs                1.38238   
ch17                      Rares                1.23275   
ch17                      TTW_ooa              1.09351   
ch17                      TTW_sum_2lss_pt_bin0 1.36561   
ch17                      TTW_sum_2lss_pt_bin1 1.31436   
ch17                      TTW_sum_2lss_pt_bin2 1.64449   
ch17                      TTW_sum_2lss_pt_bin3 0.98740   
ch17                      TTZ                  1.14734   
ch17                      VVV                  1.20979   
ch17                      WZ                   1.05725   
ch17                      ZZ                   1.28306   
ch17                      data_fakes           1.25406   
ch17                      data_flips           0.98752   
ch17                      tHW                  1.05525   
ch17                      tHq                  1.04203   
ch17                      tZq                  1.18004   
ch17                      ttH                  1.07224   
ch17                      ttVV                 1.09992   
ch18                      Convs                1.04803   
ch18                      Rares                1.23846   
ch18                      TTW_ooa              1.05381   
ch18                      TTW_sum_2lss_pt_bin0 1.33472   
ch18                      TTW_sum_2lss_pt_bin1 1.29820   
ch18                      TTW_sum_2lss_pt_bin2 1.62277   
ch18                      TTW_sum_2lss_pt_bin3 0.96663   
ch18                      TTZ                  1.13226   
ch18                      VVV                  1.25164   
ch18                      WZ                   1.03978   
ch18                      ZZ                   1.33643   
ch18                      data_fakes           1.08838   
ch18                      data_flips           0.98729   
ch18                      tHW                  1.03834   
ch18                      tHq                  1.04610   
ch18                      tZq                  1.10531   
ch18                      ttH                  1.05242   
ch18                      ttVV                 1.07220   
ch19                      Rares                1.14365   
ch19                      TTW_ooa              1.02272   
ch19                      TTW_sum_2lss_pt_bin0 1.29790   
ch19                      TTW_sum_2lss_pt_bin1 1.26339   
ch19                      TTW_sum_2lss_pt_bin2 1.58081   
ch19                      TTW_sum_2lss_pt_bin3 0.93550   
ch19                      TTZ                  1.14314   
ch19                      VVV                  1.20062   
ch19                      WZ                   1.00189   
ch19                      ZZ                   0.93858   
ch19                      data_fakes           0.94909   
ch19                      tHW                  1.01957   
ch19                      tHq                  1.00812   
ch19                      tZq                  1.10805   
ch19                      ttH                  1.02224   
ch19                      ttVV                 1.04272   
ch2                       Convs                1.12169   
ch2                       Rares                1.21492   
ch2                       TTW_ooa              1.10031   
ch2                       TTW_sum_2lss_pt_bin0 1.36357   
ch2                       TTW_sum_2lss_pt_bin1 1.32767   
ch2                       TTW_sum_2lss_pt_bin2 1.67223   
ch2                       TTW_sum_2lss_pt_bin3 1.01197   
ch2                       TTZ                  1.12846   
ch2                       VVV                  1.22578   
ch2                       WZ                   0.94017   
ch2                       ZZ                   1.43329   
ch2                       data_fakes           1.21331   
ch2                       data_flips           0.98692   
ch2                       tHW                  1.07455   
ch2                       tHq                  1.06371   
ch2                       tZq                  1.13511   
ch2                       ttH                  1.09361   
ch2                       ttVV                 1.11244   
ch20                      Convs                1.20993   
ch20                      Rares                1.20929   
ch20                      TTW_ooa              1.02595   
ch20                      TTW_sum_2lss_pt_bin0 1.36420   
ch20                      TTW_sum_2lss_pt_bin1 1.28941   
ch20                      TTW_sum_2lss_pt_bin2 1.64473   
ch20                      TTW_sum_2lss_pt_bin3 0.97010   
ch20                      TTZ                  1.14886   
ch20                      VVV                  1.23359   
ch20                      WZ                   0.98897   
ch20                      ZZ                   1.11393   
ch20                      data_fakes           1.32363   
ch20                      data_flips           0.98734   
ch20                      tHW                  1.06557   
ch20                      tHq                  1.03098   
ch20                      tZq                  1.10155   
ch20                      ttH                  1.04094   
ch20                      ttVV                 1.08396   
ch21                      Convs                1.18727   
ch21                      Rares                1.25392   
ch21                      TTW_ooa              1.00406   
ch21                      TTW_sum_2lss_pt_bin0 1.32113   
ch21                      TTW_sum_2lss_pt_bin1 1.27776   
ch21                      TTW_sum_2lss_pt_bin2 1.59491   
ch21                      TTW_sum_2lss_pt_bin3 0.95129   
ch21                      TTZ                  1.12920   
ch21                      VVV                  1.17976   
ch21                      WZ                   0.95539   
ch21                      ZZ                   1.19102   
ch21                      data_fakes           1.11291   
ch21                      data_flips           0.98734   
ch21                      tHW                  1.02283   
ch21                      tHq                  1.00782   
ch21                      tZq                  1.07340   
ch21                      ttH                  1.03432   
ch21                      ttVV                 1.05692   
ch22                      Convs                1.13647   
ch22                      Rares                0.90243   
ch22                      TTW_ooa              1.03308   
ch22                      TTW_sum_2lss_pt_bin0 1.34308   
ch22                      TTW_sum_2lss_pt_bin1 1.30084   
ch22                      TTW_sum_2lss_pt_bin2 1.62849   
ch22                      TTW_sum_2lss_pt_bin3 0.95703   
ch22                      TTZ                  1.23809   
ch22                      VVV                  0.85072   
ch22                      WZ                   0.89666   
ch22                      ZZ                   1.22723   
ch22                      data_fakes           1.32088   
ch22                      data_flips           0.98711   
ch22                      tHW                  1.02354   
ch22                      tHq                  1.04481   
ch22                      tZq                  1.12287   
ch22                      ttH                  1.04117   
ch22                      ttVV                 1.08643   
ch23                      Convs                1.14362   
ch23                      Rares                1.09781   
ch23                      TTW_ooa              1.01501   
ch23                      TTW_sum_2lss_pt_bin0 1.30873   
ch23                      TTW_sum_2lss_pt_bin1 1.26454   
ch23                      TTW_sum_2lss_pt_bin2 1.60566   
ch23                      TTW_sum_2lss_pt_bin3 0.93775   
ch23                      TTZ                  1.18066   
ch23                      VVV                  1.20832   
ch23                      WZ                   0.98004   
ch23                      ZZ                   1.35183   
ch23                      data_fakes           1.09431   
ch23                      data_flips           0.98724   
ch23                      tHW                  1.02470   
ch23                      tHq                  1.01721   
ch23                      tZq                  1.04489   
ch23                      ttH                  1.02171   
ch23                      ttVV                 1.05889   
ch24                      Rares                1.24402   
ch24                      TTW_ooa              0.97029   
ch24                      TTW_sum_2lss_pt_bin0 1.27466   
ch24                      TTW_sum_2lss_pt_bin1 1.23698   
ch24                      TTW_sum_2lss_pt_bin2 1.55179   
ch24                      TTW_sum_2lss_pt_bin3 0.91402   
ch24                      TTZ                  1.13013   
ch24                      VVV                  1.16833   
ch24                      WZ                   1.03206   
ch24                      ZZ                   1.46009   
ch24                      data_fakes           0.98086   
ch24                      tHW                  0.99475   
ch24                      tHq                  0.99201   
ch24                      tZq                  1.10643   
ch24                      ttH                  1.00861   
ch24                      ttVV                 1.02355   
ch3                       Convs                1.29848   
ch3                       Rares                1.14442   
ch3                       TTW_ooa              1.05824   
ch3                       TTW_sum_2lss_pt_bin0 1.35381   
ch3                       TTW_sum_2lss_pt_bin1 1.29311   
ch3                       TTW_sum_2lss_pt_bin2 1.62453   
ch3                       TTW_sum_2lss_pt_bin3 0.97530   
ch3                       TTZ                  1.07174   
ch3                       VVV                  1.14426   
ch3                       WZ                   1.01537   
ch3                       ZZ                   1.28960   
ch3                       data_fakes           1.12341   
ch3                       data_flips           0.98757   
ch3                       tHW                  1.01720   
ch3                       tHq                  1.03243   
ch3                       tZq                  1.05448   
ch3                       ttH                  1.04743   
ch3                       ttVV                 1.06714   
ch4                       Rares                1.10690   
ch4                       TTW_ooa              1.01447   
ch4                       TTW_sum_2lss_pt_bin0 1.30350   
ch4                       TTW_sum_2lss_pt_bin1 1.24408   
ch4                       TTW_sum_2lss_pt_bin2 1.58142   
ch4                       TTW_sum_2lss_pt_bin3 0.93362   
ch4                       TTZ                  1.16296   
ch4                       VVV                  1.22059   
ch4                       WZ                   1.03273   
ch4                       ZZ                   1.47157   
ch4                       data_fakes           1.01295   
ch4                       tHW                  0.98931   
ch4                       tHq                  1.00634   
ch4                       tZq                  1.08125   
ch4                       ttH                  1.03069   
ch4                       ttVV                 1.03167   
ch5                       Convs                1.09902   
ch5                       Rares                1.20168   
ch5                       TTW_ooa              1.14388   
ch5                       TTW_sum_2lss_pt_bin0 1.36058   
ch5                       TTW_sum_2lss_pt_bin1 1.32511   
ch5                       TTW_sum_2lss_pt_bin2 1.70264   
ch5                       TTW_sum_2lss_pt_bin3 1.01841   
ch5                       TTZ                  1.13669   
ch5                       VVV                  1.29908   
ch5                       WZ                   1.06332   
ch5                       ZZ                   1.52861   
ch5                       data_fakes           1.21883   
ch5                       data_flips           0.98707   
ch5                       tHW                  1.06868   
ch5                       tHq                  1.09425   
ch5                       tZq                  1.14732   
ch5                       ttH                  1.07367   
ch5                       ttVV                 1.10477   
ch6                       Convs                1.00526   
ch6                       Rares                1.27872   
ch6                       TTW_ooa              1.06630   
ch6                       TTW_sum_2lss_pt_bin0 1.33349   
ch6                       TTW_sum_2lss_pt_bin1 1.29313   
ch6                       TTW_sum_2lss_pt_bin2 1.63818   
ch6                       TTW_sum_2lss_pt_bin3 0.95506   
ch6                       TTZ                  1.13977   
ch6                       VVV                  1.22180   
ch6                       WZ                   1.04000   
ch6                       ZZ                   1.31952   
ch6                       data_fakes           1.10898   
ch6                       data_flips           0.98732   
ch6                       tHW                  1.02567   
ch6                       tHq                  1.02938   
ch6                       tZq                  1.11563   
ch6                       ttH                  1.03770   
ch6                       ttVV                 1.06700   
ch7                       Rares                1.33480   
ch7                       TTW_ooa              1.01612   
ch7                       TTW_sum_2lss_pt_bin0 1.28789   
ch7                       TTW_sum_2lss_pt_bin1 1.24954   
ch7                       TTW_sum_2lss_pt_bin2 1.56829   
ch7                       TTW_sum_2lss_pt_bin3 0.91661   
ch7                       TTZ                  1.15662   
ch7                       VVV                  1.03736   
ch7                       WZ                   0.98725   
ch7                       ZZ                   1.56442   
ch7                       data_fakes           0.98146   
ch7                       tHW                  0.99875   
ch7                       tHq                  1.00587   
ch7                       tZq                  1.04719   
ch7                       ttH                  1.01562   
ch7                       ttVV                 1.03125   
ch8                       Convs                1.17266   
ch8                       Rares                1.23844   
ch8                       TTW_ooa              1.11469   
ch8                       TTW_sum_2lss_pt_bin0 1.35059   
ch8                       TTW_sum_2lss_pt_bin1 1.34461   
ch8                       TTW_sum_2lss_pt_bin2 1.73622   
ch8                       TTW_sum_2lss_pt_bin3 0.98959   
ch8                       TTZ                  1.24192   
ch8                       VVV                  1.41711   
ch8                       WZ                   1.33147   
ch8                       ZZ                   1.49400   
ch8                       data_fakes           1.22301   
ch8                       data_flips           0.98774   
ch8                       tHW                  1.09458   
ch8                       tHq                  1.08053   
ch8                       tZq                  1.30844   
ch8                       ttH                  1.10348   
ch8                       ttVV                 1.09944   
ch9                       Convs                1.12701   
ch9                       Rares                1.16809   
ch9                       TTW_ooa              1.09369   
ch9                       TTW_sum_2lss_pt_bin0 1.34015   
ch9                       TTW_sum_2lss_pt_bin1 1.31297   
ch9                       TTW_sum_2lss_pt_bin2 1.62723   
ch9                       TTW_sum_2lss_pt_bin3 0.95338   
ch9                       TTZ                  1.18258   
ch9                       VVV                  1.35412   
ch9                       WZ                   1.46120   
ch9                       ZZ                   1.53486   
ch9                       data_fakes           1.06728   
ch9                       data_flips           0.98693   
ch9                       tHW                  1.05880   
ch9                       tHq                  1.07412   
ch9                       tZq                  1.14861   
ch9                       ttH                  1.05851   
ch9                       ttVV                 1.08138   
