WARNING: the default behaviour of PostFitShapesFromWorkspace is to use the covariance matrix sampling method for the post-fit uncertainty. The option --sampling is deprecated and will be removed in future versions of CombineHarvester
[SetFlag] Changing value of flag "workspaces-use-clone" from 0 to 1
[#1] INFO:ObjectHandling -- RooWorkspace::import(w) importing dataset ch1
[#1] INFO:ObjectHandling -- RooWorkspace::import(w) importing dataset ch2
[#1] INFO:ObjectHandling -- RooWorkspace::import(w) importing dataset ch3
[#1] INFO:ObjectHandling -- RooWorkspace::import(w) importing dataset ch4
[SetFlag] Changing value of flag "workspaces-use-clone" from 0 to 1
>> Doing prefit: TotalBkg
>> Doing prefit: TotalSig
>> Doing prefit: TotalProcs
>> Doing prefit: ch1,Convs
>> Doing prefit: ch1,Rares
>> Doing prefit: ch1,TTW_dR_ll_bin0
>> Doing prefit: ch1,TTW_dR_ll_bin1
>> Doing prefit: ch1,TTW_dR_ll_bin2
>> Doing prefit: ch1,TTW_dR_ll_bin3
>> Doing prefit: ch1,TTW_ooa
>> Doing prefit: ch1,TTZ
>> Doing prefit: ch1,VVV
>> Doing prefit: ch1,WZ
>> Doing prefit: ch1,ZZ
>> Doing prefit: ch1,data_fakes
>> Doing prefit: ch1,data_flips
>> Doing prefit: ch1,tHW
>> Doing prefit: ch1,tHq
>> Doing prefit: ch1,tZq
>> Doing prefit: ch1,ttH
>> Doing prefit: ch1,ttVV
>> Doing prefit: ch1,TotalBkg
>> Doing prefit: ch1,TotalSig
>> Doing prefit: ch1,TotalProcs
>> Doing prefit: ch2,Convs
>> Doing prefit: ch2,Rares
>> Doing prefit: ch2,TTW_dR_ll_bin0
>> Doing prefit: ch2,TTW_dR_ll_bin1
>> Doing prefit: ch2,TTW_dR_ll_bin2
>> Doing prefit: ch2,TTW_dR_ll_bin3
>> Doing prefit: ch2,TTW_ooa
>> Doing prefit: ch2,TTZ
>> Doing prefit: ch2,VVV
>> Doing prefit: ch2,WZ
>> Doing prefit: ch2,ZZ
>> Doing prefit: ch2,data_fakes
>> Doing prefit: ch2,data_flips
>> Doing prefit: ch2,tHW
>> Doing prefit: ch2,tHq
>> Doing prefit: ch2,tZq
>> Doing prefit: ch2,ttH
>> Doing prefit: ch2,ttVV
>> Doing prefit: ch2,TotalBkg
>> Doing prefit: ch2,TotalSig
>> Doing prefit: ch2,TotalProcs
>> Doing prefit: ch3,Convs
>> Doing prefit: ch3,Rares
>> Doing prefit: ch3,TTW_dR_ll_bin0
>> Doing prefit: ch3,TTW_dR_ll_bin1
>> Doing prefit: ch3,TTW_dR_ll_bin2
>> Doing prefit: ch3,TTW_dR_ll_bin3
>> Doing prefit: ch3,TTW_ooa
>> Doing prefit: ch3,TTZ
>> Doing prefit: ch3,VVV
>> Doing prefit: ch3,WZ
>> Doing prefit: ch3,ZZ
>> Doing prefit: ch3,data_fakes
>> Doing prefit: ch3,data_flips
>> Doing prefit: ch3,tHW
>> Doing prefit: ch3,tHq
>> Doing prefit: ch3,tZq
>> Doing prefit: ch3,ttH
>> Doing prefit: ch3,ttVV
>> Doing prefit: ch3,TotalBkg
>> Doing prefit: ch3,TotalSig
>> Doing prefit: ch3,TotalProcs
>> Doing prefit: ch4,Convs
>> Doing prefit: ch4,Rares
>> Doing prefit: ch4,TTW_dR_ll_bin0
>> Doing prefit: ch4,TTW_dR_ll_bin1
>> Doing prefit: ch4,TTW_dR_ll_bin2
>> Doing prefit: ch4,TTW_dR_ll_bin3
>> Doing prefit: ch4,TTW_ooa
>> Doing prefit: ch4,TTZ
>> Doing prefit: ch4,VVV
>> Doing prefit: ch4,WZ
>> Doing prefit: ch4,ZZ
>> Doing prefit: ch4,data_fakes
>> Doing prefit: ch4,data_flips
>> Doing prefit: ch4,tHW
>> Doing prefit: ch4,tHq
>> Doing prefit: ch4,tZq
>> Doing prefit: ch4,ttH
>> Doing prefit: ch4,ttVV
>> Doing prefit: ch4,TotalBkg
>> Doing prefit: ch4,TotalSig
>> Doing prefit: ch4,TotalProcs
Bin                       Total relative bkg uncert. (prefit)
----------------------------------------------------------
ch1                       0.12812   
ch2                       0.12785   
ch3                       0.11488   
ch4                       0.13732   
>> Doing postfit: TotalBkg
>> Doing postfit: TotalSig
>> Doing postfit: TotalProcs
>> Doing postfit: ch1,Convs
>> Doing postfit: ch1,Rares
>> Doing postfit: ch1,TTW_dR_ll_bin0
>> Doing postfit: ch1,TTW_dR_ll_bin1
>> Doing postfit: ch1,TTW_dR_ll_bin2
>> Doing postfit: ch1,TTW_dR_ll_bin3
>> Doing postfit: ch1,TTW_ooa
>> Doing postfit: ch1,TTZ
>> Doing postfit: ch1,VVV
>> Doing postfit: ch1,WZ
>> Doing postfit: ch1,ZZ
>> Doing postfit: ch1,data_fakes
>> Doing postfit: ch1,data_flips
>> Doing postfit: ch1,tHW
>> Doing postfit: ch1,tHq
>> Doing postfit: ch1,tZq
>> Doing postfit: ch1,ttH
>> Doing postfit: ch1,ttVV
>> Doing postfit: ch1,TotalBkg
>> Doing postfit: ch1,TotalSig
>> Doing postfit: ch1,TotalProcs
>> Doing postfit: ch2,Convs
>> Doing postfit: ch2,Rares
>> Doing postfit: ch2,TTW_dR_ll_bin0
>> Doing postfit: ch2,TTW_dR_ll_bin1
>> Doing postfit: ch2,TTW_dR_ll_bin2
>> Doing postfit: ch2,TTW_dR_ll_bin3
>> Doing postfit: ch2,TTW_ooa
>> Doing postfit: ch2,TTZ
>> Doing postfit: ch2,VVV
>> Doing postfit: ch2,WZ
>> Doing postfit: ch2,ZZ
>> Doing postfit: ch2,data_fakes
>> Doing postfit: ch2,data_flips
>> Doing postfit: ch2,tHW
>> Doing postfit: ch2,tHq
>> Doing postfit: ch2,tZq
>> Doing postfit: ch2,ttH
>> Doing postfit: ch2,ttVV
>> Doing postfit: ch2,TotalBkg
>> Doing postfit: ch2,TotalSig
>> Doing postfit: ch2,TotalProcs
>> Doing postfit: ch3,Convs
>> Doing postfit: ch3,Rares
>> Doing postfit: ch3,TTW_dR_ll_bin0
>> Doing postfit: ch3,TTW_dR_ll_bin1
>> Doing postfit: ch3,TTW_dR_ll_bin2
>> Doing postfit: ch3,TTW_dR_ll_bin3
>> Doing postfit: ch3,TTW_ooa
>> Doing postfit: ch3,TTZ
>> Doing postfit: ch3,VVV
>> Doing postfit: ch3,WZ
>> Doing postfit: ch3,ZZ
>> Doing postfit: ch3,data_fakes
>> Doing postfit: ch3,data_flips
>> Doing postfit: ch3,tHW
>> Doing postfit: ch3,tHq
>> Doing postfit: ch3,tZq
>> Doing postfit: ch3,ttH
>> Doing postfit: ch3,ttVV
>> Doing postfit: ch3,TotalBkg
>> Doing postfit: ch3,TotalSig
>> Doing postfit: ch3,TotalProcs
>> Doing postfit: ch4,Convs
>> Doing postfit: ch4,Rares
>> Doing postfit: ch4,TTW_dR_ll_bin0
>> Doing postfit: ch4,TTW_dR_ll_bin1
>> Doing postfit: ch4,TTW_dR_ll_bin2
>> Doing postfit: ch4,TTW_dR_ll_bin3
>> Doing postfit: ch4,TTW_ooa
>> Doing postfit: ch4,TTZ
>> Doing postfit: ch4,VVV
>> Doing postfit: ch4,WZ
>> Doing postfit: ch4,ZZ
>> Doing postfit: ch4,data_fakes
>> Doing postfit: ch4,data_flips
>> Doing postfit: ch4,tHW
>> Doing postfit: ch4,tHq
>> Doing postfit: ch4,tZq
>> Doing postfit: ch4,ttH
>> Doing postfit: ch4,ttVV
>> Doing postfit: ch4,TotalBkg
>> Doing postfit: ch4,TotalSig
>> Doing postfit: ch4,TotalProcs

Bin                       Total relative bkg uncert. (postfit)
----------------------------------------------------------
ch1                       0.08958   
ch2                       0.08213   
ch3                       0.07057   
ch4                       0.08806   

Bin                       Process              Scale factor
----------------------------------------------------------
ch1                       Convs                1.48582   
ch1                       Rares                1.26597   
ch1                       TTW_dR_ll_bin0       1.28015   
ch1                       TTW_dR_ll_bin1       1.29398   
ch1                       TTW_dR_ll_bin2       1.11490   
ch1                       TTW_dR_ll_bin3       1.56343   
ch1                       TTW_ooa              1.01690   
ch1                       TTZ                  1.15553   
ch1                       VVV                  1.29161   
ch1                       WZ                   0.94650   
ch1                       ZZ                   1.30534   
ch1                       data_fakes           1.18615   
ch1                       data_flips           1.02630   
ch1                       tHW                  1.01664   
ch1                       tHq                  1.01245   
ch1                       tZq                  1.07933   
ch1                       ttH                  1.00883   
ch1                       ttVV                 1.01542   
ch2                       Convs                1.30512   
ch2                       Rares                1.18811   
ch2                       TTW_dR_ll_bin0       1.26212   
ch2                       TTW_dR_ll_bin1       1.31332   
ch2                       TTW_dR_ll_bin2       1.13313   
ch2                       TTW_dR_ll_bin3       1.53775   
ch2                       TTW_ooa              1.02368   
ch2                       TTZ                  1.16706   
ch2                       VVV                  1.18014   
ch2                       WZ                   0.82646   
ch2                       ZZ                   1.11832   
ch2                       data_fakes           1.17792   
ch2                       data_flips           1.02629   
ch2                       tHW                  1.01977   
ch2                       tHq                  1.01559   
ch2                       tZq                  1.08673   
ch2                       ttH                  1.02888   
ch2                       ttVV                 1.03364   
ch3                       Convs                1.13247   
ch3                       Rares                1.18801   
ch3                       TTW_dR_ll_bin0       1.35867   
ch3                       TTW_dR_ll_bin1       1.31431   
ch3                       TTW_dR_ll_bin2       1.20168   
ch3                       TTW_dR_ll_bin3       1.66038   
ch3                       TTW_ooa              1.04103   
ch3                       TTZ                  1.16285   
ch3                       VVV                  1.21823   
ch3                       WZ                   0.82437   
ch3                       ZZ                   1.12441   
ch3                       data_fakes           1.15212   
ch3                       data_flips           1.02586   
ch3                       tHW                  1.04193   
ch3                       tHq                  1.02718   
ch3                       tZq                  1.08694   
ch3                       ttH                  1.07519   
ch3                       ttVV                 1.05649   
ch4                       Convs                1.26945   
ch4                       Rares                1.24845   
ch4                       TTW_dR_ll_bin0       1.28999   
ch4                       TTW_dR_ll_bin1       1.29460   
ch4                       TTW_dR_ll_bin2       1.14497   
ch4                       TTW_dR_ll_bin3       1.58902   
ch4                       TTW_ooa              1.03768   
ch4                       TTZ                  1.16501   
ch4                       VVV                  1.20466   
ch4                       WZ                   0.83616   
ch4                       ZZ                   1.16516   
ch4                       data_fakes           1.18688   
ch4                       data_flips           1.02591   
ch4                       tHW                  1.01862   
ch4                       tHq                  1.03333   
ch4                       tZq                  1.09807   
ch4                       ttH                  1.03841   
ch4                       ttVV                 1.03938   
