WARNING: the default behaviour of PostFitShapesFromWorkspace is to use the covariance matrix sampling method for the post-fit uncertainty. The option --sampling is deprecated and will be removed in future versions of CombineHarvester
[SetFlag] Changing value of flag "workspaces-use-clone" from 0 to 1
[#1] INFO:ObjectHandling -- RooWorkspace::import(w) importing dataset ch1
[#1] INFO:ObjectHandling -- RooWorkspace::import(w) importing dataset ch2
[#1] INFO:ObjectHandling -- RooWorkspace::import(w) importing dataset ch3
[#1] INFO:ObjectHandling -- RooWorkspace::import(w) importing dataset ch4
[SetFlag] Changing value of flag "workspaces-use-clone" from 0 to 1
>> Doing prefit: TotalBkg
>> Doing prefit: TotalSig
>> Doing prefit: TotalProcs
>> Doing prefit: ch1,Convs
>> Doing prefit: ch1,Rares
>> Doing prefit: ch1,TTW_nbjets_bin0
>> Doing prefit: ch1,TTW_nbjets_bin1
>> Doing prefit: ch1,TTW_ooa
>> Doing prefit: ch1,TTZ
>> Doing prefit: ch1,VVV
>> Doing prefit: ch1,WZ
>> Doing prefit: ch1,ZZ
>> Doing prefit: ch1,data_fakes
>> Doing prefit: ch1,data_flips
>> Doing prefit: ch1,tHW
>> Doing prefit: ch1,tHq
>> Doing prefit: ch1,tZq
>> Doing prefit: ch1,ttH
>> Doing prefit: ch1,ttVV
>> Doing prefit: ch1,TotalBkg
>> Doing prefit: ch1,TotalSig
>> Doing prefit: ch1,TotalProcs
>> Doing prefit: ch2,Convs
>> Doing prefit: ch2,Rares
>> Doing prefit: ch2,TTW_nbjets_bin0
>> Doing prefit: ch2,TTW_nbjets_bin1
>> Doing prefit: ch2,TTW_ooa
>> Doing prefit: ch2,TTZ
>> Doing prefit: ch2,VVV
>> Doing prefit: ch2,WZ
>> Doing prefit: ch2,ZZ
>> Doing prefit: ch2,data_fakes
>> Doing prefit: ch2,data_flips
>> Doing prefit: ch2,tHW
>> Doing prefit: ch2,tHq
>> Doing prefit: ch2,tZq
>> Doing prefit: ch2,ttH
>> Doing prefit: ch2,ttVV
>> Doing prefit: ch2,TotalBkg
>> Doing prefit: ch2,TotalSig
>> Doing prefit: ch2,TotalProcs
>> Doing prefit: ch3,Convs
>> Doing prefit: ch3,Rares
>> Doing prefit: ch3,TTW_nbjets_bin0
>> Doing prefit: ch3,TTW_ooa
>> Doing prefit: ch3,TTZ
>> Doing prefit: ch3,VVV
>> Doing prefit: ch3,WZ
>> Doing prefit: ch3,ZZ
>> Doing prefit: ch3,data_fakes
>> Doing prefit: ch3,data_flips
>> Doing prefit: ch3,tHW
>> Doing prefit: ch3,tHq
>> Doing prefit: ch3,tZq
>> Doing prefit: ch3,ttH
>> Doing prefit: ch3,ttVV
>> Doing prefit: ch3,TotalBkg
>> Doing prefit: ch3,TotalSig
>> Doing prefit: ch3,TotalProcs
>> Doing prefit: ch4,Convs
>> Doing prefit: ch4,Rares
>> Doing prefit: ch4,TTW_nbjets_bin0
>> Doing prefit: ch4,TTW_nbjets_bin1
>> Doing prefit: ch4,TTW_ooa
>> Doing prefit: ch4,TTZ
>> Doing prefit: ch4,VVV
>> Doing prefit: ch4,WZ
>> Doing prefit: ch4,ZZ
>> Doing prefit: ch4,data_fakes
>> Doing prefit: ch4,data_flips
>> Doing prefit: ch4,tHW
>> Doing prefit: ch4,tHq
>> Doing prefit: ch4,tZq
>> Doing prefit: ch4,ttH
>> Doing prefit: ch4,ttVV
>> Doing prefit: ch4,TotalBkg
>> Doing prefit: ch4,TotalSig
>> Doing prefit: ch4,TotalProcs
Bin                       Total relative bkg uncert. (prefit)
----------------------------------------------------------
ch1                       0.13755   
ch2                       0.11488   
ch3                       0.12827   
ch4                       0.12899   
>> Doing postfit: TotalBkg
>> Doing postfit: TotalSig
>> Doing postfit: TotalProcs
>> Doing postfit: ch1,Convs
>> Doing postfit: ch1,Rares
>> Doing postfit: ch1,TTW_nbjets_bin0
>> Doing postfit: ch1,TTW_nbjets_bin1
>> Doing postfit: ch1,TTW_ooa
>> Doing postfit: ch1,TTZ
>> Doing postfit: ch1,VVV
>> Doing postfit: ch1,WZ
>> Doing postfit: ch1,ZZ
>> Doing postfit: ch1,data_fakes
>> Doing postfit: ch1,data_flips
>> Doing postfit: ch1,tHW
>> Doing postfit: ch1,tHq
>> Doing postfit: ch1,tZq
>> Doing postfit: ch1,ttH
>> Doing postfit: ch1,ttVV
>> Doing postfit: ch1,TotalBkg
>> Doing postfit: ch1,TotalSig
>> Doing postfit: ch1,TotalProcs
>> Doing postfit: ch2,Convs
>> Doing postfit: ch2,Rares
>> Doing postfit: ch2,TTW_nbjets_bin0
>> Doing postfit: ch2,TTW_nbjets_bin1
>> Doing postfit: ch2,TTW_ooa
>> Doing postfit: ch2,TTZ
>> Doing postfit: ch2,VVV
>> Doing postfit: ch2,WZ
>> Doing postfit: ch2,ZZ
>> Doing postfit: ch2,data_fakes
>> Doing postfit: ch2,data_flips
>> Doing postfit: ch2,tHW
>> Doing postfit: ch2,tHq
>> Doing postfit: ch2,tZq
>> Doing postfit: ch2,ttH
>> Doing postfit: ch2,ttVV
>> Doing postfit: ch2,TotalBkg
>> Doing postfit: ch2,TotalSig
>> Doing postfit: ch2,TotalProcs
>> Doing postfit: ch3,Convs
>> Doing postfit: ch3,Rares
>> Doing postfit: ch3,TTW_nbjets_bin0
>> Doing postfit: ch3,TTW_ooa
>> Doing postfit: ch3,TTZ
>> Doing postfit: ch3,VVV
>> Doing postfit: ch3,WZ
>> Doing postfit: ch3,ZZ
>> Doing postfit: ch3,data_fakes
>> Doing postfit: ch3,data_flips
>> Doing postfit: ch3,tHW
>> Doing postfit: ch3,tHq
>> Doing postfit: ch3,tZq
>> Doing postfit: ch3,ttH
>> Doing postfit: ch3,ttVV
>> Doing postfit: ch3,TotalBkg
>> Doing postfit: ch3,TotalSig
>> Doing postfit: ch3,TotalProcs
>> Doing postfit: ch4,Convs
>> Doing postfit: ch4,Rares
>> Doing postfit: ch4,TTW_nbjets_bin0
>> Doing postfit: ch4,TTW_nbjets_bin1
>> Doing postfit: ch4,TTW_ooa
>> Doing postfit: ch4,TTZ
>> Doing postfit: ch4,VVV
>> Doing postfit: ch4,WZ
>> Doing postfit: ch4,ZZ
>> Doing postfit: ch4,data_fakes
>> Doing postfit: ch4,data_flips
>> Doing postfit: ch4,tHW
>> Doing postfit: ch4,tHq
>> Doing postfit: ch4,tZq
>> Doing postfit: ch4,ttH
>> Doing postfit: ch4,ttVV
>> Doing postfit: ch4,TotalBkg
>> Doing postfit: ch4,TotalSig
>> Doing postfit: ch4,TotalProcs

Bin                       Total relative bkg uncert. (postfit)
----------------------------------------------------------
ch1                       0.09104   
ch2                       0.07494   
ch3                       0.08910   
ch4                       0.08983   

Bin                       Process              Scale factor
----------------------------------------------------------
ch1                       Convs                1.13419   
ch1                       Rares                1.19977   
ch1                       TTW_nbjets_bin0      1.03389   
ch1                       TTW_nbjets_bin1      1.19123   
ch1                       TTW_ooa              1.03271   
ch1                       TTZ                  1.19557   
ch1                       VVV                  1.27943   
ch1                       WZ                   0.83716   
ch1                       ZZ                   1.15308   
ch1                       data_fakes           1.23574   
ch1                       data_flips           0.92963   
ch1                       tHW                  1.01442   
ch1                       tHq                  1.02555   
ch1                       tZq                  1.09578   
ch1                       ttH                  1.01921   
ch1                       ttVV                 1.03045   
ch2                       Convs                1.05288   
ch2                       Rares                1.16732   
ch2                       TTW_nbjets_bin0      1.06315   
ch2                       TTW_nbjets_bin1      1.01434   
ch2                       TTW_ooa              1.04133   
ch2                       TTZ                  1.20573   
ch2                       VVV                  1.24603   
ch2                       WZ                   0.82890   
ch2                       ZZ                   1.12765   
ch2                       data_fakes           1.19102   
ch2                       data_flips           0.92952   
ch2                       tHW                  1.03279   
ch2                       tHq                  1.03165   
ch2                       tZq                  1.09460   
ch2                       ttH                  1.05548   
ch2                       ttVV                 1.04637   
ch3                       Convs                1.14076   
ch3                       Rares                1.22375   
ch3                       TTW_nbjets_bin0      0.98419   
ch3                       TTW_ooa              1.01906   
ch3                       TTZ                  1.14233   
ch3                       VVV                  1.39292   
ch3                       WZ                   0.93273   
ch3                       ZZ                   1.30276   
ch3                       data_fakes           1.22614   
ch3                       data_flips           0.92972   
ch3                       tHW                  1.00262   
ch3                       tHq                  1.01330   
ch3                       tZq                  1.07672   
ch3                       ttH                  1.02532   
ch3                       ttVV                 1.01505   
ch4                       Convs                0.98985   
ch4                       Rares                1.15211   
ch4                       TTW_nbjets_bin0      0.97676   
ch4                       TTW_nbjets_bin1      0.99636   
ch4                       TTW_ooa              1.02389   
ch4                       TTZ                  1.09212   
ch4                       VVV                  1.21017   
ch4                       WZ                   0.82035   
ch4                       ZZ                   1.11231   
ch4                       data_fakes           1.21610   
ch4                       data_flips           0.92941   
ch4                       tHW                  1.01593   
ch4                       tHq                  1.02210   
ch4                       tZq                  1.09063   
ch4                       ttH                  1.02820   
ch4                       ttVV                 1.01510   
