/mnt_pool/c3_users/user/cvico/WorkSpace/ttw-differential/cmssw-aug2024/CMSSW_10_4_0/src/CMGTools/TTHAnalysis/python/plotter/cards/cards/22Aug/unblinded/cr_nonprompt/lep1_pt
WARNING: the default behaviour of PostFitShapesFromWorkspace is to use the covariance matrix sampling method for the post-fit uncertainty. The option --sampling is deprecated and will be removed in future versions of CombineHarvester
[SetFlag] Changing value of flag "workspaces-use-clone" from 0 to 1
[#1] INFO:ObjectHandling -- RooWorkspace::import(w) importing dataset ch1
[#1] INFO:ObjectHandling -- RooWorkspace::import(w) importing dataset ch2
[#1] INFO:ObjectHandling -- RooWorkspace::import(w) importing dataset ch3
[#1] INFO:ObjectHandling -- RooWorkspace::import(w) importing dataset ch4
[SetFlag] Changing value of flag "workspaces-use-clone" from 0 to 1
>> Doing prefit: TotalBkg
>> Doing prefit: TotalSig
>> Doing prefit: TotalProcs
>> Doing prefit: ch1,Convs
>> Doing prefit: ch1,Rares
>> Doing prefit: ch1,TTW_lep1_pt_bin0
>> Doing prefit: ch1,TTW_lep1_pt_bin1
>> Doing prefit: ch1,TTW_lep1_pt_bin2
>> Doing prefit: ch1,TTW_lep1_pt_bin3
>> Doing prefit: ch1,TTW_ooa
>> Doing prefit: ch1,TTZ
>> Doing prefit: ch1,VVV
>> Doing prefit: ch1,WZ
>> Doing prefit: ch1,ZZ
>> Doing prefit: ch1,data_fakes
>> Doing prefit: ch1,data_flips
>> Doing prefit: ch1,tHW
>> Doing prefit: ch1,tHq
>> Doing prefit: ch1,tZq
>> Doing prefit: ch1,ttH
>> Doing prefit: ch1,ttVV
>> Doing prefit: ch1,TotalBkg
>> Doing prefit: ch1,TotalSig
>> Doing prefit: ch1,TotalProcs
>> Doing prefit: ch2,Convs
>> Doing prefit: ch2,Rares
>> Doing prefit: ch2,TTW_lep1_pt_bin0
>> Doing prefit: ch2,TTW_lep1_pt_bin1
>> Doing prefit: ch2,TTW_lep1_pt_bin2
>> Doing prefit: ch2,TTW_lep1_pt_bin3
>> Doing prefit: ch2,TTW_ooa
>> Doing prefit: ch2,TTZ
>> Doing prefit: ch2,VVV
>> Doing prefit: ch2,WZ
>> Doing prefit: ch2,ZZ
>> Doing prefit: ch2,data_fakes
>> Doing prefit: ch2,data_flips
>> Doing prefit: ch2,tHW
>> Doing prefit: ch2,tHq
>> Doing prefit: ch2,tZq
>> Doing prefit: ch2,ttH
>> Doing prefit: ch2,ttVV
>> Doing prefit: ch2,TotalBkg
>> Doing prefit: ch2,TotalSig
>> Doing prefit: ch2,TotalProcs
>> Doing prefit: ch3,Convs
>> Doing prefit: ch3,Rares
>> Doing prefit: ch3,TTW_lep1_pt_bin0
>> Doing prefit: ch3,TTW_lep1_pt_bin1
>> Doing prefit: ch3,TTW_lep1_pt_bin2
>> Doing prefit: ch3,TTW_lep1_pt_bin3
>> Doing prefit: ch3,TTW_ooa
>> Doing prefit: ch3,TTZ
>> Doing prefit: ch3,VVV
>> Doing prefit: ch3,WZ
>> Doing prefit: ch3,ZZ
>> Doing prefit: ch3,data_fakes
>> Doing prefit: ch3,data_flips
>> Doing prefit: ch3,tHW
>> Doing prefit: ch3,tHq
>> Doing prefit: ch3,tZq
>> Doing prefit: ch3,ttH
>> Doing prefit: ch3,ttVV
>> Doing prefit: ch3,TotalBkg
>> Doing prefit: ch3,TotalSig
>> Doing prefit: ch3,TotalProcs
>> Doing prefit: ch4,Convs
>> Doing prefit: ch4,Rares
>> Doing prefit: ch4,TTW_lep1_pt_bin0
>> Doing prefit: ch4,TTW_lep1_pt_bin1
>> Doing prefit: ch4,TTW_lep1_pt_bin2
>> Doing prefit: ch4,TTW_lep1_pt_bin3
>> Doing prefit: ch4,TTW_ooa
>> Doing prefit: ch4,TTZ
>> Doing prefit: ch4,VVV
>> Doing prefit: ch4,WZ
>> Doing prefit: ch4,ZZ
>> Doing prefit: ch4,data_fakes
>> Doing prefit: ch4,data_flips
>> Doing prefit: ch4,tHW
>> Doing prefit: ch4,tHq
>> Doing prefit: ch4,tZq
>> Doing prefit: ch4,ttH
>> Doing prefit: ch4,ttVV
>> Doing prefit: ch4,TotalBkg
>> Doing prefit: ch4,TotalSig
>> Doing prefit: ch4,TotalProcs
Bin                       Total relative bkg uncert. (prefit)
----------------------------------------------------------
ch1                       0.12782   
ch2                       0.12814   
ch3                       0.13743   
ch4                       0.11492   
>> Doing postfit: TotalBkg
>> Doing postfit: TotalSig
>> Doing postfit: TotalProcs
>> Doing postfit: ch1,Convs
>> Doing postfit: ch1,Rares
>> Doing postfit: ch1,TTW_lep1_pt_bin0
>> Doing postfit: ch1,TTW_lep1_pt_bin1
>> Doing postfit: ch1,TTW_lep1_pt_bin2
>> Doing postfit: ch1,TTW_lep1_pt_bin3
>> Doing postfit: ch1,TTW_ooa
>> Doing postfit: ch1,TTZ
>> Doing postfit: ch1,VVV
>> Doing postfit: ch1,WZ
>> Doing postfit: ch1,ZZ
>> Doing postfit: ch1,data_fakes
>> Doing postfit: ch1,data_flips
>> Doing postfit: ch1,tHW
>> Doing postfit: ch1,tHq
>> Doing postfit: ch1,tZq
>> Doing postfit: ch1,ttH
>> Doing postfit: ch1,ttVV
>> Doing postfit: ch1,TotalBkg
>> Doing postfit: ch1,TotalSig
>> Doing postfit: ch1,TotalProcs
>> Doing postfit: ch2,Convs
>> Doing postfit: ch2,Rares
>> Doing postfit: ch2,TTW_lep1_pt_bin0
>> Doing postfit: ch2,TTW_lep1_pt_bin1
>> Doing postfit: ch2,TTW_lep1_pt_bin2
>> Doing postfit: ch2,TTW_lep1_pt_bin3
>> Doing postfit: ch2,TTW_ooa
>> Doing postfit: ch2,TTZ
>> Doing postfit: ch2,VVV
>> Doing postfit: ch2,WZ
>> Doing postfit: ch2,ZZ
>> Doing postfit: ch2,data_fakes
>> Doing postfit: ch2,data_flips
>> Doing postfit: ch2,tHW
>> Doing postfit: ch2,tHq
>> Doing postfit: ch2,tZq
>> Doing postfit: ch2,ttH
>> Doing postfit: ch2,ttVV
>> Doing postfit: ch2,TotalBkg
>> Doing postfit: ch2,TotalSig
>> Doing postfit: ch2,TotalProcs
>> Doing postfit: ch3,Convs
>> Doing postfit: ch3,Rares
>> Doing postfit: ch3,TTW_lep1_pt_bin0
>> Doing postfit: ch3,TTW_lep1_pt_bin1
>> Doing postfit: ch3,TTW_lep1_pt_bin2
>> Doing postfit: ch3,TTW_lep1_pt_bin3
>> Doing postfit: ch3,TTW_ooa
>> Doing postfit: ch3,TTZ
>> Doing postfit: ch3,VVV
>> Doing postfit: ch3,WZ
>> Doing postfit: ch3,ZZ
>> Doing postfit: ch3,data_fakes
>> Doing postfit: ch3,data_flips
>> Doing postfit: ch3,tHW
>> Doing postfit: ch3,tHq
>> Doing postfit: ch3,tZq
>> Doing postfit: ch3,ttH
>> Doing postfit: ch3,ttVV
>> Doing postfit: ch3,TotalBkg
>> Doing postfit: ch3,TotalSig
>> Doing postfit: ch3,TotalProcs
>> Doing postfit: ch4,Convs
>> Doing postfit: ch4,Rares
>> Doing postfit: ch4,TTW_lep1_pt_bin0
>> Doing postfit: ch4,TTW_lep1_pt_bin1
>> Doing postfit: ch4,TTW_lep1_pt_bin2
>> Doing postfit: ch4,TTW_lep1_pt_bin3
>> Doing postfit: ch4,TTW_ooa
>> Doing postfit: ch4,TTZ
>> Doing postfit: ch4,VVV
>> Doing postfit: ch4,WZ
>> Doing postfit: ch4,ZZ
>> Doing postfit: ch4,data_fakes
>> Doing postfit: ch4,data_flips
>> Doing postfit: ch4,tHW
>> Doing postfit: ch4,tHq
>> Doing postfit: ch4,tZq
>> Doing postfit: ch4,ttH
>> Doing postfit: ch4,ttVV
>> Doing postfit: ch4,TotalBkg
>> Doing postfit: ch4,TotalSig
>> Doing postfit: ch4,TotalProcs

Bin                       Total relative bkg uncert. (postfit)
----------------------------------------------------------
ch1                       0.09058   
ch2                       0.09106   
ch3                       0.08902   
ch4                       0.07304   

Bin                       Process              Scale factor
----------------------------------------------------------
ch1                       Convs                1.23417   
ch1                       Rares                1.08698   
ch1                       TTW_lep1_pt_bin0     1.42910   
ch1                       TTW_lep1_pt_bin1     1.25775   
ch1                       TTW_lep1_pt_bin2     1.28546   
ch1                       TTW_lep1_pt_bin3     1.36293   
ch1                       TTW_ooa              1.02078   
ch1                       TTZ                  1.10070   
ch1                       VVV                  1.23677   
ch1                       WZ                   0.85241   
ch1                       ZZ                   1.14842   
ch1                       data_fakes           1.02227   
ch1                       data_flips           1.00082   
ch1                       tHW                  1.01844   
ch1                       tHq                  1.01958   
ch1                       tZq                  1.08809   
ch1                       ttH                  1.06602   
ch1                       ttVV                 1.03313   
ch2                       Convs                1.16947   
ch2                       Rares                1.10787   
ch2                       TTW_lep1_pt_bin0     1.42341   
ch2                       TTW_lep1_pt_bin1     1.21526   
ch2                       TTW_lep1_pt_bin2     1.35542   
ch2                       TTW_lep1_pt_bin3     1.43164   
ch2                       TTW_ooa              1.01409   
ch2                       TTZ                  1.13946   
ch2                       VVV                  1.38531   
ch2                       WZ                   0.95200   
ch2                       ZZ                   1.31746   
ch2                       data_fakes           1.01209   
ch2                       data_flips           1.00044   
ch2                       tHW                  1.00791   
ch2                       tHq                  1.01221   
ch2                       tZq                  1.05988   
ch2                       ttH                  1.06155   
ch2                       ttVV                 1.02597   
ch3                       Convs                1.07776   
ch3                       Rares                1.10166   
ch3                       TTW_lep1_pt_bin0     1.45353   
ch3                       TTW_lep1_pt_bin1     1.28800   
ch3                       TTW_lep1_pt_bin2     1.41022   
ch3                       TTW_lep1_pt_bin3     1.43146   
ch3                       TTW_ooa              1.03906   
ch3                       TTZ                  1.25441   
ch3                       VVV                  1.27880   
ch3                       WZ                   0.85492   
ch3                       ZZ                   1.17395   
ch3                       data_fakes           1.01908   
ch3                       data_flips           1.00062   
ch3                       tHW                  1.01820   
ch3                       tHq                  1.02998   
ch3                       tZq                  1.09570   
ch3                       ttH                  1.03781   
ch3                       ttVV                 1.04700   
ch4                       Convs                1.24064   
ch4                       Rares                1.09063   
ch4                       TTW_lep1_pt_bin0     1.51071   
ch4                       TTW_lep1_pt_bin1     1.35118   
ch4                       TTW_lep1_pt_bin2     1.47359   
ch4                       TTW_lep1_pt_bin3     1.45287   
ch4                       TTW_ooa              1.04267   
ch4                       TTZ                  1.24039   
ch4                       VVV                  1.25649   
ch4                       WZ                   0.85342   
ch4                       ZZ                   1.15219   
ch4                       data_fakes           1.03138   
ch4                       data_flips           1.00073   
ch4                       tHW                  1.03151   
ch4                       tHq                  1.02838   
ch4                       tZq                  1.09229   
ch4                       ttH                  1.06106   
ch4                       ttVV                 1.05572   
