WARNING: the default behaviour of PostFitShapesFromWorkspace is to use the covariance matrix sampling method for the post-fit uncertainty. The option --sampling is deprecated and will be removed in future versions of CombineHarvester
[SetFlag] Changing value of flag "workspaces-use-clone" from 0 to 1
[#1] INFO:ObjectHandling -- RooWorkspace::import(w) importing dataset ch1
[#1] INFO:ObjectHandling -- RooWorkspace::import(w) importing dataset ch10
[#1] INFO:ObjectHandling -- RooWorkspace::import(w) importing dataset ch11
[#1] INFO:ObjectHandling -- RooWorkspace::import(w) importing dataset ch12
[#1] INFO:ObjectHandling -- RooWorkspace::import(w) importing dataset ch13
[#1] INFO:ObjectHandling -- RooWorkspace::import(w) importing dataset ch14
[#1] INFO:ObjectHandling -- RooWorkspace::import(w) importing dataset ch15
[#1] INFO:ObjectHandling -- RooWorkspace::import(w) importing dataset ch16
[#1] INFO:ObjectHandling -- RooWorkspace::import(w) importing dataset ch17
[#1] INFO:ObjectHandling -- RooWorkspace::import(w) importing dataset ch18
[#1] INFO:ObjectHandling -- RooWorkspace::import(w) importing dataset ch19
[#1] INFO:ObjectHandling -- RooWorkspace::import(w) importing dataset ch2
[#1] INFO:ObjectHandling -- RooWorkspace::import(w) importing dataset ch20
[#1] INFO:ObjectHandling -- RooWorkspace::import(w) importing dataset ch21
[#1] INFO:ObjectHandling -- RooWorkspace::import(w) importing dataset ch22
[#1] INFO:ObjectHandling -- RooWorkspace::import(w) importing dataset ch23
[#1] INFO:ObjectHandling -- RooWorkspace::import(w) importing dataset ch24
[#1] INFO:ObjectHandling -- RooWorkspace::import(w) importing dataset ch3
[#1] INFO:ObjectHandling -- RooWorkspace::import(w) importing dataset ch4
[#1] INFO:ObjectHandling -- RooWorkspace::import(w) importing dataset ch5
[#1] INFO:ObjectHandling -- RooWorkspace::import(w) importing dataset ch6
[#1] INFO:ObjectHandling -- RooWorkspace::import(w) importing dataset ch7
[#1] INFO:ObjectHandling -- RooWorkspace::import(w) importing dataset ch8
[#1] INFO:ObjectHandling -- RooWorkspace::import(w) importing dataset ch9
[SetFlag] Changing value of flag "workspaces-use-clone" from 0 to 1
>> Doing prefit: TotalBkg
>> Doing prefit: TotalSig
>> Doing prefit: TotalProcs
>> Doing prefit: ch1,Convs
>> Doing prefit: ch1,Rares
>> Doing prefit: ch1,TTW_jet1_eta_bin0
>> Doing prefit: ch1,TTW_jet1_eta_bin1
>> Doing prefit: ch1,TTW_jet1_eta_bin2
>> Doing prefit: ch1,TTW_jet1_eta_bin3
>> Doing prefit: ch1,TTW_ooa
>> Doing prefit: ch1,TTZ
>> Doing prefit: ch1,VVV
>> Doing prefit: ch1,WZ
>> Doing prefit: ch1,ZZ
>> Doing prefit: ch1,data_fakes
>> Doing prefit: ch1,data_flips
>> Doing prefit: ch1,tHW
>> Doing prefit: ch1,tHq
>> Doing prefit: ch1,tZq
>> Doing prefit: ch1,ttH
>> Doing prefit: ch1,ttVV
>> Doing prefit: ch1,TotalBkg
>> Doing prefit: ch1,TotalSig
>> Doing prefit: ch1,TotalProcs
>> Doing prefit: ch10,Convs
>> Doing prefit: ch10,Rares
>> Doing prefit: ch10,TTW_jet1_eta_bin0
>> Doing prefit: ch10,TTW_jet1_eta_bin1
>> Doing prefit: ch10,TTW_jet1_eta_bin2
>> Doing prefit: ch10,TTW_jet1_eta_bin3
>> Doing prefit: ch10,TTW_ooa
>> Doing prefit: ch10,TTZ
>> Doing prefit: ch10,VVV
>> Doing prefit: ch10,WZ
>> Doing prefit: ch10,ZZ
>> Doing prefit: ch10,data_fakes
>> Doing prefit: ch10,data_flips
>> Doing prefit: ch10,tHW
>> Doing prefit: ch10,tHq
>> Doing prefit: ch10,tZq
>> Doing prefit: ch10,ttH
>> Doing prefit: ch10,ttVV
>> Doing prefit: ch10,TotalBkg
>> Doing prefit: ch10,TotalSig
>> Doing prefit: ch10,TotalProcs
>> Doing prefit: ch11,Convs
>> Doing prefit: ch11,Rares
>> Doing prefit: ch11,TTW_jet1_eta_bin0
>> Doing prefit: ch11,TTW_jet1_eta_bin1
>> Doing prefit: ch11,TTW_jet1_eta_bin2
>> Doing prefit: ch11,TTW_jet1_eta_bin3
>> Doing prefit: ch11,TTW_ooa
>> Doing prefit: ch11,TTZ
>> Doing prefit: ch11,VVV
>> Doing prefit: ch11,WZ
>> Doing prefit: ch11,ZZ
>> Doing prefit: ch11,data_fakes
>> Doing prefit: ch11,data_flips
>> Doing prefit: ch11,tHW
>> Doing prefit: ch11,tHq
>> Doing prefit: ch11,tZq
>> Doing prefit: ch11,ttH
>> Doing prefit: ch11,ttVV
>> Doing prefit: ch11,TotalBkg
>> Doing prefit: ch11,TotalSig
>> Doing prefit: ch11,TotalProcs
>> Doing prefit: ch12,Rares
>> Doing prefit: ch12,TTW_jet1_eta_bin0
>> Doing prefit: ch12,TTW_jet1_eta_bin1
>> Doing prefit: ch12,TTW_jet1_eta_bin2
>> Doing prefit: ch12,TTW_jet1_eta_bin3
>> Doing prefit: ch12,TTW_ooa
>> Doing prefit: ch12,TTZ
>> Doing prefit: ch12,VVV
>> Doing prefit: ch12,WZ
>> Doing prefit: ch12,ZZ
>> Doing prefit: ch12,data_fakes
>> Doing prefit: ch12,tHW
>> Doing prefit: ch12,tHq
>> Doing prefit: ch12,tZq
>> Doing prefit: ch12,ttH
>> Doing prefit: ch12,ttVV
>> Doing prefit: ch12,TotalBkg
>> Doing prefit: ch12,TotalSig
>> Doing prefit: ch12,TotalProcs
>> Doing prefit: ch13,Convs
>> Doing prefit: ch13,Rares
>> Doing prefit: ch13,TTW_jet1_eta_bin0
>> Doing prefit: ch13,TTW_jet1_eta_bin1
>> Doing prefit: ch13,TTW_jet1_eta_bin2
>> Doing prefit: ch13,TTW_jet1_eta_bin3
>> Doing prefit: ch13,TTW_ooa
>> Doing prefit: ch13,TTZ
>> Doing prefit: ch13,VVV
>> Doing prefit: ch13,WZ
>> Doing prefit: ch13,ZZ
>> Doing prefit: ch13,data_fakes
>> Doing prefit: ch13,data_flips
>> Doing prefit: ch13,tHW
>> Doing prefit: ch13,tHq
>> Doing prefit: ch13,tZq
>> Doing prefit: ch13,ttH
>> Doing prefit: ch13,ttVV
>> Doing prefit: ch13,TotalBkg
>> Doing prefit: ch13,TotalSig
>> Doing prefit: ch13,TotalProcs
>> Doing prefit: ch14,Convs
>> Doing prefit: ch14,Rares
>> Doing prefit: ch14,TTW_jet1_eta_bin0
>> Doing prefit: ch14,TTW_jet1_eta_bin1
>> Doing prefit: ch14,TTW_jet1_eta_bin2
>> Doing prefit: ch14,TTW_jet1_eta_bin3
>> Doing prefit: ch14,TTW_ooa
>> Doing prefit: ch14,TTZ
>> Doing prefit: ch14,VVV
>> Doing prefit: ch14,WZ
>> Doing prefit: ch14,ZZ
>> Doing prefit: ch14,data_fakes
>> Doing prefit: ch14,data_flips
>> Doing prefit: ch14,tHW
>> Doing prefit: ch14,tHq
>> Doing prefit: ch14,tZq
>> Doing prefit: ch14,ttH
>> Doing prefit: ch14,ttVV
>> Doing prefit: ch14,TotalBkg
>> Doing prefit: ch14,TotalSig
>> Doing prefit: ch14,TotalProcs
>> Doing prefit: ch15,Rares
>> Doing prefit: ch15,TTW_jet1_eta_bin0
>> Doing prefit: ch15,TTW_jet1_eta_bin1
>> Doing prefit: ch15,TTW_jet1_eta_bin2
>> Doing prefit: ch15,TTW_jet1_eta_bin3
>> Doing prefit: ch15,TTW_ooa
>> Doing prefit: ch15,TTZ
>> Doing prefit: ch15,VVV
>> Doing prefit: ch15,WZ
>> Doing prefit: ch15,ZZ
>> Doing prefit: ch15,data_fakes
>> Doing prefit: ch15,tHW
>> Doing prefit: ch15,tHq
>> Doing prefit: ch15,tZq
>> Doing prefit: ch15,ttH
>> Doing prefit: ch15,ttVV
>> Doing prefit: ch15,TotalBkg
>> Doing prefit: ch15,TotalSig
>> Doing prefit: ch15,TotalProcs
>> Doing prefit: ch16,Convs
>> Doing prefit: ch16,Rares
>> Doing prefit: ch16,TTW_jet1_eta_bin0
>> Doing prefit: ch16,TTW_jet1_eta_bin1
>> Doing prefit: ch16,TTW_jet1_eta_bin2
>> Doing prefit: ch16,TTW_jet1_eta_bin3
>> Doing prefit: ch16,TTW_ooa
>> Doing prefit: ch16,TTZ
>> Doing prefit: ch16,VVV
>> Doing prefit: ch16,WZ
>> Doing prefit: ch16,ZZ
>> Doing prefit: ch16,data_fakes
>> Doing prefit: ch16,data_flips
>> Doing prefit: ch16,tHW
>> Doing prefit: ch16,tHq
>> Doing prefit: ch16,tZq
>> Doing prefit: ch16,ttH
>> Doing prefit: ch16,ttVV
>> Doing prefit: ch16,TotalBkg
>> Doing prefit: ch16,TotalSig
>> Doing prefit: ch16,TotalProcs
>> Doing prefit: ch17,Convs
>> Doing prefit: ch17,Rares
>> Doing prefit: ch17,TTW_jet1_eta_bin0
>> Doing prefit: ch17,TTW_jet1_eta_bin1
>> Doing prefit: ch17,TTW_jet1_eta_bin2
>> Doing prefit: ch17,TTW_jet1_eta_bin3
>> Doing prefit: ch17,TTW_ooa
>> Doing prefit: ch17,TTZ
>> Doing prefit: ch17,VVV
>> Doing prefit: ch17,WZ
>> Doing prefit: ch17,ZZ
>> Doing prefit: ch17,data_fakes
>> Doing prefit: ch17,data_flips
>> Doing prefit: ch17,tHW
>> Doing prefit: ch17,tHq
>> Doing prefit: ch17,tZq
>> Doing prefit: ch17,ttH
>> Doing prefit: ch17,ttVV
>> Doing prefit: ch17,TotalBkg
>> Doing prefit: ch17,TotalSig
>> Doing prefit: ch17,TotalProcs
>> Doing prefit: ch18,Rares
>> Doing prefit: ch18,TTW_jet1_eta_bin0
>> Doing prefit: ch18,TTW_jet1_eta_bin1
>> Doing prefit: ch18,TTW_jet1_eta_bin2
>> Doing prefit: ch18,TTW_jet1_eta_bin3
>> Doing prefit: ch18,TTW_ooa
>> Doing prefit: ch18,TTZ
>> Doing prefit: ch18,VVV
>> Doing prefit: ch18,WZ
>> Doing prefit: ch18,ZZ
>> Doing prefit: ch18,data_fakes
>> Doing prefit: ch18,tHW
>> Doing prefit: ch18,tHq
>> Doing prefit: ch18,tZq
>> Doing prefit: ch18,ttH
>> Doing prefit: ch18,ttVV
>> Doing prefit: ch18,TotalBkg
>> Doing prefit: ch18,TotalSig
>> Doing prefit: ch18,TotalProcs
>> Doing prefit: ch19,Convs
>> Doing prefit: ch19,Rares
>> Doing prefit: ch19,TTW_jet1_eta_bin0
>> Doing prefit: ch19,TTW_jet1_eta_bin1
>> Doing prefit: ch19,TTW_jet1_eta_bin2
>> Doing prefit: ch19,TTW_jet1_eta_bin3
>> Doing prefit: ch19,TTW_ooa
>> Doing prefit: ch19,TTZ
>> Doing prefit: ch19,VVV
>> Doing prefit: ch19,WZ
>> Doing prefit: ch19,ZZ
>> Doing prefit: ch19,data_fakes
>> Doing prefit: ch19,data_flips
>> Doing prefit: ch19,tHW
>> Doing prefit: ch19,tHq
>> Doing prefit: ch19,tZq
>> Doing prefit: ch19,ttH
>> Doing prefit: ch19,ttVV
>> Doing prefit: ch19,TotalBkg
>> Doing prefit: ch19,TotalSig
>> Doing prefit: ch19,TotalProcs
>> Doing prefit: ch2,Convs
>> Doing prefit: ch2,Rares
>> Doing prefit: ch2,TTW_jet1_eta_bin0
>> Doing prefit: ch2,TTW_jet1_eta_bin1
>> Doing prefit: ch2,TTW_jet1_eta_bin2
>> Doing prefit: ch2,TTW_jet1_eta_bin3
>> Doing prefit: ch2,TTW_ooa
>> Doing prefit: ch2,TTZ
>> Doing prefit: ch2,VVV
>> Doing prefit: ch2,WZ
>> Doing prefit: ch2,ZZ
>> Doing prefit: ch2,data_fakes
>> Doing prefit: ch2,data_flips
>> Doing prefit: ch2,tHW
>> Doing prefit: ch2,tHq
>> Doing prefit: ch2,tZq
>> Doing prefit: ch2,ttH
>> Doing prefit: ch2,ttVV
>> Doing prefit: ch2,TotalBkg
>> Doing prefit: ch2,TotalSig
>> Doing prefit: ch2,TotalProcs
>> Doing prefit: ch20,Convs
>> Doing prefit: ch20,Rares
>> Doing prefit: ch20,TTW_jet1_eta_bin0
>> Doing prefit: ch20,TTW_jet1_eta_bin1
>> Doing prefit: ch20,TTW_jet1_eta_bin2
>> Doing prefit: ch20,TTW_jet1_eta_bin3
>> Doing prefit: ch20,TTW_ooa
>> Doing prefit: ch20,TTZ
>> Doing prefit: ch20,VVV
>> Doing prefit: ch20,WZ
>> Doing prefit: ch20,ZZ
>> Doing prefit: ch20,data_fakes
>> Doing prefit: ch20,data_flips
>> Doing prefit: ch20,tHW
>> Doing prefit: ch20,tHq
>> Doing prefit: ch20,tZq
>> Doing prefit: ch20,ttH
>> Doing prefit: ch20,ttVV
>> Doing prefit: ch20,TotalBkg
>> Doing prefit: ch20,TotalSig
>> Doing prefit: ch20,TotalProcs
>> Doing prefit: ch21,Rares
>> Doing prefit: ch21,TTW_jet1_eta_bin0
>> Doing prefit: ch21,TTW_jet1_eta_bin1
>> Doing prefit: ch21,TTW_jet1_eta_bin2
>> Doing prefit: ch21,TTW_jet1_eta_bin3
>> Doing prefit: ch21,TTW_ooa
>> Doing prefit: ch21,TTZ
>> Doing prefit: ch21,VVV
>> Doing prefit: ch21,WZ
>> Doing prefit: ch21,ZZ
>> Doing prefit: ch21,data_fakes
>> Doing prefit: ch21,tHW
>> Doing prefit: ch21,tHq
>> Doing prefit: ch21,tZq
>> Doing prefit: ch21,ttH
>> Doing prefit: ch21,ttVV
>> Doing prefit: ch21,TotalBkg
>> Doing prefit: ch21,TotalSig
>> Doing prefit: ch21,TotalProcs
>> Doing prefit: ch22,Convs
>> Doing prefit: ch22,Rares
>> Doing prefit: ch22,TTW_jet1_eta_bin0
>> Doing prefit: ch22,TTW_jet1_eta_bin1
>> Doing prefit: ch22,TTW_jet1_eta_bin2
>> Doing prefit: ch22,TTW_jet1_eta_bin3
>> Doing prefit: ch22,TTW_ooa
>> Doing prefit: ch22,TTZ
>> Doing prefit: ch22,VVV
>> Doing prefit: ch22,WZ
>> Doing prefit: ch22,ZZ
>> Doing prefit: ch22,data_fakes
>> Doing prefit: ch22,data_flips
>> Doing prefit: ch22,tHW
>> Doing prefit: ch22,tHq
>> Doing prefit: ch22,tZq
>> Doing prefit: ch22,ttH
>> Doing prefit: ch22,ttVV
>> Doing prefit: ch22,TotalBkg
>> Doing prefit: ch22,TotalSig
>> Doing prefit: ch22,TotalProcs
>> Doing prefit: ch23,Convs
>> Doing prefit: ch23,Rares
>> Doing prefit: ch23,TTW_jet1_eta_bin0
>> Doing prefit: ch23,TTW_jet1_eta_bin1
>> Doing prefit: ch23,TTW_jet1_eta_bin2
>> Doing prefit: ch23,TTW_jet1_eta_bin3
>> Doing prefit: ch23,TTW_ooa
>> Doing prefit: ch23,TTZ
>> Doing prefit: ch23,VVV
>> Doing prefit: ch23,WZ
>> Doing prefit: ch23,ZZ
>> Doing prefit: ch23,data_fakes
>> Doing prefit: ch23,data_flips
>> Doing prefit: ch23,tHW
>> Doing prefit: ch23,tHq
>> Doing prefit: ch23,tZq
>> Doing prefit: ch23,ttH
>> Doing prefit: ch23,ttVV
>> Doing prefit: ch23,TotalBkg
>> Doing prefit: ch23,TotalSig
>> Doing prefit: ch23,TotalProcs
>> Doing prefit: ch24,Rares
>> Doing prefit: ch24,TTW_jet1_eta_bin0
>> Doing prefit: ch24,TTW_jet1_eta_bin1
>> Doing prefit: ch24,TTW_jet1_eta_bin2
>> Doing prefit: ch24,TTW_jet1_eta_bin3
>> Doing prefit: ch24,TTW_ooa
>> Doing prefit: ch24,TTZ
>> Doing prefit: ch24,VVV
>> Doing prefit: ch24,WZ
>> Doing prefit: ch24,ZZ
>> Doing prefit: ch24,data_fakes
>> Doing prefit: ch24,tHW
>> Doing prefit: ch24,tHq
>> Doing prefit: ch24,tZq
>> Doing prefit: ch24,ttH
>> Doing prefit: ch24,ttVV
>> Doing prefit: ch24,TotalBkg
>> Doing prefit: ch24,TotalSig
>> Doing prefit: ch24,TotalProcs
>> Doing prefit: ch3,Rares
>> Doing prefit: ch3,TTW_jet1_eta_bin0
>> Doing prefit: ch3,TTW_jet1_eta_bin1
>> Doing prefit: ch3,TTW_jet1_eta_bin2
>> Doing prefit: ch3,TTW_jet1_eta_bin3
>> Doing prefit: ch3,TTW_ooa
>> Doing prefit: ch3,TTZ
>> Doing prefit: ch3,VVV
>> Doing prefit: ch3,WZ
>> Doing prefit: ch3,ZZ
>> Doing prefit: ch3,data_fakes
>> Doing prefit: ch3,tHW
>> Doing prefit: ch3,tHq
>> Doing prefit: ch3,tZq
>> Doing prefit: ch3,ttH
>> Doing prefit: ch3,ttVV
>> Doing prefit: ch3,TotalBkg
>> Doing prefit: ch3,TotalSig
>> Doing prefit: ch3,TotalProcs
>> Doing prefit: ch4,Convs
>> Doing prefit: ch4,Rares
>> Doing prefit: ch4,TTW_jet1_eta_bin0
>> Doing prefit: ch4,TTW_jet1_eta_bin1
>> Doing prefit: ch4,TTW_jet1_eta_bin2
>> Doing prefit: ch4,TTW_jet1_eta_bin3
>> Doing prefit: ch4,TTW_ooa
>> Doing prefit: ch4,TTZ
>> Doing prefit: ch4,VVV
>> Doing prefit: ch4,WZ
>> Doing prefit: ch4,ZZ
>> Doing prefit: ch4,data_fakes
>> Doing prefit: ch4,data_flips
>> Doing prefit: ch4,tHW
>> Doing prefit: ch4,tHq
>> Doing prefit: ch4,tZq
>> Doing prefit: ch4,ttH
>> Doing prefit: ch4,ttVV
>> Doing prefit: ch4,TotalBkg
>> Doing prefit: ch4,TotalSig
>> Doing prefit: ch4,TotalProcs
>> Doing prefit: ch5,Convs
>> Doing prefit: ch5,Rares
>> Doing prefit: ch5,TTW_jet1_eta_bin0
>> Doing prefit: ch5,TTW_jet1_eta_bin1
>> Doing prefit: ch5,TTW_jet1_eta_bin2
>> Doing prefit: ch5,TTW_jet1_eta_bin3
>> Doing prefit: ch5,TTW_ooa
>> Doing prefit: ch5,TTZ
>> Doing prefit: ch5,VVV
>> Doing prefit: ch5,WZ
>> Doing prefit: ch5,ZZ
>> Doing prefit: ch5,data_fakes
>> Doing prefit: ch5,data_flips
>> Doing prefit: ch5,tHW
>> Doing prefit: ch5,tHq
>> Doing prefit: ch5,tZq
>> Doing prefit: ch5,ttH
>> Doing prefit: ch5,ttVV
>> Doing prefit: ch5,TotalBkg
>> Doing prefit: ch5,TotalSig
>> Doing prefit: ch5,TotalProcs
>> Doing prefit: ch6,Rares
>> Doing prefit: ch6,TTW_jet1_eta_bin0
>> Doing prefit: ch6,TTW_jet1_eta_bin1
>> Doing prefit: ch6,TTW_jet1_eta_bin2
>> Doing prefit: ch6,TTW_jet1_eta_bin3
>> Doing prefit: ch6,TTW_ooa
>> Doing prefit: ch6,TTZ
>> Doing prefit: ch6,VVV
>> Doing prefit: ch6,WZ
>> Doing prefit: ch6,ZZ
>> Doing prefit: ch6,data_fakes
>> Doing prefit: ch6,tHW
>> Doing prefit: ch6,tHq
>> Doing prefit: ch6,tZq
>> Doing prefit: ch6,ttH
>> Doing prefit: ch6,ttVV
>> Doing prefit: ch6,TotalBkg
>> Doing prefit: ch6,TotalSig
>> Doing prefit: ch6,TotalProcs
>> Doing prefit: ch7,Convs
>> Doing prefit: ch7,Rares
>> Doing prefit: ch7,TTW_jet1_eta_bin0
>> Doing prefit: ch7,TTW_jet1_eta_bin1
>> Doing prefit: ch7,TTW_jet1_eta_bin2
>> Doing prefit: ch7,TTW_jet1_eta_bin3
>> Doing prefit: ch7,TTW_ooa
>> Doing prefit: ch7,TTZ
>> Doing prefit: ch7,VVV
>> Doing prefit: ch7,WZ
>> Doing prefit: ch7,ZZ
>> Doing prefit: ch7,data_fakes
>> Doing prefit: ch7,data_flips
>> Doing prefit: ch7,tHW
>> Doing prefit: ch7,tHq
>> Doing prefit: ch7,tZq
>> Doing prefit: ch7,ttH
>> Doing prefit: ch7,ttVV
>> Doing prefit: ch7,TotalBkg
>> Doing prefit: ch7,TotalSig
>> Doing prefit: ch7,TotalProcs
>> Doing prefit: ch8,Convs
>> Doing prefit: ch8,Rares
>> Doing prefit: ch8,TTW_jet1_eta_bin0
>> Doing prefit: ch8,TTW_jet1_eta_bin1
>> Doing prefit: ch8,TTW_jet1_eta_bin2
>> Doing prefit: ch8,TTW_jet1_eta_bin3
>> Doing prefit: ch8,TTW_ooa
>> Doing prefit: ch8,TTZ
>> Doing prefit: ch8,VVV
>> Doing prefit: ch8,WZ
>> Doing prefit: ch8,ZZ
>> Doing prefit: ch8,data_fakes
>> Doing prefit: ch8,data_flips
>> Doing prefit: ch8,tHW
>> Doing prefit: ch8,tHq
>> Doing prefit: ch8,tZq
>> Doing prefit: ch8,ttH
>> Doing prefit: ch8,ttVV
>> Doing prefit: ch8,TotalBkg
>> Doing prefit: ch8,TotalSig
>> Doing prefit: ch8,TotalProcs
>> Doing prefit: ch9,Rares
>> Doing prefit: ch9,TTW_jet1_eta_bin0
>> Doing prefit: ch9,TTW_jet1_eta_bin1
>> Doing prefit: ch9,TTW_jet1_eta_bin2
>> Doing prefit: ch9,TTW_jet1_eta_bin3
>> Doing prefit: ch9,TTW_ooa
>> Doing prefit: ch9,TTZ
>> Doing prefit: ch9,VVV
>> Doing prefit: ch9,WZ
>> Doing prefit: ch9,ZZ
>> Doing prefit: ch9,data_fakes
>> Doing prefit: ch9,tHW
>> Doing prefit: ch9,tHq
>> Doing prefit: ch9,tZq
>> Doing prefit: ch9,ttH
>> Doing prefit: ch9,ttVV
>> Doing prefit: ch9,TotalBkg
>> Doing prefit: ch9,TotalSig
>> Doing prefit: ch9,TotalProcs
Bin                       Total relative bkg uncert. (prefit)
----------------------------------------------------------
ch1                       0.15096   
ch10                      0.18910   
ch11                      0.11554   
ch12                      0.15330   
ch13                      0.14538   
ch14                      0.12524   
ch15                      0.17525   
ch16                      0.15101   
ch17                      0.12483   
ch18                      0.15605   
ch19                      0.14817   
ch2                       0.10958   
ch20                      0.11683   
ch21                      0.12264   
ch22                      0.16146   
ch23                      0.10718   
ch24                      0.14581   
ch3                       0.14141   
ch4                       0.13314   
ch5                       0.11791   
ch6                       0.14531   
ch7                       0.13233   
ch8                       0.11927   
ch9                       0.20799   
>> Doing postfit: TotalBkg
>> Doing postfit: TotalSig
>> Doing postfit: TotalProcs
>> Doing postfit: ch1,Convs
>> Doing postfit: ch1,Rares
>> Doing postfit: ch1,TTW_jet1_eta_bin0
>> Doing postfit: ch1,TTW_jet1_eta_bin1
>> Doing postfit: ch1,TTW_jet1_eta_bin2
>> Doing postfit: ch1,TTW_jet1_eta_bin3
>> Doing postfit: ch1,TTW_ooa
>> Doing postfit: ch1,TTZ
>> Doing postfit: ch1,VVV
>> Doing postfit: ch1,WZ
>> Doing postfit: ch1,ZZ
>> Doing postfit: ch1,data_fakes
>> Doing postfit: ch1,data_flips
>> Doing postfit: ch1,tHW
>> Doing postfit: ch1,tHq
>> Doing postfit: ch1,tZq
>> Doing postfit: ch1,ttH
>> Doing postfit: ch1,ttVV
>> Doing postfit: ch1,TotalBkg
>> Doing postfit: ch1,TotalSig
>> Doing postfit: ch1,TotalProcs
>> Doing postfit: ch10,Convs
>> Doing postfit: ch10,Rares
>> Doing postfit: ch10,TTW_jet1_eta_bin0
>> Doing postfit: ch10,TTW_jet1_eta_bin1
>> Doing postfit: ch10,TTW_jet1_eta_bin2
>> Doing postfit: ch10,TTW_jet1_eta_bin3
>> Doing postfit: ch10,TTW_ooa
>> Doing postfit: ch10,TTZ
>> Doing postfit: ch10,VVV
>> Doing postfit: ch10,WZ
>> Doing postfit: ch10,ZZ
>> Doing postfit: ch10,data_fakes
>> Doing postfit: ch10,data_flips
>> Doing postfit: ch10,tHW
>> Doing postfit: ch10,tHq
>> Doing postfit: ch10,tZq
>> Doing postfit: ch10,ttH
>> Doing postfit: ch10,ttVV
>> Doing postfit: ch10,TotalBkg
>> Doing postfit: ch10,TotalSig
>> Doing postfit: ch10,TotalProcs
>> Doing postfit: ch11,Convs
>> Doing postfit: ch11,Rares
>> Doing postfit: ch11,TTW_jet1_eta_bin0
>> Doing postfit: ch11,TTW_jet1_eta_bin1
>> Doing postfit: ch11,TTW_jet1_eta_bin2
>> Doing postfit: ch11,TTW_jet1_eta_bin3
>> Doing postfit: ch11,TTW_ooa
>> Doing postfit: ch11,TTZ
>> Doing postfit: ch11,VVV
>> Doing postfit: ch11,WZ
>> Doing postfit: ch11,ZZ
>> Doing postfit: ch11,data_fakes
>> Doing postfit: ch11,data_flips
>> Doing postfit: ch11,tHW
>> Doing postfit: ch11,tHq
>> Doing postfit: ch11,tZq
>> Doing postfit: ch11,ttH
>> Doing postfit: ch11,ttVV
>> Doing postfit: ch11,TotalBkg
>> Doing postfit: ch11,TotalSig
>> Doing postfit: ch11,TotalProcs
>> Doing postfit: ch12,Rares
>> Doing postfit: ch12,TTW_jet1_eta_bin0
>> Doing postfit: ch12,TTW_jet1_eta_bin1
>> Doing postfit: ch12,TTW_jet1_eta_bin2
>> Doing postfit: ch12,TTW_jet1_eta_bin3
>> Doing postfit: ch12,TTW_ooa
>> Doing postfit: ch12,TTZ
>> Doing postfit: ch12,VVV
>> Doing postfit: ch12,WZ
>> Doing postfit: ch12,ZZ
>> Doing postfit: ch12,data_fakes
>> Doing postfit: ch12,tHW
>> Doing postfit: ch12,tHq
>> Doing postfit: ch12,tZq
>> Doing postfit: ch12,ttH
>> Doing postfit: ch12,ttVV
>> Doing postfit: ch12,TotalBkg
>> Doing postfit: ch12,TotalSig
>> Doing postfit: ch12,TotalProcs
>> Doing postfit: ch13,Convs
>> Doing postfit: ch13,Rares
>> Doing postfit: ch13,TTW_jet1_eta_bin0
>> Doing postfit: ch13,TTW_jet1_eta_bin1
>> Doing postfit: ch13,TTW_jet1_eta_bin2
>> Doing postfit: ch13,TTW_jet1_eta_bin3
>> Doing postfit: ch13,TTW_ooa
>> Doing postfit: ch13,TTZ
>> Doing postfit: ch13,VVV
>> Doing postfit: ch13,WZ
>> Doing postfit: ch13,ZZ
>> Doing postfit: ch13,data_fakes
>> Doing postfit: ch13,data_flips
>> Doing postfit: ch13,tHW
>> Doing postfit: ch13,tHq
>> Doing postfit: ch13,tZq
>> Doing postfit: ch13,ttH
>> Doing postfit: ch13,ttVV
>> Doing postfit: ch13,TotalBkg
>> Doing postfit: ch13,TotalSig
>> Doing postfit: ch13,TotalProcs
>> Doing postfit: ch14,Convs
>> Doing postfit: ch14,Rares
>> Doing postfit: ch14,TTW_jet1_eta_bin0
>> Doing postfit: ch14,TTW_jet1_eta_bin1
>> Doing postfit: ch14,TTW_jet1_eta_bin2
>> Doing postfit: ch14,TTW_jet1_eta_bin3
>> Doing postfit: ch14,TTW_ooa
>> Doing postfit: ch14,TTZ
>> Doing postfit: ch14,VVV
>> Doing postfit: ch14,WZ
>> Doing postfit: ch14,ZZ
>> Doing postfit: ch14,data_fakes
>> Doing postfit: ch14,data_flips
>> Doing postfit: ch14,tHW
>> Doing postfit: ch14,tHq
>> Doing postfit: ch14,tZq
>> Doing postfit: ch14,ttH
>> Doing postfit: ch14,ttVV
>> Doing postfit: ch14,TotalBkg
>> Doing postfit: ch14,TotalSig
>> Doing postfit: ch14,TotalProcs
>> Doing postfit: ch15,Rares
>> Doing postfit: ch15,TTW_jet1_eta_bin0
>> Doing postfit: ch15,TTW_jet1_eta_bin1
>> Doing postfit: ch15,TTW_jet1_eta_bin2
>> Doing postfit: ch15,TTW_jet1_eta_bin3
>> Doing postfit: ch15,TTW_ooa
>> Doing postfit: ch15,TTZ
>> Doing postfit: ch15,VVV
>> Doing postfit: ch15,WZ
>> Doing postfit: ch15,ZZ
>> Doing postfit: ch15,data_fakes
>> Doing postfit: ch15,tHW
>> Doing postfit: ch15,tHq
>> Doing postfit: ch15,tZq
>> Doing postfit: ch15,ttH
>> Doing postfit: ch15,ttVV
>> Doing postfit: ch15,TotalBkg
>> Doing postfit: ch15,TotalSig
>> Doing postfit: ch15,TotalProcs
>> Doing postfit: ch16,Convs
>> Doing postfit: ch16,Rares
>> Doing postfit: ch16,TTW_jet1_eta_bin0
>> Doing postfit: ch16,TTW_jet1_eta_bin1
>> Doing postfit: ch16,TTW_jet1_eta_bin2
>> Doing postfit: ch16,TTW_jet1_eta_bin3
>> Doing postfit: ch16,TTW_ooa
>> Doing postfit: ch16,TTZ
>> Doing postfit: ch16,VVV
>> Doing postfit: ch16,WZ
>> Doing postfit: ch16,ZZ
>> Doing postfit: ch16,data_fakes
>> Doing postfit: ch16,data_flips
>> Doing postfit: ch16,tHW
>> Doing postfit: ch16,tHq
>> Doing postfit: ch16,tZq
>> Doing postfit: ch16,ttH
>> Doing postfit: ch16,ttVV
>> Doing postfit: ch16,TotalBkg
>> Doing postfit: ch16,TotalSig
>> Doing postfit: ch16,TotalProcs
>> Doing postfit: ch17,Convs
>> Doing postfit: ch17,Rares
>> Doing postfit: ch17,TTW_jet1_eta_bin0
>> Doing postfit: ch17,TTW_jet1_eta_bin1
>> Doing postfit: ch17,TTW_jet1_eta_bin2
>> Doing postfit: ch17,TTW_jet1_eta_bin3
>> Doing postfit: ch17,TTW_ooa
>> Doing postfit: ch17,TTZ
>> Doing postfit: ch17,VVV
>> Doing postfit: ch17,WZ
>> Doing postfit: ch17,ZZ
>> Doing postfit: ch17,data_fakes
>> Doing postfit: ch17,data_flips
>> Doing postfit: ch17,tHW
>> Doing postfit: ch17,tHq
>> Doing postfit: ch17,tZq
>> Doing postfit: ch17,ttH
>> Doing postfit: ch17,ttVV
>> Doing postfit: ch17,TotalBkg
>> Doing postfit: ch17,TotalSig
>> Doing postfit: ch17,TotalProcs
>> Doing postfit: ch18,Rares
>> Doing postfit: ch18,TTW_jet1_eta_bin0
>> Doing postfit: ch18,TTW_jet1_eta_bin1
>> Doing postfit: ch18,TTW_jet1_eta_bin2
>> Doing postfit: ch18,TTW_jet1_eta_bin3
>> Doing postfit: ch18,TTW_ooa
>> Doing postfit: ch18,TTZ
>> Doing postfit: ch18,VVV
>> Doing postfit: ch18,WZ
>> Doing postfit: ch18,ZZ
>> Doing postfit: ch18,data_fakes
>> Doing postfit: ch18,tHW
>> Doing postfit: ch18,tHq
>> Doing postfit: ch18,tZq
>> Doing postfit: ch18,ttH
>> Doing postfit: ch18,ttVV
>> Doing postfit: ch18,TotalBkg
>> Doing postfit: ch18,TotalSig
>> Doing postfit: ch18,TotalProcs
>> Doing postfit: ch19,Convs
>> Doing postfit: ch19,Rares
>> Doing postfit: ch19,TTW_jet1_eta_bin0
>> Doing postfit: ch19,TTW_jet1_eta_bin1
>> Doing postfit: ch19,TTW_jet1_eta_bin2
>> Doing postfit: ch19,TTW_jet1_eta_bin3
>> Doing postfit: ch19,TTW_ooa
>> Doing postfit: ch19,TTZ
>> Doing postfit: ch19,VVV
>> Doing postfit: ch19,WZ
>> Doing postfit: ch19,ZZ
>> Doing postfit: ch19,data_fakes
>> Doing postfit: ch19,data_flips
>> Doing postfit: ch19,tHW
>> Doing postfit: ch19,tHq
>> Doing postfit: ch19,tZq
>> Doing postfit: ch19,ttH
>> Doing postfit: ch19,ttVV
>> Doing postfit: ch19,TotalBkg
>> Doing postfit: ch19,TotalSig
>> Doing postfit: ch19,TotalProcs
>> Doing postfit: ch2,Convs
>> Doing postfit: ch2,Rares
>> Doing postfit: ch2,TTW_jet1_eta_bin0
>> Doing postfit: ch2,TTW_jet1_eta_bin1
>> Doing postfit: ch2,TTW_jet1_eta_bin2
>> Doing postfit: ch2,TTW_jet1_eta_bin3
>> Doing postfit: ch2,TTW_ooa
>> Doing postfit: ch2,TTZ
>> Doing postfit: ch2,VVV
>> Doing postfit: ch2,WZ
>> Doing postfit: ch2,ZZ
>> Doing postfit: ch2,data_fakes
>> Doing postfit: ch2,data_flips
>> Doing postfit: ch2,tHW
>> Doing postfit: ch2,tHq
>> Doing postfit: ch2,tZq
>> Doing postfit: ch2,ttH
>> Doing postfit: ch2,ttVV
>> Doing postfit: ch2,TotalBkg
>> Doing postfit: ch2,TotalSig
>> Doing postfit: ch2,TotalProcs
>> Doing postfit: ch20,Convs
>> Doing postfit: ch20,Rares
>> Doing postfit: ch20,TTW_jet1_eta_bin0
>> Doing postfit: ch20,TTW_jet1_eta_bin1
>> Doing postfit: ch20,TTW_jet1_eta_bin2
>> Doing postfit: ch20,TTW_jet1_eta_bin3
>> Doing postfit: ch20,TTW_ooa
>> Doing postfit: ch20,TTZ
>> Doing postfit: ch20,VVV
>> Doing postfit: ch20,WZ
>> Doing postfit: ch20,ZZ
>> Doing postfit: ch20,data_fakes
>> Doing postfit: ch20,data_flips
>> Doing postfit: ch20,tHW
>> Doing postfit: ch20,tHq
>> Doing postfit: ch20,tZq
>> Doing postfit: ch20,ttH
>> Doing postfit: ch20,ttVV
>> Doing postfit: ch20,TotalBkg
>> Doing postfit: ch20,TotalSig
>> Doing postfit: ch20,TotalProcs
>> Doing postfit: ch21,Rares
>> Doing postfit: ch21,TTW_jet1_eta_bin0
>> Doing postfit: ch21,TTW_jet1_eta_bin1
>> Doing postfit: ch21,TTW_jet1_eta_bin2
>> Doing postfit: ch21,TTW_jet1_eta_bin3
>> Doing postfit: ch21,TTW_ooa
>> Doing postfit: ch21,TTZ
>> Doing postfit: ch21,VVV
>> Doing postfit: ch21,WZ
>> Doing postfit: ch21,ZZ
>> Doing postfit: ch21,data_fakes
>> Doing postfit: ch21,tHW
>> Doing postfit: ch21,tHq
>> Doing postfit: ch21,tZq
>> Doing postfit: ch21,ttH
>> Doing postfit: ch21,ttVV
>> Doing postfit: ch21,TotalBkg
>> Doing postfit: ch21,TotalSig
>> Doing postfit: ch21,TotalProcs
>> Doing postfit: ch22,Convs
>> Doing postfit: ch22,Rares
>> Doing postfit: ch22,TTW_jet1_eta_bin0
>> Doing postfit: ch22,TTW_jet1_eta_bin1
>> Doing postfit: ch22,TTW_jet1_eta_bin2
>> Doing postfit: ch22,TTW_jet1_eta_bin3
>> Doing postfit: ch22,TTW_ooa
>> Doing postfit: ch22,TTZ
>> Doing postfit: ch22,VVV
>> Doing postfit: ch22,WZ
>> Doing postfit: ch22,ZZ
>> Doing postfit: ch22,data_fakes
>> Doing postfit: ch22,data_flips
>> Doing postfit: ch22,tHW
>> Doing postfit: ch22,tHq
>> Doing postfit: ch22,tZq
>> Doing postfit: ch22,ttH
>> Doing postfit: ch22,ttVV
>> Doing postfit: ch22,TotalBkg
>> Doing postfit: ch22,TotalSig
>> Doing postfit: ch22,TotalProcs
>> Doing postfit: ch23,Convs
>> Doing postfit: ch23,Rares
>> Doing postfit: ch23,TTW_jet1_eta_bin0
>> Doing postfit: ch23,TTW_jet1_eta_bin1
>> Doing postfit: ch23,TTW_jet1_eta_bin2
>> Doing postfit: ch23,TTW_jet1_eta_bin3
>> Doing postfit: ch23,TTW_ooa
>> Doing postfit: ch23,TTZ
>> Doing postfit: ch23,VVV
>> Doing postfit: ch23,WZ
>> Doing postfit: ch23,ZZ
>> Doing postfit: ch23,data_fakes
>> Doing postfit: ch23,data_flips
>> Doing postfit: ch23,tHW
>> Doing postfit: ch23,tHq
>> Doing postfit: ch23,tZq
>> Doing postfit: ch23,ttH
>> Doing postfit: ch23,ttVV
>> Doing postfit: ch23,TotalBkg
>> Doing postfit: ch23,TotalSig
>> Doing postfit: ch23,TotalProcs
>> Doing postfit: ch24,Rares
>> Doing postfit: ch24,TTW_jet1_eta_bin0
>> Doing postfit: ch24,TTW_jet1_eta_bin1
>> Doing postfit: ch24,TTW_jet1_eta_bin2
>> Doing postfit: ch24,TTW_jet1_eta_bin3
>> Doing postfit: ch24,TTW_ooa
>> Doing postfit: ch24,TTZ
>> Doing postfit: ch24,VVV
>> Doing postfit: ch24,WZ
>> Doing postfit: ch24,ZZ
>> Doing postfit: ch24,data_fakes
>> Doing postfit: ch24,tHW
>> Doing postfit: ch24,tHq
>> Doing postfit: ch24,tZq
>> Doing postfit: ch24,ttH
>> Doing postfit: ch24,ttVV
>> Doing postfit: ch24,TotalBkg
>> Doing postfit: ch24,TotalSig
>> Doing postfit: ch24,TotalProcs
>> Doing postfit: ch3,Rares
>> Doing postfit: ch3,TTW_jet1_eta_bin0
>> Doing postfit: ch3,TTW_jet1_eta_bin1
>> Doing postfit: ch3,TTW_jet1_eta_bin2
>> Doing postfit: ch3,TTW_jet1_eta_bin3
>> Doing postfit: ch3,TTW_ooa
>> Doing postfit: ch3,TTZ
>> Doing postfit: ch3,VVV
>> Doing postfit: ch3,WZ
>> Doing postfit: ch3,ZZ
>> Doing postfit: ch3,data_fakes
>> Doing postfit: ch3,tHW
>> Doing postfit: ch3,tHq
>> Doing postfit: ch3,tZq
>> Doing postfit: ch3,ttH
>> Doing postfit: ch3,ttVV
>> Doing postfit: ch3,TotalBkg
>> Doing postfit: ch3,TotalSig
>> Doing postfit: ch3,TotalProcs
>> Doing postfit: ch4,Convs
>> Doing postfit: ch4,Rares
>> Doing postfit: ch4,TTW_jet1_eta_bin0
>> Doing postfit: ch4,TTW_jet1_eta_bin1
>> Doing postfit: ch4,TTW_jet1_eta_bin2
>> Doing postfit: ch4,TTW_jet1_eta_bin3
>> Doing postfit: ch4,TTW_ooa
>> Doing postfit: ch4,TTZ
>> Doing postfit: ch4,VVV
>> Doing postfit: ch4,WZ
>> Doing postfit: ch4,ZZ
>> Doing postfit: ch4,data_fakes
>> Doing postfit: ch4,data_flips
>> Doing postfit: ch4,tHW
>> Doing postfit: ch4,tHq
>> Doing postfit: ch4,tZq
>> Doing postfit: ch4,ttH
>> Doing postfit: ch4,ttVV
>> Doing postfit: ch4,TotalBkg
>> Doing postfit: ch4,TotalSig
>> Doing postfit: ch4,TotalProcs
>> Doing postfit: ch5,Convs
>> Doing postfit: ch5,Rares
>> Doing postfit: ch5,TTW_jet1_eta_bin0
>> Doing postfit: ch5,TTW_jet1_eta_bin1
>> Doing postfit: ch5,TTW_jet1_eta_bin2
>> Doing postfit: ch5,TTW_jet1_eta_bin3
>> Doing postfit: ch5,TTW_ooa
>> Doing postfit: ch5,TTZ
>> Doing postfit: ch5,VVV
>> Doing postfit: ch5,WZ
>> Doing postfit: ch5,ZZ
>> Doing postfit: ch5,data_fakes
>> Doing postfit: ch5,data_flips
>> Doing postfit: ch5,tHW
>> Doing postfit: ch5,tHq
>> Doing postfit: ch5,tZq
>> Doing postfit: ch5,ttH
>> Doing postfit: ch5,ttVV
>> Doing postfit: ch5,TotalBkg
>> Doing postfit: ch5,TotalSig
>> Doing postfit: ch5,TotalProcs
>> Doing postfit: ch6,Rares
>> Doing postfit: ch6,TTW_jet1_eta_bin0
>> Doing postfit: ch6,TTW_jet1_eta_bin1
>> Doing postfit: ch6,TTW_jet1_eta_bin2
>> Doing postfit: ch6,TTW_jet1_eta_bin3
>> Doing postfit: ch6,TTW_ooa
>> Doing postfit: ch6,TTZ
>> Doing postfit: ch6,VVV
>> Doing postfit: ch6,WZ
>> Doing postfit: ch6,ZZ
>> Doing postfit: ch6,data_fakes
>> Doing postfit: ch6,tHW
>> Doing postfit: ch6,tHq
>> Doing postfit: ch6,tZq
>> Doing postfit: ch6,ttH
>> Doing postfit: ch6,ttVV
>> Doing postfit: ch6,TotalBkg
>> Doing postfit: ch6,TotalSig
>> Doing postfit: ch6,TotalProcs
>> Doing postfit: ch7,Convs
>> Doing postfit: ch7,Rares
>> Doing postfit: ch7,TTW_jet1_eta_bin0
>> Doing postfit: ch7,TTW_jet1_eta_bin1
>> Doing postfit: ch7,TTW_jet1_eta_bin2
>> Doing postfit: ch7,TTW_jet1_eta_bin3
>> Doing postfit: ch7,TTW_ooa
>> Doing postfit: ch7,TTZ
>> Doing postfit: ch7,VVV
>> Doing postfit: ch7,WZ
>> Doing postfit: ch7,ZZ
>> Doing postfit: ch7,data_fakes
>> Doing postfit: ch7,data_flips
>> Doing postfit: ch7,tHW
>> Doing postfit: ch7,tHq
>> Doing postfit: ch7,tZq
>> Doing postfit: ch7,ttH
>> Doing postfit: ch7,ttVV
>> Doing postfit: ch7,TotalBkg
>> Doing postfit: ch7,TotalSig
>> Doing postfit: ch7,TotalProcs
>> Doing postfit: ch8,Convs
>> Doing postfit: ch8,Rares
>> Doing postfit: ch8,TTW_jet1_eta_bin0
>> Doing postfit: ch8,TTW_jet1_eta_bin1
>> Doing postfit: ch8,TTW_jet1_eta_bin2
>> Doing postfit: ch8,TTW_jet1_eta_bin3
>> Doing postfit: ch8,TTW_ooa
>> Doing postfit: ch8,TTZ
>> Doing postfit: ch8,VVV
>> Doing postfit: ch8,WZ
>> Doing postfit: ch8,ZZ
>> Doing postfit: ch8,data_fakes
>> Doing postfit: ch8,data_flips
>> Doing postfit: ch8,tHW
>> Doing postfit: ch8,tHq
>> Doing postfit: ch8,tZq
>> Doing postfit: ch8,ttH
>> Doing postfit: ch8,ttVV
>> Doing postfit: ch8,TotalBkg
>> Doing postfit: ch8,TotalSig
>> Doing postfit: ch8,TotalProcs
>> Doing postfit: ch9,Rares
>> Doing postfit: ch9,TTW_jet1_eta_bin0
>> Doing postfit: ch9,TTW_jet1_eta_bin1
>> Doing postfit: ch9,TTW_jet1_eta_bin2
>> Doing postfit: ch9,TTW_jet1_eta_bin3
>> Doing postfit: ch9,TTW_ooa
>> Doing postfit: ch9,TTZ
>> Doing postfit: ch9,VVV
>> Doing postfit: ch9,WZ
>> Doing postfit: ch9,ZZ
>> Doing postfit: ch9,data_fakes
>> Doing postfit: ch9,tHW
>> Doing postfit: ch9,tHq
>> Doing postfit: ch9,tZq
>> Doing postfit: ch9,ttH
>> Doing postfit: ch9,ttVV
>> Doing postfit: ch9,TotalBkg
>> Doing postfit: ch9,TotalSig
>> Doing postfit: ch9,TotalProcs

Bin                       Total relative bkg uncert. (postfit)
----------------------------------------------------------
ch1                       0.09898   
ch10                      0.12631   
ch11                      0.07273   
ch12                      0.44164   
ch13                      0.09069   
ch14                      0.08411   
ch15                      0.09840   
ch16                      0.09764   
ch17                      0.08226   
ch18                      0.08670   
ch19                      0.09251   
ch2                       0.08054   
ch20                      0.06767   
ch21                      0.06695   
ch22                      0.09204   
ch23                      0.06638   
ch24                      0.07149   
ch3                       0.08950   
ch4                       0.08801   
ch5                       0.08002   
ch6                       0.09268   
ch7                       0.09945   
ch8                       0.08527   
ch9                       0.11377   

Bin                       Process              Scale factor
----------------------------------------------------------
ch1                       Convs                1.07805   
ch1                       Rares                1.31590   
ch1                       TTW_jet1_eta_bin0    1.01941   
ch1                       TTW_jet1_eta_bin1    1.21198   
ch1                       TTW_jet1_eta_bin2    1.52574   
ch1                       TTW_jet1_eta_bin3    1.28516   
ch1                       TTW_ooa              1.10203   
ch1                       TTZ                  1.16320   
ch1                       VVV                  1.26543   
ch1                       WZ                   0.91499   
ch1                       ZZ                   1.41293   
ch1                       data_fakes           1.48810   
ch1                       data_flips           1.00190   
ch1                       tHW                  1.06416   
ch1                       tHq                  1.05904   
ch1                       tZq                  1.08252   
ch1                       ttH                  1.08624   
ch1                       ttVV                 1.07484   
ch10                      Convs                1.03909   
ch10                      Rares                1.34405   
ch10                      TTW_jet1_eta_bin0    1.02430   
ch10                      TTW_jet1_eta_bin1    1.21700   
ch10                      TTW_jet1_eta_bin2    1.56580   
ch10                      TTW_jet1_eta_bin3    1.32291   
ch10                      TTW_ooa              1.08205   
ch10                      TTZ                  1.24995   
ch10                      VVV                  1.46401   
ch10                      WZ                   1.24035   
ch10                      ZZ                   1.64900   
ch10                      data_fakes           1.77522   
ch10                      data_flips           1.00215   
ch10                      tHW                  1.09926   
ch10                      tHq                  1.10834   
ch10                      tZq                  1.22855   
ch10                      ttH                  1.10043   
ch10                      ttVV                 1.07230   
ch11                      Convs                0.98208   
ch11                      Rares                1.29871   
ch11                      TTW_jet1_eta_bin0    0.99634   
ch11                      TTW_jet1_eta_bin1    1.18672   
ch11                      TTW_jet1_eta_bin2    1.51888   
ch11                      TTW_jet1_eta_bin3    1.28736   
ch11                      TTW_ooa              1.08697   
ch11                      TTZ                  1.14820   
ch11                      VVV                  1.53155   
ch11                      WZ                   1.21371   
ch11                      ZZ                   1.58184   
ch11                      data_fakes           1.28961   
ch11                      data_flips           1.00162   
ch11                      tHW                  1.07154   
ch11                      tHq                  1.06024   
ch11                      tZq                  1.13335   
ch11                      ttH                  1.06740   
ch11                      ttVV                 1.04437   
ch12                      Rares                1.25665   
ch12                      TTW_jet1_eta_bin0    0.97357   
ch12                      TTW_jet1_eta_bin1    1.16555   
ch12                      TTW_jet1_eta_bin2    1.48131   
ch12                      TTW_jet1_eta_bin3    1.23363   
ch12                      TTW_ooa              1.05494   
ch12                      TTZ                  1.12568   
ch12                      VVV                  3.82493   
ch12                      WZ                   1.13117   
ch12                      ZZ                   1.60798   
ch12                      data_fakes           1.17328   
ch12                      tHW                  1.03521   
ch12                      tHq                  1.05097   
ch12                      tZq                  1.12268   
ch12                      ttH                  1.01741   
ch12                      ttVV                 1.01414   
ch13                      Convs                1.00492   
ch13                      Rares                1.26020   
ch13                      TTW_jet1_eta_bin0    1.01626   
ch13                      TTW_jet1_eta_bin1    1.21513   
ch13                      TTW_jet1_eta_bin2    1.50298   
ch13                      TTW_jet1_eta_bin3    1.27521   
ch13                      TTW_ooa              1.07499   
ch13                      TTZ                  1.02423   
ch13                      VVV                  1.14977   
ch13                      WZ                   0.98393   
ch13                      ZZ                   1.32442   
ch13                      data_fakes           1.46558   
ch13                      data_flips           1.00103   
ch13                      tHW                  1.03596   
ch13                      tHq                  1.06730   
ch13                      tZq                  1.13284   
ch13                      ttH                  1.08338   
ch13                      ttVV                 1.05770   
ch14                      Convs                0.95441   
ch14                      Rares                1.29437   
ch14                      TTW_jet1_eta_bin0    0.98505   
ch14                      TTW_jet1_eta_bin1    1.17619   
ch14                      TTW_jet1_eta_bin2    1.50364   
ch14                      TTW_jet1_eta_bin3    1.26032   
ch14                      TTW_ooa              1.04525   
ch14                      TTZ                  1.09257   
ch14                      VVV                  1.18833   
ch14                      WZ                   0.99395   
ch14                      ZZ                   1.49033   
ch14                      data_fakes           1.31583   
ch14                      data_flips           1.00144   
ch14                      tHW                  1.02049   
ch14                      tHq                  1.02188   
ch14                      tZq                  1.10173   
ch14                      ttH                  1.04854   
ch14                      ttVV                 1.03381   
ch15                      Rares                1.17518   
ch15                      TTW_jet1_eta_bin0    0.95989   
ch15                      TTW_jet1_eta_bin1    1.14004   
ch15                      TTW_jet1_eta_bin2    1.44363   
ch15                      TTW_jet1_eta_bin3    1.23363   
ch15                      TTW_ooa              0.99742   
ch15                      TTZ                  1.09830   
ch15                      VVV                  1.16911   
ch15                      WZ                   0.95768   
ch15                      ZZ                   1.43415   
ch15                      data_fakes           1.11423   
ch15                      tHW                  0.99721   
ch15                      tHq                  1.04161   
ch15                      tZq                  1.06643   
ch15                      ttH                  1.00859   
ch15                      ttVV                 1.00715   
ch16                      Convs                1.08655   
ch16                      Rares                1.26620   
ch16                      TTW_jet1_eta_bin0    0.99590   
ch16                      TTW_jet1_eta_bin1    1.20415   
ch16                      TTW_jet1_eta_bin2    1.50429   
ch16                      TTW_jet1_eta_bin3    1.27649   
ch16                      TTW_ooa              1.07523   
ch16                      TTZ                  1.19906   
ch16                      VVV                  1.26570   
ch16                      WZ                   0.99891   
ch16                      ZZ                   1.14087   
ch16                      data_fakes           1.43133   
ch16                      data_flips           1.00134   
ch16                      tHW                  1.04651   
ch16                      tHq                  1.04052   
ch16                      tZq                  1.16792   
ch16                      ttH                  1.06206   
ch16                      ttVV                 1.06085   
ch17                      Convs                0.99747   
ch17                      Rares                1.32073   
ch17                      TTW_jet1_eta_bin0    0.98399   
ch17                      TTW_jet1_eta_bin1    1.17958   
ch17                      TTW_jet1_eta_bin2    1.49207   
ch17                      TTW_jet1_eta_bin3    1.26969   
ch17                      TTW_ooa              1.03773   
ch17                      TTZ                  1.14184   
ch17                      VVV                  1.26239   
ch17                      WZ                   1.00159   
ch17                      ZZ                   1.23981   
ch17                      data_fakes           1.30451   
ch17                      data_flips           1.00150   
ch17                      tHW                  1.02881   
ch17                      tHq                  1.02965   
ch17                      tZq                  1.09795   
ch17                      ttH                  1.03769   
ch17                      ttVV                 1.03525   
ch18                      Rares                1.18866   
ch18                      TTW_jet1_eta_bin0    0.95580   
ch18                      TTW_jet1_eta_bin1    1.14815   
ch18                      TTW_jet1_eta_bin2    1.46078   
ch18                      TTW_jet1_eta_bin3    1.22187   
ch18                      TTW_ooa              1.00942   
ch18                      TTZ                  1.11178   
ch18                      VVV                  1.23277   
ch18                      WZ                   0.96642   
ch18                      ZZ                   1.06350   
ch18                      data_fakes           1.10982   
ch18                      tHW                  1.00070   
ch18                      tHq                  0.99176   
ch18                      tZq                  1.10218   
ch18                      ttH                  1.00683   
ch18                      ttVV                 1.00769   
ch19                      Convs                1.03638   
ch19                      Rares                1.25577   
ch19                      TTW_jet1_eta_bin0    0.98887   
ch19                      TTW_jet1_eta_bin1    1.18171   
ch19                      TTW_jet1_eta_bin2    1.49745   
ch19                      TTW_jet1_eta_bin3    1.27148   
ch19                      TTW_ooa              1.03469   
ch19                      TTZ                  1.13223   
ch19                      VVV                  1.28647   
ch19                      WZ                   0.97122   
ch19                      ZZ                   1.17153   
ch19                      data_fakes           1.55237   
ch19                      data_flips           1.00146   
ch19                      tHW                  1.04608   
ch19                      tHq                  1.02395   
ch19                      tZq                  1.11163   
ch19                      ttH                  1.02836   
ch19                      ttVV                 1.05112   
ch2                       Convs                1.06496   
ch2                       Rares                1.20234   
ch2                       TTW_jet1_eta_bin0    0.98988   
ch2                       TTW_jet1_eta_bin1    1.17559   
ch2                       TTW_jet1_eta_bin2    1.51875   
ch2                       TTW_jet1_eta_bin3    1.25271   
ch2                       TTW_ooa              1.04509   
ch2                       TTZ                  1.10646   
ch2                       VVV                  1.20783   
ch2                       WZ                   0.99110   
ch2                       ZZ                   1.27805   
ch2                       data_fakes           1.27786   
ch2                       data_flips           1.00168   
ch2                       tHW                  1.01441   
ch2                       tHq                  1.02755   
ch2                       tZq                  1.05783   
ch2                       ttH                  1.03705   
ch2                       ttVV                 1.03244   
ch20                      Convs                1.00360   
ch20                      Rares                1.29620   
ch20                      TTW_jet1_eta_bin0    0.96750   
ch20                      TTW_jet1_eta_bin1    1.16460   
ch20                      TTW_jet1_eta_bin2    1.46354   
ch20                      TTW_jet1_eta_bin3    1.23951   
ch20                      TTW_ooa              0.99564   
ch20                      TTZ                  1.14321   
ch20                      VVV                  1.22114   
ch20                      WZ                   0.95771   
ch20                      ZZ                   1.26374   
ch20                      data_fakes           1.29992   
ch20                      data_flips           1.00146   
ch20                      tHW                  1.01639   
ch20                      tHq                  1.00402   
ch20                      tZq                  1.07115   
ch20                      ttH                  1.02003   
ch20                      ttVV                 1.02078   
ch21                      Rares                1.18099   
ch21                      TTW_jet1_eta_bin0    0.94555   
ch21                      TTW_jet1_eta_bin1    1.13487   
ch21                      TTW_jet1_eta_bin2    1.42652   
ch21                      TTW_jet1_eta_bin3    1.21222   
ch21                      TTW_ooa              0.96770   
ch21                      TTZ                  1.05572   
ch21                      VVV                  1.17546   
ch21                      WZ                   1.02661   
ch21                      ZZ                   0.88053   
ch21                      data_fakes           1.12918   
ch21                      tHW                  0.98999   
ch21                      tHq                  0.97548   
ch21                      tZq                  1.05900   
ch21                      ttH                  1.00777   
ch21                      ttVV                 0.99326   
ch22                      Convs                0.97199   
ch22                      Rares                0.98348   
ch22                      TTW_jet1_eta_bin0    0.99825   
ch22                      TTW_jet1_eta_bin1    1.18041   
ch22                      TTW_jet1_eta_bin2    1.50103   
ch22                      TTW_jet1_eta_bin3    1.27339   
ch22                      TTW_ooa              1.03799   
ch22                      TTZ                  1.22311   
ch22                      VVV                  1.04097   
ch22                      WZ                   0.90493   
ch22                      ZZ                   1.16569   
ch22                      data_fakes           1.55854   
ch22                      data_flips           1.00143   
ch22                      tHW                  1.01001   
ch22                      tHq                  1.04332   
ch22                      tZq                  1.14024   
ch22                      ttH                  1.03966   
ch22                      ttVV                 1.04732   
ch23                      Convs                0.87320   
ch23                      Rares                1.24430   
ch23                      TTW_jet1_eta_bin0    0.97240   
ch23                      TTW_jet1_eta_bin1    1.15971   
ch23                      TTW_jet1_eta_bin2    1.46230   
ch23                      TTW_jet1_eta_bin3    1.22939   
ch23                      TTW_ooa              1.01988   
ch23                      TTZ                  1.20191   
ch23                      VVV                  1.26014   
ch23                      WZ                   1.00656   
ch23                      ZZ                   1.35556   
ch23                      data_fakes           1.28870   
ch23                      data_flips           1.00160   
ch23                      tHW                  1.01912   
ch23                      tHq                  1.00870   
ch23                      tZq                  1.04505   
ch23                      ttH                  1.01006   
ch23                      ttVV                 1.02168   
ch24                      Rares                1.30972   
ch24                      TTW_jet1_eta_bin0    0.94390   
ch24                      TTW_jet1_eta_bin1    1.12468   
ch24                      TTW_jet1_eta_bin2    1.42786   
ch24                      TTW_jet1_eta_bin3    1.20818   
ch24                      TTW_ooa              0.97201   
ch24                      TTZ                  1.10289   
ch24                      VVV                  1.23202   
ch24                      WZ                   0.98473   
ch24                      ZZ                   1.19234   
ch24                      data_fakes           1.12219   
ch24                      tHW                  0.98740   
ch24                      tHq                  0.98313   
ch24                      tZq                  1.10249   
ch24                      ttH                  0.99688   
ch24                      ttVV                 0.98885   
ch3                       Rares                1.24207   
ch3                       TTW_jet1_eta_bin0    0.95700   
ch3                       TTW_jet1_eta_bin1    1.14429   
ch3                       TTW_jet1_eta_bin2    1.45088   
ch3                       TTW_jet1_eta_bin3    1.20313   
ch3                       TTW_ooa              0.99788   
ch3                       TTZ                  1.05447   
ch3                       VVV                  1.25076   
ch3                       WZ                   0.97473   
ch3                       ZZ                   1.46885   
ch3                       data_fakes           1.11495   
ch3                       tHW                  0.98256   
ch3                       tHq                  0.99994   
ch3                       tZq                  1.07152   
ch3                       ttH                  1.01984   
ch3                       ttVV                 0.99730   
ch4                       Convs                1.15651   
ch4                       Rares                1.35026   
ch4                       TTW_jet1_eta_bin0    1.02723   
ch4                       TTW_jet1_eta_bin1    1.22412   
ch4                       TTW_jet1_eta_bin2    1.53740   
ch4                       TTW_jet1_eta_bin3    1.28868   
ch4                       TTW_ooa              1.12419   
ch4                       TTZ                  1.10990   
ch4                       VVV                  1.39272   
ch4                       WZ                   1.07010   
ch4                       ZZ                   1.49715   
ch4                       data_fakes           1.49769   
ch4                       data_flips           1.00231   
ch4                       tHW                  1.06311   
ch4                       tHq                  1.07810   
ch4                       tZq                  1.12219   
ch4                       ttH                  1.06623   
ch4                       ttVV                 1.07057   
ch5                       Convs                0.98817   
ch5                       Rares                1.30599   
ch5                       TTW_jet1_eta_bin0    0.98115   
ch5                       TTW_jet1_eta_bin1    1.18978   
ch5                       TTW_jet1_eta_bin2    1.48744   
ch5                       TTW_jet1_eta_bin3    1.26287   
ch5                       TTW_ooa              1.05365   
ch5                       TTZ                  1.12062   
ch5                       VVV                  1.26416   
ch5                       WZ                   1.01268   
ch5                       ZZ                   1.30329   
ch5                       data_fakes           1.31429   
ch5                       data_flips           1.00153   
ch5                       tHW                  1.01553   
ch5                       tHq                  1.02530   
ch5                       tZq                  1.10145   
ch5                       ttH                  1.03025   
ch5                       ttVV                 1.02851   
ch6                       Rares                1.40123   
ch6                       TTW_jet1_eta_bin0    0.95222   
ch6                       TTW_jet1_eta_bin1    1.13003   
ch6                       TTW_jet1_eta_bin2    1.43942   
ch6                       TTW_jet1_eta_bin3    1.22092   
ch6                       TTW_ooa              1.00493   
ch6                       TTZ                  1.12909   
ch6                       VVV                  1.04788   
ch6                       WZ                   0.96194   
ch6                       ZZ                   1.45887   
ch6                       data_fakes           1.08193   
ch6                       tHW                  0.99133   
ch6                       tHq                  0.99755   
ch6                       tZq                  1.04647   
ch6                       ttH                  1.00198   
ch6                       ttVV                 0.99711   
ch7                       Convs                1.00493   
ch7                       Rares                1.33414   
ch7                       TTW_jet1_eta_bin0    1.01632   
ch7                       TTW_jet1_eta_bin1    1.23090   
ch7                       TTW_jet1_eta_bin2    1.50706   
ch7                       TTW_jet1_eta_bin3    1.33255   
ch7                       TTW_ooa              1.12051   
ch7                       TTZ                  1.25225   
ch7                       VVV                  1.45168   
ch7                       WZ                   1.33295   
ch7                       ZZ                   1.58724   
ch7                       data_fakes           1.30460   
ch7                       data_flips           1.00111   
ch7                       tHW                  1.08725   
ch7                       tHq                  1.07567   
ch7                       tZq                  1.26032   
ch7                       ttH                  1.09862   
ch7                       ttVV                 1.06852   
ch8                       Convs                0.96708   
ch8                       Rares                1.50733   
ch8                       TTW_jet1_eta_bin0    0.99413   
ch8                       TTW_jet1_eta_bin1    1.20319   
ch8                       TTW_jet1_eta_bin2    1.49440   
ch8                       TTW_jet1_eta_bin3    1.28196   
ch8                       TTW_ooa              1.08373   
ch8                       TTZ                  1.18796   
ch8                       VVV                  1.39403   
ch8                       WZ                   1.43981   
ch8                       ZZ                   1.53997   
ch8                       data_fakes           1.27011   
ch8                       data_flips           1.00162   
ch8                       tHW                  1.05163   
ch8                       tHq                  1.07182   
ch8                       tZq                  1.14213   
ch8                       ttH                  1.05432   
ch8                       ttVV                 1.04767   
ch9                       Rares                1.28397   
ch9                       TTW_jet1_eta_bin0    0.96494   
ch9                       TTW_jet1_eta_bin1    1.16641   
ch9                       TTW_jet1_eta_bin2    1.47399   
ch9                       TTW_jet1_eta_bin3    1.24798   
ch9                       TTW_ooa              1.05863   
ch9                       TTZ                  1.14330   
ch9                       VVV                  1.35010   
ch9                       WZ                   1.24486   
ch9                       ZZ                   1.36621   
ch9                       data_fakes           1.15197   
ch9                       tHW                  1.02899   
ch9                       tHq                  1.02817   
ch9                       tZq                  1.23345   
ch9                       ttH                  1.03745   
ch9                       ttVV                 1.02197   
