WARNING: the default behaviour of PostFitShapesFromWorkspace is to use the covariance matrix sampling method for the post-fit uncertainty. The option --sampling is deprecated and will be removed in future versions of CombineHarvester
[SetFlag] Changing value of flag "workspaces-use-clone" from 0 to 1
[#1] INFO:ObjectHandling -- RooWorkspace::import(w) importing dataset ch1
[#1] INFO:ObjectHandling -- RooWorkspace::import(w) importing dataset ch10
[#1] INFO:ObjectHandling -- RooWorkspace::import(w) importing dataset ch11
[#1] INFO:ObjectHandling -- RooWorkspace::import(w) importing dataset ch12
[#1] INFO:ObjectHandling -- RooWorkspace::import(w) importing dataset ch2
[#1] INFO:ObjectHandling -- RooWorkspace::import(w) importing dataset ch3
[#1] INFO:ObjectHandling -- RooWorkspace::import(w) importing dataset ch4
[#1] INFO:ObjectHandling -- RooWorkspace::import(w) importing dataset ch5
[#1] INFO:ObjectHandling -- RooWorkspace::import(w) importing dataset ch6
[#1] INFO:ObjectHandling -- RooWorkspace::import(w) importing dataset ch7
[#1] INFO:ObjectHandling -- RooWorkspace::import(w) importing dataset ch8
[#1] INFO:ObjectHandling -- RooWorkspace::import(w) importing dataset ch9
[SetFlag] Changing value of flag "workspaces-use-clone" from 0 to 1
>> Doing prefit: TotalBkg
>> Doing prefit: TotalSig
>> Doing prefit: TotalProcs
>> Doing prefit: ch1,Convs
>> Doing prefit: ch1,Rares
>> Doing prefit: ch1,TTW_jet1_eta_bin0
>> Doing prefit: ch1,TTW_jet1_eta_bin1
>> Doing prefit: ch1,TTW_jet1_eta_bin2
>> Doing prefit: ch1,TTW_jet1_eta_bin3
>> Doing prefit: ch1,TTW_ooa
>> Doing prefit: ch1,TTZ
>> Doing prefit: ch1,VVV
>> Doing prefit: ch1,WZ
>> Doing prefit: ch1,ZZ
>> Doing prefit: ch1,data_fakes
>> Doing prefit: ch1,data_flips
>> Doing prefit: ch1,tHW
>> Doing prefit: ch1,tHq
>> Doing prefit: ch1,tZq
>> Doing prefit: ch1,ttH
>> Doing prefit: ch1,ttVV
>> Doing prefit: ch1,TotalBkg
>> Doing prefit: ch1,TotalSig
>> Doing prefit: ch1,TotalProcs
>> Doing prefit: ch10,Convs
>> Doing prefit: ch10,Rares
>> Doing prefit: ch10,TTW_jet1_eta_bin0
>> Doing prefit: ch10,TTW_jet1_eta_bin1
>> Doing prefit: ch10,TTW_jet1_eta_bin2
>> Doing prefit: ch10,TTW_jet1_eta_bin3
>> Doing prefit: ch10,TTW_ooa
>> Doing prefit: ch10,TTZ
>> Doing prefit: ch10,VVV
>> Doing prefit: ch10,WZ
>> Doing prefit: ch10,ZZ
>> Doing prefit: ch10,data_fakes
>> Doing prefit: ch10,data_flips
>> Doing prefit: ch10,tHW
>> Doing prefit: ch10,tHq
>> Doing prefit: ch10,tZq
>> Doing prefit: ch10,ttH
>> Doing prefit: ch10,ttVV
>> Doing prefit: ch10,TotalBkg
>> Doing prefit: ch10,TotalSig
>> Doing prefit: ch10,TotalProcs
>> Doing prefit: ch11,Convs
>> Doing prefit: ch11,Rares
>> Doing prefit: ch11,TTW_jet1_eta_bin0
>> Doing prefit: ch11,TTW_jet1_eta_bin1
>> Doing prefit: ch11,TTW_jet1_eta_bin2
>> Doing prefit: ch11,TTW_jet1_eta_bin3
>> Doing prefit: ch11,TTW_ooa
>> Doing prefit: ch11,TTZ
>> Doing prefit: ch11,VVV
>> Doing prefit: ch11,WZ
>> Doing prefit: ch11,ZZ
>> Doing prefit: ch11,data_fakes
>> Doing prefit: ch11,data_flips
>> Doing prefit: ch11,tHW
>> Doing prefit: ch11,tHq
>> Doing prefit: ch11,tZq
>> Doing prefit: ch11,ttH
>> Doing prefit: ch11,ttVV
>> Doing prefit: ch11,TotalBkg
>> Doing prefit: ch11,TotalSig
>> Doing prefit: ch11,TotalProcs
>> Doing prefit: ch12,Rares
>> Doing prefit: ch12,TTW_jet1_eta_bin0
>> Doing prefit: ch12,TTW_jet1_eta_bin1
>> Doing prefit: ch12,TTW_jet1_eta_bin2
>> Doing prefit: ch12,TTW_jet1_eta_bin3
>> Doing prefit: ch12,TTW_ooa
>> Doing prefit: ch12,TTZ
>> Doing prefit: ch12,VVV
>> Doing prefit: ch12,WZ
>> Doing prefit: ch12,ZZ
>> Doing prefit: ch12,data_fakes
>> Doing prefit: ch12,tHW
>> Doing prefit: ch12,tHq
>> Doing prefit: ch12,tZq
>> Doing prefit: ch12,ttH
>> Doing prefit: ch12,ttVV
>> Doing prefit: ch12,TotalBkg
>> Doing prefit: ch12,TotalSig
>> Doing prefit: ch12,TotalProcs
>> Doing prefit: ch2,Convs
>> Doing prefit: ch2,Rares
>> Doing prefit: ch2,TTW_jet1_eta_bin0
>> Doing prefit: ch2,TTW_jet1_eta_bin1
>> Doing prefit: ch2,TTW_jet1_eta_bin2
>> Doing prefit: ch2,TTW_jet1_eta_bin3
>> Doing prefit: ch2,TTW_ooa
>> Doing prefit: ch2,TTZ
>> Doing prefit: ch2,VVV
>> Doing prefit: ch2,WZ
>> Doing prefit: ch2,ZZ
>> Doing prefit: ch2,data_fakes
>> Doing prefit: ch2,data_flips
>> Doing prefit: ch2,tHW
>> Doing prefit: ch2,tHq
>> Doing prefit: ch2,tZq
>> Doing prefit: ch2,ttH
>> Doing prefit: ch2,ttVV
>> Doing prefit: ch2,TotalBkg
>> Doing prefit: ch2,TotalSig
>> Doing prefit: ch2,TotalProcs
>> Doing prefit: ch3,Rares
>> Doing prefit: ch3,TTW_jet1_eta_bin0
>> Doing prefit: ch3,TTW_jet1_eta_bin1
>> Doing prefit: ch3,TTW_jet1_eta_bin2
>> Doing prefit: ch3,TTW_jet1_eta_bin3
>> Doing prefit: ch3,TTW_ooa
>> Doing prefit: ch3,TTZ
>> Doing prefit: ch3,VVV
>> Doing prefit: ch3,WZ
>> Doing prefit: ch3,ZZ
>> Doing prefit: ch3,data_fakes
>> Doing prefit: ch3,tHW
>> Doing prefit: ch3,tHq
>> Doing prefit: ch3,tZq
>> Doing prefit: ch3,ttH
>> Doing prefit: ch3,ttVV
>> Doing prefit: ch3,TotalBkg
>> Doing prefit: ch3,TotalSig
>> Doing prefit: ch3,TotalProcs
>> Doing prefit: ch4,Convs
>> Doing prefit: ch4,Rares
>> Doing prefit: ch4,TTW_jet1_eta_bin0
>> Doing prefit: ch4,TTW_jet1_eta_bin1
>> Doing prefit: ch4,TTW_jet1_eta_bin2
>> Doing prefit: ch4,TTW_jet1_eta_bin3
>> Doing prefit: ch4,TTW_ooa
>> Doing prefit: ch4,TTZ
>> Doing prefit: ch4,VVV
>> Doing prefit: ch4,WZ
>> Doing prefit: ch4,ZZ
>> Doing prefit: ch4,data_fakes
>> Doing prefit: ch4,data_flips
>> Doing prefit: ch4,tHW
>> Doing prefit: ch4,tHq
>> Doing prefit: ch4,tZq
>> Doing prefit: ch4,ttH
>> Doing prefit: ch4,ttVV
>> Doing prefit: ch4,TotalBkg
>> Doing prefit: ch4,TotalSig
>> Doing prefit: ch4,TotalProcs
>> Doing prefit: ch5,Convs
>> Doing prefit: ch5,Rares
>> Doing prefit: ch5,TTW_jet1_eta_bin0
>> Doing prefit: ch5,TTW_jet1_eta_bin1
>> Doing prefit: ch5,TTW_jet1_eta_bin2
>> Doing prefit: ch5,TTW_jet1_eta_bin3
>> Doing prefit: ch5,TTW_ooa
>> Doing prefit: ch5,TTZ
>> Doing prefit: ch5,VVV
>> Doing prefit: ch5,WZ
>> Doing prefit: ch5,ZZ
>> Doing prefit: ch5,data_fakes
>> Doing prefit: ch5,data_flips
>> Doing prefit: ch5,tHW
>> Doing prefit: ch5,tHq
>> Doing prefit: ch5,tZq
>> Doing prefit: ch5,ttH
>> Doing prefit: ch5,ttVV
>> Doing prefit: ch5,TotalBkg
>> Doing prefit: ch5,TotalSig
>> Doing prefit: ch5,TotalProcs
>> Doing prefit: ch6,Rares
>> Doing prefit: ch6,TTW_jet1_eta_bin0
>> Doing prefit: ch6,TTW_jet1_eta_bin1
>> Doing prefit: ch6,TTW_jet1_eta_bin2
>> Doing prefit: ch6,TTW_jet1_eta_bin3
>> Doing prefit: ch6,TTW_ooa
>> Doing prefit: ch6,TTZ
>> Doing prefit: ch6,VVV
>> Doing prefit: ch6,WZ
>> Doing prefit: ch6,ZZ
>> Doing prefit: ch6,data_fakes
>> Doing prefit: ch6,tHW
>> Doing prefit: ch6,tHq
>> Doing prefit: ch6,tZq
>> Doing prefit: ch6,ttH
>> Doing prefit: ch6,ttVV
>> Doing prefit: ch6,TotalBkg
>> Doing prefit: ch6,TotalSig
>> Doing prefit: ch6,TotalProcs
>> Doing prefit: ch7,Convs
>> Doing prefit: ch7,Rares
>> Doing prefit: ch7,TTW_jet1_eta_bin0
>> Doing prefit: ch7,TTW_jet1_eta_bin1
>> Doing prefit: ch7,TTW_jet1_eta_bin2
>> Doing prefit: ch7,TTW_jet1_eta_bin3
>> Doing prefit: ch7,TTW_ooa
>> Doing prefit: ch7,TTZ
>> Doing prefit: ch7,VVV
>> Doing prefit: ch7,WZ
>> Doing prefit: ch7,ZZ
>> Doing prefit: ch7,data_fakes
>> Doing prefit: ch7,data_flips
>> Doing prefit: ch7,tHW
>> Doing prefit: ch7,tHq
>> Doing prefit: ch7,tZq
>> Doing prefit: ch7,ttH
>> Doing prefit: ch7,ttVV
>> Doing prefit: ch7,TotalBkg
>> Doing prefit: ch7,TotalSig
>> Doing prefit: ch7,TotalProcs
>> Doing prefit: ch8,Convs
>> Doing prefit: ch8,Rares
>> Doing prefit: ch8,TTW_jet1_eta_bin0
>> Doing prefit: ch8,TTW_jet1_eta_bin1
>> Doing prefit: ch8,TTW_jet1_eta_bin2
>> Doing prefit: ch8,TTW_jet1_eta_bin3
>> Doing prefit: ch8,TTW_ooa
>> Doing prefit: ch8,TTZ
>> Doing prefit: ch8,VVV
>> Doing prefit: ch8,WZ
>> Doing prefit: ch8,ZZ
>> Doing prefit: ch8,data_fakes
>> Doing prefit: ch8,data_flips
>> Doing prefit: ch8,tHW
>> Doing prefit: ch8,tHq
>> Doing prefit: ch8,tZq
>> Doing prefit: ch8,ttH
>> Doing prefit: ch8,ttVV
>> Doing prefit: ch8,TotalBkg
>> Doing prefit: ch8,TotalSig
>> Doing prefit: ch8,TotalProcs
>> Doing prefit: ch9,Rares
>> Doing prefit: ch9,TTW_jet1_eta_bin0
>> Doing prefit: ch9,TTW_jet1_eta_bin1
>> Doing prefit: ch9,TTW_jet1_eta_bin2
>> Doing prefit: ch9,TTW_jet1_eta_bin3
>> Doing prefit: ch9,TTW_ooa
>> Doing prefit: ch9,TTZ
>> Doing prefit: ch9,VVV
>> Doing prefit: ch9,WZ
>> Doing prefit: ch9,ZZ
>> Doing prefit: ch9,data_fakes
>> Doing prefit: ch9,tHW
>> Doing prefit: ch9,tHq
>> Doing prefit: ch9,tZq
>> Doing prefit: ch9,ttH
>> Doing prefit: ch9,ttVV
>> Doing prefit: ch9,TotalBkg
>> Doing prefit: ch9,TotalSig
>> Doing prefit: ch9,TotalProcs
Bin                       Total relative bkg uncert. (prefit)
----------------------------------------------------------
ch1                       0.15096   
ch10                      0.14817   
ch11                      0.11683   
ch12                      0.12264   
ch2                       0.10958   
ch3                       0.14141   
ch4                       0.13233   
ch5                       0.11927   
ch6                       0.20799   
ch7                       0.14538   
ch8                       0.12524   
ch9                       0.17525   
>> Doing postfit: TotalBkg
>> Doing postfit: TotalSig
>> Doing postfit: TotalProcs
>> Doing postfit: ch1,Convs
>> Doing postfit: ch1,Rares
>> Doing postfit: ch1,TTW_jet1_eta_bin0
>> Doing postfit: ch1,TTW_jet1_eta_bin1
>> Doing postfit: ch1,TTW_jet1_eta_bin2
>> Doing postfit: ch1,TTW_jet1_eta_bin3
>> Doing postfit: ch1,TTW_ooa
>> Doing postfit: ch1,TTZ
>> Doing postfit: ch1,VVV
>> Doing postfit: ch1,WZ
>> Doing postfit: ch1,ZZ
>> Doing postfit: ch1,data_fakes
>> Doing postfit: ch1,data_flips
>> Doing postfit: ch1,tHW
>> Doing postfit: ch1,tHq
>> Doing postfit: ch1,tZq
>> Doing postfit: ch1,ttH
>> Doing postfit: ch1,ttVV
>> Doing postfit: ch1,TotalBkg
>> Doing postfit: ch1,TotalSig
>> Doing postfit: ch1,TotalProcs
>> Doing postfit: ch10,Convs
>> Doing postfit: ch10,Rares
>> Doing postfit: ch10,TTW_jet1_eta_bin0
>> Doing postfit: ch10,TTW_jet1_eta_bin1
>> Doing postfit: ch10,TTW_jet1_eta_bin2
>> Doing postfit: ch10,TTW_jet1_eta_bin3
>> Doing postfit: ch10,TTW_ooa
>> Doing postfit: ch10,TTZ
>> Doing postfit: ch10,VVV
>> Doing postfit: ch10,WZ
>> Doing postfit: ch10,ZZ
>> Doing postfit: ch10,data_fakes
>> Doing postfit: ch10,data_flips
>> Doing postfit: ch10,tHW
>> Doing postfit: ch10,tHq
>> Doing postfit: ch10,tZq
>> Doing postfit: ch10,ttH
>> Doing postfit: ch10,ttVV
>> Doing postfit: ch10,TotalBkg
>> Doing postfit: ch10,TotalSig
>> Doing postfit: ch10,TotalProcs
>> Doing postfit: ch11,Convs
>> Doing postfit: ch11,Rares
>> Doing postfit: ch11,TTW_jet1_eta_bin0
>> Doing postfit: ch11,TTW_jet1_eta_bin1
>> Doing postfit: ch11,TTW_jet1_eta_bin2
>> Doing postfit: ch11,TTW_jet1_eta_bin3
>> Doing postfit: ch11,TTW_ooa
>> Doing postfit: ch11,TTZ
>> Doing postfit: ch11,VVV
>> Doing postfit: ch11,WZ
>> Doing postfit: ch11,ZZ
>> Doing postfit: ch11,data_fakes
>> Doing postfit: ch11,data_flips
>> Doing postfit: ch11,tHW
>> Doing postfit: ch11,tHq
>> Doing postfit: ch11,tZq
>> Doing postfit: ch11,ttH
>> Doing postfit: ch11,ttVV
>> Doing postfit: ch11,TotalBkg
>> Doing postfit: ch11,TotalSig
>> Doing postfit: ch11,TotalProcs
>> Doing postfit: ch12,Rares
>> Doing postfit: ch12,TTW_jet1_eta_bin0
>> Doing postfit: ch12,TTW_jet1_eta_bin1
>> Doing postfit: ch12,TTW_jet1_eta_bin2
>> Doing postfit: ch12,TTW_jet1_eta_bin3
>> Doing postfit: ch12,TTW_ooa
>> Doing postfit: ch12,TTZ
>> Doing postfit: ch12,VVV
>> Doing postfit: ch12,WZ
>> Doing postfit: ch12,ZZ
>> Doing postfit: ch12,data_fakes
>> Doing postfit: ch12,tHW
>> Doing postfit: ch12,tHq
>> Doing postfit: ch12,tZq
>> Doing postfit: ch12,ttH
>> Doing postfit: ch12,ttVV
>> Doing postfit: ch12,TotalBkg
>> Doing postfit: ch12,TotalSig
>> Doing postfit: ch12,TotalProcs
>> Doing postfit: ch2,Convs
>> Doing postfit: ch2,Rares
>> Doing postfit: ch2,TTW_jet1_eta_bin0
>> Doing postfit: ch2,TTW_jet1_eta_bin1
>> Doing postfit: ch2,TTW_jet1_eta_bin2
>> Doing postfit: ch2,TTW_jet1_eta_bin3
>> Doing postfit: ch2,TTW_ooa
>> Doing postfit: ch2,TTZ
>> Doing postfit: ch2,VVV
>> Doing postfit: ch2,WZ
>> Doing postfit: ch2,ZZ
>> Doing postfit: ch2,data_fakes
>> Doing postfit: ch2,data_flips
>> Doing postfit: ch2,tHW
>> Doing postfit: ch2,tHq
>> Doing postfit: ch2,tZq
>> Doing postfit: ch2,ttH
>> Doing postfit: ch2,ttVV
>> Doing postfit: ch2,TotalBkg
>> Doing postfit: ch2,TotalSig
>> Doing postfit: ch2,TotalProcs
>> Doing postfit: ch3,Rares
>> Doing postfit: ch3,TTW_jet1_eta_bin0
>> Doing postfit: ch3,TTW_jet1_eta_bin1
>> Doing postfit: ch3,TTW_jet1_eta_bin2
>> Doing postfit: ch3,TTW_jet1_eta_bin3
>> Doing postfit: ch3,TTW_ooa
>> Doing postfit: ch3,TTZ
>> Doing postfit: ch3,VVV
>> Doing postfit: ch3,WZ
>> Doing postfit: ch3,ZZ
>> Doing postfit: ch3,data_fakes
>> Doing postfit: ch3,tHW
>> Doing postfit: ch3,tHq
>> Doing postfit: ch3,tZq
>> Doing postfit: ch3,ttH
>> Doing postfit: ch3,ttVV
>> Doing postfit: ch3,TotalBkg
>> Doing postfit: ch3,TotalSig
>> Doing postfit: ch3,TotalProcs
>> Doing postfit: ch4,Convs
>> Doing postfit: ch4,Rares
>> Doing postfit: ch4,TTW_jet1_eta_bin0
>> Doing postfit: ch4,TTW_jet1_eta_bin1
>> Doing postfit: ch4,TTW_jet1_eta_bin2
>> Doing postfit: ch4,TTW_jet1_eta_bin3
>> Doing postfit: ch4,TTW_ooa
>> Doing postfit: ch4,TTZ
>> Doing postfit: ch4,VVV
>> Doing postfit: ch4,WZ
>> Doing postfit: ch4,ZZ
>> Doing postfit: ch4,data_fakes
>> Doing postfit: ch4,data_flips
>> Doing postfit: ch4,tHW
>> Doing postfit: ch4,tHq
>> Doing postfit: ch4,tZq
>> Doing postfit: ch4,ttH
>> Doing postfit: ch4,ttVV
>> Doing postfit: ch4,TotalBkg
>> Doing postfit: ch4,TotalSig
>> Doing postfit: ch4,TotalProcs
>> Doing postfit: ch5,Convs
>> Doing postfit: ch5,Rares
>> Doing postfit: ch5,TTW_jet1_eta_bin0
>> Doing postfit: ch5,TTW_jet1_eta_bin1
>> Doing postfit: ch5,TTW_jet1_eta_bin2
>> Doing postfit: ch5,TTW_jet1_eta_bin3
>> Doing postfit: ch5,TTW_ooa
>> Doing postfit: ch5,TTZ
>> Doing postfit: ch5,VVV
>> Doing postfit: ch5,WZ
>> Doing postfit: ch5,ZZ
>> Doing postfit: ch5,data_fakes
>> Doing postfit: ch5,data_flips
>> Doing postfit: ch5,tHW
>> Doing postfit: ch5,tHq
>> Doing postfit: ch5,tZq
>> Doing postfit: ch5,ttH
>> Doing postfit: ch5,ttVV
>> Doing postfit: ch5,TotalBkg
>> Doing postfit: ch5,TotalSig
>> Doing postfit: ch5,TotalProcs
>> Doing postfit: ch6,Rares
>> Doing postfit: ch6,TTW_jet1_eta_bin0
>> Doing postfit: ch6,TTW_jet1_eta_bin1
>> Doing postfit: ch6,TTW_jet1_eta_bin2
>> Doing postfit: ch6,TTW_jet1_eta_bin3
>> Doing postfit: ch6,TTW_ooa
>> Doing postfit: ch6,TTZ
>> Doing postfit: ch6,VVV
>> Doing postfit: ch6,WZ
>> Doing postfit: ch6,ZZ
>> Doing postfit: ch6,data_fakes
>> Doing postfit: ch6,tHW
>> Doing postfit: ch6,tHq
>> Doing postfit: ch6,tZq
>> Doing postfit: ch6,ttH
>> Doing postfit: ch6,ttVV
>> Doing postfit: ch6,TotalBkg
>> Doing postfit: ch6,TotalSig
>> Doing postfit: ch6,TotalProcs
>> Doing postfit: ch7,Convs
>> Doing postfit: ch7,Rares
>> Doing postfit: ch7,TTW_jet1_eta_bin0
>> Doing postfit: ch7,TTW_jet1_eta_bin1
>> Doing postfit: ch7,TTW_jet1_eta_bin2
>> Doing postfit: ch7,TTW_jet1_eta_bin3
>> Doing postfit: ch7,TTW_ooa
>> Doing postfit: ch7,TTZ
>> Doing postfit: ch7,VVV
>> Doing postfit: ch7,WZ
>> Doing postfit: ch7,ZZ
>> Doing postfit: ch7,data_fakes
>> Doing postfit: ch7,data_flips
>> Doing postfit: ch7,tHW
>> Doing postfit: ch7,tHq
>> Doing postfit: ch7,tZq
>> Doing postfit: ch7,ttH
>> Doing postfit: ch7,ttVV
>> Doing postfit: ch7,TotalBkg
>> Doing postfit: ch7,TotalSig
>> Doing postfit: ch7,TotalProcs
>> Doing postfit: ch8,Convs
>> Doing postfit: ch8,Rares
>> Doing postfit: ch8,TTW_jet1_eta_bin0
>> Doing postfit: ch8,TTW_jet1_eta_bin1
>> Doing postfit: ch8,TTW_jet1_eta_bin2
>> Doing postfit: ch8,TTW_jet1_eta_bin3
>> Doing postfit: ch8,TTW_ooa
>> Doing postfit: ch8,TTZ
>> Doing postfit: ch8,VVV
>> Doing postfit: ch8,WZ
>> Doing postfit: ch8,ZZ
>> Doing postfit: ch8,data_fakes
>> Doing postfit: ch8,data_flips
>> Doing postfit: ch8,tHW
>> Doing postfit: ch8,tHq
>> Doing postfit: ch8,tZq
>> Doing postfit: ch8,ttH
>> Doing postfit: ch8,ttVV
>> Doing postfit: ch8,TotalBkg
>> Doing postfit: ch8,TotalSig
>> Doing postfit: ch8,TotalProcs
>> Doing postfit: ch9,Rares
>> Doing postfit: ch9,TTW_jet1_eta_bin0
>> Doing postfit: ch9,TTW_jet1_eta_bin1
>> Doing postfit: ch9,TTW_jet1_eta_bin2
>> Doing postfit: ch9,TTW_jet1_eta_bin3
>> Doing postfit: ch9,TTW_ooa
>> Doing postfit: ch9,TTZ
>> Doing postfit: ch9,VVV
>> Doing postfit: ch9,WZ
>> Doing postfit: ch9,ZZ
>> Doing postfit: ch9,data_fakes
>> Doing postfit: ch9,tHW
>> Doing postfit: ch9,tHq
>> Doing postfit: ch9,tZq
>> Doing postfit: ch9,ttH
>> Doing postfit: ch9,ttVV
>> Doing postfit: ch9,TotalBkg
>> Doing postfit: ch9,TotalSig
>> Doing postfit: ch9,TotalProcs

Bin                       Total relative bkg uncert. (postfit)
----------------------------------------------------------
ch1                       0.09987   
ch10                      0.09429   
ch11                      0.07113   
ch12                      0.06966   
ch2                       0.07746   
ch3                       0.08997   
ch4                       0.09083   
ch5                       0.08501   
ch6                       0.10892   
ch7                       0.09101   
ch8                       0.08233   
ch9                       0.09425   

Bin                       Process              Scale factor
----------------------------------------------------------
ch1                       Convs                1.07805   
ch1                       Rares                1.31590   
ch1                       TTW_jet1_eta_bin0    1.01941   
ch1                       TTW_jet1_eta_bin1    1.21198   
ch1                       TTW_jet1_eta_bin2    1.52574   
ch1                       TTW_jet1_eta_bin3    1.28516   
ch1                       TTW_ooa              1.10203   
ch1                       TTZ                  1.16320   
ch1                       VVV                  1.26543   
ch1                       WZ                   0.91499   
ch1                       ZZ                   1.41293   
ch1                       data_fakes           1.48810   
ch1                       data_flips           1.00190   
ch1                       tHW                  1.06416   
ch1                       tHq                  1.05904   
ch1                       tZq                  1.08252   
ch1                       ttH                  1.08624   
ch1                       ttVV                 1.07484   
ch10                      Convs                1.06998   
ch10                      Rares                1.40427   
ch10                      TTW_jet1_eta_bin0    0.98905   
ch10                      TTW_jet1_eta_bin1    1.18218   
ch10                      TTW_jet1_eta_bin2    1.50233   
ch10                      TTW_jet1_eta_bin3    1.27220   
ch10                      TTW_ooa              1.03545   
ch10                      TTZ                  1.19869   
ch10                      VVV                  1.29360   
ch10                      WZ                   0.99940   
ch10                      ZZ                   1.16172   
ch10                      data_fakes           1.60767   
ch10                      data_flips           1.00178   
ch10                      tHW                  1.05052   
ch10                      tHq                  1.02408   
ch10                      tZq                  1.11312   
ch10                      ttH                  1.03038   
ch10                      ttVV                 1.05120   
ch11                      Convs                0.99820   
ch11                      Rares                1.30373   
ch11                      TTW_jet1_eta_bin0    0.96878   
ch11                      TTW_jet1_eta_bin1    1.16436   
ch11                      TTW_jet1_eta_bin2    1.46465   
ch11                      TTW_jet1_eta_bin3    1.23937   
ch11                      TTW_ooa              0.99609   
ch11                      TTZ                  1.15268   
ch11                      VVV                  1.22826   
ch11                      WZ                   0.97169   
ch11                      ZZ                   1.27569   
ch11                      data_fakes           1.33398   
ch11                      data_flips           1.00157   
ch11                      tHW                  1.01646   
ch11                      tHq                  1.00397   
ch11                      tZq                  1.07160   
ch11                      ttH                  1.02140   
ch11                      ttVV                 1.02083   
ch12                      Rares                1.18255   
ch12                      TTW_jet1_eta_bin0    0.94556   
ch12                      TTW_jet1_eta_bin1    1.13438   
ch12                      TTW_jet1_eta_bin2    1.42617   
ch12                      TTW_jet1_eta_bin3    1.21268   
ch12                      TTW_ooa              0.96764   
ch12                      TTZ                  1.05210   
ch12                      VVV                  1.17728   
ch12                      WZ                   1.02629   
ch12                      ZZ                   0.88326   
ch12                      data_fakes           1.12701   
ch12                      tHW                  0.99000   
ch12                      tHq                  0.97547   
ch12                      tZq                  1.05902   
ch12                      ttH                  1.00753   
ch12                      ttVV                 0.99325   
ch2                       Convs                1.06496   
ch2                       Rares                1.20234   
ch2                       TTW_jet1_eta_bin0    0.98988   
ch2                       TTW_jet1_eta_bin1    1.17559   
ch2                       TTW_jet1_eta_bin2    1.51875   
ch2                       TTW_jet1_eta_bin3    1.25271   
ch2                       TTW_ooa              1.04509   
ch2                       TTZ                  1.10646   
ch2                       VVV                  1.20783   
ch2                       WZ                   0.99110   
ch2                       ZZ                   1.27805   
ch2                       data_fakes           1.27786   
ch2                       data_flips           1.00168   
ch2                       tHW                  1.01441   
ch2                       tHq                  1.02755   
ch2                       tZq                  1.05783   
ch2                       ttH                  1.03705   
ch2                       ttVV                 1.03244   
ch3                       Rares                1.24207   
ch3                       TTW_jet1_eta_bin0    0.95700   
ch3                       TTW_jet1_eta_bin1    1.14429   
ch3                       TTW_jet1_eta_bin2    1.45088   
ch3                       TTW_jet1_eta_bin3    1.20313   
ch3                       TTW_ooa              0.99788   
ch3                       TTZ                  1.05447   
ch3                       VVV                  1.25076   
ch3                       WZ                   0.97473   
ch3                       ZZ                   1.46885   
ch3                       data_fakes           1.11495   
ch3                       tHW                  0.98256   
ch3                       tHq                  0.99994   
ch3                       tZq                  1.07152   
ch3                       ttH                  1.01984   
ch3                       ttVV                 0.99730   
ch4                       Convs                1.04891   
ch4                       Rares                1.33427   
ch4                       TTW_jet1_eta_bin0    1.01608   
ch4                       TTW_jet1_eta_bin1    1.23650   
ch4                       TTW_jet1_eta_bin2    1.51411   
ch4                       TTW_jet1_eta_bin3    1.33325   
ch4                       TTW_ooa              1.12234   
ch4                       TTZ                  1.31419   
ch4                       VVV                  1.50429   
ch4                       WZ                   1.35048   
ch4                       ZZ                   1.58992   
ch4                       data_fakes           1.37258   
ch4                       data_flips           1.00240   
ch4                       tHW                  1.08734   
ch4                       tHq                  1.07583   
ch4                       tZq                  1.26237   
ch4                       ttH                  1.10216   
ch4                       ttVV                 1.06874   
ch5                       Convs                1.01536   
ch5                       Rares                1.25670   
ch5                       TTW_jet1_eta_bin0    0.99592   
ch5                       TTW_jet1_eta_bin1    1.20187   
ch5                       TTW_jet1_eta_bin2    1.49193   
ch5                       TTW_jet1_eta_bin3    1.28040   
ch5                       TTW_ooa              1.08369   
ch5                       TTZ                  1.18198   
ch5                       VVV                  1.42090   
ch5                       WZ                   1.43677   
ch5                       ZZ                   1.53846   
ch5                       data_fakes           1.26367   
ch5                       data_flips           1.00153   
ch5                       tHW                  1.05167   
ch5                       tHq                  1.07176   
ch5                       tZq                  1.14201   
ch5                       ttH                  1.05429   
ch5                       ttVV                 1.04768   
ch6                       Rares                1.27565   
ch6                       TTW_jet1_eta_bin0    0.96486   
ch6                       TTW_jet1_eta_bin1    1.16702   
ch6                       TTW_jet1_eta_bin2    1.47437   
ch6                       TTW_jet1_eta_bin3    1.24821   
ch6                       TTW_ooa              1.05877   
ch6                       TTZ                  1.16065   
ch6                       VVV                  1.35426   
ch6                       WZ                   1.24603   
ch6                       ZZ                   1.36546   
ch6                       data_fakes           1.16240   
ch6                       tHW                  1.02898   
ch6                       tHq                  1.02821   
ch6                       tZq                  1.23335   
ch6                       ttH                  1.03774   
ch6                       ttVV                 1.02198   
ch7                       Convs                1.01555   
ch7                       Rares                1.23912   
ch7                       TTW_jet1_eta_bin0    1.01762   
ch7                       TTW_jet1_eta_bin1    1.21597   
ch7                       TTW_jet1_eta_bin2    1.50124   
ch7                       TTW_jet1_eta_bin3    1.27794   
ch7                       TTW_ooa              1.07598   
ch7                       TTZ                  1.09074   
ch7                       VVV                  1.15913   
ch7                       WZ                   0.99857   
ch7                       ZZ                   1.33439   
ch7                       data_fakes           1.51376   
ch7                       data_flips           1.00143   
ch7                       tHW                  1.03600   
ch7                       tHq                  1.06769   
ch7                       tZq                  1.13404   
ch7                       ttH                  1.08512   
ch7                       ttVV                 1.05778   
ch8                       Convs                1.23085   
ch8                       Rares                1.33463   
ch8                       TTW_jet1_eta_bin0    0.98439   
ch8                       TTW_jet1_eta_bin1    1.17672   
ch8                       TTW_jet1_eta_bin2    1.50515   
ch8                       TTW_jet1_eta_bin3    1.26186   
ch8                       TTW_ooa              1.04544   
ch8                       TTZ                  1.10076   
ch8                       VVV                  1.18042   
ch8                       WZ                   0.99982   
ch8                       ZZ                   1.49696   
ch8                       data_fakes           1.32625   
ch8                       data_flips           1.00154   
ch8                       tHW                  1.02053   
ch8                       tHq                  1.02198   
ch8                       tZq                  1.10225   
ch8                       ttH                  1.04889   
ch8                       ttVV                 1.03382   
ch9                       Rares                1.17495   
ch9                       TTW_jet1_eta_bin0    0.95929   
ch9                       TTW_jet1_eta_bin1    1.14008   
ch9                       TTW_jet1_eta_bin2    1.44182   
ch9                       TTW_jet1_eta_bin3    1.23527   
ch9                       TTW_ooa              0.99728   
ch9                       TTZ                  1.09797   
ch9                       VVV                  1.16792   
ch9                       WZ                   0.95975   
ch9                       ZZ                   1.45450   
ch9                       data_fakes           1.12460   
ch9                       tHW                  0.99722   
ch9                       tHq                  1.04166   
ch9                       tZq                  1.06671   
ch9                       ttH                  1.00825   
ch9                       ttVV                 1.00714   
