/mnt_pool/c3_users/user/cvico/WorkSpace/ttw-differential/postfit-plots/counting/2lss/jet1_eta
WARNING: the default behaviour of PostFitShapesFromWorkspace is to use the covariance matrix sampling method for the post-fit uncertainty. The option --sampling is deprecated and will be removed in future versions of CombineHarvester
[SetFlag] Changing value of flag "workspaces-use-clone" from 0 to 1
[#1] INFO:ObjectHandling -- RooWorkspace::import(w) importing dataset ch1
[#1] INFO:ObjectHandling -- RooWorkspace::import(w) importing dataset ch10
[#1] INFO:ObjectHandling -- RooWorkspace::import(w) importing dataset ch11
[#1] INFO:ObjectHandling -- RooWorkspace::import(w) importing dataset ch12
[#1] INFO:ObjectHandling -- RooWorkspace::import(w) importing dataset ch13
[#1] INFO:ObjectHandling -- RooWorkspace::import(w) importing dataset ch14
[#1] INFO:ObjectHandling -- RooWorkspace::import(w) importing dataset ch15
[#1] INFO:ObjectHandling -- RooWorkspace::import(w) importing dataset ch16
[#1] INFO:ObjectHandling -- RooWorkspace::import(w) importing dataset ch17
[#1] INFO:ObjectHandling -- RooWorkspace::import(w) importing dataset ch18
[#1] INFO:ObjectHandling -- RooWorkspace::import(w) importing dataset ch19
[#1] INFO:ObjectHandling -- RooWorkspace::import(w) importing dataset ch2
[#1] INFO:ObjectHandling -- RooWorkspace::import(w) importing dataset ch20
[#1] INFO:ObjectHandling -- RooWorkspace::import(w) importing dataset ch21
[#1] INFO:ObjectHandling -- RooWorkspace::import(w) importing dataset ch22
[#1] INFO:ObjectHandling -- RooWorkspace::import(w) importing dataset ch23
[#1] INFO:ObjectHandling -- RooWorkspace::import(w) importing dataset ch24
[#1] INFO:ObjectHandling -- RooWorkspace::import(w) importing dataset ch25
[#1] INFO:ObjectHandling -- RooWorkspace::import(w) importing dataset ch26
[#1] INFO:ObjectHandling -- RooWorkspace::import(w) importing dataset ch27
[#1] INFO:ObjectHandling -- RooWorkspace::import(w) importing dataset ch28
[#1] INFO:ObjectHandling -- RooWorkspace::import(w) importing dataset ch29
[#1] INFO:ObjectHandling -- RooWorkspace::import(w) importing dataset ch3
[#1] INFO:ObjectHandling -- RooWorkspace::import(w) importing dataset ch30
[#1] INFO:ObjectHandling -- RooWorkspace::import(w) importing dataset ch31
[#1] INFO:ObjectHandling -- RooWorkspace::import(w) importing dataset ch32
[#1] INFO:ObjectHandling -- RooWorkspace::import(w) importing dataset ch33
[#1] INFO:ObjectHandling -- RooWorkspace::import(w) importing dataset ch34
[#1] INFO:ObjectHandling -- RooWorkspace::import(w) importing dataset ch35
[#1] INFO:ObjectHandling -- RooWorkspace::import(w) importing dataset ch36
[#1] INFO:ObjectHandling -- RooWorkspace::import(w) importing dataset ch37
[#1] INFO:ObjectHandling -- RooWorkspace::import(w) importing dataset ch38
[#1] INFO:ObjectHandling -- RooWorkspace::import(w) importing dataset ch39
[#1] INFO:ObjectHandling -- RooWorkspace::import(w) importing dataset ch4
[#1] INFO:ObjectHandling -- RooWorkspace::import(w) importing dataset ch40
[#1] INFO:ObjectHandling -- RooWorkspace::import(w) importing dataset ch41
[#1] INFO:ObjectHandling -- RooWorkspace::import(w) importing dataset ch42
[#1] INFO:ObjectHandling -- RooWorkspace::import(w) importing dataset ch43
[#1] INFO:ObjectHandling -- RooWorkspace::import(w) importing dataset ch44
[#1] INFO:ObjectHandling -- RooWorkspace::import(w) importing dataset ch5
[#1] INFO:ObjectHandling -- RooWorkspace::import(w) importing dataset ch6
[#1] INFO:ObjectHandling -- RooWorkspace::import(w) importing dataset ch7
[#1] INFO:ObjectHandling -- RooWorkspace::import(w) importing dataset ch8
[#1] INFO:ObjectHandling -- RooWorkspace::import(w) importing dataset ch9
Error in <TFile::TFile>: file /mnt_pool/c3_users/user/cvico/WorkSpace/ttw-differential/postfit-plots/counting/2lss/jet1_eta/../../cr3l/ttW_cr_3l_2016APV_eee_cr.root does not exist
Error in <TFile::TFile>: file /mnt_pool/c3_users/user/cvico/WorkSpace/ttw-differential/postfit-plots/counting/2lss/jet1_eta/../../cr3l/ttW_cr_3l_2016APV_eem_cr.root does not exist
Error in <TFile::TFile>: file /mnt_pool/c3_users/user/cvico/WorkSpace/ttw-differential/postfit-plots/counting/2lss/jet1_eta/../../cr3l/ttW_cr_3l_2016APV_emm_cr.root does not exist
Error in <TFile::TFile>: file /mnt_pool/c3_users/user/cvico/WorkSpace/ttw-differential/postfit-plots/counting/2lss/jet1_eta/../../cr3l/ttW_cr_3l_2016APV_mmm_cr.root does not exist
Error in <TFile::TFile>: file /mnt_pool/c3_users/user/cvico/WorkSpace/ttw-differential/postfit-plots/counting/2lss/jet1_eta/../../cr3l/ttW_cr_3l_2016_eee_cr.root does not exist
Error in <TFile::TFile>: file /mnt_pool/c3_users/user/cvico/WorkSpace/ttw-differential/postfit-plots/counting/2lss/jet1_eta/../../cr3l/ttW_cr_3l_2016_eem_cr.root does not exist
Error in <TFile::TFile>: file /mnt_pool/c3_users/user/cvico/WorkSpace/ttw-differential/postfit-plots/counting/2lss/jet1_eta/../../cr3l/ttW_cr_3l_2016_emm_cr.root does not exist
Error in <TFile::TFile>: file /mnt_pool/c3_users/user/cvico/WorkSpace/ttw-differential/postfit-plots/counting/2lss/jet1_eta/../../cr3l/ttW_cr_3l_2016_mmm_cr.root does not exist
Error in <TFile::TFile>: file /mnt_pool/c3_users/user/cvico/WorkSpace/ttw-differential/postfit-plots/counting/2lss/jet1_eta/../../cr3l/ttW_cr_3l_2017_eee_cr.root does not exist
Error in <TFile::TFile>: file /mnt_pool/c3_users/user/cvico/WorkSpace/ttw-differential/postfit-plots/counting/2lss/jet1_eta/../../cr3l/ttW_cr_3l_2017_eem_cr.root does not exist
Error in <TFile::TFile>: file /mnt_pool/c3_users/user/cvico/WorkSpace/ttw-differential/postfit-plots/counting/2lss/jet1_eta/../../cr3l/ttW_cr_3l_2017_emm_cr.root does not exist
Error in <TFile::TFile>: file /mnt_pool/c3_users/user/cvico/WorkSpace/ttw-differential/postfit-plots/counting/2lss/jet1_eta/../../cr3l/ttW_cr_3l_2017_mmm_cr.root does not exist
Error in <TFile::TFile>: file /mnt_pool/c3_users/user/cvico/WorkSpace/ttw-differential/postfit-plots/counting/2lss/jet1_eta/../../cr3l/ttW_cr_3l_2018_eee_cr.root does not exist
Error in <TFile::TFile>: file /mnt_pool/c3_users/user/cvico/WorkSpace/ttw-differential/postfit-plots/counting/2lss/jet1_eta/../../cr3l/ttW_cr_3l_2018_eem_cr.root does not exist
Error in <TFile::TFile>: file /mnt_pool/c3_users/user/cvico/WorkSpace/ttw-differential/postfit-plots/counting/2lss/jet1_eta/../../cr3l/ttW_cr_3l_2018_emm_cr.root does not exist
Error in <TFile::TFile>: file /mnt_pool/c3_users/user/cvico/WorkSpace/ttw-differential/postfit-plots/counting/2lss/jet1_eta/../../cr3l/ttW_cr_3l_2018_mmm_cr.root does not exist
Error in <TFile::TFile>: file /mnt_pool/c3_users/user/cvico/WorkSpace/ttw-differential/postfit-plots/counting/2lss/jet1_eta/../../cr4l/ttW_cr_4l_2016.root does not exist
Error in <TFile::TFile>: file /mnt_pool/c3_users/user/cvico/WorkSpace/ttw-differential/postfit-plots/counting/2lss/jet1_eta/../../cr4l/ttW_cr_4l_2016APV.root does not exist
Error in <TFile::TFile>: file /mnt_pool/c3_users/user/cvico/WorkSpace/ttw-differential/postfit-plots/counting/2lss/jet1_eta/../../cr4l/ttW_cr_4l_2017.root does not exist
Error in <TFile::TFile>: file /mnt_pool/c3_users/user/cvico/WorkSpace/ttw-differential/postfit-plots/counting/2lss/jet1_eta/../../cr4l/ttW_cr_4l_2018.root does not exist
terminate called after throwing an instance of 'std::runtime_error'
  what():  
*******************************************************************************
Context: Function ch::GetClonedTH1 at 
  /mnt_pool/c3_users/user/cvico/WorkSpace/Combine/CMSSW_10_2_13/src/CombineHarvester/CombineTools/src/TFileIO.cc:21
Problem: TH1 x_data_obs not found in /mnt_pool/c3_users/user/cvico/WorkSpace/ttw-differential/postfit-plots/counting/2lss/jet1_eta/../../cr3l/ttW_cr_3l_2016APV_eee_cr.root
*******************************************************************************
Please report issues at
  https://github.com/cms-analysis/CombineHarvester/issues
*******************************************************************************
[SetFlag] Changing value of flag "workspaces-use-clone" from 0 to 1
/bin/bash: line 1: 2423187 Aborted                 (core dumped) PostFitShapesFromWorkspace -w /mnt_pool/c3_users/user/cvico/WorkSpace/ttw-differential/postfit-plots/counting/2lss/jet1_eta/ws_jet1_eta_2lss.root -d /mnt_pool/c3_users/user/cvico/WorkSpace/ttw-differential/postfit-plots/counting/2lss/jet1_eta/combined_jet1_eta_2lss.dat -o ttW_OUT.root -f /mnt_pool/c3_users/user/cvico/WorkSpace/ttw-differential/postfit-plots/counting/2lss/jet1_eta/fitDiagnosticsNoasimov_nominal_jet1_eta_2lss_withPlots.root:fit_s --postfit --sampling --print --total-shapes
